0x1C1C , 235 
0x1C1C , 231 
0x1C1C , 234 
0x1C1C , 235 
0x1C1C , 238 
0x1C1C , 239 
0x1C1C , 238 
0x1C1C , 239 
0x1C1C , 237 
0x1C1C , 235 
0x1C1C , 238 
0x1C1C , 240 
0x1C1C , 238 
0x1C1C , 237 
0x1C1C , 236 
0x1C1C , 236 
0x1C1C , 237 
0x1C1C , 235 
0x1C1C , 234 
0x1C1C , 239 
0x1C1C , 238 
0x1C1C , 238 
0x1C1C , 238 
0x1C1C , 237 
0x1C1C , 235 
0x1C1C , 234 
0x1C1C , 234 
0x1C1C , 235 
0x1C1C , 236 
0x1C1C , 235 
0x1C1C , 237 
0x1C1C , 235 
0x1C1C , 234 
0x1C1C , 240 
0x1C1C , 241 
0x1C1C , 238 
0x1C1C , 237 
0x1C1C , 236 
0x1C1C , 235 
0x1C1C , 235 
0x1C1C , 234 
0x1C1C , 238 
0x1C1C , 233 
0x1C1C , 236 
