0x1C1C , 494 
0x1C1C , 492 
0x1C1C , 492 
0x1C1C , 489 
0x1C1C , 482 
0x1C1C , 489 
0x1C1C , 494 
0x1C1C , 493 
0x1C1C , 491 
0x1C1C , 495 
0x1C1C , 489 
0x1C1C , 488 
0x1C1C , 490 
0x1C1C , 491 
0x1C1C , 490 
0x1C1C , 491 
0x1C1C , 492 
0x1C1C , 489 
0x1C1C , 491 
0x1C1C , 494 
0x1C1C , 494 
0x1C1C , 491 
0x1C1C , 498 
0x1C1C , 492 
0x1C1C , 488 
0x1C1C , 495 
0x1C1C , 492 
0x1C1C , 490 
0x1C1C , 490 
0x1C1C , 490 
0x1C1C , 497 
0x1C1C , 491 
0x1C1C , 490 
0x1C1C , 490 
0x1C1C , 490 
0x1C1C , 497 
0x1C1C , 505 
0x1C1C , 488 
0x1C1C , 494 
0x1C1C , 497 
0x1C1C , 497 
0x1C1C , 489 
0x1C1C , 487 
0x1C1C , 492 
0x1C1C , 487 
0x1C1C , 496 
0x1C1C , 491 
