0x1C1C , -5 
0x1C1C , -5 
0x1C1C , -5 
0x1C1C , -5 
0x1C1C , -5 
0x1C1C , -5 
0x1C1C , -5 
0x1C1C , -5 
0x1C1C , -5 
0x1C1C , -5 
0x1C1C , -5 
0x1C1C , -5 
0x1C1C , -5 
0x1C1C , -5 
0x1C1C , -5 
0x1C1C , -5 
0x1C1C , -5 
0x1C1C , -5 
0x1C1C , -5 
0x1C1C , -5 
0x1C1C , -5 
0x1C1C , -5 
0x1C1C , -5 
0x1C1C , -5 
0x1C1C , -5 
0x1C1C , -5 
0x1C1C , -5 
0x1C1C , -5 
0x1C1C , -5 
0x1C1C , -5 
0x1C1C , 1183 
0x1C1C , -5 
0x1C1C , -5 
0x1C1C , -5 
0x1C1C , -5 
0x1C1C , 1175 
0x1C1C , -5 
0x1C1C , -5 
0x1C1C , -5 
0x1C1C , 1184 
0x1C1C , -5 
0x1C1C , -5 
0x1C1C , -5 
0x1C1C , -5 
0x1C1C , -5 
0x1C1C , -5 
0x1C1C , -5 
0x1C1C , -5 
0x1C1C , -5 
0x1C1C , -5 
0x1C1C , -5 
0x1C1C , -5 
0x1C1C , -5 
0x1C1C , -5 
0x1C1C , -5 
0x1C1C , -5 
0x1C1C , -5 
0x1C1C , -5 
0x1C1C , -5 
0x1C1C , -5 
0x1C1C , -5 
0x1C1C , -5 
0x1C1C , -5 
0x1C1C , -5 
0x1C1C , -5 
0x1C1C , -5 
0x1C1C , -5 
0x1C1C , -5 
0x1C1C , -5 
0x1C1C , -5 
0x1C1C , -5 
0x1C1C , -5 
0x1C1C , -5 
0x1C1C , -5 
0x1C1C , -5 
0x1C1C , -5 
0x1C1C , -5 
0x1C1C , -5 
0x1C1C , -5 
0x1C1C , -5 
0x1C1C , -5 
0x1C1C , -5 
0x1C1C , -5 
0x1C1C , -5 
0x1C1C , -5 
0x1C1C , -5 
0x1C1C , -5 
0x1C1C , -5 
0x1C1C , -5 
0x1C1C , -5 
0x1C1C , -5 
0x1C1C , -5 
0x1C1C , -5 
0x1C1C , -5 
0x1C1C , -5 
0x1C1C , -5 
0x1C1C , -5 
0x1C1C , -5 
0x1C1C , -5 
0x1C1C , -5 
0x1C1C , -5 
0x1C1C , -5 
0x1C1C , -5 
0x1C1C , -5 
