0x2020 , 0 
0x2020 , 350 
0x2020 , 347 
0x2020 , 350 
0x2020 , 347 
0x2020 , 348 
0x2020 , 349 
0x2020 , 347 
0x2020 , 350 
0x2020 , 352 
0x2020 , 351 
0x2020 , 348 
0x2020 , 349 
0x2020 , 349 
0x2020 , 350 
0x2020 , 351 
0x2020 , 349 
0x2020 , 350 
0x2020 , 348 
0x2020 , 352 
0x2020 , 345 
0x2020 , 351 
0x2020 , 348 
0x2020 , 350 
0x2020 , 349 
0x2020 , 348 
0x2020 , 349 
0x2020 , 348 
0x2020 , 351 
0x2020 , 347 
0x2020 , 352 
0x2020 , 349 
0x2020 , 348 
0x2020 , 354 
0x2020 , 348 
0x2020 , 348 
0x2020 , 350 
0x2020 , 349 
0x2020 , 355 
0x2020 , 351 
0x2020 , 349 
0x2020 , 350 
0x2020 , 351 
0x2020 , 353 
0x2020 , 348 
0x2020 , 348 
0x2020 , 350 
0x2020 , 347 
0x2020 , 348 
0x2020 , 353 
0x2020 , 348 
0x2020 , 348 
0x2020 , 348 
0x2020 , 349 
0x2020 , 350 
0x2020 , 348 
0x2020 , 347 
0x2020 , 350 
0x2020 , 348 
0x2020 , 349 
0x2020 , 348 
0x2020 , 348 
0x2020 , 0 
0x2020 , 350 
0x2020 , 348 
0x2020 , 351 
0x2020 , 350 
0x2020 , 349 
0x2020 , 352 
0x2020 , 348 
0x2020 , 353 
0x2020 , 352 
0x2020 , 350 
0x2020 , 348 
0x2020 , 347 
0x2020 , 350 
0x2020 , 350 
0x2020 , 350 
0x2020 , 351 
0x2020 , 339 
0x2020 , 351 
0x2020 , 349 
0x2020 , 351 
0x2020 , 350 
0x2020 , 347 
0x2020 , 349 
0x2020 , 348 
0x2020 , 349 
0x2020 , 351 
0x2020 , 350 
0x2020 , 348 
0x2020 , 346 
0x2020 , 351 
