0x2020 , 300 
0x3E3E , 274 
0x4D4D , 279 
0x6E6E , 300 
0x2020 , 310 
0x3E3E , 277 
0x4D4D , 274 
0x6E6E , 290 
0x2020 , 318 
0x3E3E , 275 
0x4D4D , 271 
0x6E6E , 292 
0x2020 , 317 
0x3E3E , 274 
0x4D4D , 273 
0x6E6E , 287 
0x2020 , 317 
0x3E3E , 276 
0x4D4D , 271 
0x6E6E , 292 
0x2020 , 314 
0x3E3E , 276 
0x4D4D , 276 
0x6E6E , 288 
0x2020 , 313 
0x3E3E , 276 
0x4D4D , 279 
0x6E6E , 291 
0x2020 , 313 
0x3E3E , 278 
0x4D4D , 275 
0x6E6E , 291 
0x2020 , 295 
0x3E3E , 280 
0x4D4D , 269 
0x6E6E , 303 
0x2020 , 310 
0x3E3E , 275 
0x4D4D , 269 
0x6E6E , 285 
0x2020 , 314 
0x3E3E , 278 
0x4D4D , 277 
0x6E6E , 288 
0x2020 , 315 
0x3E3E , 278 
0x4D4D , 275 
0x6E6E , 288 
0x2020 , 312 
0x3E3E , 277 
0x4D4D , 275 
0x6E6E , 292 
0x2020 , 315 
0x3E3E , 276 
0x4D4D , 273 
0x6E6E , 289 
0x2020 , 310 
0x3E3E , 279 
0x4D4D , 272 
0x6E6E , 285 
0x2020 , 317 
0x3E3E , 275 
0x4D4D , 275 
0x6E6E , 287 
0x2020 , 315 
0x3E3E , 274 
0x4D4D , 274 
0x6E6E , 291 
0x2020 , 310 
0x3E3E , 276 
0x4D4D , 276 
0x6E6E , 291 
0x2020 , 315 
0x3E3E , 278 
0x4D4D , 274 
0x6E6E , 291 
0x2020 , 312 
0x3E3E , 278 
0x4D4D , 274 
0x6E6E , 288 
0x2020 , 314 
0x3E3E , 280 
0x4D4D , 274 
0x6E6E , 288 
0x2020 , 312 
0x3E3E , 274 
0x4D4D , 270 
0x6E6E , 293 
0x2020 , 308 
0x3E3E , 276 
0x4D4D , 273 
0x6E6E , 291 
0x2020 , 317 
0x3E3E , 276 
0x4D4D , 272 
0x6E6E , 289 
0x2020 , 315 
0x3E3E , 275 
0x4D4D , 282 
0x6E6E , 285 
0x2020 , 311 
0x3E3E , 273 
0x4D4D , 270 
0x6E6E , 289 
0x2020 , 281 
0x3E3E , 275 
0x4D4D , 279 
0x6E6E , 288 
0x2020 , 321 
0x3E3E , 281 
0x4D4D , 272 
0x6E6E , 287 
0x2020 , 315 
0x3E3E , 274 
0x4D4D , 273 
0x6E6E , 292 
0x2020 , 0 
0x3E3E , -14 
0x4D4D , -8 
0x6E6E , 0 
0x2020 , 316 
0x3E3E , 275 
0x4D4D , 271 
0x6E6E , 284 
0x2020 , 315 
0x3E3E , 274 
0x4D4D , 274 
0x6E6E , 293 
0x2020 , 314 
0x3E3E , 278 
0x4D4D , 275 
0x6E6E , 288 
0x2020 , 308 
0x3E3E , 275 
0x4D4D , 273 
0x6E6E , 286 
0x2020 , 315 
0x3E3E , 274 
0x4D4D , 275 
0x6E6E , 294 
0x2020 , 310 
0x3E3E , 275 
0x4D4D , 267 
0x6E6E , 289 
0x2020 , 315 
0x3E3E , 277 
0x4D4D , 271 
0x6E6E , 292 
0x2020 , 299 
0x3E3E , 278 
0x4D4D , 272 
0x6E6E , 288 
0x2020 , 310 
0x3E3E , 279 
0x4D4D , 270 
0x6E6E , 290 
0x2020 , 306 
0x3E3E , 275 
0x4D4D , 272 
0x6E6E , 292 
0x2020 , 311 
0x3E3E , 274 
0x4D4D , 272 
0x6E6E , 290 
0x2020 , 318 
0x3E3E , 277 
0x4D4D , 278 
0x6E6E , 292 
0x2020 , 318 
0x3E3E , 276 
0x4D4D , 272 
0x6E6E , 293 
0x2020 , 315 
0x3E3E , 277 
0x4D4D , 275 
0x6E6E , 287 
