0x2020 , 0 
0x3E3E , -14 
0x4D4D , -8 
0x6E6E , 0 
0x2020 , 583 
0x3E3E , -14 
0x4D4D , -8 
0x6E6E , 0 
0x2020 , 0 
0x3E3E , -14 
0x4D4D , 663 
0x6E6E , 0 
0x2020 , 0 
0x3E3E , -14 
0x4D4D , -8 
0x6E6E , 0 
0x2020 , 0 
0x3E3E , -14 
0x4D4D , 670 
0x6E6E , 0 
0x2020 , 0 
0x3E3E , -14 
0x4D4D , 651 
0x6E6E , 0 
0x2020 , 0 
0x3E3E , -14 
0x4D4D , 667 
0x6E6E , 0 
0x2020 , 0 
0x3E3E , -14 
0x4D4D , 655 
0x6E6E , 0 
0x2020 , 0 
0x3E3E , -14 
0x4D4D , 658 
0x6E6E , 0 
0x2020 , 0 
0x3E3E , -14 
0x4D4D , 667 
0x6E6E , 0 
0x2020 , 569 
0x3E3E , 700 
0x4D4D , 641 
0x6E6E , 591 
0x2020 , 591 
0x3E3E , 702 
0x4D4D , 638 
0x6E6E , 0 
0x2020 , 0 
0x3E3E , -14 
0x4D4D , -8 
0x6E6E , 0 
0x2020 , 0 
0x3E3E , -14 
0x4D4D , 655 
0x6E6E , 0 
0x2020 , 0 
0x3E3E , -14 
0x4D4D , 659 
0x6E6E , 0 
0x2020 , 0 
0x3E3E , -14 
0x4D4D , 662 
0x6E6E , 0 
0x2020 , 0 
0x3E3E , -14 
0x4D4D , 665 
0x6E6E , 0 
0x2020 , 0 
0x3E3E , -14 
0x4D4D , 666 
0x6E6E , 0 
0x2020 , 0 
0x3E3E , -14 
0x4D4D , 653 
0x6E6E , 0 
0x2020 , 0 
0x3E3E , -14 
0x4D4D , 669 
0x6E6E , 0 
0x2020 , 0 
0x3E3E , -14 
0x4D4D , 668 
0x6E6E , 0 
0x2020 , 591 
0x3E3E , -14 
0x4D4D , 670 
0x6E6E , 592 
0x2020 , 588 
0x3E3E , -14 
0x4D4D , 650 
0x6E6E , 594 
0x2020 , 580 
0x3E3E , 692 
0x4D4D , 665 
0x6E6E , 0 
0x2020 , 589 
0x3E3E , 694 
0x4D4D , -8 
0x6E6E , 0 
0x2020 , 0 
0x3E3E , 667 
0x4D4D , 659 
0x6E6E , 0 
0x2020 , 586 
0x3E3E , 666 
0x4D4D , 660 
0x6E6E , 598 
0x2020 , 587 
0x3E3E , 672 
0x4D4D , 669 
0x6E6E , 596 
0x2020 , 595 
0x3E3E , 681 
0x4D4D , 669 
0x6E6E , 603 
0x2020 , 588 
0x3E3E , 678 
0x4D4D , 665 
0x6E6E , 602 
0x2020 , 589 
0x3E3E , 682 
0x4D4D , -8 
0x6E6E , 604 
0x2020 , 589 
0x3E3E , 669 
0x4D4D , 666 
0x6E6E , 0 
0x2020 , 588 
0x3E3E , 698 
0x4D4D , -8 
0x6E6E , 594 
0x2020 , 0 
0x3E3E , -14 
0x4D4D , -8 
0x6E6E , 0 
0x2020 , 595 
0x3E3E , -14 
0x4D4D , -8 
0x6E6E , 0 
0x2020 , 0 
0x3E3E , -14 
0x4D4D , -8 
0x6E6E , 600 
0x2020 , 0 
0x3E3E , -14 
0x4D4D , -8 
0x6E6E , 0 
0x2020 , 0 
0x3E3E , -14 
0x4D4D , -8 
0x6E6E , 0 
0x2020 , 580 
0x3E3E , 693 
0x4D4D , 666 
0x6E6E , 596 
0x2020 , 596 
0x3E3E , 655 
0x4D4D , 674 
0x6E6E , 0 
0x2020 , 592 
0x3E3E , 691 
0x4D4D , 665 
0x6E6E , 0 
0x2020 , 591 
0x3E3E , 687 
0x4D4D , 670 
0x6E6E , 0 
0x2020 , 593 
0x3E3E , 693 
0x4D4D , -8 
0x6E6E , 594 
0x2020 , 575 
0x3E3E , 688 
0x4D4D , -8 
0x6E6E , 591 
0x2020 , 587 
0x3E3E , 686 
0x4D4D , -8 
0x6E6E , 0 
0x2020 , 0 
0x3E3E , -14 
0x4D4D , 664 
0x6E6E , 0 
0x2020 , 0 
0x3E3E , -14 
0x4D4D , -8 
0x6E6E , 0 
0x2020 , 0 
0x3E3E , -14 
0x4D4D , 669 
0x6E6E , 0 
0x2020 , 0 
0x3E3E , -14 
0x4D4D , 666 
0x6E6E , 0 
0x2020 , 0 
0x3E3E , -14 
0x4D4D , -8 
0x6E6E , 0 
0x2020 , 0 
0x3E3E , -14 
0x4D4D , -8 
0x6E6E , 0 
0x2020 , 0 
0x3E3E , -14 
0x4D4D , 645 
0x6E6E , 0 
0x2020 , 582 
0x3E3E , -14 
0x4D4D , 652 
0x6E6E , 0 
0x2020 , 585 
0x3E3E , -14 
0x4D4D , 666 
0x6E6E , 0 
0x2020 , 592 
0x3E3E , 683 
0x4D4D , -8 
0x6E6E , 0 
0x2020 , 588 
0x3E3E , -14 
0x4D4D , -8 
0x6E6E , 0 
0x2020 , 592 
0x3E3E , 689 
0x4D4D , -8 
0x6E6E , 0 
0x2020 , 582 
0x3E3E , 681 
0x4D4D , -8 
0x6E6E , 0 
0x2020 , 595 
0x3E3E , 678 
0x4D4D , -8 
0x6E6E , 0 
0x2020 , 587 
0x3E3E , 684 
0x4D4D , -8 
0x6E6E , 0 
0x2020 , 0 
0x3E3E , -14 
0x4D4D , -8 
0x6E6E , 0 
0x2020 , 0 
0x3E3E , -14 
0x4D4D , -8 
0x6E6E , 602 
0x2020 , 586 
0x3E3E , -14 
0x4D4D , -8 
0x6E6E , 594 
0x2020 , 583 
0x3E3E , -14 
0x4D4D , -8 
0x6E6E , 594 
