0x2020 , 499 
0x3E3E , 536 
0x4D4D , 511 
0x6E6E , 471 
0x2020 , 483 
0x3E3E , 539 
0x4D4D , 500 
0x6E6E , 470 
0x2020 , 516 
0x3E3E , 535 
0x4D4D , 470 
0x6E6E , 470 
0x2020 , 483 
0x3E3E , 535 
0x4D4D , 472 
0x6E6E , 470 
0x2020 , 501 
0x3E3E , 533 
0x4D4D , 451 
0x6E6E , 468 
0x2020 , 516 
0x3E3E , 536 
0x4D4D , 446 
0x6E6E , 469 
0x2020 , 494 
0x3E3E , 535 
0x4D4D , 474 
0x6E6E , 474 
0x2020 , 490 
0x3E3E , 538 
0x4D4D , 452 
0x6E6E , 468 
0x2020 , 499 
0x3E3E , 534 
0x4D4D , 453 
0x6E6E , 471 
0x2020 , 514 
0x3E3E , 535 
0x4D4D , 491 
0x6E6E , 466 
0x2020 , 514 
0x3E3E , 537 
0x4D4D , 451 
0x6E6E , 471 
0x2020 , 508 
0x3E3E , 536 
0x4D4D , 476 
0x6E6E , 472 
0x2020 , 487 
0x3E3E , 540 
0x4D4D , 514 
0x6E6E , 473 
0x2020 , 505 
0x3E3E , 531 
0x4D4D , 456 
0x6E6E , 471 
0x2020 , 527 
0x3E3E , 493 
0x4D4D , 493 
0x6E6E , 478 
0x2020 , 499 
0x3E3E , 538 
0x4D4D , 516 
0x6E6E , 472 
0x2020 , 486 
0x3E3E , 534 
0x4D4D , 468 
0x6E6E , 471 
0x2020 , 506 
0x3E3E , 537 
0x4D4D , 474 
0x6E6E , 473 
0x2020 , 492 
0x3E3E , 538 
0x4D4D , 470 
0x6E6E , 469 
0x2020 , 504 
0x3E3E , 535 
0x4D4D , 488 
0x6E6E , 467 
0x2020 , 516 
0x3E3E , 535 
0x4D4D , 470 
0x6E6E , 470 
0x2020 , 508 
0x3E3E , 537 
0x4D4D , 454 
0x6E6E , 473 
0x2020 , 500 
0x3E3E , 535 
0x4D4D , 534 
0x6E6E , 475 
0x2020 , 488 
0x3E3E , 534 
0x4D4D , 492 
0x6E6E , 473 
0x2020 , 519 
0x3E3E , 533 
0x4D4D , 448 
0x6E6E , 475 
0x2020 , 483 
0x3E3E , 538 
0x4D4D , 475 
0x6E6E , 473 
0x2020 , 498 
0x3E3E , 536 
0x4D4D , 538 
0x6E6E , 475 
0x2020 , 500 
0x3E3E , 535 
0x4D4D , 450 
0x6E6E , 466 
0x2020 , 490 
0x3E3E , 538 
0x4D4D , 473 
0x6E6E , 475 
0x2020 , 503 
0x3E3E , 533 
0x4D4D , 518 
0x6E6E , 468 
0x2020 , 491 
0x3E3E , 538 
0x4D4D , 471 
0x6E6E , 470 
0x2020 , 511 
0x3E3E , 534 
0x4D4D , 493 
0x6E6E , 470 
0x2020 , 510 
0x3E3E , 535 
0x4D4D , 454 
0x6E6E , 471 
0x2020 , 505 
0x3E3E , 537 
0x4D4D , 500 
0x6E6E , 473 
0x2020 , 514 
0x3E3E , 538 
0x4D4D , 491 
0x6E6E , 471 
0x2020 , 493 
0x3E3E , 535 
0x4D4D , 515 
0x6E6E , 476 
0x2020 , 510 
0x3E3E , 537 
0x4D4D , 494 
0x6E6E , 476 
0x2020 , 495 
0x3E3E , 535 
0x4D4D , 474 
0x6E6E , 472 
0x2020 , 512 
0x3E3E , 532 
0x4D4D , 497 
0x6E6E , 470 
0x2020 , 511 
0x3E3E , 533 
0x4D4D , 513 
0x6E6E , 467 
0x2020 , 513 
0x3E3E , 537 
0x4D4D , 495 
0x6E6E , 472 
0x2020 , 515 
0x3E3E , 535 
0x4D4D , 535 
0x6E6E , 470 
0x2020 , 498 
0x3E3E , 533 
0x4D4D , 495 
0x6E6E , 469 
0x2020 , 498 
0x3E3E , 537 
0x4D4D , 467 
0x6E6E , 469 
0x2020 , 505 
0x3E3E , 537 
0x4D4D , 493 
0x6E6E , 473 
0x2020 , 506 
0x3E3E , 536 
0x4D4D , 497 
0x6E6E , 471 
