0x3E3E , -14 
0x3E3E , -14 
0x3E3E , 234 
0x3E3E , 249 
0x3E3E , -14 
0x3E3E , -14 
0x3E3E , 253 
0x3E3E , -14 
0x3E3E , 251 
0x3E3E , -14 
0x3E3E , 252 
0x3E3E , 249 
0x3E3E , -14 
0x3E3E , -14 
0x3E3E , 249 
0x3E3E , -14 
0x3E3E , 253 
0x3E3E , -14 
0x3E3E , 253 
0x3E3E , -14 
0x3E3E , -14 
0x3E3E , 256 
0x3E3E , -14 
0x3E3E , -14 
0x3E3E , 249 
0x3E3E , 255 
0x3E3E , -14 
0x3E3E , 256 
0x3E3E , -14 
0x3E3E , -14 
0x3E3E , 251 
0x3E3E , -14 
0x3E3E , -14 
0x3E3E , 254 
0x3E3E , -14 
0x3E3E , -14 
0x3E3E , 252 
0x3E3E , -14 
0x3E3E , -14 
0x3E3E , 250 
0x3E3E , -14 
0x3E3E , 255 
0x3E3E , -14 
0x3E3E , 249 
0x3E3E , -14 
0x3E3E , 248 
0x3E3E , -14 
0x3E3E , 249 
0x3E3E , -14 
0x3E3E , 253 
0x3E3E , -14 
0x3E3E , 254 
0x3E3E , -14 
0x3E3E , -14 
0x3E3E , 254 
0x3E3E , -14 
0x3E3E , 253 
0x3E3E , -14 
0x3E3E , 252 
0x3E3E , -14 
0x3E3E , 249 
0x3E3E , -14 
0x3E3E , 254 
0x3E3E , -14 
0x3E3E , 251 
0x3E3E , -14 
0x3E3E , 253 
0x3E3E , 256 
0x3E3E , -14 
0x3E3E , -14 
0x3E3E , -14 
0x3E3E , 257 
0x3E3E , -14 
0x3E3E , -14 
0x3E3E , 255 
0x3E3E , -14 
0x3E3E , 252 
0x3E3E , -14 
0x3E3E , 254 
0x3E3E , -14 
0x3E3E , 255 
0x3E3E , 254 
0x3E3E , -14 
0x3E3E , 253 
0x3E3E , -14 
0x3E3E , 251 
0x3E3E , -14 
0x3E3E , 254 
0x3E3E , -14 
0x3E3E , 251 
0x3E3E , -14 
0x3E3E , 258 
0x3E3E , -14 
0x3E3E , 260 
0x3E3E , -14 
0x3E3E , -14 
0x3E3E , 256 
0x3E3E , -14 
0x3E3E , 255 
0x3E3E , -14 
0x3E3E , 251 
0x3E3E , -14 
0x3E3E , 253 
0x3E3E , -14 
0x3E3E , -14 
0x3E3E , 256 
0x3E3E , -14 
0x3E3E , 257 
0x3E3E , 254 
0x3E3E , -14 
0x3E3E , 255 
0x3E3E , -14 
0x3E3E , 255 
0x3E3E , -14 
0x3E3E , 258 
0x3E3E , -14 
0x3E3E , 256 
0x3E3E , -14 
0x3E3E , 257 
0x3E3E , -14 
