0x4D4D , 317 
0x4D4D , 326 
0x4D4D , 320 
0x4D4D , 317 
0x4D4D , 315 
0x4D4D , 315 
0x4D4D , 315 
0x4D4D , 316 
0x4D4D , 314 
0x4D4D , -8 
0x4D4D , 314 
0x4D4D , 316 
0x4D4D , 321 
0x4D4D , 314 
0x4D4D , 316 
0x4D4D , 317 
0x4D4D , 321 
0x4D4D , 316 
0x4D4D , 313 
0x4D4D , 317 
0x4D4D , 319 
0x4D4D , 315 
0x4D4D , 317 
0x4D4D , 315 
0x4D4D , 317 
0x4D4D , 321 
0x4D4D , 323 
0x4D4D , 317 
0x4D4D , 316 
0x4D4D , 318 
0x4D4D , 317 
0x4D4D , 317 
0x4D4D , 315 
0x4D4D , 317 
0x4D4D , 320 
0x4D4D , 318 
0x4D4D , 315 
0x4D4D , 319 
0x4D4D , 318 
0x4D4D , 319 
0x4D4D , 317 
0x4D4D , 317 
0x4D4D , 329 
0x4D4D , 318 
0x4D4D , 316 
0x4D4D , 317 
0x4D4D , 320 
0x4D4D , 321 
0x4D4D , 319 
0x4D4D , 318 
0x4D4D , 319 
0x4D4D , 319 
0x4D4D , 321 
0x4D4D , 315 
0x4D4D , 315 
0x4D4D , 318 
0x4D4D , 313 
0x4D4D , 318 
0x4D4D , 317 
0x4D4D , 317 
0x4D4D , 314 
0x4D4D , 317 
0x4D4D , 318 
0x4D4D , 317 
0x4D4D , 322 
0x4D4D , 320 
0x4D4D , 316 
0x4D4D , 320 
0x4D4D , 318 
0x4D4D , 316 
0x4D4D , 321 
0x4D4D , 317 
0x4D4D , 317 
0x4D4D , 315 
0x4D4D , 317 
0x4D4D , 319 
0x4D4D , 320 
0x4D4D , 316 
0x4D4D , 321 
0x4D4D , 316 
0x4D4D , 315 
0x4D4D , 319 
0x4D4D , 316 
0x4D4D , 322 
0x4D4D , 317 
0x4D4D , 314 
0x4D4D , 316 
0x4D4D , 317 
0x4D4D , 318 
0x4D4D , 316 
0x4D4D , 315 
0x4D4D , 318 
0x4D4D , 317 
0x4D4D , 317 
0x4D4D , 316 
0x4D4D , 318 
0x4D4D , 322 
0x4D4D , 318 
0x4D4D , 319 
0x4D4D , 315 
0x4D4D , 318 
0x4D4D , 319 
0x4D4D , 317 
0x4D4D , 314 
0x4D4D , 321 
0x4D4D , 319 
0x4D4D , 321 
