0x1C1C , -5 
0x2020 , 553 
0x3E3E , 503 
0x4D4D , 528 
0x6E6E , 522 
0x1C1C , 522 
0x2020 , 557 
0x3E3E , 501 
0x4D4D , 529 
0x6E6E , 522 
0x1C1C , 516 
0x2020 , 553 
0x3E3E , 498 
0x4D4D , 530 
0x6E6E , 523 
0x1C1C , 516 
0x2020 , 552 
0x3E3E , -14 
0x4D4D , 526 
0x6E6E , 0 
0x1C1C , 518 
0x2020 , 549 
0x3E3E , -14 
0x4D4D , 528 
0x6E6E , 0 
0x1C1C , 518 
0x2020 , 550 
0x3E3E , -14 
0x4D4D , 526 
0x6E6E , 0 
0x1C1C , 519 
0x2020 , 550 
0x3E3E , -14 
0x4D4D , 530 
0x6E6E , 0 
0x1C1C , 521 
0x2020 , 550 
0x3E3E , -14 
0x4D4D , 526 
0x6E6E , 0 
0x1C1C , 519 
0x2020 , 550 
0x3E3E , -14 
0x4D4D , 528 
0x6E6E , 0 
0x1C1C , 522 
0x2020 , 550 
0x3E3E , -14 
0x4D4D , 531 
0x6E6E , 0 
0x1C1C , 521 
0x2020 , 553 
0x3E3E , -14 
0x4D4D , 526 
0x6E6E , 0 
0x1C1C , 515 
0x2020 , 551 
0x3E3E , -14 
0x4D4D , -8 
0x6E6E , 0 
0x1C1C , -5 
0x2020 , 0 
0x3E3E , -14 
0x4D4D , 530 
0x6E6E , 0 
0x1C1C , -5 
0x2020 , 0 
0x3E3E , -14 
0x4D4D , 528 
0x6E6E , 0 
0x1C1C , -5 
0x2020 , 0 
0x3E3E , -14 
0x4D4D , 525 
0x6E6E , 0 
0x1C1C , -5 
0x2020 , 0 
0x3E3E , -14 
0x4D4D , 528 
0x6E6E , 0 
0x1C1C , -5 
0x2020 , 0 
0x3E3E , -14 
0x4D4D , 530 
0x6E6E , 0 
0x1C1C , -5 
0x2020 , 0 
0x3E3E , -14 
0x4D4D , 525 
0x6E6E , 0 
0x1C1C , -5 
0x2020 , 0 
0x3E3E , -14 
0x4D4D , 526 
0x6E6E , 0 
0x1C1C , -5 
0x2020 , 0 
0x3E3E , -14 
0x4D4D , 529 
0x6E6E , 0 
0x1C1C , -5 
0x2020 , 551 
0x3E3E , -14 
0x4D4D , 529 
0x6E6E , 0 
0x1C1C , -5 
0x2020 , 554 
0x3E3E , -14 
0x4D4D , 528 
0x6E6E , 0 
0x1C1C , -5 
0x2020 , 551 
0x3E3E , -14 
0x4D4D , 528 
0x6E6E , 0 
0x1C1C , 520 
0x2020 , 549 
0x3E3E , 504 
0x4D4D , 529 
0x6E6E , 0 
0x1C1C , 518 
0x2020 , 552 
0x3E3E , 499 
0x4D4D , 530 
0x6E6E , 0 
0x1C1C , 514 
0x2020 , 548 
0x3E3E , 496 
0x4D4D , 530 
0x6E6E , 0 
0x1C1C , 518 
0x2020 , 550 
0x3E3E , 494 
0x4D4D , 530 
0x6E6E , 0 
0x1C1C , 518 
0x2020 , 556 
0x3E3E , 500 
0x4D4D , 527 
0x6E6E , 0 
0x1C1C , 512 
0x2020 , 552 
0x3E3E , 503 
0x4D4D , 524 
0x6E6E , 0 
0x1C1C , 518 
0x2020 , 552 
0x3E3E , 502 
0x4D4D , 528 
0x6E6E , 0 
0x1C1C , 518 
0x2020 , 552 
0x3E3E , 497 
0x4D4D , 526 
0x6E6E , 0 
0x1C1C , 518 
0x2020 , 553 
0x3E3E , -14 
0x4D4D , 528 
0x6E6E , 0 
0x1C1C , 518 
0x2020 , 549 
0x3E3E , -14 
0x4D4D , 531 
0x6E6E , 0 
0x1C1C , 517 
0x2020 , 555 
0x3E3E , -14 
0x4D4D , -8 
0x6E6E , 0 
0x1C1C , -5 
0x2020 , 0 
0x3E3E , -14 
0x4D4D , 528 
0x6E6E , 0 
0x1C1C , -5 
0x2020 , 0 
0x3E3E , -14 
0x4D4D , 526 
0x6E6E , 0 
0x1C1C , -5 
0x2020 , 0 
0x3E3E , -14 
0x4D4D , -8 
0x6E6E , 0 
0x1C1C , 515 
0x2020 , 551 
0x3E3E , 504 
0x4D4D , 532 
0x6E6E , 520 
0x1C1C , 511 
0x2020 , 551 
0x3E3E , 503 
0x4D4D , 531 
0x6E6E , 522 
0x1C1C , 519 
0x2020 , 549 
0x3E3E , 507 
0x4D4D , 530 
0x6E6E , 520 
0x1C1C , 511 
0x2020 , 548 
0x3E3E , 503 
0x4D4D , 533 
0x6E6E , 517 
0x1C1C , -5 
0x2020 , 0 
0x3E3E , -14 
0x4D4D , -8 
0x6E6E , 0 
0x1C1C , 515 
0x2020 , 554 
0x3E3E , 501 
0x4D4D , 529 
0x6E6E , 524 
0x1C1C , 524 
0x2020 , 552 
0x3E3E , 506 
0x4D4D , -94 
0x6E6E , 516 
0x1C1C , 511 
0x2020 , 540 
0x3E3E , 499 
0x4D4D , 526 
0x6E6E , 522 
0x1C1C , 512 
0x2020 , 552 
0x3E3E , 498 
0x4D4D , 537 
0x6E6E , 523 
0x1C1C , 511 
0x2020 , 550 
0x3E3E , 498 
0x4D4D , 522 
0x6E6E , 523 
0x1C1C , 511 
0x2020 , 550 
0x3E3E , 491 
0x4D4D , 527 
0x6E6E , 521 
0x1C1C , 516 
0x2020 , 553 
0x3E3E , 494 
0x4D4D , 522 
0x6E6E , 524 
0x1C1C , 511 
0x2020 , 543 
0x3E3E , 495 
0x4D4D , 528 
0x6E6E , 517 
0x1C1C , 519 
0x2020 , 544 
0x3E3E , 498 
0x4D4D , 530 
0x6E6E , 525 
0x1C1C , 518 
0x2020 , 548 
0x3E3E , 499 
0x4D4D , 530 
0x6E6E , 521 
0x1C1C , 516 
0x2020 , 552 
0x3E3E , 497 
0x4D4D , 529 
0x6E6E , 522 
0x1C1C , 518 
0x2020 , 551 
0x3E3E , 500 
0x4D4D , 526 
0x6E6E , 524 
0x1C1C , 516 
0x2020 , 555 
0x3E3E , 496 
0x4D4D , 528 
0x6E6E , 517 
0x1C1C , 519 
0x2020 , 555 
0x3E3E , 499 
0x4D4D , 529 
0x6E6E , 0 
0x1C1C , 513 
0x2020 , 553 
0x3E3E , -14 
0x4D4D , 529 
0x6E6E , 0 
0x1C1C , 515 
0x2020 , 555 
0x3E3E , -14 
0x4D4D , 530 
0x6E6E , 0 
0x1C1C , 518 
0x2020 , 553 
0x3E3E , -14 
0x4D4D , 527 
0x6E6E , 522 
0x1C1C , 516 
0x2020 , 551 
0x3E3E , -14 
0x4D4D , 528 
0x6E6E , 525 
0x1C1C , 518 
0x2020 , 549 
0x3E3E , -14 
0x4D4D , 528 
0x6E6E , 525 
0x1C1C , 516 
0x2020 , 550 
0x3E3E , -14 
0x4D4D , 530 
0x6E6E , 522 
0x1C1C , 517 
0x2020 , 550 
0x3E3E , -14 
0x4D4D , 528 
0x6E6E , 522 
0x1C1C , 512 
0x2020 , 555 
0x3E3E , -14 
0x4D4D , 528 
0x6E6E , 522 
0x1C1C , 520 
0x2020 , 555 
0x3E3E , -14 
0x4D4D , 525 
0x6E6E , 524 
0x1C1C , 516 
0x2020 , 557 
0x3E3E , -14 
0x4D4D , 530 
0x6E6E , 524 
0x1C1C , 516 
0x2020 , 548 
0x3E3E , -14 
0x4D4D , 530 
0x6E6E , 524 
0x1C1C , 518 
0x2020 , 554 
0x3E3E , -14 
0x4D4D , -8 
0x6E6E , 0 
0x1C1C , -5 
0x2020 , 0 
0x3E3E , -14 
0x4D4D , 527 
0x6E6E , 0 
0x1C1C , -5 
0x2020 , 0 
0x3E3E , -14 
0x4D4D , 529 
0x6E6E , 524 
0x1C1C , -5 
0x2020 , 0 
0x3E3E , 501 
0x4D4D , 529 
0x6E6E , 0 
0x1C1C , -5 
0x2020 , 0 
0x3E3E , 499 
0x4D4D , 528 
0x6E6E , 523 
0x1C1C , -5 
0x2020 , 0 
0x3E3E , 504 
0x4D4D , 529 
0x6E6E , 512 
0x1C1C , -5 
0x2020 , 0 
0x3E3E , 495 
0x4D4D , 527 
0x6E6E , 522 
0x1C1C , -5 
0x2020 , 0 
0x3E3E , 497 
0x4D4D , 531 
0x6E6E , 522 
0x1C1C , -5 
0x2020 , 0 
0x3E3E , 500 
0x4D4D , 532 
0x6E6E , 523 
0x1C1C , -5 
0x2020 , 554 
0x3E3E , 497 
0x4D4D , 530 
0x6E6E , 525 
0x1C1C , -5 
0x2020 , 552 
0x3E3E , 499 
0x4D4D , 530 
0x6E6E , 521 
0x1C1C , -5 
0x2020 , 550 
0x3E3E , 490 
0x4D4D , 530 
0x6E6E , 521 
0x1C1C , 525 
0x2020 , 556 
0x3E3E , 499 
0x4D4D , 528 
0x6E6E , 522 
0x1C1C , 522 
0x2020 , 549 
0x3E3E , 486 
0x4D4D , 530 
0x6E6E , 522 
0x1C1C , 524 
0x2020 , 549 
0x3E3E , 490 
0x4D4D , 528 
0x6E6E , 520 
0x1C1C , -5 
0x2020 , 0 
0x3E3E , -14 
0x4D4D , -8 
0x6E6E , 0 
0x1C1C , 520 
0x2020 , 552 
0x3E3E , 497 
0x4D4D , 521 
0x6E6E , 520 
0x1C1C , 522 
0x2020 , 549 
0x3E3E , 494 
0x4D4D , 525 
0x6E6E , 518 
0x1C1C , 520 
0x2020 , 551 
0x3E3E , 494 
0x4D4D , 523 
0x6E6E , 0 
0x1C1C , 522 
0x2020 , 555 
0x3E3E , 502 
0x4D4D , 536 
0x6E6E , 530 
0x1C1C , 563 
0x2020 , 546 
0x3E3E , 506 
0x4D4D , 534 
0x6E6E , 523 
0x1C1C , 511 
0x2020 , 603 
0x3E3E , 499 
0x4D4D , 529 
0x6E6E , 521 
0x1C1C , 533 
0x2020 , 594 
0x3E3E , 497 
0x4D4D , 530 
0x6E6E , 520 
0x1C1C , 515 
0x2020 , 619 
0x3E3E , 495 
0x4D4D , 531 
0x6E6E , 520 
0x1C1C , 508 
0x2020 , 597 
0x3E3E , 498 
0x4D4D , 534 
0x6E6E , 519 
0x1C1C , 550 
0x2020 , 571 
0x3E3E , 498 
0x4D4D , 532 
0x6E6E , 520 
0x1C1C , 506 
0x2020 , 575 
0x3E3E , 501 
0x4D4D , 533 
0x6E6E , 518 
0x1C1C , 517 
0x2020 , 573 
0x3E3E , -14 
0x4D4D , 531 
0x6E6E , 520 
0x1C1C , 518 
0x2020 , 576 
0x3E3E , -14 
0x4D4D , 531 
0x6E6E , 519 
0x1C1C , 552 
0x2020 , 578 
0x3E3E , -14 
0x4D4D , -8 
0x6E6E , 0 
0x1C1C , -5 
0x2020 , 0 
0x3E3E , -14 
0x4D4D , 532 
0x6E6E , 0 
0x1C1C , -5 
0x2020 , 0 
0x3E3E , -14 
0x4D4D , 532 
0x6E6E , 0 
0x1C1C , -5 
0x2020 , 0 
0x3E3E , -14 
0x4D4D , 532 
0x6E6E , 0 
0x1C1C , -5 
0x2020 , 0 
0x3E3E , -14 
0x4D4D , 530 
0x6E6E , 0 
0x1C1C , -5 
0x2020 , 0 
0x3E3E , 495 
0x4D4D , 537 
0x6E6E , 0 
0x1C1C , -5 
0x2020 , 0 
0x3E3E , 498 
0x4D4D , 534 
0x6E6E , 0 
0x1C1C , -5 
0x2020 , 0 
0x3E3E , -14 
0x4D4D , -8 
0x6E6E , 0 
0x1C1C , -5 
0x2020 , 0 
0x3E3E , -14 
0x4D4D , 537 
0x6E6E , 0 
0x1C1C , -5 
0x2020 , 0 
0x3E3E , 498 
0x4D4D , 534 
0x6E6E , 0 
0x1C1C , 555 
0x2020 , 0 
0x3E3E , 506 
0x4D4D , 544 
0x6E6E , 526 
0x1C1C , 526 
0x2020 , 0 
0x3E3E , 500 
0x4D4D , 540 
0x6E6E , 526 
0x1C1C , 553 
0x2020 , 0 
0x3E3E , -14 
0x4D4D , 540 
0x6E6E , 531 
0x1C1C , 504 
0x2020 , 0 
0x3E3E , 500 
0x4D4D , 538 
0x6E6E , 521 
0x1C1C , 565 
0x2020 , 0 
0x3E3E , -14 
0x4D4D , -8 
0x6E6E , 0 
0x1C1C , -5 
0x2020 , 0 
0x3E3E , -14 
0x4D4D , -8 
0x6E6E , 0 
0x1C1C , -5 
0x2020 , 0 
0x3E3E , -14 
0x4D4D , 530 
0x6E6E , 0 
0x1C1C , -5 
0x2020 , 0 
0x3E3E , -14 
0x4D4D , -8 
0x6E6E , 0 
0x1C1C , -5 
0x2020 , 0 
0x3E3E , -14 
0x4D4D , 534 
0x6E6E , 0 
0x1C1C , -5 
0x2020 , 0 
0x3E3E , -14 
0x4D4D , 532 
0x6E6E , 0 
0x1C1C , -5 
0x2020 , 0 
0x3E3E , -14 
0x4D4D , 533 
0x6E6E , 0 
0x1C1C , -5 
0x2020 , 0 
0x3E3E , -14 
0x4D4D , 534 
0x6E6E , 0 
0x1C1C , -5 
0x2020 , 0 
0x3E3E , -14 
0x4D4D , 538 
0x6E6E , 0 
0x1C1C , -5 
0x2020 , 567 
0x3E3E , -14 
0x4D4D , 535 
0x6E6E , 0 
0x1C1C , -5 
0x2020 , 569 
0x3E3E , -14 
0x4D4D , 535 
0x6E6E , 0 
0x1C1C , -5 
0x2020 , 567 
0x3E3E , -14 
0x4D4D , 532 
0x6E6E , 0 
0x1C1C , 541 
0x2020 , 568 
0x3E3E , -14 
0x4D4D , 536 
0x6E6E , 0 
0x1C1C , 536 
0x2020 , 567 
0x3E3E , 507 
0x4D4D , 535 
0x6E6E , 514 
0x1C1C , 497 
0x2020 , 570 
0x3E3E , 503 
0x4D4D , 532 
0x6E6E , 523 
0x1C1C , 505 
0x2020 , 566 
0x3E3E , 499 
0x4D4D , 536 
0x6E6E , 525 
0x1C1C , 538 
0x2020 , 569 
0x3E3E , 501 
0x4D4D , 536 
0x6E6E , 523 
0x1C1C , 538 
0x2020 , 566 
0x3E3E , 503 
0x4D4D , 532 
0x6E6E , 524 
0x1C1C , 498 
0x2020 , 568 
0x3E3E , 501 
0x4D4D , 533 
0x6E6E , 524 
0x1C1C , 538 
0x2020 , 568 
0x3E3E , 502 
0x4D4D , 535 
0x6E6E , 526 
0x1C1C , 538 
0x2020 , 562 
0x3E3E , 504 
0x4D4D , 533 
0x6E6E , 524 
0x1C1C , 502 
0x2020 , 566 
0x3E3E , 500 
0x4D4D , 533 
0x6E6E , 521 
0x1C1C , 494 
0x2020 , 566 
0x3E3E , 500 
0x4D4D , 534 
0x6E6E , 523 
0x1C1C , 538 
0x2020 , 571 
0x3E3E , 504 
0x4D4D , 536 
0x6E6E , 522 
0x1C1C , 562 
0x2020 , 569 
0x3E3E , 501 
0x4D4D , 537 
0x6E6E , 515 
0x1C1C , 543 
0x2020 , 566 
0x3E3E , 498 
0x4D4D , 537 
0x6E6E , 521 
0x1C1C , 543 
0x2020 , 567 
0x3E3E , 503 
0x4D4D , 533 
0x6E6E , 521 
0x1C1C , 555 
0x2020 , 565 
0x3E3E , 495 
0x4D4D , 538 
0x6E6E , 522 
0x1C1C , 539 
0x2020 , 566 
0x3E3E , 507 
0x4D4D , 532 
0x6E6E , 520 
0x1C1C , 540 
0x2020 , 568 
0x3E3E , 503 
0x4D4D , 535 
0x6E6E , 520 
0x1C1C , 536 
0x2020 , 568 
0x3E3E , 505 
0x4D4D , 539 
0x6E6E , 515 
0x1C1C , 541 
0x2020 , 548 
0x3E3E , 497 
0x4D4D , 537 
0x6E6E , 522 
0x1C1C , 559 
0x2020 , 550 
0x3E3E , 494 
0x4D4D , 533 
0x6E6E , 522 
0x1C1C , 556 
0x2020 , 550 
0x3E3E , 497 
0x4D4D , 531 
0x6E6E , 518 
