0x1C1C , 383 
0x2020 , 443 
0x3E3E , 426 
0x4D4D , 427 
0x6E6E , 425 
0x1C1C , 382 
0x2020 , 443 
0x3E3E , 410 
0x4D4D , 425 
0x6E6E , 417 
0x1C1C , 393 
0x2020 , 445 
0x3E3E , 399 
0x4D4D , 425 
0x6E6E , 422 
0x1C1C , 386 
0x2020 , 442 
0x3E3E , 405 
0x4D4D , 427 
0x6E6E , 414 
0x1C1C , 379 
0x2020 , 441 
0x3E3E , 407 
0x4D4D , 428 
0x6E6E , 418 
0x1C1C , 381 
0x2020 , 442 
0x3E3E , 390 
0x4D4D , 425 
0x6E6E , 418 
0x1C1C , 387 
0x2020 , 443 
0x3E3E , 420 
0x4D4D , 423 
0x6E6E , 415 
0x1C1C , 387 
0x2020 , 449 
0x3E3E , 412 
0x4D4D , 425 
0x6E6E , 422 
0x1C1C , 392 
0x2020 , 443 
0x3E3E , 399 
0x4D4D , 422 
0x6E6E , 418 
0x1C1C , 388 
0x2020 , 0 
0x3E3E , 384 
0x4D4D , 423 
0x6E6E , 423 
0x1C1C , 391 
0x2020 , 446 
0x3E3E , 387 
0x4D4D , 427 
0x6E6E , 421 
0x1C1C , 386 
0x2020 , 445 
0x3E3E , 393 
0x4D4D , 422 
0x6E6E , 422 
0x1C1C , 398 
0x2020 , 451 
0x3E3E , 394 
0x4D4D , 421 
0x6E6E , 419 
0x1C1C , 389 
0x2020 , 442 
0x3E3E , 405 
0x4D4D , 418 
0x6E6E , 423 
0x1C1C , 390 
0x2020 , 444 
0x3E3E , 387 
0x4D4D , 423 
0x6E6E , 419 
0x1C1C , 390 
0x2020 , 448 
0x3E3E , 391 
0x4D4D , 424 
0x6E6E , 421 
0x1C1C , 394 
0x2020 , 443 
0x3E3E , 420 
0x4D4D , 422 
0x6E6E , 421 
0x1C1C , 388 
0x2020 , 444 
0x3E3E , 410 
0x4D4D , 429 
0x6E6E , 416 
0x1C1C , 398 
0x2020 , 445 
0x3E3E , 391 
0x4D4D , 430 
0x6E6E , 423 
0x1C1C , 394 
0x2020 , 444 
0x3E3E , 401 
0x4D4D , 427 
0x6E6E , 421 
0x1C1C , 388 
0x2020 , 442 
0x3E3E , 388 
0x4D4D , 427 
0x6E6E , 421 
0x1C1C , 387 
0x2020 , 444 
0x3E3E , 388 
0x4D4D , 421 
0x6E6E , 422 
0x1C1C , 391 
0x2020 , 440 
0x3E3E , 405 
0x4D4D , 428 
0x6E6E , 423 
0x1C1C , 387 
0x2020 , 442 
0x3E3E , 378 
0x4D4D , 425 
0x6E6E , 426 
0x1C1C , 388 
0x2020 , 443 
0x3E3E , 392 
0x4D4D , 424 
0x6E6E , 413 
0x1C1C , 388 
0x2020 , 444 
0x3E3E , 397 
0x4D4D , 427 
0x6E6E , 418 
0x1C1C , 392 
0x2020 , 446 
0x3E3E , 389 
0x4D4D , 428 
0x6E6E , 413 
0x1C1C , 398 
0x2020 , 444 
0x3E3E , 399 
0x4D4D , 425 
0x6E6E , 422 
0x1C1C , 395 
0x2020 , 447 
0x3E3E , 390 
0x4D4D , 425 
0x6E6E , 422 
0x1C1C , 388 
0x2020 , 444 
0x3E3E , 404 
0x4D4D , 425 
0x6E6E , 428 
0x1C1C , 390 
0x2020 , 444 
0x3E3E , 396 
0x4D4D , 427 
0x6E6E , 416 
0x1C1C , 395 
0x2020 , 446 
0x3E3E , 404 
0x4D4D , 427 
0x6E6E , 417 
0x1C1C , 391 
0x2020 , 454 
0x3E3E , 388 
0x4D4D , 422 
0x6E6E , 426 
0x1C1C , 388 
0x2020 , 442 
0x3E3E , 393 
0x4D4D , 425 
0x6E6E , 423 
0x1C1C , 386 
0x2020 , 442 
0x3E3E , 396 
0x4D4D , 422 
0x6E6E , 423 
0x1C1C , 394 
0x2020 , 441 
0x3E3E , 389 
0x4D4D , 422 
0x6E6E , 421 
0x1C1C , 393 
0x2020 , 445 
0x3E3E , 400 
0x4D4D , 419 
0x6E6E , 423 
0x1C1C , 390 
0x2020 , 443 
0x3E3E , 393 
0x4D4D , 425 
0x6E6E , 420 
0x1C1C , 393 
0x2020 , 445 
0x3E3E , 378 
0x4D4D , 424 
0x6E6E , 423 
0x1C1C , 389 
0x2020 , 444 
0x3E3E , 393 
0x4D4D , 421 
0x6E6E , 423 
0x1C1C , 395 
0x2020 , 437 
0x3E3E , 397 
0x4D4D , 428 
0x6E6E , 421 
0x1C1C , 393 
0x2020 , 444 
0x3E3E , 391 
0x4D4D , 429 
0x6E6E , 422 
0x1C1C , 395 
0x2020 , 445 
0x3E3E , 399 
0x4D4D , 431 
0x6E6E , 422 
0x1C1C , 390 
0x2020 , 441 
0x3E3E , 399 
0x4D4D , 428 
0x6E6E , 419 
0x1C1C , 390 
0x2020 , 445 
0x3E3E , 402 
0x4D4D , 433 
0x6E6E , 423 
0x1C1C , 387 
0x2020 , 441 
0x3E3E , 401 
0x4D4D , 422 
0x6E6E , 423 
0x1C1C , 390 
0x2020 , 445 
0x3E3E , 403 
0x4D4D , 427 
0x6E6E , 415 
0x1C1C , 397 
0x2020 , 446 
0x3E3E , 399 
0x4D4D , 427 
0x6E6E , 416 
0x1C1C , 394 
0x2020 , 445 
0x3E3E , 381 
0x4D4D , 428 
0x6E6E , 421 
0x1C1C , 397 
0x2020 , 446 
0x3E3E , 391 
0x4D4D , 425 
0x6E6E , 415 
0x1C1C , 391 
0x2020 , 445 
0x3E3E , 397 
0x4D4D , 431 
0x6E6E , 421 
0x1C1C , 390 
0x2020 , 445 
0x3E3E , 401 
0x4D4D , 431 
0x6E6E , 422 
0x1C1C , 383 
0x2020 , 443 
0x3E3E , 403 
0x4D4D , 430 
0x6E6E , 423 
0x1C1C , 395 
0x2020 , 443 
0x3E3E , 406 
0x4D4D , 422 
0x6E6E , 419 
0x1C1C , 392 
0x2020 , 444 
0x3E3E , 430 
0x4D4D , 421 
0x6E6E , 417 
0x1C1C , 398 
0x2020 , 443 
0x3E3E , 405 
0x4D4D , 422 
0x6E6E , 416 
0x1C1C , 394 
0x2020 , 448 
0x3E3E , 398 
0x4D4D , 425 
0x6E6E , 419 
0x1C1C , 381 
0x2020 , 446 
0x3E3E , 392 
0x4D4D , 428 
0x6E6E , 417 
0x1C1C , -5 
0x2020 , 0 
0x3E3E , -14 
0x4D4D , -8 
0x6E6E , 0 
0x1C1C , 391 
0x2020 , 446 
0x3E3E , 418 
0x4D4D , 420 
0x6E6E , 427 
0x1C1C , 390 
0x2020 , 445 
0x3E3E , 408 
0x4D4D , 420 
0x6E6E , 425 
0x1C1C , 391 
0x2020 , 442 
0x3E3E , 390 
0x4D4D , 427 
0x6E6E , 420 
0x1C1C , 392 
0x2020 , 452 
0x3E3E , 406 
0x4D4D , 428 
0x6E6E , 418 
0x1C1C , 386 
0x2020 , 446 
0x3E3E , 383 
0x4D4D , 427 
0x6E6E , 418 
0x1C1C , 395 
0x2020 , 447 
0x3E3E , 393 
0x4D4D , 420 
0x6E6E , 422 
0x1C1C , 392 
0x2020 , 447 
0x3E3E , 415 
0x4D4D , 422 
0x6E6E , 421 
0x1C1C , 394 
0x2020 , 444 
0x3E3E , 407 
0x4D4D , 430 
0x6E6E , 418 
0x1C1C , 387 
0x2020 , 445 
0x3E3E , 386 
0x4D4D , 423 
0x6E6E , 423 
0x1C1C , 394 
0x2020 , 444 
0x3E3E , 412 
0x4D4D , 426 
0x6E6E , 424 
0x1C1C , 387 
0x2020 , 444 
0x3E3E , 397 
0x4D4D , 424 
0x6E6E , 418 
0x1C1C , 395 
0x2020 , 446 
0x3E3E , 422 
0x4D4D , 423 
0x6E6E , 418 
0x1C1C , 388 
0x2020 , 450 
0x3E3E , 388 
0x4D4D , 422 
0x6E6E , 423 
0x1C1C , 385 
0x2020 , 443 
0x3E3E , 401 
0x4D4D , 428 
0x6E6E , 418 
0x1C1C , 382 
0x2020 , 444 
0x3E3E , 414 
0x4D4D , 427 
0x6E6E , 414 
0x1C1C , 387 
0x2020 , 446 
0x3E3E , 399 
0x4D4D , 432 
0x6E6E , 423 
0x1C1C , 388 
0x2020 , 448 
0x3E3E , 411 
0x4D4D , 424 
0x6E6E , 417 
0x1C1C , 381 
0x2020 , 441 
0x3E3E , 408 
0x4D4D , 425 
0x6E6E , 422 
0x1C1C , 383 
0x2020 , 447 
0x3E3E , 411 
0x4D4D , 424 
0x6E6E , 417 
0x1C1C , 393 
0x2020 , 446 
0x3E3E , 413 
0x4D4D , 427 
0x6E6E , 424 
0x1C1C , 384 
0x2020 , 445 
0x3E3E , 410 
0x4D4D , 423 
0x6E6E , 420 
0x1C1C , 395 
0x2020 , 449 
0x3E3E , 398 
0x4D4D , 423 
0x6E6E , 417 
0x1C1C , 386 
0x2020 , 445 
0x3E3E , 400 
0x4D4D , 430 
0x6E6E , 420 
0x1C1C , 390 
0x2020 , 443 
0x3E3E , 391 
0x4D4D , 427 
0x6E6E , 421 
0x1C1C , 390 
0x2020 , 445 
0x3E3E , 395 
0x4D4D , 425 
0x6E6E , 418 
0x1C1C , 387 
0x2020 , 446 
0x3E3E , 407 
0x4D4D , 420 
0x6E6E , 423 
0x1C1C , 402 
0x2020 , 447 
0x3E3E , 406 
0x4D4D , 424 
0x6E6E , 414 
0x1C1C , 389 
0x2020 , 447 
0x3E3E , 380 
0x4D4D , 424 
0x6E6E , 420 
0x1C1C , 388 
0x2020 , 447 
0x3E3E , 403 
0x4D4D , 426 
0x6E6E , 416 
0x1C1C , 386 
0x2020 , 443 
0x3E3E , 388 
0x4D4D , 426 
0x6E6E , 418 
0x1C1C , 395 
0x2020 , 444 
0x3E3E , 399 
0x4D4D , 422 
0x6E6E , 419 
0x1C1C , 391 
0x2020 , 446 
0x3E3E , 400 
0x4D4D , 431 
0x6E6E , 421 
0x1C1C , 397 
0x2020 , 446 
0x3E3E , 399 
0x4D4D , 428 
0x6E6E , 418 
0x1C1C , 382 
0x2020 , 440 
0x3E3E , 379 
0x4D4D , 422 
0x6E6E , 423 
0x1C1C , 387 
0x2020 , 445 
0x3E3E , 391 
0x4D4D , 422 
0x6E6E , 416 
0x1C1C , 390 
0x2020 , 449 
0x3E3E , 400 
0x4D4D , 426 
0x6E6E , 423 
0x1C1C , 382 
0x2020 , 447 
0x3E3E , 400 
0x4D4D , 428 
0x6E6E , 421 
0x1C1C , 392 
0x2020 , 444 
0x3E3E , 391 
0x4D4D , 431 
0x6E6E , 425 
0x1C1C , 385 
0x2020 , 448 
0x3E3E , 398 
0x4D4D , 421 
0x6E6E , 418 
0x1C1C , 388 
0x2020 , 444 
0x3E3E , 401 
0x4D4D , 433 
0x6E6E , 427 
0x1C1C , 396 
0x2020 , 444 
0x3E3E , 397 
0x4D4D , 426 
0x6E6E , 412 
0x1C1C , 395 
0x2020 , 442 
0x3E3E , 423 
0x4D4D , 428 
0x6E6E , 422 
0x1C1C , 396 
0x2020 , 445 
0x3E3E , 389 
0x4D4D , 425 
0x6E6E , 421 
0x1C1C , 390 
0x2020 , 443 
0x3E3E , 395 
0x4D4D , 425 
0x6E6E , 421 
0x1C1C , 394 
0x2020 , 445 
0x3E3E , 410 
0x4D4D , 429 
0x6E6E , 417 
0x1C1C , 388 
0x2020 , 449 
0x3E3E , 402 
0x4D4D , 426 
0x6E6E , 420 
0x1C1C , 388 
0x2020 , 447 
0x3E3E , 381 
0x4D4D , 427 
0x6E6E , 419 
0x1C1C , 396 
0x2020 , 446 
0x3E3E , 388 
0x4D4D , 420 
0x6E6E , 418 
0x1C1C , 392 
0x2020 , 445 
0x3E3E , 402 
0x4D4D , 422 
0x6E6E , 422 
0x1C1C , 396 
0x2020 , 449 
0x3E3E , 371 
0x4D4D , 426 
0x6E6E , 418 
0x1C1C , 393 
0x2020 , 448 
0x3E3E , 407 
0x4D4D , 423 
0x6E6E , 416 
0x1C1C , 394 
0x2020 , 445 
0x3E3E , 410 
0x4D4D , 428 
0x6E6E , 420 
0x1C1C , 392 
0x2020 , 448 
0x3E3E , 385 
0x4D4D , 426 
0x6E6E , 419 
0x1C1C , 391 
0x2020 , 446 
0x3E3E , 385 
0x4D4D , 429 
0x6E6E , 421 
0x1C1C , 385 
0x2020 , 445 
0x3E3E , 409 
0x4D4D , 424 
0x6E6E , 420 
0x1C1C , 390 
0x2020 , 446 
0x3E3E , 388 
0x4D4D , 425 
0x6E6E , 419 
0x1C1C , 387 
0x2020 , 446 
0x3E3E , 397 
0x4D4D , 428 
0x6E6E , 415 
0x1C1C , 389 
0x2020 , 443 
0x3E3E , 390 
0x4D4D , 423 
0x6E6E , 415 
0x1C1C , 393 
0x2020 , 445 
0x3E3E , 404 
0x4D4D , 422 
0x6E6E , 418 
0x1C1C , 386 
0x2020 , 442 
0x3E3E , 397 
0x4D4D , 426 
0x6E6E , 419 
0x1C1C , 384 
0x2020 , 448 
0x3E3E , 406 
0x4D4D , 431 
0x6E6E , 418 
0x1C1C , 392 
0x2020 , 443 
0x3E3E , 391 
0x4D4D , 419 
0x6E6E , 414 
0x1C1C , 393 
0x2020 , 442 
0x3E3E , 396 
0x4D4D , 422 
0x6E6E , 416 
0x1C1C , 401 
0x2020 , 446 
0x3E3E , 388 
0x4D4D , 424 
0x6E6E , 423 
0x1C1C , 391 
0x2020 , 444 
0x3E3E , 397 
0x4D4D , 425 
0x6E6E , 422 
0x1C1C , 390 
0x2020 , 449 
0x3E3E , 403 
0x4D4D , 417 
0x6E6E , 416 
0x1C1C , 389 
0x2020 , 446 
0x3E3E , 411 
0x4D4D , 426 
0x6E6E , 418 
0x1C1C , 389 
0x2020 , 448 
0x3E3E , 406 
0x4D4D , 421 
0x6E6E , 422 
0x1C1C , 393 
0x2020 , 442 
0x3E3E , 387 
0x4D4D , 428 
0x6E6E , 417 
0x1C1C , 392 
0x2020 , 444 
0x3E3E , 400 
0x4D4D , 427 
0x6E6E , 419 
0x1C1C , 381 
0x2020 , 444 
0x3E3E , 406 
0x4D4D , 419 
0x6E6E , 420 
0x1C1C , 397 
0x2020 , 444 
0x3E3E , 384 
0x4D4D , 427 
0x6E6E , 423 
0x1C1C , 387 
0x2020 , 444 
0x3E3E , 398 
0x4D4D , 424 
0x6E6E , 418 
0x1C1C , 389 
0x2020 , 444 
0x3E3E , 383 
0x4D4D , 423 
0x6E6E , 416 
0x1C1C , 391 
0x2020 , 445 
0x3E3E , 401 
0x4D4D , 426 
0x6E6E , 418 
0x1C1C , 392 
0x2020 , 444 
0x3E3E , 402 
0x4D4D , 426 
0x6E6E , 424 
0x1C1C , 398 
0x2020 , 449 
0x3E3E , 404 
0x4D4D , 425 
0x6E6E , 421 
0x1C1C , 392 
0x2020 , 441 
0x3E3E , 400 
0x4D4D , 423 
0x6E6E , 424 
0x1C1C , 393 
0x2020 , 445 
0x3E3E , 397 
0x4D4D , 423 
0x6E6E , 419 
