0x1C1C , 407 
0x2020 , 437 
0x3E3E , 409 
0x4D4D , 418 
0x6E6E , 415 
0x1C1C , 409 
0x2020 , 430 
0x3E3E , 409 
0x4D4D , 418 
0x6E6E , 420 
0x1C1C , 413 
0x2020 , 434 
0x3E3E , 403 
0x4D4D , 421 
0x6E6E , 421 
0x1C1C , 411 
0x2020 , 432 
0x3E3E , 408 
0x4D4D , 421 
0x6E6E , 419 
0x1C1C , 410 
0x2020 , 433 
0x3E3E , 413 
0x4D4D , 423 
0x6E6E , 416 
0x1C1C , 408 
0x2020 , 431 
0x3E3E , 418 
0x4D4D , 419 
0x6E6E , 420 
0x1C1C , 413 
0x2020 , 432 
0x3E3E , 421 
0x4D4D , 422 
0x6E6E , 416 
0x1C1C , 418 
0x2020 , 435 
0x3E3E , 411 
0x4D4D , 422 
0x6E6E , 418 
0x1C1C , 403 
0x2020 , 432 
0x3E3E , 408 
0x4D4D , 419 
0x6E6E , 417 
0x1C1C , 407 
0x2020 , 436 
0x3E3E , 408 
0x4D4D , 420 
0x6E6E , 420 
0x1C1C , 405 
0x2020 , 435 
0x3E3E , 424 
0x4D4D , 419 
0x6E6E , 418 
0x1C1C , 410 
0x2020 , 433 
0x3E3E , 403 
0x4D4D , 419 
0x6E6E , 418 
0x1C1C , 407 
0x2020 , 435 
0x3E3E , 404 
0x4D4D , 422 
0x6E6E , 419 
0x1C1C , 412 
0x2020 , 435 
0x3E3E , 404 
0x4D4D , 420 
0x6E6E , 418 
0x1C1C , 413 
0x2020 , 436 
0x3E3E , 409 
0x4D4D , 419 
0x6E6E , 419 
0x1C1C , 403 
0x2020 , 434 
0x3E3E , 407 
0x4D4D , 417 
0x6E6E , 417 
0x1C1C , 409 
0x2020 , 437 
0x3E3E , 413 
0x4D4D , 417 
0x6E6E , 414 
0x1C1C , 402 
0x2020 , 432 
0x3E3E , 398 
0x4D4D , 418 
0x6E6E , 418 
0x1C1C , 407 
0x2020 , 435 
0x3E3E , 408 
0x4D4D , 420 
0x6E6E , 421 
0x1C1C , 415 
0x2020 , 437 
0x3E3E , 401 
0x4D4D , 419 
0x6E6E , 419 
0x1C1C , 406 
0x2020 , 435 
0x3E3E , 414 
0x4D4D , 420 
0x6E6E , 417 
0x1C1C , 412 
0x2020 , 438 
0x3E3E , 403 
0x4D4D , 419 
0x6E6E , 420 
0x1C1C , 404 
0x2020 , 434 
0x3E3E , 405 
0x4D4D , 419 
0x6E6E , 415 
0x1C1C , 410 
0x2020 , 433 
0x3E3E , 427 
0x4D4D , 418 
0x6E6E , 415 
0x1C1C , 409 
0x2020 , 436 
0x3E3E , 402 
0x4D4D , 421 
0x6E6E , 417 
0x1C1C , 404 
0x2020 , 434 
0x3E3E , 432 
0x4D4D , 416 
0x6E6E , 416 
0x1C1C , 407 
0x2020 , 433 
0x3E3E , 404 
0x4D4D , 416 
0x6E6E , 420 
0x1C1C , 412 
0x2020 , 433 
0x3E3E , 407 
0x4D4D , 422 
0x6E6E , 414 
0x1C1C , 409 
0x2020 , 437 
0x3E3E , 407 
0x4D4D , 419 
0x6E6E , 417 
0x1C1C , 407 
0x2020 , 434 
0x3E3E , 403 
0x4D4D , 420 
0x6E6E , 417 
0x1C1C , 404 
0x2020 , 431 
0x3E3E , 402 
0x4D4D , 423 
0x6E6E , 414 
0x1C1C , 405 
0x2020 , 433 
0x3E3E , 399 
0x4D4D , 421 
0x6E6E , 415 
0x1C1C , 410 
0x2020 , 433 
0x3E3E , 405 
0x4D4D , 417 
0x6E6E , 418 
0x1C1C , 406 
0x2020 , 433 
0x3E3E , 404 
0x4D4D , 421 
0x6E6E , 415 
0x1C1C , 407 
0x2020 , 436 
0x3E3E , 402 
0x4D4D , 420 
0x6E6E , 418 
0x1C1C , 407 
0x2020 , 434 
0x3E3E , 403 
0x4D4D , 419 
0x6E6E , 412 
0x1C1C , 411 
0x2020 , 437 
0x3E3E , 401 
0x4D4D , 418 
0x6E6E , 419 
0x1C1C , 407 
0x2020 , 436 
0x3E3E , 402 
0x4D4D , 417 
0x6E6E , 418 
0x1C1C , 407 
0x2020 , 435 
0x3E3E , 404 
0x4D4D , 418 
0x6E6E , 418 
0x1C1C , 408 
0x2020 , 436 
0x3E3E , 408 
0x4D4D , 421 
0x6E6E , 410 
0x1C1C , 410 
0x2020 , 437 
0x3E3E , 397 
0x4D4D , 420 
0x6E6E , 420 
0x1C1C , 405 
0x2020 , 434 
0x3E3E , 407 
0x4D4D , 421 
0x6E6E , 418 
0x1C1C , 414 
0x2020 , 437 
0x3E3E , 408 
0x4D4D , 422 
0x6E6E , 418 
0x1C1C , 411 
0x2020 , 437 
0x3E3E , 404 
0x4D4D , 420 
0x6E6E , 411 
0x1C1C , 410 
0x2020 , 435 
0x3E3E , 401 
0x4D4D , 421 
0x6E6E , 419 
0x1C1C , 414 
0x2020 , 432 
0x3E3E , 402 
0x4D4D , 417 
0x6E6E , 419 
0x1C1C , 405 
0x2020 , 436 
0x3E3E , 403 
0x4D4D , 421 
0x6E6E , 418 
0x1C1C , 407 
0x2020 , 435 
0x3E3E , 407 
0x4D4D , 416 
0x6E6E , 415 
0x1C1C , 413 
0x2020 , 435 
0x3E3E , 396 
0x4D4D , 416 
0x6E6E , 419 
0x1C1C , 410 
0x2020 , 436 
0x3E3E , 403 
0x4D4D , 422 
0x6E6E , 418 
0x1C1C , 403 
0x2020 , 436 
0x3E3E , 400 
0x4D4D , 418 
0x6E6E , 420 
0x1C1C , 407 
0x2020 , 438 
0x3E3E , 399 
0x4D4D , 418 
0x6E6E , 420 
0x1C1C , 410 
0x2020 , 436 
0x3E3E , 400 
0x4D4D , 419 
0x6E6E , 418 
0x1C1C , 401 
0x2020 , 437 
0x3E3E , 399 
0x4D4D , 422 
0x6E6E , 418 
0x1C1C , 410 
0x2020 , 432 
0x3E3E , 418 
0x4D4D , 419 
0x6E6E , 418 
0x1C1C , 403 
0x2020 , 434 
0x3E3E , 408 
0x4D4D , 420 
0x6E6E , 417 
0x1C1C , 406 
0x2020 , 433 
0x3E3E , 400 
0x4D4D , 421 
0x6E6E , 421 
0x1C1C , 405 
0x2020 , 436 
0x3E3E , 404 
0x4D4D , 416 
0x6E6E , 413 
0x1C1C , 408 
0x2020 , 434 
0x3E3E , 409 
0x4D4D , 417 
0x6E6E , 417 
0x1C1C , 409 
0x2020 , 436 
0x3E3E , 404 
0x4D4D , 418 
0x6E6E , 410 
0x1C1C , 411 
0x2020 , 438 
0x3E3E , 397 
0x4D4D , 417 
0x6E6E , 417 
0x1C1C , 411 
0x2020 , 437 
0x3E3E , 407 
0x4D4D , 420 
0x6E6E , 419 
0x1C1C , 410 
0x2020 , 435 
0x3E3E , 402 
0x4D4D , 420 
0x6E6E , 418 
0x1C1C , 409 
0x2020 , 436 
0x3E3E , 402 
0x4D4D , 422 
0x6E6E , 418 
0x1C1C , 407 
0x2020 , 434 
0x3E3E , 397 
0x4D4D , 420 
0x6E6E , 420 
0x1C1C , 411 
0x2020 , 437 
0x3E3E , 399 
0x4D4D , 419 
0x6E6E , 410 
0x1C1C , 410 
0x2020 , 436 
0x3E3E , 396 
0x4D4D , 417 
0x6E6E , 419 
0x1C1C , 403 
0x2020 , 437 
0x3E3E , 419 
0x4D4D , 422 
0x6E6E , 418 
0x1C1C , 423 
0x2020 , 434 
0x3E3E , 397 
0x4D4D , 419 
0x6E6E , 417 
0x1C1C , 412 
0x2020 , 436 
0x3E3E , 397 
0x4D4D , 420 
0x6E6E , 417 
0x1C1C , 417 
0x2020 , 436 
0x3E3E , 394 
0x4D4D , 420 
0x6E6E , 420 
0x1C1C , 412 
0x2020 , 436 
0x3E3E , 401 
0x4D4D , 417 
0x6E6E , 416 
0x1C1C , 418 
0x2020 , 438 
0x3E3E , 399 
0x4D4D , 420 
0x6E6E , 418 
0x1C1C , 409 
0x2020 , 433 
0x3E3E , 404 
0x4D4D , 419 
0x6E6E , 422 
0x1C1C , 409 
0x2020 , 435 
0x3E3E , 410 
0x4D4D , 421 
0x6E6E , 420 
0x1C1C , 417 
0x2020 , 432 
0x3E3E , 401 
0x4D4D , 419 
0x6E6E , 418 
0x1C1C , 412 
0x2020 , 435 
0x3E3E , 397 
0x4D4D , 419 
0x6E6E , 415 
0x1C1C , 406 
0x2020 , 434 
0x3E3E , 400 
0x4D4D , 414 
0x6E6E , 409 
0x1C1C , 415 
0x2020 , 434 
0x3E3E , 399 
0x4D4D , 420 
0x6E6E , 420 
0x1C1C , 413 
0x2020 , 436 
0x3E3E , 404 
0x4D4D , 423 
0x6E6E , 415 
0x1C1C , 405 
0x2020 , 434 
0x3E3E , 399 
0x4D4D , 419 
0x6E6E , 413 
0x1C1C , 410 
0x2020 , 434 
0x3E3E , 400 
0x4D4D , 422 
0x6E6E , 418 
0x1C1C , 418 
0x2020 , 433 
0x3E3E , 402 
0x4D4D , 420 
0x6E6E , 418 
0x1C1C , 410 
0x2020 , 433 
0x3E3E , 404 
0x4D4D , 422 
0x6E6E , 416 
0x1C1C , 416 
0x2020 , 433 
0x3E3E , 405 
0x4D4D , 424 
0x6E6E , 420 
0x1C1C , 417 
0x2020 , 437 
0x3E3E , 406 
0x4D4D , 420 
0x6E6E , 421 
0x1C1C , 413 
0x2020 , 437 
0x3E3E , 397 
0x4D4D , 421 
0x6E6E , 418 
0x1C1C , 412 
0x2020 , 433 
0x3E3E , 410 
0x4D4D , 420 
0x6E6E , 409 
0x1C1C , 410 
0x2020 , 435 
0x3E3E , 402 
0x4D4D , 422 
0x6E6E , 411 
0x1C1C , 411 
0x2020 , 437 
0x3E3E , 400 
0x4D4D , 419 
0x6E6E , 420 
0x1C1C , 411 
0x2020 , 435 
0x3E3E , 399 
0x4D4D , 418 
0x6E6E , 418 
0x1C1C , 409 
0x2020 , 434 
0x3E3E , 400 
0x4D4D , 424 
0x6E6E , 420 
0x1C1C , 411 
0x2020 , 436 
0x3E3E , 399 
0x4D4D , 420 
0x6E6E , 421 
0x1C1C , 406 
0x2020 , 437 
0x3E3E , 405 
0x4D4D , 424 
0x6E6E , 421 
0x1C1C , 410 
0x2020 , 437 
0x3E3E , 402 
0x4D4D , 417 
0x6E6E , 416 
0x1C1C , 407 
0x2020 , 435 
0x3E3E , 416 
0x4D4D , 421 
0x6E6E , 414 
0x1C1C , 412 
0x2020 , 436 
0x3E3E , 398 
0x4D4D , 416 
0x6E6E , 421 
0x1C1C , 415 
0x2020 , 434 
0x3E3E , 392 
0x4D4D , 423 
0x6E6E , 413 
0x1C1C , 415 
0x2020 , 434 
0x3E3E , 396 
0x4D4D , 420 
0x6E6E , 421 
0x1C1C , 408 
0x2020 , 434 
0x3E3E , 416 
0x4D4D , 419 
0x6E6E , 416 
0x1C1C , 416 
0x2020 , 435 
0x3E3E , 400 
0x4D4D , 421 
0x6E6E , 417 
0x1C1C , 410 
0x2020 , 433 
0x3E3E , 412 
0x4D4D , 420 
0x6E6E , 420 
0x1C1C , 409 
0x2020 , 434 
0x3E3E , 401 
0x4D4D , 420 
0x6E6E , 422 
0x1C1C , 412 
0x2020 , 435 
0x3E3E , 399 
0x4D4D , 426 
0x6E6E , 417 
0x1C1C , 404 
0x2020 , 435 
0x3E3E , 395 
0x4D4D , 418 
0x6E6E , 419 
0x1C1C , 410 
0x2020 , 435 
0x3E3E , 398 
0x4D4D , 418 
0x6E6E , 419 
0x1C1C , 408 
0x2020 , 435 
0x3E3E , 398 
0x4D4D , 423 
0x6E6E , 417 
0x1C1C , 412 
0x2020 , 434 
0x3E3E , 406 
0x4D4D , 418 
0x6E6E , 422 
0x1C1C , 409 
0x2020 , 434 
0x3E3E , 397 
0x4D4D , 420 
0x6E6E , 421 
0x1C1C , 407 
0x2020 , 435 
0x3E3E , 399 
0x4D4D , 427 
0x6E6E , 419 
0x1C1C , 411 
0x2020 , 436 
0x3E3E , 393 
0x4D4D , 417 
0x6E6E , 415 
0x1C1C , 404 
0x2020 , 434 
0x3E3E , 405 
0x4D4D , 419 
0x6E6E , 419 
0x1C1C , 415 
0x2020 , 436 
0x3E3E , 397 
0x4D4D , 420 
0x6E6E , 418 
0x1C1C , 417 
0x2020 , 435 
0x3E3E , 401 
0x4D4D , 422 
0x6E6E , 418 
0x1C1C , 410 
0x2020 , 436 
0x3E3E , 399 
0x4D4D , 419 
0x6E6E , 419 
0x1C1C , 414 
0x2020 , 436 
0x3E3E , 401 
0x4D4D , 420 
0x6E6E , 420 
0x1C1C , 405 
0x2020 , 434 
0x3E3E , 394 
0x4D4D , 422 
0x6E6E , 422 
0x1C1C , 406 
0x2020 , 436 
0x3E3E , 402 
0x4D4D , 422 
0x6E6E , 419 
0x1C1C , 411 
0x2020 , 436 
0x3E3E , 398 
0x4D4D , 420 
0x6E6E , 418 
0x1C1C , 415 
0x2020 , 431 
0x3E3E , 397 
0x4D4D , 419 
0x6E6E , 419 
0x1C1C , 409 
0x2020 , 435 
0x3E3E , 394 
0x4D4D , 419 
0x6E6E , 416 
0x1C1C , 415 
0x2020 , 434 
0x3E3E , 400 
0x4D4D , 418 
0x6E6E , 418 
0x1C1C , 411 
0x2020 , 435 
0x3E3E , 412 
0x4D4D , 421 
0x6E6E , 413 
0x1C1C , 412 
0x2020 , 434 
0x3E3E , 400 
0x4D4D , 420 
0x6E6E , 420 
0x1C1C , 414 
0x2020 , 435 
0x3E3E , 403 
0x4D4D , 416 
0x6E6E , 415 
0x1C1C , 409 
0x2020 , 435 
0x3E3E , 412 
0x4D4D , 419 
0x6E6E , 420 
0x1C1C , 406 
0x2020 , 437 
0x3E3E , 398 
0x4D4D , 417 
0x6E6E , 419 
0x1C1C , 420 
0x2020 , 436 
0x3E3E , 401 
0x4D4D , 422 
0x6E6E , 416 
0x1C1C , 411 
0x2020 , 437 
0x3E3E , 407 
0x4D4D , 419 
0x6E6E , 420 
0x1C1C , 406 
0x2020 , 436 
0x3E3E , 434 
0x4D4D , 423 
0x6E6E , 422 
0x1C1C , 406 
0x2020 , 435 
0x3E3E , 404 
0x4D4D , 422 
0x6E6E , 419 
0x1C1C , 406 
0x2020 , 433 
0x3E3E , 403 
0x4D4D , 418 
0x6E6E , 411 
0x1C1C , 409 
0x2020 , 434 
0x3E3E , 399 
0x4D4D , 418 
0x6E6E , 418 
0x1C1C , 407 
0x2020 , 437 
0x3E3E , 402 
0x4D4D , 422 
0x6E6E , 421 
0x1C1C , 413 
0x2020 , 433 
0x3E3E , 405 
0x4D4D , 422 
0x6E6E , 422 
0x1C1C , 409 
0x2020 , 432 
0x3E3E , 397 
0x4D4D , 424 
0x6E6E , 416 
0x1C1C , 410 
0x2020 , 435 
0x3E3E , 420 
0x4D4D , 420 
0x6E6E , 418 
0x1C1C , 413 
0x2020 , 432 
0x3E3E , 399 
0x4D4D , 419 
0x6E6E , 417 
0x1C1C , 408 
0x2020 , 434 
0x3E3E , 404 
0x4D4D , 422 
0x6E6E , 417 
0x1C1C , 415 
0x2020 , 431 
0x3E3E , 400 
0x4D4D , 419 
0x6E6E , 416 
0x1C1C , 413 
0x2020 , 434 
0x3E3E , 405 
0x4D4D , 420 
0x6E6E , 422 
0x1C1C , 412 
0x2020 , 433 
0x3E3E , 397 
0x4D4D , 419 
0x6E6E , 417 
0x1C1C , 414 
0x2020 , 432 
0x3E3E , 404 
0x4D4D , 420 
0x6E6E , 421 
0x1C1C , 410 
0x2020 , 433 
0x3E3E , 396 
0x4D4D , 422 
0x6E6E , 417 
0x1C1C , 408 
0x2020 , 436 
0x3E3E , 407 
0x4D4D , 421 
0x6E6E , 420 
0x1C1C , 415 
0x2020 , 434 
0x3E3E , 399 
0x4D4D , 416 
0x6E6E , 419 
0x1C1C , 407 
0x2020 , 437 
0x3E3E , 405 
0x4D4D , 421 
0x6E6E , 420 
0x1C1C , 410 
0x2020 , 437 
0x3E3E , 396 
0x4D4D , 415 
0x6E6E , 421 
0x1C1C , 411 
0x2020 , 433 
0x3E3E , 405 
0x4D4D , 425 
0x6E6E , 421 
0x1C1C , 414 
0x2020 , 436 
0x3E3E , 416 
0x4D4D , 420 
0x6E6E , 420 
0x1C1C , 415 
0x2020 , 434 
0x3E3E , 398 
0x4D4D , 419 
0x6E6E , 419 
0x1C1C , 408 
0x2020 , 432 
0x3E3E , 398 
0x4D4D , 421 
0x6E6E , 420 
0x1C1C , 409 
0x2020 , 436 
0x3E3E , 397 
0x4D4D , 422 
0x6E6E , 418 
0x1C1C , 415 
0x2020 , 432 
0x3E3E , 403 
0x4D4D , 422 
0x6E6E , 420 
0x1C1C , 410 
0x2020 , 434 
0x3E3E , 395 
0x4D4D , 421 
0x6E6E , 418 
0x1C1C , 403 
0x2020 , 435 
0x3E3E , 395 
0x4D4D , 421 
0x6E6E , 423 
0x1C1C , 419 
0x2020 , 436 
0x3E3E , 400 
0x4D4D , 420 
0x6E6E , 420 
0x1C1C , 412 
0x2020 , 435 
0x3E3E , 402 
0x4D4D , 424 
0x6E6E , 418 
0x1C1C , 410 
0x2020 , 433 
0x3E3E , 400 
0x4D4D , 422 
0x6E6E , 422 
0x1C1C , 409 
0x2020 , 436 
0x3E3E , 397 
0x4D4D , 422 
0x6E6E , 407 
0x1C1C , 408 
0x2020 , 434 
0x3E3E , 392 
0x4D4D , 420 
0x6E6E , 418 
0x1C1C , 404 
0x2020 , 435 
0x3E3E , 414 
0x4D4D , 423 
0x6E6E , 413 
0x1C1C , 404 
0x2020 , 435 
0x3E3E , 428 
0x4D4D , 419 
0x6E6E , 420 
0x1C1C , 414 
0x2020 , 435 
0x3E3E , 417 
0x4D4D , 422 
0x6E6E , 419 
0x1C1C , 411 
0x2020 , 431 
0x3E3E , 397 
0x4D4D , 422 
0x6E6E , 418 
0x1C1C , 413 
0x2020 , 433 
0x3E3E , 397 
0x4D4D , 421 
0x6E6E , 419 
0x1C1C , 412 
0x2020 , 434 
0x3E3E , 394 
0x4D4D , 417 
0x6E6E , 420 
0x1C1C , 414 
0x2020 , 435 
0x3E3E , 429 
0x4D4D , 421 
0x6E6E , 420 
0x1C1C , 413 
0x2020 , 433 
0x3E3E , 399 
0x4D4D , 421 
0x6E6E , 419 
0x1C1C , 410 
0x2020 , 434 
0x3E3E , 407 
0x4D4D , 423 
0x6E6E , 419 
0x1C1C , 410 
0x2020 , 435 
0x3E3E , 407 
0x4D4D , 420 
0x6E6E , 420 
0x1C1C , 416 
0x2020 , 435 
0x3E3E , 399 
0x4D4D , 421 
0x6E6E , 421 
0x1C1C , 411 
0x2020 , 436 
0x3E3E , 399 
0x4D4D , 427 
0x6E6E , 422 
0x1C1C , 408 
0x2020 , 431 
0x3E3E , 409 
0x4D4D , 421 
0x6E6E , 420 
0x1C1C , 409 
0x2020 , 434 
0x3E3E , 404 
0x4D4D , 423 
0x6E6E , 419 
0x1C1C , 408 
0x2020 , 435 
0x3E3E , 402 
0x4D4D , 414 
0x6E6E , 418 
0x1C1C , 411 
0x2020 , 436 
0x3E3E , 402 
0x4D4D , 427 
0x6E6E , 417 
0x1C1C , 413 
0x2020 , 436 
0x3E3E , 405 
0x4D4D , 417 
0x6E6E , 419 
0x1C1C , 414 
0x2020 , 435 
0x3E3E , 408 
0x4D4D , 419 
0x6E6E , 416 
0x1C1C , 410 
0x2020 , 432 
0x3E3E , 398 
0x4D4D , 419 
0x6E6E , 416 
0x1C1C , 411 
0x2020 , 433 
0x3E3E , 404 
0x4D4D , 418 
0x6E6E , 417 
0x1C1C , 409 
0x2020 , 434 
0x3E3E , 402 
0x4D4D , 424 
0x6E6E , 418 
0x1C1C , 409 
0x2020 , 437 
0x3E3E , 394 
0x4D4D , 418 
0x6E6E , 420 
0x1C1C , 409 
0x2020 , 434 
0x3E3E , 404 
0x4D4D , 417 
0x6E6E , 417 
0x1C1C , 413 
0x2020 , 435 
0x3E3E , 403 
0x4D4D , 420 
0x6E6E , 420 
0x1C1C , 415 
0x2020 , 437 
0x3E3E , 394 
0x4D4D , 417 
0x6E6E , 418 
0x1C1C , 411 
0x2020 , 436 
0x3E3E , 397 
0x4D4D , 423 
0x6E6E , 421 
0x1C1C , 410 
0x2020 , 434 
0x3E3E , 403 
0x4D4D , 419 
0x6E6E , 420 
0x1C1C , 406 
0x2020 , 436 
0x3E3E , 407 
0x4D4D , 418 
0x6E6E , 418 
0x1C1C , 416 
0x2020 , 436 
0x3E3E , 409 
0x4D4D , 418 
0x6E6E , 419 
0x1C1C , 410 
0x2020 , 434 
0x3E3E , 414 
0x4D4D , 418 
0x6E6E , 415 
0x1C1C , 413 
0x2020 , 435 
0x3E3E , 400 
0x4D4D , 421 
0x6E6E , 418 
0x1C1C , 406 
0x2020 , 433 
0x3E3E , -14 
0x4D4D , 420 
0x6E6E , 415 
0x1C1C , 403 
0x2020 , 437 
0x3E3E , -14 
0x4D4D , 420 
0x6E6E , 411 
0x1C1C , 402 
0x2020 , 435 
0x3E3E , -14 
0x4D4D , 421 
0x6E6E , 420 
0x1C1C , 416 
0x2020 , 434 
0x3E3E , 405 
0x4D4D , 421 
0x6E6E , 423 
0x1C1C , 406 
0x2020 , 436 
0x3E3E , 413 
0x4D4D , 414 
0x6E6E , 419 
0x1C1C , 403 
0x2020 , 434 
0x3E3E , 409 
0x4D4D , 421 
0x6E6E , 420 
0x1C1C , 411 
0x2020 , 436 
0x3E3E , 397 
0x4D4D , 417 
0x6E6E , 420 
0x1C1C , 406 
0x2020 , 438 
0x3E3E , 400 
0x4D4D , 418 
0x6E6E , 418 
0x1C1C , 412 
0x2020 , 437 
0x3E3E , 397 
0x4D4D , 417 
0x6E6E , 421 
0x1C1C , 414 
0x2020 , 435 
0x3E3E , 401 
0x4D4D , 422 
0x6E6E , 414 
0x1C1C , 414 
0x2020 , 436 
0x3E3E , 398 
0x4D4D , 416 
0x6E6E , 420 
0x1C1C , 413 
0x2020 , 435 
0x3E3E , 402 
0x4D4D , 423 
0x6E6E , 417 
0x1C1C , 414 
0x2020 , 435 
0x3E3E , 399 
0x4D4D , 422 
0x6E6E , 419 
0x1C1C , 413 
0x2020 , 436 
0x3E3E , 411 
0x4D4D , 419 
0x6E6E , 417 
0x1C1C , 411 
0x2020 , 432 
0x3E3E , 395 
0x4D4D , 420 
0x6E6E , 416 
0x1C1C , 403 
0x2020 , 434 
0x3E3E , 402 
0x4D4D , 420 
0x6E6E , 422 
0x1C1C , 405 
0x2020 , 433 
0x3E3E , 398 
0x4D4D , 422 
0x6E6E , 413 
0x1C1C , 410 
0x2020 , 438 
0x3E3E , 402 
0x4D4D , 422 
0x6E6E , 420 
0x1C1C , 414 
0x2020 , 435 
0x3E3E , 394 
0x4D4D , 422 
0x6E6E , 417 
0x1C1C , 411 
0x2020 , 435 
0x3E3E , 399 
0x4D4D , 419 
0x6E6E , 414 
0x1C1C , 410 
0x2020 , 435 
0x3E3E , 395 
0x4D4D , 421 
0x6E6E , 421 
0x1C1C , 410 
0x2020 , 433 
0x3E3E , 400 
0x4D4D , 425 
0x6E6E , 420 
0x1C1C , 405 
0x2020 , 434 
0x3E3E , 397 
0x4D4D , 422 
0x6E6E , 419 
0x1C1C , 414 
0x2020 , 435 
0x3E3E , 399 
0x4D4D , 418 
0x6E6E , 417 
0x1C1C , 405 
0x2020 , 436 
0x3E3E , 392 
0x4D4D , 424 
0x6E6E , 421 
0x1C1C , 406 
0x2020 , 436 
0x3E3E , 404 
0x4D4D , 421 
0x6E6E , 416 
0x1C1C , 417 
0x2020 , 435 
0x3E3E , 401 
0x4D4D , 421 
0x6E6E , 420 
0x1C1C , 408 
0x2020 , 434 
0x3E3E , 401 
0x4D4D , 416 
0x6E6E , 422 
0x1C1C , 406 
0x2020 , 438 
0x3E3E , 400 
0x4D4D , 421 
0x6E6E , 419 
0x1C1C , 411 
0x2020 , 436 
0x3E3E , 401 
0x4D4D , 417 
0x6E6E , 410 
0x1C1C , 410 
0x2020 , 435 
0x3E3E , 406 
0x4D4D , 420 
0x6E6E , 420 
0x1C1C , 406 
0x2020 , 435 
0x3E3E , 404 
0x4D4D , 423 
0x6E6E , 411 
0x1C1C , 417 
0x2020 , 436 
0x3E3E , 410 
0x4D4D , 419 
0x6E6E , 421 
0x1C1C , 404 
0x2020 , 437 
0x3E3E , 411 
0x4D4D , 419 
0x6E6E , 418 
0x1C1C , 417 
0x2020 , 434 
0x3E3E , 414 
0x4D4D , 421 
0x6E6E , 420 
0x1C1C , 410 
0x2020 , 437 
0x3E3E , 389 
0x4D4D , 421 
0x6E6E , 416 
0x1C1C , 411 
0x2020 , 434 
0x3E3E , 397 
0x4D4D , 417 
0x6E6E , 419 
0x1C1C , 413 
0x2020 , 437 
0x3E3E , 408 
0x4D4D , 420 
0x6E6E , 418 
0x1C1C , 407 
0x2020 , 431 
0x3E3E , 396 
0x4D4D , 422 
0x6E6E , 420 
0x1C1C , 411 
0x2020 , 435 
0x3E3E , 398 
0x4D4D , 418 
0x6E6E , 420 
0x1C1C , 418 
0x2020 , 437 
0x3E3E , 402 
0x4D4D , 419 
0x6E6E , 421 
0x1C1C , 411 
0x2020 , 433 
0x3E3E , 398 
0x4D4D , 419 
0x6E6E , 421 
0x1C1C , 416 
0x2020 , 434 
0x3E3E , 405 
0x4D4D , 421 
0x6E6E , 418 
0x1C1C , 408 
0x2020 , 437 
0x3E3E , 397 
0x4D4D , 422 
0x6E6E , 420 
0x1C1C , 417 
0x2020 , 434 
0x3E3E , 394 
0x4D4D , 419 
0x6E6E , 420 
0x1C1C , 414 
0x2020 , 437 
0x3E3E , 406 
0x4D4D , 421 
0x6E6E , 417 
0x1C1C , 415 
0x2020 , 435 
0x3E3E , 404 
0x4D4D , 414 
0x6E6E , 418 
0x1C1C , 414 
0x2020 , 433 
0x3E3E , 403 
0x4D4D , 416 
0x6E6E , 411 
0x1C1C , 417 
0x2020 , 435 
0x3E3E , 400 
0x4D4D , 419 
0x6E6E , 419 
0x1C1C , 406 
0x2020 , 434 
0x3E3E , 402 
0x4D4D , 422 
0x6E6E , 420 
0x1C1C , 408 
0x2020 , 437 
0x3E3E , 400 
0x4D4D , 420 
0x6E6E , 419 
0x1C1C , 400 
0x2020 , 434 
0x3E3E , 408 
0x4D4D , 419 
0x6E6E , 421 
0x1C1C , 405 
0x2020 , 432 
0x3E3E , 400 
0x4D4D , 416 
0x6E6E , 421 
0x1C1C , 411 
0x2020 , 434 
0x3E3E , 395 
0x4D4D , 423 
0x6E6E , 416 
0x1C1C , 409 
0x2020 , 432 
0x3E3E , 424 
0x4D4D , 426 
0x6E6E , 418 
0x1C1C , 411 
0x2020 , 433 
0x3E3E , 395 
0x4D4D , 422 
0x6E6E , 420 
0x1C1C , 414 
0x2020 , 432 
0x3E3E , 396 
0x4D4D , 416 
0x6E6E , 418 
0x1C1C , 410 
0x2020 , 431 
0x3E3E , 407 
0x4D4D , 418 
0x6E6E , 417 
0x1C1C , 416 
0x2020 , 436 
0x3E3E , 402 
0x4D4D , 419 
0x6E6E , 423 
0x1C1C , 418 
0x2020 , 440 
0x3E3E , 413 
0x4D4D , 422 
0x6E6E , 418 
0x1C1C , 415 
0x2020 , 433 
0x3E3E , 409 
0x4D4D , 424 
0x6E6E , 420 
0x1C1C , 415 
0x2020 , 437 
0x3E3E , -14 
0x4D4D , 422 
0x6E6E , 417 
0x1C1C , -5 
0x2020 , 0 
0x3E3E , -14 
0x4D4D , 416 
0x6E6E , 0 
0x1C1C , -5 
0x2020 , 0 
0x3E3E , -14 
0x4D4D , 420 
0x6E6E , 0 
0x1C1C , -5 
0x2020 , 0 
0x3E3E , -14 
0x4D4D , 420 
0x6E6E , 0 
0x1C1C , -5 
0x2020 , 0 
0x3E3E , -14 
0x4D4D , 417 
0x6E6E , 0 
0x1C1C , -5 
0x2020 , 0 
0x3E3E , -14 
0x4D4D , 416 
0x6E6E , 0 
0x1C1C , -5 
0x2020 , 0 
0x3E3E , -14 
0x4D4D , 417 
0x6E6E , 0 
0x1C1C , -5 
0x2020 , 0 
0x3E3E , -14 
0x4D4D , 419 
0x6E6E , 0 
0x1C1C , -5 
0x2020 , 0 
0x3E3E , -14 
0x4D4D , 422 
0x6E6E , 0 
0x1C1C , -5 
0x2020 , 0 
0x3E3E , -14 
0x4D4D , 420 
0x6E6E , 0 
0x1C1C , -5 
0x2020 , 0 
0x3E3E , -14 
0x4D4D , 419 
0x6E6E , 0 
0x1C1C , -5 
0x2020 , 432 
0x3E3E , -14 
0x4D4D , 422 
0x6E6E , 0 
0x1C1C , -5 
0x2020 , 432 
0x3E3E , -14 
0x4D4D , 416 
0x6E6E , 0 
0x1C1C , -5 
0x2020 , 435 
0x3E3E , -14 
0x4D4D , 424 
0x6E6E , 0 
0x1C1C , 413 
0x2020 , 430 
0x3E3E , -14 
0x4D4D , 419 
0x6E6E , 415 
0x1C1C , 410 
0x2020 , 432 
0x3E3E , -14 
0x4D4D , 426 
0x6E6E , 417 
0x1C1C , 413 
0x2020 , 432 
0x3E3E , -14 
0x4D4D , 421 
0x6E6E , 415 
0x1C1C , 410 
0x2020 , 431 
0x3E3E , -14 
0x4D4D , 423 
0x6E6E , 415 
0x1C1C , 410 
0x2020 , 432 
0x3E3E , -14 
0x4D4D , 420 
0x6E6E , 417 
0x1C1C , 414 
0x2020 , 432 
0x3E3E , -14 
0x4D4D , 422 
0x6E6E , 412 
0x1C1C , 415 
0x2020 , 430 
0x3E3E , -14 
0x4D4D , 418 
0x6E6E , 417 
0x1C1C , 413 
0x2020 , 431 
0x3E3E , -14 
0x4D4D , 419 
0x6E6E , 417 
0x1C1C , 415 
0x2020 , 433 
0x3E3E , -14 
0x4D4D , 423 
0x6E6E , 411 
0x1C1C , 418 
0x2020 , 432 
0x3E3E , 406 
0x4D4D , 421 
0x6E6E , 415 
0x1C1C , 416 
0x2020 , 435 
0x3E3E , -14 
0x4D4D , 422 
0x6E6E , 0 
0x1C1C , 421 
0x2020 , 431 
0x3E3E , 430 
0x4D4D , 420 
0x6E6E , 416 
0x1C1C , 420 
0x2020 , 432 
0x3E3E , 397 
0x4D4D , 418 
0x6E6E , 413 
0x1C1C , 411 
0x2020 , 433 
0x3E3E , 391 
0x4D4D , 421 
0x6E6E , 419 
0x1C1C , 409 
0x2020 , 437 
0x3E3E , 412 
0x4D4D , 418 
0x6E6E , 416 
0x1C1C , 415 
0x2020 , 435 
0x3E3E , 403 
0x4D4D , 422 
0x6E6E , 421 
0x1C1C , 410 
0x2020 , 435 
0x3E3E , 402 
0x4D4D , 425 
0x6E6E , 422 
0x1C1C , 417 
0x2020 , 436 
0x3E3E , 420 
0x4D4D , 421 
0x6E6E , 419 
0x1C1C , 411 
0x2020 , 433 
0x3E3E , 400 
0x4D4D , 421 
0x6E6E , 420 
0x1C1C , 414 
0x2020 , 437 
0x3E3E , 399 
0x4D4D , 422 
0x6E6E , 419 
0x1C1C , 416 
0x2020 , 436 
0x3E3E , 396 
0x4D4D , 422 
0x6E6E , 418 
0x1C1C , 416 
0x2020 , 433 
0x3E3E , 401 
0x4D4D , 423 
0x6E6E , 420 
0x1C1C , 422 
0x2020 , 434 
0x3E3E , 390 
0x4D4D , 423 
0x6E6E , 421 
0x1C1C , 420 
0x2020 , 435 
0x3E3E , 420 
0x4D4D , 420 
0x6E6E , 421 
0x1C1C , 411 
0x2020 , 434 
0x3E3E , 401 
0x4D4D , 422 
0x6E6E , 420 
0x1C1C , 416 
0x2020 , 435 
0x3E3E , 404 
0x4D4D , 417 
0x6E6E , 420 
0x1C1C , 412 
0x2020 , 434 
0x3E3E , 404 
0x4D4D , 418 
0x6E6E , 413 
0x1C1C , 408 
0x2020 , 436 
0x3E3E , 398 
0x4D4D , 426 
0x6E6E , 421 
0x1C1C , 412 
0x2020 , 434 
0x3E3E , -14 
0x4D4D , 421 
0x6E6E , 415 
0x1C1C , 414 
0x2020 , 435 
0x3E3E , 403 
0x4D4D , 419 
0x6E6E , 420 
0x1C1C , 415 
0x2020 , 437 
0x3E3E , 390 
0x4D4D , 423 
0x6E6E , 419 
0x1C1C , 410 
0x2020 , 440 
0x3E3E , 406 
0x4D4D , 421 
0x6E6E , 419 
0x1C1C , 416 
0x2020 , 437 
0x3E3E , 398 
0x4D4D , 424 
0x6E6E , 421 
0x1C1C , 411 
0x2020 , 439 
0x3E3E , 397 
0x4D4D , 422 
0x6E6E , 420 
0x1C1C , 421 
0x2020 , 436 
0x3E3E , 403 
0x4D4D , 421 
0x6E6E , 421 
0x1C1C , 417 
0x2020 , 439 
0x3E3E , -14 
0x4D4D , 421 
0x6E6E , 415 
0x1C1C , 410 
0x2020 , 436 
0x3E3E , 401 
0x4D4D , 425 
0x6E6E , 420 
0x1C1C , 411 
0x2020 , 435 
0x3E3E , 407 
0x4D4D , 422 
0x6E6E , 421 
0x1C1C , 420 
0x2020 , 433 
0x3E3E , 394 
0x4D4D , 423 
0x6E6E , 413 
0x1C1C , 420 
0x2020 , 435 
0x3E3E , 415 
0x4D4D , 423 
0x6E6E , 418 
0x1C1C , 418 
0x2020 , 433 
0x3E3E , 399 
0x4D4D , 423 
0x6E6E , 419 
0x1C1C , 418 
0x2020 , 438 
0x3E3E , 401 
0x4D4D , 423 
0x6E6E , 417 
0x1C1C , 418 
0x2020 , 437 
0x3E3E , 414 
0x4D4D , 423 
0x6E6E , 419 
0x1C1C , 420 
0x2020 , 437 
0x3E3E , 417 
0x4D4D , 422 
0x6E6E , 420 
0x1C1C , 414 
0x2020 , 435 
0x3E3E , 409 
0x4D4D , 421 
0x6E6E , 419 
0x1C1C , 418 
0x2020 , 432 
0x3E3E , 401 
0x4D4D , 422 
0x6E6E , 419 
0x1C1C , 412 
0x2020 , 436 
0x3E3E , 421 
0x4D4D , 420 
0x6E6E , 419 
0x1C1C , 416 
0x2020 , 437 
0x3E3E , 401 
0x4D4D , 418 
0x6E6E , 419 
0x1C1C , 413 
0x2020 , 434 
0x3E3E , 399 
0x4D4D , 419 
0x6E6E , 421 
0x1C1C , 416 
0x2020 , 435 
0x3E3E , 393 
0x4D4D , 422 
0x6E6E , 419 
0x1C1C , 416 
0x2020 , 437 
0x3E3E , 396 
0x4D4D , 420 
0x6E6E , 420 
0x1C1C , 415 
0x2020 , 438 
0x3E3E , 399 
0x4D4D , 420 
0x6E6E , 419 
0x1C1C , 413 
0x2020 , 435 
0x3E3E , 401 
0x4D4D , 420 
0x6E6E , 420 
0x1C1C , 421 
0x2020 , 435 
0x3E3E , 408 
0x4D4D , 420 
0x6E6E , 419 
0x1C1C , 411 
0x2020 , 433 
0x3E3E , 395 
0x4D4D , 419 
0x6E6E , 419 
0x1C1C , 411 
0x2020 , 437 
0x3E3E , 397 
0x4D4D , 419 
0x6E6E , 418 
0x1C1C , 411 
0x2020 , 434 
0x3E3E , 423 
0x4D4D , 418 
0x6E6E , 420 
0x1C1C , 415 
0x2020 , 434 
0x3E3E , 402 
0x4D4D , 418 
0x6E6E , 418 
0x1C1C , 417 
0x2020 , 439 
0x3E3E , 398 
0x4D4D , 420 
0x6E6E , 419 
0x1C1C , 407 
0x2020 , 437 
0x3E3E , 390 
0x4D4D , 423 
0x6E6E , 419 
0x1C1C , 418 
0x2020 , 437 
0x3E3E , 399 
0x4D4D , 421 
0x6E6E , 422 
0x1C1C , 416 
0x2020 , 437 
0x3E3E , 396 
0x4D4D , 421 
0x6E6E , 417 
0x1C1C , 424 
0x2020 , 436 
0x3E3E , 398 
0x4D4D , 422 
0x6E6E , 0 
0x1C1C , 410 
0x2020 , 434 
0x3E3E , 410 
0x4D4D , 423 
0x6E6E , 419 
0x1C1C , 415 
0x2020 , 439 
0x3E3E , 391 
0x4D4D , 429 
0x6E6E , 409 
0x1C1C , 410 
0x2020 , 436 
0x3E3E , 406 
0x4D4D , 423 
0x6E6E , 414 
0x1C1C , 411 
0x2020 , 434 
0x3E3E , 395 
0x4D4D , 422 
0x6E6E , 417 
0x1C1C , 422 
0x2020 , 436 
0x3E3E , 415 
0x4D4D , 425 
0x6E6E , 416 
0x1C1C , 411 
0x2020 , 438 
0x3E3E , 399 
0x4D4D , 421 
0x6E6E , 417 
0x1C1C , 411 
0x2020 , 436 
0x3E3E , 393 
0x4D4D , 421 
0x6E6E , 415 
0x1C1C , 413 
0x2020 , 434 
0x3E3E , 411 
0x4D4D , 422 
0x6E6E , 418 
0x1C1C , 415 
0x2020 , 434 
0x3E3E , 410 
0x4D4D , 420 
0x6E6E , 417 
0x1C1C , 410 
0x2020 , 435 
0x3E3E , 389 
0x4D4D , 426 
0x6E6E , 413 
0x1C1C , 410 
0x2020 , 435 
0x3E3E , 413 
0x4D4D , 426 
0x6E6E , 419 
0x1C1C , 406 
0x2020 , 436 
0x3E3E , 408 
0x4D4D , 427 
0x6E6E , 420 
0x1C1C , 411 
0x2020 , 435 
0x3E3E , 404 
0x4D4D , 426 
0x6E6E , 419 
0x1C1C , 409 
0x2020 , 434 
0x3E3E , 408 
0x4D4D , 425 
0x6E6E , 418 
0x1C1C , 409 
0x2020 , 436 
0x3E3E , 421 
0x4D4D , 423 
0x6E6E , 413 
0x1C1C , 410 
0x2020 , 434 
0x3E3E , 412 
0x4D4D , 421 
0x6E6E , 420 
0x1C1C , 416 
0x2020 , 435 
0x3E3E , 412 
0x4D4D , 418 
0x6E6E , 418 
0x1C1C , 411 
0x2020 , 436 
0x3E3E , 408 
0x4D4D , 426 
0x6E6E , 417 
0x1C1C , 407 
0x2020 , 437 
0x3E3E , 416 
0x4D4D , 426 
0x6E6E , 417 
0x1C1C , 409 
0x2020 , 437 
0x3E3E , 407 
0x4D4D , 427 
0x6E6E , 413 
0x1C1C , 410 
0x2020 , 433 
0x3E3E , 389 
0x4D4D , 425 
0x6E6E , 417 
0x1C1C , 414 
0x2020 , 434 
0x3E3E , 398 
0x4D4D , 424 
0x6E6E , 416 
0x1C1C , 417 
0x2020 , 440 
0x3E3E , 392 
0x4D4D , 426 
0x6E6E , 417 
0x1C1C , 417 
0x2020 , 432 
0x3E3E , 420 
0x4D4D , 422 
0x6E6E , 417 
0x1C1C , 414 
0x2020 , 434 
0x3E3E , 400 
0x4D4D , 423 
0x6E6E , 417 
0x1C1C , 409 
0x2020 , 438 
0x3E3E , 407 
0x4D4D , 425 
0x6E6E , 417 
0x1C1C , 408 
0x2020 , 438 
0x3E3E , 391 
0x4D4D , 426 
0x6E6E , 418 
0x1C1C , 408 
0x2020 , 437 
0x3E3E , 406 
0x4D4D , 426 
0x6E6E , 418 
0x1C1C , 414 
0x2020 , 434 
0x3E3E , 399 
0x4D4D , 424 
0x6E6E , 417 
0x1C1C , 414 
0x2020 , 434 
0x3E3E , 387 
0x4D4D , 418 
0x6E6E , 415 
0x1C1C , 410 
0x2020 , 437 
0x3E3E , 412 
0x4D4D , 424 
0x6E6E , 415 
0x1C1C , 409 
0x2020 , 433 
0x3E3E , 400 
0x4D4D , 426 
0x6E6E , 418 
0x1C1C , 408 
0x2020 , 435 
0x3E3E , 403 
0x4D4D , 424 
0x6E6E , 420 
0x1C1C , 412 
0x2020 , 434 
0x3E3E , 416 
0x4D4D , 421 
0x6E6E , 418 
0x1C1C , 409 
0x2020 , 435 
0x3E3E , 392 
0x4D4D , 420 
0x6E6E , 418 
0x1C1C , 416 
0x2020 , 436 
0x3E3E , 407 
0x4D4D , 422 
0x6E6E , 408 
0x1C1C , 409 
0x2020 , 435 
0x3E3E , 423 
0x4D4D , 423 
0x6E6E , 417 
0x1C1C , 413 
0x2020 , 434 
0x3E3E , 402 
0x4D4D , 424 
0x6E6E , 417 
0x1C1C , 416 
0x2020 , 434 
0x3E3E , 427 
0x4D4D , 423 
0x6E6E , 418 
0x1C1C , 421 
0x2020 , 437 
0x3E3E , 391 
0x4D4D , 422 
0x6E6E , 416 
0x1C1C , 412 
0x2020 , 436 
0x3E3E , 401 
0x4D4D , 430 
0x6E6E , 420 
0x1C1C , 414 
0x2020 , 436 
0x3E3E , 414 
0x4D4D , 424 
0x6E6E , 416 
0x1C1C , 412 
0x2020 , 436 
0x3E3E , 388 
0x4D4D , 426 
0x6E6E , 416 
0x1C1C , 411 
0x2020 , 436 
0x3E3E , 411 
0x4D4D , 422 
0x6E6E , 416 
0x1C1C , 408 
0x2020 , 437 
0x3E3E , 390 
0x4D4D , 425 
0x6E6E , 416 
0x1C1C , 409 
0x2020 , 439 
0x3E3E , 413 
0x4D4D , 419 
0x6E6E , 417 
0x1C1C , 411 
0x2020 , 0 
0x3E3E , 389 
0x4D4D , 422 
0x6E6E , 416 
0x1C1C , 409 
0x2020 , 435 
0x3E3E , 426 
0x4D4D , 423 
0x6E6E , 419 
0x1C1C , 414 
0x2020 , 435 
0x3E3E , 418 
0x4D4D , 424 
0x6E6E , 419 
0x1C1C , 410 
0x2020 , 435 
0x3E3E , 401 
0x4D4D , 422 
0x6E6E , 416 
0x1C1C , 412 
0x2020 , 435 
0x3E3E , 399 
0x4D4D , 424 
0x6E6E , 419 
0x1C1C , 416 
0x2020 , 435 
0x3E3E , 428 
0x4D4D , 422 
0x6E6E , 419 
0x1C1C , 410 
0x2020 , 438 
0x3E3E , 411 
0x4D4D , 422 
0x6E6E , 420 
0x1C1C , 418 
0x2020 , 435 
0x3E3E , 418 
0x4D4D , 426 
0x6E6E , 418 
