0x1C1C , 722 
0x2020 , 740 
0x3E3E , -14 
0x4D4D , 738 
0x6E6E , 748 
0x1C1C , 717 
0x2020 , 743 
0x3E3E , -14 
0x4D4D , -8 
0x6E6E , 0 
0x1C1C , -5 
0x2020 , 0 
0x3E3E , -14 
0x4D4D , -8 
0x6E6E , 0 
0x1C1C , -5 
0x2020 , 0 
0x3E3E , -14 
0x4D4D , 734 
0x6E6E , 0 
0x1C1C , -5 
0x2020 , 0 
0x3E3E , -14 
0x4D4D , -8 
0x6E6E , 0 
0x1C1C , -5 
0x2020 , 0 
0x3E3E , -14 
0x4D4D , -8 
0x6E6E , 0 
0x1C1C , -5 
0x2020 , 0 
0x3E3E , -14 
0x4D4D , -8 
0x6E6E , 0 
0x1C1C , -5 
0x2020 , 0 
0x3E3E , -14 
0x4D4D , -8 
0x6E6E , 0 
0x1C1C , -5 
0x2020 , 0 
0x3E3E , -14 
0x4D4D , -8 
0x6E6E , 0 
0x1C1C , -5 
0x2020 , 0 
0x3E3E , -14 
0x4D4D , 739 
0x6E6E , 0 
0x1C1C , -5 
0x2020 , 0 
0x3E3E , 724 
0x4D4D , 737 
0x6E6E , 0 
0x1C1C , -5 
0x2020 , 750 
0x3E3E , 723 
0x4D4D , 738 
0x6E6E , 0 
0x1C1C , -5 
0x2020 , 745 
0x3E3E , 719 
0x4D4D , 737 
0x6E6E , 0 
0x1C1C , 712 
0x2020 , 749 
0x3E3E , -14 
0x4D4D , 735 
0x6E6E , 0 
0x1C1C , 715 
0x2020 , 749 
0x3E3E , 724 
0x4D4D , 741 
0x6E6E , 0 
0x1C1C , 718 
0x2020 , 743 
0x3E3E , 720 
0x4D4D , 740 
0x6E6E , 0 
0x1C1C , 720 
0x2020 , 744 
0x3E3E , 720 
0x4D4D , 739 
0x6E6E , 750 
0x1C1C , 718 
0x2020 , 743 
0x3E3E , 719 
0x4D4D , 740 
0x6E6E , 748 
0x1C1C , 715 
0x2020 , 744 
0x3E3E , 715 
0x4D4D , 740 
0x6E6E , 750 
0x1C1C , 717 
0x2020 , 744 
0x3E3E , 720 
0x4D4D , 736 
0x6E6E , 748 
0x1C1C , 718 
0x2020 , 745 
0x3E3E , 721 
0x4D4D , 741 
0x6E6E , 753 
0x1C1C , 721 
0x2020 , 747 
0x3E3E , 719 
0x4D4D , 738 
0x6E6E , 751 
0x1C1C , 718 
0x2020 , 744 
0x3E3E , 719 
0x4D4D , 738 
0x6E6E , 750 
0x1C1C , 720 
0x2020 , 745 
0x3E3E , 718 
0x4D4D , 739 
0x6E6E , 750 
0x1C1C , 720 
0x2020 , 744 
0x3E3E , 720 
0x4D4D , 740 
0x6E6E , 750 
0x1C1C , 718 
0x2020 , 745 
0x3E3E , 717 
0x4D4D , 736 
0x6E6E , 752 
0x1C1C , 720 
0x2020 , 744 
0x3E3E , 716 
0x4D4D , 740 
0x6E6E , 749 
0x1C1C , 717 
0x2020 , 746 
0x3E3E , 718 
0x4D4D , 737 
0x6E6E , 746 
0x1C1C , 721 
0x2020 , 748 
0x3E3E , 717 
0x4D4D , 741 
0x6E6E , 749 
0x1C1C , 721 
0x2020 , 742 
0x3E3E , 722 
0x4D4D , 740 
0x6E6E , 748 
0x1C1C , 716 
0x2020 , 745 
0x3E3E , 716 
0x4D4D , 738 
0x6E6E , 749 
0x1C1C , 718 
0x2020 , 742 
0x3E3E , 720 
0x4D4D , 734 
0x6E6E , 749 
0x1C1C , 721 
0x2020 , 745 
0x3E3E , 717 
0x4D4D , 738 
0x6E6E , 748 
0x1C1C , 715 
0x2020 , 743 
0x3E3E , 718 
0x4D4D , 738 
0x6E6E , 747 
0x1C1C , 716 
0x2020 , 745 
0x3E3E , 718 
0x4D4D , 731 
0x6E6E , 747 
0x1C1C , 716 
0x2020 , 747 
0x3E3E , 718 
0x4D4D , 740 
0x6E6E , 750 
0x1C1C , 717 
0x2020 , 745 
0x3E3E , 721 
0x4D4D , 738 
0x6E6E , 749 
0x1C1C , 718 
0x2020 , 748 
0x3E3E , 722 
0x4D4D , 738 
0x6E6E , 751 
0x1C1C , 720 
0x2020 , 747 
0x3E3E , 718 
0x4D4D , 739 
0x6E6E , 751 
0x1C1C , 718 
0x2020 , 744 
0x3E3E , 716 
0x4D4D , 735 
0x6E6E , 749 
0x1C1C , 718 
0x2020 , 748 
0x3E3E , 720 
0x4D4D , 738 
0x6E6E , 747 
0x1C1C , 716 
0x2020 , 748 
0x3E3E , 716 
0x4D4D , 736 
0x6E6E , 751 
0x1C1C , 718 
0x2020 , 747 
0x3E3E , 717 
0x4D4D , 739 
0x6E6E , 749 
0x1C1C , 717 
0x2020 , 744 
0x3E3E , 716 
0x4D4D , 739 
0x6E6E , 747 
0x1C1C , 715 
0x2020 , 747 
0x3E3E , 718 
0x4D4D , 738 
0x6E6E , 748 
0x1C1C , 717 
0x2020 , 752 
0x3E3E , 716 
0x4D4D , 738 
0x6E6E , 749 
0x1C1C , 718 
0x2020 , 744 
0x3E3E , 716 
0x4D4D , 737 
0x6E6E , 749 
0x1C1C , 718 
0x2020 , 743 
0x3E3E , 715 
0x4D4D , 738 
0x6E6E , 746 
0x1C1C , 716 
0x2020 , 749 
0x3E3E , 719 
0x4D4D , 738 
0x6E6E , 750 
0x1C1C , 722 
0x2020 , 745 
0x3E3E , 718 
0x4D4D , 735 
0x6E6E , 748 
0x1C1C , 722 
0x2020 , 748 
0x3E3E , 716 
0x4D4D , 740 
0x6E6E , 752 
0x1C1C , 716 
0x2020 , 745 
0x3E3E , 718 
0x4D4D , 740 
0x6E6E , 748 
0x1C1C , 717 
0x2020 , 745 
0x3E3E , -14 
0x4D4D , -8 
0x6E6E , 0 
0x1C1C , -5 
0x2020 , 0 
0x3E3E , 714 
0x4D4D , -8 
0x6E6E , 748 
0x1C1C , -5 
0x2020 , 0 
0x3E3E , 714 
0x4D4D , -8 
0x6E6E , 749 
0x1C1C , -5 
0x2020 , 0 
0x3E3E , 716 
0x4D4D , -8 
0x6E6E , 749 
0x1C1C , -5 
0x2020 , 0 
0x3E3E , 720 
0x4D4D , -8 
0x6E6E , 746 
0x1C1C , -5 
0x2020 , 0 
0x3E3E , 718 
0x4D4D , -8 
0x6E6E , 751 
0x1C1C , -5 
0x2020 , 0 
0x3E3E , 716 
0x4D4D , -8 
0x6E6E , 750 
0x1C1C , -5 
0x2020 , 0 
0x3E3E , -14 
0x4D4D , -8 
0x6E6E , 0 
0x1C1C , -5 
0x2020 , 0 
0x3E3E , -14 
0x4D4D , -8 
0x6E6E , 0 
0x1C1C , -5 
0x2020 , 0 
0x3E3E , -14 
0x4D4D , -8 
0x6E6E , 0 
0x1C1C , -5 
0x2020 , 0 
0x3E3E , 714 
0x4D4D , -8 
0x6E6E , 0 
0x1C1C , -5 
0x2020 , 0 
0x3E3E , 714 
0x4D4D , 738 
0x6E6E , 0 
0x1C1C , 720 
0x2020 , 0 
0x3E3E , 714 
0x4D4D , 739 
0x6E6E , 0 
0x1C1C , 715 
0x2020 , 0 
0x3E3E , 715 
0x4D4D , 741 
0x6E6E , 0 
0x1C1C , -5 
0x2020 , 0 
0x3E3E , -14 
0x4D4D , 739 
0x6E6E , 0 
0x1C1C , -5 
0x2020 , 0 
0x3E3E , 711 
0x4D4D , 736 
0x6E6E , 0 
0x1C1C , -5 
0x2020 , 0 
0x3E3E , 714 
0x4D4D , 735 
0x6E6E , 0 
0x1C1C , -5 
0x2020 , 749 
0x3E3E , 715 
0x4D4D , 737 
0x6E6E , 0 
0x1C1C , -5 
0x2020 , 751 
0x3E3E , 714 
0x4D4D , 738 
0x6E6E , 0 
0x1C1C , -5 
0x2020 , 745 
0x3E3E , 714 
0x4D4D , 740 
0x6E6E , 0 
0x1C1C , -5 
0x2020 , 745 
0x3E3E , 714 
0x4D4D , 741 
0x6E6E , 749 
0x1C1C , -5 
0x2020 , 749 
0x3E3E , 714 
0x4D4D , 739 
0x6E6E , 752 
0x1C1C , -5 
0x2020 , 747 
0x3E3E , 717 
0x4D4D , 738 
0x6E6E , 748 
0x1C1C , -5 
0x2020 , 743 
0x3E3E , 715 
0x4D4D , 737 
0x6E6E , 749 
0x1C1C , -5 
0x2020 , 745 
0x3E3E , 716 
0x4D4D , 738 
0x6E6E , 752 
0x1C1C , 717 
0x2020 , 741 
0x3E3E , 714 
0x4D4D , 739 
0x6E6E , 749 
0x1C1C , 716 
0x2020 , 743 
0x3E3E , 714 
0x4D4D , 739 
0x6E6E , 752 
0x1C1C , 718 
0x2020 , 736 
0x3E3E , 715 
0x4D4D , 735 
0x6E6E , 0 
0x1C1C , 719 
0x2020 , 744 
0x3E3E , 715 
0x4D4D , 739 
0x6E6E , 752 
0x1C1C , 721 
0x2020 , 747 
0x3E3E , 717 
0x4D4D , 735 
0x6E6E , 751 
0x1C1C , 714 
0x2020 , 742 
0x3E3E , 715 
0x4D4D , 739 
0x6E6E , 751 
0x1C1C , 718 
0x2020 , 741 
0x3E3E , 716 
0x4D4D , 733 
0x6E6E , 747 
0x1C1C , 717 
0x2020 , 743 
0x3E3E , 714 
0x4D4D , 736 
0x6E6E , 749 
0x1C1C , 718 
0x2020 , 744 
0x3E3E , 712 
0x4D4D , 739 
0x6E6E , 751 
0x1C1C , 723 
0x2020 , 745 
0x3E3E , 715 
0x4D4D , 738 
0x6E6E , 748 
0x1C1C , 718 
0x2020 , 745 
0x3E3E , 713 
0x4D4D , 739 
0x6E6E , 749 
0x1C1C , 722 
0x2020 , 746 
0x3E3E , 713 
0x4D4D , 741 
0x6E6E , 751 
0x1C1C , 717 
0x2020 , 743 
0x3E3E , 716 
0x4D4D , 738 
0x6E6E , 748 
0x1C1C , 719 
0x2020 , 748 
0x3E3E , 717 
0x4D4D , 738 
0x6E6E , 749 
0x1C1C , 723 
0x2020 , 748 
0x3E3E , 719 
0x4D4D , 739 
0x6E6E , 748 
0x1C1C , 721 
0x2020 , 744 
0x3E3E , 714 
0x4D4D , 740 
0x6E6E , 0 
0x1C1C , 720 
0x2020 , 745 
0x3E3E , 714 
0x4D4D , 742 
0x6E6E , 0 
0x1C1C , 721 
0x2020 , 747 
0x3E3E , 717 
0x4D4D , 739 
0x6E6E , 0 
0x1C1C , 721 
0x2020 , 751 
0x3E3E , 716 
0x4D4D , 739 
0x6E6E , 0 
0x1C1C , 716 
0x2020 , 747 
0x3E3E , 717 
0x4D4D , 739 
0x6E6E , 0 
0x1C1C , 714 
0x2020 , 740 
0x3E3E , 711 
0x4D4D , 738 
0x6E6E , 0 
0x1C1C , 715 
0x2020 , 738 
0x3E3E , 711 
0x4D4D , 738 
0x6E6E , 0 
0x1C1C , 716 
0x2020 , 742 
0x3E3E , 712 
0x4D4D , 738 
0x6E6E , 0 
0x1C1C , 718 
0x2020 , 744 
0x3E3E , 715 
0x4D4D , 737 
0x6E6E , 0 
0x1C1C , 717 
0x2020 , 744 
0x3E3E , -14 
0x4D4D , 740 
0x6E6E , 0 
0x1C1C , 718 
0x2020 , 746 
0x3E3E , -14 
0x4D4D , 739 
0x6E6E , 0 
0x1C1C , 716 
0x2020 , 743 
0x3E3E , 718 
0x4D4D , 738 
0x6E6E , 0 
0x1C1C , 717 
0x2020 , 747 
0x3E3E , 717 
0x4D4D , 739 
0x6E6E , 0 
0x1C1C , -5 
0x2020 , 0 
0x3E3E , -14 
0x4D4D , -8 
0x6E6E , 0 
0x1C1C , 716 
0x2020 , 740 
0x3E3E , 715 
0x4D4D , 736 
0x6E6E , 0 
0x1C1C , 715 
0x2020 , 744 
0x3E3E , 716 
0x4D4D , 738 
0x6E6E , 0 
0x1C1C , 715 
0x2020 , 740 
0x3E3E , 716 
0x4D4D , 737 
0x6E6E , 0 
