0x1C1C , 299 
0x2020 , 318 
0x3E3E , 302 
0x4D4D , 303 
0x6E6E , 311 
0x1C1C , 302 
0x2020 , 317 
0x3E3E , 289 
0x4D4D , 307 
0x6E6E , 306 
0x1C1C , 306 
0x2020 , 317 
0x3E3E , 300 
0x4D4D , 313 
0x6E6E , 315 
0x1C1C , 302 
0x2020 , 314 
0x3E3E , 287 
0x4D4D , 299 
0x6E6E , 313 
0x1C1C , 295 
0x2020 , 319 
0x3E3E , 297 
0x4D4D , 312 
0x6E6E , 303 
0x1C1C , 303 
0x2020 , 319 
0x3E3E , 287 
0x4D4D , 298 
0x6E6E , 304 
0x1C1C , 303 
0x2020 , 318 
0x3E3E , 284 
0x4D4D , 304 
0x6E6E , 314 
0x1C1C , 304 
0x2020 , 318 
0x3E3E , 293 
0x4D4D , 300 
0x6E6E , 303 
0x1C1C , 300 
0x2020 , 318 
0x3E3E , 296 
0x4D4D , 306 
0x6E6E , 305 
0x1C1C , 304 
0x2020 , 320 
0x3E3E , 280 
0x4D4D , 305 
0x6E6E , 313 
0x1C1C , 300 
0x2020 , 317 
0x3E3E , 288 
0x4D4D , 308 
0x6E6E , 310 
0x1C1C , 307 
0x2020 , 320 
0x3E3E , 277 
0x4D4D , 309 
0x6E6E , 313 
0x1C1C , 302 
0x2020 , 316 
0x3E3E , 281 
0x4D4D , 309 
0x6E6E , 311 
0x1C1C , 303 
0x2020 , 318 
0x3E3E , 294 
0x4D4D , 307 
0x6E6E , 316 
0x1C1C , 309 
0x2020 , 320 
0x3E3E , 294 
0x4D4D , 305 
0x6E6E , 310 
0x1C1C , 302 
0x2020 , 316 
0x3E3E , 289 
0x4D4D , 304 
0x6E6E , 308 
0x1C1C , 301 
0x2020 , 318 
0x3E3E , 283 
0x4D4D , 307 
0x6E6E , 311 
0x1C1C , 302 
0x2020 , 318 
0x3E3E , 290 
0x4D4D , 310 
0x6E6E , 306 
0x1C1C , 303 
0x2020 , 321 
0x3E3E , 286 
0x4D4D , 307 
0x6E6E , 310 
0x1C1C , 309 
0x2020 , 318 
0x3E3E , 285 
0x4D4D , 310 
0x6E6E , 316 
0x1C1C , 297 
0x2020 , 320 
0x3E3E , 275 
0x4D4D , 308 
0x6E6E , 312 
0x1C1C , 298 
0x2020 , 317 
0x3E3E , 280 
0x4D4D , 311 
0x6E6E , 318 
0x1C1C , 296 
0x2020 , 319 
0x3E3E , 275 
0x4D4D , 308 
0x6E6E , 307 
0x1C1C , 299 
0x2020 , 317 
0x3E3E , 290 
0x4D4D , 307 
0x6E6E , 305 
0x1C1C , 299 
0x2020 , 318 
0x3E3E , 291 
0x4D4D , 311 
0x6E6E , 310 
0x1C1C , 294 
0x2020 , 319 
0x3E3E , 285 
0x4D4D , 309 
0x6E6E , 312 
0x1C1C , 297 
0x2020 , 324 
0x3E3E , 297 
0x4D4D , 304 
0x6E6E , 304 
0x1C1C , 297 
0x2020 , 322 
0x3E3E , 282 
0x4D4D , 307 
0x6E6E , 310 
0x1C1C , 301 
0x2020 , 317 
0x3E3E , 284 
0x4D4D , 309 
0x6E6E , 308 
0x1C1C , 297 
0x2020 , 321 
0x3E3E , 291 
0x4D4D , 309 
0x6E6E , 312 
0x1C1C , 288 
0x2020 , 317 
0x3E3E , 284 
0x4D4D , 311 
0x6E6E , 307 
0x1C1C , 303 
0x2020 , 321 
0x3E3E , 290 
0x4D4D , 308 
0x6E6E , 312 
0x1C1C , 300 
0x2020 , 320 
0x3E3E , 281 
0x4D4D , 301 
0x6E6E , 303 
0x1C1C , 306 
0x2020 , 318 
0x3E3E , 290 
0x4D4D , 308 
0x6E6E , 310 
0x1C1C , 296 
0x2020 , 317 
0x3E3E , 279 
0x4D4D , 308 
0x6E6E , 303 
0x1C1C , 300 
0x2020 , 314 
0x3E3E , 293 
0x4D4D , 306 
0x6E6E , 313 
0x1C1C , 295 
0x2020 , 319 
0x3E3E , 283 
0x4D4D , 297 
0x6E6E , 311 
0x1C1C , 298 
0x2020 , 314 
0x3E3E , 291 
0x4D4D , 301 
0x6E6E , 308 
0x1C1C , 300 
0x2020 , 318 
0x3E3E , 296 
0x4D4D , 298 
0x6E6E , 314 
0x1C1C , 301 
0x2020 , 315 
0x3E3E , 288 
0x4D4D , 305 
0x6E6E , 311 
0x1C1C , 301 
0x2020 , 318 
0x3E3E , 297 
0x4D4D , 299 
0x6E6E , 309 
0x1C1C , 298 
0x2020 , 318 
0x3E3E , 286 
0x4D4D , 293 
0x6E6E , 310 
0x1C1C , 299 
0x2020 , 318 
0x3E3E , 276 
0x4D4D , -8 
0x6E6E , 315 
0x1C1C , 303 
0x2020 , 319 
0x3E3E , 288 
0x4D4D , -8 
0x6E6E , 311 
0x1C1C , 301 
0x2020 , 316 
0x3E3E , 299 
0x4D4D , -8 
0x6E6E , 311 
0x1C1C , 297 
0x2020 , 320 
0x3E3E , 292 
0x4D4D , -8 
0x6E6E , 316 
0x1C1C , 294 
0x2020 , 320 
0x3E3E , 277 
0x4D4D , -8 
0x6E6E , 0 
0x1C1C , -5 
0x2020 , 0 
0x3E3E , -14 
0x4D4D , -8 
0x6E6E , 312 
0x1C1C , -5 
0x2020 , 0 
0x3E3E , -14 
0x4D4D , -8 
0x6E6E , 307 
0x1C1C , -5 
0x2020 , 0 
0x3E3E , -14 
0x4D4D , -8 
0x6E6E , 308 
0x1C1C , -5 
0x2020 , 0 
0x3E3E , -14 
0x4D4D , -8 
0x6E6E , 306 
0x1C1C , -5 
0x2020 , 0 
0x3E3E , -14 
0x4D4D , -8 
0x6E6E , 312 
0x1C1C , -5 
0x2020 , 0 
0x3E3E , -14 
0x4D4D , -8 
0x6E6E , 308 
0x1C1C , -5 
0x2020 , 0 
0x3E3E , -14 
0x4D4D , -8 
0x6E6E , 309 
0x1C1C , -5 
0x2020 , 0 
0x3E3E , -14 
0x4D4D , -8 
0x6E6E , 0 
0x1C1C , -5 
0x2020 , 0 
0x3E3E , -14 
0x4D4D , -8 
0x6E6E , 311 
0x1C1C , -5 
0x2020 , 0 
0x3E3E , -14 
0x4D4D , -8 
0x6E6E , 308 
0x1C1C , -5 
0x2020 , 0 
0x3E3E , -14 
0x4D4D , -8 
0x6E6E , 310 
0x1C1C , 298 
0x2020 , 0 
0x3E3E , 275 
0x4D4D , -8 
0x6E6E , 309 
0x1C1C , 306 
0x2020 , 0 
0x3E3E , 285 
0x4D4D , -8 
0x6E6E , 309 
0x1C1C , 300 
0x2020 , 0 
0x3E3E , -14 
0x4D4D , -8 
0x6E6E , 0 
0x1C1C , -5 
0x2020 , 0 
0x3E3E , -14 
0x4D4D , -8 
0x6E6E , 0 
0x1C1C , -5 
0x2020 , 0 
0x3E3E , -14 
0x4D4D , 304 
0x6E6E , 0 
0x1C1C , -5 
0x2020 , 0 
0x3E3E , -14 
0x4D4D , 295 
0x6E6E , 0 
0x1C1C , -5 
0x2020 , 0 
0x3E3E , -14 
0x4D4D , 310 
0x6E6E , 0 
0x1C1C , 301 
0x2020 , 318 
0x3E3E , 283 
0x4D4D , -8 
0x6E6E , 309 
0x1C1C , 298 
0x2020 , 320 
0x3E3E , 294 
0x4D4D , -8 
0x6E6E , 317 
0x1C1C , 297 
0x2020 , 317 
0x3E3E , 278 
0x4D4D , -8 
0x6E6E , 314 
0x1C1C , 297 
0x2020 , 320 
0x3E3E , 288 
0x4D4D , -8 
0x6E6E , 313 
0x1C1C , 304 
0x2020 , 318 
0x3E3E , 278 
0x4D4D , -8 
0x6E6E , 306 
0x1C1C , 298 
0x2020 , 320 
0x3E3E , 276 
0x4D4D , -8 
0x6E6E , 310 
0x1C1C , 296 
0x2020 , 318 
0x3E3E , 272 
0x4D4D , -8 
0x6E6E , 309 
0x1C1C , 293 
0x2020 , 316 
0x3E3E , 277 
0x4D4D , -8 
0x6E6E , 313 
0x1C1C , 301 
0x2020 , 319 
0x3E3E , 281 
0x4D4D , -8 
0x6E6E , 305 
0x1C1C , 300 
0x2020 , 314 
0x3E3E , 286 
0x4D4D , -8 
0x6E6E , 311 
0x1C1C , 295 
0x2020 , 319 
0x3E3E , 289 
0x4D4D , -8 
0x6E6E , 302 
0x1C1C , 304 
0x2020 , 316 
0x3E3E , 283 
0x4D4D , -8 
0x6E6E , 308 
0x1C1C , 305 
0x2020 , 318 
0x3E3E , 291 
0x4D4D , -8 
0x6E6E , 311 
0x1C1C , 301 
0x2020 , 316 
0x3E3E , 282 
0x4D4D , -8 
0x6E6E , 313 
0x1C1C , 306 
0x2020 , 319 
0x3E3E , 275 
0x4D4D , -8 
0x6E6E , 311 
0x1C1C , 301 
0x2020 , 322 
0x3E3E , 275 
0x4D4D , -8 
0x6E6E , 310 
0x1C1C , 299 
0x2020 , 319 
0x3E3E , 284 
0x4D4D , -8 
0x6E6E , 307 
0x1C1C , 301 
0x2020 , 319 
0x3E3E , 282 
0x4D4D , -8 
0x6E6E , 312 
0x1C1C , 302 
0x2020 , 321 
0x3E3E , 280 
0x4D4D , -8 
0x6E6E , 312 
0x1C1C , 303 
0x2020 , 321 
0x3E3E , 292 
0x4D4D , -8 
0x6E6E , 306 
0x1C1C , 301 
0x2020 , 319 
0x3E3E , 279 
0x4D4D , -8 
0x6E6E , 305 
0x1C1C , 302 
0x2020 , 319 
0x3E3E , 286 
0x4D4D , 293 
0x6E6E , 309 
0x1C1C , 299 
0x2020 , 320 
0x3E3E , 286 
0x4D4D , -8 
0x6E6E , 309 
0x1C1C , 300 
0x2020 , 318 
0x3E3E , 281 
0x4D4D , 297 
0x6E6E , 307 
0x1C1C , 300 
0x2020 , 320 
0x3E3E , 284 
0x4D4D , 309 
0x6E6E , 309 
0x1C1C , 295 
0x2020 , 321 
0x3E3E , 285 
0x4D4D , 302 
0x6E6E , 309 
0x1C1C , 297 
0x2020 , 318 
0x3E3E , 288 
0x4D4D , 304 
0x6E6E , 307 
0x1C1C , 300 
0x2020 , 316 
0x3E3E , 284 
0x4D4D , 301 
0x6E6E , 310 
0x1C1C , 304 
0x2020 , 0 
0x3E3E , -14 
0x4D4D , -8 
0x6E6E , 0 
0x1C1C , -5 
0x2020 , 315 
0x3E3E , -14 
0x4D4D , -8 
0x6E6E , 0 
0x1C1C , -5 
0x2020 , 320 
0x3E3E , -14 
0x4D4D , -8 
0x6E6E , 0 
0x1C1C , -5 
0x2020 , 318 
0x3E3E , -14 
0x4D4D , -8 
0x6E6E , 0 
0x1C1C , -5 
0x2020 , 318 
0x3E3E , -14 
0x4D4D , -8 
0x6E6E , 0 
0x1C1C , -5 
0x2020 , 0 
0x3E3E , -14 
0x4D4D , -8 
0x6E6E , 0 
0x1C1C , -5 
0x2020 , 320 
0x3E3E , -14 
0x4D4D , -8 
0x6E6E , 0 
0x1C1C , -5 
0x2020 , 317 
0x3E3E , -14 
0x4D4D , -8 
0x6E6E , 0 
0x1C1C , -5 
0x2020 , 321 
0x3E3E , -14 
0x4D4D , -8 
0x6E6E , 0 
0x1C1C , -5 
0x2020 , 322 
0x3E3E , -14 
0x4D4D , -8 
0x6E6E , 0 
0x1C1C , -5 
0x2020 , 317 
0x3E3E , -14 
0x4D4D , -8 
0x6E6E , 0 
0x1C1C , -5 
0x2020 , 316 
0x3E3E , -14 
0x4D4D , -8 
0x6E6E , 0 
0x1C1C , -5 
0x2020 , 319 
0x3E3E , -14 
0x4D4D , -8 
0x6E6E , 0 
0x1C1C , -5 
0x2020 , 318 
0x3E3E , -14 
0x4D4D , 298 
0x6E6E , 0 
0x1C1C , 300 
0x2020 , 319 
0x3E3E , 285 
0x4D4D , -8 
0x6E6E , 310 
0x1C1C , 295 
0x2020 , 319 
0x3E3E , 294 
0x4D4D , -8 
0x6E6E , 309 
0x1C1C , 302 
0x2020 , 317 
0x3E3E , 282 
0x4D4D , -8 
0x6E6E , 308 
0x1C1C , 290 
0x2020 , 319 
0x3E3E , 274 
0x4D4D , -8 
0x6E6E , 316 
0x1C1C , 303 
0x2020 , 313 
0x3E3E , 275 
0x4D4D , -8 
0x6E6E , 304 
0x1C1C , 302 
0x2020 , 318 
0x3E3E , 283 
0x4D4D , -8 
0x6E6E , 309 
0x1C1C , 303 
0x2020 , 319 
0x3E3E , 282 
0x4D4D , -8 
0x6E6E , 309 
0x1C1C , 305 
0x2020 , 315 
0x3E3E , 277 
0x4D4D , 303 
0x6E6E , 301 
0x1C1C , 302 
0x2020 , 317 
0x3E3E , 284 
0x4D4D , 307 
0x6E6E , 308 
0x1C1C , 301 
0x2020 , 315 
0x3E3E , 290 
0x4D4D , 309 
0x6E6E , 307 
0x1C1C , 300 
0x2020 , 316 
0x3E3E , 293 
0x4D4D , 304 
0x6E6E , 307 
0x1C1C , 302 
0x2020 , 316 
0x3E3E , 271 
0x4D4D , 304 
0x6E6E , 309 
0x1C1C , 295 
0x2020 , 314 
0x3E3E , 288 
0x4D4D , 307 
0x6E6E , 304 
0x1C1C , 298 
0x2020 , 318 
0x3E3E , 276 
0x4D4D , 307 
0x6E6E , 308 
0x1C1C , 299 
0x2020 , 319 
0x3E3E , 281 
0x4D4D , -8 
0x6E6E , 308 
0x1C1C , 299 
0x2020 , 318 
0x3E3E , 289 
0x4D4D , -8 
0x6E6E , 309 
0x1C1C , 298 
0x2020 , 317 
0x3E3E , 282 
0x4D4D , -8 
0x6E6E , 307 
0x1C1C , 297 
0x2020 , 318 
0x3E3E , 282 
0x4D4D , -8 
0x6E6E , 313 
0x1C1C , 302 
0x2020 , 319 
0x3E3E , 281 
0x4D4D , -8 
0x6E6E , 304 
0x1C1C , 295 
0x2020 , 322 
0x3E3E , 284 
0x4D4D , -8 
0x6E6E , 312 
0x1C1C , 294 
0x2020 , 316 
0x3E3E , 290 
0x4D4D , -8 
0x6E6E , 311 
0x1C1C , 291 
0x2020 , 316 
0x3E3E , 279 
0x4D4D , -8 
0x6E6E , 309 
0x1C1C , 300 
0x2020 , 318 
0x3E3E , 296 
0x4D4D , -8 
0x6E6E , 307 
0x1C1C , 294 
0x2020 , 319 
0x3E3E , 278 
0x4D4D , -8 
0x6E6E , 311 
0x1C1C , 305 
0x2020 , 319 
0x3E3E , 284 
0x4D4D , -8 
0x6E6E , 308 
0x1C1C , 300 
0x2020 , 313 
0x3E3E , 283 
0x4D4D , -8 
0x6E6E , 312 
0x1C1C , 298 
0x2020 , 316 
0x3E3E , 289 
0x4D4D , -8 
0x6E6E , 307 
0x1C1C , 304 
0x2020 , 318 
0x3E3E , -14 
0x4D4D , 303 
0x6E6E , 310 
0x1C1C , 297 
0x2020 , 316 
0x3E3E , 280 
0x4D4D , 312 
0x6E6E , 312 
0x1C1C , 296 
0x2020 , 319 
0x3E3E , 277 
0x4D4D , 309 
0x6E6E , 309 
0x1C1C , 298 
0x2020 , 321 
0x3E3E , 290 
0x4D4D , 310 
0x6E6E , 308 
0x1C1C , 292 
0x2020 , 319 
0x3E3E , 287 
0x4D4D , 310 
0x6E6E , 312 
0x1C1C , 299 
0x2020 , 316 
0x3E3E , -14 
0x4D4D , 300 
0x6E6E , 311 
0x1C1C , 299 
0x2020 , 321 
0x3E3E , -14 
0x4D4D , 304 
0x6E6E , 315 
0x1C1C , 298 
0x2020 , 317 
0x3E3E , -14 
0x4D4D , 303 
0x6E6E , 310 
0x1C1C , 296 
0x2020 , 317 
0x3E3E , 290 
0x4D4D , 303 
0x6E6E , 316 
0x1C1C , 301 
0x2020 , 315 
0x3E3E , 280 
0x4D4D , 298 
0x6E6E , 304 
0x1C1C , 295 
0x2020 , 315 
0x3E3E , 278 
0x4D4D , 304 
0x6E6E , 312 
0x1C1C , 303 
0x2020 , 319 
0x3E3E , 289 
0x4D4D , 309 
0x6E6E , 311 
0x1C1C , 297 
0x2020 , 317 
0x3E3E , 286 
0x4D4D , 305 
0x6E6E , 307 
0x1C1C , 304 
0x2020 , 312 
0x3E3E , 282 
0x4D4D , 308 
0x6E6E , 308 
0x1C1C , 302 
0x2020 , 316 
0x3E3E , 293 
0x4D4D , 307 
0x6E6E , 308 
0x1C1C , 301 
0x2020 , 319 
0x3E3E , 291 
0x4D4D , 307 
0x6E6E , 311 
0x1C1C , 296 
0x2020 , 317 
0x3E3E , 277 
0x4D4D , 304 
0x6E6E , 307 
0x1C1C , 302 
0x2020 , 316 
0x3E3E , 285 
0x4D4D , 310 
0x6E6E , 309 
0x1C1C , 296 
0x2020 , 319 
0x3E3E , 280 
0x4D4D , 301 
0x6E6E , 311 
0x1C1C , 295 
0x2020 , 318 
0x3E3E , 300 
0x4D4D , 306 
0x6E6E , 308 
0x1C1C , 297 
0x2020 , 318 
0x3E3E , 291 
0x4D4D , 307 
0x6E6E , 308 
0x1C1C , 297 
0x2020 , 316 
0x3E3E , 282 
0x4D4D , 303 
0x6E6E , 306 
0x1C1C , 297 
0x2020 , 319 
0x3E3E , 296 
0x4D4D , 304 
0x6E6E , 310 
0x1C1C , 295 
0x2020 , 316 
0x3E3E , 289 
0x4D4D , 306 
0x6E6E , 312 
0x1C1C , 295 
0x2020 , 318 
0x3E3E , 284 
0x4D4D , 305 
0x6E6E , 312 
0x1C1C , 303 
0x2020 , 312 
0x3E3E , 270 
0x4D4D , 305 
0x6E6E , 306 
0x1C1C , 300 
0x2020 , 312 
0x3E3E , 292 
0x4D4D , 305 
0x6E6E , 311 
0x1C1C , 303 
0x2020 , 313 
0x3E3E , 291 
0x4D4D , 300 
0x6E6E , 307 
0x1C1C , 301 
0x2020 , 316 
0x3E3E , 285 
0x4D4D , 305 
0x6E6E , 307 
0x1C1C , 303 
0x2020 , 316 
0x3E3E , 287 
0x4D4D , 304 
0x6E6E , 311 
0x1C1C , 291 
0x2020 , 317 
0x3E3E , 278 
0x4D4D , 308 
0x6E6E , 308 
0x1C1C , 303 
0x2020 , 316 
0x3E3E , 277 
0x4D4D , 305 
0x6E6E , 311 
0x1C1C , -5 
0x2020 , 316 
0x3E3E , 283 
0x4D4D , 306 
0x6E6E , 311 
0x1C1C , 299 
0x2020 , 322 
0x3E3E , 281 
0x4D4D , 302 
0x6E6E , 306 
0x1C1C , 297 
0x2020 , 319 
0x3E3E , 272 
0x4D4D , 312 
0x6E6E , 309 
0x1C1C , 299 
0x2020 , 317 
0x3E3E , 287 
0x4D4D , 304 
0x6E6E , 308 
0x1C1C , 299 
0x2020 , 313 
0x3E3E , 283 
0x4D4D , 313 
0x6E6E , 307 
0x1C1C , 291 
0x2020 , 315 
0x3E3E , 283 
0x4D4D , 309 
0x6E6E , 310 
0x1C1C , 302 
0x2020 , 320 
0x3E3E , 273 
0x4D4D , 305 
0x6E6E , 303 
0x1C1C , 297 
0x2020 , 317 
0x3E3E , 284 
0x4D4D , 304 
0x6E6E , 307 
0x1C1C , 302 
0x2020 , 318 
0x3E3E , 291 
0x4D4D , 307 
0x6E6E , 306 
0x1C1C , 298 
0x2020 , 318 
0x3E3E , 296 
0x4D4D , 307 
0x6E6E , 311 
0x1C1C , 297 
0x2020 , 318 
0x3E3E , 285 
0x4D4D , 304 
0x6E6E , 308 
0x1C1C , 299 
0x2020 , 313 
0x3E3E , 292 
0x4D4D , 304 
0x6E6E , 308 
0x1C1C , 299 
0x2020 , 315 
0x3E3E , 275 
0x4D4D , 307 
0x6E6E , 310 
0x1C1C , 292 
0x2020 , 320 
0x3E3E , 278 
0x4D4D , 309 
0x6E6E , 307 
0x1C1C , 301 
0x2020 , 317 
0x3E3E , 290 
0x4D4D , 312 
0x6E6E , 312 
0x1C1C , 301 
0x2020 , 318 
0x3E3E , 295 
0x4D4D , 304 
0x6E6E , 310 
0x1C1C , 303 
0x2020 , 316 
0x3E3E , 286 
0x4D4D , 307 
0x6E6E , 304 
0x1C1C , 292 
0x2020 , 319 
0x3E3E , 285 
0x4D4D , 307 
0x6E6E , 305 
0x1C1C , 298 
0x2020 , 318 
0x3E3E , 285 
0x4D4D , 307 
0x6E6E , 313 
0x1C1C , 298 
0x2020 , 317 
0x3E3E , 291 
0x4D4D , 310 
0x6E6E , 309 
0x1C1C , 296 
0x2020 , 319 
0x3E3E , 286 
0x4D4D , 304 
0x6E6E , 302 
0x1C1C , 295 
0x2020 , 316 
0x3E3E , 283 
0x4D4D , 309 
0x6E6E , 316 
0x1C1C , 298 
0x2020 , 315 
0x3E3E , 280 
0x4D4D , 301 
0x6E6E , 308 
0x1C1C , 293 
0x2020 , 318 
0x3E3E , 282 
0x4D4D , 300 
0x6E6E , 308 
0x1C1C , 300 
0x2020 , 320 
0x3E3E , 283 
0x4D4D , 309 
0x6E6E , 302 
0x1C1C , 301 
0x2020 , 318 
0x3E3E , 276 
0x4D4D , 302 
0x6E6E , 308 
0x1C1C , 298 
0x2020 , 319 
0x3E3E , 289 
0x4D4D , 304 
0x6E6E , 308 
0x1C1C , 302 
0x2020 , 321 
0x3E3E , 276 
0x4D4D , 306 
0x6E6E , 313 
0x1C1C , 301 
0x2020 , 316 
0x3E3E , 280 
0x4D4D , 304 
0x6E6E , 307 
0x1C1C , 296 
0x2020 , 321 
0x3E3E , 292 
0x4D4D , 303 
0x6E6E , 312 
0x1C1C , 301 
0x2020 , 320 
0x3E3E , 289 
0x4D4D , 309 
0x6E6E , 310 
0x1C1C , 296 
0x2020 , 314 
0x3E3E , 273 
0x4D4D , 306 
0x6E6E , 303 
0x1C1C , 292 
0x2020 , 318 
0x3E3E , -14 
0x4D4D , 308 
0x6E6E , 313 
0x1C1C , 295 
0x2020 , 318 
0x3E3E , -14 
0x4D4D , 305 
0x6E6E , 313 
0x1C1C , 299 
0x2020 , 318 
0x3E3E , -14 
0x4D4D , 305 
0x6E6E , 304 
0x1C1C , 301 
0x2020 , 314 
0x3E3E , -14 
0x4D4D , 308 
0x6E6E , 311 
0x1C1C , 298 
0x2020 , 316 
0x3E3E , -14 
0x4D4D , 309 
0x6E6E , 310 
0x1C1C , 297 
0x2020 , 318 
0x3E3E , -14 
0x4D4D , 308 
0x6E6E , 305 
0x1C1C , 294 
0x2020 , 320 
0x3E3E , -14 
0x4D4D , 303 
0x6E6E , 308 
0x1C1C , 302 
0x2020 , 317 
0x3E3E , -14 
0x4D4D , 307 
0x6E6E , 310 
0x1C1C , 300 
0x2020 , 318 
0x3E3E , -14 
0x4D4D , 307 
0x6E6E , 304 
0x1C1C , 299 
0x2020 , 322 
0x3E3E , -14 
0x4D4D , 301 
0x6E6E , 306 
0x1C1C , 296 
0x2020 , 317 
0x3E3E , -14 
0x4D4D , 306 
0x6E6E , 308 
0x1C1C , 294 
0x2020 , 321 
0x3E3E , 288 
0x4D4D , 300 
0x6E6E , 308 
0x1C1C , 295 
0x2020 , 316 
0x3E3E , 279 
0x4D4D , 307 
0x6E6E , 309 
0x1C1C , 301 
0x2020 , 0 
0x3E3E , 279 
0x4D4D , 304 
0x6E6E , 303 
0x1C1C , 296 
0x2020 , 0 
0x3E3E , 273 
0x4D4D , 308 
0x6E6E , 308 
0x1C1C , 302 
0x2020 , 0 
0x3E3E , 283 
0x4D4D , 305 
0x6E6E , 305 
0x1C1C , 296 
0x2020 , 310 
0x3E3E , 283 
0x4D4D , 309 
0x6E6E , 306 
0x1C1C , 302 
0x2020 , 321 
0x3E3E , 288 
0x4D4D , 302 
0x6E6E , 303 
0x1C1C , 300 
0x2020 , 314 
0x3E3E , 286 
0x4D4D , 303 
0x6E6E , 311 
0x1C1C , 298 
0x2020 , 318 
0x3E3E , 278 
0x4D4D , 308 
0x6E6E , 311 
0x1C1C , 299 
0x2020 , 318 
0x3E3E , 290 
0x4D4D , 305 
0x6E6E , 307 
0x1C1C , 302 
0x2020 , 315 
0x3E3E , 293 
0x4D4D , 307 
0x6E6E , 312 
0x1C1C , 296 
0x2020 , 316 
0x3E3E , 288 
0x4D4D , 303 
0x6E6E , 310 
0x1C1C , 301 
0x2020 , 320 
0x3E3E , 276 
0x4D4D , 302 
0x6E6E , 307 
0x1C1C , 301 
0x2020 , 317 
0x3E3E , 291 
0x4D4D , 305 
0x6E6E , 308 
0x1C1C , 298 
0x2020 , 313 
0x3E3E , 275 
0x4D4D , 306 
0x6E6E , 306 
0x1C1C , 298 
0x2020 , 318 
0x3E3E , 283 
0x4D4D , 304 
0x6E6E , 316 
0x1C1C , 299 
0x2020 , 318 
0x3E3E , 279 
0x4D4D , 307 
0x6E6E , 315 
0x1C1C , 300 
0x2020 , 318 
0x3E3E , -14 
0x4D4D , 307 
0x6E6E , 313 
0x1C1C , 295 
0x2020 , 317 
0x3E3E , -14 
0x4D4D , 307 
0x6E6E , 310 
0x1C1C , 296 
0x2020 , 321 
0x3E3E , -14 
0x4D4D , 301 
0x6E6E , 309 
0x1C1C , 302 
0x2020 , 318 
0x3E3E , 291 
0x4D4D , 312 
0x6E6E , 306 
0x1C1C , 297 
0x2020 , 320 
0x3E3E , 291 
0x4D4D , 305 
0x6E6E , 307 
0x1C1C , 294 
0x2020 , 318 
0x3E3E , 287 
0x4D4D , 306 
0x6E6E , 310 
0x1C1C , 295 
0x2020 , 317 
0x3E3E , 283 
0x4D4D , 303 
0x6E6E , 303 
0x1C1C , 302 
0x2020 , 315 
0x3E3E , 283 
0x4D4D , 304 
0x6E6E , 314 
0x1C1C , 295 
0x2020 , 319 
0x3E3E , 282 
0x4D4D , 306 
0x6E6E , 310 
0x1C1C , 302 
0x2020 , 318 
0x3E3E , 294 
0x4D4D , 308 
0x6E6E , 310 
0x1C1C , 302 
0x2020 , 320 
0x3E3E , 293 
0x4D4D , 306 
0x6E6E , 315 
0x1C1C , 296 
0x2020 , 318 
0x3E3E , 275 
0x4D4D , 311 
0x6E6E , 313 
0x1C1C , 300 
0x2020 , 318 
0x3E3E , 278 
0x4D4D , 304 
0x6E6E , 310 
0x1C1C , 303 
0x2020 , 315 
0x3E3E , 289 
0x4D4D , 313 
0x6E6E , 315 
0x1C1C , 296 
0x2020 , 314 
0x3E3E , 284 
0x4D4D , 305 
0x6E6E , 307 
0x1C1C , 298 
0x2020 , 320 
0x3E3E , 291 
0x4D4D , 302 
0x6E6E , 310 
0x1C1C , 292 
0x2020 , 318 
0x3E3E , 279 
0x4D4D , 303 
0x6E6E , 310 
0x1C1C , 294 
0x2020 , 319 
0x3E3E , 277 
0x4D4D , 303 
0x6E6E , 305 
0x1C1C , 294 
0x2020 , 318 
0x3E3E , 288 
0x4D4D , 304 
0x6E6E , 306 
0x1C1C , 292 
0x2020 , 317 
0x3E3E , 275 
0x4D4D , 307 
0x6E6E , 308 
0x1C1C , 301 
0x2020 , 314 
0x3E3E , 279 
0x4D4D , 306 
0x6E6E , 310 
0x1C1C , 295 
0x2020 , 319 
0x3E3E , 287 
0x4D4D , 313 
0x6E6E , 308 
0x1C1C , 298 
0x2020 , 318 
0x3E3E , 288 
0x4D4D , 312 
0x6E6E , 311 
0x1C1C , 296 
0x2020 , 314 
0x3E3E , 269 
0x4D4D , 307 
0x6E6E , 312 
0x1C1C , 306 
0x2020 , 317 
0x3E3E , 285 
0x4D4D , 311 
0x6E6E , 303 
0x1C1C , 296 
0x2020 , 320 
0x3E3E , 282 
0x4D4D , 311 
0x6E6E , 309 
0x1C1C , 292 
0x2020 , 318 
0x3E3E , 271 
0x4D4D , 308 
0x6E6E , 313 
0x1C1C , 298 
0x2020 , 318 
0x3E3E , 294 
0x4D4D , 302 
0x6E6E , 316 
0x1C1C , 295 
0x2020 , 315 
0x3E3E , 293 
0x4D4D , 314 
0x6E6E , 307 
0x1C1C , 296 
0x2020 , 318 
0x3E3E , 289 
0x4D4D , 304 
0x6E6E , 310 
0x1C1C , 295 
0x2020 , 320 
0x3E3E , 293 
0x4D4D , 309 
0x6E6E , 307 
0x1C1C , 300 
0x2020 , 319 
0x3E3E , 279 
0x4D4D , 305 
0x6E6E , 305 
0x1C1C , 302 
0x2020 , 314 
0x3E3E , 288 
0x4D4D , 307 
0x6E6E , 310 
