0x1C1C , 629 
0x2020 , 655 
0x3E3E , 624 
0x4D4D , 648 
0x6E6E , 636 
0x1C1C , 625 
0x2020 , 654 
0x3E3E , 619 
0x4D4D , 653 
0x6E6E , 639 
0x1C1C , 629 
0x2020 , 655 
0x3E3E , 622 
0x4D4D , 654 
0x6E6E , 638 
0x1C1C , 635 
0x2020 , 653 
0x3E3E , 618 
0x4D4D , 653 
0x6E6E , 636 
0x1C1C , 637 
0x2020 , 652 
0x3E3E , 618 
0x4D4D , 650 
0x6E6E , 637 
0x1C1C , 632 
0x2020 , 651 
0x3E3E , 621 
0x4D4D , 651 
0x6E6E , 640 
0x1C1C , 634 
0x2020 , 655 
0x3E3E , 619 
0x4D4D , 649 
0x6E6E , 637 
0x1C1C , 629 
0x2020 , 653 
0x3E3E , -14 
0x4D4D , 647 
0x6E6E , 637 
0x1C1C , 631 
0x2020 , 655 
0x3E3E , -14 
0x4D4D , 648 
0x6E6E , 641 
0x1C1C , 639 
0x2020 , 656 
0x3E3E , -14 
0x4D4D , 650 
0x6E6E , 640 
0x1C1C , 633 
0x2020 , 651 
0x3E3E , -14 
0x4D4D , 652 
0x6E6E , 637 
0x1C1C , 633 
0x2020 , 655 
0x3E3E , -14 
0x4D4D , 651 
0x6E6E , 641 
0x1C1C , 634 
0x2020 , 655 
0x3E3E , -14 
0x4D4D , 652 
0x6E6E , 633 
0x1C1C , 633 
0x2020 , 654 
0x3E3E , -14 
0x4D4D , 654 
0x6E6E , 639 
0x1C1C , 636 
0x2020 , 658 
0x3E3E , -14 
0x4D4D , 651 
0x6E6E , 639 
0x1C1C , 633 
0x2020 , 655 
0x3E3E , -14 
0x4D4D , 649 
0x6E6E , 640 
0x1C1C , 636 
0x2020 , 655 
0x3E3E , -14 
0x4D4D , 646 
0x6E6E , 640 
0x1C1C , 637 
0x2020 , 654 
0x3E3E , -14 
0x4D4D , 650 
0x6E6E , 636 
0x1C1C , 633 
0x2020 , 654 
0x3E3E , -14 
0x4D4D , 653 
0x6E6E , 637 
0x1C1C , 638 
0x2020 , 653 
0x3E3E , 621 
0x4D4D , 649 
0x6E6E , 639 
0x1C1C , 633 
0x2020 , 655 
0x3E3E , 617 
0x4D4D , 649 
0x6E6E , 640 
0x1C1C , 636 
0x2020 , 654 
0x3E3E , 619 
0x4D4D , 648 
0x6E6E , 638 
0x1C1C , 630 
0x2020 , 653 
0x3E3E , 619 
0x4D4D , 646 
0x6E6E , 634 
0x1C1C , 631 
0x2020 , 652 
0x3E3E , 622 
0x4D4D , 647 
0x6E6E , 639 
0x1C1C , 633 
0x2020 , 654 
0x3E3E , 617 
0x4D4D , 645 
0x6E6E , 636 
0x1C1C , 629 
0x2020 , 656 
0x3E3E , 623 
0x4D4D , 647 
0x6E6E , 639 
0x1C1C , 630 
0x2020 , 654 
0x3E3E , 619 
0x4D4D , 648 
0x6E6E , 637 
0x1C1C , 632 
0x2020 , 653 
0x3E3E , 619 
0x4D4D , 650 
0x6E6E , 637 
0x1C1C , 634 
0x2020 , 654 
0x3E3E , 618 
0x4D4D , 649 
0x6E6E , 635 
0x1C1C , 634 
0x2020 , 656 
0x3E3E , 617 
0x4D4D , 646 
0x6E6E , 638 
0x1C1C , 631 
0x2020 , 655 
0x3E3E , 619 
0x4D4D , 650 
0x6E6E , 638 
0x1C1C , 631 
0x2020 , 652 
0x3E3E , 614 
0x4D4D , 653 
0x6E6E , 638 
0x1C1C , 632 
0x2020 , 656 
0x3E3E , 615 
0x4D4D , 647 
0x6E6E , 636 
0x1C1C , 634 
0x2020 , 658 
0x3E3E , 620 
0x4D4D , 645 
0x6E6E , 637 
0x1C1C , 632 
0x2020 , 656 
0x3E3E , 623 
0x4D4D , 648 
0x6E6E , 637 
0x1C1C , 632 
0x2020 , 655 
0x3E3E , 617 
0x4D4D , 643 
0x6E6E , 637 
0x1C1C , 634 
0x2020 , 653 
0x3E3E , 618 
0x4D4D , 655 
0x6E6E , 639 
0x1C1C , 633 
0x2020 , 652 
0x3E3E , 619 
0x4D4D , 654 
0x6E6E , 635 
0x1C1C , 635 
0x2020 , 652 
0x3E3E , 616 
0x4D4D , 653 
0x6E6E , 638 
0x1C1C , 635 
0x2020 , 654 
0x3E3E , 619 
0x4D4D , 648 
0x6E6E , 640 
0x1C1C , 635 
0x2020 , 651 
0x3E3E , 617 
0x4D4D , 649 
0x6E6E , 642 
0x1C1C , 633 
0x2020 , 655 
0x3E3E , 616 
0x4D4D , 652 
0x6E6E , 633 
0x1C1C , 633 
0x2020 , 654 
0x3E3E , 616 
0x4D4D , 646 
0x6E6E , 638 
0x1C1C , 636 
0x2020 , 654 
0x3E3E , 616 
0x4D4D , 646 
0x6E6E , 638 
0x1C1C , 629 
0x2020 , 653 
0x3E3E , 618 
0x4D4D , 654 
0x6E6E , 639 
0x1C1C , 628 
0x2020 , 655 
0x3E3E , 620 
0x4D4D , 646 
0x6E6E , 638 
0x1C1C , 631 
0x2020 , 649 
0x3E3E , 619 
0x4D4D , 650 
0x6E6E , 638 
0x1C1C , 635 
0x2020 , 651 
0x3E3E , 620 
0x4D4D , 647 
0x6E6E , 639 
0x1C1C , 631 
0x2020 , 653 
0x3E3E , 617 
0x4D4D , 655 
0x6E6E , 637 
0x1C1C , 635 
0x2020 , 653 
0x3E3E , 615 
0x4D4D , 650 
0x6E6E , 638 
0x1C1C , 634 
0x2020 , 652 
0x3E3E , 620 
0x4D4D , 651 
0x6E6E , 641 
0x1C1C , 628 
0x2020 , 654 
0x3E3E , 614 
0x4D4D , 647 
0x6E6E , 637 
0x1C1C , 633 
0x2020 , 654 
0x3E3E , 620 
0x4D4D , 646 
0x6E6E , 638 
0x1C1C , 635 
0x2020 , 653 
0x3E3E , 620 
0x4D4D , 653 
0x6E6E , 640 
0x1C1C , 633 
0x2020 , 650 
0x3E3E , 618 
0x4D4D , 650 
0x6E6E , 636 
0x1C1C , 635 
0x2020 , 655 
0x3E3E , 619 
0x4D4D , 647 
0x6E6E , 640 
0x1C1C , 632 
0x2020 , 655 
0x3E3E , 620 
0x4D4D , 644 
0x6E6E , 641 
0x1C1C , 629 
0x2020 , 652 
0x3E3E , 617 
0x4D4D , 646 
0x6E6E , 639 
0x1C1C , 635 
0x2020 , 656 
0x3E3E , 617 
0x4D4D , 650 
0x6E6E , 639 
0x1C1C , 631 
0x2020 , 656 
0x3E3E , 617 
0x4D4D , 652 
0x6E6E , 638 
0x1C1C , 633 
0x2020 , 655 
0x3E3E , 616 
0x4D4D , 649 
0x6E6E , 639 
0x1C1C , 627 
0x2020 , 654 
0x3E3E , 617 
0x4D4D , 650 
0x6E6E , 641 
0x1C1C , 634 
0x2020 , 657 
0x3E3E , 618 
0x4D4D , 653 
0x6E6E , 639 
0x1C1C , 632 
0x2020 , 655 
0x3E3E , 619 
0x4D4D , 652 
0x6E6E , 639 
0x1C1C , 632 
0x2020 , 654 
0x3E3E , 616 
0x4D4D , 650 
0x6E6E , 640 
0x1C1C , 636 
0x2020 , 654 
0x3E3E , 619 
0x4D4D , 653 
0x6E6E , 639 
0x1C1C , 629 
0x2020 , 655 
0x3E3E , 620 
0x4D4D , 648 
0x6E6E , 640 
0x1C1C , 631 
0x2020 , 652 
0x3E3E , 616 
0x4D4D , 651 
0x6E6E , 638 
0x1C1C , 629 
0x2020 , 655 
0x3E3E , 620 
0x4D4D , 651 
0x6E6E , 637 
0x1C1C , 633 
0x2020 , 655 
0x3E3E , 619 
0x4D4D , 650 
0x6E6E , 639 
0x1C1C , 632 
0x2020 , 650 
0x3E3E , 618 
0x4D4D , 651 
0x6E6E , 638 
0x1C1C , 630 
0x2020 , 653 
0x3E3E , 623 
0x4D4D , 646 
0x6E6E , 637 
0x1C1C , 629 
0x2020 , 655 
0x3E3E , 620 
0x4D4D , 647 
0x6E6E , 637 
0x1C1C , 633 
0x2020 , 653 
0x3E3E , 620 
0x4D4D , 651 
0x6E6E , 637 
0x1C1C , 630 
0x2020 , 652 
0x3E3E , 621 
0x4D4D , 646 
0x6E6E , 636 
0x1C1C , 634 
0x2020 , 652 
0x3E3E , 616 
0x4D4D , 647 
0x6E6E , 637 
0x1C1C , 639 
0x2020 , 655 
0x3E3E , 617 
0x4D4D , 650 
0x6E6E , 639 
0x1C1C , 633 
0x2020 , 653 
0x3E3E , 618 
0x4D4D , 653 
0x6E6E , 641 
0x1C1C , 633 
0x2020 , 653 
0x3E3E , 617 
0x4D4D , 649 
0x6E6E , 637 
0x1C1C , 637 
0x2020 , 655 
0x3E3E , 619 
0x4D4D , 654 
0x6E6E , 638 
0x1C1C , 633 
0x2020 , 653 
0x3E3E , 623 
0x4D4D , 647 
0x6E6E , 637 
0x1C1C , 633 
0x2020 , 654 
0x3E3E , 620 
0x4D4D , 650 
0x6E6E , 639 
0x1C1C , 627 
0x2020 , 648 
0x3E3E , 618 
0x4D4D , 650 
0x6E6E , 638 
0x1C1C , 633 
0x2020 , 654 
0x3E3E , 617 
0x4D4D , 649 
0x6E6E , 639 
0x1C1C , 628 
0x2020 , 656 
0x3E3E , 624 
0x4D4D , 650 
0x6E6E , 634 
0x1C1C , 630 
0x2020 , 655 
0x3E3E , 616 
0x4D4D , 645 
0x6E6E , 641 
0x1C1C , 637 
0x2020 , 652 
0x3E3E , 618 
0x4D4D , -8 
0x6E6E , 640 
0x1C1C , 632 
0x2020 , 656 
0x3E3E , 618 
0x4D4D , 647 
0x6E6E , 637 
0x1C1C , 630 
0x2020 , 654 
0x3E3E , 615 
0x4D4D , 646 
0x6E6E , 638 
0x1C1C , 630 
0x2020 , 656 
0x3E3E , 622 
0x4D4D , 654 
0x6E6E , 640 
0x1C1C , 634 
0x2020 , 652 
0x3E3E , 621 
0x4D4D , 647 
0x6E6E , 641 
0x1C1C , 638 
0x2020 , 655 
0x3E3E , 621 
0x4D4D , 652 
0x6E6E , 637 
0x1C1C , 633 
0x2020 , 653 
0x3E3E , 621 
0x4D4D , 649 
0x6E6E , 638 
0x1C1C , 635 
0x2020 , 655 
0x3E3E , 618 
0x4D4D , 651 
0x6E6E , 638 
0x1C1C , 628 
0x2020 , 656 
0x3E3E , 620 
0x4D4D , 649 
0x6E6E , 639 
