0x1C1C , 514 
0x2020 , 552 
0x3E3E , 507 
0x4D4D , 523 
0x6E6E , 525 
0x1C1C , 512 
0x2020 , 549 
0x3E3E , 503 
0x4D4D , 527 
0x6E6E , 526 
0x1C1C , 517 
0x2020 , 550 
0x3E3E , 503 
0x4D4D , 518 
0x6E6E , 519 
0x1C1C , 517 
0x2020 , 548 
0x3E3E , 508 
0x4D4D , 520 
0x6E6E , 526 
0x1C1C , 514 
0x2020 , 551 
0x3E3E , 504 
0x4D4D , 529 
0x6E6E , 524 
0x1C1C , 517 
0x2020 , 546 
0x3E3E , 507 
0x4D4D , 522 
0x6E6E , 523 
0x1C1C , 514 
0x2020 , 548 
0x3E3E , 506 
0x4D4D , 525 
0x6E6E , 524 
0x1C1C , 521 
0x2020 , 552 
0x3E3E , 511 
0x4D4D , 524 
0x6E6E , 524 
0x1C1C , 529 
0x2020 , 551 
0x3E3E , 503 
0x4D4D , 522 
0x6E6E , 528 
0x1C1C , 515 
0x2020 , 550 
0x3E3E , 505 
0x4D4D , 521 
0x6E6E , 522 
0x1C1C , 518 
0x2020 , 549 
0x3E3E , 506 
0x4D4D , 521 
0x6E6E , 524 
0x1C1C , 518 
0x2020 , 548 
0x3E3E , 510 
0x4D4D , 519 
0x6E6E , 520 
0x1C1C , 525 
0x2020 , 549 
0x3E3E , 507 
0x4D4D , 523 
0x6E6E , 527 
0x1C1C , 519 
0x2020 , 550 
0x3E3E , 507 
0x4D4D , 521 
0x6E6E , 522 
0x1C1C , 517 
0x2020 , 549 
0x3E3E , 501 
0x4D4D , 524 
0x6E6E , 525 
0x1C1C , 511 
0x2020 , 551 
0x3E3E , 506 
0x4D4D , 521 
0x6E6E , 522 
0x1C1C , 513 
0x2020 , 547 
0x3E3E , 501 
0x4D4D , 527 
0x6E6E , 526 
0x1C1C , 520 
0x2020 , 549 
0x3E3E , 503 
0x4D4D , 525 
0x6E6E , 524 
0x1C1C , 519 
0x2020 , 550 
0x3E3E , 501 
0x4D4D , 518 
0x6E6E , 519 
0x1C1C , -5 
0x2020 , 0 
0x3E3E , -14 
0x4D4D , -8 
0x6E6E , 0 
0x1C1C , 516 
0x2020 , 550 
0x3E3E , 504 
0x4D4D , 523 
0x6E6E , 526 
0x1C1C , 516 
0x2020 , 548 
0x3E3E , 501 
0x4D4D , 526 
0x6E6E , 525 
0x1C1C , 517 
0x2020 , 547 
0x3E3E , 499 
0x4D4D , 521 
0x6E6E , 527 
0x1C1C , 515 
0x2020 , 550 
0x3E3E , 500 
0x4D4D , 519 
0x6E6E , 524 
0x1C1C , 513 
0x2020 , 549 
0x3E3E , 508 
0x4D4D , 524 
0x6E6E , 520 
0x1C1C , 516 
0x2020 , 547 
0x3E3E , 503 
0x4D4D , 527 
0x6E6E , 525 
0x1C1C , 518 
0x2020 , 553 
0x3E3E , 503 
0x4D4D , 529 
0x6E6E , 525 
0x1C1C , 522 
0x2020 , 551 
0x3E3E , 501 
0x4D4D , 523 
0x6E6E , 523 
0x1C1C , 512 
0x2020 , 553 
0x3E3E , 506 
0x4D4D , 526 
0x6E6E , 526 
0x1C1C , 518 
0x2020 , 548 
0x3E3E , 508 
0x4D4D , 519 
0x6E6E , 524 
0x1C1C , 523 
0x2020 , 553 
0x3E3E , 507 
0x4D4D , 527 
0x6E6E , 525 
0x1C1C , 514 
0x2020 , 550 
0x3E3E , 508 
0x4D4D , 529 
0x6E6E , 525 
0x1C1C , 518 
0x2020 , 549 
0x3E3E , 505 
0x4D4D , 524 
0x6E6E , 524 
0x1C1C , 514 
0x2020 , 550 
0x3E3E , 507 
0x4D4D , 527 
0x6E6E , 526 
0x1C1C , 524 
0x2020 , 551 
0x3E3E , 505 
0x4D4D , 524 
0x6E6E , 526 
0x1C1C , 518 
0x2020 , 549 
0x3E3E , 499 
0x4D4D , 521 
0x6E6E , 526 
0x1C1C , 526 
0x2020 , 550 
0x3E3E , 503 
0x4D4D , 527 
0x6E6E , 521 
0x1C1C , 520 
0x2020 , 550 
0x3E3E , 507 
0x4D4D , 522 
0x6E6E , 527 
0x1C1C , 514 
0x2020 , 552 
0x3E3E , 503 
0x4D4D , 524 
0x6E6E , 519 
0x1C1C , 518 
0x2020 , 553 
0x3E3E , 502 
0x4D4D , 524 
0x6E6E , 524 
0x1C1C , 512 
0x2020 , 552 
0x3E3E , 502 
0x4D4D , 523 
0x6E6E , 525 
0x1C1C , -5 
0x2020 , 552 
0x3E3E , 507 
0x4D4D , 524 
0x6E6E , 520 
0x1C1C , -5 
0x2020 , 551 
0x3E3E , 502 
0x4D4D , 527 
0x6E6E , 527 
0x1C1C , -5 
0x2020 , 549 
0x3E3E , 506 
0x4D4D , 535 
0x6E6E , 529 
0x1C1C , -5 
0x2020 , 0 
0x3E3E , -14 
0x4D4D , -8 
0x6E6E , 0 
0x1C1C , -5 
0x2020 , 549 
0x3E3E , -14 
0x4D4D , -8 
0x6E6E , 0 
0x1C1C , -5 
0x2020 , 0 
0x3E3E , -14 
0x4D4D , 536 
0x6E6E , 0 
0x1C1C , -5 
0x2020 , 0 
0x3E3E , -14 
0x4D4D , 527 
0x6E6E , 0 
0x1C1C , -5 
0x2020 , 0 
0x3E3E , -14 
0x4D4D , 533 
0x6E6E , 0 
0x1C1C , -5 
0x2020 , 0 
0x3E3E , -14 
0x4D4D , -8 
0x6E6E , 0 
0x1C1C , -5 
0x2020 , 0 
0x3E3E , -14 
0x4D4D , 530 
0x6E6E , 0 
0x1C1C , -5 
0x2020 , 0 
0x3E3E , -14 
0x4D4D , 534 
0x6E6E , 0 
0x1C1C , -5 
0x2020 , 0 
0x3E3E , -14 
0x4D4D , 528 
0x6E6E , 0 
0x1C1C , -5 
0x2020 , 0 
0x3E3E , -14 
0x4D4D , 524 
0x6E6E , 0 
0x1C1C , -5 
0x2020 , 0 
0x3E3E , -14 
0x4D4D , -8 
0x6E6E , 0 
0x1C1C , -5 
0x2020 , 0 
0x3E3E , -14 
0x4D4D , -8 
0x6E6E , 0 
0x1C1C , -5 
0x2020 , 0 
0x3E3E , -14 
0x4D4D , 526 
0x6E6E , 0 
0x1C1C , -5 
0x2020 , 0 
0x3E3E , -14 
0x4D4D , 532 
0x6E6E , 520 
0x1C1C , 519 
0x2020 , 549 
0x3E3E , 511 
0x4D4D , 524 
0x6E6E , 526 
0x1C1C , 518 
0x2020 , 548 
0x3E3E , 508 
0x4D4D , 529 
0x6E6E , 526 
0x1C1C , 515 
0x2020 , 552 
0x3E3E , 499 
0x4D4D , 538 
0x6E6E , 526 
0x1C1C , 516 
0x2020 , 549 
0x3E3E , 495 
0x4D4D , 529 
0x6E6E , 526 
0x1C1C , 518 
0x2020 , 550 
0x3E3E , 498 
0x4D4D , 525 
0x6E6E , 526 
0x1C1C , 514 
0x2020 , 547 
0x3E3E , 498 
0x4D4D , 520 
0x6E6E , 527 
0x1C1C , 519 
0x2020 , 548 
0x3E3E , 505 
0x4D4D , 526 
0x6E6E , 529 
0x1C1C , 512 
0x2020 , 549 
0x3E3E , 498 
0x4D4D , 527 
0x6E6E , 526 
0x1C1C , 514 
0x2020 , 548 
0x3E3E , 510 
0x4D4D , 525 
0x6E6E , 526 
0x1C1C , 520 
0x2020 , 545 
0x3E3E , 503 
0x4D4D , 526 
0x6E6E , 527 
0x1C1C , 523 
0x2020 , 548 
0x3E3E , 504 
0x4D4D , 524 
0x6E6E , 527 
0x1C1C , 518 
0x2020 , 546 
0x3E3E , 504 
0x4D4D , 521 
0x6E6E , 526 
0x1C1C , 517 
0x2020 , 546 
0x3E3E , 501 
0x4D4D , 521 
0x6E6E , 525 
0x1C1C , 518 
0x2020 , 552 
0x3E3E , 501 
0x4D4D , 526 
0x6E6E , 526 
0x1C1C , 523 
0x2020 , 549 
0x3E3E , 501 
0x4D4D , 531 
0x6E6E , 526 
0x1C1C , 520 
0x2020 , 546 
0x3E3E , 504 
0x4D4D , 528 
0x6E6E , 520 
0x1C1C , 521 
0x2020 , 550 
0x3E3E , 500 
0x4D4D , 520 
0x6E6E , 521 
0x1C1C , 520 
0x2020 , 553 
0x3E3E , 501 
0x4D4D , 518 
0x6E6E , 527 
0x1C1C , 518 
0x2020 , 551 
0x3E3E , 504 
0x4D4D , 524 
0x6E6E , 524 
0x1C1C , 518 
0x2020 , 548 
0x3E3E , 500 
0x4D4D , 524 
0x6E6E , 525 
0x1C1C , 524 
0x2020 , 550 
0x3E3E , 507 
0x4D4D , 525 
0x6E6E , 524 
0x1C1C , 518 
0x2020 , 549 
0x3E3E , 500 
0x4D4D , 522 
0x6E6E , 527 
0x1C1C , 516 
0x2020 , 548 
0x3E3E , 499 
0x4D4D , 524 
0x6E6E , 520 
0x1C1C , 515 
0x2020 , 548 
0x3E3E , 503 
0x4D4D , 524 
0x6E6E , 527 
0x1C1C , 517 
0x2020 , 552 
0x3E3E , 502 
0x4D4D , 527 
0x6E6E , 525 
0x1C1C , -5 
0x2020 , 0 
0x3E3E , -14 
0x4D4D , -8 
0x6E6E , 0 
0x1C1C , 519 
0x2020 , 550 
0x3E3E , 508 
0x4D4D , 527 
0x6E6E , 525 
0x1C1C , 520 
0x2020 , 549 
0x3E3E , 504 
0x4D4D , 520 
0x6E6E , 520 
0x1C1C , 512 
0x2020 , 552 
0x3E3E , 499 
0x4D4D , 527 
0x6E6E , 525 
0x1C1C , 522 
0x2020 , 552 
0x3E3E , 503 
0x4D4D , 518 
0x6E6E , 526 
0x1C1C , 521 
0x2020 , 548 
0x3E3E , 500 
0x4D4D , 526 
0x6E6E , 521 
0x1C1C , 517 
0x2020 , 553 
0x3E3E , 502 
0x4D4D , 522 
0x6E6E , 527 
0x1C1C , 520 
0x2020 , 550 
0x3E3E , 500 
0x4D4D , 523 
0x6E6E , 526 
0x1C1C , 524 
0x2020 , 550 
0x3E3E , 498 
0x4D4D , 525 
0x6E6E , 525 
0x1C1C , 518 
0x2020 , 551 
0x3E3E , 500 
0x4D4D , 519 
0x6E6E , 527 
