17:16:24.036:
0x2020 , 4371 
0x3E3E , 6336 
0x1C1C , 5276 
0x5A5A , 4981 
0x6E6E , 6069 

17:16:24.601:
0x2020 , 4418 
0x3E3E , 6271 
0x1C1C , 5168 
0x5A5A , 5070 
0x6E6E , 6003 

17:16:25.180:
0x2020 , 4380 
0x3E3E , 6261 
0x1C1C , 5337 
0x5A5A , 4873 
0x6E6E , 5970 

17:16:25.728:
0x2020 , 4394 
0x3E3E , 6317 
0x1C1C , 54
17:16:25.759:
26 
0x5A5A , 5009 
0x6E6E , 5998 

17:16:26.337:
0x2020 , 4385 
0x3E3E , 6317 
0x1C1C , 5140 
0x5A5A , 4835 
0x6E6E , 6017 

17:16:26.916:
0x2020 , 4432 
0x3E3E , 6280 
0x1C1C , 4760 
0x5A5A , 5403 
0x6E6E , 6045 

17:16:27.509:
0x2020 , 4441 
0x3E3E , 6256 
0x1C1C , 5225 
0x5A5A , 5497 
0x6E6E , 6111 

17:16:28.197:
0x2020 , 0 
0x3E3E , 6299 
0x1C1C , 5084 
0x5A5A , 5431 
0x6E6E , 6013 

17:16:28.775:
0x2020 , 4465 
0
17:16:28.791:
x3E3E , 6313 
0x1C1C , 4873 
0x5A5A , 5483 
0x6E6E , 5933 

17:16:29.369:
0x2020
17:16:29.400:
 , 4437 
0x3E3E , 6275 
0x1C1C , 4807 
0x5A5A , 5436 
0x6E6E , 5923 

17:16:29.994:
0x2020 , 4432 
0x3E3E , 6313 
0x1C1C , 0 
0x5A5A , 5328 
0x6E6E , 6022 

17:16:30.901:
0x2020 , 0 
0x3E3E , 0 
0x1C1C , 
17:16:30.917:
5314 
0x5A5A , 0 
0x6E6E , 0 

17:16:31.652:
0x2020 , 4376 
0x3E3E , 6219 
0x1C1C , 5862 
0x5A5A , 0 
0x6E6E , 0 

17:16:32.230:
0x2020 , 4240 
0x3E3E , 6167 
0x1C1C , 5234 
0x5A5A , 5520 
0x6E6E , 6059 

17:16:32.871:
0x2020 
17:16:32.887:
, 0 
0x3E3E , 6059 
0x1C1C , 5375 
0x5A5A , 5726 
0x6E6E , 6210 

17:16:33.559:
0x2020 , 0 
0x3E3E , 6083 
0x1C1C , 5304 
0x5A5A , 5689 
0x6E6E , 6050 

17:16:34.230:
0x2020 , 0 
0x3E3E , 6064 
0x1C1C , 5318 
0x5A5A , 5881 
0x6E6E , 6163 

17:16:34.887:
0x2020 , 0 
0x3E3E , 6219 
0x1C1C , 5318 

17:16:34.902:
0x5A5A , 5848 
0x6E6E , 5933 

17:16:35.574:
0x2020 , 0 
0x3E3E , 5839 
0x1C1C , 5454 
0x5A5A , 5928 
0x6E6E , 6074 

17:16:36.262:
0x2020 , 3325 
0x3E3E , 0 
0x1C1C , 5483 
0x5A5A , 6088 
0x6E6E , 6144 

17:16:36.840:
0x2020 , 3217 
0x3E3E
17:16:36.855:
 , 5858 
0x1C1C , 5769 
0x5A5A , 6618 
0x6E6E , 6055 

17:16:37.449:
0x2020 , 3039 
0x3E3E , 5755 
0x1C1C , 5755 
0x5A5A , 6571 
0x6E6E , 6092 

17:16:38.059:
0x2020 , 2884 
0x3E3E , 5755 
0x1C1C , 5839 
0x5A5A , 6528 
0x6E6E , 6064 

17:16:38.606:
0x2020 , 2607 
0x3E3E , 5773 

17:16:38.621:
0x1C1C , 6045 
0x5A5A , 6468 
0x6E6E , 6055 

17:16:39.184:
0x2020 , 2504 
0x3E3E , 6097 
0x1C1C , 6153 
0x5A5A , 6589 
0x6E6E , 6106 

17:16:39.762:
0x2020 , 2424 
0x3E3E , 5909 
0x1C1C , 0 
0x5A5A , 6711 
0x6E6E , 6031 

17:16:40.668:
0x2020 , 0 
0x3E3E , 0 
0x1C1C , 6500 
0x5A5A , 0 
0x
17:16:40.684:
6E6E , 0 

17:16:41.418:
0x2020 , 2007 
0x3E3E , 6102 
0x1C1C , 6786 

17:16:41.434:
0x5A5A , 0 
0x6E6E , 0 

17:16:42.005:
0x2020 
17:16:42.029:
, 1754 
0x3E3E , 6027 
0x1C1C , 7035 
0x5A5A , 7363 
0x6E6E , 6158 

17:16:42.607:
0x2020 , 1571 
0x3E3E , 5998 
0x1C1C , 7040 
0x5A5A , 7467 
0x6E6E , 6477 

17:16:43.264:
0x2020 , 
17:16:43.295:
1458 
0x3E3E , 5919 
0x1C1C , 6951 
0x5A5A , 0 
0x6E6E , 6242 

17:16:50.505:
0x2020 , 0 
0x3E3E , 0 
0x1C
17:16:50.520:
1C , 0 
0x5A5A , 0 
0x6E6E , 0 

17:16:51.116:
0x2020 , 1369 
0x3E3E , 5642 
0x1C1C , 6777 
0x5A5A , 7907 
0x6E6E , 6585 

17:16:51.727:
0x2020 , 1557 
0x3E3E , 5478 
0x1C1C , 6683 
0x5A5A , 7846 
0x6E6E , 6669 

17:16:52.273:
0x2020 , 1772 
0x3E3E , 5515 
0x1C1C ,
17:16:52.289:
 6289 
0x5A5A , 7846 
0x6E6E , 6861 

17:16:52.852:
0x2020 , 1890 
0x3E3E , 5544 
0x1C1C , 6411 
0x5A5A , 7898 
0x6E6E , 0 

17:16:53.773:
0x2020 , 0 
0x3E3E , 0 
0x1C1C , 0 
0x5A5A , 0 
0x6E6E , 6913 

17:16:54.416:
0x2020 , 2199 
0x
17:16:54.432:
3E3E , 5074 
0x1C1C , 6153 
0x5A5A , 0 
0x6E6E , 7035 

17:16:57.010:
0x2020 , 2621 
0x3E3E , 4643 
0x1C1C , 5722 
0x
17:16:57.026:
5A5A , 0 
0x6E6E , 7448 

17:16:57.590:
0x202
17:16:57.605:
0 , 2804 
0x3E3E , 4483 
0x1C1C , 5581 
0x5A5A , 7889 
0x6E6E , 7509 

17:16:58.200:
0x2020 , 2922 
0x3E3E , 4418 
0x1C1C , 5351 
0x5A5A , 0 
0x6E6E , 7715 

17:16:58.779:
0x2020 , 3170 
0x3E3E , 4751 
0x1C1C , 5436 
0x5A5A , 7861 
0x6E6E , 7861 

17:16:59.357:
0x2020 , 3259 
0x3E3E , 4113 
0x1C1C , 5
17:16:59.373:
337 
0x5A5A , 7893 
0x6E6E , 8015 

17:16:59.984:
0x2020 , 3330 
0x3E3E , 3935 
0x1C1C , 5239 
0x5A5A , 7846 
0x6E6E , 8179 

17:17:00.578:
0x2020 , 3381 
0x3E3E , 3921 
0x1C1C , 5206 
0x5A5A , 7804 
0x6E6E , 8208 

17:17:01.188:
0x2020 , 3522 
0x3E3E , 3878 
0x1C1C , 5253 
0x5A5A , 8015 
0x6E6E , 8325 

17:17:01.734:
0x2020 , 3691 
0x3E3E , 3794 
0x1C1C , 0 

17:17:01.750:
0x5A5A , 8133 
0x6E6E , 8283 

17:17:02.673:
0x2020 , 0 
0x3E3E , 0 
0x1C1C , 5065 
0x5A5A , 0 
0x6E6E , 0 

17:17:03.408:
0x2020 , 3916 
0x3E3E , 3742 
0x1C1C , 0 
0x5A5A , 0 
0x6E6E , 0 

17:17:04.345:
0x2020 , 0 
0x3E3E , 0 
0x1C1C , 4849 
0x5A5A , 0 
0x6E6E , 0 

17:17:05.081:
0x2020 , 4108 
0x3E3E , 3616 
0x1C1C , 481
17:17:05.096:
6 
0x5A5A , 0 
0x6E6E , 0 

17:17:05.676:
0x2020 , 4254 
0x3E3E , 3555 
0x1C1C , 4638 
0x5A5A , 8151 
0x6E6E , 8456 

17:17:06.254:
0x2020 , 4408 
0x3E3E , 3531 
0x1C1C , 0 
0x5A5A , 8114 
0x6E6E , 8484 

17:17:07.207:
0x2020 , 0 
0x3E3E , 0 
0x1C1C , 4549 
0x5A5A , 0 
0x6E6E , 0 

17:17:07.957:
0x2020 , 4577 
0x3E3E , 3705 
0x1C1C , 4380 

17:17:07.973:
0x5A5A , 0 
0x6E6E , 0 

17:17:08.551:
0x2020 , 4
17:17:08.566:
751 
0x3E3E , 4019 
0x1C1C , 4347 
0x5A5A , 7884 
0x6E6E , 8780 

17:17:09.160:
0x2020 , 5009 
0x3E3E , 3892 
0x1C1C , 0 
0x5A5A , 7842 
0x6E6E , 8733 

17:17:10.129:
0x2020 , 0 
0x3E3E , 0 
0x1C1C , 3883 
0x5A5A , 0 
0x6E6E , 0 

17:17:10.848:
0x2020 , 4943 
0x3E3E , 3953 
0x1C1C , 4033 

17:17:10.864:
0x5A5A , 0 
0x6E6E , 0 

17:17:11.333:
num_of_tries to send the NodeID: 2

17:17:11.426:
num_of_tries to send the NodeID: 3

17:17:11.520:
num_of_tries to send the NodeID: 4

17:17:11.614:
ACK of Tag receivement from nodeID is missing! 

17:17:12.176:
0x2020 , 5210 
0x3E3E , 3381 
0x1C1C , 4
17:17:12.192:
108 
0x5A5A , 7518 
0x6E6E , 8583 

17:17:12.848:
0x2020 , 0 
0x3E3E , 3635 
0x1C1C , 3208 
0x5A5A , 7532 
0x6E6E , 8883 

17:17:13.521:
0x2020 , 0 
0x3E3E , 3719 
0x1C1C , 3259 
0x5A5A , 7476 
0x6E6E , 8831 

17:17:14.193:
0x2020 , 5126 
0x3E3E , 0 
0x1C1C , 3072 
0x5A5A , 7415 
0x6E6E , 8756 

17:17:14.771:
0x2020 , 5023 
0x3E3E , 3691 
0x1C1C , 3630 
0x5A5A , 7448 
0x6E6E , 8831 

17:17:15.428:
0x2020 , 0 

17:17:15.459:
0x3E3E , 3710 
0x1C1C , 3466 
0x5A5A , 7457 
0x6E6E , 8789 

17:17:16.131:
0x2020 , 0 
0x3E3E , 3400 
0x1C1C , 3259 
0x5A5A , 7481 
0x6E6E , 8855 

17:17:16.818:
0x2020 , 0 
0x3E3E , 3480 
0x1C1C , 4197 
0x5A5A , 7457 
0x6E6E , 8831 

17:17:17.490:
0x2020 , 0 
0x3E3E , 3545 
0x1C1C , 3353 

17:17:17.506:
0x5A5A , 7518 
0x6E6E , 8864 

17:17:18.179:
0x2020 
17:17:18.210:
, 5229 
0x3E3E , 0 
0x1C1C , 3245 
0x5A5A , 7382 
0x6E6E , 8935 

17:17:18.741:
0x2020 , 5365 
0x3E3E , 3635 
0x1C1C , 3212 

17:17:18.773:
0x5A5A , 7443 
0x6E6E , 8925 

17:17:19.398:
0x2020 , 5694 
0x3E3E , 0 
0x1C1C , 2959 
0x5A5A , 7255 
17:17:19.413:

0x6E6E , 8949 

17:17:20.054:
0x2020 , 0 
0x3E3E , 3714 
0x1C1C , 302
17:17:20.069:
9 
0x5A5A , 7377 
0x6E6E , 8991 

17:17:20.742:
0x2020 , 0 
0x3E3E , 4136 
0x1C1C , 2757 
0x5A5A , 7298 
0x6E6E , 9085 

17:17:21.305:
0x2020 , 5877 
0x3E3E , 3747 
0x1C1C , 2603 

17:17:21.321:
0x5A5A , 6533 
0x6E6E , 9038 

17:17:21.899:
0x2020 , 5952 
0x3E3E , 3892 
0x1C1C , 2415 
0x5A5A , 6946 
0x6E6E , 9089 

17:17:22.492:
0x2020 , 5905 
0x3E3E , 3808 
0x1C1C , 2265 
0x5A5A , 6866 
0x6E6E , 8963 

17:17:23.071:
0x2020 , 6106 
0x3E3E , 4052 
0x1C1C , 2171 
0x5A5A , 6416 
0x6E6E , 0 

17:17:24.008:
0x2020 , 0 
0x3E3E , 0 
0x1C1C ,
17:17:24.024:
 0 
0x5A5A , 0 
0x6E6E , 9033 

17:17:24.696:
0x2020 , 6139 
0x3E3E , 4127 
0x1C1C , 1805 
0x5A5A , 0
17:17:24.711:
 
0x6E6E , 9043 

17:17:25.305:
0x2020 , 6078 
0x3E3E , 4723 
0x1C1C , 1763 
0x5A5A , 6411 
0x6E6E , 9024 

17:17:25.915:
0x2020 , 6346 
0x3E3E , 4770 
0x1C1C , 1707 
0x5A5A , 6688 
0x6E6E , 9043 

17:17:26.462:
0x2020 , 6561 
0x3E3E , 4737 
0x1C1C , 0 
17:17:26.477:

0x5A5A , 6449 
0x6E6E , 8991 

17:17:28.352:
0x2020 , 6655 
0x3E3E , 4976 
0x1C1C , 170
17:17:28.368:
2 
0x5A5A , 0 
0x6E6E , 0 

17:17:28.930:
0x2020 , 6674 
0x3E3E , 4695 
0x1C1C , 1951 
0x5A5A , 6013 
0x6E6E , 8986 

17:17:29.493:
0x2020 , 6735 
0x3E3E , 4863 
0x1C1C 
17:17:29.509:
, 1599 
0x5A5A , 5928 
0x6E6E , 8869 

17:17:30.102:
0x2020 , 6983 
0x3E3E , 4816 
0x1C1C , 1660 
0x5A5A , 5872 
0x6E6E , 8916 

17:17:30.760:
0x2020 , 0 
0x3E3E , 5089 
0x1C1C , 1557
17:17:30.775:
 
0x5A5A , 5712 
0x6E6E , 0 

17:17:31.697:
0x2020 , 0 
0x3E3E , 0 
0x1C1C , 0 
0x5A5A , 0
17:17:31.713:
 
0x6E6E , 8742 

17:17:32.291:
0x2020 , 7012 
0x3E3E , 5347 
0x1C1C , 1646 

17:17:32.307:
0x5A5A , 5422 
0x6E6E , 8733 

17:17:32.885:
0x2020
17:17:32.900:
 , 6974 
0x3E3E , 5356 
0x1C1C , 1772 
0x5A5A , 5539 
0x6E6E , 8714 

17:17:33.510:
0x2020 , 6918 
0x3E3E , 5403 
0x1C1C , 1721 
0x5A5A , 5318 
0x6E6E , 8775 

17:17:34.105:
0x2020 , 7030 
0x3E3E , 5436 
0x1C1C , 1782 
0x5A5A , 5393 
0x6E6E , 8691 

17:17:34.652:
0x2020 , 7030 
0x3E3E , 5576 

17:17:34.668:
0x1C1C , 1697 
0x5A5A , 5337 
0x6E6E , 8672 

17:17:35.246:
0x2020 , 7016 
0x3E3E , 5426 
0x1C1C , 1810 
0x5A5A , 5262 
0x6E6E , 8691 

17:17:35.809:
0x2020 , 7340 
0x3E3E , 5689 
0x1C1C , 1801 
0x5A5A , 5229 
0x6E6E , 0 

17:17:39.497:
0x2020 , 7406 
0x3E3E , 6416 
0x1C1C , 2757 
0x5A5A , 4160 
0x6E6E , 8212 

17:17:40.075:
0x2020 , 7420 
0x3E3E , 6491 
0x1C1C , 2912 
0x5A5A , 4094 
0x6E6E , 8226 

17:17:40.669:
0x2020 , 7438 
0x3E3E , 6721 
0x1C1C , 3109 
0x5A5A , 3968 
0x6E6E , 8114 

17:17:41.247:
0x2020 , 7481 
0x3E3E , 6754 
0x1C1C , 3161 

17:17:41.263:
0x5A5A , 3911 
0x6E6E , 8090 

17:17:41.841:
0x2
17:17:41.857:
020 , 7495 
0x3E3E , 6801 
0x1C1C , 3175 
0x5A5A , 3836 
0x6E6E , 8011 

17:17:42.466:
0x2020 , 7542 
0x3E3E , 6876 
0x1C1C , 0 
0x5A5A , 3724 
0x6E6E , 8025 

17:17:43.419:
0x2020 , 0 
0x3E3E , 0 
0x1C1C , 3489 
0x5A5A , 0 
0x6E6E , 0 

17:17:44.138:
0x2020 , 7392 
0x3E3E , 7134 
0x1C1C , 3630 
17:17:44.154:

0x5A5A , 0 
0x6E6E , 0 

17:17:44.732:
0x2020 , 7401 
0x3E3E , 7340 
0x1C1C , 3696 
0x5A5A , 3381 
0x6E6E , 7710 

17:17:45.294:
0x2020 , 7499 
0x3E3E , 7410 
0x1C1C , 3808 
0x5A5A , 3344 
0x6E6E , 7584 

17:17:45.872:
0x2020 , 7537 
0x3E3E , 7485 
0x1C1C , 3911 
0x5A5A , 3198 
0x6E6E , 7556 

17:17:46.435:
0x2020 , 7621 
0x3E3E , 7584 

17:17:46.450:
0x1C1C , 4066 
0x5A5A , 3095 
0x6E6E , 7457 

17:17:47.029:
0x2020 , 7532 
0x3E3E , 7664 
0x1C1C , 4193 
0x5A5A , 2964 
0x6E6E , 7392 

17:17:47.622:
0x2020 , 7523 
0x3E3E , 7767 
0x1C1C , 4263 
0x5A5A , 2879 
0x6E6E , 0 

17:17:48.560:
0x2020 , 0 
0x3E3E , 0 
0x1C1C , 0 
0x5A5A , 0 
0x6E6E , 7002 

17:17:49.247:
0x2020 , 7434 
0x3E3E , 8203 
0x1C1C , 4680 
0x5A5A , 0 
0x6E6E , 6866 

17:17:49.810:
0x2020 , 7579 
0x3E3E , 8297 
17:17:49.841:

0x1C1C , 4981 
0x5A5A , 2373 
0x6E6E , 6805 

17:17:50.436:
0x2020 , 7570 
0x3E3E , 8428 
0x1C1C , 5187 
0x5A5A , 2209 
0x6E6E , 6660 

17:17:51.045:
0x2020 , 7523 
0x3E3E , 8466 
0x1C1C , 5281 
0x5A5A , 2157 
0x6E6E , 6566 

17:17:51.592:
0x2020 , 7649 
0x3E3E , 8583 
0x1C1C
17:17:51.608:
 , 5398 
0x5A5A , 2063 
0x6E6E , 6486 

17:17:52.170:
0x2020 , 7579 
0x3E3E , 8695 
0x1C1C , 5459 
0x5A5A , 2124 
0x6E6E , 6327 

17:17:52.749:
0x2020 , 7617 
0x3E3E , 8925 
0x1C1C , 5581 
0x5A5A , 2148 
0x6E6E , 6280 

17:17:54.655:
0x2020 ,
17:17:54.670:
 0 
0x3E3E , 0 
0x1C1C , 0 
0x5A5A , 0 
0x6E6E , 0 

17:17:56.609:
0x2020 , 0 
0x3E3E , 0 
0x1C1C , 0 
0x5A5A , 0 

17:17:56.625:
0x6E6E , 0 

17:17:57.187:
0x2020 , 7363 
0x
17:17:57.219:
3E3E , 9343 
0x1C1C , 6350 
0x5A5A , 2696 
0x6E6E , 5478 

17:17:57.765:
0x2
17:17:57.797:
020 , 7462 
0x3E3E , 9390 
0x1C1C , 6411 
0x5A5A , 2396 
0x6E6E , 5440 

17:17:58.390:
0x2020 , 7420 
0x3E3E , 9488 
0x1C1C , 6458 
0x5A5A , 2223 
0x6E6E , 5417 

17:17:58.969:
0x2020 , 7410 
0x3E3E , 9451 
0x1C1C , 6463 

17:17:58.984:
0x5A5A , 2265 
0x6E6E , 5351 

17:17:59.547:
0x20
17:17:59.578:
20 , 7302 
0x3E3E , 9507 
0x1C1C , 6594 
0x5A5A , 2274 
0x6E6E , 5239 

17:18:00.172:
0x2020 , 7316 
0x3E3E , 9568 
0x1C1C , 6618 
0x5A5A , 2406 
0x6E6E , 5164 

17:18:00.781:
0x2020 , 7274 
0x3E3E , 9568 
0x1C1C , 6725 
0x5A5A , 2542 
0x6E6E , 5046 

17:18:01.328:
0x2020 , 7270 
0x3E3E , 9563 

17:18:01.344:
0x1C1C , 6801 
0x5A5A , 2556 
0x6E6E , 4901 

17:18:01.906:
0x2020 , 7176 
0x3E3E , 9554 
0x1C1C , 6880 
0x5A5A , 2556 
0x6E6E , 4840 

17:18:02.484:
0x2020 , 7044 
0x3E3E , 9338 
0x1C1C , 6965 
0x5A5A , 2593 
0x6E6E , 4774 

17:18:03.062:
0x2020 , 6969 
0x3E3E , 9422 
0x1C1C , 6937 
0x5A5A , 2664 
0x6E6E , 4671 

17:18:03.625:
0x2020 , 6890 
0x3E3E , 9436 
0x1C1
17:18:03.641:
C , 6955 
0x5A5A , 2687 
0x6E6E , 4530 

17:18:04.219:
0x2020 , 6904 
0x3E3E , 9483 
0x1C1C , 7049 
0x5A5A , 2743 
0x6E6E , 4423 

17:18:04.797:
0x2020 , 6932 
0x3E3E , 9638 
0x1C1C , 7119 
0x5A5A , 2832 
0x6E6E , 4301 

17:18:05.391:
0x2020 , 6880 
0x3E3E , 9582 
0x1C1C , 7190 
0x5A5A , 2865 
0x6E6E , 4277 

17:18:05.969:
0x2020 , 6857 
0x3E3E , 9760 
0x1C1C , 72
17:18:05.984:
98 
0x5A5A , 2917 
0x6E6E , 4066 

17:18:06.581:
0x2020 , 6838 
0x3E3E , 9821 
0x1C1C , 7363 
0x5A5A , 3020 
0x6E6E , 3916 

17:18:07.190:
0x2020 , 6749 
0x3E3E , 9826 
0x1C1C , 7452 
0x5A5A , 3306 
0x6E6E , 3803 

17:18:07.799:
0x2020 , 6730 
0x3E3E , 9826 
0x1C1C , 7420 
0x5A5A , 3377 
0x6E6E , 3724 

17:18:08.331:
0x2020 , 6660 
0x3E3E , 9760 
0x1C
17:18:08.346:
1C , 7396 
0x5A5A , 3527 
0x6E6E , 3620 

17:18:08.924:
0x2020 , 6604 
0x3E3E , 9751 
0x1C1C , 7490 
0x5A5A , 3663 
0x6E6E , 3503 

17:18:09.565:
0x2020 , 6524 
0x3E3E , 9891 

17:18:09.581:
0x1C1C , 7612 
0x5A5A , 0 
0x6E6E , 3320 

17:18:10.237:
0x2020 , 6421 
0x3E3E , 9793 
0x1C1C , 7678 
0x5A5A , 0 
0x6E6E , 3316 

17:18:10.799:
0x2020 , 6205 
0x3E3E , 9727 
0x1C1C , 7626 

17:18:10.815:
0x5A5A , 3771 
0x6E6E , 3241 

17:18:11.409:
0x2020 , 6130 
0x3E3E , 9587 
0x1C1C , 7720 
0x5A5A , 3836 
0x6E6E , 3147 

17:18:11.987:
0x2020 , 6102 
0x3E3E , 9704 
0x1C1C , 7767 
0x5A5A , 3982 
0x6E6E , 3062 

17:18:12.581:
0x2020 , 6022 
0x3E3E , 9624 
0x1C1C , 7720 
0x5A5A , 4150 
0x6E6E , 2842 

17:18:13.160:
0x2020 , 5956 
0x3E3E , 9666 
0x1C1C , 7645 
17:18:13.175:

0x5A5A , 3944 
0x6E6E , 2711 

17:18:13.847:
0x2020 , 5769 
0x3E3E , 9643 
0x1C1C , 7776 
0x5A5A , 0 

17:18:13.863:
0x6E6E , 0 

17:18:14.816:
0x2020 , 0 
0x3E3E , 0 
0x1C1C , 0 
0x5A5A , 4962 
0x6E6E , 0 

17:18:15.597:
0x2020 , 0 
0x3E3E , 9549 
0x1C1C , 7926 
0x5A5A , 4695 
0x6E6E , 0 

17:18:16.129:
0x2020 , 5567 
0x3E3E , 9549 
0x1C1C , 79
17:18:16.160:
64 
0x5A5A , 4906 
0x6E6E , 2593 

17:18:16.722:
0x2020 , 5436 
0x3E3E , 9446 
0x1C1C , 8001 
0x5A5A , 4887 
0x6E6E , 2593 

17:18:17.364:
0x2020 , 5417 
0x3E3E , 9493 
0x1C1C , 
17:18:17.379:
8062 
0x5A5A , 0 
0x6E6E , 0 

17:18:18.286:
0x2020 , 0 
0x3E3E , 0 
0x1C1C , 0 
0x5A5A ,
17:18:18.301:
 0 
0x6E6E , 2410 

17:18:18.864:
0x2020 , 5229 
0x3E3E , 9436 
0x1C1
17:18:18.879:
C , 8053 
0x5A5A , 4971 
0x6E6E , 2368 

17:18:19.458:
0x2020 , 5168 
0x3E3E , 9432 
0x1C1C , 8114 
0x5A5A , 5093 
0x6E6E , 2298 

17:18:20.051:
0x2020 , 5103 
0x3E3E , 9427 
0x1C1C , 8119 
0x5A5A , 5229 
0x6E6E , 2434 

17:18:20.708:
0x2020 , 0 
17:18:20.723:

0x3E3E , 9352 
0x1C1C , 8123 
0x5A5A , 5445 
0x6E6E , 2256 

17:18:21.301:
0x2020 , 5103 
0x3E3E , 9329 
0x1C1C , 8043 
0x5A5A 
17:18:21.317:
, 5628 
0x6E6E , 2218 

17:18:21.895:
0x2020 , 5060
17:18:21.926:
 
0x3E3E , 9361 
0x1C1C , 8029 
0x5A5A , 5121 
0x6E6E , 2293 

17:18:22.598:
0x2020 , 5093 
0x3E3E , 9230 
0x1C1C , 7982 

17:18:22.614:
0x5A5A , 0 
0x6E6E , 2326 

17:18:23.210:
0x2020 , 4957 
0x3E3E , 9455 
0x1C1C , 8011 
0x5A5A , 5553 
0x6E6E , 2485 

17:18:23.756:
0x2020 , 4924 
0x3E3E , 8841 
0x1C1C , 8311 
17:18:23.772:

0x5A5A , 0 
0x6E6E , 2575 

17:18:24.350:
0x2020 , 4831 
0x3E3E , 8794 
0x1C1C , 8334 
0x5A5A , 5891 
0x6E6E , 2978 

17:18:24.913:
0x2020 , 4812 
0x3E3E , 9296 
0x1C1C , 8306 
0x5A5A , 6008 
0x6E6E , 3081 

17:18:25.491:
0x2020 , 4620 
0x3E3E , 9028 
0x1C1C , 8119 
0x5A5A , 5891 
0x6E6E , 2978 

17:18:26.053:
0x2020 , 4441 
0x3E3E , 8841 
0x1C1
17:18:26.069:
C , 8414 
0x5A5A , 6083 
0x6E6E , 3180 

17:18:26.647:
0x2020 , 4362 
0x3E3E , 9005 
0x1C1C , 8367 
0x5A5A , 6144 
0x6E6E , 3231 

17:18:27.241:
0x2020 , 4183 
0x3E3E , 8864 
0x1C1C , 8381 
0x5A5A , 6294 
0x6E6E , 3611 

17:18:27.819:
0x2020 , 4127 
0x3E3E , 8817 
0x1C1C , 8278 
0x5A5A , 6383 
0x6E6E , 3217 

17:18:28.506:
0x2020 , 3935 
0x3E3E , 8634 
0x1C1C , 8311 
0x5A5A , 0 
0x6E6E , 3456 

17:18:29.194:
0x2020 , 3799 
0x3E3E , 8503 
0x1C1C , 8269 
0x5A5A , 0 
0x6E6E , 3541 

17:18:29.772:
0x
17:18:29.788:
2020 , 3733 
0x3E3E , 8273 
0x1C1C , 0 
0x5A5A , 6899 
0x6E6E , 3653 

17:18:30.819:
0x2020 , 0 
0x3E3E , 0 
0x1C1C , 8240
17:18:30.835:
 
0x5A5A , 0 
0x6E6E , 0 

17:18:31.553:
0x2020 , 3405 
0x3E
17:18:31.569:
3E , 8386 
0x1C1C , 8208 
0x5A5A , 0 
0x6E6E , 0 

17:18:32.132:
0x2020 , 3372 
0x3E3E , 8536 
0x1C1C , 8250 
0x5A5A , 7091 
0x6E6E , 4043 

17:18:32.710:
0x2020 , 3217 
0x3E3E , 8372 
0x1C1C , 8259 
0x5A5A , 7157 
0x6E6E , 4104 

17:18:33.288:
0x2020 , 3086 
0x3E3E , 8142 
0x1C1C , 8217 
0x5A5A , 7321 
0x6E6E , 4226 

17:18:36.539:
0x2020 , 0 
0x3E3E , 0 
0x1C1C , 0 
0x5A5A , 0 
0x6E6E , 0 

17:18:38.289:
0x2020 , 2293 
0x3E3E , 7180 
0x1C1C , 7851 
0x5A5A , 7767 
0x6E6E , 5497 

17:18:38.867:
0x2020 , 2270 
0x3E3E , 7148 
0x1C1C , 7917 
0x5A5A , 8039 
0x6E6E , 5553 

17:18:39.445:
0x2020 , 2195 
0x3E3E , 7138 
0x1C1C , 7912 

17:18:39.461:
0x5A5A , 8283 
0x6E6E , 0 

17:18:40.414:
0x2020 , 0 
0x3E3E , 0 
0x1C1C , 0 
0x5A5A , 0 
0x6E6E , 5877 

17:18:41.086:
0x2020 , 2096 
0x3E3E , 6815 
0x1C1C , 7912 
0x5A5A , 0
17:18:41.102:
 
0x6E6E , 6008 

17:18:41.711:
0x2020 , 2040 
0x3E3E , 6604 
0x1C1C , 7851 
0x5A5A , 8325 
0x6E6E , 6163 

17:18:42.258:
0x2020 , 2012 
0x3E3E , 6969 
0x1C1C
17:18:42.273:
 , 7828 
0x5A5A , 8316 
0x6E6E , 6261 

17:18:43.961:
0x2020 , 2227 
0x3E3E , 6988 
0x1C1C , 7588 

17:18:43.977:
0x5A5A , 7936 
0x6E6E , 6074 

17:18:44.539:
0x2020 , 2359 
0x3E3E , 6847 
0x1C1C , 7607 
0x5A5A ,
17:18:44.555:
 7936 
0x6E6E , 6064 

17:18:45.117:
0x2020 , 2288 
0x3E3E , 6669 
0x1C1C ,
17:18:45.133:
 7523 
0x5A5A , 7997 
0x6E6E , 6092 

17:18:45.711:
0x2020 , 2401 
0x3E3E , 6486 
0x1C1C , 7621 
0x5A5A , 8058 
0x6E6E , 6158 

17:18:46.367:
0x2020 , 2260 
0x3E3E , 6496 
0x1C1C , 77
17:18:46.383:
06 
0x5A5A , 0 
0x6E6E , 6210 

17:18:47.070:
0x2020 , 2363 
0x3E3E , 6510 
0x1C1C , 7593 
0x5A5A , 0 
0x6E6E , 6078 

17:18:47.649:
0x2020 , 2317 
0x3E3E , 6627 
0x1C1C , 7377 
0
17:18:47.664:
x5A5A , 7992 
0x6E6E , 6059 

17:18:57.414:
0x2020 , 0 
0x3E3E , 0 
0x1C1C , 0 
0x5A5A , 0 
0x6E6E , 0 

17:18:58.024:
0x2020 , 2457 
0x3E3E , 5393 
0x1C1C , 6285 
0x5A5A , 7870 
0x6E6E , 7288 

17:18:58.555:
0x2020 , 2467 
0x3E3E , 5478 

17:18:58.586:
0x1C1C , 6303 
0x5A5A , 7907 
0x6E6E , 7288 

17:18:59.149:
0x2020 , 2429 
0x3E3E , 5417 
0x1C1C , 6341 
0x5A5A , 7804 
0x6E6E , 7335 

17:18:59.711:
0x2020 , 2467 
0x3E3E , 5398 
0x1C1C , 6224 
0x5A5A , 7715 
0x6E6E , 6890 

17:19:00.289:
0x2020 , 2467 
0x3E3E , 5328 
0x1C1C , 6200 
0x5A5A , 7851 
0x6E6E , 6852 

17:19:00.852:
0x2020 , 2551 
0x3E3E , 5234 
0x1
17:19:00.867:
C1C , 6139 
0x5A5A , 7696 
0x6E6E , 7199 

17:19:01.446:
0x2020 , 2415 
0x3E3E , 5037 
0x1C1C , 6111 
0x5A5A , 7753 
0x6E6E , 7373 

17:19:02.039:
0x2020 , 2438 
0x3E3E , 5028 
0x1C1C , 5989 
0x5A5A , 7743 
0x6E6E , 7457 

17:19:02.633:
0x2020 , 2537 
0x3E3E , 4948 
0x1C1C , 5900 
0x5A5A , 7818 
0x6E6E , 7762 

17:19:03.307:
0x2020 , 0 
0x3E3E , 4713 
0x1C1C , 5792 
0x5A5A , 7776 
0x6E6E , 7767 

17:19:03.885:
0x2020 , 2729 
0x3E3E , 46
17:19:03.901:
76 
0x1C1C , 5689 
0x5A5A , 7795 
0x6E6E , 7743 

17:19:05.385:
0
17:19:05.416:
x2020 , 0 
0x3E3E , 0 
0x1C1C , 0 
0x5A5A , 0 
0x6E6E , 0 

17:19:06.026:
0x2020 , 3048 
0x3E3E , 4155 
0x1C1C , 5281 
0x5A5A , 7865 
0x6E6E , 7889 

17:19:06.666:
0x2020 , 0 
0x3E3E , 3982 
0x1C1C , 5164 
0x5A5A , 7851 
0x6E6E , 8123 

17:19:07.323:
0x2020 , 0 
0x3E3E , 3888 
0x1C1C , 5168 
0x5A5A , 7889 
0x6E6E , 8165 

17:19:07.963:
0x2020 , 0 
0x3E3E , 3785 
0x1C1C , 5117
17:19:07.979:
 
0x5A5A , 7940 
0x6E6E , 8255 

17:19:08.651:
0x2020 , 0 
0x3E3E , 3658 
0x1C1C , 5028 
0x5A5A , 7879 
0x6E6E , 8330 

17:19:09.307:
0x2020 , 0 
0x3E3E , 3484 
0x1C1C , 4976 
0x5A5A , 7917 
0x6E6E , 8334 

17:19:09.979:
0x2020 , 0 
0x3E3E , 3320 
0x1C1C , 4920 
0x5A5A , 7917 
0x6E6E , 8700 

17:19:10.635:
0x2020 , 0 
0x3E3E , 3316 
0x1C1C , 4812
17:19:10.651:
 
0x5A5A , 7922 
0x6E6E , 8306 

17:19:11.307:
0
17:19:11.338:
x2020 , 0 
0x3E3E , 3203 
0x1C1C , 4788 
0x5A5A , 7912 
0x6E6E , 0 

17:19:12.260:
0x2020 , 0 
0x3E3E , 0 
0x1C1C , 0 

17:19:12.276:
0x5A5A , 0 
0x6E6E , 8606 

17:19:12.856:
0x2020 ,
17:19:12.871:
 3939 
0x3E3E , 2781 
0x1C1C , 4859 
0x5A5A , 7753 
0x6E6E , 8634 

17:19:13.481:
0x2020 , 4179 
0x3E3E , 2931 
0x1C1C , 4643 
0x5A5A , 7692 
0x6E6E , 8719 

17:19:14.153:
0x2020 , 0 

17:19:14.169:
0x3E3E , 2908 
0x1C1C , 4263 
0x5A5A , 7635 
0x6E6E , 8799 

17:19:14.825:
0x2020 , 0 
0x3E3E , 2903 
0x1C1C , 4301 
0x5A5A , 7649 
0x6E6E , 0 

17:19:15.747:
0x2020 , 0 
0x3E3E , 0 
0x1C1C , 0 
0x5A5A , 0 
0x6E6E , 0 

17:19:16.732:
0x2020 , 0 
0x3E3E , 0 
0x1C1C , 0 

17:19:16.747:
0x5A5A , 0 
0x6E6E , 0 

17:19:17.482:
0x2020 , 4906 
0x3E3E , 2875 
0x1C1C , 0 
0x5A5A , 0 

17:19:17.497:
0x6E6E , 8911 

17:19:18.060:
0x2020 , 5023 
0x3E3E , 2898 
0x1C1C , 3649 

17:19:18.075:
0x5A5A , 7612 
0x6E6E , 8794 

17:19:20.732:
0x2020 , 0 
0x3E3E , 0 
0x1C1C , 0 
0x5A5A , 0 
0x6E6E , 0 

17:19:21.232:
num_of_tries to send the NodeID: 2

17:19:21.357:
num_of_tries to send the Node
17:19:21.372:
ID: 3

17:19:21.482:
num_of_tries to send the NodeID: 4

17:19:21.591:
ACK of Tag receivement from nodeID is missing! 

17:19:23.529:
num_of_tries to send the NodeID: 
17:19:23.544:
2

17:19:23.654:
num_of_tries to send the NodeID: 3

17:19:23.763:
num_of_tries to send t
17:19:23.778:
he NodeID: 4

17:19:23.888:
ACK of Tag receivement from nodeID is missing! 

17:19:24.482:
0x2020 , 5830 
0x3E3E , 3874 
0x1C1C , 2673 
0x5A5A ,
17:19:24.497:
 7570 
0x6E6E , 9118 

17:19:26.247:
num_of_tries to send the NodeID: 2

17:19:26.372:
num_of_tries to send the NodeID: 3

17:19:26.497:
num_of_tries to send the NodeID: 4

17:19:26.622:
ACK of Tag rec
17:19:26.638:
eivement from nodeID is missing! 

17:19:27.591:
num_of_tries to send the NodeID: 2

17:19:27.685:
num_of_tries to send the NodeID: 3

17:19:27.779:
num_of_tries to send the NodeID: 4

17:19:27.872:
ACK of Tag receivement from nodeID is missing! 

17:19:49.233:
num_of_tries to send the NodeID: 2
17:19:49.249:


17:19:49.343:
num_of_tries to send the NodeID: 3

17:19:49.436:
num_of_tries to send the NodeID: 4

17:19:49.530:
ACK of Tag receivement from nodeID is missing! 

17:19:50.999:
0x2020 , 0 
0x3E3E , 0 

17:19:51.015:
0x1C1C , 0 
0x5A5A , 0 
0x6E6E , 0 

17:19:51.577:
0x2020 , 5417 
0x3E3
17:19:51.593:
E , 3574 
0x1C1C , 2823 
0x5A5A , 7040 
0x6E6E , 9225 

17:19:52.249:
0x2020 , 5501 
0x3E3E , 3559 

17:19:52.265:
0x1C1C , 2884 
0x5A5A , 0 
0x6E6E , 0 

17:20:24.067:
num_of_
17:20:24.082:
tries to send the NodeID: 2

17:20:24.192:
num_of_tries to send the NodeID: 3

17:20:24.301:
num_of_tries to send the NodeID: 4

17:20:24.410:
ACK of Tag 
17:20:24.426:
receivement from nodeID is missing! 

17:20:37.818:
num_of_tries to send the NodeID: 2

17:20:37.927:
num_of_tries to s
17:20:37.943:
end the NodeID: 3

17:20:38.052:
num_of_tries to send the NodeID: 4

17:20:38.162:
ACK of
17:20:38.177:
 Tag receivement from nodeID is missing! 

17:20:48.210:
0x2020 , 0 
0x3E3E , 0 
0x1C1C , 0 
0x5A5A , 0 
0x6
17:20:48.225:
E6E , 0 

17:20:50.085:
0x2020 , 5459 
0x3E3E , 3630 
0x1C1C , 2748 
0x5A5A , 0 

17:20:50.101:
0x6E6E , 8986 

17:20:50.742:
0x2020 , 5656 
0x3E3E , 3681 
0x1C1C , 2823 
0x5A5A , 0 
0x6E6E , 8799 

17:20:51.398:
0x2020 , 0 
0x3E3E , 4104 
0x1C1C , 2823 
0x5A5A , 6439 
0x6E6E , 8344 

17:20:51.976:
0x2020 , 5431 
0x3E3E , 4286 
0x1C1C , 0 
0x5A5A , 6421 
0x6E6E , 8344 

17:20:52.899:
0x2020 , 0 
0x3E3E , 0 
0x1C1C , 0 
0x5A5A , 0 
0x6E6E , 0 

17:20:57.545:
0x2020 , 5426 
0x
17:20:57.576:
3E3E , 3405 
0x1C1C , 3151 
0x5A5A , 0 
0x6E6E , 0 

17:20:58.514:
0x2020 , 0 
0x3E3E , 0 
0x1C1C , 0 
0x5A5A , 0 
0x6E6E , 9146 

17:21:06.391:
0x2020 , 0 
0x3E3E , 0 
0x1C1C , 0 
0x5A5A , 7180 
0x6E6E , 0 

17:21:06.907:
num_of_tries to send the NodeID: 2

17:21:06.969:
num_of_tries to send the NodeID: 3

17:21:07.079:
num_of_tries to send the NodeID: 4

17:21:07.204:
ACK of Tag receivement from nodeID is missing! 

17:21:10.860:
0x2020 , 5651 
0x3E3E , 3489 
0x1C1C , 2861 
0x5A5A , 7452 
0x6E6E , 9136 

17:21:12.188:
num_of_tries to send the NodeID: 2

17:21:12.313:
num_of_tries to send the NodeID: 3

17:21:12.438:
num_of_tries to send the NodeID: 4

17:21:12.563:
ACK of Tag receivement from nodeID is missing! 

17:21:13.188:
0x2020 , 5609 
0x3E3E , 3447 
0x1C1C , 2757 
0x5A5A , 7279 
0x6E6E , 9080 

17:21:13.735:
0x2020 , 5590 

17:21:13.751:
0x3E3E , 3362 
0x1C1C , 2786 
0x5A5A , 7368 
0x6E6E , 9141 

17:21:14.297:
0x2020 , 56
17:21:14.313:
19 
0x3E3E , 3447 
0x1C1C , 2776 
0x5A5A , 7302 
0x6E6E , 9169 

17:21:20.001:
0x2020 , 0 
0x3E3E , 
17:21:20.016:
0 
0x1C1C , 0 
0x5A5A , 0 
0x6E6E , 0 

17:21:20.594:
0x2020 , 5619 
0x3E3E , 3503 
0x1C1C , 2523 
0x5A5A , 7340 
0x6E6E , 9361 

17:21:21.188:
0x2020 , 5694 
0x3E3E , 3583 
0x1C1C , 2612 
0x5A5A , 7284 
0x6E6E , 9310 

17:21:21.782:
0x2020 , 5694 
0x3E3E , 3517 
0x1C1C , 2603 
0x5A5A , 7288 
0x6E6E , 9343 

17:21:22.344:
0x2020 , 5844 
0x3E3E , 3550 
0x1C1C , 2467 
17:21:22.360:

0x5A5A , 7349 
0x6E6E , 9366 

17:21:23.032:
0x2020 , 5970 
0x3E3E , 3395 
0x1C1C , 2495 
0x5A5A , 
17:21:23.047:
0 
0x6E6E , 9488 

17:21:23.657:
0x2020 , 5966 
0x3E3E , 3414 
0x1C1C , 2410 
0x5A5A , 7326 
0x6E6E , 9418 

17:21:26.282:
0x2020 , 5919 
0x3E3E , 3611 
0x1C1C , 2260 
0x5A5A , 0 
0x6E6E , 0 

17:21:29.798:
0x2020 , 0 
0x3E3E , 0 
0x1C1C , 0 
0x5A5A , 0 
0x6E6E , 0 

17:21:30.438:
0x2020 , 6191 
0x3E3E , 4465 
0x1C1C , 0 
0x5A5A , 6219 
0x6E6E , 0 

17:21:31.360:
0x2020 , 0 
0x3E3E , 0 
0x1C1C , 0 
0x5A5A , 0 
0x6E6E , 0 

17:21:32.110:
0x2020 , 6313 
0x3E3E , 4887 
0x1C1C , 0 
0x5A5A , 0 
0x6E6E , 8724 

17:21:32.782:
0x2020 , 6505 
0x3E3E , 5126 
0x1C1C , 0 
0x5A5A , 5820 
0x6E6E , 9005 

17:21:33.346:
0x2020 , 6604 

17:21:33.361:
0x3E3E , 5201 
0x1C1C , 1665 
0x5A5A , 5895 
0x6E6E , 8855 

17:21:33.955:
0x2020 , 6622 
0x3E3E , 5337 
0x1C1C , 1702 
0x5A5A , 5928 
0x6E6E , 8864 

17:21:34.549:
0x2020 , 6650 
0x3E3E , 5295 
0x1C1C , 1866 
0x5A5A , 5271 
0x6E6E , 8799 

17:21:35.111:
0x2020 , 6697 
0x3E3E , 5295 
0x1C1C , 
17:21:35.127:
1993 
0x5A5A , 5792 
0x6E6E , 8761 

17:21:35.736:
0x2020 , 6683 
0x3E3E , 5271 
0x1C1C , 1777 
0x5A5A , 5947 
0x6E6E , 8672 

17:21:36.330:
0x2020 , 6646 
0x3E3E , 5192 
0x1C1C , 1824 
0x5A5A , 5595 
0x6E6E , 9183 

17:21:36.940:
0x2020 , 6702 
0x3E3E , 5154 
0x1C1C , 0 
0x5A5A , 5262 
0x6E6E , 8569 

17:21:37.831:
0x2020 , 0 
0x3E3E , 0 
0x1C
17:21:37.846:
1C , 1838 
0x5A5A , 0 
0x6E6E , 0 

17:21:38.596:
0x2020 , 6552 
0x3E3E , 5314 
0x1C1C , 1993 
0x5A5A , 0 
0x6E6E , 0 

17:21:39.174:
0x2020 , 6486 
0x3E3E , 5117 
0x1C1C , 2396 
0x5A5A , 5295 
0x6E6E , 8362 

17:21:39.643:
num_of_tries to send the NodeID: 2

17:21:39.737:
num_of_tries to send the
17:21:39.752:
 NodeID: 3

17:21:39.862:
num_of_tries to send the NodeID: 4

17:21:39.956:
ACK of Tag receivement from 
17:21:39.971:
nodeID is missing! 

17:21:40.627:
0x2020 , 6200 
0x3E3E , 0 
0x1C1C , 2898 
0x5A5A , 5206 
0x6E6E , 8020 

17:21:41.190:
0x2020 , 6224 
0x
17:21:41.221:
3E3E , 5267 
0x1C1C , 2725 
0x5A5A , 5267 
0x6E6E , 7950 

17:21:41.784:
0x2020
17:21:41.799:
 , 5905 
0x3E3E , 5295 
0x1C1C , 0 
0x5A5A , 5314 
0x6E6E , 7781 

17:21:42.737:
0x2020 , 0 
0x3E3E , 0 
0x1C1C , 3330 
0x5A5A , 0 
0x6E6E , 0 

17:21:43.503:
0x2020 , 5520 
0x3E3E , 5365 
0x1C1C , 3569 

17:21:43.518:
0x5A5A , 0 
0x6E6E , 0 

17:21:44.081:
0x2020 , 5304 
17:21:44.112:

0x3E3E , 5276 
0x1C1C , 3710 
0x5A5A , 5192 
0x6E6E , 7190 

17:21:44.706:
0x2020 , 5225 
0x3E3E , 5417 
0x1C1C , 3813 
0x5A5A , 5182 
0x6E6E , 6951 

17:21:45.315:
0x2020 , 5051 
0x3E3E , 5393 
0x1C1C , 4085 
0x5A5A , 5065 
0x6E6E , 6791 

17:21:45.971:
0x2020 , 5009 
0x3E3E , 0 
0x1C1C , 4352 
0x5A5A , 5032 
0x6E6E , 6941 

17:21:46.518:
0x2020 , 4802 

17:21:46.534:
0x3E3E , 5492 
0x1C1C , 4535 
0x5A5A , 5150 
0x6E6E , 6449 

17:21:47.987:
0x2020 , 0 
0x3E3E , 0 
0x1C1C , 0 

17:21:48.003:
0x5A5A , 0 
0x6E6E , 0 

17:21:48.581:
0x2020 , 4507 
0x3E3E , 6092 
0x1C1C , 5051 
0x5A5A , 5145 
0x6E6E , 6247 

17:21:49.253:
0x2020 , 0 
0x3E3E , 6195 
0x1C1C , 5210 
0x5A5A , 5145 
0x6E6E , 5933 

17:21:49.924:
0x2020 , 0 
0x3E3E , 6299 
0x1C1C , 5023 
0x5A5A , 5154 
0x6E6E , 5858 

17:21:50.581:
0x2020 , 0 
0x3E3E , 6144 
0x1C1C , 5107 

17:21:50.596:
0x5A5A , 5168 
0x6E6E , 6214 

17:21:51.268:
0x2020 , 0 
0x3E3E , 6134 
0x1C1C , 5098 
0x5A5A , 5135 
0x6E6E , 5834 

17:21:51.956:
0x2020 , 0 
0x3E3E , 6125 
0x1C1C , 5342 
0x5A5A , 5121 
0x6E6E , 6106 

17:21:52.630:
0x2020 , 0 
0x3E3E , 6144 
0x1C1C , 5459 
0x5A5A , 5154 
0x6E6E , 6059 

17:21:53.303:
0x2020 , 0 
0x3E3E , 6120 
0x1C1C , 5309 

17:21:53.318:
0x5A5A , 5154 
0x6E6E , 6078 

17:21:53.928:
0x2020 , 4427 
0x3E3E , 6102 
0x1C1C , 5164 
0x5A5A , 5168 
0x6E6E , 6116 

17:21:54.475:
0x2020 , 4432 
0x3E3E , 6200 

17:21:54.491:
0x1C1C , 5300 
0x5A5A , 5276 
0x6E6E , 6172 
