0x2020 , 4488 
0x3E3E , 6153 
0x1C1C , 5286 
0x5A5A , 5131 
0x6E6E , 5764 
0x2020 , 4498 
0x3E3E , 6181 
0x1C1C , 5295 
0x5A5A , 5074 
0x6E6E , 0 
0x2020 , 4455 
0x3E3E , 6205 
0x1C1C , 5342 
0x5A5A , 5037 
0x6E6E , 5759 
0x2020 , 4423 
0x3E3E , 6271 
0x1C1C , 5440 
0x5A5A , 5079 
0x6E6E , 0 
0x2020 , 4272 
0x3E3E , 6322 
0x1C1C , 5548 
0x5A5A , 5145 
0x6E6E , 5651 
0x2020 , 3949 
0x3E3E , 6768 
0x1C1C , 5619 
0x5A5A , 0 
0x6E6E , 0 
0x2020 , 0 
0x3E3E , 0 
0x1C1C , 0 
0x5A5A , 5942 
0x6E6E , 0 
0x2020 , 3475 
0x3E3E , 6885 
0x1C1C , 5886 
0x5A5A , 0 
0x6E6E , 0 
0x2020 , 3513 
0x3E3E , 6688 
0x1C1C , 6013 
0x5A5A , 5834 
0x6E6E , 5337 
0x2020 , 3367 
0x3E3E , 6754 
0x1C1C , 6327 
0x5A5A , 5900 
0x6E6E , 0 
0x2020 , 3128 
0x3E3E , 6852 
0x1C1C , 6613 
0x5A5A , 6008 
0x6E6E , 4999 
0x2020 , 2903 
0x3E3E , 7054 
0x1C1C , 6927 
0x5A5A , 6350 
0x6E6E , 0 
0x2020 , 2814 
0x3E3E , 7260 
0x1C1C , 7232 
0x5A5A , 6378 
0x6E6E , 4892 
0x2020 , 2659 
0x3E3E , 7340 
0x1C1C , 7481 
0x5A5A , 6697 
0x6E6E , 0 
0x2020 , 2589 
0x3E3E , 7462 
0x1C1C , 7776 
0x5A5A , 7284 
0x6E6E , 4638 
0x2020 , 2424 
0x3E3E , 7443 
0x1C1C , 7842 
0x5A5A , 7499 
0x6E6E , 4957 
0x2020 , 2321 
0x3E3E , 7392 
0x1C1C , 8015 
0x5A5A , 7556 
0x6E6E , 0 
0x2020 , 2040 
0x3E3E , 7401 
0x1C1C , 7959 
0x5A5A , 7837 
0x6E6E , 5074 
0x2020 , 1805 
0x3E3E , 7077 
0x1C1C , 7748 
0x5A5A , 7734 
0x6E6E , 0 
0x2020 , 1622 
0x3E3E , 7101 
0x1C1C , 7743 
0x5A5A , 7785 
0x6E6E , 5801 
0x2020 , 1341 
0x3E3E , 6899 
0x1C1C , 7588 
0x5A5A , 7701 
0x6E6E , 0 
0x2020 , 1303 
0x3E3E , 6829 
0x1C1C , 7335 
0x5A5A , 7682 
0x6E6E , 6013 
0x2020 , 0 
0x3E3E , 0 
0x1C1C , 0 
0x5A5A , 0 
0x6E6E , 0 
0x2020 , 2199 
0x3E3E , 5614 
0x1C1C , 6210 
0x5A5A , 6829 
0x6E6E , 6181 
0x2020 , 2678 
0x3E3E , 5562 
0x1C1C , 6036 
0x5A5A , 6735 
0x6E6E , 0 
0x2020 , 2983 
0x3E3E , 5675 
0x1C1C , 5886 
0x5A5A , 6402 
0x6E6E , 6153 
0x2020 , 0 
0x3E3E , 0 
0x1C1C , 0 
0x5A5A , 0 
0x6E6E , 0 
0x2020 , 5018 
0x3E3E , 6369 
0x1C1C , 4873 
0x5A5A , 4863 
0x6E6E , 5984 
0x2020 , 4999 
0x3E3E , 6200 
0x1C1C , 4774 
0x5A5A , 4718 
0x6E6E , 0 
0x2020 , 6097 
0x3E3E , 6679 
0x1C1C , 3639 
0x5A5A , 4197 
0x6E6E , 6983 
0x2020 , 0 
0x3E3E , 6805 
0x1C1C , 3606 
0x5A5A , 3672 
0x6E6E , 0 
0x2020 , 6702 
0x3E3E , 6993 
0x1C1C , 3597 
0x5A5A , 3527 
0x6E6E , 7340 
0x2020 , 0 
0x3E3E , 6838 
0x1C1C , 3531 
0x5A5A , 3710 
0x6E6E , 0 
0x2020 , 7063 
0x3E3E , 6960 
0x1C1C , 3377 
0x5A5A , 3559 
0x6E6E , 7696 
0x2020 , 7392 
0x3E3E , 7068 
0x1C1C , 3278 
0x5A5A , 3602 
0x6E6E , 0 
0x2020 , 7467 
0x3E3E , 7105 
0x1C1C , 3151 
0x5A5A , 3700 
0x6E6E , 8264 
0x2020 , 7710 
0x3E3E , 7143 
0x1C1C , 3015 
0x5A5A , 3780 
0x6E6E , 0 
0x2020 , 7823 
0x3E3E , 7143 
0x1C1C , 2936 
0x5A5A , 3822 
0x6E6E , 0 
0x2020 , 7814 
0x3E3E , 7143 
0x1C1C , 2861 
0x5A5A , 4052 
0x6E6E , 0 
0x2020 , 7832 
0x3E3E , 6838 
0x1C1C , 2467 
0x5A5A , 4136 
0x6E6E , 8836 
0x2020 , 0 
0x3E3E , 0 
0x1C1C , 0 
0x5A5A , 0 
0x6E6E , 0 
0x2020 , 7588 
0x3E3E , 6008 
0x1C1C , 1566 
0x5A5A , 5281 
0x6E6E , 9005 
0x2020 , 7542 
0x3E3E , 5506 
0x1C1C , 1500 
0x5A5A , 5365 
0x6E6E , 9014 
0x2020 , 7340 
0x3E3E , 5886 
0x1C1C , 1360 
0x5A5A , 5492 
0x6E6E , 8991 
0x2020 , 0 
0x3E3E , 0 
0x1C1C , 0 
0x5A5A , 0 
0x6E6E , 0 
0x2020 , 5905 
0x3E3E , 4104 
0x1C1C , 2166 
0x5A5A , 5937 
0x6E6E , 8705 
0x2020 , 5553 
0x3E3E , 4146 
0x1C1C , 2546 
0x5A5A , 6561 
0x6E6E , 0 
0x2020 , 5347 
0x3E3E , 4183 
0x1C1C , 0 
0x5A5A , 6655 
0x6E6E , 8447 
0x2020 , 0 
0x3E3E , 0 
0x1C1C , 3320 
0x5A5A , 0 
0x6E6E , 0 
0x2020 , 4868 
0x3E3E , 4451 
0x1C1C , 3775 
0x5A5A , 0 
0x6E6E , 8053 
0x2020 , 4596 
0x3E3E , 4582 
0x1C1C , 4024 
0x5A5A , 6149 
0x6E6E , 8058 
0x2020 , 4507 
0x3E3E , 4793 
0x1C1C , 3874 
0x5A5A , 0 
0x6E6E , 0 
0x2020 , 4385 
0x3E3E , 5112 
0x1C1C , 0 
0x5A5A , 0 
0x6E6E , 0 
0x2020 , 0 
0x3E3E , 0 
0x1C1C , 0 
0x5A5A , 0 
0x6E6E , 6219 
0x2020 , 4291 
0x3E3E , 5595 
0x1C1C , 0 
0x5A5A , 0 
0x6E6E , 0 
0x2020 , 0 
0x3E3E , 0 
0x1C1C , 0 
0x5A5A , 0 
0x6E6E , 0 
0x2020 , 4469 
0x3E3E , 6392 
0x1C1C , 5309 
0x5A5A , 4774 
0x6E6E , 5769 
0x2020 , 4657 
0x3E3E , 6571 
0x1C1C , 4831 
0x5A5A , 4746 
0x6E6E , 0 
0x2020 , 4695 
0x3E3E , 6838 
0x1C1C , 4990 
0x5A5A , 4516 
0x6E6E , 5365 
0x2020 , 4816 
0x3E3E , 7007 
0x1C1C , 5192 
0x5A5A , 4376 
0x6E6E , 0 
0x2020 , 4981 
0x3E3E , 7406 
0x1C1C , 5342 
0x5A5A , 4305 
0x6E6E , 4831 
0x2020 , 5201 
0x3E3E , 7593 
0x1C1C , 5619 
0x5A5A , 4085 
0x6E6E , 0 
0x2020 , 0 
0x3E3E , 0 
0x1C1C , 0 
0x5A5A , 0 
0x6E6E , 0 
0x2020 , 5483 
0x3E3E , 8442 
0x1C1C , 6735 
0x5A5A , 4188 
0x6E6E , 3977 
0x2020 , 0 
0x3E3E , 8709 
0x1C1C , 6866 
0x5A5A , 3878 
0x6E6E , 3724 
0x2020 , 0 
0x3E3E , 8977 
0x1C1C , 7579 
0x5A5A , 4047 
0x6E6E , 0 
0x2020 , 0 
0x3E3E , 9188 
0x1C1C , 7279 
0x5A5A , 4057 
0x6E6E , 3236 
0x2020 , 0 
0x3E3E , 9371 
0x1C1C , 7537 
0x5A5A , 4080 
0x6E6E , 0 
0x2020 , 5501 
0x3E3E , 9432 
0x1C1C , 7804 
0x5A5A , 4493 
0x6E6E , 2631 
0x2020 , 0 
0x3E3E , 9357 
0x1C1C , 7898 
0x5A5A , 0 
0x6E6E , 0 
0x2020 , 0 
0x3E3E , 0 
0x1C1C , 0 
0x5A5A , 5178 
0x6E6E , 0 
0x2020 , 0 
0x3E3E , 9296 
0x1C1C , 8001 
0x5A5A , 5328 
0x6E6E , 0 
0x2020 , 5126 
0x3E3E , 9254 
0x1C1C , 7997 
0x5A5A , 5642 
0x6E6E , 2415 
0x2020 , 4676 
0x3E3E , 9122 
0x1C1C , 8344 
0x5A5A , 6045 
0x6E6E , 0 
0x2020 , 4371 
0x3E3E , 8986 
0x1C1C , 8409 
0x5A5A , 6280 
0x6E6E , 3105 
0x2020 , 4080 
0x3E3E , 8855 
0x1C1C , 8367 
0x5A5A , 6392 
0x6E6E , 0 
0x2020 , 3686 
0x3E3E , 8953 
0x1C1C , 8311 
0x5A5A , 6341 
0x6E6E , 3320 
0x2020 , 3588 
0x3E3E , 8625 
0x1C1C , 8278 
0x5A5A , 6589 
0x6E6E , 0 
0x2020 , 3353 
0x3E3E , 8376 
0x1C1C , 7682 
0x5A5A , 6416 
0x6E6E , 3991 
0x2020 , 0 
0x3E3E , 7959 
0x1C1C , 7748 
0x5A5A , 6364 
0x6E6E , 0 
0x2020 , 3156 
0x3E3E , 7828 
0x1C1C , 7537 
0x5A5A , 6317 
0x6E6E , 4329 
0x2020 , 0 
0x3E3E , 7513 
0x1C1C , 7302 
0x5A5A , 6097 
0x6E6E , 0 
0x2020 , 3292 
0x3E3E , 7345 
0x1C1C , 0 
0x5A5A , 6027 
0x6E6E , 4690 
0x2020 , 0 
0x3E3E , 0 
0x1C1C , 6599 
0x5A5A , 0 
0x6E6E , 0 
0x2020 , 3578 
0x3E3E , 0 
0x1C1C , 6210 
0x5A5A , 0 
0x6E6E , 0 
0x2020 , 3799 
0x3E3E , 6801 
0x1C1C , 5952 
0x5A5A , 5398 
0x6E6E , 0 
0x2020 , 3991 
0x3E3E , 6679 
0x1C1C , 5848 
0x5A5A , 5253 
0x6E6E , 5487 
0x2020 , 0 
0x3E3E , 6524 
0x1C1C , 0 
0x5A5A , 5070 
0x6E6E , 0 
0x2020 , 0 
0x3E3E , 0 
0x1C1C , 4981 
0x5A5A , 0 
0x6E6E , 0 
0x2020 , 4709 
0x3E3E , 6303 
0x1C1C , 4685 
0x5A5A , 0 
0x6E6E , 0 
0x2020 , 4929 
0x3E3E , 6346 
0x1C1C , 4432 
0x5A5A , 4605 
0x6E6E , 6392 
0x2020 , 0 
0x3E3E , 6238 
0x1C1C , 4282 
0x5A5A , 0 
0x6E6E , 0 
0x2020 , 0 
0x3E3E , 0 
0x1C1C , 0 
0x5A5A , 4235 
0x6E6E , 0 
0x2020 , 6083 
0x3E3E , 6369 
0x1C1C , 4052 
0x5A5A , 4014 
0x6E6E , 0 
0x2020 , 6632 
0x3E3E , 6463 
0x1C1C , 3339 
0x5A5A , 4404 
0x6E6E , 7195 
0x2020 , 0 
0x3E3E , 6505 
0x1C1C , 3212 
0x5A5A , 4057 
0x6E6E , 0 
0x2020 , 7040 
0x3E3E , 6730 
0x1C1C , 3119 
0x5A5A , 4038 
0x6E6E , 7992 
0x2020 , 0 
0x3E3E , 6777 
0x1C1C , 2954 
0x5A5A , 3991 
0x6E6E , 0 
0x2020 , 0 
0x3E3E , 6660 
0x1C1C , 2537 
0x5A5A , 4258 
0x6E6E , 8456 
0x2020 , 0 
0x3E3E , 6519 
0x1C1C , 2260 
0x5A5A , 4680 
0x6E6E , 0 
0x2020 , 0 
0x3E3E , 0 
0x1C1C , 1257 
0x5A5A , 0 
0x6E6E , 0 
0x2020 , 0 
0x3E3E , 0 
0x1C1C , 0 
0x5A5A , 0 
0x6E6E , 0 
0x2020 , 6303 
0x3E3E , 3996 
0x1C1C , 0 
0x5A5A , 6791 
0x6E6E , 9118 
0x2020 , 0 
0x3E3E , 0 
0x1C1C , 1768 
0x5A5A , 0 
0x6E6E , 0 
0x2020 , 5895 
0x3E3E , 3639 
0x1C1C , 2701 
0x5A5A , 0 
0x6E6E , 9000 
0x2020 , 5830 
0x3E3E , 4127 
0x1C1C , 2603 
0x5A5A , 6528 
0x6E6E , 8846 
0x2020 , 5164 
0x3E3E , 4127 
0x1C1C , 2978 
0x5A5A , 6561 
0x6E6E , 7987 
0x2020 , 0 
0x3E3E , 0 
0x1C1C , 0 
0x5A5A , 0 
0x6E6E , 0 
0x2020 , 4821 
0x3E3E , 4732 
0x1C1C , 3583 
0x5A5A , 6003 
0x6E6E , 7345 
0x2020 , 4624 
0x3E3E , 4906 
0x1C1C , 3921 
0x5A5A , 0 
0x6E6E , 0 
0x2020 , 4479 
0x3E3E , 5084 
0x1C1C , 4197 
0x5A5A , 5731 
0x6E6E , 6805 
0x2020 , 4408 
0x3E3E , 5201 
0x1C1C , 4408 
0x5A5A , 5403 
0x6E6E , 0 
0x2020 , 4376 
0x3E3E , 5361 
0x1C1C , 4610 
0x5A5A , 5300 
0x6E6E , 6998 
0x2020 , 4390 
0x3E3E , 5637 
0x1C1C , 0 
0x5A5A , 5018 
0x6E6E , 0 
0x2020 , 0 
0x3E3E , 0 
0x1C1C , 4971 
0x5A5A , 0 
0x6E6E , 0 
0x2020 , 4390 
0x3E3E , 6224 
0x1C1C , 0 
0x5A5A , 0 
0x6E6E , 0 
0x2020 , 0 
0x3E3E , 0 
0x1C1C , 5483 
0x5A5A , 0 
0x6E6E , 0 
0x2020 , 4521 
0x3E3E , 6688 
0x1C1C , 5726 
0x5A5A , 0 
0x6E6E , 0 
0x2020 , 4638 
0x3E3E , 6922 
0x1C1C , 5356 
0x5A5A , 4441 
0x6E6E , 5309 
0x2020 , 4709 
0x3E3E , 7115 
0x1C1C , 5961 
0x5A5A , 4399 
0x6E6E , 0 
0x2020 , 4887 
0x3E3E , 7354 
0x1C1C , 6247 
0x5A5A , 4408 
0x6E6E , 4840 
0x2020 , 4938 
0x3E3E , 7467 
0x1C1C , 6510 
0x5A5A , 4366 
0x6E6E , 0 
0x2020 , 5159 
0x3E3E , 7767 
0x1C1C , 6102 
0x5A5A , 4230 
0x6E6E , 4343 
0x2020 , 5065 
0x3E3E , 7903 
0x1C1C , 6106 
0x5A5A , 4357 
0x6E6E , 0 
0x2020 , 5178 
0x3E3E , 8156 
0x1C1C , 6472 
0x5A5A , 4240 
0x6E6E , 4014 
0x2020 , 5478 
0x3E3E , 9483 
0x1C1C , 7626 
0x5A5A , 5276 
0x6E6E , 2720 
0x2020 , 5370 
0x3E3E , 9474 
0x1C1C , 7800 
0x5A5A , 4530 
0x6E6E , 0 
0x2020 , 0 
0x3E3E , 9286 
0x1C1C , 7865 
0x5A5A , 4779 
0x6E6E , 2457 
0x2020 , 0 
0x3E3E , 0 
0x1C1C , 0 
0x5A5A , 0 
0x6E6E , 0 
0x2020 , 4427 
0x3E3E , 8850 
0x1C1C , 8339 
0x5A5A , 6163 
0x6E6E , 3616 
0x2020 , 0 
0x3E3E , 8789 
0x1C1C , 8339 
0x5A5A , 6350 
0x6E6E , 0 
0x2020 , 3672 
0x3E3E , 8653 
0x1C1C , 8320 
0x5A5A , 6299 
0x6E6E , 3255 
0x2020 , 0 
0x3E3E , 0 
0x1C1C , 8217 
0x5A5A , 6341 
0x6E6E , 0 
0x2020 , 0 
0x3E3E , 8255 
0x1C1C , 7734 
0x5A5A , 6439 
0x6E6E , 4104 
0x2020 , 0 
0x3E3E , 8039 
0x1C1C , 7851 
0x5A5A , 6407 
0x6E6E , 4160 
0x2020 , 0 
0x3E3E , 0 
0x1C1C , 0 
0x5A5A , 0 
0x6E6E , 0 
0x2020 , 0 
0x3E3E , 0 
0x1C1C , 0 
0x5A5A , 0 
0x6E6E , 0 
0x2020 , 3513 
0x3E3E , 6833 
0x1C1C , 6050 
0x5A5A , 5562 
0x6E6E , 5314 
0x2020 , 3602 
0x3E3E , 6594 
0x1C1C , 6013 
0x5A5A , 5478 
0x6E6E , 0 
0x2020 , 3846 
0x3E3E , 6693 
0x1C1C , 5332 
0x5A5A , 5365 
0x6E6E , 5511 
0x2020 , 4010 
0x3E3E , 6468 
0x1C1C , 5281 
0x5A5A , 5290 
0x6E6E , 0 
0x2020 , 4108 
0x3E3E , 6449 
0x1C1C , 5323 
0x5A5A , 5206 
0x6E6E , 5651 
0x2020 , 4193 
0x3E3E , 6482 
0x1C1C , 5079 
0x5A5A , 5140 
0x6E6E , 0 
0x2020 , 4282 
0x3E3E , 6416 
0x1C1C , 5028 
0x5A5A , 5070 
0x6E6E , 5867 
0x2020 , 4469 
0x3E3E , 6477 
0x1C1C , 4976 
0x5A5A , 4981 
0x6E6E , 0 
0x2020 , 4423 
0x3E3E , 6430 
0x1C1C , 4920 
0x5A5A , 4990 
0x6E6E , 5919 
0x2020 , 4498 
0x3E3E , 6416 
0x1C1C , 4877 
0x5A5A , 5009 
0x6E6E , 0 
0x2020 , 4418 
0x3E3E , 6500 
0x1C1C , 0 
0x5A5A , 4953 
0x6E6E , 5886 
0x2020 , 0 
0x3E3E , 0 
0x1C1C , 4868 
0x5A5A , 0 
0x6E6E , 0 
0x2020 , 4418 
0x3E3E , 6430 
0x1C1C , 4887 
0x5A5A , 0 
0x6E6E , 5858 
0x2020 , 4404 
0x3E3E , 6449 
0x1C1C , 4920 
0x5A5A , 4948 
0x6E6E , 0 
0x2020 , 4498 
0x3E3E , 6430 
0x1C1C , 4901 
0x5A5A , 4901 
0x6E6E , 5961 
0x2020 , 4432 
0x3E3E , 6496 
0x1C1C , 4901 
0x5A5A , 5013 
0x6E6E , 0 
0x2020 , 4502 
0x3E3E , 6496 
0x1C1C , 4901 
0x5A5A , 4831 
0x6E6E , 5905 
