
13:59:01.272:
0x1C1C , -5 
0x3E3E , -14 
0x4D4D , -8 
0x6E6E , 0 

13:59:01.976:
0x1C1C , 430 
0x3E3E , 203 
0x4D4D , 
13:59:01.991:
-8 
0x6E6E , 379 

13:59:02.679:
0x1C1C , -5 
0x3E3E
13:59:02.694:
 , 214 
0x4D4D , -8 
0x6E6E , 330 

13:59:03.569:
0x1C1C , 491 
0x3E3E , 294 
0x4D4D , -8 
0x6E6E , 264 

13:59:04.429:
0x1C1C , -5 
0x3E3E , 371 
0x4D4D , -8 
0x6E6E , 205 

13:59:05.320:
0x1C1C , 554 
0x3E3E , 439 
0x4D4D , -8 
0x6E6E , 0 

13:59:06.179:
0x1C1C , -5 
0x3E3E , -14 
0x4D4D , -8 
13:59:06.195:

0x6E6E , 244 

13:59:07.070:
0x1C1C , 592 
0x3E3E , -14 
0x4D4D , -8 
0x6E6E , 317 

13:59:07.929:
0x1C1C , -5 
0x3E3E , -14 
0x4D4D , -8 
0x6E6E
13:59:07.945:
 , 402 

13:59:08.836:
0x1C1C , 521 
0x3E3E , -14 
0x4D4D , -8 
0x6E6E , 455 

13:59:09.677:
0x1C1C , -5 
0x3E3E , -14 
13:59:09.693:

0x4D4D , -8 
0x6E6E , 0 

13:59:10.599:
0x1C1C , 395 
0x3E3E , -14 
0x4D4D , 245 
0x6E6E , 0 

13:59:11.443:
0x1C1C , -5 
0x3E3E , -14 
0x4D4D , -8 
0x6E6E , 0 

13:59:12.334:
0x1C1C , 220 
0x3E3E , -14 
0x4D4D , -8 
0x6E6E , 0 

13:59:14.069:
0x1C1C , 104 
0x3E3E , -14 
0x4D4D , -8 
0x6E6E , 0 
13:59:14.084:


13:59:14.897:
0x1C1C , -5 
0x3E3E , -14 
0x4
13:59:14.912:
D4D , -8 
0x6E6E , 0 

13:59:15.801:
0x1C1C , 203 
0x3E3E , 270 
0x4D4D , -8 
0x6E6E , 0 

13:59:16.676:
0x1C1C , -5 
0x3E3E , 189 
0x4D4D , -8 
0x6E6E , 0 

13:59:17.583:
0x1C1C , 349 
0x3E3E , 125 
0x4D4D , 678 
0x6E6E , 467 

13:59:18.442:
0x1C1C , -5 
0x3E3E , 157 
0x4D4D ,
13:59:18.458:
 689 
0x6E6E , 407 

13:59:19.333:
0x1C1C , 463 
0x3E3E , 219 
0x4D4D , 638 
0x6E6E , 325 

13:59:20.192:
0x1C1C , -5 
0x3E
13:59:20.208:
3E , 282 
0x4D4D , -8 
0x6E6E , 272 

13:59:21.083:
0x1C1C , 551 
0x3E3E , 379 
0x4D4D , -8 
0x6E6E , 200 

13:59:24.141:
0x1C1C , -5 
0x3E3E , -14 
0x4D4D , -8 
0x6E6E , 0 

13:59:27.063:
0x1C1C , -5 
0x3E3E , -14 
0x4D4D , -8 
0x6E6E , 0 

13:59:32.624:
0x1C1C , 241 
0x3E3E , 257 
0x4D4D , -8 
0x6E6E , 556 

13:59:33.366:
0x1C1C , -5 
0x3E3E , 179 
0x4D4D , -8 

13:59:33.382:
0x6E6E , 512 

13:59:34.226:
0x1C1C , 381 
0x3E3E , 113 
0x4D4D , -8 
0x6E6E , 460 

13:59:37.038:
0x1C1C , -5 
0x3E3E , -14 
0x4D4D , -8 

13:59:37.054:
0x6E6E , 0 

13:59:38.830:
0x1C1C , -5 
0x3E3E , -14 
0x4D4D , -8 
0x6E6E , 0 

13:59:39.549:
0x1C1C , 615 
0x3E3E , 532 
0x4D4D , -8 
0x6E6E , 244 

13:59:40.314:
0x1C1C , -5 
0x3E3E , 569 
0x4D4D , -8 
0x6E6E , 280 

13:59:45.293:
0x1C1C , 290 
0x3E3E , 523 
0x4D4D , -8 
0x6E6E , 0 

13:59:45.996:
0x1C1C , -5 
0x3E3E , 478 
0x4D4D , -8 
13:59:46.012:

0x6E6E , 0 

13:59:46.715:
0x1C1C , 150 
0x3E3E , 449 

13:59:46.730:
0x4D4D , -8 
0x6E6E , 0 

13:59:47.434:
0x1C1C , -5 
0x3E3E , 446 
0x4D4D , -8 
0x6E6E , 0 

13:59:48.215:
0x1C1C , 165 
0x3E3E , 404 
0x4D4D , -8 
0x6E6E , 0 

14:00:01.713:
0x1C1C , 369 
0x3E3E , 572 
0x4D4D , 305 
0x6E6E , 542 

14:00:02.463:
0x1C1C , -5 
0x3E3E , 530 
0x4D4D , 388 
0x6E6E , 565 

14:00:03.197:
0x1C1C , 204 
0x3E3E , 476 
0x4D4D , -8 
14:00:03.213:

0x6E6E , 0 

14:00:03.979:
0x1C1C , -5 
0x3E3E , 451 
0x4D4D , 565 
0x6E6E , 0 

14:00:05.729:
0x1C1C , -5 
0x3E3E , 329 
0x4D4D , 627 
0x6E6E , 0 

14:00:08.737:
0x1C1C , -5 
0x3E3E , -14 
0x4D4D , -8 
0x6E6E , 0 

14:00:09.472:
0x1C1C , 450 
0x3E3E , 211 
0x4D4D , 655 
0x6E6E
14:00:09.487:
 , 366 

14:00:10.175:
0x1C1C
14:00:10.190:
 , -5 
0x3E3E , 243 
0x4D4D , -8 
0x6E6E , 291 

14:00:10.956:
0x1C1C , 519 
0x3E3E , 338 
0x4D4D , 545 
0x6E6E 
14:00:10.972:
, 228 

14:00:11.816:
0x1C1C , -5 
0x3E3E , 414 
0x4D4D , -8 
0x6E6E , 178 

14:00:12.707:
0x1C1C , 607 
0x3E3E , 499 
0x4D4D , 476 
0x6E6E , 2
14:00:12.723:
48 

14:00:13.582:
0x1C1C , -5 
0x3E3E , 56
14:00:13.598:
9 
0x4D4D , 343 
0x6E6E , 275 

14:00:14.473:
0x1C1C , 598 
0x3E3E , 603 
0x4D4D , 326 
0x6E6E , 359 

14:00:15.332:
0x1C1C , -5 
0x3E3E , 614 
0x4D4D , 2
14:00:15.348:
17 
0x6E6E , 441 

14:00:16.223:
0x1C1C , 529 
0x3E3E , 631 
0x4D4D , 197 
0x6E6E , 499 

14:00:17.082:
0x1C1C , -5 

14:00:17.098:
0x3E3E , 587 
0x4D4D , -8 
0x6E6E , 512 

14:00:17.988:
0x1C1C , 362 
0x3E3E , 571 
0x4D4D , 319 
0x6E6E , 535 

14:00:22.935:
0x1C1C ,
14:00:22.951:
 263 
0x3E3E , 228 
0x4D4D , -8 
0x6E6E , 540 

14:00:24.623:
0x1C1C , 403 
0x3E3E , 107 
0x4D4D , -8 
0x6E6E , 447 

14:00:25.326:
0x1C1C , -5 
0x3E3E , 165 
0x4D4D , -8 
0x6E6E , 393 

14:00:26.045:
0x1C1C , 465 
0x3E3E , 216 
0x4D4D , -8 
0x6E6E , 344 

14:00:26.730:
0x1C1C , -5 
0x3E3E , 283 
0x4D4D , -8 
0x6E
14:00:26.745:
6E , 0 

14:00:27.558:
0x1C1C , -5 
0x3E3E , -14 
0x4D4D , -8 
0x6E6E , 200 

14:00:30.621:
0x1C1C , -5 

14:00:30.636:
0x3E3E , -14 
0x4D4D , -8 
0x6E6E , 0 

14:00:31.355:
0x1C1C , 555 
0x3E3E , 620 
0x4D4D , -8 
14:00:31.371:

0x6E6E , 444 

14:00:32.089:
0x1C1C , -5 
0x3E3E , 618 
0x4D4D , -8 
0x6E6E , 490 

14:00:33.011:
0x1C1C , 422 
0x3E3E , 603 
0x4D4D , -8 
0x6E6E , 0 

14:00:33.730:
0x1C1C , -5 
0x3E3E , -14 
0x4D4D , -8 
0x6E6E , 531 

14:00:34.574:
0x1C1C , 255 
0x3E3E , -14 
0x4D4D , -8 
0x6E6E , 0
14:00:34.589:
 

14:00:35.433:
0x1C1C , -5 
0x3E3E , -14 
14:00:35.449:

0x4D4D , -8 
0x6E6E , 0 

14:00:48.949:
0x1C1C , 423 
0x3E3E , -14 
0x4D4D , -8 
0x6E6E , 520 

14:00:52.777:
0x1C1C , 137 
0x3E3E , 377 
0x4D4D , -8 
0x6E6E , 0 

14:00:53.465:
0x1C1C , -5 
0x3E3E , -14 
0x4D4D , -8 
0x6E6E , 599 

14:00:54.151:
0x1C1C , 234 
0x3E3E , -14 
0x4D4
14:00:54.166:
D , -8 
0x6E6E , 0 

14:00:54.854:
0x1C1C , -5 
0x3E3E , -14 
0x4D4D , -8 
0x6E6E , 504 

14:00:55.557:
0x1C1C , 
14:00:55.572:
381 
0x3E3E , -14 
0x4D4D , -8 
0x6E6E , 462 

14:00:56.433:
0x1C1C , -5 
0x3E3E , -14 
0x4D4D , -8 
0x6E6E , 424 

14:00:57.323:
0x1C1C , 470 
0x3E3E , -14 
14:00:57.339:

0x4D4D , -8 
0x6E6E , 321 

14:00:58.198:
0x1C1C , -5 
0x3E3E , -14 
0x4D4D , -8 
0x6E6E , 250 

14:00:59.073:
0x1C1C , 563 
0x3E3E , -14 
0x4D4D , -8 

14:00:59.089:
0x6E6E , 177 

14:00:59.933:
0x1C1C , -5 

14:00:59.948:
0x3E3E , -14 
0x4D4D , -8 
0x6E6E , 229 

14:01:00.839:
0x1C1C , 632 
0x3E3E , -14 
0x4D4D , -8 
0x6E6E 
14:01:00.855:
, 281 

14:01:01.698:
0x1C1C , -5 
0x3E3E , -14 

14:01:01.714:
0x4D4D , -8 
0x6E6E , 355 

14:01:03.480:
0x1C1C , 52
14:01:03.495:
0 
0x3E3E , 651 
0x4D4D , -8 
0x6E6E , 502 

14:01:04.355:
0x1C1C , -5 
0x3E3E , 654 
0x4D4D , -8 
0x6E6E , 522 

14:01:10.944:
0x1C1C , -5 
0x3E3E , -14 
0x4D4D , -8 
0x6E6E , 523 

14:01:11.631:
0x1C1C , -5 
0x3E3E , -14 
0x4D4D , -8 
0x6E6E , 478 

14:01:12.319:
0x1C1C , -5 

14:01:12.334:
0x3E3E , -14 
0x4D4D , -8 
0x6E6E , 419 

14:01:13.053:
0x1C1C , -5 
0x3E3E , -14 
0x4D4D , -8 
0x6E6E , 371 

14:01:13.913:
0x1C1C , -5 
0x3E3E , -14 
0x4D4D
14:01:13.928:
 , -8 
0x6E6E , 285 

14:01:14.803:
0x1C1C , -5 
0x3E3E , -14 
0x4D4D , -8 
14:01:14.819:

0x6E6E , 203 

14:01:15.676:
0x1C1C , -5 
0x3E3E , -14 
0x4D4D , -8 
0x6E
14:01:15.692:
6E , 195 

14:01:16.551:
0x1C1C , -5 
0x3E3E , -14 
0x4D4D , -8 
0x6E6E , 252 

14:01:17.443:
0x1C1C , -5 
0x3E3E , -14 
0x4D4D , -8 
0x6E6E , 304 

14:01:18.313:
0x1C1C , -5 
0x3E3E , -14 
0x4D4D , -8 
0x6E6E , 0 

14:01:19.219:
0x1C1C , -5 
0x3E3E , -14 
0x4D4D , -8 
0x6E6E , 461 

14:01:20.094:
0x1C1C , 513 
0x3E3E , -14 
0x4D4D 
14:01:20.110:
, -8 
0x6E6E , 512 

14:01:20.954:
0x1C1C ,
14:01:20.969:
 -5 
0x3E3E , -14 
0x4D4D , -8 
0x6E6E , 519 

14:01:21.844:
0x1C1C , 346 
0x3E3E , -14 
0x4D4D , -8 

14:01:21.860:
0x6E6E , 540 

14:01:23.594:
0x1C1C , 164 
0x3E3E , -14 
0x4D4D , -8 
0x6E6E , 0 

14:01:24.407:
0x1C1C , -5 
0x3E3E , -14 
0x4D4D , -8 
0x6E6E , 0 

14:01:25.313:
0x1C1C , -5 
0x3E3E , -14 
0x4D4D , -8 
0x6E6E , 606 

14:01:26.188:
0x1C1C , -5 
0x3E3E , -14 
0x4
14:01:26.204:
D4D , 634 
0x6E6E , 558 

14:01:27.065:
0x1C1C , -5 
0x3E3E , -14 
0x4D4
14:01:27.081:
D , 665 
0x6E6E , 511 
