

13:48:21.465:
0x1C1C , 584 
0x2020 , 506 
0x3E3E , 764 
0x4D4D , 95 
0x6E6E , 591 

13:48:22.186:
0x1C1C , -5 
0x2020 , 509 
0x3E3E , 791 
0x4D4D , -8 
0x6E6E , 587 

13:48:25.105:
0x1C1C , -5 
0x2020 , 499 
0x3E3E , -14 
0x4D4D , -8 
0x6E6E , 0 

13:48:25.871:
0x1C1C , 583 
0x2020 , 511 
0x3E3E , 767 
0x4D4D , 95 
0x6E6E , 597 

13:48:26.980:
0x1C1C , -5 
0x2020 , 507 
0x3E3E , 763 
0x4D4D , 97 
0x6E6E , 0 

13:48:27.715:
0x1C1C , -5 
0x2020 , 0 
0x3E3E , -14 
0x4D4D , -8 
0x6E6E , 595 

13:48:28.418:
0x1C1C , -5 
0x2020 , 0 
0x3E3E , -14 
0x4D4D , -8 
0x6E6E , 0 

13:48:29.152:
0x1C1C , -5 
0x2020 , 0 
0x3E3E , -14 
0x4D4D , -8 
0x6E6E , 0 

13:48:29.887:
0x1C1C , -5 
0x2020 , 0 
0x3E3E , -14 
0x4D4D , -8 
0x6E6E , 0 

13:48:30.621:
0x1C1C , -5 
0x2020 , 0 
0x3E3E , -14 
0x4D4D , -8 
0x6E6E , 0 