13:48:21.465:
0x1C1C , 584 
0x2020 , 506 
0x3E3E , 764 
0x4D4D , 95 
0x6E6E , 591 

13:48:22.186:
0x1C1C , -5 
0x2020 , 509 
0x3E3E , 7
13:48:22.201:
91 
0x4D4D , -8 
0x6E6E , 587 

13:48:25.105:
0x1C1C , -5 
0x2020 , 499 
0x3E
13:48:25.121:
3E , -14 
0x4D4D , -8 
0x6E6E , 0 

13:48:25.871:
0x1C1C , 583 
0x2020 , 
13:48:25.887:
511 
0x3E3E , 767 
0x4D4D , 95 
0x6E6E , 597 

13:48:26.980:
0x1C1C , -5 
0x2020 , 507 
0x3E3E , 763 
0x4D4D , 97 
0x6E6E , 0 

13:48:27.715:
0x1C1C , -5 
0x2020 , 0 
0x3E3E , -14 
0x4D4D , -8 
0x6E6E , 595 

13:48:28.418:
0x1C1C , -5 
0x2020 , 0 
0x3E3E , -14 

13:48:28.434:
0x4D4D , -8 
0x6E6E , 0 

13:48:29.152:
0x1C1C , -5 
0x2020 , 0 
0x3E3E , -14 
0x4D4D , -8 
0x6E6E , 0 

13:48:29.887:
0x1C1C , -5 
0x2020 , 0 
0x3E3E , -14 
0x4D4D , -8 
0x6E6E , 0 

13:48:30.621:
0x1C1C , -5 
0x2020 , 0 
0x3E3E , -14 
0x4D4D , -8 
0x6E6E , 0 

13:48:31.370:
0x1C1C , -5 
0x2020 , 0 
0x3E3E , -14 
0x4D4D , -8 
0x6E6E , 573 

13:48:32.135:
0x1C1C , -5 
0x2020 , 0 
0x3E3E , -14 
0x4D4D , 166 
0x6E6E , 560 

13:48:35.979:
0x1C1C , 360 
0x2020 , 184 
0x3E3E , 459 
0x4D4D , -8 

13:48:35.995:
0x6E6E , 459 

13:48:36.729:
0x1C1C , -5 
0x2020 , 140 
0x3E3E , 402 
0x4D4D , 396 
0x6E6E , 0 

13:48:37.463:
0x1C1C , 291 
0x2020 , 110 
0x3E3E , 351 
0x4D4D , -8 
0x6E6E , 0 

13:48:38.186:
0x1C1C , -5 
0x2020 , 115 
0x3E3E , 326 
0x
13:48:38.202:
4D4D , -8 
0x6E6E , 467 

13:48:38.967:
0x1C1C , 288 
0x2020 , 114 
0x3E3E , 330 
0x4D4D , -8 
0x6E6E , 464 

13:48:39.702:
0x1C1C , -5 
0x2020 , 110 
13:48:39.717:

0x3E3E , 331 
0x4D4D , -8 
0x6E6E , 466 

13:48:40.483:
0x1C1C , 288 

13:48:40.499:
0x2020 , 115 
0x3E3E , 329 
0x4D4D , -8 
0x6E6E , 460 

13:48:41.264:
0x1C1C , -5 
0x2020 , 108 
0x3E3E , 323 
0x4D4D , -8 
0x6E6E , 459 

13:48:42.046:
0x1C1C , 289 
0x2020 , 112 
0x3E3E , 320 
0x4D4D , -8 
0x6E6E , 456 

13:48:42.796:
0x1C1C , -5 
0x2020 , 111 
0x3E3E , 323 
0x4D4D , -8 
0x6E6E , 454 

13:48:43.577:
0x1C1C , 293 
0x2020 , 108 
0x3E3E , 323 
0x4D4D , -8 
0x6E6E , 451 

13:48:44.327:
0x1C1C , -5 
0x2020 , 108 
0x3E3E , 323 
0x4
13:48:44.343:
D4D , -8 
0x6E6E , 450 

13:48:45.123:
0x1C1C , 291 
0x2020 , 112 
0x3E3E , 3
13:48:45.135:
25 
0x4D4D , -8 
0x6E6E , 452 

13:48:45.916:
0x1C1C , -5 
0x2020 , 114 
0x3E3E , 324 
0x4D4D , -8 
0x6E6E , 451 

13:48:47.510:
0x1C1C , -5 
0x2020 , 118 
0x3E3E , 366 
0
13:48:47.526:
x4D4D , -8 
0x6E6E , 457 

13:48:48.276:
0x1C1C , 322 
0x2020 , 100 
0x3E3E , 322 
0x4D4D , -8 
0x6E6E , 459 

13:48:49.010:
0x1C1C , -5 
0x2020 , 98 
0x3E3E , 312 
0x4D4D , -8 
0x6E6E , 470 

13:48:49.760:
0x1C1C , 302 
0x2020 , 96 
0x3E3E , 310 
0x4D4D , -8 
0x6E6E , 468 

13:48:50.475:
0x1C1C , -5 

13:48:50.491:
0x2020 , 97 
0x3E3E , 308 
0x4D4D , -8 
0x6E6E , 469 

13:48:51.257:
0x1C1C , 296 
0x2020 , 96 
0x3E3E , 308 
0x4D4D , -8 
0x6E6E , 467 

13:48:52.007:
0x1C1C , -5 
0x2020 , 96 
0x3E3E , 308 
0x4D4D , -8 
0x6E6E , 464 

13:48:52.772:
0x1C1C , 301 
0x2020 , 96 
0x3E3E , 308 
0x4D4D , -8 
0x6E6E , 464 

13:48:53.507:
0x1C1C , -5 

13:48:53.522:
0x2020 , 98 
0x3E3E , 308 
0x4D4D , -8 
0x6E6E , 467 

13:48:54.288:
0x1C1C , 288 
0x2020 , 96 
0x3E3E , 313 
0x4D4D , -8 
0x6E6E , 471 

13:48:55.054:
0x1C1C , -5 
0x2020 , 96 
0x3E3E , 310 
0x4D4D , -8 
0x6E6E , 471 

13:48:55.835:
0x1C1C , 273 
0x2020 , 98 
0x3E3E , 307 
0x4D4D , -8 
0x6E6E , 477 

13:48:56.585:
0x1C1C , -5 
0x20
13:48:56.616:
20 , 103 
0x3E3E , 303 
0x4D4D , -8 
0x6E6E , 500 

13:48:57.399:
0x1C1C , 211 
0x2020 , 127 
0x3E3E , 332 
0x4D4D , -8 
0x6E6E , 538 

13:49:02.680:
0x1C1C , -5 
0x2020 , 336 
0x3E3E , 467 
0x4D4D , -8 
0x6E6E , 0 

13:49:03.430:
0x1C1C , -5 
0x2020 , 339 
0x3E3E , 462 
0x4D4D , -8 
0x6E6E , 730 

13:49:04.212:
0x1C1C , 85 
0x2020 , 342 
0x3E3E , 465 
0x4D4D , -8 
0x6E6E , 736 

13:49:04.977:
0x1C1C , -5 
0x2020 , 335 
0x3E3E , 456 
0x4D4D , -8 
0x6E6E , 736 

13:49:05.759:
0x1C1C , 78 
0x2020 , 338 
0x3E3E , 453 
0x4D4D , -8 
0x6E6E , 730 

13:49:06.494:
0x1C1C , -5 
0x2020 , 342 
0x3E3E , 453 
0x4D4D , -8 

13:49:06.509:
0x6E6E , 742 

13:49:07.291:
0x1C1C , 63 
0x2020 , 346 
0x3E3E , 454 
0x4D4D , -8 
0x6E6E , 0 

13:49:08.025:
0x1C1C , -5 
0x2020 , 348 
0x3E3E , 453 
0x4D4D , -8 
0x6
13:49:08.041:
E6E , 0 

13:49:08.806:
0x1C1C , 59 
0x2020 , 348 
0x3E3E , 457 
0x4D4D , -8
13:49:08.822:
 
0x6E6E , 0 

13:49:09.588:
0x1C1C , -5 
0x2020 , 352 
0x3E3E , 458 
0x4D4D , -8 
0x6E6E , 0 

13:49:10.369:
0x1C1C , 59 
0x2020 , 355 
0x3E3E , 458 
0x4D4D , -8 
0x6E6E , 0 

13:49:11.104:
0x1C1C , -5 
13:49:11.120:

0x2020 , 351 
0x3E3E , 453 
0x4D4D , -8 
0x6E6E , 0 

13:49:11.873:
0x1C1C , 59 
0x2020 , 34
13:49:11.904:
9 
0x3E3E , 457 
0x4D4D , -8 
0x6E6E , 0 

13:49:12.670:
0x1C1C , -5 
0x2020 , 347 
0x3E3E , 456 
0x4D4D , -8 
0x6E6E , 0 

13:49:14.258:
0x1C1C , -
13:49:14.274:
5 
0x2020 , 352 
0x3E3E , 459 
0x4D4D , -8 
0x6E6E , 0 

13:49:14.977:
0x1C1C , -5 
0x2020 ,
13:49:14.993:
 347 
0x3E3E , 457 
0x4D4D , -8 
0x6E6E , 0 

13:49:15.711:
0x1C1C , 61 
0x2020 , 349 
0x3E3E 
13:49:15.727:
, 452 
0x4D4D , -8 
0x6E6E , 0 

13:49:16.430:
0x1C1C , -5 
0x2020 , 0 
0x3E3E , -14 
0x4D4D , -8 
0x6E6E , 0 

13:49:17.211:
0x1C1C , -5 
0x2020 , 346 
0x3E3E , -14 
0x4D4D , -8 
0x6E6E , 0 

13:49:17.961:
0x1C1C , -5 
0x2020 , 347 
0x3E3E , -14 

13:49:17.977:
0x4D4D , -8 
0x6E6E , 0 

13:49:18.729:
0x1C1C , -5 
0x2020 , 3
13:49:18.744:
47 
0x3E3E , -14 
0x4D4D , -8 
0x6E6E , 0 

13:49:19.510:
0x1C1C , -5 
0x2020 , 348 
0x3E3E , -14 
0x4D4D , -8 
0x6E6E , 0 

13:49:20.292:
0x1C1C , -5 
0x2020 , 339 
0x3E3E , -14 
0x4D4D , 635 
0x6E6E , 0 

13:49:21.058:
0x1C1C , -5 
0x2020 , 341 
0x3E3E , -14 
0x4D4D , -8 
0x6E6E , 0 

13:49:21.808:
0x1C1C , -5 
0x2020 , 339 
0x3E3E , -14 
0x4D4D , 
13:49:21.823:
-8 
0x6E6E , 0 

13:49:22.589:
0x1C1C , -5 
0x2020 , 337 
0x3E3E , -14 
0x4D4D ,
13:49:22.605:
 632 
0x6E6E , 0 

13:49:23.355:
0x1C1C , -5 
0x2020 , 32
13:49:23.370:
3 
0x3E3E , -14 
0x4D4D , 649 
0x6E6E , 0 

13:49:24.152:
0x1C1C , -5 
0x2020 , 284 
0x3E3E , -14 
0x4D4D , 641 
0x6E6E , 0 

13:49:25.761:
0x1C1C , -5 
0x2020 , 230 
0x3E3E , -14 
13:49:25.777:

0x4D4D , 637 
0x6E6E , 643 

13:49:26.495:
0x1C1C , -5 
0x2020 , 208 
0x3E3E , 330 
0x4D4D , -8 
0x6E6E , 626 

13:49:27.231:
0x1C1C , -5 
0x2020 , 200 
0x3E3E , 282 
0x4D4D , -8 
0x6E6E , 595 

13:49:27.981:
0x1C1C , 242 
0x2020 , 215 
0x3E3E , 239 
0x4D4D , -8 
0x6E6E , 569 

13:49:28.699:
0x1C1C , -5 

13:49:28.715:
0x2020 , 239 
0x3E3E , 187 
0x4D4D , -8 
0x6E6E , 542 

13:49:29.496:
0x1C1C , 331 
0x2020 , 260 
0x3E3E , 152 
0x4D
13:49:29.512:
4D , -8 
0x6E6E , 526 

13:49:30.262:
0x1C1C , -5 
0x2020 , 273 
0x3E3E , 116 
0x4D4D , -8 
0x6E6E , 502 

13:49:31.028:
0x1C1C , 416 
0x2020 , 296 
0x3E3E , 116 
0x4D4D , -8 
0x6E6E , 486 

13:49:31.778:
0x1C1C , -5 
13:49:31.793:

0x2020 , 300 
0x3E3E , 93 
0x4D4D , -8 
0x6E6E , 478 

13:49:32.591:
0x1C1C , 458 
0x2020 , 314 
0x3E3E , 75 
0x4D4D , 768 
0x6E6E , 486 

13:49:33.325:
0x1C1C , -5 
0x2020 , 319 
0x3E3E , 73 
13:49:33.341:

0x4D4D , -8 
0x6E6E , 0 

13:49:34.091:
0x1C1C , 445 
0x2020 , 329 
0x3E
13:49:34.107:
3E , 71 
0x4D4D , -8 
0x6E6E , 0 

13:49:34.872:
0x1C1C , -5 
0x2020 , 317 
0x3E3E , 70 
0x4D4D , -8 
0x6E6E , 0 

13:49:35.638:
0x1C1C , 435 
0x2020 , 322 
0x3E3E , 71 
0x4D4D , -8 
0x6E6E , 0 

13:49:37.247:
0x1C1C , 440 
0x2020 , 318 
0x3E3E , 72 
0
13:49:37.263:
x4D4D , -8 
0x6E6E , 0 

13:49:37.966:
0x1C1C , -5 
0x2020 , 318 
0x3E3E , 72 
0x4D4D , -8 
0x6E
13:49:37.982:
6E , 0 

13:49:38.716:
0x1C1C , 447 
0x2020 , 318 
0x3E3E , 70 
0x4D4D , -8 
0x6E6E , 0 

13:49:39.419:
0x1C1C , -5 

13:49:39.435:
0x2020 , 323 
0x3E3E , 67 
0x4D4D , -8 
0x6E6E , 0 

13:49:40.185:
0x1C1C , 438 
0x2020 , 322 
0x3E3E , 67 
0x4D4D 
13:49:40.200:
, -8 
0x6E6E , 0 

13:49:40.966:
0x1C1C , -5 
0x2020 , 319 
0x3E3E , 70 
0x4D4D , -8 
0x6E6E , 0 

13:49:41.746:
0x1C1C , 441 
0x2020 , 312 
0x3E3E , 68 
0x4D4D , -8 
0x6E6E , 0 

13:49:42.496:
0x1C1C , -5 
0x2020 , 316 
0x3E3E , 69 
0x4D4D , 765
13:49:42.512:
 
0x6E6E , 0 

13:49:43.262:
0x1C1C , 442 
0x2020 , 310 
0x3E3E , 70 
13:49:43.277:

0x4D4D , -8 
0x6E6E , 0 

13:49:44.028:
0x1C1C , -5 
0x2020 , 29
13:49:44.043:
8 
0x3E3E , 92 
0x4D4D , -8 
0x6E6E , 443 

13:49:44.824:
0x1C1C , -5 
0x2020 , 278 
0x3E3E , 126 
0x4D4D , -8 
0x6E6E , 390 

13:49:45.607:
0x1C1C , 492 
0x2020 , 280 
0x3E3E , 146 
0x4D4D , -8 
0x6E6E , 355 

13:49:46.360:
0x1C1C , -5 
0x2
13:49:46.375:
020 , 284 
0x3E3E , 168 
0x4D4D , -8 
0x6E6E , 331 

13:49:47.157:
0x1C1C , 530 
0x2020 , 314 
0x3E3E , 232 
0x4D4D , -8 
0x6E6E , 286 

13:49:48.792:
0x1C1C , 592 
0x2020 , 355 
0x3E3E , 344 
0x4D4D , -8 
0x6E6E , 205 

13:49:49.527:
0x1C1C , -5 
0x2020 , 364 
0x3E3E , 386 
0x4D4D , -8 
0x6E6E , 163 

13:49:50.261:
0x1C1C , 647 
0x2020 , 393 
0x3E3E , 424 
0x4D4D , -8 
0x6E6E , 131 

13:49:50.980:
0x1C1C , -5 
0x2020 , 418 
0x3E3E , 448 
13:49:50.995:

0x4D4D , -8 
0x6E6E , 134 

13:49:51.745:
0x1C1C , 682 
0x2020 , 43
13:49:51.761:
6 
0x3E3E , 454 
0x4D4D , -8 
0x6E6E , 117 

13:49:52.511:
0x1C1C , -5 
0x2020 , 443 
0x3E3E , 458 
0x4D4D , -8 
0x6E6E , 115 

13:49:53.261:
0x1C1C , 685 
0x2020 , 438 
0x3E3E , 449 
0x4D4D , -8 
0x6E6E , 123 

13:49:53.996:
0x1C1C , -5 
0x2020 , 419 
0x3E3E , 465 
0x
13:49:54.011:
4D4D , -8 
0x6E6E , 143 

13:49:54.761:
0x1C1C , 683 
0x2020 , 431 
0x3E3E , 46
13:49:54.792:
1 
0x4D4D , -8 
0x6E6E , 173 

13:49:55.542:
0x1C1C , -5 
0x2020 , 436 
0x3E3E , 473 
0x4D4D , -8 
0x6E6E , 134 

13:49:56.324:
0x1C1C , 695 
0x2020 , 442 
0x3E3E , 484 
0x4D4D , -8 
0x6E6E , 128 

13:49:57.074:
0x1C1C , -5 
0x2020 , 440 
0x3E3E , 474 
0x4D4D , -
13:49:57.100:
8 
0x6E6E , 128 

13:49:57.868:
0x1C1C , 689 
0x2020 , 441 
0x3E3E , 486 
0x4
13:49:57.884:
D4D , -8 
0x6E6E , 136 

13:49:58.649:
0x1C1C , -5 
0x2020 , 437 
0x3E3E , 477 
0x4D4D , -8 
0x6E6E , 138 

13:50:00.290:
0x1C1C , -5 
0x2020 , 440 
0x3E3E , 479 
0x4D4D , 586 
0x6E6E , 138 

13:50:01.024:
0x1C1C , 683 
0x2020 , 444 
0x3E3E , 470
13:50:01.040:
 
0x4D4D , 592 
0x6E6E , 143 

13:50:01.790:
0x1C1C , -5 
0x2020 , 434 
0x3E3E , 474 
0x4D4D , 592 
0x6E6E , 142 

13:50:02.504:
0x1C1C , 692 
0x2020 , 439 
0x3E3E , 477 
13:50:02.520:

0x4D4D , -8 
0x6E6E , 0 

13:50:03.239:
0x1C1C , -5 
0x2020 , 0 
0x3E3E , -14 
0x4D4D , -8 
0x6E6E , 0 

13:50:03.974:
0x1C1C , -5 
0x2020 , 0 
0x3E3E , -14 
0x4D4D , 598 
0x6E6E , 137 

13:50:04.678:
0x1C1C , -5 
0x2020 , 0 
0x3E3E , -14 

13:50:04.709:
0x4D4D , 599 
0x6E6E , 135 

13:50:05.444:
0x1C1C , -5 
13:50:05.459:

0x2020 , 0 
0x3E3E , -14 
0x4D4D , 603 
0x6E6E , 136 

13:50:06.226:
0x1C1C , -5 
0x2020 , 0 
0x3E3E , -14 
0x4D4D , 601 
0x6E6E , 136 

13:50:07.008:
0x1C1C , -5 
0x2020 , 0 
0x3E3E , -14 
0x4D4D , 601 
0x6E6E , 133 
