13:54:08.864:
0x1C1C , 315 

13:54:08.880:
0x2020 , 218 
0x3E3E , 152 
0x4D4D , 659 
0x6E6E , 535 

13:54:09.600:
0x1C1C , -5 
0x2020 , 210 
0x3E3E , 145 
0x4D4D , 663 
0
13:54:09.615:
x6E6E , 0 

13:54:10.319:
0x1C1C , -5 
0x2020 , 0 
0x3E3E , -14 
0x4D4D , -8 
0x6E6E , 0 

13:54:14.446:
0x1C1C , -5 
0x2020 , 0 
0x3E3E , -14 
0x4D4D , -8 
0x6E6E , 508 

13:54:15.228:
0x1C1C , -5 
0x2020 , 0 
0x3E3E , -14 
0x4D4D , 664 
0x6E6E , 510 

13:54:16.103:
0x1C1C , -5 
0x2020 , 0 
0x3E3E , -14 
0x4D4D , 657 
0x6E6E , 504 

13:54:16.962:
0x1C1C , -5 
0x2020 , 0 
0
13:54:16.978:
x3E3E , -14 
0x4D4D , -8 
0x6E6E , 508 

13:54:17.915:
0x1C1C , -5 
0x2020 , 186 
0x3E3E , -14 
13:54:17.931:

0x4D4D , -8 
0x6E6E , 0 

13:54:18.712:
0x1C1C , -5 
0x2020 , 0 
0x3E3E , -14 

13:54:18.728:
0x4D4D , -8 
0x6E6E , 506 

13:54:19.603:
0x1C1C , -5 
0x2020 , 0 
0x3E3E , 154 
0x4D4D ,
13:54:19.618:
 -8 
0x6E6E , 0 

13:54:20.478:
0x
13:54:20.493:
1C1C , -5 
0x2020 , 0 
0x3E3E , -14 
0x4D4D , -8 
0x6E6E , 507 

13:54:21.378:
0x1C1C , -5 
0x2020 , 0 
0x3E3E , -14 
0x4D4D , 708 
0x6E6E , 0 

13:54:22.237:
0x1C1C , -5 
0x2020 , 0 
0x3E3E , -14 
0x4D4D , -8 
0x6E6E , 421 

13:54:23.129:
0x1C1C , -5 
0x2020 , 0 
0x3E3E , -14 
0x4D4D , -8 
0x6E6E , 311 

13:54:24.832:
0x1C1C , -5 
0x2020 , 0 
0x3E3E , -14 
0x4D4
13:54:24.848:
D , 495 
0x6E6E , 183 

13:54:26.724:
0x1C1C , -5 
0x2020 , 409
13:54:26.739:
 
0x3E3E , -14 
0x4D4D , -8 
0x6E6E , 333 

13:54:27.489:
0x1C1C , -5 
0x2020 , 423 
0x3E3E , -14 
0x4D4D , 230 
0x6E6E , 415 

13:54:28.411:
0x1C1C , -5 
0x2020 , 428 
0x3E3E , -14 

13:54:28.427:
0x4D4D , 158 
0x6E6E , 0 

13:54:30.849:
0x1C1C , -5 
0x2020 , 0 
0x3E3E , -14 
0x4D4D , -8 
0x6E6E , 563 

13:54:31.599:
0x1C1C , 208 
0x2020 , 0 
0x3E3E , 508 
0x4D4D , 439 
0x6E6E , 0 

13:54:34.521:
0x1C1C , -5 
0x2020 , 0 
0x3E3E , -14 
0x4D4D , -8 

13:54:34.537:
0x6E6E , 0 

13:54:35.287:
0x1C1C , 307 
0x2020 , 0 
0x3E3E , 165 
0x4D4D , 682 
13:54:35.303:

0x6E6E , 520 

13:54:36.053:
0x1C1C , -5 
0x2020 , 239 
0x3E3E , 106 
0x4D4D , -8 
0x6E6E , 462 

13:54:36.834:
0x1C1C , 455 
0x2020 , 2
13:54:36.850:
55 
0x3E3E , 145 
0x4D4D , 680 
0x6E6E , 411 

13:54:39.783:
0x1C1C , -5 
0x2020 , 344 
0x3E3E , -14 
0x4D4D , -8 
0
13:54:39.798:
x6E6E , 0 

13:54:40.563:
0x1C1C , 632 
0x2020 , 375 
0x3E3E , 522 
0x4D4D , -8 

13:54:40.578:
0x6E6E , 227 

13:54:43.531:
0x1C1C , -5 
0x2020 , 373 
0x3E3E , -
13:54:43.547:
14 
0x4D4D , -8 
0x6E6E , 0 

13:54:45.141:
0x1C1C , -5 
0x2020 , 289 

13:54:45.156:
0x3E3E , 548 
0x4D4D , 319 
0x6E6E , 0 

13:54:48.078:
0x1C1C , -5 
0x2020 , 225 
0x3E3E , -14 
0x4D4D , -8 
0x6E6E , 0 

13:54:48.813:
0x1C1C , -5 
0x2020 , 229 
0x3E3E , 238 
0x4D4D , 639 
0x6E6E , 0 

13:54:49.531:
0x1C1C , 318 
0x2020 , 197 
0x3E3E , 150 
13:54:49.547:

0x4D4D , -8 
0x6E6E , 0 

13:54:50.297:
0x1C1C , -5 
0x2020 , 233 
0x3E3E , 108 
0x4D4D , 722 
0x6E6E , 0 

13:54:53.297:
0x1C1C , -5 
0x2020 , 334 
0x3E3E , -14 
0x4D4D , -8 
13:54:53.313:

0x6E6E , 0 

13:54:54.078:
0x1C1C , 629 
0x2020 , 376 
0x3E3E , 521 
0x4D4D , -8 
0x6E6E , 235 

13:54:59.055:
0x1C1C , 230 

13:54:59.070:
0x2020 , 258 
0x3E3E , 512 
0x4D4D , -8 
0x6E6E , 587 

13:54:59.867:
0x1C1C , -5 
0x2020 , 250 
0x3E3E , 468 

13:54:59.883:
0x4D4D , 484 
0x6E6E , 0 

13:55:00.742:
0x1C1C , 99 
0x2020 , 232 
0x3E3E , 405 
0x4D4D , -
13:55:00.758:
8 
0x6E6E , 0 

13:55:01.615:
0x1C1C , -5 
0x2020 , 
13:55:01.631:
209 
0x3E3E , 288 
0x4D4D , -8 
0x6E6E , 0 

13:55:02.522:
0x1C1C , 261 
0x2020 , 229 
0x3E3E , 188 
0x4D4D , 668 
0x6E6E , 0 

13:55:03.366:
0x1C1C , -5 
0x2020 , 0 
0x3E3E , -14 
0x4D4D , -8 
0x6E6E , 0 

13:55:04.241:
0x1C1C , -5 
0x2020 , 289 
0x3E3E , -14 
0x4D4D , 6
13:55:04.257:
59 
0x6E6E , 0 

13:55:07.772:
0x1C1C , -5 
0x2020 , 392 
0x3E3E , 535 
0x4D4D , 404 

13:55:07.788:
0x6E6E , 245 

13:55:12.676:
0x1C1C , 244 
0x2020 , 258 
0x3E3E , 513 
0x4D4D , 419 
0x6E6E , 0 

13:55:17.818:
0x1C1C , 454 
0x2020 
13:55:17.834:
, 0 
0x3E3E , 166 
0x4D4D , 658 
0x6E6E , 361 

13:55:18.553:
0x1C1C
13:55:18.568:
 , -5 
0x2020 , 0 
0x3E3E , 246 
0x4D4D , 609 
0x6E6E , 287 

13:55:21.475:
0x1C1C , -5 
0x2020 
13:55:21.490:
, 0 
0x3E3E , -14 
0x4D4D , -8 
0x6E6E , 0 

13:55:22.240:
0x1C1C , 596 

13:55:22.256:
0x2020 , 420 
0x3E3E , 602 
0x4D4D , 263 
0x6E6E , 382 

13:55:23.021:
0x1C1C , -5 
0x2020 , 410 
0x3E3E , 639 
0x4D4D , 180 
0x6E6E , 474 

13:55:23.787:
0x1C1C , 495 
0x2020 , 385 
0x3E3E , 627 
0x4D4D , 166 
0x6E6E , 0 

13:55:30.397:
0x1C1C , -5 
0x2020 , 251 
0x3E3E , -14 
0x4D4D , -8 
0x6E6E , 0 

13:55:31.163:
0x1C1C , 491 
0x2020 , 261 
0x3E3E , 212 
0x4D4D , 
13:55:31.179:
625 
0x6E6E , 325 

13:55:31.960:
0x1C1C , -5 
0x2020 , 296 
0x3E3E , 306 
0x4D4D , 566 
0x6E6E , 229 

13:55:39.257:
0x1C1C , -5 
0x2020 
13:55:39.273:
, 255 
0x3E3E , -14 
0x4D4D , -8 
0x6E6E , 0 

13:55:40.054:
0x1C1C , 112 
0x2020 , 227 
0x3E3E , 385 
0x4D4D , -8 
0x6E6E , 0 

13:55:40.820:
0x1C1C , -5 
0x2020 , 200 
0x3E3E , 286 
0x4D4D , -8 
0x6E6E , 0 

13:55:42.415:
0x1C1C , 281 
0x2020 , 204 
0x3E3E , 182 
13:55:42.431:

0x4D4D , -8 
0x6E6E , 0 

13:55:43.185:
0x1C1C , -5 
0x2020 , 213 
0x3E3E , 157 
0x4D4D , 695 
0x6E6E , 519 
