13:25:40.938:
0x2020 , 74 
0x3E3E , 17
13:25:40.953:
 
0x4D4D , 84 
0x6E6E , 114 

13:25:41.688:
0x2020 , 72 
0x3E3E , 13 
0x4D4D , 84 
0x6E6E , 119 

13:25:42.438:
0x2020 , 70 
0x3E3E , 11 
0x4D4D , 87 
0x6E6E , 118 

13:25:43.188:
0x2020 , 71 
0x3E3E , 10 
0x4D4D , 85 
0x6E6E , 115 

13:25:43.938:
0x2020 , 73 
0x3E3E , 14 
0x4D4D , 83 
0x6E6E , 110 

13:25:44.689:
0x202
13:25:44.705:
0 , 74 
0x3E3E , 10 
0x4D4D , 85 
0x6E6E , 119 

13:25:45.455:
0x2020 , 72 
0x3E3E , 13 
0x4D4D , 
13:25:45.471:
87 
0x6E6E , 115 

13:25:46.224:
0x2020 , 72 
0x3E3E , 16 
0x4D4D , 8
13:25:46.240:
6 
0x6E6E , 115 

13:25:46.990:
0x2020
13:25:47.006:
 , 72 
0x3E3E , 12 
0x4D4D , 85 
0x6E6E , 115 

13:25:48.603:
0x2020 , 73 
0x3E3E , 9 

13:25:48.634:
0x4D4D , 83 
0x6E6E , 116 
