13:19:18.821:
Write down the 16 bit IDs of 4 Nodes in HEX

13:20:58.877:
Nodes IDs are set.

13:21:30.294:
0x1C1C , -5 
0x2020 , 8 
0x3E3E , 40 
0x4D4D , 13 

13:21:30.997:
0x1C1C , -5 
0x2020 , 12 
0x3E3E , 43 
0x4D4D , 15 
13:21:31.013:


13:21:31.716:
0x1C1C , -5 
0x2020 , 8 
0x3E3E , 40 
0x4D4D , 12 

13:21:32.404:
0x1C1C , -5 
0x2020 , 0 
0x3E3E , -14 
0x4D4D , -8 

13:21:33.107:
0x1C1C , -5 
0x2020 , 0 
0x3E3E , -14 
0x4D4D , -8 

13:21:33.810:
0x1C1C , -5 
0x2020 , 0 
0x3E3E , 38 
0x4D4D , -8 

13:21:34.524:
0x1C1C , -5 
0x2020 , 0 
0x3E3E , 41 
0x4D4D , -8
13:21:34.540:
 

13:21:35.243:
0x1C1C , -5 
0x2020 , 0 
0x3E3E , 38 
0x4D4D , -8 

13:21:35.946:
0x1
13:21:35.961:
C1C , -5 
0x2020 , 0 
0x3E3E , 42 
0x4D4D , -8 

13:21:36.680:
0x1C1C , -5 
0x2020 , 0 
0x3E3E , 41 
0x4D4D , -8 

13:21:37.446:
0x1C1C , -5 
0x2020 , 0 
0x3E3E , 42 
0x4D4D , -8 

13:21:38.212:
0x1C1C , -5 
0x2020 , 0 
0x3E3E , 40 
0x4D4D , 
13:21:38.227:
-8 

13:21:38.977:
0x1C1C , -5 
0x2020 , 0 
0x3E3E
13:21:38.993:
 , 42 
0x4D4D , -8 

13:21:39.743:
0x1C1C , -5 
0x2020 , 0 
0
13:21:39.758:
x3E3E , 41 
0x4D4D , -8 

13:21:41.395:
0x1C1C , -5 
0x2020 , 14 
0x3
13:21:41.411:
E3E , 41 
0x4D4D , -8 

13:21:42.114:
0x1C1C , -5 
0x2020 , 11 
0x3E3E , 43 
0x4D4D , 15 

13:21:42.832:
0x1C1C , -5 
0x2020 , 10 
0x3E3E , 41 
0x4D4D , 11 

13:21:43.567:
0x1C1C , -5 
0x2020 , 11 
0x3E3E , 42 
0x4D4D , 14 

13:21:44.332:
0x1C1C , -5 
0x2020 , 11 
0x3E3E , 45 
0x4D4D , 13 

13:21:45.106:
0x1C1C , -5 
0x2020 , 13 
0x3E3E , 41 
0x4D4D , 11 

13:21:45.872:
0x1C1C , -5 
0x2020 ,
13:21:45.887:
 9 
0x3E3E , 43 
0x4D4D , 12 

13:21:46.638:
0x1C1C , -5 

13:21:46.653:
0x2020 , 15 
0x3E3E , 42 
0x4D4D , 13 

13:22:18.233:
0x1C1C , -5 
0x2020 , 68 

13:22:18.248:
0x3E3E , 73 
0x4D4D , 87 

13:22:18.983:
0x1C1C , -5 
0x2020 , 70 
0x3E3E , 68 
0x4D4D , 88 

13:22:19.733:
0x1C1C , -5 
0x2020 , 69 
0x3E3E , 74 
0x4D4D , 87 

13:22:20.483:
0x1C1C , -5 
0x2020 , 70 
0x3E3E , 71 
0x4D4D , 84 

13:22:21.233:
0x1C1C , -5 
0x2020 , 70 
0x3E3E , 71 
0x4D4D , 85 

13:22:21.983:
0x1C1C , -5 
0x2020 , 
13:22:21.998:
66 
0x3E3E , 71 
0x4D4D , 87 

13:22:23.623:
0x1C1C , -5 
0x20
13:22:23.639:
20 , 69 
0x3E3E , 70 
0x4D4D , 87 

13:22:24.342:
0x1C1C , -5 
0x2020 , 70 
0x3E3E , 71 
0x4D4D , 89 

13:22:25.061:
0x1C1C , -5 
0x2020 , 70 
0x3E3E , 71 
0x4D4D , 88 

13:22:25.780:
0x1C1C , -5 
0x2020 , 69 
0x3E3E , 73 
0x4D4D , 84 

13:22:26.530:
0x1C1C , -5 
0x2020 , 71 
0x3E3E , 71 
0x4D4D , 85 

13:23:08.833:
Nodes IDs are set.

13:23:27.537:
0x2020 , 73 

13:23:27.552:
0x3E3E , 17 
0x4D4D , 83 
0x6E6E , 115 

13:23:28.287:
0x2020 , 77 
0x3E3E , 12 
0x4D4D , 81 
0x6E6E , 114 

13:23:29.037:
0x2020 , 73 
0x3E3E , 10 
0x4D4D , 83 
0x6E6E , 113 

13:23:29.787:
0x2020 , 74 
0x3E3E , 11 
0x4D4D , 85 
0x6E6E , 115 

13:23:30.537:
0x2020 , 74 
0x3E3E , 11 
0x4D4D , 83 
0x6E6E , 112 

13:23:31.302:
0x2020 , 72 
0x3E3E , 10 
0x4D4D , 81 
0x6E6E , 114 

13:23:32.052:
0x2020 , 73 
0x3E3E 
13:23:32.068:
, 13 
0x4D4D , 82 
0x6E6E , 114 

13:23:32.818:
0x2020 , 74 
0x3E3
13:23:32.834:
E , 14 
0x4D4D , 82 
0x6E6E , 113 

13:23:33.615:
0x2020 , 71 
0x3E3E , 11 
0x4D4D , 85 
0x6E6E , 112 

13:23:35.256:
0x2020 , 0 
13:23:35.271:

0x3E3E , -14 
0x4D4D , -8 
0x6E6E , 115 

13:23:35.959:
0x2020 , 0 
0x3E3E , -14 
0x4D4D , -8 
0x6E6E , 114 

13:23:36.646:
0x2020 , 0 
0x3E3E , -14 
0x4D4D , -8 
0x6E6E , 113 

13:23:37.349:
0x2020 , 0 
0x3E3E , -14 
0x4D4D , -8 
0x6E6E , 116 

13:23:38.099:
0x2020 , 0 
0x3E3E , -14 
13:23:38.115:

0x4D4D , -8 
0x6E6E , 115 

13:23:38.865:
0x2020 , 0 
13:23:38.881:

0x3E3E , -14 
0x4D4D , -8 
0x6E6E , 119 

13:23:39.662:
0x2020 , 0 
0x3E3E , -14 
0x4D4D , -8 
0x6E6E , 113 

13:23:40.427:
0x2020 , 0 
0x3E3E , -14 
0x4D4D , -8 
0x6E6E , 113 

13:23:41.193:
0x2020 , 0 
0x3E3E , -14 
0x4D4D , -8 
0x6E6E , 117 

13:23:41.959:
0x2020 , 0 
0x3E3E , -14 
0x4D4D , -8 
0x6E6E , 119 

13:23:42.740:
0x2020 , 70 
0x3E3E , -14 
0x4D4D , -8 
0x6E6E , 112 

13:23:43.521:
0x2020 , 73 
0x3E3E , -14 
0x4D4D , 84 
0x6E6E , 114 

13:23:44.287:
0x2020 , 71 
0x3E3E , -14 
0x4D4D , 85 
0x6E6E , 116 

13:23:45.068:
0x2020 , 73 
0x3E3E , 11 
0x4D4D , 83 
0x6E6E , 117 

13:23:46.678:
0x2020 , 74 
13:23:46.693:

0x3E3E , 9 
0x4D4D , 84 
0x6E6E , 114 

13:23:47.412:
0x2020 , 74 
0x3E3E , 12 
0x4D4D , 83 
0x6E6E , 115 

13:23:48.131:
0x2020 , 71 
0x3E3E , 
13:23:48.146:
18 
0x4D4D , 83 
0x6E6E , 115 

13:23:48.866:
0x2020 , 73 
0x3E3E , 8 
0x4D4D , 85 

13:23:48.882:
0x6E6E , 114 

13:23:49.632:
0x2020 , 73 
0x3E3E , 14 
0x4D4D , 84 
0x6E6E , 115 

13:23:50.398:
0x2020 , 71 
0x3E3E , 13 
0x4D4D , 82 
0x6E6E , 112 

13:23:51.163:
0x2020 , 72 
0x3E3E , 12 
0x4D4D , 86 
0x6E6E , 111 

13:23:51.945:
0x2020 , 73 
0x3E3E , 12 
0x4D4D , 83 
0x6E6E , 112 

13:23:52.710:
0x2020 , 72 
0x3E3E , 14 
0x4D4D , 85 
0x
13:23:52.726:
6E6E , 114 

13:23:53.476:
0x2020 , 74 
0x3E3E , 13 
0x4D4D 
13:23:53.492:
, 82 
0x6E6E , 113 

13:23:54.242:
0x2020 , 74 
0x3E3
13:23:54.257:
E , 14 
0x4D4D , 84 
0x6E6E , 113 

13:23:55.007:
0x2020 
13:23:55.023:
, 72 
0x3E3E , 11 
0x4D4D , 82 
0x6E6E , 117 

13:23:55.773:
0x2020 , 72 
0x3E3E , 12 
0x4D4D , 
13:23:55.789:
84 
0x6E6E , 0 

13:23:56.565:
0x2020 , 72 
0x3E3E , 11 
0x4D4D , 83 
0x6E6E , 115 

13:23:58.168:
0x2020 , 72 
0x3E3E , 9 
0x4D4D , 86 
0x6E6E , 116 

13:23:58.887:
0x2020 , 72 
0x3E3E , 7 
0x4D4D , 85 
0x6E6E , 116 

13:23:59.621:
0x2020 , 74 
13:23:59.637:

0x3E3E , 12 
0x4D4D , 83 
0x6E6E , 117 

13:24:00.356:
0x2020 , 72 
0x3E3E , 11 
0x4D
13:24:00.371:
4D , 78 
0x6E6E , 118 

13:24:01.121:
0x2020 , 73 
0x3E3E , 15 
0x4D4D , 85 
0x6E6E , 118 
