timeref	est_sendtime	pos_x	pos_y	vel_x	vel_y	sigma	valid	senderGuid
8557.130761438	0.000000000	4.383	-3.733	0.001	-0.001	9.098496	1	4294967295
8557.416630498	0.000000000	1.887	-1.535	0.000	-0.000	3.442031	1	4294967295
8557.716534275	0.000000000	2.447	-2.055	0.000	-0.001	2.739669	1	4294967295
8558.016396882	0.000000000	2.558	-2.150	0.001	-0.002	2.682341	1	4294967295
8558.316299731	0.000000000	2.659	-2.209	0.005	-0.005	2.610574	1	4294967295
8558.616481649	0.000000000	2.729	-2.241	0.013	-0.009	2.548419	1	4294967295
8558.916656257	0.000000000	2.753	-2.238	0.013	-0.007	2.628059	1	4294967295
8559.216670064	0.000000000	2.766	-2.235	0.012	-0.004	2.639006	1	4294967295
8559.532158539	0.000000000	2.757	-2.271	0.003	-0.006	2.642606	1	4294967295
8559.832002064	0.000000000	2.736	-2.272	-0.009	0.001	2.766568	1	4294967295
8560.131963333	0.000000000	2.734	-2.318	-0.011	-0.009	2.556867	1	4294967295
8560.431932202	0.000000000	2.724	-2.295	-0.020	0.003	2.754379	1	4294967295
8560.716739485	0.000000000	2.691	-2.250	-0.029	0.016	2.780981	1	4294967295
8561.016566467	0.000000000	2.713	-2.269	-0.020	0.009	2.513012	1	4294967295
8561.316500259	0.000000000	2.710	-2.234	-0.022	0.020	2.709863	1	4294967295
8561.616498953	0.000000000	2.724	-2.280	-0.013	0.003	2.475428	1	4294967295
8561.916430265	0.000000000	2.664	-2.258	-0.033	0.012	0.851653	1	4294967295
8562.216466853	0.000000000	2.598	-2.224	-0.051	0.022	0.824638	1	4294967295
8562.516384560	0.000000000	2.532	-2.181	-0.068	0.034	0.677177	1	4294967295
8562.816340552	0.000000000	2.485	-2.145	-0.077	0.042	0.553288	1	4294967295
8563.116451995	0.000000000	2.409	-2.070	-0.095	0.061	0.687702	1	4294967295
8563.431536646	0.000000000	2.341	-2.024	-0.107	0.069	0.502555	1	4294967295
8563.731343177	0.000000000	2.302	-1.982	-0.111	0.076	0.398659	1	4294967295
8564.031585256	0.000000000	2.345	-2.068	-0.089	0.048	2.648432	1	4294967295
8564.331311108	0.000000000	2.355	-2.165	-0.078	0.020	2.586606	1	4294967295
8564.616066782	0.000000000	2.369	-2.238	-0.068	0.001	2.560896	1	4294967295
8564.915915420	0.000000000	2.390	-2.228	-0.060	0.004	2.669884	1	4294967295
8565.231381028	0.000000000	2.377	-2.326	-0.057	-0.021	2.468018	1	4294967295
8565.531656279	0.000000000	2.391	-2.359	-0.049	-0.027	2.549065	1	4294967295
8565.831651692	0.000000000	2.362	-2.274	-0.057	-0.002	0.847068	1	4294967295
8566.114790232	0.000000000	2.382	-2.361	-0.048	-0.023	2.506210	1	4294967295
8566.414669369	0.000000000	2.385	-2.309	-0.048	-0.007	0.761345	1	4294967295
8566.714297845	0.000000000	2.394	-2.299	-0.046	-0.002	0.626778	1	4294967295
8567.013950501	0.000000000	2.480	-2.211	-0.020	0.019	2.328967	1	4294967295
8567.313631302	0.000000000	2.561	-2.144	0.002	0.033	2.281673	1	4294967295
8567.613170125	0.000000000	2.639	-2.108	0.021	0.039	2.154161	1	4294967295
8567.912793920	0.000000000	2.663	-2.170	0.022	0.023	1.008370	1	4294967295
8568.212530041	0.000000000	2.705	-2.219	0.028	0.010	0.973433	1	4294967295
8568.512069324	0.000000000	2.726	-2.317	0.028	-0.013	1.151014	1	4294967295
8568.811824986	0.000000000	2.722	-2.439	0.021	-0.040	1.275581	1	4294967295
8569.111592488	0.000000000	2.757	-2.574	0.025	-0.070	1.265836	1	4294967295
8569.411154525	0.000000000	2.801	-2.692	0.032	-0.093	1.256229	1	4294967295
8569.710893604	0.000000000	2.846	-2.791	0.037	-0.109	1.200413	1	4294967295
8570.010551363	0.000000000	2.888	-2.925	0.042	-0.134	1.270291	1	4294967295
8570.310342695	0.000000000	2.935	-3.048	0.048	-0.154	1.212559	1	4294967295
8570.610128056	0.000000000	2.996	-3.193	0.058	-0.178	1.232924	1	4294967295
8570.909833915	0.000000000	3.048	-3.316	0.064	-0.194	1.197618	1	4294967295
8571.209578006	0.000000000	3.097	-3.453	0.068	-0.213	1.210522	1	4294967295
8571.509290838	0.000000000	3.123	-3.585	0.066	-0.228	1.228538	1	4294967295
8571.808897819	0.000000000	3.152	-3.714	0.065	-0.241	1.264617	1	4294967295
8572.108659939	0.000000000	3.200	-3.859	0.068	-0.258	1.300613	1	4294967295
8572.408409442	0.000000000	3.236	-3.977	0.068	-0.266	1.300547	1	4294967295
8572.708137978	0.000000000	3.260	-4.080	0.064	-0.269	1.380286	1	4294967295
8573.307881832	0.000000000	3.271	-4.213	0.051	-0.257	1.550748	1	4294967295
8573.607979942	0.000000000	3.265	-4.281	0.040	-0.251	1.429885	1	4294967295
8573.908056217	0.000000000	3.271	-4.343	0.033	-0.243	1.358744	1	4294967295
8574.208243552	0.000000000	3.245	-4.386	0.019	-0.231	1.341740	1	4294967295
8574.508437477	0.000000000	3.193	-4.432	-0.002	-0.221	1.338571	1	4294967295
8574.808500291	0.000000000	3.144	-4.459	-0.020	-0.207	1.272675	1	4294967295
8575.108596597	0.000000000	3.100	-4.508	-0.035	-0.199	1.161071	1	4294967295
8575.408778504	0.000000000	3.045	-4.541	-0.051	-0.189	1.142408	1	4294967295
8575.709158060	0.000000000	2.979	-4.533	-0.070	-0.169	1.129893	1	4294967295
8576.009329456	0.000000000	2.905	-4.524	-0.089	-0.150	1.161594	1	4294967295
8576.309566184	0.000000000	2.814	-4.521	-0.111	-0.134	1.088482	1	4294967295
8576.609718178	0.000000000	2.713	-4.533	-0.133	-0.123	0.967267	1	4294967295
8576.909874199	0.000000000	2.624	-4.577	-0.149	-0.122	0.797489	1	4294967295
8577.210116106	0.000000000	2.531	-4.592	-0.165	-0.113	0.771515	1	4294967295
8577.510257023	0.000000000	2.453	-4.608	-0.175	-0.106	0.669008	1	4294967295
8577.810499171	0.000000000	2.376	-4.608	-0.184	-0.096	0.609032	1	4294967295
8578.110766361	0.000000000	2.297	-4.629	-0.192	-0.092	0.459923	1	4294967295
8578.410995012	0.000000000	2.212	-4.642	-0.201	-0.087	0.460278	1	4294967295
8578.711330520	0.000000000	2.152	-4.723	-0.201	-0.100	2.027900	1	4294967295
8579.011658315	0.000000000	2.072	-4.792	-0.207	-0.109	2.066512	1	4294967295
8579.312229889	0.000000000	1.928	-4.746	-0.230	-0.087	0.993011	1	4294967295
8579.612500055	0.000000000	1.798	-4.719	-0.247	-0.073	0.819189	1	4294967295
8579.912761201	0.000000000	1.671	-4.670	-0.262	-0.054	0.772623	1	4294967295
8580.213091067	0.000000000	1.635	-4.584	-0.248	-0.032	2.083147	1	4294967295
8580.513423148	0.000000000	1.607	-4.492	-0.232	-0.010	2.018598	1	4294967295
8580.813859498	0.000000000	1.560	-4.400	-0.223	0.010	2.022776	1	4294967295
8581.114192913	0.000000000	1.507	-4.318	-0.216	0.025	2.063501	1	4294967295
8581.414500483	0.000000000	1.472	-4.247	-0.205	0.035	1.982503	1	4294967295
8581.714717794	0.000000000	1.337	-4.204	-0.222	0.042	0.872657	1	4294967295
8582.028973497	0.000000000	1.226	-4.173	-0.235	0.047	0.595902	1	4294967295
8582.328637385	0.000000000	1.108	-4.138	-0.248	0.053	0.600163	1	4294967295
8582.628937993	0.000000000	1.001	-4.113	-0.257	0.057	0.392421	1	4294967295
8582.914811699	0.000000000	0.878	-4.050	-0.268	0.069	0.592059	1	4294967295
8583.214773624	0.000000000	0.764	-3.999	-0.277	0.077	0.449908	1	4294967295
8583.514740993	0.000000000	0.668	-3.925	-0.281	0.091	0.514343	1	4294967295
8583.814567129	0.000000000	0.585	-3.848	-0.281	0.105	0.546142	1	4294967295
8584.114375060	0.000000000	0.534	-3.746	-0.274	0.125	0.633289	1	4294967295
8584.414174537	0.000000000	0.510	-3.635	-0.261	0.145	0.780296	1	4294967295
8584.714039677	0.000000000	0.472	-3.553	-0.252	0.157	0.763940	1	4294967295
8585.013871899	0.000000000	0.501	-3.423	-0.227	0.180	1.057958	1	4294967295
8585.313595867	0.000000000	0.525	-3.334	-0.205	0.190	0.971265	1	4294967295
8585.613528729	0.000000000	0.581	-3.203	-0.176	0.211	1.167205	1	4294967295
8585.913235186	0.000000000	0.632	-3.097	-0.151	0.225	1.190033	1	4294967295
8586.213206241	0.000000000	0.678	-2.991	-0.129	0.238	1.150165	1	4294967295
8586.513059655	0.000000000	0.741	-2.893	-0.103	0.247	1.159994	1	4294967295
8586.812852805	0.000000000	0.815	-2.784	-0.077	0.259	1.207668	1	4294967295
8587.112810931	0.000000000	0.895	-2.671	-0.052	0.270	1.184318	1	4294967295
8587.412694072	0.000000000	0.989	-2.553	-0.024	0.281	1.195034	1	4294967295
8587.712545480	0.000000000	1.137	-2.413	0.015	0.296	1.353987	1	4294967295
8588.012449197	0.000000000	1.275	-2.283	0.049	0.308	1.263880	1	4294967295
8588.312227931	0.000000000	1.412	-2.170	0.080	0.315	1.268874	1	4294967295
8588.612167588	0.000000000	1.540	-2.062	0.106	0.321	1.205719	1	4294967295
8588.912074929	0.000000000	1.634	-1.990	0.122	0.317	1.103961	1	4294967295
8589.212128453	0.000000000	1.765	-1.876	0.146	0.324	1.139381	1	4294967295
8589.512176737	0.000000000	1.878	-1.774	0.162	0.328	1.067098	1	4294967295
8589.812042706	0.000000000	1.979	-1.690	0.175	0.327	1.064772	1	4294967295
8590.111816394	0.000000000	2.066	-1.631	0.183	0.319	1.084507	1	4294967295
8590.427998177	0.000000000	2.129	-1.530	0.184	0.322	0.857949	1	4294967295
8590.727877549	0.000000000	2.181	-1.425	0.181	0.327	0.794542	1	4294967295
8591.027723090	0.000000000	2.220	-1.326	0.175	0.329	0.869386	1	4294967295
8591.327620606	0.000000000	2.242	-1.237	0.165	0.329	0.897156	1	4294967295
8591.612029614	0.000000000	2.289	-1.204	0.161	0.315	1.122141	1	4294967295
8591.912023903	0.000000000	2.322	-1.201	0.154	0.293	1.130795	1	4294967295
8592.212014781	0.000000000	2.339	-1.237	0.144	0.262	1.235176	1	4294967295
8592.511871990	0.000000000	2.342	-1.273	0.131	0.233	1.260071	1	4294967295
8592.812058013	0.000000000	2.353	-1.317	0.121	0.205	1.171153	1	4294967295
8593.112237464	0.000000000	2.337	-1.354	0.105	0.180	1.106267	1	4294967295
8593.412362848	0.000000000	2.328	-1.374	0.092	0.161	0.980038	1	4294967295
8593.712439161	0.000000000	2.314	-1.406	0.079	0.141	1.004887	1	4294967295
8594.012615082	0.000000000	2.279	-1.424	0.062	0.126	0.922195	1	4294967295
8594.312896268	0.000000000	2.264	-1.461	0.053	0.106	0.918392	1	4294967295
8594.613106199	0.000000000	2.231	-1.466	0.040	0.096	0.643492	1	4294967295
8594.913327893	0.000000000	2.153	-1.550	0.016	0.066	1.080489	1	4294967295
8595.213414594	0.000000000	2.079	-1.619	-0.004	0.042	0.940710	1	4294967295
8595.513705760	0.000000000	1.994	-1.676	-0.025	0.024	0.913122	1	4294967295
8595.814149281	0.000000000	1.888	-1.718	-0.051	0.010	0.979053	1	4294967295
8596.114153795	0.000000000	1.787	-1.760	-0.073	-0.002	0.910018	1	4294967295
8596.414389683	0.000000000	1.669	-1.810	-0.097	-0.015	0.958879	1	4294967295
8596.714677011	0.000000000	1.562	-1.843	-0.118	-0.023	0.859470	1	4294967295
8597.014884303	0.000000000	1.450	-1.883	-0.138	-0.032	0.868398	1	4294967295
8597.315089462	0.000000000	1.335	-1.925	-0.157	-0.041	0.852313	1	4294967295
8597.614948370	0.000000000	1.231	-1.976	-0.171	-0.053	0.783975	1	4294967295
8597.915240899	0.000000000	1.106	-2.034	-0.188	-0.065	0.836730	1	4294967295
8598.215410040	0.000000000	0.980	-2.088	-0.205	-0.075	0.777839	1	4294967295
8598.515523375	0.000000000	0.854	-2.134	-0.221	-0.082	0.703283	1	4294967295
8598.815726989	0.000000000	0.727	-2.189	-0.235	-0.091	0.692016	1	4294967295
8599.115898321	0.000000000	0.602	-2.240	-0.249	-0.098	0.643802	1	4294967295
8599.416123548	0.000000000	0.474	-2.277	-0.262	-0.101	0.598128	1	4294967295
8599.716287563	0.000000000	0.353	-2.307	-0.272	-0.102	0.562412	1	4294967295
8600.016345153	0.000000000	0.235	-2.328	-0.281	-0.100	0.539715	1	4294967295
8600.316456395	0.000000000	0.118	-2.351	-0.289	-0.099	0.480450	1	4294967295
8600.624977577	0.000000000	0.024	-2.376	-0.291	-0.097	0.202609	1	4294967295
8600.916760754	0.000000000	-0.079	-2.381	-0.295	-0.091	0.403027	1	4294967295
8601.217089589	0.000000000	-0.172	-2.373	-0.295	-0.082	0.448917	1	4294967295
8601.517118787	0.000000000	-0.256	-2.356	-0.293	-0.072	0.445528	1	4294967295
8601.817172546	0.000000000	-0.338	-2.333	-0.291	-0.060	0.444690	1	4294967295
8602.117046537	0.000000000	-0.407	-2.303	-0.286	-0.046	0.527100	1	4294967295
8602.417082445	0.000000000	-0.460	-2.264	-0.278	-0.031	0.644395	1	4294967295
8602.716863287	0.000000000	-0.508	-2.209	-0.269	-0.012	0.807626	1	4294967295
8603.016830199	0.000000000	-0.544	-2.139	-0.257	0.010	0.924766	1	4294967295
8603.316650602	0.000000000	-0.462	-2.067	-0.213	0.028	2.542865	1	4294967295
8603.616447264	0.000000000	-0.478	-1.993	-0.201	0.049	1.053272	1	4294967295
8603.916136136	0.000000000	-0.473	-1.916	-0.184	0.069	1.150615	1	4294967295
8604.215974756	0.000000000	-0.458	-1.837	-0.166	0.088	1.152016	1	4294967295
8604.515802329	0.000000000	-0.416	-1.750	-0.142	0.107	1.209858	1	4294967295
8604.815666916	0.000000000	-0.362	-1.673	-0.116	0.122	1.242962	1	4294967295
8605.115492642	0.000000000	-0.289	-1.602	-0.087	0.133	1.195136	1	4294967295
8605.415247520	0.000000000	-0.210	-1.523	-0.059	0.147	1.285179	1	4294967295
8605.715064277	0.000000000	-0.126	-1.465	-0.031	0.152	1.156668	1	4294967295
8606.014635464	0.000000000	-0.017	-1.407	0.001	0.158	1.341030	1	4294967295
8606.314322093	0.000000000	0.104	-1.374	0.034	0.156	1.297963	1	4294967295
8606.613893801	0.000000000	0.228	-1.339	0.065	0.154	1.310049	1	4294967295
8606.913540115	0.000000000	0.364	-1.309	0.096	0.152	1.343505	1	4294967295
8607.213300052	0.000000000	0.551	-1.366	0.141	0.124	2.882618	1	4294967295
8607.524184217	0.000000000	0.702	-1.389	0.172	0.107	2.692232	1	4294967295
8607.824365182	0.000000000	0.859	-1.419	0.201	0.090	2.603157	1	4294967295
8608.124850546	0.000000000	1.021	-1.486	0.229	0.066	2.611910	1	4294967295
8608.425251806	0.000000000	1.192	-1.564	0.256	0.040	2.515424	1	4294967295
8608.711351065	0.000000000	1.410	-1.683	0.292	0.009	2.576803	1	4294967295
8609.011127680	0.000000000	1.544	-1.696	0.303	0.008	1.273348	1	4294967295
8609.310937088	0.000000000	1.672	-1.690	0.311	0.011	1.116128	1	4294967295
8609.610783608	0.000000000	1.773	-1.710	0.311	0.008	1.218093	1	4294967295
8609.910644949	0.000000000	1.864	-1.717	0.308	0.008	1.235134	1	4294967295
8610.210716742	0.000000000	1.959	-1.706	0.306	0.013	1.198220	1	4294967295
8610.510748109	0.000000000	2.056	-1.698	0.305	0.016	1.166731	1	4294967295
8610.810645261	0.000000000	2.137	-1.679	0.301	0.021	0.836696	1	4294967295
8611.110783849	0.000000000	2.220	-1.668	0.298	0.023	0.737158	1	4294967295
8611.410801121	0.000000000	2.280	-1.636	0.289	0.031	0.887654	1	4294967295
8611.711070799	0.000000000	2.273	-1.600	0.263	0.040	1.054172	1	4294967295
8612.011239370	0.000000000	2.267	-1.569	0.239	0.047	0.988798	1	4294967295
8612.311330860	0.000000000	2.259	-1.552	0.217	0.050	1.081660	1	4294967295
8612.611418113	0.000000000	2.254	-1.537	0.197	0.053	0.992142	1	4294967295
8612.911573480	0.000000000	2.239	-1.523	0.176	0.055	0.965989	1	4294967295
8613.225147954	0.000000000	2.208	-1.508	0.153	0.057	0.942899	1	4294967295
8613.524939642	0.000000000	2.177	-1.492	0.132	0.059	0.852580	1	4294967295
8613.824742842	0.000000000	2.121	-1.462	0.105	0.064	0.979010	1	4294967295
8614.124554227	0.000000000	2.050	-1.430	0.076	0.070	0.950559	1	4294967295
8614.412923126	0.000000000	1.982	-1.398	0.052	0.074	0.853951	1	4294967295
8614.713409579	0.000000000	1.881	-1.339	0.020	0.085	1.103864	1	4294967295
8615.013638190	0.000000000	1.783	-1.280	-0.009	0.096	1.006574	1	4294967295
8615.313910560	0.000000000	1.686	-1.217	-0.035	0.105	0.941610	1	4294967295
8615.614258333	0.000000000	1.618	-1.159	-0.050	0.113	0.760571	1	4294967295
8615.922542580	0.000000000	1.583	-1.137	-0.056	0.109	0.302543	1	4294967295
8616.222046676	0.000000000	1.530	-1.126	-0.066	0.104	0.483692	1	4294967295
-1.000000000	0.000000000	0.000	0.000	0.000	0.000	0.000000	0	0
8616.821572184	0.000000000	1.462	-1.116	-0.078	0.098	0.613457	1	4294967295
8617.121378539	0.000000000	1.284	-1.028	-0.120	0.113	1.283872	1	4294967295
8617.416899746	0.000000000	1.100	-0.874	-0.156	0.142	1.333870	1	4294967295
8617.717352785	0.000000000	0.886	-0.749	-0.197	0.161	1.276623	1	4294967295
8618.017594500	0.000000000	0.700	-0.647	-0.227	0.172	1.075097	1	4294967295
8618.317784767	0.000000000	0.551	-0.538	-0.247	0.186	0.813911	1	4294967295
8618.618164649	0.000000000	0.424	-0.436	-0.259	0.197	0.697584	1	4294967295
8618.918250769	0.000000000	0.315	-0.353	-0.266	0.202	0.492073	1	4294967295
8619.218518744	0.000000000	0.225	-0.256	-0.268	0.211	0.517451	1	4294967295
8619.518531035	0.000000000	0.150	-0.168	-0.265	0.216	0.469956	1	4294967295
8619.818504794	0.000000000	0.102	-0.090	-0.256	0.218	0.546632	1	4294967295
8620.118686699	0.000000000	0.076	-0.008	-0.241	0.222	0.666424	1	4294967295
8620.418765392	0.000000000	0.073	0.091	-0.221	0.229	0.805887	1	4294967295
8620.718828943	0.000000000	0.086	0.202	-0.199	0.238	0.863605	1	4294967295
8621.018786516	0.000000000	0.089	0.297	-0.182	0.244	0.722748	1	4294967295
8621.318715930	0.000000000	0.135	0.401	-0.154	0.250	0.978597	1	4294967295
8621.618748447	0.000000000	0.181	0.486	-0.128	0.252	0.967862	1	4294967295
8621.918673057	0.000000000	0.258	0.582	-0.095	0.255	1.116102	1	4294967295
8622.218704291	0.000000000	0.351	0.686	-0.061	0.261	1.093675	1	4294967295
8622.518578420	0.000000000	0.464	0.778	-0.025	0.263	1.169019	1	4294967295
8622.818258347	0.000000000	0.621	0.859	0.022	0.261	1.391513	1	4294967295
8623.117942392	0.000000000	0.783	0.921	0.065	0.255	1.380469	1	4294967295
8623.417714000	0.000000000	0.928	0.964	0.101	0.245	1.243823	1	4294967295
8623.717680145	0.000000000	1.041	1.030	0.124	0.243	0.963926	1	4294967295
8624.017843818	0.000000000	1.146	1.059	0.143	0.231	0.799022	1	4294967295
8624.317873422	0.000000000	1.227	1.080	0.154	0.218	0.651055	1	4294967295
8624.617550892	0.000000000	1.291	1.065	0.158	0.197	0.825545	1	4294967295
8624.917184739	0.000000000	1.367	1.035	0.165	0.174	0.938265	1	4294967295
8625.216928357	0.000000000	1.453	0.994	0.174	0.150	0.971662	1	4294967295
8625.516532309	0.000000000	1.536	0.934	0.182	0.123	1.094289	1	4294967295
8625.816127219	0.000000000	1.606	0.867	0.184	0.096	1.155823	1	4294967295
8626.115824438	0.000000000	1.664	0.793	0.183	0.069	1.198574	1	4294967295
8626.415337184	0.000000000	1.726	0.700	0.182	0.040	1.294803	1	4294967295
8626.714862494	0.000000000	1.781	0.595	0.180	0.009	1.366196	1	4294967295
8627.014487259	0.000000000	1.829	0.478	0.176	-0.023	1.420197	1	4294967295
8627.314148958	0.000000000	1.866	0.356	0.168	-0.054	1.434491	1	4294967295
8627.613776903	0.000000000	1.908	0.229	0.163	-0.085	1.381473	1	4294967295
8627.913348989	0.000000000	1.958	0.097	0.160	-0.113	1.350304	1	4294967295
8628.212893534	0.000000000	1.995	-0.036	0.154	-0.141	1.387690	1	4294967295
8628.512529131	0.000000000	2.021	-0.171	0.145	-0.166	1.371969	1	4294967295
8628.811968106	0.000000000	2.118	-0.381	0.158	-0.210	2.888371	1	4294967295
8629.111579917	0.000000000	2.150	-0.518	0.151	-0.231	1.316943	1	4294967295
8629.411310150	0.000000000	2.195	-0.659	0.147	-0.250	1.212536	1	4294967295
8629.710777503	0.000000000	2.230	-0.799	0.141	-0.268	1.271433	1	4294967295
8630.010476965	0.000000000	2.263	-0.933	0.135	-0.282	1.215204	1	4294967295
8630.310138005	0.000000000	2.279	-1.064	0.125	-0.295	1.290080	1	4294967295
8630.609734100	0.000000000	2.322	-1.207	0.122	-0.310	1.174316	1	4294967295
8630.909350752	0.000000000	2.361	-1.337	0.120	-0.319	1.213585	1	4294967295
8631.209274537	0.000000000	2.397	-1.461	0.117	-0.326	1.091325	1	4294967295
8631.509150824	0.000000000	2.429	-1.586	0.113	-0.333	0.998032	1	4294967295
8631.808992452	0.000000000	2.469	-1.708	0.112	-0.339	0.902277	1	4294967295
8632.109266301	0.000000000	2.520	-1.819	0.115	-0.341	0.546704	1	4294967295
8632.409465836	0.000000000	2.546	-1.911	0.111	-0.338	0.572750	1	4294967295
8632.709758825	0.000000000	2.547	-1.995	0.101	-0.332	0.585396	1	4294967295
8633.010023497	0.000000000	2.525	-2.046	0.086	-0.319	0.759151	1	4294967295
8633.310097403	0.000000000	2.480	-2.087	0.066	-0.303	0.896542	1	4294967295
8633.610436747	0.000000000	2.417	-2.118	0.042	-0.287	0.991224	1	4294967295
8633.910786911	0.000000000	2.341	-2.141	0.018	-0.269	1.025995	1	4294967295
8634.211093590	0.000000000	2.240	-2.161	-0.012	-0.252	1.128769	1	4294967295
8634.511328956	0.000000000	2.158	-2.145	-0.034	-0.226	1.111779	1	4294967295
8634.811627385	0.000000000	2.079	-2.119	-0.054	-0.201	1.087476	1	4294967295
8635.111900401	0.000000000	2.002	-2.083	-0.071	-0.175	1.067145	1	4294967295
8635.412149728	0.000000000	1.917	-2.037	-0.090	-0.149	1.104925	1	4294967295
8635.712517036	0.000000000	1.830	-1.947	-0.107	-0.114	1.218563	1	4294967295
8636.012833495	0.000000000	1.733	-1.885	-0.126	-0.089	1.129582	1	4294967295
8636.313324913	0.000000000	1.632	-1.772	-0.144	-0.052	1.285454	1	4294967295
8636.622809168	0.000000000	1.559	-1.683	-0.155	-0.024	1.051753	1	4294967295
8636.923457956	0.000000000	1.491	-1.592	-0.163	0.002	1.022018	1	4294967295
8637.222265428	0.000000000	1.397	-1.499	-0.177	0.027	1.077015	1	4294967295
8637.521890342	0.000000000	1.303	-1.399	-0.189	0.052	1.029384	1	4294967295
8637.821633196	0.000000000	1.203	-1.309	-0.201	0.072	0.980758	1	4294967295
8638.121169337	0.000000000	1.102	-1.193	-0.213	0.097	0.993047	1	4294967295
8638.415492155	0.000000000	0.969	-1.029	-0.230	0.131	1.167323	1	4294967295
8638.715754645	0.000000000	0.859	-0.874	-0.239	0.160	1.012155	1	4294967295
8639.015958060	0.000000000	0.734	-0.738	-0.253	0.183	0.916934	1	4294967295
8639.316087691	0.000000000	0.613	-0.593	-0.265	0.208	0.902296	1	4294967295
8639.616003890	0.000000000	0.513	-0.469	-0.272	0.225	0.718664	1	4294967295
8639.919314600	0.000000000	0.421	-0.341	-0.277	0.242	0.855026	1	4294967295
8640.219120406	0.000000000	0.342	-0.210	-0.279	0.260	0.845846	1	4294967295
8640.518962401	0.000000000	0.268	-0.074	-0.278	0.278	0.852032	1	4294967295
8640.819040286	0.000000000	0.215	0.063	-0.272	0.294	0.823664	1	4294967295
8641.119393096	0.000000000	0.212	0.204	-0.252	0.310	0.973628	1	4294967295
8641.419397594	0.000000000	0.226	0.337	-0.229	0.323	1.067867	1	4294967295
8641.716459231	0.000000000	0.260	0.463	-0.203	0.333	1.205955	1	4294967295
8642.019274469	0.000000000	0.287	0.608	-0.181	0.347	1.238107	1	4294967295
8642.316386571	0.000000000	0.335	0.720	-0.156	0.353	1.320074	1	4294967295
8642.616140564	0.000000000	0.402	0.820	-0.128	0.355	1.363529	1	4294967295
8642.916017794	0.000000000	0.474	0.920	-0.100	0.356	1.325870	1	4294967295
8643.215903679	0.000000000	0.565	1.016	-0.069	0.356	1.475671	1	4294967295
8643.515737647	0.000000000	0.671	1.108	-0.036	0.355	1.545358	1	4294967295
8643.815480464	0.000000000	0.778	1.194	-0.006	0.352	1.544000	1	4294967295
8644.115640345	0.000000000	0.894	1.277	0.025	0.348	1.463411	1	4294967295
8644.415379716	0.000000000	1.014	1.405	0.057	0.355	1.953899	1	4294967295
8644.715289458	0.000000000	1.129	1.507	0.085	0.355	1.916407	1	4294967295
8645.015222783	0.000000000	1.256	1.593	0.114	0.350	1.933465	1	4294967295
8645.314985206	0.000000000	1.374	1.598	0.137	0.323	1.475200	1	4294967295
8645.614715129	0.000000000	1.503	1.587	0.161	0.294	1.483829	1	4294967295
8645.914323735	0.000000000	1.626	1.515	0.180	0.251	1.696835	1	4294967295
8646.213853228	0.000000000	1.758	1.420	0.201	0.205	1.805615	1	4294967295
8646.513504724	0.000000000	1.880	1.308	0.217	0.158	1.773136	1	4294967295
8646.813411418	0.000000000	1.998	1.184	0.231	0.112	1.707209	1	4294967295
8647.112989633	0.000000000	2.106	1.034	0.241	0.062	1.749318	1	4294967295
8647.412693556	0.000000000	2.205	0.872	0.248	0.012	1.684292	1	4294967295
8647.712594691	0.000000000	2.271	0.714	0.245	-0.032	1.554250	1	4294967295
8648.012533269	0.000000000	2.370	0.588	0.252	-0.064	1.298465	1	4294967295
8648.312209436	0.000000000	2.416	0.415	0.243	-0.106	1.485154	1	4294967295
8648.612278601	0.000000000	2.448	0.238	0.232	-0.145	1.415792	1	4294967295
8648.912130533	0.000000000	2.499	0.080	0.228	-0.176	1.229967	1	4294967295
8649.211523304	0.000000000	2.644	-0.211	0.253	-0.240	3.528224	1	4294967295
8649.511486412	0.000000000	2.781	-0.502	0.273	-0.298	3.427113	1	4294967295
8649.811858059	0.000000000	2.894	-0.781	0.284	-0.349	3.281096	1	4294967295
8650.111256332	0.000000000	2.974	-1.049	0.285	-0.392	3.116777	1	4294967295
8650.411360285	0.000000000	3.045	-1.302	0.283	-0.428	3.027711	1	4294967295
8650.711241345	0.000000000	3.123	-1.535	0.283	-0.456	2.870469	1	4294967295
8651.011249714	0.000000000	3.185	-1.766	0.279	-0.481	2.756384	1	4294967295
8651.310945154	0.000000000	3.238	-1.975	0.272	-0.498	2.681337	1	4294967295
8651.611579462	0.000000000	3.276	-2.147	0.261	-0.504	2.706147	1	4294967295
8651.910538298	0.000000000	3.312	-2.306	0.250	-0.507	2.582626	1	4294967295
8652.225200157	0.000000000	3.350	-2.473	0.238	-0.510	2.464664	1	4294967295
8652.521941437	0.000000000	3.290	-2.470	0.200	-0.469	1.884828	1	4294967295
8652.825050313	0.000000000	3.263	-2.550	0.175	-0.453	2.590133	1	4294967295
8653.124998306	0.000000000	3.204	-2.578	0.144	-0.424	2.714561	1	4294967295
8653.425131767	0.000000000	3.248	-2.607	0.145	-0.399	3.103324	1	4294967295
8653.708420689	0.000000000	3.183	-2.580	0.117	-0.360	2.569621	1	4294967295
8654.007960380	0.000000000	3.096	-2.610	0.083	-0.338	1.510006	1	4294967295
8654.307391635	0.000000000	2.969	-2.653	0.041	-0.321	1.550584	1	4294967295
8654.606994572	0.000000000	2.835	-2.703	-0.001	-0.306	1.526439	1	4294967295
8654.906955531	0.000000000	2.700	-2.785	-0.039	-0.301	1.445541	1	4294967295
8655.206631640	0.000000000	2.538	-2.928	-0.082	-0.310	1.616917	1	4294967295
8655.506127828	0.000000000	2.371	-3.052	-0.125	-0.314	1.699108	1	4294967295
8655.806219378	0.000000000	2.208	-3.177	-0.163	-0.317	1.609864	1	4294967295
8656.106275872	0.000000000	2.068	-3.278	-0.191	-0.315	1.298006	1	4294967295
8656.406371628	0.000000000	1.907	-3.409	-0.223	-0.321	1.391696	1	4294967295
8656.706372112	0.000000000	1.812	-3.546	-0.233	-0.329	1.067392	1	4294967295
8657.006694226	0.000000000	1.621	-3.671	-0.270	-0.331	1.427582	1	4294967295
8657.307135581	0.000000000	1.416	-3.790	-0.307	-0.332	1.453789	1	4294967295
8657.607607203	0.000000000	1.189	-3.892	-0.348	-0.327	1.680774	1	4294967295
8657.908463231	0.000000000	0.956	-3.994	-0.387	-0.323	1.623640	1	4294967295
8658.207868235	0.000000000	0.724	-4.059	-0.424	-0.309	1.676905	1	4294967295
8658.507876989	0.000000000	0.564	-4.120	-0.437	-0.296	1.269167	1	4294967295
8658.808402322	0.000000000	0.412	-4.115	-0.448	-0.265	1.388210	1	4294967295
8659.108919385	0.000000000	0.265	-4.068	-0.455	-0.227	1.399433	1	4294967295
8659.409573290	0.000000000	0.148	-4.037	-0.452	-0.197	1.251544	1	4294967295
8659.709577242	0.000000000	0.052	-3.939	-0.444	-0.152	1.524883	1	4294967295
8660.009298785	0.000000000	-0.023	-3.861	-0.430	-0.116	1.524787	1	4294967295
8660.309266542	0.000000000	-0.058	-3.732	-0.406	-0.070	1.692092	1	4294967295
8660.609292516	0.000000000	-0.098	-3.660	-0.385	-0.044	1.423135	1	4294967295
8660.909172633	0.000000000	-0.080	-3.505	-0.349	0.003	1.794686	1	4294967295
8661.209138956	0.000000000	-0.033	-3.341	-0.309	0.047	1.895028	1	4294967295
8661.508988267	0.000000000	0.073	-3.179	-0.254	0.086	2.042559	1	4294967295
8661.808878102	0.000000000	0.206	-3.013	-0.197	0.122	2.106736	1	4294967295
8662.108818362	0.000000000	0.353	-2.857	-0.140	0.153	2.068816	1	4294967295
8662.408861274	0.000000000	0.513	-2.683	-0.084	0.185	2.063841	1	4294967295
8662.708785837	0.000000000	0.688	-2.531	-0.028	0.209	1.987554	1	4294967295
8663.008844827	0.000000000	0.872	-2.386	0.026	0.229	1.872784	1	4294967295
8663.309019581	0.000000000	1.059	-2.247	0.076	0.245	1.744726	1	4294967295
8663.609096296	0.000000000	1.233	-2.127	0.119	0.257	1.550233	1	4294967295
8663.909200193	0.000000000	1.455	-2.123	0.173	0.233	3.215910	1	4294967295
8664.209378143	0.000000000	1.666	-2.113	0.220	0.214	3.152035	1	4294967295
8664.509390548	0.000000000	1.861	-2.105	0.258	0.195	3.023642	1	4294967295
8664.823772340	0.000000000	2.052	-2.101	0.292	0.178	2.897057	1	4294967295
8665.123829615	0.000000000	2.226	-2.106	0.317	0.161	2.791916	1	4294967295
8665.423188063	0.000000000	2.401	-2.123	0.341	0.142	2.688839	1	4294967295
8665.723901674	0.000000000	2.530	-2.123	0.348	0.131	2.670624	1	4294967295
8666.023896133	0.000000000	2.637	-2.132	0.349	0.118	2.640519	1	4294967295
8666.324266530	0.000000000	2.733	-2.128	0.346	0.110	2.656147	1	4294967295
8666.609515102	0.000000000	2.777	-2.041	0.330	0.124	0.895550	1	4294967295
8666.909612113	0.000000000	2.773	-1.933	0.301	0.143	1.080463	1	4294967295
8667.209396925	0.000000000	2.776	-1.848	0.277	0.155	0.861489	1	4294967295
8667.509499367	0.000000000	2.764	-1.754	0.250	0.168	0.886352	1	4294967295
8667.809516541	0.000000000	2.735	-1.682	0.221	0.175	0.930095	1	4294967295
8668.109397463	0.000000000	2.696	-1.642	0.192	0.173	0.927635	1	4294967295
8668.409411692	0.000000000	2.694	-1.592	0.175	0.173	0.732415	1	4294967295
8668.709403208	0.000000000	2.677	-1.556	0.156	0.170	0.701600	1	4294967295
8669.009359239	0.000000000	2.659	-1.526	0.138	0.165	0.666685	1	4294967295
8669.309333487	0.000000000	2.644	-1.505	0.122	0.159	0.630062	1	4294967295
8669.623222349	0.000000000	2.640	-1.490	0.111	0.150	0.545169	1	4294967295
8669.923900903	0.000000000	2.626	-1.463	0.098	0.147	0.584634	1	4294967295
8670.223882202	0.000000000	2.662	-1.546	0.102	0.112	2.853365	1	4294967295
8670.509133457	0.000000000	2.687	-1.620	0.102	0.084	2.809179	1	4294967295
8670.809044480	0.000000000	2.732	-1.681	0.107	0.060	2.717996	1	4294967295
8671.109007158	0.000000000	2.696	-1.651	0.088	0.065	0.766431	1	4294967295
8671.409041099	0.000000000	2.661	-1.636	0.071	0.064	0.720823	1	4294967295
8671.709069870	0.000000000	2.693	-1.681	0.076	0.047	2.729422	1	4294967295
8672.008990513	0.000000000	2.717	-1.741	0.077	0.027	2.705094	1	4294967295
8672.309016484	0.000000000	2.686	-1.718	0.062	0.032	0.711179	1	4294967295
8672.608989936	0.000000000	2.626	-1.700	0.040	0.035	0.769489	1	4294967295
8672.908921942	0.000000000	2.548	-1.693	0.016	0.036	0.758273	1	4294967295
8673.209043674	0.000000000	2.466	-1.674	-0.008	0.040	0.708752	1	4294967295
8673.509047543	0.000000000	2.401	-1.665	-0.025	0.041	0.573708	1	4294967295
8673.809018384	0.000000000	2.336	-1.669	-0.042	0.038	0.567345	1	4294967295
8674.108967940	0.000000000	2.285	-1.672	-0.053	0.036	0.457766	1	4294967295
8674.408946623	0.000000000	2.249	-1.661	-0.059	0.036	0.310665	1	4294967295
8674.708959884	0.000000000	2.216	-1.655	-0.064	0.036	0.286369	1	4294967295
8675.008919281	0.000000000	2.187	-1.652	-0.068	0.034	0.262328	1	4294967295
8675.308953326	0.000000000	2.160	-1.644	-0.070	0.034	0.243308	1	4294967295
