timeref	est_sendtime	pos_x	pos_y	vel_x	vel_y	sigma	valid	senderGuid
-1.000000000	0.000000000	0.000	0.000	0.000	0.000	0.000000	0	0
3533.360616046	0.000000000	0.889	-1.513	0.638	-0.086	1.817428	1	4294967295
3533.660578770	0.000000000	1.533	-1.574	0.997	-0.067	0.965375	1	4294967295
3533.960519959	0.000000000	1.954	-1.595	1.117	-0.031	0.538468	1	4294967295
3534.260537911	0.000000000	2.188	-1.603	1.018	-0.003	0.441146	1	4294967295
3534.560507360	0.000000000	2.291	-1.587	0.838	0.030	0.504920	1	4294967295
3534.860471960	0.000000000	2.349	-1.579	0.683	0.042	0.546885	1	4294967295
3535.160377550	0.000000000	2.380	-1.584	0.557	0.041	0.558658	1	4294967295
3535.460366655	0.000000000	2.436	-1.562	0.485	0.052	0.472839	1	4294967295
3535.760391389	0.000000000	2.400	-1.579	0.380	0.042	0.611171	1	4294967295
3536.060382642	0.000000000	2.366	-1.592	0.302	0.035	0.586924	1	4294967295
3536.360388145	0.000000000	2.358	-1.596	0.253	0.034	0.527536	1	4294967295
3536.660391137	0.000000000	2.459	-1.728	0.266	-0.027	2.786381	1	4294967295
3536.960382783	0.000000000	2.516	-1.816	0.257	-0.058	2.762453	1	4294967295
3537.260398253	0.000000000	2.560	-1.877	0.245	-0.073	2.763572	1	4294967295
3537.560372081	0.000000000	2.506	-1.822	0.196	-0.043	0.979962	1	4294967295
3537.860330159	0.000000000	2.529	-1.897	0.183	-0.062	2.767853	1	4294967295
3538.160369485	0.000000000	2.467	-1.857	0.141	-0.039	1.008067	1	4294967295
3538.460266503	0.000000000	2.512	-1.910	0.142	-0.052	2.779012	1	4294967295
3538.760280602	0.000000000	2.594	-1.954	0.155	-0.061	2.659447	1	4294967295
3539.060284346	0.000000000	2.683	-2.026	0.168	-0.078	2.547929	1	4294967295
3539.360351506	0.000000000	2.779	-2.118	0.182	-0.097	2.448391	1	4294967295
3539.660318575	0.000000000	2.877	-2.207	0.194	-0.114	2.441271	1	4294967295
3539.960266375	0.000000000	2.927	-2.251	0.192	-0.117	2.555415	1	4294967295
3540.260188677	0.000000000	3.017	-2.326	0.200	-0.127	2.347249	1	4294967295
3540.560158904	0.000000000	2.999	-2.329	0.178	-0.116	2.712316	1	4294967295
3540.860132549	0.000000000	2.971	-2.370	0.157	-0.117	2.616326	1	4294967295
3541.160091549	0.000000000	2.996	-2.410	0.151	-0.118	2.478563	1	4294967295
3541.460077771	0.000000000	3.012	-2.443	0.143	-0.117	2.488787	1	4294967295
3541.760070471	0.000000000	3.022	-2.469	0.134	-0.114	2.463481	1	4294967295
3542.059996366	0.000000000	2.953	-2.415	0.106	-0.091	1.501068	1	4294967295
3542.359958645	0.000000000	2.938	-2.307	0.092	-0.055	1.367779	1	4294967295
3542.659910457	0.000000000	2.866	-2.222	0.066	-0.028	1.360402	1	4294967295
3542.959920980	0.000000000	2.738	-2.126	0.028	-0.000	1.366076	1	4294967295
3543.259900158	0.000000000	2.657	-2.080	0.005	0.012	0.982651	1	4294967295
3543.560039374	0.000000000	2.699	-2.092	0.015	0.008	2.576661	1	4294967295
3543.859992396	0.000000000	2.699	-2.111	0.013	0.003	2.623880	1	4294967295
3544.159899256	0.000000000	2.664	-2.120	0.002	0.001	2.679548	1	4294967295
3544.459864769	0.000000000	2.667	-2.139	0.002	-0.003	2.616388	1	4294967295
3544.759791609	0.000000000	2.667	-2.159	0.001	-0.008	2.627700	1	4294967295
3545.071348665	0.000000000	2.709	-2.191	0.009	-0.014	2.529239	1	4294967295
3545.371422240	0.000000000	2.752	-2.224	0.018	-0.021	2.519145	1	4294967295
3545.673137953	0.000000000	2.759	-2.261	0.016	-0.028	2.573133	1	4294967295
3545.973405284	0.000000000	2.773	-2.300	0.016	-0.035	2.554739	1	4294967295
3546.273333219	0.000000000	2.787	-2.343	0.016	-0.042	2.540087	1	4294967295
3546.559010073	0.000000000	2.800	-2.385	0.017	-0.049	2.520364	1	4294967295
3546.858842558	0.000000000	2.837	-2.432	0.023	-0.057	2.459812	1	4294967295
3547.158697210	0.000000000	2.871	-2.483	0.029	-0.065	2.430370	1	4294967295
3547.480928618	0.000000000	3.019	-2.558	0.063	-0.078	2.608188	1	4294967295
3547.772533502	0.000000000	3.094	-2.610	0.075	-0.085	2.309329	1	4294967295
3548.072668800	0.000000000	3.126	-2.675	0.075	-0.094	2.380505	1	4294967295
3548.381235824	0.000000000	3.167	-2.679	0.079	-0.086	1.549180	1	4294967295
3548.658012270	0.000000000	3.263	-2.769	0.094	-0.102	2.593764	1	4294967295
3548.957918990	0.000000000	3.287	-2.764	0.093	-0.092	1.528340	1	4294967295
3549.257889226	0.000000000	3.241	-2.743	0.074	-0.078	1.031543	1	4294967295
3549.557733032	0.000000000	3.278	-2.751	0.077	-0.073	1.503274	1	4294967295
3549.857571887	0.000000000	3.395	-2.683	0.101	-0.051	2.553104	1	4294967295
3550.173751334	0.000000000	3.425	-2.608	0.103	-0.028	2.195721	1	4294967295
3550.481823063	0.000000000	3.515	-2.566	0.119	-0.017	2.403105	1	4294967295
3550.774181468	0.000000000	3.601	-2.497	0.134	0.000	1.735069	1	4294967295
3551.074379735	0.000000000	3.690	-2.437	0.149	0.013	1.630676	1	4294967295
3551.374704660	0.000000000	3.785	-2.391	0.164	0.021	1.574896	1	4294967295
3551.674867003	0.000000000	3.885	-2.348	0.179	0.028	1.513846	1	4294967295
3551.956655620	0.000000000	4.019	-2.362	0.199	0.021	1.515325	1	4294967295
3552.256473575	0.000000000	4.130	-2.380	0.211	0.015	1.540742	1	4294967295
3552.856186535	0.000000000	4.887	-2.473	0.353	-0.013	7.490411	1	4294967295
3553.156057582	0.000000000	4.756	-2.608	0.297	-0.043	2.245267	1	4294967295
3553.455950489	0.000000000	4.649	-2.758	0.250	-0.076	1.992052	1	4294967295
3553.755883103	0.000000000	4.539	-2.900	0.207	-0.105	1.803571	1	4294967295
3554.055741719	0.000000000	4.310	-3.066	0.138	-0.138	2.011118	1	4294967295
3554.355668505	0.000000000	4.395	-3.375	0.145	-0.204	3.683130	1	4294967295
3554.655759891	0.000000000	4.485	-3.603	0.153	-0.245	3.389715	1	4294967295
3554.955626686	0.000000000	4.542	-3.805	0.153	-0.276	3.265570	1	4294967295
3555.255561280	0.000000000	4.446	-3.870	0.119	-0.270	1.630395	1	4294967295
3555.555467349	0.000000000	4.589	-4.100	0.141	-0.306	2.851927	1	4294967295
3555.855373742	0.000000000	4.447	-4.098	0.096	-0.282	1.893053	1	4294967295
3556.155341421	0.000000000	4.299	-4.114	0.053	-0.264	1.611016	1	4294967295
3556.455245622	0.000000000	4.111	-4.128	0.003	-0.246	1.527919	1	4294967295
3556.755209116	0.000000000	3.896	-4.150	-0.052	-0.231	1.455544	1	4294967295
3557.055217675	0.000000000	3.731	-4.174	-0.091	-0.218	1.207970	1	4294967295
3557.355227723	0.000000000	3.595	-4.201	-0.120	-0.206	1.036563	1	4294967295
3557.655190359	0.000000000	3.479	-4.246	-0.143	-0.199	0.868352	1	4294967295
3557.955172974	0.000000000	3.374	-4.271	-0.163	-0.188	0.780427	1	4294967295
3558.255224319	0.000000000	3.276	-4.312	-0.178	-0.182	0.646373	1	4294967295
3558.555218918	0.000000000	3.199	-4.345	-0.186	-0.175	0.501307	1	4294967295
3558.855190645	0.000000000	3.120	-4.380	-0.195	-0.169	0.528665	1	4294967295
3559.155230438	0.000000000	3.027	-4.402	-0.207	-0.159	0.577760	1	4294967295
3559.455240261	0.000000000	2.932	-4.417	-0.219	-0.149	0.604499	1	4294967295
3559.755269631	0.000000000	2.834	-4.443	-0.230	-0.142	0.525581	1	4294967295
3560.055293371	0.000000000	2.747	-4.443	-0.238	-0.129	0.558162	1	4294967295
3560.355327580	0.000000000	2.650	-4.452	-0.247	-0.119	0.533234	1	4294967295
3560.655351660	0.000000000	2.558	-4.457	-0.255	-0.109	0.529154	1	4294967295
3560.955434155	0.000000000	2.462	-4.455	-0.263	-0.098	0.557841	1	4294967295
3561.255515000	0.000000000	2.374	-4.457	-0.267	-0.089	0.468761	1	4294967295
3561.555536765	0.000000000	2.281	-4.446	-0.273	-0.077	0.548579	1	4294967295
3561.855597179	0.000000000	2.190	-4.439	-0.278	-0.067	0.532355	1	4294967295
3562.155667487	0.000000000	2.091	-4.415	-0.285	-0.053	0.535400	1	4294967295
3562.455764787	0.000000000	2.001	-4.408	-0.288	-0.045	0.417735	1	4294967295
3562.755889576	0.000000000	1.908	-4.394	-0.292	-0.036	0.457386	1	4294967295
3563.055986488	0.000000000	1.818	-4.362	-0.294	-0.022	0.518233	1	4294967295
3563.356098361	0.000000000	1.727	-4.339	-0.297	-0.012	0.458505	1	4294967295
3563.656184816	0.000000000	1.641	-4.324	-0.298	-0.006	0.393942	1	4294967295
3563.956257561	0.000000000	1.553	-4.320	-0.299	-0.002	0.319935	1	4294967295
3564.256320741	0.000000000	1.467	-4.312	-0.300	0.002	0.337129	1	4294967295
3564.556487050	0.000000000	1.381	-4.294	-0.300	0.008	0.358138	1	4294967295
3564.856626088	0.000000000	1.293	-4.276	-0.301	0.014	0.354305	1	4294967295
3565.456769654	0.000000000	1.127	-4.237	-0.299	0.024	0.427293	1	4294967295
3565.756904768	0.000000000	1.052	-4.210	-0.296	0.031	0.363948	1	4294967295
3566.057042547	0.000000000	0.979	-4.186	-0.293	0.036	0.342926	1	4294967295
3566.357128284	0.000000000	0.908	-4.171	-0.289	0.039	0.300200	1	4294967295
3566.657288938	0.000000000	0.842	-4.141	-0.284	0.045	0.375664	1	4294967295
3566.957352041	0.000000000	0.781	-4.102	-0.279	0.054	0.425433	1	4294967295
3567.257409172	0.000000000	0.718	-4.065	-0.274	0.061	0.419201	1	4294967295
3567.557617999	0.000000000	0.643	-4.036	-0.273	0.066	0.349746	1	4294967295
3567.857731520	0.000000000	0.573	-3.997	-0.271	0.073	0.372043	1	4294967295
3568.157815637	0.000000000	0.506	-3.951	-0.268	0.081	0.408194	1	4294967295
3568.457927250	0.000000000	0.444	-3.908	-0.264	0.088	0.405080	1	4294967295
3568.757986090	0.000000000	0.385	-3.853	-0.259	0.097	0.457602	1	4294967295
3569.058165943	0.000000000	0.327	-3.805	-0.255	0.104	0.406470	1	4294967295
3569.358308449	0.000000000	0.261	-3.763	-0.253	0.109	0.358945	1	4294967295
3569.658427501	0.000000000	0.201	-3.703	-0.249	0.118	0.421424	1	4294967295
3569.958571122	0.000000000	0.142	-3.642	-0.246	0.126	0.406934	1	4294967295
3570.258634329	0.000000000	0.089	-3.572	-0.241	0.137	0.492379	1	4294967295
3570.558738888	0.000000000	0.035	-3.510	-0.237	0.143	0.399825	1	4294967295
3570.858877022	0.000000000	-0.030	-3.447	-0.236	0.150	0.395128	1	4294967295
3571.159039578	0.000000000	-0.094	-3.381	-0.234	0.157	0.383309	1	4294967295
3571.469638729	0.000000000	-0.162	-3.313	-0.234	0.163	0.276065	1	4294967295
3571.769447667	0.000000000	-0.205	-3.226	-0.228	0.173	0.430839	1	4294967295
3572.069578684	0.000000000	-0.221	-3.137	-0.215	0.183	0.563699	1	4294967295
3572.368718087	0.000000000	-0.241	-3.034	-0.205	0.197	0.543605	1	4294967295
3572.665961154	0.000000000	-0.265	-2.929	-0.196	0.209	0.471194	1	4294967295
3572.968999832	0.000000000	-0.281	-2.835	-0.186	0.218	0.497426	1	4294967295
3573.259899413	0.000000000	-0.298	-2.750	-0.177	0.224	0.429803	1	4294967295
3573.560057185	0.000000000	-0.310	-2.669	-0.168	0.229	0.443294	1	4294967295
3573.860190111	0.000000000	-0.330	-2.583	-0.161	0.235	0.405090	1	4294967295
3574.160271637	0.000000000	-0.353	-2.505	-0.155	0.239	0.452262	1	4294967295
3574.460418231	0.000000000	-0.366	-2.426	-0.147	0.242	0.514978	1	4294967295
3574.760557600	0.000000000	-0.391	-2.345	-0.143	0.246	0.419067	1	4294967295
3575.060696125	0.000000000	-0.423	-2.278	-0.141	0.246	0.339825	1	4294967295
3575.365013810	0.000000000	-0.446	-2.207	-0.136	0.246	0.359735	1	4294967295
3575.664525089	0.000000000	-0.475	-2.136	-0.133	0.246	0.285359	1	4294967295
3575.964536572	0.000000000	-0.495	-2.063	-0.128	0.247	0.355758	1	4294967295
3576.264473549	0.000000000	-0.513	-1.991	-0.123	0.247	0.334847	1	4294967295
3576.564606547	0.000000000	-0.521	-1.919	-0.116	0.247	0.388220	1	4294967295
3576.861785684	0.000000000	-0.529	-1.823	-0.109	0.254	0.412771	1	4294967295
3577.161920162	0.000000000	-0.534	-1.713	-0.103	0.264	0.433093	1	4294967295
3577.462056360	0.000000000	-0.524	-1.605	-0.093	0.271	0.468972	1	4294967295
3577.761860256	0.000000000	-0.501	-1.508	-0.080	0.276	0.506669	1	4294967295
3578.061977100	0.000000000	-0.487	-1.408	-0.071	0.281	0.441343	1	4294967295
3578.362123732	0.000000000	-0.474	-1.311	-0.062	0.285	0.433006	1	4294967295
3578.662441689	0.000000000	-0.469	-1.218	-0.057	0.288	0.385223	1	4294967295
3578.962196323	0.000000000	-0.448	-1.130	-0.047	0.289	0.465420	1	4294967295
3579.262387569	0.000000000	-0.428	-1.036	-0.038	0.291	0.437153	1	4294967295
3579.562414379	0.000000000	-0.407	-0.947	-0.030	0.292	0.426647	1	4294967295
3579.862414478	0.000000000	-0.385	-0.858	-0.022	0.293	0.436749	1	4294967295
3580.162465009	0.000000000	-0.367	-0.775	-0.016	0.293	0.429622	1	4294967295
3580.462569622	0.000000000	-0.264	-0.633	0.014	0.305	1.893026	1	4294967295
3580.762623002	0.000000000	-0.243	-0.566	0.018	0.299	0.432743	1	4294967295
3581.062603421	0.000000000	-0.138	-0.436	0.046	0.308	1.800301	1	4294967295
3581.362710142	0.000000000	-0.116	-0.379	0.048	0.298	0.503279	1	4294967295
3581.662771067	0.000000000	-0.095	-0.321	0.050	0.290	0.472378	1	4294967295
3581.962846458	0.000000000	-0.073	-0.258	0.052	0.284	0.398465	1	4294967295
3582.262961472	0.000000000	-0.064	-0.204	0.050	0.276	0.474464	1	4294967295
3582.563008588	0.000000000	-0.038	-0.145	0.053	0.270	0.430679	1	4294967295
3582.862954976	0.000000000	-0.002	-0.090	0.058	0.263	0.450187	1	4294967295
3583.162939071	0.000000000	0.123	0.051	0.087	0.279	1.639719	1	4294967295
3583.462919948	0.000000000	0.245	0.180	0.113	0.289	1.518466	1	4294967295
3583.763028965	0.000000000	0.486	0.337	0.168	0.304	2.298594	1	4294967295
3584.063068833	0.000000000	0.650	0.436	0.198	0.304	1.798533	1	4294967295
3584.363063945	0.000000000	0.817	0.531	0.227	0.303	1.716971	1	4294967295
3584.663026061	0.000000000	0.880	0.537	0.225	0.281	2.201413	1	4294967295
3584.962996746	0.000000000	0.947	0.549	0.225	0.262	2.181145	1	4294967295
3585.262939196	0.000000000	1.027	0.530	0.228	0.236	2.309967	1	4294967295
3585.562980113	0.000000000	1.107	0.519	0.231	0.215	2.271294	1	4294967295
3585.862999755	0.000000000	1.080	0.536	0.205	0.203	1.268321	1	4294967295
3586.163026399	0.000000000	1.163	0.540	0.211	0.188	2.187995	1	4294967295
3586.463013127	0.000000000	1.329	0.573	0.238	0.182	2.599566	1	4294967295
3586.762993751	0.000000000	1.408	0.578	0.239	0.169	2.163115	1	4294967295
3587.062922871	0.000000000	1.396	0.594	0.216	0.160	1.203601	1	4294967295
3587.362938408	0.000000000	1.392	0.622	0.197	0.155	0.982889	1	4294967295
3587.662996117	0.000000000	1.516	0.576	0.214	0.129	3.256130	1	4294967295
3587.963050374	0.000000000	1.563	0.616	0.209	0.130	1.950123	1	4294967295
3588.263037096	0.000000000	1.609	0.648	0.204	0.128	1.971752	1	4294967295
3588.563063157	0.000000000	1.654	0.667	0.200	0.123	2.011907	1	4294967295
3588.862994472	0.000000000	1.619	0.681	0.173	0.116	1.187779	1	4294967295
3589.162950245	0.000000000	1.626	0.689	0.160	0.108	0.862898	1	4294967295
3589.462945354	0.000000000	1.595	0.711	0.138	0.105	0.943996	1	4294967295
3589.762942069	0.000000000	1.546	0.726	0.113	0.099	0.901270	1	4294967295
3590.062854714	0.000000000	1.514	0.740	0.094	0.095	0.771434	1	4294967295
3590.362721481	0.000000000	1.514	0.761	0.085	0.092	0.638067	1	4294967295
3590.662620570	0.000000000	1.530	0.779	0.082	0.090	0.494390	1	4294967295
3590.962490522	0.000000000	1.548	0.803	0.079	0.089	0.480902	1	4294967295
3591.262562985	0.000000000	1.679	0.830	0.107	0.090	1.973373	1	4294967295
3591.562517574	0.000000000	1.714	0.843	0.107	0.086	0.465166	1	4294967295
3591.862427531	0.000000000	1.736	0.841	0.103	0.079	0.529754	1	4294967295
3592.162321913	0.000000000	1.753	0.839	0.099	0.072	0.501695	1	4294967295
3592.462265155	0.000000000	1.781	0.840	0.097	0.066	0.461054	1	4294967295
3592.762152516	0.000000000	1.818	0.835	0.098	0.060	0.485090	1	4294967295
3593.062127447	0.000000000	1.857	0.836	0.099	0.056	0.468270	1	4294967295
3593.362069669	0.000000000	1.901	0.840	0.102	0.052	0.485878	1	4294967295
3593.661960521	0.000000000	1.947	0.841	0.105	0.049	0.469514	1	4294967295
3593.961850897	0.000000000	1.998	0.835	0.108	0.044	0.486660	1	4294967295
3594.262153041	0.000000000	2.050	0.836	0.113	0.041	0.431742	1	4294967295
3594.561700265	0.000000000	2.112	0.829	0.119	0.036	0.446390	1	4294967295
3594.861667945	0.000000000	2.176	0.824	0.126	0.033	0.429061	1	4294967295
3595.161580253	0.000000000	2.529	0.343	0.206	-0.083	7.695139	1	4294967295
3595.461552019	0.000000000	2.580	0.377	0.203	-0.068	0.685614	1	4294967295
3595.761435592	0.000000000	2.986	-0.106	0.293	-0.177	7.529842	1	4294967295
3596.061300864	0.000000000	3.346	-0.493	0.364	-0.255	7.051646	1	4294967295
3596.361226266	0.000000000	3.444	-0.480	0.362	-0.232	2.892404	1	4294967295
3596.661182217	0.000000000	3.533	-0.465	0.357	-0.211	2.860970	1	4294967295
3596.961269094	0.000000000	3.773	-0.701	0.392	-0.254	6.629884	1	4294967295
3597.261207183	0.000000000	3.793	-0.598	0.366	-0.209	2.163001	1	4294967295
3597.561036100	0.000000000	4.025	-0.807	0.398	-0.245	6.531122	1	4294967295
3597.860936520	0.000000000	4.180	-0.984	0.407	-0.272	6.555839	1	4294967295
3598.160817084	0.000000000	4.190	-0.905	0.377	-0.231	3.196242	1	4294967295
3598.460733051	0.000000000	4.381	-1.102	0.397	-0.264	6.653859	1	4294967295
3598.760706403	0.000000000	4.496	-1.231	0.395	-0.277	6.499637	1	4294967295
3599.060641713	0.000000000	4.440	-1.080	0.347	-0.216	3.048484	1	4294967295
3599.360504027	0.000000000	4.380	-0.932	0.301	-0.160	2.752769	1	4294967295
3599.673277594	0.000000000	4.282	-0.788	0.247	-0.110	2.585197	1	4294967295
3599.973497955	0.000000000	4.208	-0.647	0.204	-0.065	2.244253	1	4294967295
3600.273658807	0.000000000	4.146	-0.516	0.167	-0.025	1.953100	1	4294967295
3600.559911254	0.000000000	4.089	-0.373	0.136	0.013	1.690500	1	4294967295
3600.859854704	0.000000000	4.057	-0.300	0.116	0.031	1.172359	1	4294967295
3601.159731975	0.000000000	4.004	-0.199	0.091	0.054	1.183077	1	4294967295
3601.459588280	0.000000000	3.968	-0.121	0.073	0.069	0.940691	1	4294967295
3601.759409334	0.000000000	3.934	-0.002	0.055	0.095	1.036343	1	4294967295
3602.059279450	0.000000000	3.928	0.062	0.045	0.104	0.762297	1	4294967295
3602.359168832	0.000000000	3.939	0.113	0.041	0.109	0.631387	1	4294967295
3602.659061837	0.000000000	3.964	0.148	0.042	0.111	0.553139	1	4294967295
3602.958960622	0.000000000	3.999	0.169	0.045	0.108	0.556317	1	4294967295
3603.258904448	0.000000000	4.036	0.179	0.049	0.103	0.521291	1	4294967295
3603.558707203	0.000000000	4.075	0.174	0.053	0.094	0.579226	1	4294967295
3603.858502186	0.000000000	4.118	0.156	0.058	0.083	0.627571	1	4294967295
3604.158288466	0.000000000	4.175	0.121	0.067	0.068	0.685055	1	4294967295
3604.458193051	0.000000000	4.225	0.082	0.073	0.053	0.714032	1	4294967295
3604.758081416	0.000000000	4.372	-0.017	0.106	0.023	2.799560	1	4294967295
3605.057865263	0.000000000	4.512	-0.124	0.134	-0.006	2.693278	1	4294967295
3605.357695812	0.000000000	4.632	-0.231	0.154	-0.033	2.598431	1	4294967295
3605.657516370	0.000000000	4.662	-0.284	0.148	-0.045	0.651230	1	4294967295
3605.957327026	0.000000000	4.651	-0.353	0.131	-0.059	0.735544	1	4294967295
3606.257194669	0.000000000	4.657	-0.425	0.120	-0.073	0.675211	1	4294967295
3606.576939112	0.000000000	4.675	-0.455	0.115	-0.075	0.379179	1	4294967295
3606.876721955	0.000000000	4.675	-0.507	0.105	-0.083	0.554562	1	4294967295
-1.000000000	0.000000000	0.000	0.000	0.000	0.000	0.000000	0	0
3607.476912290	0.000000000	4.671	-0.573	0.095	-0.094	0.594462	1	4294967295
3607.756245376	0.000000000	4.690	-0.658	0.090	-0.108	0.689267	1	4294967295
3608.056097085	0.000000000	4.704	-0.768	0.084	-0.128	0.776111	1	4294967295
3608.355987567	0.000000000	4.739	-0.867	0.083	-0.143	0.718272	1	4294967295
3608.655819625	0.000000000	4.738	-0.970	0.074	-0.158	0.713270	1	4294967295
3608.955659695	0.000000000	4.739	-1.080	0.066	-0.173	0.710105	1	4294967295
3609.255498536	0.000000000	4.737	-1.188	0.057	-0.187	0.669305	1	4294967295
3609.555287151	0.000000000	4.729	-1.299	0.048	-0.201	0.662803	1	4294967295
3609.855129858	0.000000000	4.720	-1.406	0.040	-0.212	0.615711	1	4294967295
3610.155030575	0.000000000	4.714	-1.516	0.033	-0.224	0.575645	1	4294967295
3610.454854632	0.000000000	4.695	-1.620	0.023	-0.233	0.569048	1	4294967295
3610.754595840	0.000000000	4.672	-1.725	0.013	-0.242	0.597354	1	4294967295
3611.054440814	0.000000000	4.649	-1.822	0.003	-0.247	0.528410	1	4294967295
3611.354292116	0.000000000	4.635	-1.915	-0.003	-0.252	0.472982	1	4294967295
3611.654082997	0.000000000	4.605	-2.015	-0.014	-0.257	0.531645	1	4294967295
3611.953946137	0.000000000	4.577	-2.112	-0.022	-0.262	0.472914	1	4294967295
3612.253825383	0.000000000	4.551	-2.206	-0.030	-0.265	0.438708	1	4294967295
3612.553611919	0.000000000	4.526	-2.294	-0.037	-0.267	0.451352	1	4294967295
3612.853457818	0.000000000	4.496	-2.380	-0.044	-0.267	0.434248	1	4294967295
3613.153342333	0.000000000	4.470	-2.459	-0.050	-0.266	0.405502	1	4294967295
3613.453195965	0.000000000	4.447	-2.543	-0.055	-0.267	0.374764	1	4294967295
3613.753038528	0.000000000	4.514	-2.589	-0.033	-0.258	1.829622	1	4294967295
3614.052965287	0.000000000	4.570	-2.640	-0.016	-0.251	1.753822	1	4294967295
3614.352797795	0.000000000	4.607	-2.688	-0.006	-0.244	1.699631	1	4294967295
3614.652608359	0.000000000	4.631	-2.735	-0.001	-0.236	1.672673	1	4294967295
3614.952554824	0.000000000	4.661	-2.788	0.005	-0.232	1.591848	1	4294967295
3615.252414167	0.000000000	4.677	-2.840	0.007	-0.226	1.632279	1	4294967295
3615.552453543	0.000000000	4.624	-2.919	-0.010	-0.228	0.751369	1	4294967295
3615.852318677	0.000000000	4.635	-2.964	-0.008	-0.221	1.584357	1	4294967295
3616.152221739	0.000000000	4.631	-3.000	-0.011	-0.213	1.563968	1	4294967295
3616.452103794	0.000000000	4.641	-3.047	-0.009	-0.208	1.491490	1	4294967295
3616.752149927	0.000000000	4.620	-3.085	-0.016	-0.201	1.529666	1	4294967295
3617.051961741	0.000000000	4.610	-3.141	-0.019	-0.200	1.437784	1	4294967295
3617.351867806	0.000000000	4.579	-3.189	-0.027	-0.196	1.497778	1	4294967295
3617.651748335	0.000000000	4.490	-3.263	-0.051	-0.198	0.967843	1	4294967295
3617.951850941	0.000000000	4.452	-3.319	-0.058	-0.197	1.427181	1	4294967295
3618.251637245	0.000000000	4.404	-3.366	-0.068	-0.193	1.422799	1	4294967295
3618.551511702	0.000000000	4.356	-3.420	-0.077	-0.191	1.415635	1	4294967295
3618.851445151	0.000000000	4.270	-3.499	-0.096	-0.195	0.845116	1	4294967295
3619.151423745	0.000000000	4.170	-3.588	-0.117	-0.201	0.841529	1	4294967295
3619.451380738	0.000000000	4.043	-3.686	-0.143	-0.208	0.921899	1	4294967295
3619.751298068	0.000000000	3.922	-3.769	-0.166	-0.212	0.833022	1	4294967295
3620.051235900	0.000000000	3.805	-3.849	-0.186	-0.214	0.750993	1	4294967295
3620.351176875	0.000000000	3.694	-3.916	-0.203	-0.213	0.672565	1	4294967295
3620.651192296	0.000000000	3.606	-3.971	-0.212	-0.209	0.488342	1	4294967295
3620.951272532	0.000000000	3.514	-4.027	-0.221	-0.206	0.442699	1	4294967295
3621.251240417	0.000000000	3.419	-4.073	-0.231	-0.201	0.468682	1	4294967295
3621.851365837	0.000000000	3.224	-4.174	-0.247	-0.194	0.561446	1	4294967295
3622.151346300	0.000000000	3.113	-4.210	-0.259	-0.187	0.487849	1	4294967295
3622.451360558	0.000000000	3.004	-4.236	-0.269	-0.178	0.486230	1	4294967295
3622.751283151	0.000000000	2.900	-4.266	-0.277	-0.170	0.443684	1	4294967295
3623.051306754	0.000000000	2.798	-4.287	-0.284	-0.161	0.451621	1	4294967295
3623.351358603	0.000000000	2.684	-4.313	-0.294	-0.153	0.539723	1	4294967295
3623.651599390	0.000000000	2.567	-4.339	-0.304	-0.146	0.529571	1	4294967295
3623.951620715	0.000000000	2.457	-4.334	-0.312	-0.131	0.538848	1	4294967295
3624.251629028	0.000000000	2.350	-4.337	-0.319	-0.120	0.538263	1	4294967295
3624.551694727	0.000000000	2.242	-4.316	-0.325	-0.103	0.559662	1	4294967295
3624.851757702	0.000000000	2.133	-4.319	-0.330	-0.094	0.470901	1	4294967295
3625.151835909	0.000000000	2.024	-4.319	-0.336	-0.085	0.498804	1	4294967295
3625.451922627	0.000000000	1.916	-4.296	-0.340	-0.070	0.559603	1	4294967295
3625.752014906	0.000000000	1.816	-4.297	-0.342	-0.063	0.459653	1	4294967295
3626.052093525	0.000000000	1.712	-4.284	-0.345	-0.053	0.467806	1	4294967295
3626.352164870	0.000000000	1.618	-4.253	-0.345	-0.040	0.472053	1	4294967295
3626.652285392	0.000000000	1.523	-4.223	-0.345	-0.027	0.483638	1	4294967295
3626.952385201	0.000000000	1.426	-4.194	-0.346	-0.016	0.475988	1	4294967295
3627.252478898	0.000000000	1.329	-4.172	-0.346	-0.007	0.490642	1	4294967295
3627.552758657	0.000000000	1.228	-4.143	-0.347	0.003	0.435628	1	4294967295
3627.852926894	0.000000000	1.126	-4.124	-0.349	0.010	0.397301	1	4294967295
3628.153036091	0.000000000	1.030	-4.095	-0.348	0.018	0.389647	1	4294967295
3628.453197651	0.000000000	0.940	-4.058	-0.345	0.027	0.370626	1	4294967295
3628.753342860	0.000000000	0.846	-4.024	-0.344	0.036	0.410084	1	4294967295
3629.053517249	0.000000000	0.756	-3.976	-0.342	0.047	0.443727	1	4294967295
3629.353677681	0.000000000	0.674	-3.930	-0.337	0.057	0.403064	1	4294967295
3629.653817307	0.000000000	0.586	-3.881	-0.335	0.066	0.371475	1	4294967295
3629.954001309	0.000000000	0.491	-3.847	-0.334	0.072	0.372720	1	4294967295
3630.254034532	0.000000000	0.414	-3.800	-0.329	0.080	0.469208	1	4294967295
3630.554164503	0.000000000	0.326	-3.756	-0.327	0.087	0.365950	1	4294967295
3630.854243838	0.000000000	0.242	-3.705	-0.324	0.095	0.411922	1	4294967295
3631.154458743	0.000000000	0.163	-3.650	-0.320	0.103	0.418092	1	4294967295
3631.454693616	0.000000000	0.083	-3.589	-0.317	0.112	0.419787	1	4294967295
3631.754863937	0.000000000	0.007	-3.511	-0.313	0.125	0.485526	1	4294967295
3632.054979916	0.000000000	-0.058	-3.431	-0.307	0.138	0.567907	1	4294967295
3632.355115342	0.000000000	-0.117	-3.347	-0.299	0.151	0.598422	1	4294967295
3632.655232060	0.000000000	-0.164	-3.261	-0.289	0.163	0.535569	1	4294967295
3632.955390412	0.000000000	-0.214	-3.180	-0.281	0.173	0.564040	1	4294967295
3633.255632351	0.000000000	-0.281	-3.107	-0.277	0.180	0.468775	1	4294967295
3633.555806453	0.000000000	-0.336	-3.033	-0.270	0.186	0.493835	1	4294967295
3633.855927510	0.000000000	-0.387	-2.959	-0.263	0.192	0.502266	1	4294967295
3634.156055781	0.000000000	-0.436	-2.886	-0.256	0.197	0.485427	1	4294967295
3634.456223526	0.000000000	-0.464	-2.797	-0.244	0.207	0.618903	1	4294967295
3634.756350221	0.000000000	-0.492	-2.708	-0.232	0.215	0.562679	1	4294967295
3635.056578412	0.000000000	-0.528	-2.618	-0.224	0.224	0.530071	1	4294967295
3635.360407559	0.000000000	-0.580	-2.547	-0.221	0.225	0.354551	1	4294967295
-1.000000000	0.000000000	0.000	0.000	0.000	0.000	0.000000	0	0
-1.000000000	0.000000000	0.000	0.000	0.000	0.000	0.000000	0	0
-1.000000000	0.000000000	0.000	0.000	0.000	0.000	0.000000	0	0
3636.559999562	0.000000000	-0.626	-2.466	-0.215	0.230	0.474591	1	4294967295
3636.862601818	0.000000000	-0.658	-2.328	-0.208	0.250	0.742804	1	4294967295
3637.157312008	0.000000000	-0.687	-2.176	-0.200	0.273	0.760147	1	4294967295
3637.457737663	0.000000000	-0.710	-2.037	-0.191	0.289	0.672951	1	4294967295
3637.757674765	0.000000000	-0.725	-1.902	-0.181	0.303	0.675424	1	4294967295
3638.057743999	0.000000000	-0.732	-1.773	-0.169	0.315	0.665730	1	4294967295
3638.357786912	0.000000000	-0.735	-1.650	-0.157	0.324	0.616064	1	4294967295
3638.657959172	0.000000000	-0.738	-1.530	-0.147	0.331	0.581734	1	4294967295
3638.958124357	0.000000000	-0.728	-1.412	-0.133	0.337	0.550535	1	4294967295
3639.258250836	0.000000000	-0.718	-1.294	-0.120	0.342	0.519882	1	4294967295
3639.558172746	0.000000000	-0.699	-1.181	-0.106	0.346	0.545102	1	4294967295
3639.858677973	0.000000000	-0.680	-1.063	-0.093	0.350	0.537206	1	4294967295
3640.158818905	0.000000000	-0.658	-0.959	-0.080	0.349	0.560823	1	4294967295
3640.458556240	0.000000000	-0.627	-0.849	-0.066	0.351	0.583443	1	4294967295
3640.760961099	0.000000000	-0.616	-0.750	-0.057	0.350	0.477233	1	4294967295
3641.061091359	0.000000000	-0.597	-0.646	-0.048	0.350	0.489663	1	4294967295
3641.361164142	0.000000000	-0.567	-0.547	-0.036	0.349	0.541020	1	4294967295
3641.658375321	0.000000000	-0.521	-0.462	-0.021	0.344	0.654479	1	4294967295
3641.958547733	0.000000000	-0.466	-0.384	-0.005	0.338	0.621432	1	4294967295
3642.258543021	0.000000000	-0.317	-0.233	0.035	0.349	1.936492	1	4294967295
3642.558547004	0.000000000	-0.189	-0.096	0.066	0.356	1.816077	1	4294967295
3642.858499623	0.000000000	-0.069	0.012	0.093	0.355	1.771107	1	4294967295
3643.158409804	0.000000000	0.060	0.102	0.120	0.348	1.737178	1	4294967295
3643.458329631	0.000000000	0.180	0.189	0.142	0.343	1.655349	1	4294967295
3643.758350975	0.000000000	0.372	0.217	0.181	0.320	2.344582	1	4294967295
3644.058271314	0.000000000	0.421	0.250	0.180	0.304	0.765367	1	4294967295
3644.358312281	0.000000000	0.408	0.247	0.162	0.279	1.001029	1	4294967295
3644.661550545	0.000000000	0.391	0.264	0.145	0.261	0.811651	1	4294967295
3644.962058635	0.000000000	0.379	0.288	0.131	0.247	0.754016	1	4294967295
3645.262340405	0.000000000	0.394	0.310	0.124	0.233	0.648033	1	4294967295
3645.562483272	0.000000000	0.489	0.266	0.138	0.202	1.359803	1	4294967295
3645.862672615	0.000000000	0.582	0.213	0.150	0.172	1.342050	1	4294967295
3646.162886632	0.000000000	0.669	0.146	0.160	0.141	1.312133	1	4294967295
3646.457050768	0.000000000	0.786	0.074	0.176	0.112	1.242096	1	4294967295
3646.756832504	0.000000000	0.886	0.004	0.187	0.086	1.203256	1	4294967295
3647.056568618	0.000000000	0.979	-0.089	0.195	0.056	1.214166	1	4294967295
3647.356281313	0.000000000	1.068	-0.169	0.202	0.031	1.166428	1	4294967295
3647.656075852	0.000000000	1.110	-0.222	0.196	0.016	0.709715	1	4294967295
3647.955864755	0.000000000	1.168	-0.353	0.194	-0.019	1.280058	1	4294967295
3648.255603817	0.000000000	1.247	-0.453	0.198	-0.042	1.100793	1	4294967295
3648.555353600	0.000000000	1.299	-0.567	0.195	-0.067	1.168796	1	4294967295
3648.855317039	0.000000000	1.355	-0.629	0.193	-0.077	0.595572	1	4294967295
3649.155121503	0.000000000	1.405	-0.692	0.190	-0.087	0.560130	1	4294967295
3649.454919785	0.000000000	1.466	-0.733	0.191	-0.091	0.350188	1	4294967295
3649.754688283	0.000000000	1.530	-0.851	0.192	-0.113	1.037612	1	4294967295
3650.054456828	0.000000000	1.530	-0.950	0.176	-0.129	0.673281	1	4294967295
3650.354195801	0.000000000	1.544	-1.038	0.165	-0.140	0.614985	1	4294967295
3650.654044701	0.000000000	1.604	-1.149	0.168	-0.157	0.957160	1	4294967295
3650.953805053	0.000000000	1.657	-1.258	0.169	-0.173	0.959096	1	4294967295
3651.253623798	0.000000000	1.697	-1.328	0.165	-0.177	0.397854	1	4294967295
3651.553480039	0.000000000	1.758	-1.437	0.168	-0.191	0.816027	1	4294967295
3651.866278511	0.000000000	1.821	-1.532	0.172	-0.201	0.762321	1	4294967295
3652.166432367	0.000000000	1.889	-1.616	0.175	-0.207	0.775477	1	4294967295
3652.466637906	0.000000000	1.931	-1.667	0.172	-0.204	0.363035	1	4294967295
3652.766748538	0.000000000	2.086	-1.854	0.200	-0.236	2.731102	1	4294967295
3653.065149989	0.000000000	2.145	-1.917	0.198	-0.234	0.696677	1	4294967295
3653.366869444	0.000000000	2.233	-2.068	0.206	-0.254	2.583877	1	4294967295
3653.652772529	0.000000000	2.309	-2.219	0.209	-0.273	2.459454	1	4294967295
3653.952663676	0.000000000	2.396	-2.349	0.216	-0.286	2.365201	1	4294967295
3654.252572120	0.000000000	2.441	-2.325	0.209	-0.257	1.226877	1	4294967295
3654.552567341	0.000000000	2.472	-2.299	0.199	-0.230	1.180974	1	4294967295
3654.852538346	0.000000000	2.493	-2.267	0.187	-0.204	1.156655	1	4294967295
3655.152519936	0.000000000	2.545	-2.327	0.185	-0.203	2.592324	1	4294967295
3655.452442829	0.000000000	2.642	-2.341	0.196	-0.191	2.562967	1	4294967295
3655.752366437	0.000000000	2.754	-2.348	0.209	-0.177	2.523280	1	4294967295
3656.052336212	0.000000000	2.801	-2.330	0.204	-0.159	2.690392	1	4294967295
3656.352254996	0.000000000	2.724	-2.213	0.167	-0.116	1.745395	1	4294967295
3656.652220873	0.000000000	2.589	-2.134	0.117	-0.085	1.648096	1	4294967295
3656.952243063	0.000000000	2.499	-2.059	0.083	-0.057	1.413755	1	4294967295
3657.252196230	0.000000000	2.443	-1.995	0.060	-0.034	1.203050	1	4294967295
3657.552156058	0.000000000	2.467	-2.014	0.061	-0.035	2.701735	1	4294967295
3657.852134277	0.000000000	2.487	-2.029	0.060	-0.036	2.709412	1	4294967295
3658.152117102	0.000000000	2.518	-2.031	0.063	-0.033	2.685225	1	4294967295
3658.452043083	0.000000000	2.568	-2.050	0.071	-0.036	2.598177	1	4294967295
3658.752021743	0.000000000	2.581	-2.072	0.068	-0.038	2.663071	1	4294967295
3659.052112023	0.000000000	2.686	-1.994	0.092	-0.016	3.425503	1	4294967295
3659.352075227	0.000000000	2.644	-1.994	0.072	-0.013	2.794119	1	4294967295
3659.652024147	0.000000000	2.608	-1.999	0.056	-0.012	2.762080	1	4294967295
3659.951882702	0.000000000	2.577	-2.013	0.042	-0.013	2.762475	1	4294967295
3660.251959070	0.000000000	2.617	-1.937	0.050	0.007	3.546388	1	4294967295
3660.551915259	0.000000000	2.535	-1.887	0.021	0.023	1.296695	1	4294967295
3660.851876780	0.000000000	2.515	-1.904	0.013	0.018	2.761260	1	4294967295
3661.151917772	0.000000000	2.520	-1.913	0.012	0.015	2.721064	1	4294967295
3661.451872209	0.000000000	2.534	-1.943	0.014	0.006	2.701095	1	4294967295
3661.751877858	0.000000000	2.524	-1.963	0.009	0.001	2.731087	1	4294967295
3662.051848172	0.000000000	2.516	-1.982	0.005	-0.003	2.724920	1	4294967295
3662.351801162	0.000000000	2.496	-1.992	-0.002	-0.004	2.741863	1	4294967295
