timeref	est_sendtime	pos_x	pos_y	vel_x	vel_y	sigma	valid	senderGuid
6918.629014957	0.000000000	1.992	-3.046	0.001	-0.001	3.552200	1	4294967295
6918.928957659	0.000000000	1.850	-2.219	0.001	0.000	1.237572	1	4294967295
6919.228931809	0.000000000	2.039	-2.462	0.002	-0.001	2.732818	1	4294967295
6919.528916210	0.000000000	2.122	-2.557	0.004	-0.003	2.663616	1	4294967295
6919.828795773	0.000000000	2.172	-2.610	0.006	-0.006	2.645281	1	4294967295
6920.128800650	0.000000000	2.221	-2.637	0.009	-0.007	2.618029	1	4294967295
6920.428793051	0.000000000	2.260	-2.656	0.013	-0.009	2.608034	1	4294967295
6920.728785067	0.000000000	2.314	-2.677	0.022	-0.013	2.540524	1	4294967295
6921.028686149	0.000000000	2.339	-2.692	0.025	-0.015	2.591097	1	4294967295
6921.328778498	0.000000000	2.362	-2.695	0.027	-0.014	2.600813	1	4294967295
6921.628746822	0.000000000	2.400	-2.762	0.035	-0.030	2.302363	1	4294967295
6921.928783958	0.000000000	2.400	-2.809	0.032	-0.040	2.385547	1	4294967295
6922.228739901	0.000000000	2.398	-2.857	0.029	-0.049	2.379145	1	4294967295
6922.528696802	0.000000000	2.396	-2.900	0.025	-0.056	2.376954	1	4294967295
6922.828664750	0.000000000	2.452	-2.784	0.044	-0.024	3.717660	1	4294967295
6923.128630486	0.000000000	2.479	-2.700	0.053	-0.002	3.594816	1	4294967295
6923.428575115	0.000000000	2.449	-2.707	0.038	-0.003	2.585255	1	4294967295
6923.728552366	0.000000000	2.362	-2.660	0.005	0.015	1.602396	1	4294967295
6924.028593395	0.000000000	2.338	-2.672	-0.003	0.011	2.554649	1	4294967295
6924.328738680	0.000000000	2.420	-2.501	0.025	0.054	2.799021	1	4294967295
6924.628684162	0.000000000	2.532	-2.317	0.058	0.097	2.696605	1	4294967295
6924.928686778	0.000000000	2.776	-2.237	0.126	0.106	3.204203	1	4294967295
6925.228694833	0.000000000	2.790	-2.225	0.119	0.101	2.553966	1	4294967295
6925.528796575	0.000000000	2.745	-2.273	0.097	0.082	2.539510	1	4294967295
6925.842124885	0.000000000	2.816	-2.169	0.110	0.100	2.451513	1	4294967295
6926.128839047	0.000000000	2.755	-2.123	0.083	0.107	2.734117	1	4294967295
6926.428775518	0.000000000	2.635	-2.132	0.044	0.100	2.800545	1	4294967295
6926.728774182	0.000000000	2.618	-2.144	0.036	0.090	2.440482	1	4294967295
6927.028724783	0.000000000	2.509	-2.125	0.003	0.093	2.883122	1	4294967295
6927.328717490	0.000000000	2.428	-2.111	-0.020	0.093	2.845879	1	4294967295
6927.628675692	0.000000000	2.395	-2.124	-0.029	0.086	2.694006	1	4294967295
6927.928583159	0.000000000	2.328	-2.192	-0.043	0.063	2.522560	1	4294967295
6928.228546100	0.000000000	2.300	-2.218	-0.048	0.054	2.620949	1	4294967295
6928.528528237	0.000000000	2.299	-2.250	-0.046	0.043	2.571336	1	4294967295
6928.828522048	0.000000000	2.279	-2.274	-0.049	0.035	2.611899	1	4294967295
6929.128513860	0.000000000	2.244	-2.353	-0.051	0.013	2.383418	1	4294967295
6929.428486833	0.000000000	2.191	-2.359	-0.062	0.011	2.635395	1	4294967295
6929.728444887	0.000000000	2.187	-2.313	-0.062	0.023	2.778631	1	4294967295
6930.028421646	0.000000000	2.188	-2.274	-0.061	0.032	2.769610	1	4294967295
6930.328403285	0.000000000	2.206	-2.267	-0.053	0.032	2.652998	1	4294967295
6930.628385214	0.000000000	2.190	-2.325	-0.051	0.014	2.405549	1	4294967295
6930.928381209	0.000000000	2.170	-2.332	-0.052	0.012	2.576551	1	4294967295
6931.228364713	0.000000000	2.145	-2.342	-0.054	0.009	2.575174	1	4294967295
6931.528356875	0.000000000	2.121	-2.408	-0.054	-0.009	2.382124	1	4294967295
6931.828357073	0.000000000	2.089	-2.480	-0.055	-0.026	2.336516	1	4294967295
6932.128383740	0.000000000	1.546	-3.366	-0.148	-0.241	11.007638	1	4294967295
6932.428354039	0.000000000	1.533	-3.294	-0.145	-0.206	2.852072	1	4294967295
6932.728315522	0.000000000	1.527	-3.228	-0.139	-0.175	2.837839	1	4294967295
6933.028285197	0.000000000	1.498	-3.279	-0.135	-0.175	2.236336	1	4294967295
6933.328256921	0.000000000	1.491	-3.334	-0.125	-0.177	2.165746	1	4294967295
6933.628221182	0.000000000	1.571	-3.234	-0.103	-0.141	2.914399	1	4294967295
6933.928141203	0.000000000	1.198	-3.893	-0.160	-0.289	10.330973	1	4294967295
6934.228010406	0.000000000	0.930	-4.387	-0.197	-0.387	10.008793	1	4294967295
6934.527673811	0.000000000	1.063	-4.100	-0.164	-0.289	4.303771	1	4294967295
6934.827332495	0.000000000	1.143	-3.905	-0.143	-0.219	3.805473	1	4294967295
6935.126976557	0.000000000	1.162	-3.959	-0.127	-0.217	2.175443	1	4294967295
6935.426562349	0.000000000	1.301	-3.803	-0.089	-0.162	3.412241	1	4294967295
-1.000000000	0.000000000	0.000	0.000	0.000	0.000	0.000000	0	0
-1.000000000	0.000000000	0.000	0.000	0.000	0.000	0.000000	0	0
-1.000000000	0.000000000	0.000	0.000	0.000	0.000	0.000000	0	0
-1.000000000	0.000000000	0.000	0.000	0.000	0.000	0.000000	0	0
6936.943626837	0.000000000	1.467	-3.667	-0.038	-0.122	3.259758	1	4294967295
6937.225432928	0.000000000	1.549	-4.048	0.005	-0.220	7.746118	1	4294967295
6937.525131943	0.000000000	1.769	-3.951	0.059	-0.182	3.313747	1	4294967295
6937.825065812	0.000000000	1.956	-3.952	0.104	-0.173	2.814439	1	4294967295
6938.124822707	0.000000000	2.051	-4.025	0.119	-0.177	1.117057	1	4294967295
6938.424693418	0.000000000	2.151	-4.098	0.133	-0.181	1.090083	1	4294967295
6938.724554585	0.000000000	2.295	-4.016	0.154	-0.148	1.553106	1	4294967295
6939.024475720	0.000000000	2.406	-3.910	0.165	-0.111	1.486059	1	4294967295
6939.324468933	0.000000000	2.505	-3.914	0.174	-0.102	1.218610	1	4294967295
6939.624285589	0.000000000	2.581	-3.872	0.175	-0.083	1.253792	1	4294967295
6939.924258535	0.000000000	2.743	-3.839	0.200	-0.070	1.735758	1	4294967295
6940.224248896	0.000000000	2.802	-3.849	0.196	-0.065	1.122315	1	4294967295
6940.524317746	0.000000000	2.827	-3.842	0.184	-0.055	1.152757	1	4294967295
6940.824345282	0.000000000	2.790	-3.861	0.156	-0.050	1.340759	1	4294967295
6941.124415793	0.000000000	2.736	-3.881	0.126	-0.046	1.387285	1	4294967295
6941.424540621	0.000000000	2.686	-3.928	0.101	-0.049	1.357609	1	4294967295
6941.724605677	0.000000000	2.599	-3.949	0.067	-0.044	1.449521	1	4294967295
6942.024946101	0.000000000	2.493	-3.967	0.031	-0.039	1.517097	1	4294967295
6942.325110719	0.000000000	2.384	-3.934	-0.004	-0.023	1.497088	1	4294967295
6942.625269061	0.000000000	2.260	-3.897	-0.040	-0.007	1.500248	1	4294967295
6942.925439862	0.000000000	2.139	-3.895	-0.072	-0.002	1.467833	1	4294967295
6943.225728763	0.000000000	1.988	-3.860	-0.109	0.013	1.525607	1	4294967295
6943.526059886	0.000000000	1.802	-3.840	-0.155	0.024	1.690356	1	4294967295
6943.826243486	0.000000000	1.614	-3.821	-0.197	0.034	1.669733	1	4294967295
6944.126553644	0.000000000	1.436	-3.797	-0.233	0.044	1.456227	1	4294967295
6944.426753197	0.000000000	1.294	-3.802	-0.256	0.044	1.247073	1	4294967295
6944.727014345	0.000000000	1.129	-3.758	-0.284	0.058	1.381222	1	4294967295
6945.027122298	0.000000000	0.994	-3.696	-0.301	0.074	1.097822	1	4294967295
6945.327274860	0.000000000	0.862	-3.647	-0.316	0.086	1.123574	1	4294967295
6945.627422421	0.000000000	0.777	-3.562	-0.316	0.105	0.756150	1	4294967295
6945.927346887	0.000000000	0.689	-3.489	-0.315	0.117	1.227113	1	4294967295
6946.241045279	0.000000000	0.579	-3.406	-0.320	0.132	0.643966	1	4294967295
6946.540997395	0.000000000	0.501	-3.321	-0.317	0.146	0.721508	1	4294967295
6946.840926406	0.000000000	0.449	-3.222	-0.307	0.163	0.820308	1	4294967295
6947.140810530	0.000000000	0.416	-3.108	-0.293	0.182	0.924508	1	4294967295
6947.426864317	0.000000000	0.552	-2.970	-0.234	0.202	2.766749	1	4294967295
6947.726998433	0.000000000	0.701	-2.827	-0.176	0.222	2.744005	1	4294967295
6948.026789561	0.000000000	0.862	-2.683	-0.119	0.241	2.732101	1	4294967295
6948.327061594	0.000000000	1.028	-2.526	-0.066	0.261	2.716485	1	4294967295
6948.626504824	0.000000000	1.069	-2.462	-0.052	0.261	0.999516	1	4294967295
6948.926497088	0.000000000	1.240	-2.314	-0.005	0.279	2.086947	1	4294967295
6949.226406437	0.000000000	1.419	-2.176	0.042	0.293	2.058354	1	4294967295
6949.526450332	0.000000000	1.488	-2.112	0.055	0.289	0.913660	1	4294967295
6949.826742545	0.000000000	1.558	-2.026	0.067	0.291	0.862736	1	4294967295
6950.126874754	0.000000000	1.633	-1.935	0.080	0.294	0.809767	1	4294967295
6950.427218849	0.000000000	1.730	-1.824	0.098	0.301	0.848220	1	4294967295
6950.727459918	0.000000000	1.827	-1.704	0.114	0.310	0.840891	1	4294967295
6951.027825167	0.000000000	1.951	-1.527	0.133	0.334	1.041833	1	4294967295
6951.328234190	0.000000000	2.125	-1.230	0.166	0.383	2.572784	1	4294967295
6951.628592661	0.000000000	2.253	-0.961	0.184	0.423	2.410071	1	4294967295
6951.929044761	0.000000000	2.360	-0.698	0.195	0.459	2.334330	1	4294967295
6952.229418653	0.000000000	2.450	-0.449	0.202	0.489	2.244681	1	4294967295
6952.529869771	0.000000000	2.521	-0.192	0.203	0.519	2.186178	1	4294967295
6952.830332266	0.000000000	2.530	-0.020	0.185	0.527	1.057700	1	4294967295
6953.130806086	0.000000000	2.520	0.160	0.164	0.535	1.130349	1	4294967295
6953.441220883	0.000000000	2.516	0.353	0.146	0.546	1.022691	1	4294967295
6953.731917765	0.000000000	2.472	0.540	0.118	0.555	1.227739	1	4294967295
6954.032439735	0.000000000	2.390	0.715	0.082	0.560	1.415796	1	4294967295
6954.332768906	0.000000000	2.271	0.888	0.038	0.563	1.559374	1	4294967295
6954.633302551	0.000000000	2.136	1.050	-0.007	0.563	1.573825	1	4294967295
6954.938147412	0.000000000	1.994	1.217	-0.050	0.564	1.616214	1	4294967295
6955.237557617	0.000000000	1.832	1.369	-0.094	0.559	1.639979	1	4294967295
6955.534419422	0.000000000	1.661	1.512	-0.136	0.553	1.622202	1	4294967295
6955.834764535	0.000000000	1.482	1.635	-0.177	0.541	1.578990	1	4294967295
6956.135882064	0.000000000	1.294	1.776	-0.217	0.536	1.528969	1	4294967295
6956.435005688	0.000000000	1.058	1.779	-0.270	0.495	1.996465	1	4294967295
6956.734862020	0.000000000	0.831	1.756	-0.315	0.451	1.967545	1	4294967295
6957.034710342	0.000000000	0.652	1.727	-0.342	0.408	1.790375	1	4294967295
6957.334584716	0.000000000	0.497	1.701	-0.358	0.370	1.555145	1	4294967295
6957.633699880	0.000000000	0.398	1.718	-0.356	0.345	1.192219	1	4294967295
6957.933330948	0.000000000	0.254	1.575	-0.365	0.282	1.865242	1	4294967295
6958.232746181	0.000000000	0.152	1.415	-0.362	0.219	1.950568	1	4294967295
6958.532301165	0.000000000	0.095	1.250	-0.346	0.159	1.974052	1	4294967295
6958.831855783	0.000000000	0.056	1.101	-0.328	0.108	1.929266	1	4294967295
6959.131354785	0.000000000	0.079	0.970	-0.294	0.065	1.935434	1	4294967295
6959.431135848	0.000000000	0.094	0.869	-0.266	0.033	1.798162	1	4294967295
6959.731176908	0.000000000	0.163	0.803	-0.226	0.012	1.799637	1	4294967295
6960.030736187	0.000000000	0.247	0.675	-0.184	-0.022	1.977311	1	4294967295
6960.330466842	0.000000000	0.311	0.568	-0.151	-0.048	1.788429	1	4294967295
6960.630721456	0.000000000	0.456	0.502	-0.099	-0.061	1.967429	1	4294967295
6960.930486544	0.000000000	0.630	0.438	-0.043	-0.073	2.014316	1	4294967295
6961.230511216	0.000000000	1.011	0.363	0.066	-0.084	3.541259	1	4294967295
6961.530650155	0.000000000	1.334	0.306	0.148	-0.090	3.239286	1	4294967295
6961.830630092	0.000000000	1.458	0.302	0.168	-0.084	1.194791	1	4294967295
6962.130825775	0.000000000	1.579	0.289	0.186	-0.081	1.098384	1	4294967295
6962.430901820	0.000000000	1.776	0.338	0.223	-0.061	1.424789	1	4294967295
6962.730891089	0.000000000	2.222	0.282	0.322	-0.066	3.732353	1	4294967295
6963.030979531	0.000000000	2.576	0.250	0.388	-0.066	3.200965	1	4294967295
6963.330979623	0.000000000	2.806	0.306	0.417	-0.045	1.212817	1	4294967295
6963.631020885	0.000000000	3.049	0.321	0.447	-0.037	0.940931	1	4294967295
6963.930792966	0.000000000	3.256	0.342	0.466	-0.027	0.790993	1	4294967295
6964.230582891	0.000000000	3.437	0.353	0.476	-0.022	0.686142	1	4294967295
6964.530312654	0.000000000	3.593	0.391	0.479	-0.010	0.713402	1	4294967295
6964.830064606	0.000000000	3.730	0.406	0.476	-0.006	0.629124	1	4294967295
6965.129774685	0.000000000	3.835	0.403	0.465	-0.007	0.698668	1	4294967295
6965.429799998	0.000000000	3.908	0.394	0.446	-0.009	0.844137	1	4294967295
6965.729784649	0.000000000	3.943	0.340	0.417	-0.023	1.151077	1	4294967295
6966.029509273	0.000000000	3.917	0.290	0.373	-0.034	1.509790	1	4294967295
6966.329133222	0.000000000	3.859	0.227	0.322	-0.047	1.735414	1	4294967295
6966.628929093	0.000000000	3.780	0.158	0.270	-0.061	1.855322	1	4294967295
6966.929081063	0.000000000	3.673	0.102	0.214	-0.070	1.882378	1	4294967295
6967.229036208	0.000000000	3.553	0.077	0.159	-0.070	1.953498	1	4294967295
6967.528851544	0.000000000	3.436	0.020	0.109	-0.078	1.902038	1	4294967295
6967.828851191	0.000000000	3.290	0.042	0.057	-0.065	2.625001	1	4294967295
6968.128815314	0.000000000	3.113	-0.011	-0.001	-0.073	2.137126	1	4294967295
6968.428973213	0.000000000	2.884	-0.052	-0.069	-0.076	2.261086	1	4294967295
6968.729194831	0.000000000	2.688	-0.092	-0.121	-0.079	1.978572	1	4294967295
6969.029227847	0.000000000	2.474	-0.197	-0.174	-0.099	2.043455	1	4294967295
6969.329480056	0.000000000	2.231	-0.228	-0.229	-0.098	1.967262	1	4294967295
6969.629425876	0.000000000	1.936	-0.282	-0.295	-0.102	2.034601	1	4294967295
6969.929714994	0.000000000	1.644	-0.335	-0.354	-0.106	1.897731	1	4294967295
6970.229944597	0.000000000	1.366	-0.389	-0.404	-0.110	1.684844	1	4294967295
6970.530033461	0.000000000	1.133	-0.419	-0.436	-0.108	1.251304	1	4294967295
6970.830359165	0.000000000	0.891	-0.444	-0.468	-0.105	1.218414	1	4294967295
6971.130567333	0.000000000	0.651	-0.480	-0.497	-0.105	1.111079	1	4294967295
6971.434158020	0.000000000	0.405	-0.515	-0.525	-0.104	1.066446	1	4294967295
6971.730849743	0.000000000	0.165	-0.555	-0.549	-0.105	0.964771	1	4294967295
6972.030961732	0.000000000	-0.071	-0.607	-0.570	-0.109	0.884488	1	4294967295
6972.331132806	0.000000000	-0.297	-0.670	-0.586	-0.116	0.732387	1	4294967295
6972.631461807	0.000000000	-0.546	-0.776	-0.608	-0.133	0.902886	1	4294967295
6972.931264699	0.000000000	-0.767	-0.878	-0.621	-0.147	0.801956	1	4294967295
6973.231172438	0.000000000	-0.983	-1.046	-0.631	-0.177	1.059277	1	4294967295
6973.530993378	0.000000000	-1.172	-1.223	-0.632	-0.208	1.067363	1	4294967295
6973.830850023	0.000000000	-1.333	-1.401	-0.625	-0.238	1.058039	1	4294967295
6974.130831042	0.000000000	-1.476	-1.586	-0.613	-0.268	1.128957	1	4294967295
6974.430545644	0.000000000	-1.598	-1.767	-0.596	-0.294	1.188939	1	4294967295
6974.730160820	0.000000000	-1.717	-1.927	-0.581	-0.312	1.195138	1	4294967295
6975.029730878	0.000000000	-1.808	-2.222	-0.556	-0.368	2.170508	1	4294967295
6975.329264627	0.000000000	-1.845	-2.431	-0.521	-0.394	1.592594	1	4294967295
6975.628626545	0.000000000	-1.931	-2.740	-0.499	-0.448	3.078205	1	4294967295
6975.928183298	0.000000000	-1.901	-2.879	-0.451	-0.450	1.734052	1	4294967295
6976.227683781	0.000000000	-1.840	-3.045	-0.399	-0.459	1.917924	1	4294967295
6976.527250233	0.000000000	-1.709	-3.248	-0.331	-0.477	2.171849	1	4294967295
6976.826812663	0.000000000	-1.636	-3.384	-0.286	-0.475	1.809115	1	4294967295
6977.126395836	0.000000000	-1.577	-3.519	-0.249	-0.472	1.727521	1	4294967295
6977.426152112	0.000000000	-1.490	-3.621	-0.208	-0.460	1.861072	1	4294967295
6977.725915402	0.000000000	-1.319	-3.714	-0.148	-0.447	2.268323	1	4294967295
6978.025854707	0.000000000	-1.189	-3.760	-0.103	-0.422	2.062591	1	4294967295
6978.325958399	0.000000000	-1.001	-3.783	-0.046	-0.394	2.255215	1	4294967295
6978.625873957	0.000000000	-0.738	-3.800	0.025	-0.367	2.390758	1	4294967295
6978.926078708	0.000000000	-0.577	-3.685	0.065	-0.309	2.340397	1	4294967295
6979.226126993	0.000000000	-0.426	-3.539	0.100	-0.246	2.336512	1	4294967295
6979.526513314	0.000000000	-0.224	-3.367	0.144	-0.183	2.363898	1	4294967295
6979.826680100	0.000000000	-0.050	-3.166	0.178	-0.116	2.391603	1	4294967295
6980.126876528	0.000000000	0.139	-2.930	0.213	-0.046	2.418415	1	4294967295
6980.427296348	0.000000000	0.277	-2.689	0.232	0.022	2.271885	1	4294967295
6980.727529834	0.000000000	0.373	-2.459	0.238	0.084	2.172482	1	4294967295
6981.028021008	0.000000000	0.450	-2.220	0.239	0.144	2.080922	1	4294967295
6981.328456731	0.000000000	0.501	-1.970	0.233	0.203	2.070354	1	4294967295
6981.629028806	0.000000000	0.516	-1.720	0.216	0.258	1.999736	1	4294967295
6981.929466106	0.000000000	0.555	-1.336	0.207	0.338	3.461221	1	4294967295
6982.229849673	0.000000000	0.519	-1.115	0.178	0.375	1.702141	1	4294967295
6982.530188264	0.000000000	0.486	-0.886	0.152	0.411	1.629543	1	4294967295
6982.830342338	0.000000000	0.468	-0.660	0.133	0.442	1.359809	1	4294967295
6983.130591171	0.000000000	0.467	-0.459	0.119	0.463	0.995394	1	4294967295
6983.430847991	0.000000000	0.452	-0.303	0.104	0.471	0.844846	1	4294967295
6983.730496092	0.000000000	0.466	-0.171	0.099	0.470	0.520468	1	4294967295
6984.030277460	0.000000000	0.546	-0.049	0.113	0.465	1.108796	1	4294967295
6984.330099422	0.000000000	0.610	0.028	0.122	0.448	0.941777	1	4294967295
6984.630001162	0.000000000	0.666	0.084	0.127	0.427	1.015588	1	4294967295
6984.931656641	0.000000000	0.675	0.154	0.120	0.412	0.664330	1	4294967295
6985.229321192	0.000000000	0.693	0.189	0.115	0.389	0.938769	1	4294967295
6985.528967899	0.000000000	0.718	0.196	0.113	0.362	1.088007	1	4294967295
6985.828958673	0.000000000	0.700	0.132	0.100	0.317	1.335595	1	4294967295
6986.128819701	0.000000000	0.683	0.042	0.089	0.269	1.472756	1	4294967295
6986.428352053	0.000000000	0.703	-0.050	0.089	0.223	1.530392	1	4294967295
6986.727913339	0.000000000	0.694	-0.158	0.081	0.177	1.664712	1	4294967295
6987.026888737	0.000000000	0.714	-0.323	0.082	0.119	1.946622	1	4294967295
6987.326334390	0.000000000	0.714	-0.556	0.078	0.047	2.194925	1	4294967295
6987.625914104	0.000000000	0.743	-0.725	0.080	-0.002	1.939632	1	4294967295
6987.925372160	0.000000000	0.814	-0.943	0.094	-0.060	2.040100	1	4294967295
6988.224967455	0.000000000	0.873	-1.149	0.103	-0.110	1.901075	1	4294967295
6988.524424332	0.000000000	0.973	-1.392	0.122	-0.168	1.964615	1	4294967295
6988.824001271	0.000000000	1.046	-1.616	0.134	-0.214	1.780514	1	4294967295
6989.123435263	0.000000000	1.254	-1.842	0.180	-0.260	2.839645	1	4294967295
6989.423055903	0.000000000	1.319	-2.063	0.185	-0.298	1.563751	1	4294967295
6989.722564299	0.000000000	1.441	-2.379	0.206	-0.359	1.856955	1	4294967295
6990.022153883	0.000000000	1.611	-2.606	0.236	-0.391	1.488975	1	4294967295
6990.321799398	0.000000000	1.765	-2.810	0.259	-0.415	1.320290	1	4294967295
6990.621576920	0.000000000	1.965	-3.084	0.294	-0.455	1.835255	1	4294967295
6990.921386782	0.000000000	2.133	-3.323	0.317	-0.482	1.551398	1	4294967295
6991.221044947	0.000000000	2.278	-3.610	0.333	-0.519	1.078121	1	4294967295
6991.520857746	0.000000000	2.442	-3.827	0.351	-0.535	0.834969	1	4294967295
6991.820763726	0.000000000	2.608	-4.006	0.367	-0.541	0.699732	1	4294967295
6992.120729594	0.000000000	2.794	-4.151	0.386	-0.538	0.720761	1	4294967295
6992.420686139	0.000000000	3.002	-4.238	0.407	-0.521	0.808803	1	4294967295
6992.720679629	0.000000000	3.242	-4.298	0.434	-0.500	1.038888	1	4294967295
6993.020910671	0.000000000	3.494	-4.335	0.462	-0.475	1.172452	1	4294967295
6993.321140181	0.000000000	3.698	-4.288	0.473	-0.430	1.351409	1	4294967295
6993.621226552	0.000000000	3.875	-4.181	0.476	-0.373	1.724770	1	4294967295
6993.921279299	0.000000000	3.985	-4.086	0.461	-0.321	1.770933	1	4294967295
6994.221406997	0.000000000	4.041	-3.933	0.434	-0.256	2.017010	1	4294967295
6994.521499354	0.000000000	4.256	-3.788	0.451	-0.203	2.759410	1	4294967295
6994.821364567	0.000000000	4.229	-3.685	0.405	-0.157	2.089920	1	4294967295
6995.121290439	0.000000000	4.367	-3.474	0.405	-0.093	3.564854	1	4294967295
6995.421245586	0.000000000	4.342	-3.443	0.365	-0.073	1.815555	1	4294967295
-1.000000000	0.000000000	0.000	0.000	0.000	0.000	0.000000	0	0
-1.000000000	0.000000000	0.000	0.000	0.000	0.000	0.000000	0	0
-1.000000000	0.000000000	0.000	0.000	0.000	0.000	0.000000	0	0
-1.000000000	0.000000000	0.000	0.000	0.000	0.000	0.000000	0	0
6996.942329758	0.000000000	4.281	-3.531	0.322	-0.084	1.489088	1	4294967295
6997.220501772	0.000000000	4.215	-3.582	0.279	-0.084	1.315527	1	4294967295
6997.520467322	0.000000000	4.224	-3.630	0.258	-0.087	0.831435	1	4294967295
6997.820517276	0.000000000	4.254	-3.678	0.245	-0.090	0.594001	1	4294967295
6998.120644343	0.000000000	4.328	-3.697	0.243	-0.087	0.398682	1	4294967295
6998.420834397	0.000000000	4.407	-3.692	0.243	-0.078	0.443374	1	4294967295
6998.720980615	0.000000000	4.606	-3.632	0.273	-0.059	1.668792	1	4294967295
6999.021152968	0.000000000	4.804	-3.565	0.301	-0.040	1.616338	1	4294967295
6999.321160630	0.000000000	5.226	-3.592	0.382	-0.045	3.007821	1	4294967295
6999.621312008	0.000000000	5.551	-3.647	0.431	-0.055	2.637889	1	4294967295
6999.921495184	0.000000000	5.606	-3.652	0.412	-0.051	0.675107	1	4294967295
7000.221691437	0.000000000	5.859	-3.711	0.441	-0.060	2.584875	1	4294967295
7000.521935216	0.000000000	6.318	-3.683	0.516	-0.050	3.119101	1	4294967295
7000.822186599	0.000000000	6.521	-3.533	0.527	-0.011	2.426359	1	4294967295
7001.122485100	0.000000000	6.549	-3.400	0.494	0.023	1.585676	1	4294967295
7001.422529082	0.000000000	6.472	-3.252	0.440	0.058	1.941168	1	4294967295
7001.722602266	0.000000000	6.360	-3.185	0.380	0.073	1.890341	1	4294967295
7002.022700594	0.000000000	6.061	-2.992	0.281	0.118	2.468878	1	4294967295
7002.322730691	0.000000000	5.844	-2.799	0.206	0.159	2.360865	1	4294967295
7002.622657119	0.000000000	5.658	-2.619	0.141	0.195	2.268511	1	4294967295
7002.922939363	0.000000000	5.512	-2.438	0.089	0.228	2.124432	1	4294967295
7003.222766998	0.000000000	5.390	-2.266	0.043	0.257	2.062960	1	4294967295
7003.523079150	0.000000000	5.222	-2.097	-0.012	0.285	2.094395	1	4294967295
7003.823359316	0.000000000	5.070	-1.931	-0.058	0.309	1.811548	1	4294967295
7004.123179584	0.000000000	4.912	-1.776	-0.104	0.329	1.764637	1	4294967295
7004.423411710	0.000000000	4.773	-1.625	-0.140	0.346	1.445187	1	4294967295
7004.723931868	0.000000000	4.640	-1.442	-0.171	0.369	1.306681	1	4294967295
7005.024304749	0.000000000	4.566	-1.261	-0.183	0.389	0.944422	1	4294967295
7005.324658464	0.000000000	4.494	-1.092	-0.193	0.404	0.817152	1	4294967295
7005.624998062	0.000000000	4.439	-0.906	-0.197	0.422	0.764784	1	4294967295
7005.925587876	0.000000000	4.476	-0.625	-0.171	0.461	2.276105	1	4294967295
7006.225859353	0.000000000	4.513	-0.370	-0.146	0.489	2.132634	1	4294967295
7006.526285382	0.000000000	4.550	-0.115	-0.124	0.516	2.087978	1	4294967295
7006.826584990	0.000000000	4.610	0.134	-0.098	0.539	2.039935	1	4294967295
-1.000000000	0.000000000	0.000	0.000	0.000	0.000	0.000000	0	0
7007.427532996	0.000000000	4.598	0.286	-0.095	0.537	0.356197	1	4294967295
7007.728090681	0.000000000	4.584	0.446	-0.092	0.537	0.335107	1	4294967295
7008.035898213	0.000000000	4.599	0.619	-0.081	0.540	0.534580	1	4294967295
7008.320787447	0.000000000	4.596	0.799	-0.075	0.544	0.367008	1	4294967295
7008.620827552	0.000000000	4.591	0.966	-0.069	0.544	0.394817	1	4294967295
7008.948567702	0.000000000	4.846	1.191	-0.003	0.556	1.528922	1	4294967295
7009.228642387	0.000000000	5.053	1.217	0.046	0.521	1.714022	1	4294967295
7009.546130805	0.000000000	5.144	1.312	0.065	0.506	0.710671	1	4294967295
7009.846599415	0.000000000	5.181	1.366	0.069	0.482	0.803632	1	4294967295
7010.145583381	0.000000000	5.198	1.398	0.068	0.456	0.910632	1	4294967295
7010.445226126	0.000000000	5.197	1.417	0.063	0.428	0.993955	1	4294967295
7010.744897125	0.000000000	5.160	1.447	0.048	0.404	0.991146	1	4294967295
7011.027888894	0.000000000	5.131	1.367	0.030	0.357	1.494253	1	4294967295
7011.327492905	0.000000000	5.036	1.297	-0.004	0.315	1.732262	1	4294967295
7011.627040276	0.000000000	4.909	1.214	-0.045	0.273	1.936492	1	4294967295
7011.926449650	0.000000000	4.761	1.104	-0.089	0.226	2.136351	1	4294967295
7012.226362632	0.000000000	4.608	1.007	-0.131	0.185	1.978657	1	4294967295
7012.526111578	0.000000000	4.494	0.890	-0.159	0.142	1.846020	1	4294967295
7012.825938014	0.000000000	4.333	0.773	-0.197	0.102	1.847830	1	4294967295
7013.125811750	0.000000000	4.147	0.656	-0.238	0.064	1.864856	1	4294967295
7013.425723968	0.000000000	3.976	0.608	-0.271	0.047	1.542844	1	4294967295
7013.725959656	0.000000000	3.768	0.492	-0.311	0.013	1.654514	1	4294967295
7014.025751635	0.000000000	3.569	0.388	-0.346	-0.015	1.488374	1	4294967295
7014.325358185	0.000000000	3.386	0.267	-0.372	-0.046	1.403523	1	4294967295
7014.625512650	0.000000000	3.192	0.162	-0.399	-0.070	1.240830	1	4294967295
7014.925257664	0.000000000	3.024	0.069	-0.415	-0.089	1.008634	1	4294967295
7015.224835521	0.000000000	2.870	-0.032	-0.426	-0.108	0.951792	1	4294967295
7015.524590968	0.000000000	2.763	-0.060	-0.419	-0.107	2.105554	1	4294967295
7015.823970052	0.000000000	2.672	-0.122	-0.408	-0.115	2.182350	1	4294967295
7016.123650239	0.000000000	2.590	-0.201	-0.395	-0.127	2.231283	1	4294967295
7016.423373525	0.000000000	2.506	-0.287	-0.383	-0.141	2.316181	1	4294967295
7016.723004954	0.000000000	2.422	-0.360	-0.373	-0.149	2.376109	1	4294967295
7017.022640645	0.000000000	2.365	-0.477	-0.355	-0.169	2.501632	1	4294967295
7017.322170083	0.000000000	2.415	-0.705	-0.305	-0.217	4.000268	1	4294967295
7017.621804164	0.000000000	2.500	-0.927	-0.251	-0.261	3.820180	1	4294967295
7017.921322628	0.000000000	2.510	-1.238	-0.227	-0.324	3.287992	1	4294967295
7018.220978337	0.000000000	2.512	-1.555	-0.209	-0.383	3.168700	1	4294967295
7018.520585641	0.000000000	2.430	-1.798	-0.217	-0.418	1.407490	1	4294967295
7018.820285230	0.000000000	2.366	-2.021	-0.218	-0.444	1.218029	1	4294967295
7019.120271352	0.000000000	2.264	-2.302	-0.231	-0.483	1.476135	1	4294967295
7019.420382679	0.000000000	2.093	-2.588	-0.261	-0.520	1.618717	1	4294967295
7019.720897146	0.000000000	1.889	-2.850	-0.298	-0.548	1.563080	1	4294967295
7020.021431257	0.000000000	1.698	-3.043	-0.329	-0.554	1.419249	1	4294967295
7020.321902962	0.000000000	1.463	-3.165	-0.369	-0.540	1.337597	1	4294967295
7020.635654614	0.000000000	1.239	-3.235	-0.403	-0.514	1.412401	1	4294967295
7020.935904514	0.000000000	1.067	-3.254	-0.420	-0.476	1.461800	1	4294967295
7021.235210411	0.000000000	0.935	-3.254	-0.425	-0.436	1.507748	1	4294967295
7021.535527059	0.000000000	0.817	-3.212	-0.426	-0.388	1.597741	1	4294967295
7021.822173572	0.000000000	0.750	-3.129	-0.414	-0.332	1.951025	1	4294967295
7022.122568692	0.000000000	0.708	-3.045	-0.395	-0.280	1.926674	1	4294967295
7022.423011334	0.000000000	0.676	-2.937	-0.375	-0.226	2.003986	1	4294967295
7022.723360512	0.000000000	0.622	-2.810	-0.362	-0.171	2.056901	1	4294967295
7023.023917955	0.000000000	0.547	-2.666	-0.356	-0.114	2.102233	1	4294967295
7023.324428280	0.000000000	0.473	-2.501	-0.350	-0.057	2.091034	1	4294967295
7023.624909074	0.000000000	0.377	-2.332	-0.350	-0.003	1.928316	1	4294967295
7023.925200286	0.000000000	0.309	-2.209	-0.341	0.031	1.337526	1	4294967295
7024.225882845	0.000000000	0.171	-2.056	-0.352	0.073	1.430785	1	4294967295
7024.826058953	0.000000000	-0.137	-1.923	-0.379	0.100	1.108368	1	4294967295
7025.126026685	0.000000000	-0.305	-1.866	-0.394	0.110	0.741102	1	4294967295
7025.425620518	0.000000000	-0.447	-1.852	-0.401	0.107	0.521406	1	4294967295
7025.725517544	0.000000000	-0.570	-1.873	-0.403	0.094	0.547423	1	4294967295
7026.025257015	0.000000000	-0.688	-1.919	-0.402	0.074	0.791863	1	4294967295
7026.325180955	0.000000000	-0.796	-2.014	-0.399	0.042	0.983847	1	4294967295
7026.624977132	0.000000000	-0.856	-2.093	-0.383	0.017	1.061435	1	4294967295
7026.924844178	0.000000000	-0.901	-2.199	-0.364	-0.013	1.204811	1	4294967295
7027.224836779	0.000000000	-0.940	-2.415	-0.344	-0.072	1.994999	1	4294967295
7027.525142502	0.000000000	-1.009	-2.546	-0.335	-0.102	1.084607	1	4294967295
7027.831558699	0.000000000	-1.094	-2.723	-0.331	-0.142	1.142387	1	4294967295
7028.127802457	0.000000000	-1.222	-2.842	-0.340	-0.162	0.857091	1	4294967295
7028.427652118	0.000000000	-1.337	-2.965	-0.344	-0.182	0.747963	1	4294967295
7028.737968220	0.000000000	-1.323	-3.163	-0.312	-0.221	2.474821	1	4294967295
7029.025484450	0.000000000	-1.282	-3.360	-0.277	-0.255	2.330544	1	4294967295
7029.325521202	0.000000000	-1.333	-3.414	-0.269	-0.246	0.645764	1	4294967295
7029.625439304	0.000000000	-1.362	-3.448	-0.255	-0.233	0.849619	1	4294967295
7029.925459873	0.000000000	-1.384	-3.411	-0.240	-0.202	1.161100	1	4294967295
7030.225405823	0.000000000	-1.376	-3.329	-0.217	-0.161	1.505689	1	4294967295
7030.530588129	0.000000000	-1.373	-3.218	-0.197	-0.116	1.672798	1	4294967295
7030.830557392	0.000000000	-1.355	-3.076	-0.175	-0.067	1.856723	1	4294967295
7031.129872866	0.000000000	-1.332	-2.908	-0.153	-0.014	1.932541	1	4294967295
7031.429741434	0.000000000	-1.288	-2.736	-0.128	0.036	1.886528	1	4294967295
7031.729694330	0.000000000	-1.278	-2.566	-0.114	0.080	1.730053	1	4294967295
7032.029274693	0.000000000	-1.229	-2.346	-0.092	0.136	1.962830	1	4294967295
7032.327130704	0.000000000	-1.169	-2.095	-0.069	0.194	1.933506	1	4294967295
7032.627508678	0.000000000	-1.141	-1.848	-0.056	0.247	1.789199	1	4294967295
7032.927609477	0.000000000	-1.112	-1.608	-0.044	0.294	1.651923	1	4294967295
7033.228476828	0.000000000	-1.052	-1.385	-0.025	0.333	1.540789	1	4294967295
7033.527418717	0.000000000	-1.026	-1.197	-0.017	0.360	1.310448	1	4294967295
7033.827169783	0.000000000	-0.989	-0.947	-0.006	0.402	1.557602	1	4294967295
7034.127237197	0.000000000	-0.950	-0.694	0.005	0.440	1.467400	1	4294967295
7034.427431832	0.000000000	-0.924	-0.411	0.011	0.484	1.499314	1	4294967295
7034.727864917	0.000000000	-0.861	-0.157	0.027	0.516	1.332297	1	4294967295
7035.029157895	0.000000000	-0.790	0.103	0.045	0.547	1.318346	1	4294967295
7035.328560291	0.000000000	-0.689	0.312	0.068	0.562	1.154270	1	4294967295
7035.629097230	0.000000000	-0.539	0.540	0.103	0.580	1.311290	1	4294967295
7035.928800747	0.000000000	-0.398	0.700	0.132	0.580	1.130002	1	4294967295
7036.228533159	0.000000000	-0.219	0.872	0.168	0.583	1.275121	1	4294967295
7036.530708076	0.000000000	-0.045	1.071	0.202	0.592	1.208291	1	4294967295
7036.831404151	0.000000000	0.157	1.238	0.241	0.590	1.304931	1	4294967295
7037.132118154	0.000000000	0.488	1.456	0.313	0.600	2.996738	1	4294967295
7037.427622660	0.000000000	0.715	1.479	0.347	0.564	1.380924	1	4294967295
7037.727253604	0.000000000	0.935	1.500	0.376	0.531	1.373124	1	4294967295
7038.026761533	0.000000000	1.127	1.530	0.396	0.502	1.331922	1	4294967295
7038.326252475	0.000000000	1.331	1.499	0.417	0.459	1.513472	1	4294967295
7038.634160831	0.000000000	1.478	1.509	0.421	0.428	1.217826	1	4294967295
7038.926008494	0.000000000	1.630	1.430	0.425	0.378	1.615241	1	4294967295
7039.225857506	0.000000000	1.731	1.352	0.415	0.331	1.684471	1	4294967295
7039.525956077	0.000000000	1.784	1.230	0.393	0.274	1.911255	1	4294967295
7039.825860491	0.000000000	1.772	1.089	0.354	0.217	2.128593	1	4294967295
7040.125883566	0.000000000	1.726	0.944	0.310	0.162	2.233963	1	4294967295
7040.425737755	0.000000000	1.682	0.795	0.270	0.109	2.281609	1	4294967295
7040.725592481	0.000000000	1.565	0.618	0.213	0.053	2.538352	1	4294967295
7041.025267257	0.000000000	1.438	0.426	0.158	-0.004	2.539493	1	4294967295
7041.328954952	0.000000000	1.363	0.238	0.124	-0.054	2.249804	1	4294967295
7041.924808339	0.000000000	1.244	0.023	0.071	-0.104	2.291699	1	4294967295
7042.223874642	0.000000000	1.132	-0.261	0.032	-0.172	2.392791	1	4294967295
7042.523474544	0.000000000	1.025	-0.537	-0.003	-0.233	2.164558	1	4294967295
7042.831326078	0.000000000	0.915	-0.795	-0.034	-0.285	1.929692	1	4294967295
7043.122741989	0.000000000	0.814	-1.075	-0.061	-0.338	1.861936	1	4294967295
7043.422285575	0.000000000	0.765	-1.324	-0.073	-0.378	1.557334	1	4294967295
7043.721781573	0.000000000	0.705	-1.604	-0.084	-0.424	1.487080	1	4294967295
7044.021280665	0.000000000	0.700	-1.846	-0.081	-0.455	1.168272	1	4294967295
7044.320802613	0.000000000	0.726	-2.098	-0.068	-0.485	1.117518	1	4294967295
7044.620543780	0.000000000	0.713	-2.342	-0.067	-0.512	0.966660	1	4294967295
7044.919909063	0.000000000	0.781	-2.577	-0.044	-0.533	1.118041	1	4294967295
7045.219409225	0.000000000	0.891	-2.789	-0.012	-0.547	1.162238	1	4294967295
7045.519139105	0.000000000	1.029	-2.977	0.025	-0.553	1.213530	1	4294967295
7045.818906542	0.000000000	1.134	-3.114	0.050	-0.546	1.067095	1	4294967295
7046.118784128	0.000000000	1.220	-3.246	0.068	-0.537	1.079327	1	4294967295
7046.418858391	0.000000000	1.342	-3.353	0.094	-0.523	1.302383	1	4294967295
7046.718958446	0.000000000	1.468	-3.414	0.119	-0.498	1.446844	1	4294967295
7047.019183585	0.000000000	1.574	-3.502	0.136	-0.482	1.287236	1	4294967295
7047.319430788	0.000000000	1.727	-3.558	0.164	-0.459	1.622974	1	4294967295
7047.619922672	0.000000000	1.931	-3.368	0.201	-0.377	2.468654	1	4294967295
7047.920433954	0.000000000	2.054	-3.161	0.215	-0.297	2.380436	1	4294967295
7048.220966763	0.000000000	2.144	-2.936	0.220	-0.219	2.315272	1	4294967295
7048.521446294	0.000000000	2.135	-2.665	0.199	-0.135	2.410726	1	4294967295
7048.821713761	0.000000000	2.114	-2.406	0.176	-0.059	2.359010	1	4294967295
7049.121967608	0.000000000	2.112	-2.223	0.159	-0.007	1.936233	1	4294967295
7049.422204060	0.000000000	2.020	-2.040	0.121	0.042	2.047677	1	4294967295
7049.722740256	0.000000000	1.894	-1.859	0.076	0.087	2.115572	1	4294967295
7050.022835469	0.000000000	1.804	-1.726	0.045	0.117	1.755021	1	4294967295
7050.323215069	0.000000000	1.641	-1.555	-0.004	0.155	2.014931	1	4294967295
7050.623671783	0.000000000	1.464	-1.401	-0.052	0.184	1.887654	1	4294967295
7050.924275775	0.000000000	1.248	-1.198	-0.108	0.226	2.145754	1	4294967295
7051.224944591	0.000000000	1.037	-0.998	-0.157	0.263	1.993336	1	4294967295
7051.525338447	0.000000000	0.852	-0.804	-0.196	0.296	1.703634	1	4294967295
7051.825600018	0.000000000	0.706	-0.623	-0.221	0.322	1.245924	1	4294967295
7052.125569793	0.000000000	0.586	-0.470	-0.238	0.339	0.929932	1	4294967295
7052.425600144	0.000000000	0.477	-0.336	-0.249	0.349	0.641189	1	4294967295
7052.725393703	0.000000000	0.420	-0.207	-0.246	0.357	0.497807	1	4294967295
7053.025194657	0.000000000	0.388	-0.099	-0.236	0.358	0.483505	1	4294967295
7053.325020470	0.000000000	0.385	0.010	-0.219	0.358	0.626328	1	4294967295
7053.624753238	0.000000000	0.394	0.086	-0.199	0.349	0.783608	1	4294967295
7053.924406470	0.000000000	0.443	0.142	-0.170	0.336	1.116856	1	4294967295
7054.223954940	0.000000000	0.517	0.178	-0.136	0.317	1.327000	1	4294967295
7054.523604251	0.000000000	0.620	0.195	-0.097	0.296	1.517689	1	4294967295
7054.823135606	0.000000000	0.768	0.153	-0.048	0.259	1.793533	1	4294967295
7055.123294565	0.000000000	0.907	0.098	-0.005	0.223	1.710871	1	4294967295
7055.422483800	0.000000000	1.010	0.070	0.023	0.197	1.555884	1	4294967295
7055.732469201	0.000000000	1.039	0.109	0.029	0.191	0.788616	1	4294967295
7056.032754339	0.000000000	1.073	0.137	0.035	0.184	0.893932	1	4294967295
7056.333038170	0.000000000	1.108	0.151	0.042	0.173	1.006198	1	4294967295
7056.633121434	0.000000000	1.144	0.150	0.048	0.159	1.071703	1	4294967295
7056.933315009	0.000000000	1.184	0.137	0.054	0.144	1.096599	1	4294967295
7057.219943519	0.000000000	1.422	-0.211	0.110	0.047	2.412947	1	4294967295
7057.519902831	0.000000000	1.567	-0.450	0.136	-0.015	1.840865	1	4294967295
7057.819813407	0.000000000	1.803	-0.845	0.184	-0.108	3.193530	1	4294967295
7058.119744390	0.000000000	2.038	-1.156	0.228	-0.174	2.711094	1	4294967295
7058.419817786	0.000000000	2.177	-1.393	0.244	-0.218	2.451349	1	4294967295
7058.719847310	0.000000000	2.292	-1.585	0.253	-0.249	2.262636	1	4294967295
7059.019556253	0.000000000	2.408	-1.727	0.262	-0.265	2.152318	1	4294967295
7059.319650484	0.000000000	2.481	-1.825	0.260	-0.269	2.117026	1	4294967295
7059.619611737	0.000000000	2.527	-1.911	0.251	-0.270	2.149944	1	4294967295
7059.919547163	0.000000000	2.558	-2.014	0.238	-0.275	2.161019	1	4294967295
7060.219460769	0.000000000	2.590	-2.079	0.226	-0.270	2.141266	1	4294967295
7060.519419377	0.000000000	2.616	-2.159	0.214	-0.268	2.107505	1	4294967295
7060.819405084	0.000000000	2.620	-2.210	0.196	-0.259	2.225927	1	4294967295
7061.119393355	0.000000000	2.643	-2.265	0.184	-0.251	2.109800	1	4294967295
7061.419334643	0.000000000	2.674	-2.340	0.176	-0.250	2.010157	1	4294967295
7061.719325817	0.000000000	2.703	-2.398	0.168	-0.244	2.024603	1	4294967295
7062.019311688	0.000000000	2.753	-2.465	0.166	-0.241	1.887667	1	4294967295
7062.319292251	0.000000000	2.765	-2.501	0.154	-0.230	2.065849	1	4294967295
