timeref	est_sendtime	pos_x	pos_y	vel_x	vel_y	sigma	valid	senderGuid
7576.184484164	0.000000000	3.720	-2.529	0.001	-0.001	6.418633	1	4294967295
7576.484476556	0.000000000	3.720	-2.529	0.001	-0.001	6.460931	1	4294967295
7576.784434804	0.000000000	3.719	-2.528	-0.002	0.001	6.427807	1	4294967295
7577.084466191	0.000000000	3.715	-2.525	-0.009	0.006	6.388435	1	4294967295
7577.384403778	0.000000000	3.701	-2.517	-0.024	0.015	6.505090	1	4294967295
7577.684376066	0.000000000	3.671	-2.500	-0.048	0.028	6.271759	1	4294967295
7577.984346628	0.000000000	3.620	-2.471	-0.081	0.046	5.933443	1	4294967295
7578.283857972	0.000000000	3.541	-2.428	-0.123	0.068	5.654687	1	4294967295
7578.583920840	0.000000000	3.432	-2.370	-0.171	0.094	5.286800	1	4294967295
7578.883983435	0.000000000	3.304	-2.297	-0.217	0.120	4.364027	1	4294967295
7579.184123752	0.000000000	3.151	-2.240	-0.264	0.132	4.072811	1	4294967295
7579.484244875	0.000000000	2.957	-2.160	-0.320	0.152	4.087595	1	4294967295
7579.784251175	0.000000000	2.752	-2.081	-0.369	0.167	3.704288	1	4294967295
7580.084297651	0.000000000	2.520	-1.975	-0.420	0.191	2.795075	1	4294967295
7580.384317914	0.000000000	2.280	-1.896	-0.466	0.200	2.180755	1	4294967295
7580.684354433	0.000000000	2.069	-1.789	-0.493	0.218	1.851179	1	4294967295
7580.984336915	0.000000000	1.886	-1.700	-0.506	0.227	1.478617	1	4294967295
7581.284261148	0.000000000	1.714	-1.667	-0.514	0.216	0.996716	1	4294967295
7581.584183959	0.000000000	1.583	-1.583	-0.508	0.222	1.321651	1	4294967295
7581.884100726	0.000000000	1.476	-1.533	-0.495	0.217	1.252989	1	4294967295
7582.184044192	0.000000000	1.369	-1.509	-0.483	0.205	1.137644	1	4294967295
7582.484032776	0.000000000	1.324	-1.460	-0.456	0.202	1.378591	1	4294967295
7582.783962229	0.000000000	1.302	-1.420	-0.425	0.196	1.407848	1	4294967295
7583.083920831	0.000000000	1.249	-1.404	-0.406	0.184	1.327324	1	4294967295
7583.383882697	0.000000000	1.238	-1.387	-0.376	0.173	1.383517	1	4294967295
7583.683877905	0.000000000	1.260	-1.387	-0.341	0.159	1.418694	1	4294967295
7583.983760477	0.000000000	1.278	-1.401	-0.310	0.142	1.402719	1	4294967295
7584.283512541	0.000000000	1.320	-1.414	-0.275	0.127	1.478468	1	4294967295
7584.583054524	0.000000000	1.342	-1.456	-0.247	0.105	1.515173	1	4294967295
7584.882578867	0.000000000	1.436	-1.524	-0.203	0.078	1.851621	1	4294967295
7585.182158652	0.000000000	1.556	-1.655	-0.154	0.036	2.063880	1	4294967295
7585.481539830	0.000000000	1.702	-1.763	-0.102	0.004	2.133386	1	4294967295
7585.780882001	0.000000000	1.844	-1.991	-0.053	-0.057	2.444446	1	4294967295
7586.080575178	0.000000000	1.995	-2.234	-0.005	-0.118	2.471330	1	4294967295
7586.380214152	0.000000000	2.075	-2.455	0.020	-0.167	2.134656	1	4294967295
7586.680145852	0.000000000	2.173	-2.664	0.047	-0.209	1.952317	1	4294967295
7586.980220631	0.000000000	2.220	-2.865	0.057	-0.245	1.546480	1	4294967295
7587.280067835	0.000000000	2.247	-3.075	0.060	-0.280	1.383950	1	4294967295
7587.580235795	0.000000000	2.263	-3.273	0.059	-0.309	1.217824	1	4294967295
7587.880521357	0.000000000	2.262	-3.447	0.053	-0.330	1.010314	1	4294967295
7588.180841981	0.000000000	2.203	-3.597	0.032	-0.341	1.183470	1	4294967295
7588.481301476	0.000000000	2.078	-3.706	-0.006	-0.340	1.402054	1	4294967295
7588.781636217	0.000000000	1.935	-3.812	-0.045	-0.338	1.587300	1	4294967295
7589.082413596	0.000000000	1.745	-3.869	-0.093	-0.324	1.696526	1	4294967295
7589.382731588	0.000000000	1.570	-3.846	-0.133	-0.289	1.704859	1	4294967295
7589.682956535	0.000000000	1.384	-3.803	-0.173	-0.252	1.823937	1	4294967295
7589.983091594	0.000000000	1.213	-3.771	-0.207	-0.219	1.690383	1	4294967295
7590.283083613	0.000000000	1.101	-3.711	-0.223	-0.182	1.622775	1	4294967295
7590.583088188	0.000000000	1.079	-3.541	-0.210	-0.125	3.922232	1	4294967295
7590.882981834	0.000000000	0.989	-3.425	-0.220	-0.081	1.634442	1	4294967295
7591.183201699	0.000000000	0.921	-3.294	-0.224	-0.036	1.647435	1	4294967295
7591.482963730	0.000000000	0.884	-3.150	-0.219	0.008	1.730115	1	4294967295
7591.783015291	0.000000000	0.898	-2.980	-0.202	0.055	1.748110	1	4294967295
7592.083224978	0.000000000	0.976	-2.793	-0.169	0.098	1.691595	1	4294967295
7592.398289044	0.000000000	1.098	-2.534	-0.129	0.159	2.263856	1	4294967295
7592.698494712	0.000000000	1.244	-2.264	-0.086	0.218	2.332910	1	4294967295
7592.998719417	0.000000000	1.363	-2.035	-0.054	0.263	2.077897	1	4294967295
7593.298925314	0.000000000	1.512	-1.771	-0.017	0.313	2.328468	1	4294967295
7593.585237074	0.000000000	1.630	-1.485	0.009	0.366	2.304551	1	4294967295
7593.886040591	0.000000000	1.787	-1.180	0.044	0.418	2.283645	1	4294967295
7594.187034558	0.000000000	1.984	-0.803	0.085	0.481	2.308456	1	4294967295
7594.487788402	0.000000000	2.114	-0.476	0.108	0.529	1.941906	1	4294967295
7594.788192264	0.000000000	2.118	-0.129	0.098	0.582	1.997750	1	4294967295
7595.089038655	0.000000000	2.068	0.208	0.076	0.628	1.866094	1	4294967295
7595.394419723	0.000000000	1.961	0.478	0.042	0.655	1.774725	1	4294967295
7595.693900357	0.000000000	1.902	0.631	0.023	0.646	1.068196	1	4294967295
7595.993135895	0.000000000	1.798	0.750	-0.005	0.630	1.389607	1	4294967295
7596.292815032	0.000000000	1.672	0.839	-0.037	0.607	1.584632	1	4294967295
7596.592657578	0.000000000	1.536	0.902	-0.069	0.579	1.701462	1	4294967295
7596.892546060	0.000000000	1.390	0.941	-0.102	0.547	1.756916	1	4294967295
7597.186448956	0.000000000	1.291	0.719	-0.125	0.457	2.385086	1	4294967295
7597.485967178	0.000000000	1.182	0.478	-0.147	0.367	2.292673	1	4294967295
7597.786196812	0.000000000	1.091	0.263	-0.161	0.289	2.124331	1	4294967295
7598.086161006	0.000000000	0.978	0.076	-0.180	0.222	2.034089	1	4294967295
7598.386885470	0.000000000	0.826	-0.065	-0.207	0.171	1.828386	1	4294967295
7598.686464207	0.000000000	0.670	-0.180	-0.233	0.129	1.672517	1	4294967295
7598.987064897	0.000000000	0.553	-0.305	-0.246	0.087	2.579711	1	4294967295
7599.287226045	0.000000000	0.367	-0.459	-0.277	0.040	1.933802	1	4294967295
7599.585872498	0.000000000	0.230	-0.640	-0.293	-0.011	1.824131	1	4294967295
7599.885261411	0.000000000	0.162	-0.782	-0.291	-0.047	1.636928	1	4294967295
7600.184502697	0.000000000	0.132	-1.000	-0.278	-0.101	1.926564	1	4294967295
7600.483799401	0.000000000	0.131	-1.189	-0.257	-0.143	1.825175	1	4294967295
7600.783223299	0.000000000	0.155	-1.453	-0.229	-0.203	2.137926	1	4294967295
7601.082954002	0.000000000	0.215	-1.717	-0.193	-0.259	2.097024	1	4294967295
7601.382694510	0.000000000	0.255	-2.013	-0.163	-0.320	2.052994	1	4294967295
7601.682572445	0.000000000	0.295	-2.273	-0.137	-0.366	1.675779	1	4294967295
7601.982667580	0.000000000	0.322	-2.489	-0.118	-0.396	1.294800	1	4294967295
7602.282399978	0.000000000	0.328	-2.685	-0.107	-0.417	1.058643	1	4294967295
7602.582978768	0.000000000	0.302	-2.874	-0.106	-0.434	0.800540	1	4294967295
7602.883368054	0.000000000	0.239	-3.023	-0.116	-0.438	0.759441	1	4294967295
7603.183885001	0.000000000	0.153	-3.135	-0.132	-0.431	0.821586	1	4294967295
7603.483883982	0.000000000	0.075	-3.226	-0.145	-0.419	0.839584	1	4294967295
7603.783956464	0.000000000	0.026	-3.273	-0.149	-0.396	0.940913	1	4294967295
7604.083960463	0.000000000	-0.010	-3.322	-0.149	-0.376	0.962572	1	4294967295
7604.384035637	0.000000000	-0.034	-3.283	-0.146	-0.333	1.337936	1	4294967295
7604.683973646	0.000000000	-0.044	-3.216	-0.139	-0.286	1.547603	1	4294967295
7604.983753036	0.000000000	-0.017	-3.132	-0.121	-0.238	1.680401	1	4294967295
7605.283718203	0.000000000	0.050	-3.001	-0.094	-0.181	2.099624	1	4294967295
7605.583556580	0.000000000	0.145	-2.864	-0.061	-0.127	2.125450	1	4294967295
7605.883594750	0.000000000	0.266	-2.692	-0.023	-0.068	2.331710	1	4294967295
7606.183714781	0.000000000	0.424	-2.489	0.022	-0.006	2.584924	1	4294967295
7606.483935775	0.000000000	0.583	-2.286	0.064	0.051	2.427419	1	4294967295
7606.800477793	0.000000000	0.860	-2.091	0.137	0.098	3.467381	1	4294967295
7607.091655551	0.000000000	1.014	-1.887	0.168	0.146	2.188094	1	4294967295
7607.391031537	0.000000000	1.189	-1.661	0.202	0.196	2.248168	1	4294967295
7607.684922986	0.000000000	1.405	-1.462	0.244	0.234	2.164144	1	4294967295
7607.985521347	0.000000000	1.629	-1.237	0.284	0.275	2.160923	1	4294967295
7608.285730390	0.000000000	1.872	-0.891	0.325	0.347	2.421882	1	4294967295
7608.586067686	0.000000000	2.191	-0.569	0.384	0.404	2.283438	1	4294967295
7608.886186446	0.000000000	2.491	-0.296	0.432	0.445	1.901206	1	4294967295
7609.185928720	0.000000000	2.746	-0.055	0.465	0.474	1.497302	1	4294967295
7609.485537408	0.000000000	3.033	0.105	0.503	0.480	1.261994	1	4294967295
7609.785332966	0.000000000	3.328	0.231	0.540	0.476	1.152523	1	4294967295
7610.084975220	0.000000000	3.612	0.312	0.571	0.461	1.063464	1	4294967295
7610.384396729	0.000000000	3.885	0.349	0.598	0.435	1.187710	1	4294967295
7610.683938117	0.000000000	4.124	0.360	0.612	0.405	1.270477	1	4294967295
7610.983475641	0.000000000	4.334	0.303	0.618	0.359	1.571082	1	4294967295
7611.282684280	0.000000000	4.544	0.178	0.623	0.300	1.957026	1	4294967295
7611.582104748	0.000000000	4.706	0.028	0.614	0.238	2.140588	1	4294967295
7611.881520447	0.000000000	4.852	-0.122	0.601	0.181	2.237483	1	4294967295
7612.181014923	0.000000000	4.960	-0.298	0.578	0.122	2.403562	1	4294967295
7612.480340834	0.000000000	5.108	-0.481	0.568	0.065	2.376918	1	4294967295
7612.779924407	0.000000000	5.135	-0.680	0.525	0.009	2.621751	1	4294967295
7613.079508589	0.000000000	5.150	-0.938	0.483	-0.057	2.779475	1	4294967295
7613.379183343	0.000000000	5.203	-1.233	0.459	-0.128	2.576100	1	4294967295
7613.702425865	0.000000000	5.115	-1.445	0.402	-0.172	2.583200	1	4294967295
7614.002065095	0.000000000	4.986	-1.667	0.338	-0.215	2.653073	1	4294967295
7614.301613354	0.000000000	4.739	-1.939	0.246	-0.266	3.008189	1	4294967295
7614.600930596	0.000000000	4.466	-2.178	0.154	-0.304	2.968466	1	4294967295
7614.900343251	0.000000000	4.178	-2.396	0.065	-0.333	2.921310	1	4294967295
7615.178797416	0.000000000	3.967	-2.572	-0.000	-0.350	2.568235	1	4294967295
7615.479064947	0.000000000	3.688	-2.688	-0.078	-0.349	2.724397	1	4294967295
7615.779226670	0.000000000	3.452	-2.742	-0.138	-0.333	2.403923	1	4294967295
7616.079613179	0.000000000	3.119	-2.821	-0.220	-0.323	2.803321	1	4294967295
7616.379954254	0.000000000	2.820	-2.943	-0.285	-0.325	2.514296	1	4294967295
7616.680460136	0.000000000	2.386	-3.007	-0.384	-0.308	2.994921	1	4294967295
7616.980976270	0.000000000	1.978	-3.043	-0.468	-0.286	2.815377	1	4294967295
7617.281411484	0.000000000	1.606	-3.055	-0.536	-0.260	2.494803	1	4294967295
7617.582104043	0.000000000	1.243	-3.047	-0.597	-0.231	2.348853	1	4294967295
7617.882765793	0.000000000	0.965	-3.071	-0.629	-0.214	1.902199	1	4294967295
7618.183339644	0.000000000	0.617	-2.987	-0.680	-0.168	2.299046	1	4294967295
7618.483616982	0.000000000	0.335	-2.893	-0.709	-0.124	2.027810	1	4294967295
7618.784063316	0.000000000	0.067	-2.773	-0.731	-0.076	1.901038	1	4294967295
7619.084336706	0.000000000	-0.154	-2.665	-0.738	-0.036	1.705736	1	4294967295
7619.384708053	0.000000000	-0.350	-2.530	-0.737	0.008	1.749381	1	4294967295
7619.685097276	0.000000000	-0.519	-2.380	-0.727	0.052	1.709594	1	4294967295
7619.985059963	0.000000000	-0.649	-2.195	-0.707	0.102	1.841398	1	4294967295
7620.285012400	0.000000000	-0.724	-2.024	-0.672	0.143	1.880955	1	4294967295
7620.585007071	0.000000000	-0.773	-1.856	-0.632	0.179	1.887994	1	4294967295
7620.884853424	0.000000000	-0.635	-1.679	-0.540	0.211	3.551233	1	4294967295
7621.184394828	0.000000000	-0.599	-1.516	-0.486	0.240	2.170191	1	4294967295
7621.484170714	0.000000000	-0.378	-1.357	-0.383	0.262	3.703976	1	4294967295
7621.783785296	0.000000000	-0.333	-1.255	-0.341	0.271	1.868012	1	4294967295
7622.083287398	0.000000000	-0.252	-1.174	-0.292	0.273	1.958905	1	4294967295
7622.382696537	0.000000000	-0.051	-1.165	-0.214	0.254	2.284972	1	4294967295
7622.682158198	0.000000000	0.143	-1.192	-0.144	0.225	2.225592	1	4294967295
7622.981738180	0.000000000	0.358	-1.218	-0.074	0.200	2.264192	1	4294967295
7623.281139250	0.000000000	0.599	-1.242	-0.003	0.176	2.320219	1	4294967295
7623.580447529	0.000000000	0.842	-1.337	0.063	0.134	2.416735	1	4294967295
7623.879854546	0.000000000	1.044	-1.430	0.113	0.097	2.250468	1	4294967295
7624.179446811	0.000000000	1.257	-1.557	0.163	0.053	2.332645	1	4294967295
7624.478767568	0.000000000	1.503	-1.688	0.218	0.012	2.405406	1	4294967295
7624.778431702	0.000000000	1.762	-1.843	0.273	-0.033	2.408311	1	4294967295
7625.078047523	0.000000000	2.019	-2.022	0.322	-0.080	2.359077	1	4294967295
7625.377975030	0.000000000	2.277	-2.125	0.367	-0.102	2.012890	1	4294967295
7625.677909265	0.000000000	2.400	-2.241	0.371	-0.124	1.131834	1	4294967295
7625.978005051	0.000000000	2.551	-2.392	0.382	-0.154	1.282620	1	4294967295
7626.278394875	0.000000000	2.687	-2.463	0.387	-0.160	0.682608	1	4294967295
7626.578833058	0.000000000	2.942	-2.613	0.424	-0.187	1.357348	1	4294967295
7626.879479173	0.000000000	3.251	-2.663	0.470	-0.187	1.443023	1	4294967295
7627.179791324	0.000000000	3.518	-2.658	0.501	-0.172	1.244976	1	4294967295
7627.480557910	0.000000000	3.974	-2.462	0.574	-0.113	3.031625	1	4294967295
7627.781256098	0.000000000	4.385	-2.221	0.629	-0.046	2.958768	1	4294967295
7628.081816366	0.000000000	4.572	-2.045	0.625	0.005	1.860433	1	4294967295
7628.382337658	0.000000000	4.736	-1.840	0.614	0.059	2.062538	1	4294967295
7628.683066143	0.000000000	4.864	-1.644	0.596	0.108	2.154676	1	4294967295
7628.983549602	0.000000000	4.896	-1.369	0.553	0.177	2.740666	1	4294967295
7629.283882874	0.000000000	4.877	-1.089	0.499	0.241	2.860676	1	4294967295
7629.584447942	0.000000000	4.783	-0.767	0.430	0.312	3.088990	1	4294967295
7629.884870374	0.000000000	4.648	-0.456	0.354	0.376	3.173211	1	4294967295
7630.185201693	0.000000000	4.475	-0.178	0.274	0.425	3.101525	1	4294967295
7630.485363314	0.000000000	4.265	0.061	0.190	0.460	3.063481	1	4294967295
7630.785269512	0.000000000	4.033	0.258	0.106	0.482	2.939524	1	4294967295
7631.084817443	0.000000000	3.922	0.370	0.063	0.477	2.195743	1	4294967295
7631.384452476	0.000000000	3.678	0.374	-0.013	0.447	2.684215	1	4294967295
7631.684051836	0.000000000	3.487	0.377	-0.067	0.417	2.373219	1	4294967295
7631.983420269	0.000000000	3.321	0.394	-0.109	0.391	2.048705	1	4294967295
7632.282699444	0.000000000	3.095	0.285	-0.163	0.334	2.585021	1	4294967295
7632.582212368	0.000000000	2.993	0.100	-0.177	0.260	3.733685	1	4294967295
7632.881828364	0.000000000	2.770	-0.053	-0.224	0.201	2.516752	1	4294967295
7633.181459887	0.000000000	2.501	-0.243	-0.279	0.135	2.616085	1	4294967295
7633.481217478	0.000000000	2.241	-0.418	-0.327	0.079	2.418934	1	4294967295
7633.780759896	0.000000000	2.169	-0.759	-0.319	-0.018	3.897266	1	4294967295
7634.080729166	0.000000000	2.052	-1.077	-0.324	-0.101	3.760918	1	4294967295
7634.380517191	0.000000000	1.827	-1.302	-0.360	-0.154	2.182075	1	4294967295
7634.680229397	0.000000000	1.633	-1.492	-0.384	-0.193	1.773494	1	4294967295
7634.993329377	0.000000000	1.399	-1.632	-0.415	-0.216	1.457066	1	4294967295
7635.280508065	0.000000000	1.202	-1.838	-0.436	-0.255	1.584749	1	4294967295
7635.580784459	0.000000000	0.981	-2.016	-0.462	-0.282	1.473190	1	4294967295
7635.881244055	0.000000000	0.760	-2.171	-0.486	-0.301	1.186393	1	4294967295
7636.181423580	0.000000000	0.528	-2.333	-0.514	-0.319	1.336121	1	4294967295
7636.482062991	0.000000000	0.310	-2.451	-0.536	-0.323	1.119356	1	4294967295
7636.782518088	0.000000000	0.083	-2.510	-0.558	-0.311	1.204663	1	4294967295
7637.082903540	0.000000000	-0.126	-2.534	-0.574	-0.289	1.208407	1	4294967295
7637.383184601	0.000000000	-0.304	-2.526	-0.580	-0.260	1.227393	1	4294967295
7637.683670585	0.000000000	-0.454	-2.474	-0.576	-0.222	1.460926	1	4294967295
7637.983593962	0.000000000	-0.560	-2.435	-0.560	-0.190	1.473668	1	4294967295
7638.283654175	0.000000000	-0.645	-2.324	-0.540	-0.141	1.780450	1	4294967295
7638.583654537	0.000000000	-0.693	-2.206	-0.510	-0.095	1.815327	1	4294967295
7638.883566382	0.000000000	-0.699	-2.060	-0.471	-0.044	2.119598	1	4294967295
7639.183484670	0.000000000	-0.528	-1.897	-0.383	0.002	3.622782	1	4294967295
7639.483323035	0.000000000	-0.476	-1.748	-0.338	0.044	2.184423	1	4294967295
7639.783391072	0.000000000	-0.275	-1.604	-0.254	0.079	3.665738	1	4294967295
7640.383021833	0.000000000	0.012	-1.411	-0.136	0.116	3.906177	1	4294967295
7640.682900210	0.000000000	0.555	-1.250	0.023	0.146	4.469724	1	4294967295
7640.999341094	0.000000000	1.025	-1.064	0.150	0.182	4.103978	1	4294967295
7641.283155413	0.000000000	1.328	-0.916	0.221	0.210	3.063310	1	4294967295
7641.583204221	0.000000000	1.616	-0.810	0.282	0.222	2.819023	1	4294967295
7641.883564555	0.000000000	1.914	-0.635	0.341	0.252	2.736298	1	4294967295
7642.183811542	0.000000000	2.088	-0.446	0.361	0.284	1.412479	1	4294967295
7642.483784037	0.000000000	2.271	-0.262	0.382	0.312	1.319577	1	4294967295
7642.783665914	0.000000000	2.513	-0.120	0.416	0.326	1.201716	1	4294967295
7643.083517062	0.000000000	2.758	0.005	0.448	0.334	1.067530	1	4294967295
7643.383305651	0.000000000	3.005	0.144	0.477	0.346	1.108347	1	4294967295
7643.682980217	0.000000000	3.243	0.225	0.501	0.341	0.972228	1	4294967295
7643.982599725	0.000000000	3.496	0.259	0.527	0.325	1.025059	1	4294967295
7644.282032970	0.000000000	3.741	0.246	0.549	0.298	1.130445	1	4294967295
7644.581507279	0.000000000	3.952	0.215	0.560	0.268	1.227663	1	4294967295
7644.881273294	0.000000000	4.162	0.150	0.569	0.231	1.340446	1	4294967295
7645.180876156	0.000000000	4.359	0.050	0.574	0.188	1.485701	1	4294967295
7645.480136282	0.000000000	4.545	-0.103	0.576	0.135	1.795127	1	4294967295
7645.779794455	0.000000000	4.690	-0.251	0.566	0.086	1.804726	1	4294967295
7646.079313929	0.000000000	4.794	-0.411	0.545	0.038	1.907668	1	4294967295
7646.378766483	0.000000000	4.860	-0.600	0.515	-0.015	2.117547	1	4294967295
7646.678106146	0.000000000	4.934	-0.790	0.490	-0.063	2.132309	1	4294967295
7646.977712543	0.000000000	4.929	-1.025	0.444	-0.119	2.447305	1	4294967295
7647.277375521	0.000000000	4.944	-1.269	0.408	-0.173	2.392924	1	4294967295
7647.576990826	0.000000000	4.884	-1.515	0.354	-0.224	2.590499	1	4294967295
7647.876766974	0.000000000	4.786	-1.746	0.295	-0.266	2.582708	1	4294967295
7648.176503117	0.000000000	4.676	-1.971	0.237	-0.304	2.550529	1	4294967295
7648.476767037	0.000000000	4.471	-2.152	0.159	-0.327	2.662741	1	4294967295
7648.776822877	0.000000000	4.224	-2.305	0.076	-0.340	2.771466	1	4294967295
7649.076799501	0.000000000	3.880	-2.424	-0.026	-0.342	2.995743	1	4294967295
7649.377025234	0.000000000	3.654	-2.517	-0.089	-0.338	2.427074	1	4294967295
7649.677371850	0.000000000	3.370	-2.560	-0.162	-0.320	2.548251	1	4294967295
7649.977726698	0.000000000	3.187	-2.562	-0.202	-0.292	2.587137	1	4294967295
7650.278133205	0.000000000	2.922	-2.584	-0.261	-0.272	2.486951	1	4294967295
7650.578482586	0.000000000	2.638	-2.602	-0.320	-0.250	2.440604	1	4294967295
7650.879017991	0.000000000	2.437	-2.623	-0.349	-0.234	1.737579	1	4294967295
7651.179516405	0.000000000	2.150	-2.555	-0.400	-0.193	2.279736	1	4294967295
7651.479953764	0.000000000	1.857	-2.525	-0.447	-0.165	2.082944	1	4294967295
7651.780491676	0.000000000	1.463	-2.507	-0.518	-0.140	2.346781	1	4294967295
7652.080955765	0.000000000	1.088	-2.474	-0.579	-0.113	2.207438	1	4294967295
7652.381520050	0.000000000	0.702	-2.464	-0.640	-0.093	2.307218	1	4294967295
7652.681735830	0.000000000	0.369	-2.425	-0.683	-0.067	2.034061	1	4294967295
7652.982135286	0.000000000	0.086	-2.362	-0.711	-0.039	1.646953	1	4294967295
7653.282237211	0.000000000	-0.130	-2.273	-0.719	-0.007	1.510165	1	4294967295
7653.582325584	0.000000000	-0.297	-2.182	-0.712	0.021	1.323642	1	4294967295
7653.882375168	0.000000000	-0.468	-2.123	-0.705	0.038	1.143725	1	4294967295
7654.182109739	0.000000000	-0.546	-2.014	-0.675	0.066	1.494086	1	4294967295
7654.481794329	0.000000000	-0.582	-1.906	-0.635	0.091	1.701022	1	4294967295
7654.781582961	0.000000000	-0.592	-1.787	-0.590	0.116	1.838510	1	4294967295
7655.081365063	0.000000000	-0.573	-1.667	-0.540	0.140	1.957277	1	4294967295
7655.381322871	0.000000000	-0.446	-1.557	-0.464	0.157	2.473672	1	4294967295
7655.680934284	0.000000000	-0.453	-1.496	-0.431	0.163	1.839618	1	4294967295
-1.000000000	0.000000000	0.000	0.000	0.000	0.000	0.000000	0	0
-1.000000000	0.000000000	0.000	0.000	0.000	0.000	0.000000	0	0
-1.000000000	0.000000000	0.000	0.000	0.000	0.000	0.000000	0	0
-1.000000000	0.000000000	0.000	0.000	0.000	0.000	0.000000	0	0
7657.187631042	0.000000000	-0.230	-1.222	-0.338	0.223	3.840292	1	4294967295
7657.482470893	0.000000000	0.027	-0.949	-0.245	0.280	3.666119	1	4294967295
7657.782525271	0.000000000	0.307	-0.626	-0.152	0.343	3.549732	1	4294967295
7658.082638020	0.000000000	0.461	-0.399	-0.100	0.378	2.643817	1	4294967295
7658.382715524	0.000000000	0.934	-0.173	0.028	0.407	3.485363	1	4294967295
7658.682808292	0.000000000	1.202	0.096	0.095	0.447	2.597585	1	4294967295
7658.982632480	0.000000000	1.667	0.247	0.203	0.453	2.893173	1	4294967295
7659.282350388	0.000000000	2.167	0.364	0.312	0.450	2.673448	1	4294967295
7659.582024758	0.000000000	2.596	0.383	0.393	0.423	2.232247	1	4294967295
7659.881611653	0.000000000	2.992	0.357	0.461	0.386	2.018480	1	4294967295
7660.181021060	0.000000000	3.264	0.342	0.492	0.353	1.634293	1	4294967295
7660.480677474	0.000000000	3.553	0.306	0.527	0.318	1.717443	1	4294967295
7660.780265159	0.000000000	3.822	0.240	0.554	0.277	1.740418	1	4294967295
7661.079659092	0.000000000	4.082	0.142	0.577	0.231	1.876113	1	4294967295
7661.379130640	0.000000000	4.290	-0.017	0.583	0.172	2.032656	1	4294967295
7661.678718098	0.000000000	4.483	-0.175	0.586	0.117	2.015287	1	4294967295
7661.978330305	0.000000000	4.674	-0.360	0.589	0.060	2.076960	1	4294967295
7662.277598134	0.000000000	4.821	-0.556	0.579	0.004	2.229488	1	4294967295
7662.577270607	0.000000000	5.004	-0.728	0.580	-0.042	1.809147	1	4294967295
7662.876912846	0.000000000	5.172	-0.896	0.578	-0.082	1.723613	1	4294967295
7663.176561351	0.000000000	5.261	-1.069	0.554	-0.120	1.927163	1	4294967295
7663.476138544	0.000000000	5.247	-1.306	0.506	-0.171	2.407291	1	4294967295
7663.775735039	0.000000000	5.104	-1.530	0.427	-0.213	2.631581	1	4294967295
7664.075663394	0.000000000	4.942	-1.771	0.351	-0.255	2.627164	1	4294967295
7664.375570641	0.000000000	4.597	-2.051	0.234	-0.302	3.172053	1	4294967295
7664.675579725	0.000000000	4.284	-2.277	0.133	-0.331	2.989826	1	4294967295
7664.975491527	0.000000000	4.044	-2.410	0.058	-0.335	2.506904	1	4294967295
7665.275689955	0.000000000	3.878	-2.492	0.008	-0.327	2.044490	1	4294967295
7665.575761820	0.000000000	3.750	-2.568	-0.029	-0.319	1.905729	1	4294967295
7665.894808731	0.000000000	3.400	-2.625	-0.120	-0.303	2.673204	1	4294967295
7666.194290656	0.000000000	3.085	-2.678	-0.196	-0.287	2.564251	1	4294967295
7666.493678157	0.000000000	2.725	-2.742	-0.279	-0.274	2.559686	1	4294967295
7666.793069637	0.000000000	2.418	-2.784	-0.344	-0.257	2.334665	1	4294967295
7667.077118062	0.000000000	2.187	-2.738	-0.385	-0.221	1.993483	1	4294967295
7667.377267010	0.000000000	1.996	-2.707	-0.412	-0.191	1.803611	1	4294967295
7667.677799463	0.000000000	1.770	-2.650	-0.446	-0.156	1.808178	1	4294967295
7667.978277175	0.000000000	1.587	-2.634	-0.464	-0.136	1.494567	1	4294967295
7668.278729344	0.000000000	1.424	-2.511	-0.478	-0.090	1.802410	1	4294967295
7668.578731263	0.000000000	1.329	-2.263	-0.467	-0.019	2.980109	1	4294967295
7668.879463108	0.000000000	1.267	-1.998	-0.448	0.050	2.906881	1	4294967295
7669.179850242	0.000000000	1.272	-1.655	-0.416	0.133	3.003586	1	4294967295
7669.480321434	0.000000000	1.286	-1.355	-0.382	0.199	2.813059	1	4294967295
7669.780685269	0.000000000	1.248	-1.143	-0.369	0.242	1.755027	1	4294967295
7670.081204143	0.000000000	1.231	-0.956	-0.350	0.274	1.618809	1	4294967295
7670.381857989	0.000000000	1.311	-0.569	-0.304	0.350	2.934220	1	4294967295
7670.682424010	0.000000000	1.295	-0.330	-0.290	0.388	1.698046	1	4294967295
7670.983158668	0.000000000	1.273	-0.077	-0.279	0.426	1.681244	1	4294967295
7671.284059626	0.000000000	1.253	0.215	-0.268	0.471	1.706884	1	4294967295
7671.588540557	0.000000000	1.188	0.452	-0.268	0.499	1.415056	1	4294967295
7671.887680860	0.000000000	1.030	0.669	-0.292	0.522	1.475577	1	4294967295
7672.186935370	0.000000000	0.854	0.811	-0.318	0.523	1.228302	1	4294967295
7672.485572709	0.000000000	0.644	0.929	-0.352	0.517	1.378973	1	4294967295
7672.785571096	0.000000000	0.447	0.990	-0.379	0.496	1.419837	1	4294967295
7673.085092983	0.000000000	0.242	1.024	-0.407	0.468	1.551931	1	4294967295
7673.384949150	0.000000000	0.036	1.017	-0.433	0.431	1.692720	1	4294967295
7673.684866491	0.000000000	-0.135	0.939	-0.447	0.378	1.904648	1	4294967295
7673.985197077	0.000000000	-0.258	0.795	-0.447	0.312	2.045475	1	4294967295
7674.282978534	0.000000000	-0.345	0.573	-0.440	0.232	2.319487	1	4294967295
7674.581674447	0.000000000	-0.339	0.297	-0.410	0.146	2.561009	1	4294967295
7674.880956666	0.000000000	-0.324	0.067	-0.378	0.079	2.460240	1	4294967295
7675.180258869	0.000000000	-0.288	-0.177	-0.342	0.012	2.477640	1	4294967295
7675.479448947	0.000000000	-0.253	-0.495	-0.308	-0.069	2.796702	1	4294967295
7675.778343900	0.000000000	-0.232	-0.667	-0.279	-0.107	2.245933	1	4294967295
7676.077721272	0.000000000	-0.077	-1.071	-0.216	-0.202	3.125014	1	4294967295
7676.377041909	0.000000000	0.106	-1.455	-0.150	-0.284	3.114567	1	4294967295
7676.676075118	0.000000000	0.314	-1.716	-0.081	-0.329	2.905708	1	4294967295
7676.975494014	0.000000000	0.544	-1.931	-0.012	-0.359	2.759398	1	4294967295
7677.274960712	0.000000000	0.809	-2.152	0.061	-0.388	2.800147	1	4294967295
7677.574531849	0.000000000	1.108	-2.391	0.138	-0.419	2.892069	1	4294967295
7677.874361993	0.000000000	1.364	-2.565	0.196	-0.431	2.476488	1	4294967295
7678.174134341	0.000000000	1.595	-2.731	0.243	-0.440	2.137480	1	4294967295
7678.474571540	0.000000000	1.750	-2.849	0.265	-0.436	1.385373	1	4294967295
7678.774927511	0.000000000	1.874	-2.947	0.276	-0.427	0.939925	1	4294967295
7679.075305749	0.000000000	2.072	-3.111	0.306	-0.435	1.651420	1	4294967295
7679.376023832	0.000000000	2.265	-3.205	0.331	-0.425	1.692731	1	4294967295
7679.676718501	0.000000000	2.578	-3.240	0.386	-0.401	2.438220	1	4294967295
7679.977336668	0.000000000	3.031	-3.186	0.470	-0.357	3.058249	1	4294967295
7680.278211933	0.000000000	3.419	-3.053	0.531	-0.297	2.994429	1	4294967295
7680.578920436	0.000000000	3.916	-2.758	0.613	-0.202	3.362143	1	4294967295
7680.879587917	0.000000000	4.250	-2.448	0.649	-0.109	3.158964	1	4294967295
7681.180212459	0.000000000	4.465	-2.073	0.651	-0.006	3.371478	1	4294967295
7681.480887502	0.000000000	4.537	-1.657	0.617	0.102	3.570430	1	4294967295
7681.795837428	0.000000000	4.480	-1.260	0.551	0.201	3.758355	1	4294967295
7682.094877511	0.000000000	4.380	-0.887	0.476	0.287	3.763547	1	4294967295
7682.382295344	0.000000000	4.202	-0.586	0.388	0.346	3.587042	1	4294967295
7682.682436338	0.000000000	3.970	-0.310	0.289	0.395	3.724997	1	4294967295
7682.982431542	0.000000000	3.690	-0.073	0.183	0.430	3.825282	1	4294967295
7683.282603402	0.000000000	3.388	0.140	0.078	0.457	3.701283	1	4294967295
7683.582581334	0.000000000	3.052	0.313	-0.029	0.471	3.725706	1	4294967295
7683.882547775	0.000000000	2.707	0.438	-0.131	0.471	3.504308	1	4294967295
7684.182522834	0.000000000	2.351	0.516	-0.227	0.458	3.358648	1	4294967295
7684.482374067	0.000000000	2.010	0.621	-0.310	0.452	2.991800	1	4294967295
7684.782227096	0.000000000	1.641	0.581	-0.394	0.410	3.185182	1	4294967295
7685.082021895	0.000000000	1.264	0.472	-0.470	0.352	3.031500	1	4294967295
7685.381776674	0.000000000	0.905	0.323	-0.534	0.287	2.892308	1	4294967295
7685.681334245	0.000000000	0.574	0.133	-0.584	0.216	2.862548	1	4294967295
7685.980848870	0.000000000	0.285	-0.093	-0.618	0.141	2.788740	1	4294967295
7686.280403143	0.000000000	0.037	-0.353	-0.636	0.060	2.740999	1	4294967295
7686.579308033	0.000000000	-0.161	-0.659	-0.638	-0.026	2.909431	1	4294967295
7686.878686107	0.000000000	-0.306	-0.989	-0.625	-0.114	2.930705	1	4294967295
7687.178056835	0.000000000	-0.378	-1.253	-0.595	-0.176	2.725106	1	4294967295
7687.477414955	0.000000000	-0.410	-1.547	-0.555	-0.243	2.852725	1	4294967295
7687.776599609	0.000000000	-0.345	-1.819	-0.487	-0.298	2.928238	1	4294967295
7688.075907616	0.000000000	-0.242	-2.117	-0.415	-0.357	3.053295	1	4294967295
7688.375214938	0.000000000	-0.116	-2.359	-0.344	-0.395	2.959817	1	4294967295
7688.674324452	0.000000000	0.075	-2.548	-0.263	-0.415	2.989749	1	4294967295
7688.973865642	0.000000000	0.293	-2.762	-0.181	-0.441	3.031404	1	4294967295
7689.273565063	0.000000000	0.544	-2.988	-0.096	-0.468	3.073032	1	4294967295
7689.573191954	0.000000000	0.836	-3.205	-0.007	-0.490	3.102805	1	4294967295
7689.873247139	0.000000000	1.161	-3.381	0.084	-0.500	2.995591	1	4294967295
7690.173189944	0.000000000	1.368	-3.505	0.133	-0.495	2.198240	1	4294967295
7690.473503037	0.000000000	1.594	-3.683	0.182	-0.502	2.174232	1	4294967295
7690.773837236	0.000000000	1.899	-3.682	0.249	-0.466	2.302074	1	4294967295
7691.073988990	0.000000000	2.067	-3.630	0.272	-0.418	1.824861	1	4294967295
7691.374257075	0.000000000	2.155	-3.566	0.271	-0.369	1.690986	1	4294967295
7691.674543797	0.000000000	2.184	-3.522	0.254	-0.327	1.771410	1	4294967295
7691.975059009	0.000000000	2.118	-3.440	0.212	-0.275	2.227329	1	4294967295
7692.275316101	0.000000000	1.997	-3.443	0.158	-0.249	2.199874	1	4294967295
7692.576120596	0.000000000	1.825	-3.375	0.094	-0.205	2.616396	1	4294967295
7692.889012863	0.000000000	1.630	-3.368	0.029	-0.179	2.610983	1	4294967295
7693.188169317	0.000000000	1.403	-3.293	-0.041	-0.137	2.825251	1	4294967295
7693.487312865	0.000000000	1.157	-3.199	-0.111	-0.094	2.901727	1	4294967295
7693.778356737	0.000000000	0.904	-3.080	-0.176	-0.049	2.753972	1	4294967295
7694.078895161	0.000000000	0.706	-2.944	-0.220	-0.005	2.353799	1	4294967295
7694.378968895	0.000000000	0.518	-2.800	-0.259	0.038	2.172454	1	4294967295
7694.679018894	0.000000000	0.357	-2.660	-0.286	0.076	1.709171	1	4294967295
7694.978849045	0.000000000	0.247	-2.494	-0.297	0.117	1.490013	1	4294967295
7695.278564863	0.000000000	0.159	-2.404	-0.299	0.134	0.994634	1	4294967295
7695.578104113	0.000000000	0.128	-2.337	-0.285	0.143	0.828895	1	4294967295
7695.877312120	0.000000000	0.152	-2.261	-0.258	0.153	1.079364	1	4294967295
7696.176625043	0.000000000	0.252	-2.206	-0.211	0.156	1.413049	1	4294967295
7696.476155922	0.000000000	0.365	-2.192	-0.164	0.148	1.580668	1	4294967295
7696.775749811	0.000000000	0.468	-2.154	-0.125	0.148	1.645288	1	4294967295
7697.075585616	0.000000000	0.548	-2.081	-0.096	0.158	1.537221	1	4294967295
7697.375892977	0.000000000	0.841	-2.168	-0.010	0.122	3.807429	1	4294967295
7697.676485319	0.000000000	1.117	-2.173	0.063	0.110	3.561426	1	4294967295
7697.977163362	0.000000000	1.311	-1.962	0.109	0.157	1.862738	1	4294967295
7698.289263920	0.000000000	1.431	-1.745	0.132	0.202	1.655997	1	4294967295
7698.588609791	0.000000000	1.499	-1.514	0.139	0.249	1.621099	1	4294967295
7698.887574755	0.000000000	1.538	-1.309	0.137	0.285	1.529291	1	4294967295
7699.179632378	0.000000000	1.472	-1.040	0.108	0.335	1.841332	1	4294967295
7699.480547092	0.000000000	1.382	-0.781	0.075	0.378	1.851778	1	4294967295
7699.781243013	0.000000000	1.241	-0.543	0.031	0.412	1.965841	1	4294967295
7700.083901209	0.000000000	1.071	-0.382	-0.019	0.424	1.952451	1	4294967295
7700.381871719	0.000000000	0.849	-0.290	-0.079	0.415	2.007916	1	4294967295
7700.681734550	0.000000000	0.633	-0.216	-0.132	0.402	1.953999	1	4294967295
7700.980925681	0.000000000	0.429	-0.220	-0.180	0.369	1.973028	1	4294967295
7701.280166301	0.000000000	0.301	-0.246	-0.203	0.334	1.723435	1	4294967295
7701.579431705	0.000000000	0.204	-0.326	-0.215	0.286	1.797964	1	4294967295
7701.878466680	0.000000000	0.108	-0.441	-0.225	0.231	1.999582	1	4294967295
7702.177617193	0.000000000	0.067	-0.494	-0.218	0.198	1.589733	1	4294967295
7702.476989049	0.000000000	0.136	-0.626	-0.181	0.146	2.192360	1	4294967295
7702.776170259	0.000000000	0.218	-0.718	-0.143	0.111	2.134823	1	4294967295
7703.075838529	0.000000000	0.316	-0.811	-0.105	0.078	2.086741	1	4294967295
7703.375662394	0.000000000	0.377	-0.889	-0.082	0.053	1.734115	1	4294967295
7703.675665080	0.000000000	0.534	-1.051	-0.032	0.007	2.294068	1	4294967295
7703.975805141	0.000000000	0.712	-1.202	0.017	-0.030	2.090627	1	4294967295
7704.276251967	0.000000000	0.911	-1.245	0.068	-0.037	1.949271	1	4294967295
7704.577168063	0.000000000	1.250	-1.274	0.154	-0.040	2.366409	1	4294967295
7704.878024686	0.000000000	1.569	-1.131	0.227	0.001	2.354708	1	4294967295
7705.178668674	0.000000000	1.789	-0.933	0.268	0.053	2.067164	1	4294967295
7705.479604007	0.000000000	1.945	-0.699	0.288	0.110	2.012362	1	4294967295
7705.780458564	0.000000000	2.041	-0.459	0.289	0.165	1.993710	1	4294967295
7706.080995730	0.000000000	2.030	-0.206	0.261	0.220	2.082352	1	4294967295
7706.381436982	0.000000000	1.986	0.015	0.226	0.263	2.031364	1	4294967295
7706.681674154	0.000000000	1.852	0.192	0.169	0.292	2.094081	1	4294967295
7706.981400704	0.000000000	1.740	0.312	0.123	0.302	1.699927	1	4294967295
7707.280141067	0.000000000	1.636	0.359	0.083	0.293	1.495666	1	4294967295
7707.579395478	0.000000000	1.526	0.278	0.044	0.251	1.889140	1	4294967295
7707.878325875	0.000000000	1.451	0.137	0.019	0.195	1.992190	1	4294967295
7708.177449720	0.000000000	1.402	-0.037	0.004	0.134	2.070483	1	4294967295
7708.476802397	0.000000000	1.452	-0.175	0.018	0.087	1.876001	1	4294967295
7708.775772301	0.000000000	1.502	-0.284	0.029	0.052	1.761220	1	4294967295
7709.075476215	0.000000000	1.511	-0.450	0.030	0.003	1.900551	1	4294967295
7709.375495412	0.000000000	1.548	-0.604	0.039	-0.039	1.674264	1	4294967295
7709.675301786	0.000000000	1.591	-0.770	0.048	-0.080	1.444036	1	4294967295
7709.975875140	0.000000000	1.768	-0.863	0.091	-0.099	1.447962	1	4294967295
7710.276472844	0.000000000	1.957	-0.919	0.133	-0.106	1.301080	1	4294967295
7710.577375518	0.000000000	2.179	-0.873	0.179	-0.087	1.412354	1	4294967295
7710.878053767	0.000000000	2.294	-0.835	0.194	-0.071	1.045039	1	4294967295
7711.178469280	0.000000000	2.362	-0.808	0.197	-0.059	0.734313	1	4294967295
7711.478748125	0.000000000	2.484	-0.726	0.213	-0.035	1.135165	1	4294967295
7711.778689520	0.000000000	2.633	-0.659	0.235	-0.017	0.990542	1	4294967295
7712.078950623	0.000000000	2.794	-0.481	0.255	0.028	1.341085	1	4294967295
7712.378881199	0.000000000	2.922	-0.357	0.266	0.056	0.991648	1	4294967295
7712.678561824	0.000000000	3.098	-0.190	0.286	0.092	1.014211	1	4294967295
7712.978856756	0.000000000	3.201	-0.074	0.288	0.115	0.801583	1	4294967295
7713.278626732	0.000000000	3.204	-0.018	0.265	0.122	0.789783	1	4294967295
7713.577936953	0.000000000	3.169	-0.023	0.234	0.114	1.109950	1	4294967295
7713.877312192	0.000000000	3.109	-0.046	0.200	0.102	1.226684	1	4294967295
7714.176928463	0.000000000	3.016	-0.092	0.160	0.085	1.505834	1	4294967295
7714.476634224	0.000000000	2.875	-0.236	0.109	0.044	2.001004	1	4294967295
7714.775966390	0.000000000	2.736	-0.421	0.064	-0.005	2.211154	1	4294967295
7715.087828052	0.000000000	2.601	-0.603	0.024	-0.051	2.082884	1	4294967295
7715.389446279	0.000000000	2.464	-0.820	-0.012	-0.104	2.156402	1	4294967295
7715.687605103	0.000000000	2.376	-0.938	-0.035	-0.126	1.612454	1	4294967295
7715.987338685	0.000000000	2.270	-1.075	-0.061	-0.152	1.686431	1	4294967295
7716.286922246	0.000000000	2.147	-1.226	-0.089	-0.180	1.697381	1	4294967295
7716.586293001	0.000000000	2.000	-1.397	-0.122	-0.210	1.778939	1	4294967295
7716.885655832	0.000000000	1.843	-1.563	-0.154	-0.236	1.574477	1	4294967295
7717.187177286	0.000000000	1.566	-1.831	-0.214	-0.287	1.975920	1	4294967295
7717.486479809	0.000000000	1.346	-1.964	-0.253	-0.300	1.368994	1	4294967295
7717.786569466	0.000000000	1.118	-2.031	-0.293	-0.295	1.130431	1	4294967295
7718.085997300	0.000000000	0.947	-2.065	-0.314	-0.282	0.878283	1	4294967295
7718.386329374	0.000000000	0.834	-2.095	-0.320	-0.268	0.701778	1	4294967295
7718.685650160	0.000000000	0.754	-2.114	-0.318	-0.252	0.716645	1	4294967295
7718.985937485	0.000000000	0.703	-2.133	-0.308	-0.237	0.696778	1	4294967295
7719.274663690	0.000000000	0.775	-2.189	-0.269	-0.230	1.176463	1	4294967295
7719.573841855	0.000000000	0.973	-2.251	-0.202	-0.224	1.883297	1	4294967295
7719.874169186	0.000000000	1.192	-2.232	-0.132	-0.198	2.274581	1	4294967295
7720.174865403	0.000000000	1.330	-2.138	-0.086	-0.156	2.151352	1	4294967295
7720.475228696	0.000000000	1.492	-2.151	-0.038	-0.145	3.230582	1	4294967295
7720.787863956	0.000000000	1.481	-2.091	-0.039	-0.117	1.058522	1	4294967295
7721.087502460	0.000000000	1.426	-2.089	-0.051	-0.106	0.779712	1	4294967295
7721.386174125	0.000000000	1.333	-2.048	-0.074	-0.085	1.268446	1	4294967295
7721.685012288	0.000000000	1.206	-1.961	-0.104	-0.053	1.728836	1	4294967295
7721.976399002	0.000000000	1.159	-1.858	-0.110	-0.019	1.511407	1	4294967295
7722.286063865	0.000000000	1.121	-1.666	-0.112	0.036	1.772183	1	4294967295
7722.587444833	0.000000000	1.175	-1.559	-0.089	0.063	1.183200	1	4294967295
7722.887564419	0.000000000	1.215	-1.534	-0.071	0.065	0.668400	1	4294967295
7723.187759626	0.000000000	1.253	-1.523	-0.056	0.063	0.640985	1	4294967295
7723.473730688	0.000000000	1.408	-1.576	-0.013	0.048	1.368430	1	4294967295
7723.774113358	0.000000000	1.571	-1.564	0.031	0.050	1.491597	1	4294967295
7724.074357922	0.000000000	1.758	-1.551	0.078	0.052	1.554811	1	4294967295
7724.375276273	0.000000000	1.900	-1.461	0.111	0.074	1.422516	1	4294967295
7724.676095512	0.000000000	1.974	-1.347	0.121	0.100	1.131140	1	4294967295
7724.976341776	0.000000000	1.989	-1.072	0.118	0.164	2.754766	1	4294967295
7725.276421321	0.000000000	1.868	-0.968	0.073	0.180	1.554534	1	4294967295
7725.575518113	0.000000000	1.780	-0.986	0.040	0.162	1.329783	1	4294967295
7725.874797338	0.000000000	1.758	-1.027	0.029	0.139	1.011652	1	4294967295
7726.174138860	0.000000000	1.769	-1.128	0.030	0.101	1.255123	1	4294967295
7726.473314298	0.000000000	1.746	-1.292	0.019	0.050	1.667528	1	4294967295
7726.772555724	0.000000000	1.752	-1.490	0.019	-0.006	1.883967	1	4294967295
7727.072252728	0.000000000	1.760	-1.756	0.020	-0.077	2.112913	1	4294967295
7727.372459830	0.000000000	1.709	-2.033	0.005	-0.145	2.214681	1	4294967295
7727.673302534	0.000000000	1.585	-2.256	-0.030	-0.193	2.051133	1	4294967295
7727.974072694	0.000000000	1.430	-2.427	-0.070	-0.222	1.747355	1	4294967295
7728.274557067	0.000000000	1.270	-2.459	-0.110	-0.211	1.289819	1	4294967295
7728.574655151	0.000000000	1.164	-2.451	-0.132	-0.190	1.078306	1	4294967295
7728.874525859	0.000000000	1.094	-2.444	-0.142	-0.171	0.794878	1	4294967295
7729.174314370	0.000000000	1.048	-2.461	-0.144	-0.160	0.562429	1	4294967295
7729.474977462	0.000000000	0.990	-2.422	-0.151	-0.135	0.828860	1	4294967295
7729.775762650	0.000000000	0.937	-2.310	-0.156	-0.092	1.365900	1	4294967295
7730.076188337	0.000000000	0.901	-2.151	-0.156	-0.040	1.627605	1	4294967295
7730.376533763	0.000000000	0.878	-1.956	-0.153	0.017	1.858059	1	4294967295
7730.677306985	0.000000000	0.882	-1.732	-0.142	0.078	2.085756	1	4294967295
7730.978241925	0.000000000	0.858	-1.449	-0.140	0.150	2.333314	1	4294967295
7731.278710752	0.000000000	0.850	-1.149	-0.133	0.221	2.334061	1	4294967295
7731.579181574	0.000000000	0.850	-0.861	-0.124	0.283	2.199067	1	4294967295
7731.879359252	0.000000000	0.885	-0.569	-0.105	0.341	2.147076	1	4294967295
7732.179380401	0.000000000	0.956	-0.282	-0.077	0.392	1.913978	1	4294967295
7732.479336288	0.000000000	1.093	-0.008	-0.032	0.434	1.904029	1	4294967295
7732.779121181	0.000000000	1.276	0.242	0.023	0.466	1.958702	1	4294967295
7733.079166814	0.000000000	1.459	0.454	0.072	0.485	1.836762	1	4294967295
7733.378801601	0.000000000	1.683	0.634	0.130	0.494	1.898016	1	4294967295
7733.678733787	0.000000000	1.941	0.777	0.194	0.491	2.015510	1	4294967295
7733.978320621	0.000000000	2.184	0.951	0.247	0.498	1.931852	1	4294967295
7734.278171861	0.000000000	2.419	1.057	0.294	0.485	1.968124	1	4294967295
7734.577644195	0.000000000	2.713	1.104	0.354	0.458	2.202370	1	4294967295
7734.877609704	0.000000000	2.977	1.119	0.400	0.425	2.072731	1	4294967295
7735.176194044	0.000000000	3.259	1.068	0.446	0.377	2.344898	1	4294967295
7735.475563740	0.000000000	3.525	0.974	0.483	0.322	2.301742	1	4294967295
7735.774940168	0.000000000	3.789	0.825	0.515	0.256	2.487672	1	4294967295
7736.074238872	0.000000000	3.996	0.682	0.528	0.198	2.388308	1	4294967295
7736.373510811	0.000000000	4.302	0.386	0.567	0.104	2.897347	1	4294967295
7736.673091214	0.000000000	4.576	0.109	0.594	0.023	2.727019	1	4294967295
7736.972247800	0.000000000	4.787	-0.112	0.601	-0.037	2.393995	1	4294967295
7737.271808331	0.000000000	4.962	-0.377	0.599	-0.104	2.528034	1	4294967295
7737.571396284	0.000000000	4.996	-0.670	0.557	-0.174	2.873127	1	4294967295
7737.870735131	0.000000000	5.027	-0.998	0.518	-0.247	2.989035	1	4294967295
7738.170628989	0.000000000	4.913	-1.381	0.441	-0.327	3.470405	1	4294967295
7738.470517123	0.000000000	4.694	-1.736	0.343	-0.393	3.552184	1	4294967295
7738.770570300	0.000000000	4.427	-2.057	0.241	-0.445	3.596738	1	4294967295
7739.070689513	0.000000000	4.206	-2.306	0.161	-0.474	3.150673	1	4294967295
7739.370770639	0.000000000	3.931	-2.506	0.072	-0.487	3.232280	1	4294967295
7739.671379424	0.000000000	3.633	-2.789	-0.016	-0.520	3.266467	1	4294967295
7739.971864345	0.000000000	3.157	-2.906	-0.145	-0.507	3.797955	1	4294967295
7740.272387216	0.000000000	2.701	-3.000	-0.258	-0.489	3.543898	1	4294967295
7740.573175150	0.000000000	2.215	-3.004	-0.370	-0.449	3.513753	1	4294967295
7740.873478566	0.000000000	1.813	-2.956	-0.451	-0.399	3.052328	1	4294967295
7741.173613972	0.000000000	1.503	-2.943	-0.503	-0.361	2.386066	1	4294967295
7741.473496012	0.000000000	1.254	-2.909	-0.535	-0.320	1.820155	1	4294967295
7741.773345814	0.000000000	1.109	-2.852	-0.539	-0.277	1.672928	1	4294967295
7742.073233520	0.000000000	0.995	-2.836	-0.531	-0.249	1.332669	1	4294967295
7742.372384171	0.000000000	0.950	-2.804	-0.506	-0.220	1.639041	1	4294967295
7742.672361302	0.000000000	0.977	-2.720	-0.462	-0.181	1.991532	1	4294967295
7742.972549852	0.000000000	1.057	-2.638	-0.405	-0.147	2.176906	1	4294967295
7743.272452988	0.000000000	1.124	-2.585	-0.357	-0.123	2.018770	1	4294967295
7743.572797503	0.000000000	1.160	-2.506	-0.321	-0.092	1.712838	1	4294967295
7743.872752532	0.000000000	1.176	-2.549	-0.292	-0.097	2.934532	1	4294967295
7744.172954036	0.000000000	1.278	-2.402	-0.246	-0.051	1.839215	1	4294967295
7744.472951968	0.000000000	1.354	-2.287	-0.210	-0.016	1.571529	1	4294967295
7744.772959175	0.000000000	1.422	-2.201	-0.178	0.008	1.394871	1	4294967295
7745.072904236	0.000000000	1.477	-2.109	-0.152	0.032	1.279981	1	4294967295
7745.372815008	0.000000000	1.530	-2.039	-0.127	0.049	1.141440	1	4294967295
7745.672754039	0.000000000	1.576	-2.006	-0.106	0.054	0.967050	1	4294967295
7745.972747469	0.000000000	1.626	-1.967	-0.085	0.060	0.923995	1	4294967295
7746.272827479	0.000000000	1.669	-1.931	-0.067	0.065	0.840882	1	4294967295
7746.572628997	0.000000000	1.699	-1.901	-0.054	0.068	0.748483	1	4294967295
7746.872672714	0.000000000	1.808	-1.949	-0.019	0.049	2.905638	1	4294967295
7747.172597042	0.000000000	1.981	-1.867	0.033	0.063	3.815015	1	4294967295
7747.472641052	0.000000000	2.131	-1.793	0.074	0.074	3.674071	1	4294967295
7747.772583872	0.000000000	2.266	-1.746	0.108	0.078	3.543518	1	4294967295
7748.072547354	0.000000000	2.380	-1.691	0.132	0.084	3.488278	1	4294967295
7748.372558698	0.000000000	2.481	-1.658	0.150	0.085	3.397842	1	4294967295
7748.672500961	0.000000000	2.528	-1.678	0.150	0.074	2.747811	1	4294967295
7748.972491899	0.000000000	2.632	-1.646	0.167	0.075	3.296397	1	4294967295
7749.272462045	0.000000000	2.697	-1.570	0.171	0.089	2.136560	1	4294967295
7749.572426692	0.000000000	2.775	-1.543	0.179	0.089	3.284946	1	4294967295
