timeref	est_sendtime	pos_x	pos_y	vel_x	vel_y	sigma	valid	senderGuid
7232.108012639	0.000000000	6.569	-5.511	0.001	-0.001	11.333256	1	4294967295
7232.408033831	0.000000000	6.568	-5.507	0.001	-0.001	14.246421	1	4294967295
7232.708020817	0.000000000	6.565	-5.503	-0.005	0.003	12.976110	1	4294967295
7233.008002594	0.000000000	6.552	-5.490	-0.024	0.018	13.885180	1	4294967295
7233.307973710	0.000000000	6.519	-5.465	-0.057	0.040	12.406812	1	4294967295
7233.607921173	0.000000000	6.452	-5.409	-0.110	0.085	12.701996	1	4294967295
7233.921003814	0.000000000	6.352	-5.320	-0.169	0.139	10.942804	1	4294967295
7234.207919682	0.000000000	6.193	-5.196	-0.251	0.200	10.383309	1	4294967295
7234.507893081	0.000000000	5.964	-5.006	-0.354	0.286	10.381983	1	4294967295
7234.807786326	0.000000000	5.687	-4.793	-0.455	0.361	8.515860	1	4294967295
7235.107818095	0.000000000	5.352	-4.541	-0.561	0.437	7.478948	1	4294967295
7235.407854694	0.000000000	5.062	-4.262	-0.622	0.509	5.745747	1	4294967295
-1.000000000	0.000000000	0.000	0.000	0.000	0.000	0.000000	0	0
-1.000000000	0.000000000	0.000	0.000	0.000	0.000	0.000000	0	0
-1.000000000	0.000000000	0.000	0.000	0.000	0.000	0.000000	0	0
-1.000000000	0.000000000	0.000	0.000	0.000	0.000	0.000000	0	0
-1.000000000	0.000000000	0.000	0.000	0.000	0.000	0.000000	0	0
7237.222155716	0.000000000	4.772	-4.025	-0.669	0.548	4.028810	1	4294967295
7237.508273524	0.000000000	4.446	-3.737	-0.722	0.599	4.149063	1	4294967295
7237.808290506	0.000000000	4.123	-3.453	-0.764	0.640	3.563692	1	4294967295
7238.108256081	0.000000000	3.793	-3.126	-0.802	0.690	2.787126	1	4294967295
7238.408216206	0.000000000	3.484	-2.880	-0.826	0.704	2.797820	1	4294967295
7238.708145930	0.000000000	3.198	-2.666	-0.838	0.705	2.646004	1	4294967295
7239.022172036	0.000000000	2.964	-2.500	-0.832	0.690	2.431950	1	4294967295
7239.322163618	0.000000000	2.759	-2.352	-0.817	0.672	2.538398	1	4294967295
7239.622470149	0.000000000	2.584	-2.233	-0.796	0.647	2.666003	1	4294967295
7239.922233659	0.000000000	2.425	-2.148	-0.772	0.615	2.783602	1	4294967295
7240.207692663	0.000000000	2.279	-2.055	-0.746	0.589	2.945240	1	4294967295
7240.507698481	0.000000000	2.147	-1.993	-0.718	0.557	3.025507	1	4294967295
7240.807593053	0.000000000	2.038	-1.953	-0.687	0.522	3.107217	1	4294967295
7241.107580740	0.000000000	1.942	-1.940	-0.655	0.484	3.143279	1	4294967295
7241.407499853	0.000000000	1.805	-1.810	-0.638	0.479	0.789461	1	4294967295
7241.707261964	0.000000000	1.697	-1.669	-0.616	0.478	0.912324	1	4294967295
7242.007250933	0.000000000	1.651	-1.538	-0.580	0.474	1.230016	1	4294967295
7242.307087208	0.000000000	1.635	-1.420	-0.540	0.467	1.398681	1	4294967295
7242.607135634	0.000000000	1.625	-1.323	-0.501	0.456	1.454877	1	4294967295
7242.907006336	0.000000000	1.696	-1.530	-0.436	0.373	3.770456	1	4294967295
7243.222847264	0.000000000	1.736	-1.689	-0.385	0.309	3.515700	1	4294967295
7243.522840034	0.000000000	1.774	-1.812	-0.339	0.258	3.353282	1	4294967295
7243.823063863	0.000000000	1.823	-1.977	-0.294	0.201	3.215976	1	4294967295
7244.123424800	0.000000000	1.878	-2.122	-0.251	0.154	3.097577	1	4294967295
7244.423347454	0.000000000	1.946	-2.254	-0.210	0.112	2.945767	1	4294967295
7244.706712614	0.000000000	2.027	-2.395	-0.169	0.072	2.861077	1	4294967295
7245.006150436	0.000000000	2.059	-2.326	-0.151	0.082	0.709526	1	4294967295
7245.306203131	0.000000000	2.080	-2.279	-0.136	0.087	0.590247	1	4294967295
7245.605913712	0.000000000	2.131	-2.263	-0.113	0.085	0.728394	1	4294967295
7245.906017435	0.000000000	2.175	-2.257	-0.093	0.080	0.667442	1	4294967295
7246.205471982	0.000000000	2.220	-2.282	-0.075	0.069	0.716953	1	4294967295
7246.505443912	0.000000000	2.258	-2.312	-0.060	0.057	0.640165	1	4294967295
7246.805363127	0.000000000	2.440	-2.795	-0.004	-0.059	6.670720	1	4294967295
7247.105262613	0.000000000	2.467	-2.792	0.002	-0.054	0.403121	1	4294967295
7247.405466214	0.000000000	2.491	-2.789	0.007	-0.049	0.326364	1	4294967295
7247.705087016	0.000000000	2.515	-2.803	0.011	-0.048	0.542662	1	4294967295
7248.005065833	0.000000000	2.540	-2.818	0.016	-0.048	0.553933	1	4294967295
7248.304984624	0.000000000	2.732	-3.111	0.065	-0.115	5.514323	1	4294967295
7248.604858299	0.000000000	2.843	-3.093	0.090	-0.103	2.117553	1	4294967295
7248.904827862	0.000000000	3.098	-3.609	0.152	-0.223	8.118358	1	4294967295
7249.204709153	0.000000000	3.283	-3.832	0.190	-0.261	5.000516	1	4294967295
7249.504626475	0.000000000	3.362	-3.779	0.196	-0.229	2.058204	1	4294967295
7249.804531248	0.000000000	3.436	-3.717	0.200	-0.198	1.968899	1	4294967295
7250.104390214	0.000000000	3.393	-3.709	0.171	-0.180	1.371751	1	4294967295
7250.404324888	0.000000000	3.502	-4.277	0.189	-0.303	7.281344	1	4294967295
7250.704222435	0.000000000	3.582	-4.133	0.192	-0.247	2.309621	1	4294967295
7251.004123222	0.000000000	3.648	-4.019	0.192	-0.202	2.127513	1	4294967295
7251.304005568	0.000000000	3.986	-4.421	0.266	-0.283	9.064332	1	4294967295
7251.603946520	0.000000000	4.310	-4.858	0.331	-0.368	8.725771	1	4294967295
7251.903831855	0.000000000	4.380	-5.273	0.324	-0.438	8.740147	1	4294967295
7252.203765133	0.000000000	4.512	-5.726	0.333	-0.512	8.331454	1	4294967295
7252.503720252	0.000000000	4.654	-6.387	0.347	-0.630	9.645190	1	4294967295
7252.803619071	0.000000000	4.565	-6.656	0.297	-0.643	8.522124	1	4294967295
7253.103508171	0.000000000	4.612	-6.918	0.285	-0.656	8.164936	1	4294967295
7253.403388952	0.000000000	4.518	-6.764	0.232	-0.567	4.170321	1	4294967295
7253.703354744	0.000000000	4.438	-7.279	0.201	-0.643	7.519014	1	4294967295
7254.003302757	0.000000000	4.256	-7.267	0.136	-0.587	4.905819	1	4294967295
7254.603248568	0.000000000	3.822	-7.388	0.010	-0.517	5.004014	1	4294967295
7254.903224384	0.000000000	3.456	-7.401	-0.081	-0.470	2.916726	1	4294967295
7255.203266609	0.000000000	3.329	-7.095	-0.121	-0.359	3.546870	1	4294967295
7255.503167759	0.000000000	3.189	-6.556	-0.166	-0.201	3.836147	1	4294967295
7255.803231000	0.000000000	3.140	-6.252	-0.180	-0.112	2.803550	1	4294967295
7256.103212883	0.000000000	3.028	-5.933	-0.207	-0.023	2.622544	1	4294967295
7256.403203785	0.000000000	2.958	-5.806	-0.216	0.012	1.643644	1	4294967295
7256.703182888	0.000000000	3.030	-5.381	-0.195	0.107	2.449416	1	4294967295
7257.003266354	0.000000000	2.967	-5.151	-0.203	0.156	1.525124	1	4294967295
7257.303235390	0.000000000	2.881	-4.912	-0.215	0.204	1.355542	1	4294967295
7257.603267624	0.000000000	2.776	-4.733	-0.229	0.236	1.014869	1	4294967295
7257.903264701	0.000000000	2.679	-4.588	-0.239	0.257	0.761645	1	4294967295
7258.203320570	0.000000000	2.566	-4.467	-0.251	0.272	0.615008	1	4294967295
7258.503364111	0.000000000	2.474	-4.381	-0.257	0.275	0.403519	1	4294967295
7258.803525150	0.000000000	2.368	-4.283	-0.265	0.282	0.393052	1	4294967295
7259.103664764	0.000000000	2.255	-4.217	-0.275	0.281	0.472905	1	4294967295
7259.403729004	0.000000000	2.148	-4.151	-0.282	0.279	0.450358	1	4294967295
7259.703751719	0.000000000	2.053	-4.091	-0.286	0.276	0.418215	1	4294967295
7260.003778143	0.000000000	1.978	-4.034	-0.284	0.272	0.440140	1	4294967295
7260.303800473	0.000000000	1.917	-3.976	-0.279	0.268	0.446406	1	4294967295
7260.603792902	0.000000000	1.874	-3.899	-0.270	0.268	0.413871	1	4294967295
7260.903907638	0.000000000	1.830	-3.830	-0.261	0.266	0.387429	1	4294967295
7261.204007315	0.000000000	1.782	-3.763	-0.253	0.263	0.314943	1	4294967295
7261.504069582	0.000000000	1.799	-3.625	-0.224	0.270	2.696252	1	4294967295
7261.804182296	0.000000000	1.799	-3.507	-0.202	0.273	2.627821	1	4294967295
7262.104342497	0.000000000	1.775	-3.393	-0.189	0.276	2.577421	1	4294967295
7262.404527885	0.000000000	1.734	-3.293	-0.181	0.276	2.573281	1	4294967295
7262.704666950	0.000000000	1.697	-3.195	-0.174	0.275	2.516062	1	4294967295
7263.004874290	0.000000000	1.627	-3.176	-0.178	0.258	0.703517	1	4294967295
7263.304964920	0.000000000	1.554	-3.164	-0.183	0.240	0.719359	1	4294967295
7263.605130578	0.000000000	1.471	-3.144	-0.190	0.227	0.682324	1	4294967295
7264.205527188	0.000000000	1.255	-3.104	-0.217	0.204	1.053316	1	4294967295
7264.520029325	0.000000000	1.094	-3.129	-0.242	0.183	0.934556	1	4294967295
7264.805743186	0.000000000	0.953	-3.150	-0.261	0.166	0.873510	1	4294967295
7265.105822518	0.000000000	0.829	-3.169	-0.274	0.150	0.787971	1	4294967295
7265.405908955	0.000000000	0.724	-3.191	-0.282	0.137	1.022185	1	4294967295
7265.706062911	0.000000000	0.620	-3.207	-0.288	0.125	0.930242	1	4294967295
7266.005967123	0.000000000	0.505	-3.223	-0.298	0.116	0.950641	1	4294967295
7266.306054164	0.000000000	0.404	-3.235	-0.303	0.108	0.840089	1	4294967295
7266.606011867	0.000000000	0.317	-3.240	-0.303	0.102	0.904945	1	4294967295
7266.905873547	0.000000000	0.271	-3.238	-0.294	0.098	0.908346	1	4294967295
7267.205949266	0.000000000	0.236	-3.209	-0.280	0.100	0.557813	1	4294967295
7267.506041370	0.000000000	0.215	-3.195	-0.265	0.098	0.816426	1	4294967295
7267.806041662	0.000000000	0.211	-3.152	-0.246	0.103	0.711348	1	4294967295
7268.105971343	0.000000000	0.206	-3.102	-0.228	0.109	0.737797	1	4294967295
7268.405974189	0.000000000	0.215	-3.073	-0.208	0.108	0.714628	1	4294967295
7268.705884570	0.000000000	0.248	-3.127	-0.181	0.084	1.852853	1	4294967295
7269.005812154	0.000000000	0.286	-3.174	-0.156	0.064	1.814925	1	4294967295
7269.305787731	0.000000000	0.349	-3.073	-0.125	0.083	1.620065	1	4294967295
7269.605707490	0.000000000	0.423	-2.964	-0.094	0.102	1.617199	1	4294967295
7269.905668409	0.000000000	0.472	-2.899	-0.074	0.112	0.841275	1	4294967295
7270.205601726	0.000000000	0.512	-2.850	-0.058	0.116	0.756647	1	4294967295
7270.505462149	0.000000000	0.583	-2.792	-0.034	0.123	0.914552	1	4294967295
7270.805393249	0.000000000	0.642	-2.753	-0.016	0.125	0.870976	1	4294967295
7271.105326481	0.000000000	0.727	-2.687	0.007	0.133	0.925597	1	4294967295
7271.405278226	0.000000000	0.810	-2.619	0.027	0.141	0.925997	1	4294967295
7271.705488450	0.000000000	0.898	-2.542	0.047	0.151	0.796477	1	4294967295
7272.005450317	0.000000000	0.970	-2.457	0.061	0.162	0.727006	1	4294967295
7272.305374161	0.000000000	1.038	-2.395	0.074	0.166	0.657993	1	4294967295
7272.605234473	0.000000000	1.125	-2.320	0.090	0.172	0.695074	1	4294967295
7272.905244461	0.000000000	1.187	-2.272	0.098	0.173	0.667005	1	4294967295
7273.205252215	0.000000000	1.218	-2.283	0.099	0.157	1.322610	1	4294967295
7273.505193284	0.000000000	1.316	-2.223	0.116	0.161	0.774694	1	4294967295
7273.805148253	0.000000000	1.373	-2.222	0.122	0.148	1.343178	1	4294967295
7274.105135756	0.000000000	1.473	-2.154	0.138	0.154	0.768742	1	4294967295
7274.405105585	0.000000000	1.576	-2.093	0.153	0.158	0.711541	1	4294967295
7274.705072514	0.000000000	1.685	-2.015	0.168	0.166	0.729368	1	4294967295
7275.005134562	0.000000000	1.793	-1.935	0.181	0.175	0.618632	1	4294967295
7275.305263016	0.000000000	1.886	-1.846	0.190	0.185	0.570356	1	4294967295
7275.605369168	0.000000000	2.048	-1.832	0.219	0.171	2.838161	1	4294967295
7275.905469262	0.000000000	2.135	-1.734	0.222	0.184	0.588346	1	4294967295
7276.205624560	0.000000000	2.214	-1.631	0.224	0.198	0.564906	1	4294967295
7276.505827019	0.000000000	2.254	-1.563	0.215	0.203	0.712802	1	4294967295
7276.806107474	0.000000000	2.282	-1.491	0.205	0.208	0.753510	1	4294967295
7277.106342225	0.000000000	2.277	-1.407	0.186	0.217	0.908556	1	4294967295
7277.406485987	0.000000000	2.335	-1.403	0.187	0.201	2.832403	1	4294967295
7277.706692085	0.000000000	2.292	-1.327	0.160	0.208	1.041599	1	4294967295
7278.006740312	0.000000000	2.249	-1.242	0.135	0.217	1.046269	1	4294967295
7278.306900299	0.000000000	2.206	-1.175	0.112	0.219	1.039161	1	4294967295
7278.606870628	0.000000000	2.123	-1.098	0.080	0.225	1.100068	1	4294967295
7278.907036834	0.000000000	2.044	-1.011	0.051	0.232	1.095513	1	4294967295
7279.207207990	0.000000000	1.962	-0.935	0.023	0.236	1.036384	1	4294967295
7279.507412728	0.000000000	1.888	-0.877	0.000	0.234	0.993109	1	4294967295
7279.807537616	0.000000000	1.794	-0.813	-0.027	0.234	1.048913	1	4294967295
7280.107730692	0.000000000	1.695	-0.759	-0.053	0.230	1.037222	1	4294967295
7280.407901621	0.000000000	1.587	-0.716	-0.080	0.224	1.094976	1	4294967295
7280.708027422	0.000000000	1.476	-0.675	-0.106	0.218	1.073264	1	4294967295
7281.008136704	0.000000000	1.372	-0.641	-0.128	0.210	0.999442	1	4294967295
7281.308274361	0.000000000	1.263	-0.602	-0.150	0.204	0.961377	1	4294967295
7281.608401942	0.000000000	1.147	-0.565	-0.172	0.198	0.965742	1	4294967295
7281.908530431	0.000000000	1.036	-0.538	-0.191	0.190	0.888758	1	4294967295
7282.208659534	0.000000000	0.932	-0.521	-0.206	0.179	0.870444	1	4294967295
7282.508782652	0.000000000	0.819	-0.512	-0.222	0.167	0.866417	1	4294967295
7282.808883276	0.000000000	0.713	-0.505	-0.234	0.155	0.741465	1	4294967295
7283.109008713	0.000000000	0.619	-0.493	-0.243	0.146	0.655643	1	4294967295
7283.409119998	0.000000000	0.525	-0.482	-0.250	0.137	0.644576	1	4294967295
7283.709390093	0.000000000	0.429	-0.472	-0.257	0.129	0.622475	1	4294967295
7284.013548027	0.000000000	0.333	-0.456	-0.264	0.123	0.631418	1	4294967295
7284.313279964	0.000000000	0.237	-0.444	-0.270	0.116	0.640172	1	4294967295
7284.613053955	0.000000000	0.148	-0.430	-0.274	0.111	0.623271	1	4294967295
7284.912941010	0.000000000	0.061	-0.424	-0.276	0.104	0.611432	1	4294967295
7285.213033463	0.000000000	-0.014	-0.418	-0.276	0.098	0.566444	1	4294967295
7285.510295000	0.000000000	-0.093	-0.391	-0.276	0.098	0.535598	1	4294967295
7285.810445994	0.000000000	-0.163	-0.364	-0.273	0.098	0.564688	1	4294967295
7286.110601567	0.000000000	-0.218	-0.335	-0.266	0.098	0.587688	1	4294967295
7286.410599671	0.000000000	-0.266	-0.301	-0.258	0.100	0.578412	1	4294967295
7286.710537786	0.000000000	-0.298	-0.268	-0.246	0.102	0.593898	1	4294967295
7287.012369613	0.000000000	-0.313	-0.223	-0.231	0.106	0.714715	1	4294967295
7287.312133506	0.000000000	-0.323	-0.169	-0.215	0.113	0.783890	1	4294967295
7287.612226252	0.000000000	-0.333	-0.121	-0.201	0.118	0.770022	1	4294967295
7287.909820559	0.000000000	-0.348	-0.070	-0.189	0.124	0.774307	1	4294967295
7288.210409465	0.000000000	-0.360	-0.026	-0.178	0.127	0.631385	1	4294967295
7288.510531594	0.000000000	-0.342	0.011	-0.159	0.128	0.704851	1	4294967295
7288.810487172	0.000000000	-0.296	0.060	-0.135	0.132	0.917871	1	4294967295
7289.110448021	0.000000000	-0.247	0.114	-0.112	0.137	0.877664	1	4294967295
7289.410486311	0.000000000	-0.194	0.165	-0.090	0.141	0.818800	1	4294967295
7289.710423640	0.000000000	-0.102	0.216	-0.059	0.144	1.013353	1	4294967295
7290.010458437	0.000000000	-0.020	0.275	-0.034	0.149	0.879502	1	4294967295
7290.310464872	0.000000000	0.310	0.423	0.055	0.176	4.072123	1	4294967295
7290.610529857	0.000000000	0.589	0.582	0.123	0.202	3.750390	1	4294967295
7290.910513626	0.000000000	0.647	0.653	0.128	0.205	0.326361	1	4294967295
7291.210520389	0.000000000	0.712	0.725	0.135	0.208	0.372267	1	4294967295
7291.510512130	0.000000000	0.783	0.797	0.143	0.211	0.335526	1	4294967295
7291.810408550	0.000000000	0.840	0.854	0.146	0.209	0.242379	1	4294967295
7292.110279379	0.000000000	0.931	0.901	0.158	0.205	0.462464	1	4294967295
7292.410234657	0.000000000	1.042	0.946	0.174	0.201	0.545061	1	4294967295
7292.710195412	0.000000000	1.272	1.044	0.219	0.209	2.191566	1	4294967295
7293.009038784	0.000000000	1.349	1.093	0.222	0.205	0.452203	1	4294967295
7293.310024643	0.000000000	1.437	1.116	0.227	0.196	0.554787	1	4294967295
7293.609860322	0.000000000	1.531	1.135	0.233	0.186	0.575416	1	4294967295
7293.909633761	0.000000000	1.612	1.150	0.236	0.176	0.483598	1	4294967295
7294.209536648	0.000000000	1.711	1.146	0.243	0.162	0.616140	1	4294967295
7294.509800887	0.000000000	1.800	1.166	0.247	0.155	0.481193	1	4294967295
7294.809314896	0.000000000	1.909	1.147	0.255	0.139	0.642723	1	4294967295
7295.109173948	0.000000000	2.018	1.126	0.263	0.124	0.637002	1	4294967295
7295.409259815	0.000000000	2.102	1.082	0.263	0.104	0.695105	1	4294967295
-1.000000000	0.000000000	0.000	0.000	0.000	0.000	0.000000	0	0
-1.000000000	0.000000000	0.000	0.000	0.000	0.000	0.000000	0	0
-1.000000000	0.000000000	0.000	0.000	0.000	0.000	0.000000	0	0
7296.624285894	0.000000000	2.341	1.121	0.302	0.106	2.041383	1	4294967295
7296.911139305	0.000000000	2.440	1.093	0.304	0.092	0.649287	1	4294967295
7297.224733090	0.000000000	2.678	1.075	0.339	0.081	1.955951	1	4294967295
7297.511205172	0.000000000	2.946	0.965	0.378	0.049	2.858906	1	4294967295
7297.811366309	0.000000000	3.027	0.940	0.370	0.039	0.617390	1	4294967295
7298.119678276	0.000000000	3.087	0.922	0.356	0.032	0.608597	1	4294967295
7298.411626849	0.000000000	3.168	0.900	0.349	0.024	0.556069	1	4294967295
7298.711862164	0.000000000	3.248	0.875	0.342	0.015	0.545925	1	4294967295
7299.007417991	0.000000000	3.349	0.812	0.339	-0.001	0.697220	1	4294967295
7299.307368607	0.000000000	3.433	0.761	0.333	-0.013	0.655955	1	4294967295
7299.607288042	0.000000000	3.527	0.712	0.329	-0.024	0.604757	1	4294967295
7299.907258063	0.000000000	3.609	0.667	0.323	-0.033	0.587928	1	4294967295
7300.207154887	0.000000000	3.682	0.621	0.316	-0.043	0.496317	1	4294967295
7300.507038017	0.000000000	3.774	0.575	0.314	-0.051	0.421933	1	4294967295
7300.807086850	0.000000000	3.871	0.538	0.313	-0.056	0.368180	1	4294967295
7301.107108175	0.000000000	4.093	0.471	0.342	-0.066	1.839045	1	4294967295
7301.422438694	0.000000000	4.165	0.469	0.334	-0.062	0.484786	1	4294967295
7301.707311539	0.000000000	4.243	0.459	0.327	-0.061	0.503367	1	4294967295
7302.007179510	0.000000000	4.327	0.448	0.322	-0.059	0.488584	1	4294967295
7302.307181248	0.000000000	4.400	0.436	0.315	-0.058	0.459154	1	4294967295
7302.607111860	0.000000000	4.471	0.422	0.308	-0.057	0.448805	1	4294967295
7302.907129778	0.000000000	4.656	0.415	0.328	-0.053	1.623257	1	4294967295
7303.507406840	0.000000000	4.826	0.393	0.321	-0.051	0.434466	1	4294967295
7303.814648089	0.000000000	4.891	0.415	0.312	-0.042	0.457868	1	4294967295
7304.114658036	0.000000000	4.955	0.442	0.305	-0.032	0.437759	1	4294967295
7304.399926154	0.000000000	5.030	0.458	0.300	-0.025	0.400910	1	4294967295
7304.707235922	0.000000000	5.075	0.442	0.288	-0.028	0.477215	1	4294967295
7305.006911497	0.000000000	5.065	0.415	0.263	-0.033	0.665592	1	4294967295
7305.306829314	0.000000000	5.020	0.382	0.233	-0.040	0.736317	1	4294967295
7305.606403241	0.000000000	4.958	0.340	0.201	-0.049	0.842503	1	4294967295
7305.906544595	0.000000000	4.928	0.280	0.178	-0.061	0.787092	1	4294967295
7306.206018452	0.000000000	4.856	0.216	0.146	-0.073	0.938268	1	4294967295
7306.505761310	0.000000000	4.791	0.150	0.117	-0.085	0.926345	1	4294967295
7306.805670254	0.000000000	4.724	0.082	0.089	-0.096	0.938580	1	4294967295
7307.105449953	0.000000000	4.672	0.017	0.067	-0.105	0.866288	1	4294967295
7307.405073894	0.000000000	4.615	-0.053	0.044	-0.115	0.875502	1	4294967295
7307.704946357	0.000000000	4.558	-0.133	0.022	-0.127	0.860443	1	4294967295
7308.004967423	0.000000000	4.529	-0.200	0.010	-0.134	0.691601	1	4294967295
7308.304977992	0.000000000	4.468	-0.267	-0.010	-0.141	0.777305	1	4294967295
7308.604600737	0.000000000	4.390	-0.350	-0.034	-0.151	0.879955	1	4294967295
7308.904439889	0.000000000	4.308	-0.428	-0.057	-0.159	0.810892	1	4294967295
7309.203775030	0.000000000	4.233	-0.514	-0.076	-0.169	0.814947	1	4294967295
7309.503789790	0.000000000	4.162	-0.585	-0.093	-0.173	0.723383	1	4294967295
7309.803782055	0.000000000	4.089	-0.645	-0.109	-0.175	0.666993	1	4294967295
7310.103698311	0.000000000	4.020	-0.700	-0.123	-0.175	0.617041	1	4294967295
7310.403593830	0.000000000	3.948	-0.753	-0.137	-0.174	0.584114	1	4294967295
7310.703431108	0.000000000	3.865	-0.806	-0.152	-0.174	0.634511	1	4294967295
7311.003436429	0.000000000	3.764	-0.859	-0.171	-0.173	0.721622	1	4294967295
7311.303357887	0.000000000	3.664	-0.912	-0.189	-0.172	0.733249	1	4294967295
7311.603353949	0.000000000	3.562	-0.946	-0.205	-0.166	0.674870	1	4294967295
7311.903275588	0.000000000	3.465	-0.973	-0.218	-0.159	0.626578	1	4294967295
7312.219726282	0.000000000	3.361	-0.985	-0.231	-0.149	0.609395	1	4294967295
7312.519495963	0.000000000	3.265	-1.000	-0.240	-0.140	0.543735	1	4294967295
7312.819189537	0.000000000	3.173	-1.027	-0.248	-0.135	0.425969	1	4294967295
7313.118965220	0.000000000	3.111	-0.951	-0.240	-0.105	2.072626	1	4294967295
7313.402826290	0.000000000	3.003	-0.995	-0.253	-0.107	0.604195	1	4294967295
7313.702599987	0.000000000	2.898	-1.048	-0.264	-0.111	0.567283	1	4294967295
7314.002480513	0.000000000	2.870	-1.011	-0.247	-0.094	2.252622	1	4294967295
7314.302226385	0.000000000	2.841	-0.992	-0.232	-0.083	2.595912	1	4294967295
7314.601965555	0.000000000	2.805	-1.012	-0.222	-0.083	2.200025	1	4294967295
7314.901752762	0.000000000	2.778	-1.048	-0.210	-0.087	2.237615	1	4294967295
7315.202032329	0.000000000	2.755	-1.090	-0.196	-0.093	2.223066	1	4294967295
7315.501936392	0.000000000	2.746	-1.124	-0.181	-0.095	2.191123	1	4294967295
7315.801491479	0.000000000	2.734	-1.148	-0.169	-0.095	2.192710	1	4294967295
7316.101463402	0.000000000	2.743	-1.203	-0.151	-0.103	2.229569	1	4294967295
7316.400923662	0.000000000	2.769	-1.283	-0.130	-0.117	2.269326	1	4294967295
7316.701586978	0.000000000	2.784	-1.334	-0.113	-0.122	2.134073	1	4294967295
7317.000620063	0.000000000	2.782	-1.497	-0.106	-0.155	1.308771	1	4294967295
7317.300067437	0.000000000	2.787	-1.586	-0.094	-0.167	2.335621	1	4294967295
7317.599863194	0.000000000	2.758	-1.739	-0.094	-0.194	1.147705	1	4294967295
7317.899813189	0.000000000	2.752	-1.876	-0.090	-0.214	1.046351	1	4294967295
7318.199705294	0.000000000	2.770	-2.009	-0.079	-0.231	0.947053	1	4294967295
7318.499628765	0.000000000	2.772	-2.160	-0.074	-0.252	0.945092	1	4294967295
7318.799493282	0.000000000	2.751	-2.316	-0.075	-0.271	0.784496	1	4294967295
7319.099414102	0.000000000	2.900	-2.418	-0.029	-0.277	2.177588	1	4294967295
7319.399257845	0.000000000	3.073	-2.521	0.018	-0.283	2.119133	1	4294967295
7319.699224330	0.000000000	3.098	-2.651	0.021	-0.293	0.611804	1	4294967295
7319.999117502	0.000000000	3.141	-2.773	0.029	-0.301	0.558448	1	4294967295
7320.299073211	0.000000000	3.177	-2.895	0.035	-0.308	0.492360	1	4294967295
7320.599230617	0.000000000	3.247	-2.991	0.048	-0.309	0.498744	1	4294967295
7320.899267526	0.000000000	3.325	-3.058	0.062	-0.303	0.569587	1	4294967295
7321.199231991	0.000000000	3.583	-2.974	0.119	-0.264	2.951576	1	4294967295
7321.499300753	0.000000000	3.643	-3.005	0.122	-0.251	0.641163	1	4294967295
7321.799296597	0.000000000	3.904	-2.933	0.174	-0.219	2.412723	1	4294967295
7322.099366916	0.000000000	4.315	-2.816	0.257	-0.181	2.658182	1	4294967295
7322.399286086	0.000000000	4.543	-2.814	0.291	-0.169	1.559045	1	4294967295
7322.699190743	0.000000000	4.599	-2.862	0.282	-0.167	0.615791	1	4294967295
7322.999032235	0.000000000	4.716	-2.878	0.288	-0.158	1.465886	1	4294967295
7323.324011969	0.000000000	4.751	-2.905	0.276	-0.152	1.520442	1	4294967295
7323.623865417	0.000000000	4.686	-2.947	0.241	-0.148	1.077843	1	4294967295
7323.923498506	0.000000000	4.617	-2.999	0.207	-0.147	1.093613	1	4294967295
7324.223351243	0.000000000	4.483	-3.061	0.160	-0.147	1.307187	1	4294967295
7324.520411304	0.000000000	4.433	-3.090	0.135	-0.141	1.058378	1	4294967295
7324.798138009	0.000000000	4.321	-3.158	0.093	-0.143	1.402989	1	4294967295
7325.098177615	0.000000000	4.223	-3.205	0.058	-0.139	1.332471	1	4294967295
7325.398169129	0.000000000	4.119	-3.262	0.023	-0.138	1.323207	1	4294967295
7325.698219391	0.000000000	4.016	-3.305	-0.010	-0.134	1.256994	1	4294967295
7325.998262092	0.000000000	3.911	-3.342	-0.041	-0.130	1.223002	1	4294967295
7326.298383205	0.000000000	3.829	-3.350	-0.064	-0.119	1.135854	1	4294967295
7326.598412158	0.000000000	3.761	-3.363	-0.080	-0.111	1.016371	1	4294967295
7326.898433783	0.000000000	3.679	-3.368	-0.099	-0.102	1.045627	1	4294967295
7327.198518686	0.000000000	3.558	-3.325	-0.127	-0.081	1.085270	1	4294967295
7327.498561834	0.000000000	3.457	-3.313	-0.146	-0.069	0.927794	1	4294967295
7327.798716699	0.000000000	3.300	-3.298	-0.179	-0.058	1.119753	1	4294967295
7328.098771716	0.000000000	3.181	-3.279	-0.199	-0.046	0.964367	1	4294967295
7328.398810577	0.000000000	3.192	-3.168	-0.179	-0.017	2.981158	1	4294967295
7328.698969506	0.000000000	3.177	-3.061	-0.168	0.010	3.012542	1	4294967295
7328.999032774	0.000000000	3.081	-2.951	-0.178	0.036	3.143859	1	4294967295
7329.299215831	0.000000000	2.966	-2.814	-0.193	0.067	3.160728	1	4294967295
7329.599355661	0.000000000	2.755	-2.793	-0.235	0.070	1.472520	1	4294967295
7329.899363188	0.000000000	2.568	-2.785	-0.269	0.070	1.321188	1	4294967295
7330.199520009	0.000000000	2.389	-2.786	-0.297	0.068	1.184390	1	4294967295
7330.499677039	0.000000000	2.218	-2.777	-0.322	0.068	1.055187	1	4294967295
7330.799806464	0.000000000	2.053	-2.760	-0.343	0.070	0.934815	1	4294967295
7331.100044540	0.000000000	1.877	-2.743	-0.367	0.073	0.968780	1	4294967295
7331.400100938	0.000000000	1.732	-2.736	-0.380	0.072	0.755606	1	4294967295
7331.700249991	0.000000000	1.590	-2.728	-0.391	0.072	0.711245	1	4294967295
7332.000384563	0.000000000	1.444	-2.723	-0.402	0.070	0.712665	1	4294967295
7332.300455955	0.000000000	1.314	-2.723	-0.407	0.067	0.640768	1	4294967295
7332.600711294	0.000000000	1.172	-2.721	-0.416	0.065	0.666903	1	4294967295
7332.914699080	0.000000000	1.020	-2.698	-0.425	0.068	0.516809	1	4294967295
7333.214348594	0.000000000	0.877	-2.677	-0.430	0.069	0.366142	1	4294967295
7333.501473706	0.000000000	0.738	-2.675	-0.435	0.066	0.542792	1	4294967295
7333.801591832	0.000000000	0.600	-2.678	-0.439	0.062	0.521306	1	4294967295
7334.101764779	0.000000000	0.464	-2.684	-0.443	0.057	0.534906	1	4294967295
7334.401969355	0.000000000	0.332	-2.688	-0.445	0.053	0.533747	1	4294967295
7334.702228740	0.000000000	0.206	-2.679	-0.444	0.052	0.300464	1	4294967295
7335.002439689	0.000000000	0.081	-2.673	-0.442	0.050	0.305741	1	4294967295
7335.302569881	0.000000000	-0.043	-2.668	-0.441	0.049	0.319322	1	4294967295
7335.602703703	0.000000000	-0.157	-2.665	-0.437	0.046	0.342130	1	4294967295
7335.903004707	0.000000000	-0.273	-2.658	-0.433	0.045	0.349473	1	4294967295
7336.203237241	0.000000000	-0.393	-2.652	-0.432	0.046	0.493218	1	4294967295
7336.503365778	0.000000000	-0.496	-2.634	-0.426	0.048	0.502143	1	4294967295
7336.803684829	0.000000000	-0.597	-2.614	-0.420	0.052	0.529372	1	4294967295
7337.103805281	0.000000000	-0.688	-2.593	-0.411	0.055	0.512625	1	4294967295
7337.404007509	0.000000000	-0.770	-2.559	-0.400	0.061	0.530250	1	4294967295
7337.704126772	0.000000000	-0.842	-2.519	-0.387	0.068	0.618575	1	4294967295
7338.004311118	0.000000000	-0.904	-2.457	-0.373	0.081	0.730342	1	4294967295
7338.304382961	0.000000000	-0.958	-2.384	-0.357	0.096	0.811698	1	4294967295
7338.604415198	0.000000000	-1.005	-2.312	-0.341	0.110	0.790726	1	4294967295
7338.904432676	0.000000000	-1.035	-2.249	-0.321	0.119	0.837896	1	4294967295
7339.204486707	0.000000000	-1.048	-2.171	-0.298	0.132	0.939328	1	4294967295
7339.504449444	0.000000000	-1.049	-2.097	-0.273	0.143	0.979727	1	4294967295
7339.804481938	0.000000000	-1.049	-2.018	-0.251	0.154	0.889544	1	4294967295
7340.104629066	0.000000000	-1.060	-1.952	-0.233	0.161	0.862997	1	4294967295
7340.404860877	0.000000000	-1.055	-1.872	-0.212	0.171	0.874504	1	4294967295
7340.705063988	0.000000000	-1.042	-1.779	-0.191	0.184	0.886092	1	4294967295
7341.005152234	0.000000000	-1.023	-1.686	-0.170	0.195	0.863996	1	4294967295
7341.305212139	0.000000000	-0.981	-1.573	-0.144	0.210	0.946815	1	4294967295
7341.605368564	0.000000000	-0.942	-1.452	-0.121	0.227	0.961554	1	4294967295
7341.905558401	0.000000000	-0.914	-1.334	-0.104	0.241	0.810486	1	4294967295
7342.205633046	0.000000000	-0.894	-1.234	-0.090	0.250	0.713617	1	4294967295
7342.505741577	0.000000000	-0.865	-1.125	-0.074	0.261	0.737510	1	4294967295
7342.805788815	0.000000000	-0.828	-1.005	-0.058	0.273	0.778560	1	4294967295
7343.105776051	0.000000000	-0.785	-0.884	-0.042	0.285	0.783310	1	4294967295
7343.405841019	0.000000000	-0.741	-0.771	-0.026	0.294	0.666705	1	4294967295
7343.705948826	0.000000000	-0.694	-0.648	-0.011	0.304	0.701571	1	4294967295
7344.005996570	0.000000000	-0.642	-0.533	0.004	0.311	0.668965	1	4294967295
7344.305999863	0.000000000	-0.502	-0.348	0.043	0.335	2.161747	1	4294967295
7344.605980716	0.000000000	-0.360	-0.174	0.079	0.353	2.057317	1	4294967295
7344.906001933	0.000000000	-0.225	-0.012	0.110	0.368	1.928474	1	4294967295
7345.206007738	0.000000000	-0.162	0.074	0.118	0.362	0.567799	1	4294967295
7345.505997585	0.000000000	-0.100	0.151	0.125	0.354	0.574613	1	4294967295
7345.805941590	0.000000000	0.072	0.253	0.162	0.352	2.377622	1	4294967295
7346.105845500	0.000000000	0.233	0.333	0.193	0.344	2.302016	1	4294967295
7346.405644939	0.000000000	0.389	0.390	0.220	0.330	2.331066	1	4294967295
7346.705486586	0.000000000	0.442	0.409	0.216	0.309	0.848002	1	4294967295
7347.005363898	0.000000000	0.507	0.435	0.216	0.292	0.795451	1	4294967295
7347.305477427	0.000000000	0.548	0.448	0.209	0.272	0.772006	1	4294967295
7347.605342023	0.000000000	0.608	0.460	0.208	0.253	0.762448	1	4294967295
7347.904852585	0.000000000	0.688	0.463	0.212	0.234	0.822628	1	4294967295
7348.204607878	0.000000000	0.779	0.457	0.219	0.213	0.859115	1	4294967295
7348.504534566	0.000000000	0.867	0.444	0.224	0.192	0.824320	1	4294967295
7348.804412158	0.000000000	0.972	0.443	0.234	0.177	0.762095	1	4294967295
7349.104311212	0.000000000	1.075	0.433	0.242	0.160	0.719469	1	4294967295
7349.404202973	0.000000000	1.198	0.443	0.255	0.150	0.663449	1	4294967295
7349.704041536	0.000000000	1.311	0.445	0.264	0.139	0.663942	1	4294967295
7350.003897849	0.000000000	1.424	0.436	0.273	0.126	0.620247	1	4294967295
7350.303797594	0.000000000	1.532	0.439	0.279	0.117	0.602806	1	4294967295
7350.603748410	0.000000000	1.642	0.426	0.285	0.104	0.601591	1	4294967295
7350.903586757	0.000000000	1.738	0.413	0.287	0.093	0.537923	1	4294967295
7351.204047257	0.000000000	1.812	0.404	0.284	0.083	0.438749	1	4294967295
7351.503908038	0.000000000	1.879	0.383	0.278	0.071	0.505316	1	4294967295
7351.803823466	0.000000000	1.949	0.351	0.274	0.058	0.535389	1	4294967295
7352.103566836	0.000000000	2.003	0.318	0.266	0.045	0.577900	1	4294967295
7352.403194128	0.000000000	2.019	0.230	0.248	0.019	0.970370	1	4294967295
7352.703104647	0.000000000	2.028	0.144	0.231	-0.004	0.967554	1	4294967295
7353.003025310	0.000000000	2.036	0.075	0.213	-0.021	0.936073	1	4294967295
7353.302857270	0.000000000	2.052	-0.004	0.199	-0.039	0.915635	1	4294967295
7353.602604267	0.000000000	2.063	-0.089	0.185	-0.058	0.922606	1	4294967295
7353.902383042	0.000000000	2.063	-0.172	0.169	-0.074	0.907769	1	4294967295
7354.202271131	0.000000000	2.065	-0.265	0.155	-0.092	0.876064	1	4294967295
7354.502101448	0.000000000	2.051	-0.352	0.138	-0.108	0.798643	1	4294967295
7354.801917374	0.000000000	2.045	-0.434	0.124	-0.120	0.781155	1	4294967295
7355.101823851	0.000000000	2.026	-0.518	0.107	-0.133	0.790088	1	4294967295
7355.401553316	0.000000000	1.997	-0.617	0.089	-0.148	0.797116	1	4294967295
7355.701351703	0.000000000	2.006	-0.698	0.083	-0.158	0.627143	1	4294967295
7356.011731326	0.000000000	2.001	-0.773	0.074	-0.165	0.622672	1	4294967295
7356.311690930	0.000000000	1.990	-0.853	0.065	-0.172	0.619501	1	4294967295
7356.611522157	0.000000000	1.967	-0.945	0.052	-0.183	0.757377	1	4294967295
7356.911640809	0.000000000	1.939	-1.037	0.040	-0.192	0.711758	1	4294967295
7357.200630165	0.000000000	2.020	-1.289	0.060	-0.241	2.937138	1	4294967295
7357.500304467	0.000000000	2.059	-1.488	0.065	-0.272	2.875776	1	4294967295
7357.800362882	0.000000000	2.099	-1.660	0.071	-0.294	2.807323	1	4294967295
7358.100182235	0.000000000	2.097	-1.826	0.065	-0.314	2.813620	1	4294967295
7358.399997281	0.000000000	2.075	-1.996	0.055	-0.333	2.773638	1	4294967295
7358.700056413	0.000000000	2.042	-2.161	0.043	-0.349	2.731405	1	4294967295
7358.999767781	0.000000000	2.006	-2.328	0.030	-0.364	2.680959	1	4294967295
7359.299590200	0.000000000	1.981	-2.454	0.021	-0.368	2.689303	1	4294967295
7359.599414541	0.000000000	1.955	-2.586	0.012	-0.373	2.656774	1	4294967295
7359.899088195	0.000000000	1.883	-2.616	-0.011	-0.351	1.144727	1	4294967295
7360.199140163	0.000000000	1.815	-2.653	-0.031	-0.332	0.968889	1	4294967295
7360.498814859	0.000000000	1.750	-2.718	-0.047	-0.322	0.705264	1	4294967295
7360.798309172	0.000000000	1.694	-2.799	-0.062	-0.316	0.821045	1	4294967295
7361.098585163	0.000000000	1.640	-2.867	-0.074	-0.307	0.767972	1	4294967295
7361.398100646	0.000000000	1.599	-2.945	-0.081	-0.302	0.656823	1	4294967295
7361.698027464	0.000000000	1.563	-3.026	-0.087	-0.298	0.602394	1	4294967295
7361.997863832	0.000000000	1.530	-3.108	-0.090	-0.296	0.514404	1	4294967295
7362.297865266	0.000000000	1.514	-3.179	-0.089	-0.290	0.554150	1	4294967295
7362.597422504	0.000000000	1.494	-3.248	-0.090	-0.285	0.638299	1	4294967295
7362.897506925	0.000000000	1.469	-3.305	-0.092	-0.276	0.636297	1	4294967295
7363.197796856	0.000000000	1.424	-3.373	-0.099	-0.271	0.600789	1	4294967295
7363.497870389	0.000000000	1.382	-3.425	-0.105	-0.261	0.640826	1	4294967295
7363.797908668	0.000000000	1.349	-3.458	-0.108	-0.249	0.525459	1	4294967295
7364.097883956	0.000000000	1.303	-3.469	-0.114	-0.230	0.726764	1	4294967295
7364.398074992	0.000000000	1.255	-3.463	-0.121	-0.209	0.808267	1	4294967295
7364.698241658	0.000000000	1.210	-3.459	-0.126	-0.189	0.785137	1	4294967295
7364.998319522	0.000000000	1.155	-3.454	-0.133	-0.171	0.819909	1	4294967295
7365.298406308	0.000000000	1.084	-3.435	-0.144	-0.149	0.882306	1	4294967295
7365.612116861	0.000000000	1.013	-3.423	-0.153	-0.132	0.816016	1	4294967295
7365.911965308	0.000000000	0.943	-3.411	-0.162	-0.116	0.747608	1	4294967295
7366.211616963	0.000000000	0.872	-3.402	-0.170	-0.101	0.758705	1	4294967295
7366.511476255	0.000000000	0.795	-3.390	-0.179	-0.088	0.696341	1	4294967295
7366.811321463	0.000000000	0.711	-3.387	-0.189	-0.078	0.696280	1	4294967295
7367.098981546	0.000000000	0.624	-3.357	-0.198	-0.062	0.659487	1	4294967295
7367.399206879	0.000000000	0.530	-3.360	-0.209	-0.055	0.752597	1	4294967295
7367.699434289	0.000000000	0.432	-3.338	-0.220	-0.043	0.764046	1	4294967295
7367.999556877	0.000000000	0.331	-3.308	-0.231	-0.029	0.720027	1	4294967295
7368.299796979	0.000000000	0.228	-3.288	-0.242	-0.020	0.634992	1	4294967295
7368.599992087	0.000000000	0.135	-3.253	-0.248	-0.007	0.642173	1	4294967295
7368.900317828	0.000000000	0.034	-3.228	-0.256	0.002	0.593861	1	4294967295
7369.200419457	0.000000000	-0.057	-3.195	-0.262	0.012	0.582587	1	4294967295
7369.500630285	0.000000000	-0.154	-3.161	-0.268	0.022	0.614760	1	4294967295
7370.101017989	0.000000000	-0.330	-3.068	-0.273	0.045	0.768975	1	4294967295
7370.401165656	0.000000000	-0.414	-2.994	-0.275	0.064	0.671872	1	4294967295
7370.701387639	0.000000000	-0.491	-2.925	-0.275	0.079	0.673293	1	4294967295
7371.001500335	0.000000000	-0.571	-2.869	-0.275	0.090	0.554620	1	4294967295
7371.301558133	0.000000000	-0.644	-2.794	-0.273	0.105	0.646543	1	4294967295
7371.601829083	0.000000000	-0.709	-2.709	-0.269	0.122	0.698435	1	4294967295
7371.901931648	0.000000000	-0.767	-2.633	-0.264	0.135	0.629284	1	4294967295
7372.202039961	0.000000000	-0.816	-2.538	-0.256	0.152	0.655050	1	4294967295
7372.502170655	0.000000000	-0.856	-2.445	-0.246	0.166	0.613636	1	4294967295
7372.802220043	0.000000000	-0.886	-2.334	-0.233	0.185	0.697275	1	4294967295
7373.102366061	0.000000000	-0.910	-2.220	-0.221	0.202	0.696924	1	4294967295
7373.402453897	0.000000000	-0.929	-2.103	-0.208	0.219	0.695394	1	4294967295
7373.702533573	0.000000000	-0.934	-1.988	-0.192	0.234	0.698967	1	4294967295
7374.002560225	0.000000000	-0.924	-1.886	-0.173	0.244	0.777051	1	4294967295
7374.302772351	0.000000000	-0.914	-1.790	-0.155	0.251	0.738619	1	4294967295
7374.602804447	0.000000000	-0.908	-1.708	-0.141	0.253	0.579697	1	4294967295
7374.902751248	0.000000000	-0.892	-1.611	-0.124	0.260	0.661977	1	4294967295
7375.202844831	0.000000000	-0.871	-1.509	-0.108	0.268	0.670684	1	4294967295
7375.502925072	0.000000000	-0.849	-1.423	-0.093	0.270	0.633055	1	4294967295
7375.803109303	0.000000000	-0.821	-1.315	-0.077	0.278	0.668874	1	4294967295
7376.103240767	0.000000000	-0.800	-1.201	-0.065	0.287	0.573774	1	4294967295
7376.403225441	0.000000000	-0.771	-1.089	-0.051	0.295	0.571837	1	4294967295
7376.703232768	0.000000000	-0.733	-0.980	-0.036	0.301	0.573233	1	4294967295
7377.003151370	0.000000000	-0.691	-0.873	-0.021	0.306	0.582073	1	4294967295
7377.303000558	0.000000000	-0.645	-0.801	-0.007	0.302	0.640290	1	4294967295
7377.603056415	0.000000000	-0.585	-0.724	0.010	0.299	0.664594	1	4294967295
7377.902928929	0.000000000	-0.523	-0.662	0.027	0.291	0.690557	1	4294967295
7378.202686599	0.000000000	-0.467	-0.613	0.040	0.282	0.705674	1	4294967295
7378.502393311	0.000000000	-0.408	-0.580	0.053	0.268	0.805863	1	4294967295
7378.802205268	0.000000000	-0.368	-0.565	0.059	0.251	0.763557	1	4294967295
7379.102183644	0.000000000	-0.307	-0.545	0.071	0.237	0.797783	1	4294967295
7379.402233459	0.000000000	-0.188	-0.553	0.097	0.216	1.015005	1	4294967295
7379.701771094	0.000000000	-0.090	-0.553	0.115	0.198	0.826034	1	4294967295
7380.001820407	0.000000000	-0.003	-0.554	0.129	0.181	0.771593	1	4294967295
7380.301338131	0.000000000	0.119	-0.568	0.151	0.163	0.920625	1	4294967295
7380.600992252	0.000000000	0.238	-0.595	0.170	0.143	0.929157	1	4294967295
7380.900751569	0.000000000	0.346	-0.631	0.184	0.123	0.888917	1	4294967295
7381.200654611	0.000000000	0.527	-0.819	0.216	0.063	3.704692	1	4294967295
7381.500437623	0.000000000	0.639	-0.852	0.228	0.049	0.630896	1	4294967295
7381.799798875	0.000000000	0.761	-0.899	0.242	0.034	0.737630	1	4294967295
7382.099567831	0.000000000	0.884	-0.950	0.255	0.018	0.710340	1	4294967295
7382.399344699	0.000000000	1.009	-1.000	0.267	0.004	0.674645	1	4294967295
7382.699163452	0.000000000	1.118	-1.072	0.274	-0.014	0.812469	1	4294967295
7382.998984314	0.000000000	1.210	-1.138	0.276	-0.030	0.702710	1	4294967295
7383.298566975	0.000000000	1.329	-1.212	0.285	-0.046	0.766493	1	4294967295
7383.598271443	0.000000000	1.439	-1.298	0.290	-0.064	0.782228	1	4294967295
7383.898025748	0.000000000	1.529	-1.373	0.290	-0.078	0.699547	1	4294967295
7384.197693212	0.000000000	1.740	-1.590	0.321	-0.129	3.168382	1	4294967295
7384.497889237	0.000000000	1.911	-1.792	0.340	-0.171	2.979160	1	4294967295
7384.798025012	0.000000000	2.364	-2.316	0.430	-0.293	8.286019	1	4294967295
7385.097858107	0.000000000	2.449	-2.501	0.418	-0.319	2.600500	1	4294967295
7385.397332208	0.000000000	2.464	-2.666	0.387	-0.338	2.761166	1	4294967295
7385.697663338	0.000000000	2.446	-2.780	0.350	-0.343	2.886345	1	4294967295
7385.997526484	0.000000000	2.380	-2.848	0.303	-0.334	1.752927	1	4294967295
7386.297197063	0.000000000	2.312	-2.916	0.258	-0.326	1.634756	1	4294967295
7386.596727564	0.000000000	2.236	-2.938	0.215	-0.306	1.617976	1	4294967295
7386.896364830	0.000000000	2.146	-2.956	0.171	-0.287	1.576290	1	4294967295
7387.196311380	0.000000000	2.058	-2.997	0.131	-0.275	1.440143	1	4294967295
7387.496176389	0.000000000	1.976	-3.050	0.096	-0.267	1.293238	1	4294967295
7387.795983376	0.000000000	1.757	-3.486	0.034	-0.356	5.890376	1	4294967295
7388.095818912	0.000000000	1.693	-3.507	0.011	-0.333	1.140451	1	4294967295
7388.395617681	0.000000000	1.653	-3.587	-0.003	-0.327	0.883670	1	4294967295
7388.695513889	0.000000000	1.473	-3.978	-0.046	-0.402	5.008949	1	4294967295
7388.995385161	0.000000000	1.290	-4.398	-0.086	-0.478	4.935143	1	4294967295
7389.295239999	0.000000000	1.205	-4.729	-0.099	-0.526	4.132512	1	4294967295
7389.594993522	0.000000000	1.257	-4.787	-0.080	-0.500	1.486035	1	4294967295
7389.894819090	0.000000000	1.331	-4.838	-0.057	-0.475	1.496151	1	4294967295
7390.194723373	0.000000000	1.411	-4.877	-0.034	-0.448	1.444586	1	4294967295
7390.494557820	0.000000000	1.495	-4.900	-0.012	-0.420	1.455327	1	4294967295
7390.794474513	0.000000000	1.521	-4.756	-0.008	-0.354	1.752073	1	4294967295
7391.094376371	0.000000000	1.568	-4.723	0.002	-0.320	1.318836	1	4294967295
7391.394310735	0.000000000	1.790	-4.580	0.058	-0.265	2.739132	1	4294967295
7391.694171018	0.000000000	2.027	-4.384	0.112	-0.202	2.655861	1	4294967295
7391.994092896	0.000000000	2.266	-4.276	0.164	-0.165	2.315923	1	4294967295
7392.293979010	0.000000000	2.328	-4.249	0.166	-0.145	0.883405	1	4294967295
-1.000000000	0.000000000	0.000	0.000	0.000	0.000	0.000000	0	0
7392.893686432	0.000000000	2.578	-4.162	0.215	-0.118	2.612646	1	4294967295
7393.193643596	0.000000000	3.294	-3.995	0.373	-0.078	4.348734	1	4294967295
7393.493504920	0.000000000	3.495	-3.857	0.394	-0.041	1.740708	1	4294967295
7393.793478735	0.000000000	3.576	-3.808	0.384	-0.024	0.861955	1	4294967295
7394.093422532	0.000000000	3.826	-3.712	0.415	-0.001	1.825331	1	4294967295
7394.393423024	0.000000000	4.044	-3.583	0.437	0.029	1.813489	1	4294967295
7394.693420615	0.000000000	4.359	-3.467	0.478	0.053	1.783905	1	4294967295
7394.993293762	0.000000000	4.724	-3.479	0.527	0.046	3.568775	1	4294967295
7395.293352767	0.000000000	4.924	-3.364	0.535	0.072	1.660107	1	4294967295
7395.593206593	0.000000000	5.089	-3.302	0.535	0.084	1.472751	1	4294967295
7395.893141488	0.000000000	5.139	-3.206	0.508	0.104	1.867897	1	4294967295
7396.193254436	0.000000000	5.285	-3.152	0.505	0.112	1.454218	1	4294967295
7396.493469242	0.000000000	5.396	-3.073	0.494	0.125	1.540469	1	4294967295
7396.793610223	0.000000000	5.439	-3.009	0.468	0.134	1.773261	1	4294967295
7397.093790370	0.000000000	5.400	-2.949	0.426	0.143	2.001151	1	4294967295
7397.393966996	0.000000000	5.438	-2.845	0.402	0.161	1.752825	1	4294967295
7397.694021925	0.000000000	5.340	-2.787	0.349	0.167	1.753875	1	4294967295
7397.994156321	0.000000000	5.270	-2.732	0.305	0.173	1.526013	1	4294967295
7398.294286227	0.000000000	5.110	-2.740	0.242	0.164	1.829766	1	4294967295
7398.594328051	0.000000000	5.067	-2.721	0.211	0.161	1.387786	1	4294967295
7398.894356834	0.000000000	4.949	-2.697	0.163	0.160	1.535765	1	4294967295
7399.194260081	0.000000000	4.894	-2.666	0.134	0.160	1.271228	1	4294967295
7399.494230955	0.000000000	4.742	-2.619	0.082	0.165	1.447255	1	4294967295
7399.794141879	0.000000000	4.672	-2.601	0.055	0.160	1.109904	1	4294967295
7400.093970536	0.000000000	4.611	-2.568	0.033	0.159	1.044752	1	4294967295
7400.393827648	0.000000000	4.535	-2.514	0.007	0.163	1.057006	1	4294967295
7400.693767311	0.000000000	4.456	-2.468	-0.017	0.166	1.048400	1	4294967295
7400.993699406	0.000000000	4.430	-2.395	-0.025	0.173	1.778266	1	4294967295
7401.293644034	0.000000000	4.492	-2.244	-0.009	0.197	2.792792	1	4294967295
7401.593540102	0.000000000	4.426	-2.213	-0.028	0.192	1.785131	1	4294967295
7401.893380104	0.000000000	4.349	-2.222	-0.047	0.178	1.281135	1	4294967295
7402.193404441	0.000000000	4.263	-2.219	-0.067	0.167	1.771596	1	4294967295
7402.493438929	0.000000000	4.172	-2.231	-0.085	0.153	1.868286	1	4294967295
7402.793411454	0.000000000	4.111	-2.247	-0.095	0.139	1.638857	1	4294967295
7403.093375833	0.000000000	4.016	-2.240	-0.112	0.131	2.028821	1	4294967295
7403.393288568	0.000000000	3.909	-2.283	-0.131	0.112	1.838723	1	4294967295
7403.693300927	0.000000000	3.797	-2.312	-0.150	0.097	1.786443	1	4294967295
7403.993372600	0.000000000	3.680	-2.337	-0.169	0.085	1.790791	1	4294967295
7404.293414049	0.000000000	3.638	-2.285	-0.164	0.090	2.783969	1	4294967295
7404.593459541	0.000000000	3.583	-2.242	-0.164	0.094	2.794870	1	4294967295
7404.893462402	0.000000000	3.500	-2.269	-0.173	0.080	1.580417	1	4294967295
7405.193431392	0.000000000	3.448	-2.256	-0.171	0.076	1.934893	1	4294967295
7405.493603111	0.000000000	3.428	-2.248	-0.162	0.071	1.686594	1	4294967295
7405.793659897	0.000000000	3.315	-2.230	-0.178	0.071	2.221638	1	4294967295
7406.093796753	0.000000000	3.113	-2.276	-0.219	0.056	1.912052	1	4294967295
7406.393881933	0.000000000	2.930	-2.320	-0.252	0.042	1.546714	1	4294967295
7406.694017649	0.000000000	2.744	-2.364	-0.283	0.029	1.426573	1	4294967295
7406.994195008	0.000000000	2.539	-2.412	-0.317	0.017	1.468896	1	4294967295
7407.294298010	0.000000000	2.293	-2.504	-0.361	-0.004	1.703494	1	4294967295
7407.594493056	0.000000000	2.028	-2.614	-0.408	-0.027	1.636137	1	4294967295
7407.894501561	0.000000000	1.787	-2.708	-0.444	-0.044	1.447078	1	4294967295
7408.194704984	0.000000000	1.575	-2.782	-0.469	-0.056	1.171036	1	4294967295
7408.494873809	0.000000000	1.389	-2.846	-0.486	-0.065	1.060024	1	4294967295
7408.795014105	0.000000000	1.220	-2.889	-0.496	-0.068	0.892041	1	4294967295
7409.095208525	0.000000000	1.068	-2.923	-0.501	-0.069	0.824147	1	4294967295
7409.395303225	0.000000000	0.911	-2.956	-0.507	-0.070	0.805994	1	4294967295
7409.695585856	0.000000000	0.764	-2.986	-0.509	-0.069	0.687376	1	4294967295
7409.995757758	0.000000000	0.630	-2.997	-0.506	-0.065	0.575578	1	4294967295
7410.295960868	0.000000000	0.487	-3.011	-0.507	-0.060	0.763840	1	4294967295
7410.596122913	0.000000000	0.360	-3.010	-0.502	-0.053	0.597651	1	4294967295
7410.896364023	0.000000000	0.226	-3.015	-0.500	-0.049	0.520517	1	4294967295
7411.196469946	0.000000000	0.100	-3.019	-0.495	-0.044	0.539513	1	4294967295
7411.496589603	0.000000000	-0.003	-3.029	-0.484	-0.042	0.684895	1	4294967295
7411.796897342	0.000000000	-0.124	-3.028	-0.479	-0.037	0.513824	1	4294967295
7412.108973587	0.000000000	-0.253	-3.014	-0.476	-0.028	0.560127	1	4294967295
7412.397243074	0.000000000	-0.355	-3.013	-0.467	-0.023	0.704680	1	4294967295
7412.697293503	0.000000000	-0.441	-3.012	-0.455	-0.019	0.725592	1	4294967295
7412.997448735	0.000000000	-0.502	-3.008	-0.437	-0.014	0.849017	1	4294967295
7413.297721153	0.000000000	-0.569	-2.994	-0.421	-0.008	0.812846	1	4294967295
7413.597970577	0.000000000	-0.627	-2.972	-0.404	0.001	0.825895	1	4294967295
7413.898153121	0.000000000	-0.693	-2.936	-0.390	0.012	0.750708	1	4294967295
7414.198249929	0.000000000	-0.758	-2.909	-0.377	0.021	0.727874	1	4294967295
7414.498294709	0.000000000	-0.811	-2.874	-0.362	0.031	0.768419	1	4294967295
7414.798474555	0.000000000	-0.851	-2.831	-0.344	0.041	0.835962	1	4294967295
7415.098615184	0.000000000	-0.886	-2.772	-0.326	0.056	0.851296	1	4294967295
7415.398847362	0.000000000	-0.918	-2.700	-0.308	0.073	0.863463	1	4294967295
-1.000000000	0.000000000	0.000	0.000	0.000	0.000	0.000000	0	0
-1.000000000	0.000000000	0.000	0.000	0.000	0.000	0.000000	0	0
-1.000000000	0.000000000	0.000	0.000	0.000	0.000	0.000000	0	0
7416.601500804	0.000000000	-0.975	-2.661	-0.299	0.078	0.724656	1	4294967295
-1.000000000	0.000000000	0.000	0.000	0.000	0.000	0.000000	0	0
7417.199157391	0.000000000	-1.015	-2.531	-0.286	0.110	1.137027	1	4294967295
7417.499179545	0.000000000	-1.035	-2.409	-0.269	0.137	1.111573	1	4294967295
7417.799146478	0.000000000	-1.035	-2.286	-0.247	0.161	1.130046	1	4294967295
7418.099317723	0.000000000	-1.043	-2.181	-0.230	0.178	0.975997	1	4294967295
7418.399452945	0.000000000	-1.039	-2.040	-0.210	0.204	1.116644	1	4294967295
7418.699417345	0.000000000	-1.026	-1.909	-0.190	0.225	1.052396	1	4294967295
7418.999337860	0.000000000	-0.997	-1.778	-0.167	0.243	1.104267	1	4294967295
7419.299365538	0.000000000	-0.961	-1.661	-0.145	0.257	0.981172	1	4294967295
7419.599403346	0.000000000	-0.907	-1.548	-0.119	0.267	1.005286	1	4294967295
7419.899399955	0.000000000	-0.855	-1.439	-0.097	0.276	0.906035	1	4294967295
7420.199317320	0.000000000	-0.795	-1.338	-0.073	0.282	0.899160	1	4294967295
7420.499208568	0.000000000	-0.747	-1.268	-0.055	0.278	0.693364	1	4294967295
7420.799221080	0.000000000	-0.679	-1.191	-0.034	0.277	0.830960	1	4294967295
7421.099206932	0.000000000	-0.602	-1.117	-0.011	0.274	0.823446	1	4294967295
7421.399137934	0.000000000	-0.507	-1.029	0.014	0.275	0.837486	1	4294967295
7421.698971308	0.000000000	-0.403	-0.929	0.039	0.279	0.857762	1	4294967295
7422.004129035	0.000000000	-0.305	-0.830	0.061	0.282	0.694238	1	4294967295
7422.304342861	0.000000000	-0.217	-0.749	0.078	0.280	0.673866	1	4294967295
7422.625167362	0.000000000	0.309	-0.576	0.205	0.292	7.334776	1	4294967295
7422.925120555	0.000000000	0.766	-0.460	0.305	0.292	6.909009	1	4294967295
7423.202460469	0.000000000	0.789	-0.418	0.288	0.282	0.918946	1	4294967295
7423.502687599	0.000000000	0.823	-0.390	0.274	0.268	0.839013	1	4294967295
7423.798087827	0.000000000	0.882	-0.389	0.268	0.249	0.941546	1	4294967295
7424.097903714	0.000000000	0.947	-0.399	0.263	0.228	0.956593	1	4294967295
7424.397718221	0.000000000	1.000	-0.415	0.256	0.207	0.939333	1	4294967295
7424.697447334	0.000000000	1.062	-0.436	0.251	0.186	0.944432	1	4294967295
7425.006349623	0.000000000	1.107	-0.439	0.242	0.171	0.782925	1	4294967295
7425.306330840	0.000000000	1.153	-0.450	0.235	0.154	0.783158	1	4294967295
7425.606579763	0.000000000	1.205	-0.471	0.229	0.136	0.785900	1	4294967295
7425.906754136	0.000000000	1.262	-0.496	0.225	0.119	0.751122	1	4294967295
7426.206868775	0.000000000	1.315	-0.515	0.220	0.105	0.736225	1	4294967295
7426.496554320	0.000000000	1.411	-0.594	0.225	0.076	0.942440	1	4294967295
7426.796239469	0.000000000	1.494	-0.665	0.227	0.053	0.908131	1	4294967295
7427.096063363	0.000000000	1.581	-0.734	0.230	0.031	0.835543	1	4294967295
7427.395905699	0.000000000	1.666	-0.803	0.231	0.011	0.786860	1	4294967295
7427.695844549	0.000000000	1.738	-0.866	0.230	-0.006	0.723673	1	4294967295
7427.996061181	0.000000000	1.820	-0.923	0.232	-0.020	0.562036	1	4294967295
7428.295935761	0.000000000	1.894	-0.985	0.233	-0.034	0.568197	1	4294967295
7428.594835533	0.000000000	1.975	-1.071	0.234	-0.053	0.746318	1	4294967295
7428.895100848	0.000000000	2.039	-1.140	0.231	-0.067	0.593132	1	4294967295
7429.195087592	0.000000000	2.093	-1.211	0.225	-0.080	0.590975	1	4294967295
7429.494962092	0.000000000	2.147	-1.277	0.220	-0.091	0.572322	1	4294967295
7429.794724922	0.000000000	2.169	-1.386	0.206	-0.111	0.806833	1	4294967295
7430.094764948	0.000000000	2.282	-1.624	0.219	-0.163	3.093729	1	4294967295
7430.394251995	0.000000000	2.386	-1.837	0.229	-0.204	2.955893	1	4294967295
7430.693831889	0.000000000	2.468	-2.042	0.232	-0.240	2.854251	1	4294967295
7430.993968327	0.000000000	2.521	-2.217	0.227	-0.266	2.798287	1	4294967295
7431.293588480	0.000000000	2.498	-2.308	0.200	-0.268	1.019883	1	4294967295
7431.593672052	0.000000000	2.467	-2.378	0.174	-0.265	0.993287	1	4294967295
7431.909868516	0.000000000	2.432	-2.451	0.148	-0.263	0.940993	1	4294967295
7432.209962818	0.000000000	2.394	-2.520	0.125	-0.259	0.868424	1	4294967295
7432.510036496	0.000000000	2.356	-2.594	0.103	-0.257	0.810704	1	4294967295
7432.810217341	0.000000000	2.319	-2.678	0.084	-0.258	0.736897	1	4294967295
7433.092698472	0.000000000	2.266	-2.780	0.061	-0.263	0.783768	1	4294967295
7433.392257341	0.000000000	2.222	-2.882	0.043	-0.267	0.766610	1	4294967295
7433.692306506	0.000000000	2.176	-2.970	0.025	-0.267	0.733935	1	4294967295
7433.992184209	0.000000000	2.124	-3.051	0.007	-0.266	0.770959	1	4294967295
7434.292325690	0.000000000	2.059	-3.121	-0.013	-0.261	0.827297	1	4294967295
7434.592387927	0.000000000	1.997	-3.189	-0.032	-0.256	0.850604	1	4294967295
7434.892499943	0.000000000	1.919	-3.239	-0.053	-0.246	0.874999	1	4294967295
7435.192513303	0.000000000	1.843	-3.278	-0.072	-0.235	0.790660	1	4294967295
7435.492657894	0.000000000	1.788	-3.317	-0.083	-0.225	0.780649	1	4294967295
7435.792782769	0.000000000	1.722	-3.345	-0.096	-0.212	0.831033	1	4294967295
7436.092914977	0.000000000	1.639	-3.355	-0.114	-0.196	0.883847	1	4294967295
7436.393218744	0.000000000	1.556	-3.353	-0.130	-0.177	0.887185	1	4294967295
7436.693366634	0.000000000	1.488	-3.336	-0.140	-0.156	0.802875	1	4294967295
7436.993197464	0.000000000	1.417	-3.338	-0.150	-0.142	0.741101	1	4294967295
7437.293228961	0.000000000	1.367	-3.343	-0.153	-0.131	0.628390	1	4294967295
7437.593388921	0.000000000	1.280	-3.311	-0.167	-0.109	0.879935	1	4294967295
7437.893486314	0.000000000	1.213	-3.269	-0.173	-0.087	0.795143	1	4294967295
7438.193535434	0.000000000	1.163	-3.213	-0.175	-0.063	0.846389	1	4294967295
7438.493594838	0.000000000	1.100	-3.162	-0.180	-0.042	0.873141	1	4294967295
7438.793512261	0.000000000	1.049	-3.109	-0.181	-0.023	0.791210	1	4294967295
7439.093796761	0.000000000	0.996	-3.058	-0.182	-0.006	0.636262	1	4294967295
7439.393674325	0.000000000	0.965	-2.995	-0.177	0.013	0.761478	1	4294967295
7439.693696981	0.000000000	0.927	-2.917	-0.174	0.034	0.764872	1	4294967295
7439.993807395	0.000000000	0.909	-2.847	-0.166	0.051	0.706418	1	4294967295
7440.293745387	0.000000000	0.900	-2.776	-0.156	0.067	0.727051	1	4294967295
7440.593734732	0.000000000	0.902	-2.699	-0.144	0.084	0.745308	1	4294967295
7440.893695382	0.000000000	0.922	-2.633	-0.127	0.096	0.729182	1	4294967295
7441.193629468	0.000000000	0.937	-2.569	-0.114	0.107	0.723464	1	4294967295
7441.493478454	0.000000000	0.963	-2.505	-0.098	0.116	0.759067	1	4294967295
7441.793438586	0.000000000	0.984	-2.445	-0.085	0.124	0.658223	1	4294967295
7442.093302180	0.000000000	1.024	-2.393	-0.068	0.129	0.713008	1	4294967295
7442.393193009	0.000000000	1.235	-2.260	-0.003	0.150	3.000185	1	4294967295
7442.693027361	0.000000000	1.289	-2.229	0.011	0.147	0.593719	1	4294967295
7442.992943977	0.000000000	1.501	-2.113	0.069	0.163	2.809714	1	4294967295
7443.292807805	0.000000000	1.538	-2.087	0.073	0.158	0.473425	1	4294967295
7443.592760644	0.000000000	1.586	-2.059	0.079	0.154	0.531531	1	4294967295
7443.892608336	0.000000000	1.818	-1.971	0.134	0.162	2.619785	1	4294967295
7444.192476096	0.000000000	2.043	-1.914	0.183	0.161	2.505934	1	4294967295
7444.506738475	0.000000000	2.259	-1.859	0.226	0.160	2.325875	1	4294967295
7444.806682200	0.000000000	2.316	-1.856	0.223	0.148	0.526129	1	4294967295
7445.106688791	0.000000000	2.394	-1.840	0.226	0.140	0.325574	1	4294967295
7445.415222311	0.000000000	2.626	-1.851	0.266	0.124	1.797660	1	4294967295
7445.715052921	0.000000000	2.850	-1.842	0.301	0.116	1.524320	1	4294967295
7445.992265735	0.000000000	2.994	-1.777	0.315	0.123	2.148105	1	4294967295
7446.292484799	0.000000000	3.076	-1.687	0.312	0.137	2.158095	1	4294967295
7446.592426825	0.000000000	3.049	-1.602	0.284	0.149	2.307648	1	4294967295
7446.892682205	0.000000000	3.076	-1.487	0.271	0.167	2.078500	1	4294967295
7447.192733455	0.000000000	3.037	-1.463	0.241	0.162	1.278329	1	4294967295
7447.492941393	0.000000000	2.978	-1.437	0.208	0.157	1.339140	1	4294967295
7447.792982774	0.000000000	2.854	-1.451	0.161	0.144	1.579761	1	4294967295
7448.092999654	0.000000000	2.760	-1.469	0.123	0.131	1.441295	1	4294967295
7448.393030201	0.000000000	2.661	-1.471	0.087	0.123	1.277507	1	4294967295
7448.708110521	0.000000000	2.656	-1.541	0.080	0.095	2.904758	1	4294967295
7449.008044344	0.000000000	2.592	-1.513	0.057	0.096	0.970271	1	4294967295
7449.308007073	0.000000000	2.508	-1.522	0.029	0.088	1.088064	1	4294967295
7449.607994062	0.000000000	2.525	-1.582	0.032	0.065	2.879492	1	4294967295
7449.892962720	0.000000000	2.512	-1.663	0.026	0.041	2.912543	1	4294967295
7450.192911440	0.000000000	2.546	-1.746	0.033	0.017	2.782923	1	4294967295
7450.492826545	0.000000000	2.633	-1.711	0.055	0.022	3.477321	1	4294967295
7450.792750445	0.000000000	2.713	-1.687	0.073	0.025	3.416005	1	4294967295
7451.092749537	0.000000000	2.720	-1.738	0.069	0.011	2.842147	1	4294967295
7451.392734337	0.000000000	2.725	-1.778	0.063	0.001	2.833621	1	4294967295
7451.692710706	0.000000000	2.693	-1.827	0.048	-0.010	2.877243	1	4294967295
7451.992678067	0.000000000	2.646	-1.896	0.030	-0.024	2.880382	1	4294967295
7452.292609590	0.000000000	2.644	-1.951	0.026	-0.036	2.748262	1	4294967295
7452.592679923	0.000000000	2.611	-1.994	0.013	-0.042	2.829827	1	4294967295
7452.892637275	0.000000000	2.630	-2.059	0.016	-0.056	2.655837	1	4294967295
7453.192750264	0.000000000	2.634	-2.085	0.016	-0.058	2.702409	1	4294967295
7453.492735720	0.000000000	2.642	-2.134	0.017	-0.066	2.630920	1	4294967295
