

13:44:31.558:
0x1C1C , 575 
0x2020 , 330 
0x3E3E , 388 
0x4D4D , -8 
0x6E6E , 0 

13:44:32.293:
0x1C1C , -5 
0x2020 , 0 
0x3E3E , -14 
0x4D4D , -8 
0x6E6E , 0 

13:44:33.043:
0x1C1C , -5 
0x2020 , 0 
0x3E3E , -14 
0x4D4D , -8 
0x6E6E , 219 

13:44:33.808:
0x1C1C , -5 
0x2020 , 0 
0x3E3E , 475 
0x4D4D , 544 
0x6E6E , 193 

13:44:34.574:
0x1C1C , -5 
0x2020 , 0 
0x3E3E , 462 
0x4D4D , 498 
0x6E6E , 170 

13:44:35.371:
0x1C1C , -5 
0x2020 , 0 
0x3E3E , 482 
0x4D4D , 469 
0x6E6E , 174 

13:44:41.821:
0x1C1C , 604 
0x2020 , 419 
0x3E3E , 614 
0x4D4D , 300 
0x6E6E , 387 

13:44:42.556:
0x1C1C , -5 
0x2020 , 419 
0x3E3E , 626 
0x4D4D , -8 
0x6E6E , 404 

13:44:43.306:
0x1C1C , 573 
0x2020 , 403 
0x3E3E , 639 
0x4D4D , -8 
0x6E6E , 439 

13:44:44.024:
0x1C1C , -5 
0x2020 , 411 
0x3E3E , 630 
0x4D4D , -8 
0x6E6E , 457 

13:44:44.774:
0x1C1C , 559 
0x2020 , 413 
0x3E3E , 637 
0x4D4D , -8 
0x6E6E , 479 

13:44:45.540:
0x1C1C , -5 
0x2020 , 408 
0x3E3E , 642 
0x4D4D , -8 
0x6E6E , 494 

13:44:46.306:
0x1C1C , 507 
0x2020 , 410 
0x3E3E , 648 
0x4D4D , -8 
0x6E6E , 500 

13:44:47.071:
0x1C1C , -5 
0x2020 , 396 
0x3E3E , 648 
0x4D4D , 175 
0x6E6E , 522 

13:45:00.416:
0x1C1C , 133 
0x2020 , 215 
0x3E3E , 373 
0x4D4D , 610 
0x6E6E , 612 

13:45:01.181:
0x1C1C , -5 
0x2020 , 190 
0x3E3E , 334 
0x4D4D , -8 
0x6E6E , 587 

13:45:01.994:
0x1C1C , 197 
0x2020 , 192 
0x3E3E , -465 
0x4D4D , -8 
0x6E6E , 569 

13:45:02.758:
0x1C1C , -5 
0x2020 , 182 
0x3E3E , 262 
0x4D4D , 647 
0x6E6E , 539 

13:45:03.555:
0x1C1C , 276 
0x2020 , 182 
0x3E3E , 230 
0x4D4D , 663 
0x6E6E , 531 

13:45:05.211:
0x1C1C , 352 
0x2020 , 215 
0x3E3E , 125 
0x4D4D , 686 
0x6E6E , 481 

13:45:05.930:
0x1C1C , -5 
0x2020 , 252 
0x3E3E , 110 
0x4D4D , -8 
0x6E6E , 0 

13:45:06.664:
0x1C1C , 434 
0x2020 , 284 
0x3E3E , 106 
0x4D4D , -8 
0x6E6E , 0 

13:45:07.430:
0x1C1C , -5 
0x2020 , 284 
0x3E3E , 130 
0x4D4D , 682 
0x6E6E , 0 

13:45:08.180:
0x1C1C , 459 
0x2020 , 268 
0x3E3E , 160 
0x4D4D , -8 
0x6E6E , 0 

13:45:08.961:
0x1C1C , -5 
0x2020 , 268 
0x3E3E , 200 
0x4D4D , -8 
0x6E6E , 0 

13:45:09.727:
0x1C1C , 480 
0x2020 , 287 
0x3E3E , 246 
0x4D4D , 652 
0x6E6E , 0 

13:45:10.477:
0x1C1C , -5 
0x2020 , 301 
0x3E3E , 276 
0x4D4D , -8 
0x6E6E , 0 

13:45:11.290:
0x1C1C , 515 
0x2020 , 309 
0x3E3E , 300 
0x4D4D , 562 
0x6E6E , 0 

13:45:12.040:
0x1C1C , -5 
0x2020 , 314 
0x3E3E , 337 
0x4D4D , -8 
0x6E6E , 0 

13:45:12.817:
0x1C1C , 546 
0x2020 , 289 
0x3E3E , 372 
0x4D4D , 515 
0x6E6E , 0 

13:45:13.583:
0x1C1C , -5 
0x2020 , 282 
0x3E3E , 389 
0x4D4D , 494 
0x6E6E , 0 

13:45:14.364:
0x1C1C , 460 
0x2020 , 258 
0x3E3E , 394 
0x4D4D , 443 
0x6E6E , 0 

13:45:15.162:
0x1C1C , -5 
0x2020 , 247 
0x3E3E , 408 
0x4D4D , 426 
0x6E6E , 0 

13:45:16.785:
0x1C1C , -5 
0x2020 , 224 
0x3E3E , 440 
0x4D4D , 369 
0x6E6E , 382 

13:45:17.519:
0x1C1C , 441 
0x2020 , 225 
0x3E3E , 473 
0x4D4D , 338 
0x6E6E , 416 

13:45:18.285:
0x1C1C , -5 
0x2020 , 265 
0x3E3E , 501 
0x4D4D , 326 
0x6E6E , 452 

13:45:19.035:
0x1C1C , 401 
0x2020 , 270 
0x3E3E , 524 
0x4D4D , -8 
0x6E6E , 480 

13:45:19.753:
0x1C1C , -5 
0x2020 , 260 
0x3E3E , 534 
0x4D4D , -8 
0x6E6E , 498 

13:45:20.535:
0x1C1C , 376 
0x2020 , 369 
0x3E3E , 567 
0x4D4D , -8 
0x6E6E , 527 

13:45:21.285:
0x1C1C , -5 
0x2020 , 312 
0x3E3E , -87 
0x4D4D , -8 
0x6E6E , 541 

13:45:22.050:
0x1C1C , 418 
0x2020 , 354 
0x3E3E , 623 
0x4D4D , -8 
0x6E6E , 538 

13:45:22.785:
0x1C1C , -5 
0x2020 , 365 
0x3E3E , 623 
0x4D4D , -8 
0x6E6E , 523 

13:45:23.535:
0x1C1C , 492 
0x2020 , 389 
0x3E3E , -14 
0x4D4D , -8 
0x6E6E , 0 

13:45:24.285:
0x1C1C , -5 
0x2020 , 0 
0x3E3E , -14 
0x4D4D , -8 
0x6E6E , 490 

13:45:25.082:
0x1C1C , -5 
0x2020 , 0 
0x3E3E , 648 
0x4D4D , 180 
0x6E6E , 469 

13:45:25.832:
0x1C1C , 545 
0x2020 , 0 
0x3E3E , 641 
0x4D4D , -8 
0x6E6E , 444 

13:45:28.800:
0x1C1C , -5 
0x2020 , 0 
0x3E3E , -14 
0x4D4D , -8 
0x6E6E , 0 

13:45:30.392:
0x1C1C , -5 
0x2020 , 0 
0x3E3E , 554 
0x4D4D , -8 
0x6E6E , 249 

13:45:31.142:
0x1C1C , -5 
0x2020 , 383 
0x3E3E , 515 
0x4D4D , -8 
0x6E6E , 243 

13:45:31.939:
0x1C1C , 615 
0x2020 , 365 
0x3E3E , 482 
0x4D4D , -8 
0x6E6E , 217 

13:45:32.720:
0x1C1C , -5 
0x2020 , 355 
0x3E3E , 441 
0x4D4D , 493 
0x6E6E , 222 

13:45:33.470:
0x1C1C , 602 
0x2020 , 345 
0x3E3E , 431 
0x4D4D , 570 
0x6E6E , 190 

13:45:34.236:
0x1C1C , -5 
0x2020 , 339 
0x3E3E , 417 
0x4D4D , 582 
0x6E6E , 201 

13:45:35.002:
0x1C1C , 587 
0x2020 , 334 
0x3E3E , 416 
0x4D4D , -8 
0x6E6E , 199 

13:45:35.783:
0x1C1C , -5 
0x2020 , 332 
0x3E3E , 417 
0x4D4D , -8 
0x6E6E , 198 

13:45:36.549:
0x1C1C , 596 
0x2020 , 330 
0x3E3E , 423 
0x4D4D , 509 
0x6E6E , 190 

13:45:37.330:
0x1C1C , -5 
0x2020 , 328 
0x3E3E , 420 
0x4D4D , 529 
0x6E6E , 185 

13:45:38.127:
0x1C1C , 592 
0x2020 , 330 
0x3E3E , 418 
0x4D4D , 518 
0x6E6E , 192 

13:45:38.908:
0x1C1C , -5 
0x2020 , 334 
0x3E3E , 420 
0x4D4D , 521 
0x6E6E , 191 

13:45:39.705:
0x1C1C , 598 
0x2020 , 337 
0x3E3E , 430 
0x4D4D , 573 
0x6E6E , 190 

13:45:40.472:
0x1C1C , -5 
0x2020 , 359 
0x3E3E , 409 
0x4D4D , 508 
0x6E6E , 205 

13:45:42.097:
0x1C1C , -5 
0x2020 , 318 
0x3E3E , 409 
0x4D4D , -8 
0x6E6E , 190 

13:45:42.829:
0x1C1C , 587 
0x2020 , 328 
0x3E3E , 395 
0x4D4D , -8 
0x6E6E , 205 