

14:02:17.737:
0x1C1C , 325 
0x3E3E , 321 
0x4D4D , 678 
0x6E6E , 592 

14:02:18.504:
0x1C1C , -5 
0x3E3E , 312 
0x4D4D , 693 
0x6E6E , 587 

14:02:19.397:
0x1C1C , 384 
0x3E3E , 311 
0x4D4D , 701 
0x6E6E , 576 

14:02:20.226:
0x1C1C , -5 
0x3E3E , -14 
0x4D4D , -8 
0x6E6E , 0 

14:02:21.101:
0x1C1C , -5 
0x3E3E , -14 
0x4D4D , -8 
0x6E6E , 0 

14:02:21.987:
0x1C1C , -5 
0x3E3E , -14 
0x4D4D , 741 
0x6E6E , 0 

14:02:22.862:
0x1C1C , -5 
0x3E3E , -14 
0x4D4D , 748 
0x6E6E , 0 

14:02:23.733:
0x1C1C , -5 
0x3E3E , -14 
0x4D4D , -8 
0x6E6E , 0 

14:02:24.623:
0x1C1C , -5 
0x3E3E , -14 
0x4D4D , -8 
0x6E6E , 0 

14:02:26.389:
0x1C1C , -5 
0x3E3E , -14 
0x4D4D , 685 
0x6E6E , 0 

14:02:27.217:
0x1C1C , -5 
0x3E3E , -14 
0x4D4D , 652 
0x6E6E , 0 

14:02:28.103:
0x1C1C , -5 
0x3E3E , -14 
0x4D4D , 637 
0x6E6E , 0 

14:02:28.963:
0x1C1C , -5 
0x3E3E , -14 
0x4D4D , 618 
0x6E6E , 0 

14:02:29.838:
0x1C1C , -5 
0x3E3E , -14 
0x4D4D , -8 
0x6E6E , 0 

14:02:30.713:
0x1C1C , -5 
0x3E3E , -14 
0x4D4D , 546 
0x6E6E , 0 

14:02:31.650:
0x1C1C , 498 
0x3E3E , 343 
0x4D4D , 509 
0x6E6E , 231 

14:02:32.510:
0x1C1C , -5 
0x3E3E , 421 
0x4D4D , 484 
0x6E6E , 242 

14:02:33.398:
0x1C1C , 513 
0x3E3E , 387 
0x4D4D , 456 
0x6E6E , 260 

14:02:34.273:
0x1C1C , -5 
0x3E3E , 403 
0x4D4D , 463 
0x6E6E , 286 

14:02:36.008:
0x1C1C , 484 
0x3E3E , 404 
0x4D4D , -8 
0x6E6E , 349 

14:02:36.898:
0x1C1C , -5 
0x3E3E , 440 
0x4D4D , 474 
0x6E6E , 357 

14:02:37.773:
0x1C1C , 497 
0x3E3E , 490 
0x4D4D , -8 
0x6E6E , 380 

14:02:38.633:
0x1C1C , -5 
0x3E3E , 479 
0x4D4D , -8 
0x6E6E , 410 

14:02:40.445:
0x1C1C , -5 
0x3E3E , 461 
0x4D4D , -8 
0x6E6E , 425 

14:02:41.227:
0x1C1C , 508 
0x3E3E , 522 
0x4D4D , -8 
0x6E6E , 443 

14:02:42.086:
0x1C1C , -5 
0x3E3E , 545 
0x4D4D , -8 
0x6E6E , 464 

14:02:45.164:
0x1C1C , -5 
0x3E3E , -14 
0x4D4D , -8 
0x6E6E , 0 

14:02:45.883:
0x1C1C , 333 
0x3E3E , 532 
0x4D4D , 350 
0x6E6E , 0 

14:02:46.602:
0x1C1C , -5 
0x3E3E , 510 
0x4D4D , -8 
0x6E6E , 0 

14:02:47.352:
0x1C1C , -5 
0x3E3E , 483 
0x4D4D , -8 
0x6E6E , 0 

14:02:48.242:
0x1C1C , 253 
0x3E3E , 432 
0x4D4D , 434 
0x6E6E , 0 

14:02:49.117:
0x1C1C , -5 
0x3E3E , 435 
0x4D4D , -8 
0x6E6E , 0 

14:02:50.008:
0x1C1C , 184 
0x3E3E , 404 
0x4D4D , 501 
0x6E6E , 0 

14:02:50.852:
0x1C1C , -5 
0x3E3E , -14 
0x4D4D , -8 
0x6E6E , 0 

14:02:51.742:
0x1C1C , -5 
0x3E3E , -14 
0x4D4D , -8 
0x6E6E , 0 

14:02:52.633:
0x1C1C , -5 
0x3E3E , 410 
0x4D4D , -8 
0x6E6E , 0 

14:02:53.508:
0x1C1C , -5 
0x3E3E , 413 
0x4D4D , 517 
0x6E6E , 0 

14:02:55.274:
0x1C1C , -5 
0x3E3E , 440 
0x4D4D , 535 
0x6E6E , 577 

14:02:56.102:
0x1C1C , -5 
0x3E3E , 426 
0x4D4D , -8 
0x6E6E , 614 

14:02:56.977:
0x1C1C , -5 
0x3E3E , 410 
0x4D4D , 586 
0x6E6E , 0 

14:02:57.867:
0x1C1C , -5 
0x3E3E , 402 
0x4D4D , 665 
0x6E6E , 0 

14:02:58.727:
0x1C1C , -5 
0x3E3E , 398 
0x4D4D , -8 
0x6E6E , 0 

14:02:59.602:
0x1C1C , -5 
0x3E3E , 393 
0x4D4D , -8 
0x6E6E , 0 

14:03:00.477:
0x1C1C , -5 
0x3E3E , 396 
0x4D4D , -8 
0x6E6E , 0 

14:03:01.365:
0x1C1C , -5 
0x3E3E , 375 
0x4D4D , -8 
0x6E6E , 0 

14:03:02.251:
0x1C1C , 344 
0x3E3E , 387 
0x4D4D , -8 
0x6E6E , 0 

14:03:03.126:
0x1C1C , -5 
0x3E3E , 358 
0x4D4D , -8 
0x6E6E , 0 

14:03:04.017:
0x1C1C , 322 
0x3E3E , 354 
0x4D4D , -8 
0x6E6E , 0 

14:03:04.876:
0x1C1C , -5 
0x3E3E , 306 
0x4D4D , -8 
0x6E6E , 0 

14:03:05.782:
0x1C1C , 337 
0x3E3E , 281 
0x4D4D , -8 
0x6E6E , 0 

14:03:06.642:
0x1C1C , -5 
0x3E3E , 254 
0x4D4D , -8 
0x6E6E , 0 

14:03:08.449:
0x1C1C , -5 
0x3E3E , -572 
0x4D4D , 683 
0x6E6E , 0 

14:03:09.230:
0x1C1C , 463 
0x3E3E , 189 
0x4D4D , 680 
0x6E6E , 0 

14:03:10.090:
0x1C1C , -5 
0x3E3E , 241 
0x4D4D , 655 
0x6E6E , 0 

14:03:10.980:
0x1C1C , 520 
0x3E3E , 291 
0x4D4D , -8 
0x6E6E , 0 

14:03:14.043:
0x1C1C , -5 
0x3E3E , -14 
0x4D4D , -8 
0x6E6E , 0 

14:03:14.777:
0x1C1C , 638 
0x3E3E , 551 
0x4D4D , -8 
0x6E6E , 268 

14:03:15.475:
0x1C1C , -5 
0x3E3E , -14 
0x4D4D , -8 
0x6E6E , 0 

14:03:16.225:
0x1C1C , -5 
0x3E3E , -14 
0x4D4D , -8 
0x6E6E , 0 

14:03:17.100:
0x1C1C , -5 
0x3E3E , -14 
0x4D4D , -8 
0x6E6E , 0 

14:03:17.991:
0x1C1C , -5 
0x3E3E , -14 
0x4D4D , -8 
0x6E6E , 413 

14:03:18.897:
0x1C1C , -5 
0x3E3E , 644 
0x4D4D , 222 
0x6E6E , 467 

14:03:21.944:
0x1C1C , -5 
0x3E3E , -14 
0x4D4D , -8 
0x6E6E , 0 

14:03:22.692:
0x1C1C , 366 
0x3E3E , 583 
0x4D4D , -8 
0x6E6E , 579 

14:03:23.458:
0x1C1C , -5 
0x3E3E , 554 
0x4D4D , -8 
0x6E6E , 560 

14:03:25.114:
0x1C1C , -5 
0x3E3E , -14 
0x4D4D , -8 
0x6E6E , 582 

14:03:25.833:
0x1C1C , 275 
0x3E3E , -14 
0x4D4D , -8 
0x6E6E , 0 

14:03:26.692:
0x1C1C , -5 
0x3E3E , -14 
0x4D4D , -8 
0x6E6E , 0 

14:03:27.598:
0x1C1C , 244 
0x3E3E , -14 
0x4D4D , -8 
0x6E6E , 0 

14:03:28.473:
0x1C1C , -5 
0x3E3E , -14 
0x4D4D , -8 
0x6E6E , 547 

14:03:29.348:
0x1C1C , 274 
0x3E3E , -14 
0x4D4D , -8 
0x6E6E , 495 

14:03:30.239:
0x1C1C , -5 
0x3E3E , -14 
0x4D4D , -8 
0x6E6E , 458 

14:03:31.114:
0x1C1C , 358 
0x3E3E , -14 
0x4D4D , -8 
0x6E6E , 424 

14:03:31.973:
0x1C1C , -5 
0x3E3E , -14 
0x4D4D , -8 
0x6E6E , 397 

14:03:32.864:
0x1C1C , 434 
0x3E3E , -14 
0x4D4D , -8 
0x6E6E , 397 

14:03:33.740:
0x1C1C , -5 
0x3E3E , -14 
0x4D4D , -8 
0x6E6E , 395 

14:03:34.662:
0x1C1C , 433 
0x3E3E , 437 
0x4D4D , 412 
0x6E6E , 395 

14:03:37.706:
0x1C1C , -5 
0x3E3E , -14 
0x4D4D , -8 
0x6E6E , 0 

14:03:38.472:
0x1C1C , 381 
0x3E3E , 368 
0x4D4D , 479 
0x6E6E , 383 

14:03:40.066:
0x1C1C , -5 
0x3E3E , -14 
0x4D4D , -8 
0x6E6E , 0 

14:03:40.769:
0x1C1C , -5 
0x3E3E , -14 
0x4D4D , 508 
0x6E6E , 455 

14:03:41.581:
0x1C1C , -5 
0x3E3E , -14 
0x4D4D , 512 
0x6E6E , 452 

14:03:42.472:
0x1C1C , -5 
0x3E3E , -14 
0x4D4D , 480 
0x6E6E , 459 

14:03:43.347:
0x1C1C , -5 
0x3E3E , -14 
0x4D4D , 454 
0x6E6E , 0 

14:03:44.206:
0x1C1C , -5 
0x3E3E , -14 
0x4D4D , -8 
0x6E6E , 0 

14:03:45.097:
0x1C1C , -5 
0x3E3E , -14 
0x4D4D , -8 
0x6E6E , 0 

14:03:45.988:
0x1C1C , -5 
0x3E3E , -14 
0x4D4D , 517 
0x6E6E , 418 

14:03:46.863:
0x1C1C , -5 
0x3E3E , -14 
0x4D4D , 517 
0x6E6E , 387 

14:03:47.722:
0x1C1C , -5 
0x3E3E , -14 
0x4D4D , -8 
0x6E6E , 375 

14:03:48.614:
0x1C1C , -5 
0x3E3E , -14 
0x4D4D , -8 
0x6E6E , 375 

14:03:51.692:
0x1C1C , -5 
0x3E3E , -14 
0x4D4D , -8 
0x6E6E , 0 

14:03:52.442:
0x1C1C , 364 
0x3E3E , 415 
0x4D4D , 387 
0x6E6E , 0 

14:03:53.192:
0x1C1C , -5 
0x3E3E , 400 
0x4D4D , 436 
0x6E6E , 0 

14:03:54.801:
0x1C1C , -5 
0x3E3E , 371 
0x4D4D , -8 
0x6E6E , 0 

14:03:55.598:
0x1C1C , 331 
0x3E3E , 359 
0x4D4D , -8 
0x6E6E , 0 

14:03:56.458:
0x1C1C , -5 
0x3E3E , 362 
0x4D4D , -8 
0x6E6E , 0 

14:03:57.364:
0x1C1C , 399 
0x3E3E , 365 
0x4D4D , 546 
0x6E6E , 0 

14:03:58.223:
0x1C1C , -5 
0x3E3E , 398 
0x4D4D , 541 
0x6E6E , 0 

14:03:59.114:
0x1C1C , 473 
0x3E3E , 425 
0x4D4D , 555 
0x6E6E , 0 

14:03:59.973:
0x1C1C , -5 
0x3E3E , 448 
0x4D4D , -8 
0x6E6E , 0 

14:04:03.051:
0x1C1C , -5 
0x3E3E , -14 
0x4D4D , -8 
0x6E6E , 0 

14:04:03.784:
0x1C1C , 484 
0x3E3E , 538 
0x4D4D , -8 
0x6E6E , 475 

14:04:04.534:
0x1C1C , -5 
0x3E3E , 510 
0x4D4D , 365 
0x6E6E , 468 

14:04:05.284:
0x1C1C , 379 
0x3E3E , 505 
0x4D4D , 362 
0x6E6E , 0 

14:04:06.128:
0x1C1C , -5 
0x3E3E , 497 
0x4D4D , -8 
0x6E6E , 484 

14:04:07.003:
0x1C1C , 314 
0x3E3E , 471 
0x4D4D , -8 
0x6E6E , 0 

14:04:07.878:
0x1C1C , -5 
0x3E3E , 443 
0x4D4D , -8 
0x6E6E , 0 

14:04:09.675:
0x1C1C , -5 
0x3E3E , 407 
0x4D4D , -8 
0x6E6E , 0 

14:04:10.472:
0x1C1C , 214 
0x3E3E , 388 
0x4D4D , -8 
0x6E6E , 0 

14:04:11.332:
0x1C1C , -5 
0x3E3E , 347 
0x4D4D , -8 
0x6E6E , 0 

14:04:12.237:
0x1C1C , 270 
0x3E3E , 367 
0x4D4D , -8 
0x6E6E , 0 

14:04:13.096:
0x1C1C , -5 
0x3E3E , 305 
0x4D4D , -8 
0x6E6E , 0 

14:04:13.971:
0x1C1C , 317 
0x3E3E , 312 
0x4D4D , -8 
0x6E6E , 0 

14:04:14.862:
0x1C1C , -5 
0x3E3E , 328 
0x4D4D , -8 
0x6E6E , 0 

14:04:15.737:
0x1C1C , 412 
0x3E3E , 307 
0x4D4D , -8 
0x6E6E , 0 

14:04:16.627:
0x1C1C , -5 
0x3E3E , 338 
0x4D4D , 575 
0x6E6E , 412 

14:04:17.580:
0x1C1C , 446 
0x3E3E , 368 
0x4D4D , -8 
0x6E6E , 0 

14:04:18.362:
0x1C1C , -5 
0x3E3E , -14 
0x4D4D , -8 
0x6E6E , 415 

14:04:19.237:
0x1C1C , -5 
0x3E3E , -14 
0x4D4D , -8 
0x6E6E , 375 

14:04:20.112:
0x1C1C , -5 
0x3E3E , -14 
0x4D4D , -8 
0x6E6E , 359 

14:04:21.002:
0x1C1C , -5 
0x3E3E , -14 
0x4D4D , -8 
0x6E6E , 353 

14:04:22.752:
0x1C1C , 478 
0x3E3E , -14 
0x4D4D , -8 
0x6E6E , 381 

14:04:23.565:
0x1C1C , -5 
0x3E3E , -14 
0x4D4D , -8 
0x6E6E , 397 

14:04:24.456:
0x1C1C , 469 
0x3E3E , -14 
0x4D4D , -8 
0x6E6E , 0 

14:04:25.331:
0x1C1C , -5 
0x3E3E , -14 
0x4D4D , -8 
0x6E6E , 430 

14:04:26.206:
0x1C1C , 402 
0x3E3E , -14 
0x4D4D , -8 
0x6E6E , 0 

14:04:27.096:
0x1C1C , -5 
0x3E3E , -14 
0x4D4D , -8 
0x6E6E , 453 

14:04:27.987:
0x1C1C , 332 
0x3E3E , -14 
0x4D4D , -8 
0x6E6E , 475 

14:04:28.862:
0x1C1C , -5 
0x3E3E , 439 
0x4D4D , -8 
0x6E6E , 475 

14:04:29.753:
0x1C1C , 316 
0x3E3E , 417 
0x4D4D , -8 
0x6E6E , 504 

14:04:30.628:
0x1C1C , -5 
0x3E3E , 416 
0x4D4D , -8 
0x6E6E , 489 

14:04:31.515:
0x1C1C , 311 
0x3E3E , 406 
0x4D4D , -8 
0x6E6E , 502 

14:04:32.390:
0x1C1C , -5 
0x3E3E , 391 
0x4D4D , -8 
0x6E6E , 509 

14:04:33.281:
0x1C1C , 322 
0x3E3E , 370 
0x4D4D , -8 
0x6E6E , 508 

14:04:34.140:
0x1C1C , -5 
0x3E3E , 365 
0x4D4D , -8 
0x6E6E , 501 

14:04:35.984:
0x1C1C , -5 
0x3E3E , 374 
0x4D4D , 598 
0x6E6E , 0 

14:04:36.781:
0x1C1C , -5 
0x3E3E , -14 
0x4D4D , -8 
0x6E6E , 0 

14:04:37.593:
0x1C1C , -5 
0x3E3E , -14 
0x4D4D , -8 
0x6E6E , 412 

14:04:38.484:
0x1C1C , 486 
0x3E3E , -14 
0x4D4D , -8 
0x6E6E , 393 

14:04:39.359:
0x1C1C , -5 
0x3E3E , -14 
0x4D4D , 599 
0x6E6E , 390 

14:04:40.249:
0x1C1C , 527 
0x3E3E , -14 
0x4D4D , 601 
0x6E6E , 401 

14:04:41.109:
0x1C1C , -5 
0x3E3E , -14 
0x4D4D , 570 
0x6E6E , 374 

14:04:42.015:
0x1C1C , 540 
0x3E3E , -14 
0x4D4D , 524 
0x6E6E , 362 

14:04:42.874:
0x1C1C , -5 
0x3E3E , -14 
0x4D4D , 459 
0x6E6E , 357 

14:04:43.765:
0x1C1C , 499 
0x3E3E , -14 
0x4D4D , 418 
0x6E6E , 370 

14:04:44.640:
0x1C1C , -5 
0x3E3E , -14 
0x4D4D , 381 
0x6E6E , 397 

14:04:45.531:
0x1C1C , 433 
0x3E3E , -14 
0x4D4D , 359 
0x6E6E , 400 

14:04:46.389:
0x1C1C , -5 
0x3E3E , 455 
0x4D4D , 353 
0x6E6E , 0 

14:04:47.293:
0x1C1C , 389 
0x3E3E , 446 
0x4D4D , 361 
0x6E6E , 0 

14:05:01.567:
0x1C1C , 495 
0x3E3E , 446 
0x4D4D , 416 
0x6E6E , 0 

14:05:02.270:
0x1C1C , -5 
0x3E3E , 522 
0x4D4D , 396 
0x6E6E , 0 

14:05:02.989:
0x1C1C , 455 
0x3E3E , 521 
0x4D4D , 362 
0x6E6E , 0 

14:05:03.864:
0x1C1C , -5 
0x3E3E , 507 
0x4D4D , 371 
0x6E6E , 0 

14:05:04.739:
0x1C1C , 368 
0x3E3E , 490 
0x4D4D , -8 
0x6E6E , 0 

14:05:05.614:
0x1C1C , -5 
0x3E3E , 482 
0x4D4D , 427 
0x6E6E , 0 

14:05:06.503:
0x1C1C , 259 
0x3E3E , 431 
0x4D4D , -8 
0x6E6E , 0 

14:05:07.363:
0x1C1C , -5 
0x3E3E , 378 
0x4D4D , -8 
0x6E6E , 0 

14:05:08.238:
0x1C1C , 310 
0x3E3E , -14 
0x4D4D , 595 
0x6E6E , 0 

14:05:09.128:
0x1C1C , -5 
0x3E3E , 256 
0x4D4D , 600 
0x6E6E , 0 

14:05:10.019:
0x1C1C , 389 
0x3E3E , 312 
0x4D4D , 584 
0x6E6E , 0 

14:05:10.878:
0x1C1C , -5 
0x3E3E , 294 
0x4D4D , 547 
0x6E6E , 0 

14:05:11.784:
0x1C1C , 484 
0x3E3E , 358 
0x4D4D , 508 
0x6E6E , 330 

14:05:13.515:
0x1C1C , 486 
0x3E3E , 478 
0x4D4D , 393 
0x6E6E , 0 

14:05:14.375:
0x1C1C , -5 
0x3E3E , 516 
0x4D4D , 351 
0x6E6E , 378 

14:05:17.422:
0x1C1C , -5 
0x3E3E , -14 
0x4D4D , -8 
0x6E6E , 0 

14:05:18.141:
0x1C1C , 248 
0x3E3E , 432 
0x4D4D , 465 
0x6E6E , 0 

14:05:18.844:
0x1C1C , -5 
0x3E3E , 385 
0x4D4D , 529 
0x6E6E , 0 

14:05:19.625:
0x1C1C , 312 
0x3E3E , 288 
0x4D4D , 590 
0x6E6E , 0 

14:05:20.516:
0x1C1C , -5 
0x3E3E , 287 
0x4D4D , 563 
0x6E6E , 393 

14:05:21.391:
0x1C1C , 462 
0x3E3E , 358 
0x4D4D , -8 
0x6E6E , 320 

14:05:22.253:
0x1C1C , -5 
0x3E3E , 446 
0x4D4D , -8 
0x6E6E , 305 

14:05:25.550:
0x1C1C , -5 
0x3E3E , -14 
0x4D4D , -8 
0x6E6E , 0 

14:05:26.300:
0x1C1C , 283 
0x3E3E , 349 
0x4D4D , -8 
0x6E6E , 524 

14:05:27.018:
0x1C1C , -5 
0x3E3E , -14 
0x4D4D , -8 
0x6E6E , 0 

14:05:27.753:
0x1C1C , -5 
0x3E3E , 256 
0x4D4D , -8 
0x6E6E , 0 

14:05:28.487:
0x1C1C , -5 
0x3E3E , 321 
0x4D4D , -8 
0x6E6E , 331 

14:05:33.238:
0x1C1C , -5 
0x3E3E , -14 
0x4D4D , -8 
0x6E6E , 0 

14:05:33.972:
0x1C1C , 329 
0x3E3E , 392 
0x4D4D , 570 
0x6E6E , 541 

14:05:34.675:
0x1C1C , -5 
0x3E3E , 269 
0x4D4D , 613 
0x6E6E , 0 

14:05:35.408:
0x1C1C , 395 
0x3E3E , 281 
0x4D4D , 574 
0x6E6E , 378 

14:05:38.425:
0x1C1C , -5 
0x3E3E , -14 
0x4D4D , -8 
0x6E6E , 0 

14:05:39.175:
0x1C1C , 255 
0x3E3E , 483 
0x4D4D , 453 
0x6E6E , 593 

14:05:39.894:
0x1C1C , -5 
0x3E3E , 417 
0x4D4D , 543 
0x6E6E , 0 

14:05:40.659:
0x1C1C , 393 
0x3E3E , 375 
0x4D4D , 590 
0x6E6E , 527 

14:05:41.503:
0x1C1C , -5 
0x3E3E , 375 
0x4D4D , 561 
0x6E6E , 0 

14:05:42.408:
0x1C1C , 494 
0x3E3E , 402 
0x4D4D , 502 
0x6E6E , 396 

14:05:43.296:
0x1C1C , -5 
0x3E3E , 474 
0x4D4D , 442 
0x6E6E , 348 

14:05:44.173:
0x1C1C , 496 
0x3E3E , 524 
0x4D4D , 354 
0x6E6E , 355 

14:05:45.048:
0x1C1C , -5 
0x3E3E , 556 
0x4D4D , 277 
0x6E6E , 423 

14:05:45.923:
0x1C1C , 376 
0x3E3E , 520 
0x4D4D , 279 
0x6E6E , 479 

14:05:47.673:
0x1C1C , 221 
0x3E3E , 392 
0x4D4D , 455 
0x6E6E , 524 

14:05:48.486:
0x1C1C , -5 
0x3E3E , 319 
0x4D4D , 551 
0x6E6E , 0 

14:05:49.375:
0x1C1C , 317 
0x3E3E , 246 
0x4D4D , 575 
0x6E6E , 0 

14:05:50.261:
0x1C1C , -5 
0x3E3E , 270 
0x4D4D , 541 
0x6E6E , 0 

14:05:55.933:
0x1C1C , 367 
0x3E3E , 418 
0x4D4D , -8 
0x6E6E , 0 

14:05:56.652:
0x1C1C , -5 
0x3E3E , 403 
0x4D4D , 518 
0x6E6E , 0 

14:05:57.377:
0x1C1C , 337 
0x3E3E , 345 
0x4D4D , -8 
0x6E6E , 0 

14:05:58.129:
0x1C1C , -5 
0x3E3E , 357 
0x4D4D , -8 
0x6E6E , 445 

14:05:59.019:
0x1C1C , 305 
0x3E3E , 309 
0x4D4D , -8 
0x6E6E , 463 