0x2020 , 4451 
0x3E3E , 6285 
0x1C1C , 5004 
0x5A5A , 5140 
0x6E6E , 5830 
0x2020 , 4474 
0x3E3E , 6242 
0x1C1C , 4934 
0x5A5A , 5150 
0x6E6E , 6120 
0x2020 , 4460 
0x3E3E , 6275 
0x1C1C , 4948 
0x5A5A , 5164 
0x6E6E , 6317 
0x2020 , 4446 
0x3E3E , 6256 
0x1C1C , 4957 
0x5A5A , 5150 
0x6E6E , 5698 
0x2020 , 4488 
0x3E3E , 6313 
0x1C1C , 4924 
0x5A5A , 5140 
0x6E6E , 5830 
0x2020 , 4446 
0x3E3E , 6313 
0x1C1C , 4915 
0x5A5A , 5131 
0x6E6E , 6031 
0x2020 , 4483 
0x3E3E , 6350 
0x1C1C , 4948 
0x5A5A , 5112 
0x6E6E , 5801 
0x2020 , 4446 
0x3E3E , 6299 
0x1C1C , 4934 
0x5A5A , 5154 
0x6E6E , 5834 
0x2020 , 4437 
0x3E3E , 6256 
0x1C1C , 4999 
0x5A5A , 5145 
0x6E6E , 5862 
0x2020 , 4446 
0x3E3E , 6252 
0x1C1C , 4962 
0x5A5A , 5131 
0x6E6E , 5905 
0x2020 , 4437 
0x3E3E , 6228 
0x1C1C , 4910 
0x5A5A , 5168 
0x6E6E , 5905 
0x2020 , 4427 
0x3E3E , 6238 
0x1C1C , 4938 
0x5A5A , 5145 
0x6E6E , 5914 
0x2020 , 4441 
0x3E3E , 6285 
0x1C1C , 4943 
0x5A5A , 5140 
0x6E6E , 5895 
0x2020 , 4451 
0x3E3E , 6214 
0x1C1C , 4938 
0x5A5A , 5112 
0x6E6E , 5895 
0x2020 , 4460 
0x3E3E , 6336 
0x1C1C , 4943 
0x5A5A , 5150 
0x6E6E , 5942 
0x2020 , 4460 
0x3E3E , 6280 
0x1C1C , 4910 
0x5A5A , 5164 
0x6E6E , 5909 
0x2020 , 4446 
0x3E3E , 6242 
0x1C1C , 4943 
0x5A5A , 5159 
0x6E6E , 5895 
0x2020 , 4498 
0x3E3E , 6261 
0x1C1C , 4957 
0x5A5A , 5126 
0x6E6E , 5914 
0x2020 , 4455 
0x3E3E , 6242 
0x1C1C , 4915 
0x5A5A , 5164 
0x6E6E , 5886 
0x2020 , 4469 
0x3E3E , 6289 
0x1C1C , 4910 
0x5A5A , 5131 
0x6E6E , 5919 
0x2020 , 4423 
0x3E3E , 6266 
0x1C1C , 4929 
0x5A5A , 5135 
0x6E6E , 5900 
0x2020 , 4479 
0x3E3E , 6303 
0x1C1C , 0 
0x5A5A , 5145 
0x6E6E , 5952 
0x2020 , 0 
0x3E3E , 0 
0x1C1C , 4948 
0x5A5A , 0 
0x6E6E , 0 
0x2020 , 4469 
0x3E3E , 6247 
0x1C1C , 4920 
0x5A5A , 0 
0x6E6E , 0 
0x2020 , 4493 
0x3E3E , 6224 
0x1C1C , 4948 
0x5A5A , 5135 
0x6E6E , 5881 
0x2020 , 4479 
0x3E3E , 6256 
0x1C1C , 4990 
0x5A5A , 5131 
0x6E6E , 5933 
0x2020 , 4451 
0x3E3E , 6299 
0x1C1C , 4938 
0x5A5A , 5154 
0x6E6E , 5895 
0x2020 , 4469 
0x3E3E , 6233 
0x1C1C , 4929 
0x5A5A , 5131 
0x6E6E , 5886 
0x2020 , 4460 
0x3E3E , 6280 
0x1C1C , 4962 
0x5A5A , 5131 
0x6E6E , 5895 
0x2020 , 4455 
0x3E3E , 6247 
0x1C1C , 4920 
0x5A5A , 5112 
0x6E6E , 5905 
0x2020 , 4455 
0x3E3E , 6275 
0x1C1C , 4953 
0x5A5A , 5117 
0x6E6E , 5900 
0x2020 , 4413 
0x3E3E , 6252 
0x1C1C , 4981 
0x5A5A , 5135 
0x6E6E , 5881 
0x2020 , 4451 
0x3E3E , 6275 
0x1C1C , 4934 
0x5A5A , 5126 
0x6E6E , 5858 
0x2020 , 4404 
0x3E3E , 6247 
0x1C1C , 4924 
0x5A5A , 5140 
0x6E6E , 5872 
0x2020 , 4455 
0x3E3E , 6266 
0x1C1C , 0 
0x5A5A , 5150 
0x6E6E , 5919 
0x2020 , 0 
0x3E3E , 0 
0x1C1C , 0 
0x5A5A , 0 
0x6E6E , 0 
0x2020 , 4479 
0x3E3E , 6280 
0x1C1C , 4924 
0x5A5A , 0 
0x6E6E , 0 
0x2020 , 4446 
0x3E3E , 6233 
0x1C1C , 4929 
0x5A5A , 5131 
0x6E6E , 5905 
0x2020 , 4460 
0x3E3E , 6252 
0x1C1C , 4953 
0x5A5A , 5098 
0x6E6E , 5905 
0x2020 , 4446 
0x3E3E , 6242 
0x1C1C , 4971 
0x5A5A , 5145 
0x6E6E , 5877 
0x2020 , 4474 
0x3E3E , 6261 
0x1C1C , 4938 
0x5A5A , 5121 
0x6E6E , 5867 
0x2020 , 4488 
0x3E3E , 6275 
0x1C1C , 4929 
0x5A5A , 5126 
0x6E6E , 5881 
0x2020 , 4451 
0x3E3E , 6280 
0x1C1C , 4943 
0x5A5A , 5154 
0x6E6E , 5806 
0x2020 , 4479 
0x3E3E , 6294 
0x1C1C , 4938 
0x5A5A , 5126 
0x6E6E , 5914 
0x2020 , 4493 
0x3E3E , 6313 
0x1C1C , 0 
0x5A5A , 5135 
0x6E6E , 5900 
0x2020 , 0 
0x3E3E , 0 
0x1C1C , 4934 
0x5A5A , 0 
0x6E6E , 0 
0x2020 , 4418 
0x3E3E , 6280 
0x1C1C , 4887 
0x5A5A , 0 
0x6E6E , 0 
0x2020 , 4441 
0x3E3E , 6275 
0x1C1C , 4924 
0x5A5A , 5121 
0x6E6E , 0 
0x2020 , 4460 
0x3E3E , 6247 
0x1C1C , 4938 
0x5A5A , 5140 
0x6E6E , 5830 
0x2020 , 4441 
0x3E3E , 0 
0x1C1C , 4929 
0x5A5A , 5135 
0x6E6E , 5773 
0x2020 , 4451 
0x3E3E , 6271 
0x1C1C , 4915 
0x5A5A , 5117 
0x6E6E , 5853 
0x2020 , 4469 
0x3E3E , 0 
0x1C1C , 4906 
0x5A5A , 5117 
0x6E6E , 5862 
0x2020 , 4474 
0x3E3E , 6266 
0x1C1C , 4920 
0x5A5A , 5121 
0x6E6E , 5830 
