17:00:45.876:
0x2020 , 4451 
0x3E3E , 6285 
0x1C1C , 5004 
0x5A5A , 5140 
0x6E6E , 5830 

17:00:46.540:
0x2020 , 4474 
0x3E3E , 6242 
0x1C1C , 4934 
0x5A5A , 5150 
0x6E6E , 6120 

17:00:47.291:
0x2020 , 4460 
0x3E3E , 6275 
17:00:47.306:

0x1C1C , 4948 
0x5A5A , 5164 
0x6E6E , 6317 

17:00:48.056:
0x2020 ,
17:00:48.088:
 4446 
0x3E3E , 6256 
0x1C1C , 4957 
0x5A5A , 5150 
0x6E6E , 5698 

17:00:48.840:
0x2020 , 4488 
0x3E3E , 6313 
0x1C1C , 4924 

17:00:48.856:
0x5A5A , 5140 
0x6E6E , 5830 

17:00:49.559:
0x2020 , 4446 

17:00:49.590:
0x3E3E , 6313 
0x1C1C , 4915 
0x5A5A , 5131 
0x6E6E , 6031 

17:00:50.356:
0x2020 , 4483 
0x3E3E , 6350 
0x1C1C , 4948 
0x5A5A , 5112 
0x6E6E , 5801 

17:00:51.106:
0x2020 , 4446 
0x3E3E , 6299 
0x1C1C
17:00:51.121:
 , 4934 
0x5A5A , 5154 
0x6E6E , 5834 

17:00:51.871:
0x2020 , 4437 
0x3E3E , 6256
17:00:51.893:
 
0x1C1C , 4999 
0x5A5A , 5145 
0x6E6E , 5862 

17:00:52.661:
0x2020 , 4446 
0x3E3E , 6252 
0x1C1C , 4962 
0x5A5A , 5131 
0x6E6E , 5905 

17:00:53.426:
0x2020 , 4437 
0x3E3E , 6228 
0x1C1
17:00:53.442:
C , 4910 
0x5A5A , 5168 
0x6E6E , 5905 

17:00:54.192:
0x2020 , 4427 
0x3E3E ,
17:00:54.208:
 6238 
0x1C1C , 4938 
0x5A5A , 5145 
0x6E6E , 5914 

17:00:54.976:
0x2020 , 4441 
0x3E3E , 6285 
0x1C1C , 4943 
0x5A5A , 5140 
0x6E6E , 5895 

17:00:55.727:
0x2020 , 4451 
0x3E3E , 6214 
0x1C1C , 4938 
17:00:55.742:

0x5A5A , 5112 
0x6E6E , 5895 

17:00:56.530:
0x2020 , 4460 
0x3E3E , 6336 
0x1C1C , 4943 
0x5A5A , 5150 
0x6E6E , 5942 

17:00:57.281:
0x2020 , 4460 
0x3E3E , 6280 
0x1C1C , 491
17:00:57.297:
0 
0x5A5A , 5164 
0x6E6E , 5909 

17:00:58.047:
0x2020 , 4446 

17:00:58.062:
0x3E3E , 6242 
0x1C1C , 4943 
0x5A5A , 5159 
0x6E6E , 5895 

17:00:58.765:
0x2020 , 4498 
0x3E3E , 6261 
0x1C1C , 4957 
0x5A5A 
17:00:58.781:
, 5126 
0x6E6E , 5914 

17:00:59.532:
0x2020 , 4455 
0x3E3E , 6242 
0x1C1C , 4915
17:00:59.547:
 
0x5A5A , 5164 
0x6E6E , 5886 

17:01:00.337:
0x2020 , 4469 
0x3E3E , 6289 
0x1C1C , 4910 
0x5A5A , 5131 
0x6E6E , 5919 

17:01:01.089:
0x2020 , 4423 
0x3E3E , 6266 
0x1C1C , 4
17:01:01.104:
929 
0x5A5A , 5135 
0x6E6E , 5900 

17:01:01.854:
0x2020 , 4479 
0x3E3E , 
17:01:01.870:
6303 
0x1C1C , 0 
0x5A5A , 5145 
0x6E6E , 5952 

17:01:02.995:
0x2020 , 0 
0x3E3E , 0 
0x1C1C , 4948 
0x5A5A , 0 
0x6E6E , 0 

17:01:03.761:
0x2020 , 4469 
0x3E3E , 6247 
0x1C1C , 4920 
0x5A5A , 0 
0x6E6E , 0 

17:01:04.355:
0x2020 , 4493 
0x3E3E , 6224 
0x1C1C , 4948 
0x5A5A , 5135 
0x6E6E , 5881 

17:01:04.949:
0x2020 , 4479 
0x3E3E , 6256 
0x1C1C , 4990 
0x5A5A , 5131 
0x6E6E , 5933 

17:01:05.699:
0x2020 , 4451 
0x3E3E , 6299 
0x1C1C , 
17:01:05.715:
4938 
0x5A5A , 5154 
0x6E6E , 5895 

17:01:06.481:
0x2020 , 4469 
0x3
17:01:06.497:
E3E , 6233 
0x1C1C , 4929 
0x5A5A , 5131 
0x6E6E , 5886 

17:01:07.264:
0x2020 , 4460 
0x3E3E , 6280 
0x1C1C , 4962 
0x5A5A , 5131 
0x6E6E , 5895 

17:01:07.967:
0x2020 , 4455 
0x3E3E , 6247 

17:01:07.983:
0x1C1C , 4920 
0x5A5A , 5112 
0x6E6E , 5905 

17:01:08.734:
0x2020 , 4455 
0x3E3E , 
17:01:08.749:
6275 
0x1C1C , 4953 
0x5A5A , 5117 
0x6E6E , 5900 

17:01:09.521:
0x2020 , 4413 
0x3E3E , 6252 
0x1C1C , 4981 
0x5A5A , 5135 
0x6E6E , 5881 

17:01:10.271:
0x2020 , 4451 
0x3E3E , 6275 
0x1C1C , 4934
17:01:10.287:
 
0x5A5A , 5126 
0x6E6E , 5858 

17:01:11.037:
0x2020 , 4404 
0x3E3E , 6247 

17:01:11.053:
0x1C1C , 4924 
0x5A5A , 5140 
0x6E6E , 5872 

17:01:11.803:
0x2020 , 4455 
0x3E3E , 
17:01:11.818:
6266 
0x1C1C , 0 
0x5A5A , 5150 
0x6E6E , 5919 

17:01:12.943:
0x2020 , 0 
0x3E3E , 0 
0x1C1C , 0 
0x5A5A , 0 
0x6E6E , 0 

17:01:13.710:
0x2020 , 4479 
0x3E3E , 6280 
0x1C1C , 4924 
0x5A5A , 0 
0x6E6E , 0 

17:01:14.288:
0x2020 , 4446 
0x3E3E , 6233 
0x1C1C , 4929 

17:01:14.304:
0x5A5A , 5131 
0x6E6E , 5905 

17:01:14.913:
0x2020 , 4460 
0x3E3E , 6252 
0x1C1C , 4953 
0x5A5A , 5098 
0x6E6E , 5905 

17:01:15.663:
0x2020 , 4446 
0x3E3E , 6242 
0x1C1C , 4971 

17:01:15.679:
0x5A5A , 5145 
0x6E6E , 5877 

17:01:16.430:
0x2020 , 4474 
0x3E3E , 6261 
0x1C1
17:01:16.446:
C , 4938 
0x5A5A , 5121 
0x6E6E , 5867 

17:01:17.149:
0x2020 , 
17:01:17.180:
4488 
0x3E3E , 6275 
0x1C1C , 4929 
0x5A5A , 5126 
0x6E6E , 5881 

17:01:17.931:
0x2020 , 4451 
0x3E3E , 6280 
0x1C1C , 4943 
0x5A5
17:01:17.947:
A , 5154 
0x6E6E , 5806 

17:01:18.697:
0x2020 , 4479 
0x3E3E ,
17:01:18.713:
 6294 
0x1C1C , 4938 
0x5A5A , 5126 
0x6E6E , 5914 

17:01:30.005:
0x2020 , 4493 
0
17:01:30.021:
x3E3E , 6313 
0x1C1C , 0 
0x5A5A , 5135 
0x6E6E , 5900 

17:01:30.958:
0x2020 , 0 
0x3E3E , 0 
0x1C1C , 4934 
0x5A5A , 0 
0x6E6E , 0 

17:01:31.680:
0x2020 , 4418 

17:01:31.696:
0x3E3E , 6280 
0x1C1C , 4887 
0x5A5A , 0 
0x6E6E , 0 

17:01:32.352:
0x
17:01:32.384:
2020 , 4441 
0x3E3E , 6275 
0x1C1C , 4924 
0x5A5A , 5121 
0x6E6E , 0 

17:01:32.977:
0x2020 , 4460 
0x3E3E , 6247 
0x1C1C , 4938 
0x5A5A , 5140 
0x6E6E , 5830 

17:01:33.651:
0x2020 , 4441 
0x3E3E , 0 
0x1C1C , 4929 
0x5A5A , 5135 
0x6E6E , 5773 

17:01:34.229:
0x2020 , 4451 
0x3E3
17:01:34.245:
E , 6271 
0x1C1C , 4915 
0x5A5A , 5117 
0x6E6E , 5853 

17:01:34.918:
0x2020 
17:01:34.949:
, 4469 
0x3E3E , 0 
0x1C1C , 4906 
0x5A5A , 5117 
0x6E6E , 5862 

17:01:35.548:
0x2020 , 4474 
0x3E3E , 6266 
0x1C1C , 4920 
0x5A5A , 5121 
0x6E6E , 5830 
