0x2020 , 4465 
0x3E3E , 6350 
0x1C1C , 5365 
0x5A5A , 4629 
0x6E6E , 5998 
0x2020 , 4451 
0x3E3E , 6317 
0x1C1C , 5379 
0x5A5A , 4957 
0x6E6E , 6425 
0x2020 , 4460 
0x3E3E , 6331 
0x1C1C , 5347 
0x5A5A , 5356 
0x6E6E , 5745 
0x2020 , 4507 
0x3E3E , 6252 
0x1C1C , 5192 
0x5A5A , 4807 
0x6E6E , 6149 
0x2020 , 4479 
0x3E3E , 6299 
0x1C1C , 5182 
0x5A5A , 4802 
0x6E6E , 6074 
0x2020 , 4474 
0x3E3E , 6289 
0x1C1C , 5159 
0x5A5A , 4793 
0x6E6E , 6022 
0x2020 , 4460 
0x3E3E , 6322 
0x1C1C , 5201 
0x5A5A , 4741 
0x6E6E , 6013 
0x2020 , 4502 
0x3E3E , 6308 
0x1C1C , 5281 
0x5A5A , 4788 
0x6E6E , 6031 
0x2020 , 4493 
0x3E3E , 6317 
0x1C1C , 5286 
0x5A5A , 4737 
0x6E6E , 5998 
0x2020 , 4474 
0x3E3E , 6317 
0x1C1C , 5295 
0x5A5A , 4760 
0x6E6E , 6059 
0x2020 , 4404 
0x3E3E , 6186 
0x1C1C , 5365 
0x5A5A , 4901 
0x6E6E , 6031 
0x2020 , 4324 
0x3E3E , 6163 
0x1C1C , 5239 
0x5A5A , 5201 
0x6E6E , 6130 
0x2020 , 4226 
0x3E3E , 6097 
0x1C1C , 5206 
0x5A5A , 5182 
0x6E6E , 6167 
0x2020 , 4122 
0x3E3E , 6083 
0x1C1C , 5196 
0x5A5A , 5816 
0x6E6E , 6233 
0x2020 , 3874 
0x3E3E , 6013 
0x1C1C , 5318 
0x5A5A , 5393 
0x6E6E , 6149 
0x2020 , 3620 
0x3E3E , 6031 
0x1C1C , 0 
0x5A5A , 6013 
0x6E6E , 5923 
0x2020 , 3367 
0x3E3E , 6027 
0x1C1C , 5567 
0x5A5A , 6036 
0x6E6E , 5689 
0x2020 , 3142 
0x3E3E , 6111 
0x1C1C , 5811 
0x5A5A , 6472 
0x6E6E , 6402 
0x2020 , 0 
0x3E3E , 0 
0x1C1C , 0 
0x5A5A , 0 
0x6E6E , 0 
0x2020 , 2467 
0x3E3E , 6214 
0x1C1C , 6477 
0x5A5A , 6477 
0x6E6E , 6153 
0x2020 , 2241 
0x3E3E , 6294 
0x1C1C , 6716 
0x5A5A , 6730 
0x6E6E , 5848 
0x2020 , 2218 
0x3E3E , 6411 
0x1C1C , 6890 
0x5A5A , 6927 
0x6E6E , 5952 
0x2020 , 2256 
0x3E3E , 6327 
0x1C1C , 6960 
0x5A5A , 0 
0x6E6E , 6031 
0x2020 , 1777 
0x3E3E , 6458 
0x1C1C , 6965 
0x5A5A , 7246 
0x6E6E , 5801 
0x2020 , 1730 
0x3E3E , 6430 
0x1C1C , 7096 
0x5A5A , 7429 
0x6E6E , 5844 
0x2020 , 1618 
0x3E3E , 6364 
0x1C1C , 7190 
0x5A5A , 7654 
0x6E6E , 5867 
0x2020 , 1416 
0x3E3E , 6402 
0x1C1C , 7232 
0x5A5A , 7757 
0x6E6E , 5937 
0x2020 , 1561 
0x3E3E , 6299 
0x1C1C , 7115 
0x5A5A , 7715 
0x6E6E , 6013 
0x2020 , 0 
0x3E3E , 6158 
0x1C1C , 6941 
0x5A5A , 7809 
0x6E6E , 6214 
0x2020 , 1350 
0x3E3E , 6041 
0x1C1C , 6857 
0x5A5A , 7804 
0x6E6E , 6374 
0x2020 , 1350 
0x3E3E , 5830 
0x1C1C , 6801 
0x5A5A , 7814 
0x6E6E , 6388 
0x2020 , 1181 
0x3E3E , 5726 
0x1C1C , 0 
0x5A5A , 7889 
0x6E6E , 6364 
0x2020 , 0 
0x3E3E , 0 
0x1C1C , 6735 
0x5A5A , 0 
0x6E6E , 0 
0x2020 , 1758 
0x3E3E , 5548 
0x1C1C , 6697 
0x5A5A , 0 
0x6E6E , 0 
0x2020 , 1979 
0x3E3E , 5440 
0x1C1C , 6435 
0x5A5A , 7931 
0x6E6E , 0 
0x2020 , 2218 
0x3E3E , 5103 
0x1C1C , 6106 
0x5A5A , 8011 
0x6E6E , 7340 
0x2020 , 2279 
0x3E3E , 4816 
0x1C1C , 5839 
0x5A5A , 0 
0x6E6E , 7626 
0x2020 , 2509 
0x3E3E , 4441 
0x1C1C , 5787 
0x5A5A , 7950 
0x6E6E , 7795 
0x2020 , 2711 
0x3E3E , 4160 
0x1C1C , 5656 
0x5A5A , 8006 
0x6E6E , 7898 
0x2020 , 2889 
0x3E3E , 4038 
0x1C1C , 5478 
0x5A5A , 0 
0x6E6E , 0 
0x2020 , 0 
0x3E3E , 0 
0x1C1C , 0 
0x5A5A , 7889 
0x6E6E , 0 
0x2020 , 3241 
0x3E3E , 3855 
0x1C1C , 4981 
0x5A5A , 7903 
0x6E6E , 0 
0x2020 , 3348 
0x3E3E , 3381 
0x1C1C , 4873 
0x5A5A , 7846 
0x6E6E , 8452 
0x2020 , 3545 
0x3E3E , 3245 
0x1C1C , 4770 
0x5A5A , 7861 
0x6E6E , 8470 
0x2020 , 3663 
0x3E3E , 3292 
0x1C1C , 4713 
0x5A5A , 7818 
0x6E6E , 8536 
0x2020 , 3667 
0x3E3E , 3151 
0x1C1C , 4981 
0x5A5A , 7785 
0x6E6E , 8541 
0x2020 , 3775 
0x3E3E , 3222 
0x1C1C , 4859 
0x5A5A , 7720 
0x6E6E , 0 
0x2020 , 0 
0x3E3E , 0 
0x1C1C , 0 
0x5A5A , 0 
0x6E6E , 8550 
0x2020 , 4066 
0x3E3E , 3222 
0x1C1C , 4549 
0x5A5A , 0 
0x6E6E , 0 
0x2020 , 0 
0x3E3E , 0 
0x1C1C , 0 
0x5A5A , 0 
0x6E6E , 8705 
0x2020 , 4544 
0x3E3E , 3119 
0x1C1C , 4075 
0x5A5A , 0 
0x6E6E , 8831 
0x2020 , 4695 
0x3E3E , 3105 
0x1C1C , 3292 
0x5A5A , 7246 
0x6E6E , 8888 
0x2020 , 4887 
0x3E3E , 3053 
0x1C1C , 3578 
0x5A5A , 7326 
0x6E6E , 8916 
0x2020 , 4887 
0x3E3E , 3208 
0x1C1C , 3086 
0x5A5A , 7270 
0x6E6E , 8949 
0x2020 , 4934 
0x3E3E , 3212 
0x1C1C , 2879 
0x5A5A , 7148 
0x6E6E , 8972 
0x2020 , 4999 
0x3E3E , 3348 
0x1C1C , 3095 
0x5A5A , 7096 
0x6E6E , 9080 
0x2020 , 5079 
0x3E3E , 3287 
0x1C1C , 3278 
0x5A5A , 7073 
0x6E6E , 9080 
0x2020 , 5295 
0x3E3E , 3381 
0x1C1C , 3151 
0x5A5A , 6937 
0x6E6E , 9240 
0x2020 , 5351 
0x3E3E , 3649 
0x1C1C , 3062 
0x5A5A , 6876 
0x6E6E , 8963 
0x2020 , 5628 
0x3E3E , 3311 
0x1C1C , 2739 
0x5A5A , 6843 
0x6E6E , 9146 
0x2020 , 5806 
0x3E3E , 3466 
0x1C1C , 2682 
0x5A5A , 0 
0x6E6E , 9033 
0x2020 , 5914 
0x3E3E , 3545 
0x1C1C , 2340 
0x5A5A , 6575 
0x6E6E , 9160 
0x2020 , 6003 
0x3E3E , 4104 
0x1C1C , 2335 
0x5A5A , 6472 
0x6E6E , 9118 
0x2020 , 6045 
0x3E3E , 4437 
0x1C1C , 2096 
0x5A5A , 6758 
0x6E6E , 9150 
0x2020 , 0 
0x3E3E , 0 
0x1C1C , 0 
0x5A5A , 0 
0x6E6E , 0 
0x2020 , 6317 
0x3E3E , 4512 
0x1C1C , 1693 
0x5A5A , 6238 
0x6E6E , 9061 
0x2020 , 6411 
0x3E3E , 4498 
0x1C1C , 1655 
0x5A5A , 6604 
0x6E6E , 8911 
0x2020 , 6496 
0x3E3E , 5065 
0x1C1C , 1636 
0x5A5A , 6430 
0x6E6E , 8864 
0x2020 , 6547 
0x3E3E , 5337 
0x1C1C , 1749 
0x5A5A , 5891 
0x6E6E , 8874 
0x2020 , 6622 
0x3E3E , 5454 
0x1C1C , 1754 
0x5A5A , 5905 
0x6E6E , 8770 
0x2020 , 6707 
0x3E3E , 4967 
0x1C1C , 1514 
0x5A5A , 5426 
0x6E6E , 8677 
0x2020 , 0 
0x3E3E , 0 
0x1C1C , 0 
0x5A5A , 0 
0x6E6E , 0 
0x2020 , 6833 
0x3E3E , 0 
0x1C1C , 1622 
0x5A5A , 5229 
0x6E6E , 8555 
0x2020 , 6871 
0x3E3E , 0 
0x1C1C , 1679 
0x5A5A , 5182 
0x6E6E , 8541 
0x2020 , 6918 
0x3E3E , 5534 
0x1C1C , 1697 
0x5A5A , 5159 
0x6E6E , 8503 
0x2020 , 0 
0x3E3E , 5670 
0x1C1C , 1871 
0x5A5A , 5093 
0x6E6E , 8480 
0x2020 , 0 
0x3E3E , 5820 
0x1C1C , 1946 
0x5A5A , 5046 
0x6E6E , 8414 
0x2020 , 0 
0x3E3E , 5998 
0x1C1C , 2124 
0x5A5A , 4906 
0x6E6E , 0 
0x2020 , 0 
0x3E3E , 0 
0x1C1C , 0 
0x5A5A , 0 
0x6E6E , 8344 
0x2020 , 0 
0x3E3E , 6210 
0x1C1C , 2467 
0x5A5A , 0 
0x6E6E , 8273 
0x2020 , 7420 
0x3E3E , 6303 
0x1C1C , 2570 
0x5A5A , 4498 
0x6E6E , 8311 
0x2020 , 0 
0x3E3E , 6453 
0x1C1C , 2706 
0x5A5A , 4371 
0x6E6E , 8198 
0x2020 , 0 
0x3E3E , 6552 
0x1C1C , 2983 
0x5A5A , 4254 
0x6E6E , 8250 
0x2020 , 0 
0x3E3E , 6711 
0x1C1C , 3011 
0x5A5A , 4165 
0x6E6E , 8175 
0x2020 , 0 
0x3E3E , 6838 
0x1C1C , 3165 
0x5A5A , 4029 
0x6E6E , 8086 
0x2020 , 0 
0x3E3E , 7082 
0x1C1C , 3381 
0x5A5A , 3700 
0x6E6E , 7781 
0x2020 , 0 
0x3E3E , 7241 
0x1C1C , 3409 
0x5A5A , 3489 
0x6E6E , 7795 
0x2020 , 0 
0x3E3E , 7279 
0x1C1C , 3588 
0x5A5A , 3348 
0x6E6E , 7706 
0x2020 , 0 
0x3E3E , 7387 
0x1C1C , 3742 
0x5A5A , 3259 
0x6E6E , 7579 
0x2020 , 0 
0x3E3E , 7528 
0x1C1C , 3892 
0x5A5A , 3222 
0x6E6E , 7556 
0x2020 , 0 
0x3E3E , 7635 
0x1C1C , 4043 
0x5A5A , 3175 
0x6E6E , 7448 
0x2020 , 0 
0x3E3E , 7678 
0x1C1C , 0 
0x5A5A , 3039 
0x6E6E , 7349 
0x2020 , 0 
0x3E3E , 0 
0x1C1C , 4333 
0x5A5A , 0 
0x6E6E , 0 
0x2020 , 7471 
0x3E3E , 0 
0x1C1C , 4446 
0x5A5A , 0 
0x6E6E , 0 
0x2020 , 0 
0x3E3E , 8020 
0x1C1C , 4596 
0x5A5A , 2687 
0x6E6E , 0 
0x2020 , 0 
0x3E3E , 8142 
0x1C1C , 4779 
0x5A5A , 2274 
0x6E6E , 6833 
0x2020 , 0 
0x3E3E , 8245 
0x1C1C , 4868 
0x5A5A , 2682 
0x6E6E , 6730 
0x2020 , 0 
0x3E3E , 8409 
0x1C1C , 5018 
0x5A5A , 2420 
0x6E6E , 6575 
0x2020 , 0 
0x3E3E , 8517 
0x1C1C , 5023 
0x5A5A , 1702 
0x6E6E , 6496 
0x2020 , 0 
0x3E3E , 8695 
0x1C1C , 5229 
0x5A5A , 2331 
0x6E6E , 6294 
0x2020 , 0 
0x3E3E , 8822 
0x1C1C , 5365 
0x5A5A , 2157 
0x6E6E , 6120 
0x2020 , 0 
0x3E3E , 8874 
0x1C1C , 5525 
0x5A5A , 2185 
0x6E6E , 5923 
0x2020 , 0 
0x3E3E , 8939 
0x1C1C , 5665 
0x5A5A , 2143 
0x6E6E , 5834 
0x2020 , 0 
0x3E3E , 8991 
0x1C1C , 5722 
0x5A5A , 2040 
0x6E6E , 5633 
0x2020 , 0 
0x3E3E , 8991 
0x1C1C , 5858 
0x5A5A , 1918 
0x6E6E , 5600 
0x2020 , 0 
0x3E3E , 9014 
0x1C1C , 5970 
0x5A5A , 1951 
0x6E6E , 5422 
0x2020 , 0 
0x3E3E , 0 
0x1C1C , 0 
0x5A5A , 0 
0x6E6E , 0 
0x2020 , 0 
0x3E3E , 9197 
0x1C1C , 6407 
0x5A5A , 1974 
0x6E6E , 5013 
0x2020 , 0 
0x3E3E , 0 
0x1C1C , 0 
0x5A5A , 0 
0x6E6E , 4366 
0x2020 , 6983 
0x3E3E , 9385 
0x1C1C , 6871 
0x5A5A , 2302 
0x6E6E , 4699 
0x2020 , 6885 
0x3E3E , 9451 
0x1C1C , 6960 
0x5A5A , 2715 
0x6E6E , 4118 
0x2020 , 6833 
0x3E3E , 9413 
0x1C1C , 7040 
0x5A5A , 0 
0x6E6E , 4136 
0x2020 , 6754 
0x3E3E , 9404 
0x1C1C , 7096 
0x5A5A , 0 
0x6E6E , 3878 
0x2020 , 6636 
0x3E3E , 9451 
0x1C1C , 7209 
0x5A5A , 3095 
0x6E6E , 3728 
0x2020 , 6599 
0x3E3E , 9558 
0x1C1C , 7293 
0x5A5A , 3245 
0x6E6E , 3658 
0x2020 , 6477 
0x3E3E , 9376 
0x1C1C , 7354 
0x5A5A , 0 
0x6E6E , 3578 
0x2020 , 6421 
0x3E3E , 9352 
0x1C1C , 7490 
0x5A5A , 3405 
0x6E6E , 3470 
0x2020 , 6299 
0x3E3E , 9493 
0x1C1C , 7523 
0x5A5A , 3574 
0x6E6E , 3320 
0x2020 , 6106 
0x3E3E , 9394 
0x1C1C , 7588 
0x5A5A , 3780 
0x6E6E , 3283 
0x2020 , 0 
0x3E3E , 0 
0x1C1C , 0 
0x5A5A , 0 
0x6E6E , 0 
0x2020 , 5215 
0x3E3E , 9141 
0x1C1C , 7879 
0x5A5A , 4788 
0x6E6E , 2678 
0x2020 , 5196 
0x3E3E , 9216 
0x1C1C , 7823 
0x5A5A , 4863 
0x6E6E , 2729 
0x2020 , 0 
0x3E3E , 9122 
0x1C1C , 7837 
0x5A5A , 5046 
0x6E6E , 2584 
0x2020 , 5220 
0x3E3E , 9122 
0x1C1C , 7823 
0x5A5A , 5028 
0x6E6E , 2621 
0x2020 , 4554 
0x3E3E , 9075 
0x1C1C , 0 
0x5A5A , 5290 
0x6E6E , 2626 
0x2020 , 0 
0x3E3E , 0 
0x1C1C , 7978 
0x5A5A , 0 
0x6E6E , 0 
0x2020 , 4197 
0x3E3E , 8925 
0x1C1C , 0 
0x5A5A , 0 
0x6E6E , 0 
0x2020 , 0 
0x3E3E , 0 
0x1C1C , 7837 
0x5A5A , 0 
0x6E6E , 0 
0x2020 , 3822 
0x3E3E , 8714 
0x1C1C , 8325 
0x5A5A , 0 
0x6E6E , 0 
0x2020 , 3991 
0x3E3E , 8653 
0x1C1C , 8259 
0x5A5A , 6059 
0x6E6E , 2931 
0x2020 , 3653 
0x3E3E , 8705 
0x1C1C , 8273 
0x5A5A , 6252 
0x6E6E , 3475 
0x2020 , 3545 
0x3E3E , 8531 
0x1C1C , 8367 
0x5A5A , 6407 
0x6E6E , 3724 
0x2020 , 3423 
0x3E3E , 8452 
0x1C1C , 8259 
0x5A5A , 6463 
0x6E6E , 3592 
0x2020 , 3348 
0x3E3E , 8386 
0x1C1C , 8189 
0x5A5A , 6608 
0x6E6E , 3724 
0x2020 , 3180 
0x3E3E , 8320 
0x1C1C , 8175 
0x5A5A , 6664 
0x6E6E , 3658 
0x2020 , 3287 
0x3E3E , 8250 
0x1C1C , 8179 
0x5A5A , 6791 
0x6E6E , 4193 
0x2020 , 3503 
0x3E3E , 8119 
0x1C1C , 8104 
0x5A5A , 6899 
0x6E6E , 4099 
0x2020 , 3531 
0x3E3E , 8062 
0x1C1C , 8114 
0x5A5A , 6988 
0x6E6E , 4202 
0x2020 , 3222 
0x3E3E , 7926 
0x1C1C , 8058 
0x5A5A , 7082 
0x6E6E , 0 
0x2020 , 0 
0x3E3E , 0 
0x1C1C , 0 
0x5A5A , 0 
0x6E6E , 4620 
0x2020 , 2321 
0x3E3E , 7570 
0x1C1C , 7907 
0x5A5A , 0 
0x6E6E , 4765 
0x2020 , 0 
0x3E3E , 0 
0x1C1C , 0 
0x5A5A , 0 
0x6E6E , 0 
0x2020 , 1777 
0x3E3E , 7077 
0x1C1C , 7687 
0x5A5A , 7621 
0x6E6E , 5403 
0x2020 , 1688 
0x3E3E , 7049 
0x1C1C , 7654 
0x5A5A , 7715 
0x6E6E , 5468 
0x2020 , 1683 
0x3E3E , 6979 
0x1C1C , 7631 
0x5A5A , 7757 
0x6E6E , 5769 
0x2020 , 1575 
0x3E3E , 6922 
0x1C1C , 7617 
0x5A5A , 7781 
0x6E6E , 5562 
0x2020 , 1505 
0x3E3E , 6861 
0x1C1C , 7603 
0x5A5A , 7814 
0x6E6E , 5590 
0x2020 , 1472 
0x3E3E , 6918 
0x1C1C , 7593 
0x5A5A , 7823 
0x6E6E , 5590 
0x2020 , 0 
0x3E3E , 0 
0x1C1C , 0 
0x5A5A , 0 
0x6E6E , 0 
0x2020 , 0 
0x3E3E , 0 
0x1C1C , 0 
0x5A5A , 0 
0x6E6E , 0 
0x2020 , 1557 
0x3E3E , 6360 
0x1C1C , 7471 
0x5A5A , 7875 
0x6E6E , 6088 
0x2020 , 1191 
0x3E3E , 6453 
0x1C1C , 7396 
0x5A5A , 7936 
0x6E6E , 6139 
0x2020 , 1064 
0x3E3E , 6228 
0x1C1C , 7298 
0x5A5A , 7889 
0x6E6E , 6313 
0x2020 , 1064 
0x3E3E , 6256 
0x1C1C , 0 
0x5A5A , 7903 
0x6E6E , 6313 
0x2020 , 1280 
0x3E3E , 5966 
0x1C1C , 6758 
0x5A5A , 7814 
0x6E6E , 6613 
0x2020 , 1327 
0x3E3E , 5656 
0x1C1C , 6711 
0x5A5A , 7818 
0x6E6E , 6763 
0x2020 , 0 
0x3E3E , 0 
0x1C1C , 0 
0x5A5A , 0 
0x6E6E , 0 
0x2020 , 2335 
0x3E3E , 4953 
0x1C1C , 5998 
0x5A5A , 0 
0x6E6E , 0 
0x2020 , 2396 
0x3E3E , 4863 
0x1C1C , 5811 
0x5A5A , 0 
0x6E6E , 0 
0x2020 , 0 
0x3E3E , 0 
0x1C1C , 0 
0x5A5A , 0 
0x6E6E , 0 
0x2020 , 2875 
0x3E3E , 0 
0x1C1C , 5379 
0x5A5A , 7936 
0x6E6E , 7776 
0x2020 , 2762 
0x3E3E , 4483 
0x1C1C , 5412 
0x5A5A , 7903 
0x6E6E , 7875 
0x2020 , 0 
0x3E3E , 4343 
0x1C1C , 5403 
0x5A5A , 7879 
0x6E6E , 7832 
0x2020 , 0 
0x3E3E , 4296 
0x1C1C , 5426 
0x5A5A , 0 
0x6E6E , 7856 
0x2020 , 2879 
0x3E3E , 4390 
0x1C1C , 5417 
0x5A5A , 7795 
0x6E6E , 7832 
0x2020 , 3001 
0x3E3E , 4362 
0x1C1C , 5332 
0x5A5A , 7907 
0x6E6E , 7837 
0x2020 , 0 
0x3E3E , 4507 
0x1C1C , 0 
0x5A5A , 7982 
0x6E6E , 7931 
0x2020 , 0 
0x3E3E , 0 
0x1C1C , 5178 
0x5A5A , 0 
0x6E6E , 0 
0x2020 , 3128 
0x3E3E , 3522 
0x1C1C , 5074 
0x5A5A , 0 
0x6E6E , 0 
0x2020 , 3334 
0x3E3E , 3428 
0x1C1C , 4938 
0x5A5A , 7809 
0x6E6E , 8301 
0x2020 , 0 
0x3E3E , 3362 
0x1C1C , 4882 
0x5A5A , 7950 
0x6E6E , 8391 
0x2020 , 0 
0x3E3E , 3362 
0x1C1C , 0 
0x5A5A , 7936 
0x6E6E , 8419 
0x2020 , 0 
0x3E3E , 0 
0x1C1C , 4873 
0x5A5A , 0 
0x6E6E , 0 
0x2020 , 0 
0x3E3E , 3198 
0x1C1C , 4676 
0x5A5A , 0 
0x6E6E , 0 
0x2020 , 3953 
0x3E3E , 3086 
0x1C1C , 4427 
0x5A5A , 7762 
0x6E6E , 0 
0x2020 , 4108 
0x3E3E , 3086 
0x1C1C , 4469 
0x5A5A , 7678 
0x6E6E , 8559 
0x2020 , 0 
0x3E3E , 2959 
0x1C1C , 4174 
0x5A5A , 7513 
0x6E6E , 8667 
0x2020 , 0 
0x3E3E , 2983 
0x1C1C , 3991 
0x5A5A , 7579 
0x6E6E , 8545 
0x2020 , 0 
0x3E3E , 3053 
0x1C1C , 3841 
0x5A5A , 7495 
0x6E6E , 0 
0x2020 , 0 
0x3E3E , 0 
0x1C1C , 0 
0x5A5A , 0 
0x6E6E , 8742 
0x2020 , 5009 
0x3E3E , 3180 
0x1C1C , 3466 
0x5A5A , 7162 
0x6E6E , 8869 
0x2020 , 5074 
0x3E3E , 3226 
0x1C1C , 3292 
0x5A5A , 7119 
0x6E6E , 8841 
0x2020 , 5225 
0x3E3E , 3466 
0x1C1C , 3025 
0x5A5A , 7073 
0x6E6E , 8911 
0x2020 , 5173 
0x3E3E , 3475 
0x1C1C , 2903 
0x5A5A , 7007 
0x6E6E , 8991 
0x2020 , 5300 
0x3E3E , 3700 
0x1C1C , 2701 
0x5A5A , 7016 
0x6E6E , 8967 
0x2020 , 0 
0x3E3E , 0 
0x1C1C , 0 
0x5A5A , 0 
0x6E6E , 9085 
0x2020 , 5998 
0x3E3E , 4352 
0x1C1C , 2063 
0x5A5A , 6646 
0x6E6E , 9094 
0x2020 , 6088 
0x3E3E , 4226 
0x1C1C , 1829 
0x5A5A , 6580 
0x6E6E , 9089 
0x2020 , 6120 
0x3E3E , 4324 
0x1C1C , 1726 
0x5A5A , 6552 
0x6E6E , 9103 
0x2020 , 6238 
0x3E3E , 4390 
0x1C1C , 1796 
0x5A5A , 6435 
0x6E6E , 9118 
0x2020 , 6439 
0x3E3E , 4165 
0x1C1C , 1641 
0x5A5A , 6435 
0x6E6E , 9160 
0x2020 , 6472 
0x3E3E , 4535 
0x1C1C , 1557 
0x5A5A , 6322 
0x6E6E , 9127 
0x2020 , 6585 
0x3E3E , 4770 
0x1C1C , 1421 
0x5A5A , 6120 
0x6E6E , 9094 
0x2020 , 6697 
0x3E3E , 4751 
0x1C1C , 1393 
0x5A5A , 6027 
0x6E6E , 9080 
0x2020 , 6768 
0x3E3E , 5567 
0x1C1C , 1496 
0x5A5A , 5923 
0x6E6E , 8986 
0x2020 , 6824 
0x3E3E , 5318 
0x1C1C , 0 
0x5A5A , 5862 
0x6E6E , 8963 
0x2020 , 0 
0x3E3E , 0 
0x1C1C , 1393 
0x5A5A , 0 
0x6E6E , 0 
0x2020 , 6876 
0x3E3E , 5051 
0x1C1C , 1627 
0x5A5A , 0 
0x6E6E , 0 
0x2020 , 6782 
0x3E3E , 5192 
0x1C1C , 1941 
0x5A5A , 5698 
0x6E6E , 8625 
0x2020 , 6707 
0x3E3E , 5304 
0x1C1C , 1955 
0x5A5A , 5900 
0x6E6E , 8527 
0x2020 , 6636 
0x3E3E , 5328 
0x1C1C , 2181 
0x5A5A , 4938 
0x6E6E , 8466 
0x2020 , 6575 
0x3E3E , 5351 
0x1C1C , 2725 
0x5A5A , 5154 
0x6E6E , 8217 
0x2020 , 6514 
0x3E3E , 5295 
0x1C1C , 2270 
0x5A5A , 5023 
0x6E6E , 8189 
0x2020 , 6402 
0x3E3E , 5323 
0x1C1C , 2359 
0x5A5A , 4953 
0x6E6E , 7992 
0x2020 , 6163 
0x3E3E , 5356 
0x1C1C , 0 
0x5A5A , 5060 
0x6E6E , 8034 
0x2020 , 0 
0x3E3E , 0 
0x1C1C , 3348 
0x5A5A , 0 
0x6E6E , 0 
0x2020 , 5862 
0x3E3E , 5595 
0x1C1C , 3428 
0x5A5A , 0 
0x6E6E , 0 
0x2020 , 5769 
0x3E3E , 5698 
0x1C1C , 3785 
0x5A5A , 5056 
0x6E6E , 7420 
0x2020 , 5544 
0x3E3E , 5694 
0x1C1C , 3550 
0x5A5A , 5159 
0x6E6E , 7237 
0x2020 , 5422 
0x3E3E , 5637 
0x1C1C , 3771 
0x5A5A , 5271 
0x6E6E , 7176 
0x2020 , 5403 
0x3E3E , 5576 
0x1C1C , 3935 
0x5A5A , 5084 
0x6E6E , 6993 
0x2020 , 5239 
0x3E3E , 5717 
0x1C1C , 0 
0x5A5A , 5023 
0x6E6E , 6871 
0x2020 , 0 
0x3E3E , 0 
0x1C1C , 4226 
0x5A5A , 0 
0x6E6E , 0 
0x2020 , 4920 
0x3E3E , 5914 
0x1C1C , 4338 
0x5A5A , 0 
0x6E6E , 0 
0x2020 , 4807 
0x3E3E , 5952 
0x1C1C , 4516 
0x5A5A , 5154 
0x6E6E , 6336 
0x2020 , 4666 
0x3E3E , 5862 
0x1C1C , 0 
0x5A5A , 5192 
0x6E6E , 6388 
0x2020 , 0 
0x3E3E , 0 
0x1C1C , 4727 
0x5A5A , 0 
0x6E6E , 0 
0x2020 , 4596 
0x3E3E , 6158 
0x1C1C , 4779 
0x5A5A , 0 
0x6E6E , 0 
0x2020 , 4648 
0x3E3E , 6238 
0x1C1C , 4934 
0x5A5A , 4910 
0x6E6E , 6088 
0x2020 , 4624 
0x3E3E , 6317 
0x1C1C , 5042 
0x5A5A , 5046 
0x6E6E , 6200 
0x2020 , 4502 
0x3E3E , 6280 
0x1C1C , 5103 
0x5A5A , 5286 
0x6E6E , 6219 
0x2020 , 4493 
0x3E3E , 6167 
0x1C1C , 5051 
0x5A5A , 5314 
0x6E6E , 6303 
0x2020 , 4446 
0x3E3E , 6275 
0x1C1C , 0 
0x5A5A , 5300 
0x6E6E , 6299 
0x2020 , 0 
0x3E3E , 0 
0x1C1C , 5013 
0x5A5A , 0 
0x6E6E , 0 
0x2020 , 4483 
0x3E3E , 6238 
0x1C1C , 5051 
0x5A5A , 0 
0x6E6E , 0 
0x2020 , 4498 
0x3E3E , 6294 
0x1C1C , 5103 
0x5A5A , 5300 
0x6E6E , 6303 
0x2020 , 4465 
0x3E3E , 6228 
0x1C1C , 5079 
0x5A5A , 5290 
0x6E6E , 6130 
0x2020 , 4427 
0x3E3E , 6167 
0x1C1C , 5107 
0x5A5A , 5295 
0x6E6E , 6055 
0x2020 , 4488 
0x3E3E , 6144 
0x1C1C , 5112 
0x5A5A , 5304 
0x6E6E , 6411 
0x2020 , 4451 
0x3E3E , 6139 
0x1C1C , 5079 
0x5A5A , 5342 
0x6E6E , 6421 
0x2020 , 4465 
0x3E3E , 6167 
0x1C1C , 5046 
0x5A5A , 5304 
0x6E6E , 6219 
0x2020 , 4474 
0x3E3E , 6144 
0x1C1C , 4990 
0x5A5A , 5332 
0x6E6E , 6317 
0x2020 , 4469 
0x3E3E , 6172 
0x1C1C , 5051 
0x5A5A , 5337 
0x6E6E , 6266 
0x2020 , 4493 
0x3E3E , 6195 
0x1C1C , 5074 
0x5A5A , 5337 
0x6E6E , 6271 
0x2020 , 4460 
0x3E3E , 6158 
0x1C1C , 5093 
0x5A5A , 5337 
0x6E6E , 6341 
0x2020 , 4390 
0x3E3E , 6149 
0x1C1C , 5112 
0x5A5A , 5393 
0x6E6E , 6177 
0x2020 , 4418 
0x3E3E , 6134 
0x1C1C , 5051 
0x5A5A , 5365 
0x6E6E , 6402 
0x2020 , 4423 
0x3E3E , 6177 
0x1C1C , 5023 
0x5A5A , 5412 
0x6E6E , 6430 
0x2020 , 4329 
0x3E3E , 6191 
0x1C1C , 5103 
0x5A5A , 5332 
0x6E6E , 0 
0x2020 , 0 
0x3E3E , 0 
0x1C1C , 0 
0x5A5A , 0 
0x6E6E , 6843 
0x2020 , 4413 
0x3E3E , 6322 
0x1C1C , 5079 
0x5A5A , 0 
0x6E6E , 6463 
0x2020 , 4408 
0x3E3E , 6313 
0x1C1C , 5042 
0x5A5A , 5286 
0x6E6E , 6894 
0x2020 , 4366 
0x3E3E , 6303 
0x1C1C , 5023 
0x5A5A , 5332 
0x6E6E , 6960 
0x2020 , 4404 
0x3E3E , 6317 
0x1C1C , 5004 
0x5A5A , 5318 
0x6E6E , 0 
0x2020 , 0 
0x3E3E , 0 
0x1C1C , 0 
0x5A5A , 0 
0x6E6E , 6097 
