0x2020 , 4371 
0x3E3E , 6336 
0x1C1C , 5276 
0x5A5A , 4981 
0x6E6E , 6069 
0x2020 , 4418 
0x3E3E , 6271 
0x1C1C , 5168 
0x5A5A , 5070 
0x6E6E , 6003 
0x2020 , 4380 
0x3E3E , 6261 
0x1C1C , 5337 
0x5A5A , 4873 
0x6E6E , 5970 
0x2020 , 4394 
0x3E3E , 6317 
0x1C1C , 5426 
0x5A5A , 5009 
0x6E6E , 5998 
0x2020 , 4385 
0x3E3E , 6317 
0x1C1C , 5140 
0x5A5A , 4835 
0x6E6E , 6017 
0x2020 , 4432 
0x3E3E , 6280 
0x1C1C , 4760 
0x5A5A , 5403 
0x6E6E , 6045 
0x2020 , 4441 
0x3E3E , 6256 
0x1C1C , 5225 
0x5A5A , 5497 
0x6E6E , 6111 
0x2020 , 0 
0x3E3E , 6299 
0x1C1C , 5084 
0x5A5A , 5431 
0x6E6E , 6013 
0x2020 , 4465 
0x3E3E , 6313 
0x1C1C , 4873 
0x5A5A , 5483 
0x6E6E , 5933 
0x2020 , 4437 
0x3E3E , 6275 
0x1C1C , 4807 
0x5A5A , 5436 
0x6E6E , 5923 
0x2020 , 4432 
0x3E3E , 6313 
0x1C1C , 0 
0x5A5A , 5328 
0x6E6E , 6022 
0x2020 , 0 
0x3E3E , 0 
0x1C1C , 5314 
0x5A5A , 0 
0x6E6E , 0 
0x2020 , 4376 
0x3E3E , 6219 
0x1C1C , 5862 
0x5A5A , 0 
0x6E6E , 0 
0x2020 , 4240 
0x3E3E , 6167 
0x1C1C , 5234 
0x5A5A , 5520 
0x6E6E , 6059 
0x2020 , 0 
0x3E3E , 6059 
0x1C1C , 5375 
0x5A5A , 5726 
0x6E6E , 6210 
0x2020 , 0 
0x3E3E , 6083 
0x1C1C , 5304 
0x5A5A , 5689 
0x6E6E , 6050 
0x2020 , 0 
0x3E3E , 6064 
0x1C1C , 5318 
0x5A5A , 5881 
0x6E6E , 6163 
0x2020 , 0 
0x3E3E , 6219 
0x1C1C , 5318 
0x5A5A , 5848 
0x6E6E , 5933 
0x2020 , 0 
0x3E3E , 5839 
0x1C1C , 5454 
0x5A5A , 5928 
0x6E6E , 6074 
0x2020 , 3325 
0x3E3E , 0 
0x1C1C , 5483 
0x5A5A , 6088 
0x6E6E , 6144 
0x2020 , 3217 
0x3E3E , 5858 
0x1C1C , 5769 
0x5A5A , 6618 
0x6E6E , 6055 
0x2020 , 3039 
0x3E3E , 5755 
0x1C1C , 5755 
0x5A5A , 6571 
0x6E6E , 6092 
0x2020 , 2884 
0x3E3E , 5755 
0x1C1C , 5839 
0x5A5A , 6528 
0x6E6E , 6064 
0x2020 , 2607 
0x3E3E , 5773 
0x1C1C , 6045 
0x5A5A , 6468 
0x6E6E , 6055 
0x2020 , 2504 
0x3E3E , 6097 
0x1C1C , 6153 
0x5A5A , 6589 
0x6E6E , 6106 
0x2020 , 2424 
0x3E3E , 5909 
0x1C1C , 0 
0x5A5A , 6711 
0x6E6E , 6031 
0x2020 , 0 
0x3E3E , 0 
0x1C1C , 6500 
0x5A5A , 0 
0x6E6E , 0 
0x2020 , 2007 
0x3E3E , 6102 
0x1C1C , 6786 
0x5A5A , 0 
0x6E6E , 0 
0x2020 , 1754 
0x3E3E , 6027 
0x1C1C , 7035 
0x5A5A , 7363 
0x6E6E , 6158 
0x2020 , 1571 
0x3E3E , 5998 
0x1C1C , 7040 
0x5A5A , 7467 
0x6E6E , 6477 
0x2020 , 1458 
0x3E3E , 5919 
0x1C1C , 6951 
0x5A5A , 0 
0x6E6E , 6242 
0x2020 , 0 
0x3E3E , 0 
0x1C1C , 0 
0x5A5A , 0 
0x6E6E , 0 
0x2020 , 1369 
0x3E3E , 5642 
0x1C1C , 6777 
0x5A5A , 7907 
0x6E6E , 6585 
0x2020 , 1557 
0x3E3E , 5478 
0x1C1C , 6683 
0x5A5A , 7846 
0x6E6E , 6669 
0x2020 , 1772 
0x3E3E , 5515 
0x1C1C , 6289 
0x5A5A , 7846 
0x6E6E , 6861 
0x2020 , 1890 
0x3E3E , 5544 
0x1C1C , 6411 
0x5A5A , 7898 
0x6E6E , 0 
0x2020 , 0 
0x3E3E , 0 
0x1C1C , 0 
0x5A5A , 0 
0x6E6E , 6913 
0x2020 , 2199 
0x3E3E , 5074 
0x1C1C , 6153 
0x5A5A , 0 
0x6E6E , 7035 
0x2020 , 2621 
0x3E3E , 4643 
0x1C1C , 5722 
0x5A5A , 0 
0x6E6E , 7448 
0x2020 , 2804 
0x3E3E , 4483 
0x1C1C , 5581 
0x5A5A , 7889 
0x6E6E , 7509 
0x2020 , 2922 
0x3E3E , 4418 
0x1C1C , 5351 
0x5A5A , 0 
0x6E6E , 7715 
0x2020 , 3170 
0x3E3E , 4751 
0x1C1C , 5436 
0x5A5A , 7861 
0x6E6E , 7861 
0x2020 , 3259 
0x3E3E , 4113 
0x1C1C , 5337 
0x5A5A , 7893 
0x6E6E , 8015 
0x2020 , 3330 
0x3E3E , 3935 
0x1C1C , 5239 
0x5A5A , 7846 
0x6E6E , 8179 
0x2020 , 3381 
0x3E3E , 3921 
0x1C1C , 5206 
0x5A5A , 7804 
0x6E6E , 8208 
0x2020 , 3522 
0x3E3E , 3878 
0x1C1C , 5253 
0x5A5A , 8015 
0x6E6E , 8325 
0x2020 , 3691 
0x3E3E , 3794 
0x1C1C , 0 
0x5A5A , 8133 
0x6E6E , 8283 
0x2020 , 0 
0x3E3E , 0 
0x1C1C , 5065 
0x5A5A , 0 
0x6E6E , 0 
0x2020 , 3916 
0x3E3E , 3742 
0x1C1C , 0 
0x5A5A , 0 
0x6E6E , 0 
0x2020 , 0 
0x3E3E , 0 
0x1C1C , 4849 
0x5A5A , 0 
0x6E6E , 0 
0x2020 , 4108 
0x3E3E , 3616 
0x1C1C , 4816 
0x5A5A , 0 
0x6E6E , 0 
0x2020 , 4254 
0x3E3E , 3555 
0x1C1C , 4638 
0x5A5A , 8151 
0x6E6E , 8456 
0x2020 , 4408 
0x3E3E , 3531 
0x1C1C , 0 
0x5A5A , 8114 
0x6E6E , 8484 
0x2020 , 0 
0x3E3E , 0 
0x1C1C , 4549 
0x5A5A , 0 
0x6E6E , 0 
0x2020 , 4577 
0x3E3E , 3705 
0x1C1C , 4380 
0x5A5A , 0 
0x6E6E , 0 
0x2020 , 4751 
0x3E3E , 4019 
0x1C1C , 4347 
0x5A5A , 7884 
0x6E6E , 8780 
0x2020 , 5009 
0x3E3E , 3892 
0x1C1C , 0 
0x5A5A , 7842 
0x6E6E , 8733 
0x2020 , 0 
0x3E3E , 0 
0x1C1C , 3883 
0x5A5A , 0 
0x6E6E , 0 
0x2020 , 4943 
0x3E3E , 3953 
0x1C1C , 4033 
0x5A5A , 0 
0x6E6E , 0 

0x2020 , 5210 
0x3E3E , 3381 
0x1C1C , 4108 
0x5A5A , 7518 
0x6E6E , 8583 
0x2020 , 0 
0x3E3E , 3635 
0x1C1C , 3208 
0x5A5A , 7532 
0x6E6E , 8883 
0x2020 , 0 
0x3E3E , 3719 
0x1C1C , 3259 
0x5A5A , 7476 
0x6E6E , 8831 
0x2020 , 5126 
0x3E3E , 0 
0x1C1C , 3072 
0x5A5A , 7415 
0x6E6E , 8756 
0x2020 , 5023 
0x3E3E , 3691 
0x1C1C , 3630 
0x5A5A , 7448 
0x6E6E , 8831 
0x2020 , 0 
0x3E3E , 3710 
0x1C1C , 3466 
0x5A5A , 7457 
0x6E6E , 8789 
0x2020 , 0 
0x3E3E , 3400 
0x1C1C , 3259 
0x5A5A , 7481 
0x6E6E , 8855 
0x2020 , 0 
0x3E3E , 3480 
0x1C1C , 4197 
0x5A5A , 7457 
0x6E6E , 8831 
0x2020 , 0 
0x3E3E , 3545 
0x1C1C , 3353 
0x5A5A , 7518 
0x6E6E , 8864 
0x2020 , 5229 
0x3E3E , 0 
0x1C1C , 3245 
0x5A5A , 7382 
0x6E6E , 8935 
0x2020 , 5365 
0x3E3E , 3635 
0x1C1C , 3212 
0x5A5A , 7443 
0x6E6E , 8925 
0x2020 , 5694 
0x3E3E , 0 
0x1C1C , 2959 
0x5A5A , 7255 
0x6E6E , 8949 
0x2020 , 0 
0x3E3E , 3714 
0x1C1C , 3029 
0x5A5A , 7377 
0x6E6E , 8991 
0x2020 , 0 
0x3E3E , 4136 
0x1C1C , 2757 
0x5A5A , 7298 
0x6E6E , 9085 
0x2020 , 5877 
0x3E3E , 3747 
0x1C1C , 2603 
0x5A5A , 6533 
0x6E6E , 9038 
0x2020 , 5952 
0x3E3E , 3892 
0x1C1C , 2415 
0x5A5A , 6946 
0x6E6E , 9089 
0x2020 , 5905 
0x3E3E , 3808 
0x1C1C , 2265 
0x5A5A , 6866 
0x6E6E , 8963 
0x2020 , 6106 
0x3E3E , 4052 
0x1C1C , 2171 
0x5A5A , 6416 
0x6E6E , 0 
0x2020 , 0 
0x3E3E , 0 
0x1C1C , 0 
0x5A5A , 0 
0x6E6E , 9033 
0x2020 , 6139 
0x3E3E , 4127 
0x1C1C , 1805 
0x5A5A , 0 
0x6E6E , 9043 
0x2020 , 6078 
0x3E3E , 4723 
0x1C1C , 1763 
0x5A5A , 6411 
0x6E6E , 9024 
0x2020 , 6346 
0x3E3E , 4770 
0x1C1C , 1707 
0x5A5A , 6688 
0x6E6E , 9043 
0x2020 , 6561 
0x3E3E , 4737 
0x1C1C , 0 
0x5A5A , 6449 
0x6E6E , 8991 
0x2020 , 6655 
0x3E3E , 4976 
0x1C1C , 1702 
0x5A5A , 0 
0x6E6E , 0 
0x2020 , 6674 
0x3E3E , 4695 
0x1C1C , 1951 
0x5A5A , 6013 
0x6E6E , 8986 
0x2020 , 6735 
0x3E3E , 4863 
0x1C1C , 1599 
0x5A5A , 5928 
0x6E6E , 8869 
0x2020 , 6983 
0x3E3E , 4816 
0x1C1C , 1660 
0x5A5A , 5872 
0x6E6E , 8916 
0x2020 , 0 
0x3E3E , 5089 
0x1C1C , 1557 
0x5A5A , 5712 
0x6E6E , 0 
0x2020 , 0 
0x3E3E , 0 
0x1C1C , 0 
0x5A5A , 0 
0x6E6E , 8742 
0x2020 , 7012 
0x3E3E , 5347 
0x1C1C , 1646 
0x5A5A , 5422 
0x6E6E , 8733 
0x2020 , 6974 
0x3E3E , 5356 
0x1C1C , 1772 
0x5A5A , 5539 
0x6E6E , 8714 
0x2020 , 6918 
0x3E3E , 5403 
0x1C1C , 1721 
0x5A5A , 5318 
0x6E6E , 8775 
0x2020 , 7030 
0x3E3E , 5436 
0x1C1C , 1782 
0x5A5A , 5393 
0x6E6E , 8691 
0x2020 , 7030 
0x3E3E , 5576 
0x1C1C , 1697 
0x5A5A , 5337 
0x6E6E , 8672 
0x2020 , 7016 
0x3E3E , 5426 
0x1C1C , 1810 
0x5A5A , 5262 
0x6E6E , 8691 
0x2020 , 7340 
0x3E3E , 5689 
0x1C1C , 1801 
0x5A5A , 5229 
0x6E6E , 0 
0x2020 , 7406 
0x3E3E , 6416 
0x1C1C , 2757 
0x5A5A , 4160 
0x6E6E , 8212 
0x2020 , 7420 
0x3E3E , 6491 
0x1C1C , 2912 
0x5A5A , 4094 
0x6E6E , 8226 
0x2020 , 7438 
0x3E3E , 6721 
0x1C1C , 3109 
0x5A5A , 3968 
0x6E6E , 8114 
0x2020 , 7481 
0x3E3E , 6754 
0x1C1C , 3161 
0x5A5A , 3911 
0x6E6E , 8090 
0x2020 , 7495 
0x3E3E , 6801 
0x1C1C , 3175 
0x5A5A , 3836 
0x6E6E , 8011 
0x2020 , 7542 
0x3E3E , 6876 
0x1C1C , 0 
0x5A5A , 3724 
0x6E6E , 8025 
0x2020 , 0 
0x3E3E , 0 
0x1C1C , 3489 
0x5A5A , 0 
0x6E6E , 0 
0x2020 , 7392 
0x3E3E , 7134 
0x1C1C , 3630 
0x5A5A , 0 
0x6E6E , 0 
0x2020 , 7401 
0x3E3E , 7340 
0x1C1C , 3696 
0x5A5A , 3381 
0x6E6E , 7710 
0x2020 , 7499 
0x3E3E , 7410 
0x1C1C , 3808 
0x5A5A , 3344 
0x6E6E , 7584 
0x2020 , 7537 
0x3E3E , 7485 
0x1C1C , 3911 
0x5A5A , 3198 
0x6E6E , 7556 
0x2020 , 7621 
0x3E3E , 7584 
0x1C1C , 4066 
0x5A5A , 3095 
0x6E6E , 7457 
0x2020 , 7532 
0x3E3E , 7664 
0x1C1C , 4193 
0x5A5A , 2964 
0x6E6E , 7392 
0x2020 , 7523 
0x3E3E , 7767 
0x1C1C , 4263 
0x5A5A , 2879 
0x6E6E , 0 
0x2020 , 0 
0x3E3E , 0 
0x1C1C , 0 
0x5A5A , 0 
0x6E6E , 7002 
0x2020 , 7434 
0x3E3E , 8203 
0x1C1C , 4680 
0x5A5A , 0 
0x6E6E , 6866 
0x2020 , 7579 
0x3E3E , 8297 
0x1C1C , 4981 
0x5A5A , 2373 
0x6E6E , 6805 
0x2020 , 7570 
0x3E3E , 8428 
0x1C1C , 5187 
0x5A5A , 2209 
0x6E6E , 6660 
0x2020 , 7523 
0x3E3E , 8466 
0x1C1C , 5281 
0x5A5A , 2157 
0x6E6E , 6566 
0x2020 , 7649 
0x3E3E , 8583 
0x1C1C , 5398 
0x5A5A , 2063 
0x6E6E , 6486 
0x2020 , 7579 
0x3E3E , 8695 
0x1C1C , 5459 
0x5A5A , 2124 
0x6E6E , 6327 
0x2020 , 7617 
0x3E3E , 8925 
0x1C1C , 5581 
0x5A5A , 2148 
0x6E6E , 6280 
0x2020 , 0 
0x3E3E , 0 
0x1C1C , 0 
0x5A5A , 0 
0x6E6E , 0 
0x2020 , 0 
0x3E3E , 0 
0x1C1C , 0 
0x5A5A , 0 
0x6E6E , 0 
0x2020 , 7363 
0x3E3E , 9343 
0x1C1C , 6350 
0x5A5A , 2696 
0x6E6E , 5478 
0x2020 , 7462 
0x3E3E , 9390 
0x1C1C , 6411 
0x5A5A , 2396 
0x6E6E , 5440 
0x2020 , 7420 
0x3E3E , 9488 
0x1C1C , 6458 
0x5A5A , 2223 
0x6E6E , 5417 
0x2020 , 7410 
0x3E3E , 9451 
0x1C1C , 6463 
0x5A5A , 2265 
0x6E6E , 5351 
0x2020 , 7302 
0x3E3E , 9507 
0x1C1C , 6594 
0x5A5A , 2274 
0x6E6E , 5239 
0x2020 , 7316 
0x3E3E , 9568 
0x1C1C , 6618 
0x5A5A , 2406 
0x6E6E , 5164 
0x2020 , 7274 
0x3E3E , 9568 
0x1C1C , 6725 
0x5A5A , 2542 
0x6E6E , 5046 
0x2020 , 7270 
0x3E3E , 9563 
0x1C1C , 6801 
0x5A5A , 2556 
0x6E6E , 4901 
0x2020 , 7176 
0x3E3E , 9554 
0x1C1C , 6880 
0x5A5A , 2556 
0x6E6E , 4840 
0x2020 , 7044 
0x3E3E , 9338 
0x1C1C , 6965 
0x5A5A , 2593 
0x6E6E , 4774 
0x2020 , 6969 
0x3E3E , 9422 
0x1C1C , 6937 
0x5A5A , 2664 
0x6E6E , 4671 
0x2020 , 6890 
0x3E3E , 9436 
0x1C1C , 6955 
0x5A5A , 2687 
0x6E6E , 4530 
0x2020 , 6904 
0x3E3E , 9483 
0x1C1C , 7049 
0x5A5A , 2743 
0x6E6E , 4423 
0x2020 , 6932 
0x3E3E , 9638 
0x1C1C , 7119 
0x5A5A , 2832 
0x6E6E , 4301 
0x2020 , 6880 
0x3E3E , 9582 
0x1C1C , 7190 
0x5A5A , 2865 
0x6E6E , 4277 
0x2020 , 6857 
0x3E3E , 9760 
0x1C1C , 7298 
0x5A5A , 2917 
0x6E6E , 4066 
0x2020 , 6838 
0x3E3E , 9821 
0x1C1C , 7363 
0x5A5A , 3020 
0x6E6E , 3916 
0x2020 , 6749 
0x3E3E , 9826 
0x1C1C , 7452 
0x5A5A , 3306 
0x6E6E , 3803 
0x2020 , 6730 
0x3E3E , 9826 
0x1C1C , 7420 
0x5A5A , 3377 
0x6E6E , 3724 
0x2020 , 6660 
0x3E3E , 9760 
0x1C1C , 7396 
0x5A5A , 3527 
0x6E6E , 3620 
0x2020 , 6604 
0x3E3E , 9751 
0x1C1C , 7490 
0x5A5A , 3663 
0x6E6E , 3503 
0x2020 , 6524 
0x3E3E , 9891 
0x1C1C , 7612 
0x5A5A , 0 
0x6E6E , 3320 
0x2020 , 6421 
0x3E3E , 9793 
0x1C1C , 7678 
0x5A5A , 0 
0x6E6E , 3316 
0x2020 , 6205 
0x3E3E , 9727 
0x1C1C , 7626 
0x5A5A , 3771 
0x6E6E , 3241 
0x2020 , 6130 
0x3E3E , 9587 
0x1C1C , 7720 
0x5A5A , 3836 
0x6E6E , 3147 
0x2020 , 6102 
0x3E3E , 9704 
0x1C1C , 7767 
0x5A5A , 3982 
0x6E6E , 3062 
0x2020 , 6022 
0x3E3E , 9624 
0x1C1C , 7720 
0x5A5A , 4150 
0x6E6E , 2842 
0x2020 , 5956 
0x3E3E , 9666 
0x1C1C , 7645 
0x5A5A , 3944 
0x6E6E , 2711 
0x2020 , 5769 
0x3E3E , 9643 
0x1C1C , 7776 
0x5A5A , 0 
0x6E6E , 0 
0x2020 , 0 
0x3E3E , 0 
0x1C1C , 0 
0x5A5A , 4962 
0x6E6E , 0 
0x2020 , 0 
0x3E3E , 9549 
0x1C1C , 7926 
0x5A5A , 4695 
0x6E6E , 0 
0x2020 , 5567 
0x3E3E , 9549 
0x1C1C , 7964 
0x5A5A , 4906 
0x6E6E , 2593 
0x2020 , 5436 
0x3E3E , 9446 
0x1C1C , 8001 
0x5A5A , 4887 
0x6E6E , 2593 
0x2020 , 5417 
0x3E3E , 9493 
0x1C1C , 8062 
0x5A5A , 0 
0x6E6E , 0 
0x2020 , 0 
0x3E3E , 0 
0x1C1C , 0 
0x5A5A , 0 
0x6E6E , 2410 
0x2020 , 5229 
0x3E3E , 9436 
0x1C1C , 8053 
0x5A5A , 4971 
0x6E6E , 2368 
0x2020 , 5168 
0x3E3E , 9432 
0x1C1C , 8114 
0x5A5A , 5093 
0x6E6E , 2298 
0x2020 , 5103 
0x3E3E , 9427 
0x1C1C , 8119 
0x5A5A , 5229 
0x6E6E , 2434 
0x2020 , 0 
0x3E3E , 9352 
0x1C1C , 8123 
0x5A5A , 5445 
0x6E6E , 2256 
0x2020 , 5103 
0x3E3E , 9329 
0x1C1C , 8043 
0x5A5A , 5628 
0x6E6E , 2218 
0x2020 , 5060 
0x3E3E , 9361 
0x1C1C , 8029 
0x5A5A , 5121 
0x6E6E , 2293 
0x2020 , 5093 
0x3E3E , 9230 
0x1C1C , 7982 
0x5A5A , 0 
0x6E6E , 2326 
0x2020 , 4957 
0x3E3E , 9455 
0x1C1C , 8011 
0x5A5A , 5553 
0x6E6E , 2485 
0x2020 , 4924 
0x3E3E , 8841 
0x1C1C , 8311 
0x5A5A , 0 
0x6E6E , 2575 
0x2020 , 4831 
0x3E3E , 8794 
0x1C1C , 8334 
0x5A5A , 5891 
0x6E6E , 2978 
0x2020 , 4812 
0x3E3E , 9296 
0x1C1C , 8306 
0x5A5A , 6008 
0x6E6E , 3081 
0x2020 , 4620 
0x3E3E , 9028 
0x1C1C , 8119 
0x5A5A , 5891 
0x6E6E , 2978 
0x2020 , 4441 
0x3E3E , 8841 
0x1C1C , 8414 
0x5A5A , 6083 
0x6E6E , 3180 
0x2020 , 4362 
0x3E3E , 9005 
0x1C1C , 8367 
0x5A5A , 6144 
0x6E6E , 3231 
0x2020 , 4183 
0x3E3E , 8864 
0x1C1C , 8381 
0x5A5A , 6294 
0x6E6E , 3611 
0x2020 , 4127 
0x3E3E , 8817 
0x1C1C , 8278 
0x5A5A , 6383 
0x6E6E , 3217 
0x2020 , 3935 
0x3E3E , 8634 
0x1C1C , 8311 
0x5A5A , 0 
0x6E6E , 3456 
0x2020 , 3799 
0x3E3E , 8503 
0x1C1C , 8269 
0x5A5A , 0 
0x6E6E , 3541 
0x2020 , 3733 
0x3E3E , 8273 
0x1C1C , 0 
0x5A5A , 6899 
0x6E6E , 3653 
0x2020 , 0 
0x3E3E , 0 
0x1C1C , 8240 
0x5A5A , 0 
0x6E6E , 0 
0x2020 , 3405 
0x3E3E , 8386 
0x1C1C , 8208 
0x5A5A , 0 
0x6E6E , 0 
0x2020 , 3372 
0x3E3E , 8536 
0x1C1C , 8250 
0x5A5A , 7091 
0x6E6E , 4043 
0x2020 , 3217 
0x3E3E , 8372 
0x1C1C , 8259 
0x5A5A , 7157 
0x6E6E , 4104 
0x2020 , 3086 
0x3E3E , 8142 
0x1C1C , 8217 
0x5A5A , 7321 
0x6E6E , 4226 
0x2020 , 0 
0x3E3E , 0 
0x1C1C , 0 
0x5A5A , 0 
0x6E6E , 0 
0x2020 , 2293 
0x3E3E , 7180 
0x1C1C , 7851 
0x5A5A , 7767 
0x6E6E , 5497 
0x2020 , 2270 
0x3E3E , 7148 
0x1C1C , 7917 
0x5A5A , 8039 
0x6E6E , 5553 
0x2020 , 2195 
0x3E3E , 7138 
0x1C1C , 7912 
0x5A5A , 8283 
0x6E6E , 0 
0x2020 , 0 
0x3E3E , 0 
0x1C1C , 0 
0x5A5A , 0 
0x6E6E , 5877 
0x2020 , 2096 
0x3E3E , 6815 
0x1C1C , 7912 
0x5A5A , 0 
0x6E6E , 6008 
0x2020 , 2040 
0x3E3E , 6604 
0x1C1C , 7851 
0x5A5A , 8325 
0x6E6E , 6163 
0x2020 , 2012 
0x3E3E , 6969 
0x1C1C , 7828 
0x5A5A , 8316 
0x6E6E , 6261 
0x2020 , 2227 
0x3E3E , 6988 
0x1C1C , 7588 
0x5A5A , 7936 
0x6E6E , 6074 
0x2020 , 2359 
0x3E3E , 6847 
0x1C1C , 7607 
0x5A5A , 7936 
0x6E6E , 6064 
0x2020 , 2288 
0x3E3E , 6669 
0x1C1C , 7523 
0x5A5A , 7997 
0x6E6E , 6092 
0x2020 , 2401 
0x3E3E , 6486 
0x1C1C , 7621 
0x5A5A , 8058 
0x6E6E , 6158 
0x2020 , 2260 
0x3E3E , 6496 
0x1C1C , 7706 
0x5A5A , 0 
0x6E6E , 6210 
0x2020 , 2363 
0x3E3E , 6510 
0x1C1C , 7593 
0x5A5A , 0 
0x6E6E , 6078 
0x2020 , 2317 
0x3E3E , 6627 
0x1C1C , 7377 
0x5A5A , 7992 
0x6E6E , 6059 
0x2020 , 0 
0x3E3E , 0 
0x1C1C , 0 
0x5A5A , 0 
0x6E6E , 0 
0x2020 , 2457 
0x3E3E , 5393 
0x1C1C , 6285 
0x5A5A , 7870 
0x6E6E , 7288 
0x2020 , 2467 
0x3E3E , 5478 
0x1C1C , 6303 
0x5A5A , 7907 
0x6E6E , 7288 
0x2020 , 2429 
0x3E3E , 5417 
0x1C1C , 6341 
0x5A5A , 7804 
0x6E6E , 7335 
0x2020 , 2467 
0x3E3E , 5398 
0x1C1C , 6224 
0x5A5A , 7715 
0x6E6E , 6890 
0x2020 , 2467 
0x3E3E , 5328 
0x1C1C , 6200 
0x5A5A , 7851 
0x6E6E , 6852 
0x2020 , 2551 
0x3E3E , 5234 
0x1C1C , 6139 
0x5A5A , 7696 
0x6E6E , 7199 
0x2020 , 2415 
0x3E3E , 5037 
0x1C1C , 6111 
0x5A5A , 7753 
0x6E6E , 7373 
0x2020 , 2438 
0x3E3E , 5028 
0x1C1C , 5989 
0x5A5A , 7743 
0x6E6E , 7457 
0x2020 , 2537 
0x3E3E , 4948 
0x1C1C , 5900 
0x5A5A , 7818 
0x6E6E , 7762 
0x2020 , 0 
0x3E3E , 4713 
0x1C1C , 5792 
0x5A5A , 7776 
0x6E6E , 7767 
0x2020 , 2729 
0x3E3E , 4676 
0x1C1C , 5689 
0x5A5A , 7795 
0x6E6E , 7743 
0x2020 , 0 
0x3E3E , 0 
0x1C1C , 0 
0x5A5A , 0 
0x6E6E , 0 
0x2020 , 3048 
0x3E3E , 4155 
0x1C1C , 5281 
0x5A5A , 7865 
0x6E6E , 7889 
0x2020 , 0 
0x3E3E , 3982 
0x1C1C , 5164 
0x5A5A , 7851 
0x6E6E , 8123 
0x2020 , 0 
0x3E3E , 3888 
0x1C1C , 5168 
0x5A5A , 7889 
0x6E6E , 8165 
0x2020 , 0 
0x3E3E , 3785 
0x1C1C , 5117 
0x5A5A , 7940 
0x6E6E , 8255 
0x2020 , 0 
0x3E3E , 3658 
0x1C1C , 5028 
0x5A5A , 7879 
0x6E6E , 8330 
0x2020 , 0 
0x3E3E , 3484 
0x1C1C , 4976 
0x5A5A , 7917 
0x6E6E , 8334 
0x2020 , 0 
0x3E3E , 3320 
0x1C1C , 4920 
0x5A5A , 7917 
0x6E6E , 8700 
0x2020 , 0 
0x3E3E , 3316 
0x1C1C , 4812 
0x5A5A , 7922 
0x6E6E , 8306 
0x2020 , 0 
0x3E3E , 3203 
0x1C1C , 4788 
0x5A5A , 7912 
0x6E6E , 0 
0x2020 , 0 
0x3E3E , 0 
0x1C1C , 0 
0x5A5A , 0 
0x6E6E , 8606 
0x2020 , 3939 
0x3E3E , 2781 
0x1C1C , 4859 
0x5A5A , 7753 
0x6E6E , 8634 
0x2020 , 4179 
0x3E3E , 2931 
0x1C1C , 4643 
0x5A5A , 7692 
0x6E6E , 8719 
0x2020 , 0 
0x3E3E , 2908 
0x1C1C , 4263 
0x5A5A , 7635 
0x6E6E , 8799 
0x2020 , 0 
0x3E3E , 2903 
0x1C1C , 4301 
0x5A5A , 7649 
0x6E6E , 0 
0x2020 , 0 
0x3E3E , 0 
0x1C1C , 0 
0x5A5A , 0 
0x6E6E , 0 
0x2020 , 0 
0x3E3E , 0 
0x1C1C , 0 
0x5A5A , 0 
0x6E6E , 0 
0x2020 , 4906 
0x3E3E , 2875 
0x1C1C , 0 
0x5A5A , 0 
0x6E6E , 8911 
0x2020 , 5023 
0x3E3E , 2898 
0x1C1C , 3649 
0x5A5A , 7612 
0x6E6E , 8794 
0x2020 , 0 
0x3E3E , 0 
0x1C1C , 0 
0x5A5A , 0 
0x6E6E , 0 

0x2020 , 5830 
0x3E3E , 3874 
0x1C1C , 2673 
0x5A5A , 7570 
0x6E6E , 9118 

0x2020 , 0 
0x3E3E , 0 
0x1C1C , 0 
0x5A5A , 0 
0x6E6E , 0 
0x2020 , 5417 
0x3E3E , 3574 
0x1C1C , 2823 
0x5A5A , 7040 
0x6E6E , 9225 
0x2020 , 5501 
0x3E3E , 3559 
0x1C1C , 2884 
0x5A5A , 0 
0x6E6E , 0 

0x2020 , 0 
0x3E3E , 0 
0x1C1C , 0 
0x5A5A , 0 
0x6E6E , 0 
0x2020 , 5459 
0x3E3E , 3630 
0x1C1C , 2748 
0x5A5A , 0 
0x6E6E , 8986 
0x2020 , 5656 
0x3E3E , 3681 
0x1C1C , 2823 
0x5A5A , 0 
0x6E6E , 8799 
0x2020 , 0 
0x3E3E , 4104 
0x1C1C , 2823 
0x5A5A , 6439 
0x6E6E , 8344 
0x2020 , 5431 
0x3E3E , 4286 
0x1C1C , 0 
0x5A5A , 6421 
0x6E6E , 8344 
0x2020 , 0 
0x3E3E , 0 
0x1C1C , 0 
0x5A5A , 0 
0x6E6E , 0 
0x2020 , 5426 
0x3E3E , 3405 
0x1C1C , 3151 
0x5A5A , 0 
0x6E6E , 0 
0x2020 , 0 
0x3E3E , 0 
0x1C1C , 0 
0x5A5A , 0 
0x6E6E , 9146 
0x2020 , 0 
0x3E3E , 0 
0x1C1C , 0 
0x5A5A , 7180 
0x6E6E , 0 

0x2020 , 5651 
0x3E3E , 3489 
0x1C1C , 2861 
0x5A5A , 7452 
0x6E6E , 9136 

0x2020 , 5609 
0x3E3E , 3447 
0x1C1C , 2757 
0x5A5A , 7279 
0x6E6E , 9080 
0x2020 , 5590 
0x3E3E , 3362 
0x1C1C , 2786 
0x5A5A , 7368 
0x6E6E , 9141 
0x2020 , 5619 
0x3E3E , 3447 
0x1C1C , 2776 
0x5A5A , 7302 
0x6E6E , 9169 
0x2020 , 0 
0x3E3E , 0 
0x1C1C , 0 
0x5A5A , 0 
0x6E6E , 0 
0x2020 , 5619 
0x3E3E , 3503 
0x1C1C , 2523 
0x5A5A , 7340 
0x6E6E , 9361 
0x2020 , 5694 
0x3E3E , 3583 
0x1C1C , 2612 
0x5A5A , 7284 
0x6E6E , 9310 
0x2020 , 5694 
0x3E3E , 3517 
0x1C1C , 2603 
0x5A5A , 7288 
0x6E6E , 9343 
0x2020 , 5844 
0x3E3E , 3550 
0x1C1C , 2467 
0x5A5A , 7349 
0x6E6E , 9366 
0x2020 , 5970 
0x3E3E , 3395 
0x1C1C , 2495 
0x5A5A , 0 
0x6E6E , 9488 
0x2020 , 5966 
0x3E3E , 3414 
0x1C1C , 2410 
0x5A5A , 7326 
0x6E6E , 9418 
0x2020 , 5919 
0x3E3E , 3611 
0x1C1C , 2260 
0x5A5A , 0 
0x6E6E , 0 
0x2020 , 0 
0x3E3E , 0 
0x1C1C , 0 
0x5A5A , 0 
0x6E6E , 0 
0x2020 , 6191 
0x3E3E , 4465 
0x1C1C , 0 
0x5A5A , 6219 
0x6E6E , 0 
0x2020 , 0 
0x3E3E , 0 
0x1C1C , 0 
0x5A5A , 0 
0x6E6E , 0 
0x2020 , 6313 
0x3E3E , 4887 
0x1C1C , 0 
0x5A5A , 0 
0x6E6E , 8724 
0x2020 , 6505 
0x3E3E , 5126 
0x1C1C , 0 
0x5A5A , 5820 
0x6E6E , 9005 
0x2020 , 6604 
0x3E3E , 5201 
0x1C1C , 1665 
0x5A5A , 5895 
0x6E6E , 8855 
0x2020 , 6622 
0x3E3E , 5337 
0x1C1C , 1702 
0x5A5A , 5928 
0x6E6E , 8864 
0x2020 , 6650 
0x3E3E , 5295 
0x1C1C , 1866 
0x5A5A , 5271 
0x6E6E , 8799 
0x2020 , 6697 
0x3E3E , 5295 
0x1C1C , 1993 
0x5A5A , 5792 
0x6E6E , 8761 
0x2020 , 6683 
0x3E3E , 5271 
0x1C1C , 1777 
0x5A5A , 5947 
0x6E6E , 8672 
0x2020 , 6646 
0x3E3E , 5192 
0x1C1C , 1824 
0x5A5A , 5595 
0x6E6E , 9183 
0x2020 , 6702 
0x3E3E , 5154 
0x1C1C , 0 
0x5A5A , 5262 
0x6E6E , 8569 
0x2020 , 0 
0x3E3E , 0 
0x1C1C , 1838 
0x5A5A , 0 
0x6E6E , 0 
0x2020 , 6552 
0x3E3E , 5314 
0x1C1C , 1993 
0x5A5A , 0 
0x6E6E , 0 
0x2020 , 6486 
0x3E3E , 5117 
0x1C1C , 2396 
0x5A5A , 5295 
0x6E6E , 8362 
 
0x2020 , 6200 
0x3E3E , 0 
0x1C1C , 2898 
0x5A5A , 5206 
0x6E6E , 8020 
0x2020 , 6224 
0x3E3E , 5267 
0x1C1C , 2725 
0x5A5A , 5267 
0x6E6E , 7950 
0x2020 , 5905 
0x3E3E , 5295 
0x1C1C , 0 
0x5A5A , 5314 
0x6E6E , 7781 
0x2020 , 0 
0x3E3E , 0 
0x1C1C , 3330 
0x5A5A , 0 
0x6E6E , 0 
0x2020 , 5520 
0x3E3E , 5365 
0x1C1C , 3569 
0x5A5A , 0 
0x6E6E , 0 
0x2020 , 5304 
0x3E3E , 5276 
0x1C1C , 3710 
0x5A5A , 5192 
0x6E6E , 7190 
0x2020 , 5225 
0x3E3E , 5417 
0x1C1C , 3813 
0x5A5A , 5182 
0x6E6E , 6951 
0x2020 , 5051 
0x3E3E , 5393 
0x1C1C , 4085 
0x5A5A , 5065 
0x6E6E , 6791 
0x2020 , 5009 
0x3E3E , 0 
0x1C1C , 4352 
0x5A5A , 5032 
0x6E6E , 6941 
0x2020 , 4802 
0x3E3E , 5492 
0x1C1C , 4535 
0x5A5A , 5150 
0x6E6E , 6449 
0x2020 , 0 
0x3E3E , 0 
0x1C1C , 0 
0x5A5A , 0 
0x6E6E , 0 
0x2020 , 4507 
0x3E3E , 6092 
0x1C1C , 5051 
0x5A5A , 5145 
0x6E6E , 6247 
0x2020 , 0 
0x3E3E , 6195 
0x1C1C , 5210 
0x5A5A , 5145 
0x6E6E , 5933 
0x2020 , 0 
0x3E3E , 6299 
0x1C1C , 5023 
0x5A5A , 5154 
0x6E6E , 5858 
0x2020 , 0 
0x3E3E , 6144 
0x1C1C , 5107 
0x5A5A , 5168 
0x6E6E , 6214 
0x2020 , 0 
0x3E3E , 6134 
0x1C1C , 5098 
0x5A5A , 5135 
0x6E6E , 5834 
0x2020 , 0 
0x3E3E , 6125 
0x1C1C , 5342 
0x5A5A , 5121 
0x6E6E , 6106 
0x2020 , 0 
0x3E3E , 6144 
0x1C1C , 5459 
0x5A5A , 5154 
0x6E6E , 6059 
0x2020 , 0 
0x3E3E , 6120 
0x1C1C , 5309 
0x5A5A , 5154 
0x6E6E , 6078 
0x2020 , 4427 
0x3E3E , 6102 
0x1C1C , 5164 
0x5A5A , 5168 
0x6E6E , 6116 
0x2020 , 4432 
0x3E3E , 6200 
0x1C1C , 5300 
0x5A5A , 5276 
0x6E6E , 6172 
