13:51:59.665:
0x1C1C , 280 
0x2020 , 194 
0x3E3E , 186 
0x4D4D , 649 
0x6E6E , 517 

13:52:00.446:
0x1C1C , -5 
0x2020 , 180 
0x3E3E , 194 
0x4D4D , 649 
0x6E6E , 518 

13:52:01.212:
0x1C1C , 301 
0x2020 , 183 
0x3E3E , 186 
0
13:52:01.227:
x4D4D , -8 
0x6E6E , 517 

13:52:01.993:
0x1C1C ,
13:52:02.024:
 -5 
0x2020 , 192 
0x3E3E , 162 
0x4D4D , 684 
0x6E6E , 499 

13:52:03.619:
0x1C1C , -5 
0x2020 , 217 
0x3E3E , 141 

13:52:03.634:
0x4D4D , -8 
0x6E6E , 456 

13:52:04.385:
0x1C1C , 372 
0x2020 , 234 
0x3E3E , 180 
0x4D4D , -8 
0x6E6E , 456 

13:52:05.119:
0x1C1C , -5 
0x2020 , 246 
0x3E3E , 182 
0x4D4D , 673 
0x6E6E , 419 

13:52:05.885:
0x1C1C , 473 
0x2020 , 229 
0x3E3E , 189 
0x4D4D , 663 
0x6E6E , 395 

13:52:06.601:
0x1C1C , -
13:52:06.632:
5 
0x2020 , 252 
0x3E3E , 189 
0x4D4D , -8 
0x6E6E , 373 

13:52:07.382:
0x1C1C , 436 
0x2020 , 213 
0x3E3E , 213 
0x4D4D 
13:52:07.398:
, 626 
0x6E6E , 354 

13:52:08.163:
0x1C1C , -5 
0x2020 , 256 
0x3E3E , 239 
0x4D4D , 605 
0x6E6E , 332 

13:52:08.929:
0x1C1C , 461 
0x2020 , 222 
0x3E3E , 259 
0x4D4D , 590 
0x6E6E , 325 

13:52:09.679:
0x1C1C , -5 
0x2020 , 227 
0x3E3E , 258 

13:52:09.695:
0x4D4D , 569 
0x6E6E , 323 

13:52:10.538:
0x1C1C , 443
13:52:10.554:
 
0x2020 , 244 
0x3E3E , 295 
0x4D4D , 551 
0x6E6E , 0 

13:52:11.288:
0x1C1C , -5 
0x2020 , 0 
0x3E3E , -14 

13:52:11.304:
0x4D4D , -8 
0x6E6E , 315 

13:52:12.054:
0x1C1C , 446 
0x2020 , 0 
0x3E3E , -14 
0x4D4D , -8 
0x6E6E , 309 

13:52:12.804:
0x1C1C , -5 
0x2020 , 0 
0x3E3E , -14 
0x4D4D , -8 
0x6E6E , 329 

13:52:13.585:
0x1C1C , 431 
0x2020 , 0 
0x3E3E , -14 
0x4D4D , 508 
0x6E6E , 331 

13:52:15.179:
0x1C1C , 417 
0x2020 , 0 
0x3E3E , -14 
0x4D4D , -8 
0x6E6E , 0 

13:52:15.851:
0x1C1C ,
13:52:15.867:
 -5 
0x2020 , 0 
0x3E3E , -14 
0x4D4D , -8 
0x6E6E , 0 

13:52:16.570:
0x1C1C , -5 
0x2020 , 0 
0x3E3E , -14 
0x4D4D , -8 
0x6E6E , 0 

13:52:17.273:
0x1C1C , -5 
13:52:17.304:

0x2020 , 0 
0x3E3E , -14 
0x4D4D , 414 
0x6E6E , 352 

13:52:18.023:
0x1C1C , -5 
0x2020 , 0 
0x3E3E , -14 
0x4D4D , 393 

13:52:18.038:
0x6E6E , 372 

13:52:18.773:
0x1C1C , -5 
0x2020 , 175 
0x3E3E , -14 
0x4D4D , 389 
0x6E6E , 379 

13:52:19.523:
0x1C1C , -5 
0x2020 , 196 
0x3E3E , -14 
0x4D4D , 353 
0x6E6E , 410 

13:52:20.243:
0x1C1C , -5 

13:52:20.259:
0x2020 , 228 
0x3E3E , -14 
0x4D4D , 327 
0x6E6E , 0 

13:52:21.009:
0x1C1C ,
13:52:21.040:
 -5 
0x2020 , 242 
0x3E3E , 496 
0x4D4D , 313 
0x6E6E , 428 

13:52:21.790:
0x1C1C , -5 
0x2020 , 
13:52:21.806:
258 
0x3E3E , 528 
0x4D4D , 279 
0x6E6E , 447 

13:52:22.588:
0x1C1C , -5 
0x2020 , 288 
0x3E3E , 555 
0x4D4D , 254 
0x6E6E , 458 

13:52:23.369:
0x1C1C , -5 
0x2020 , 334 
0x3E3E , 581 
0x4D4D , 233 
0x6E6E , 450 

13:52:24.135:
0x1C1C , -5 
0x2020 , 351 
0x3E3E , 593 
0x4D4D , 21
13:52:24.150:
7 
0x6E6E , 441 

13:52:24.916:
0x1C1C , -5 
0x2020
13:52:24.932:
 , 380 
0x3E3E , 599 
0x4D4D , 240 
0x6E6E , 436 

13:52:26.619:
0x1C1C , -5 
0x2020 , 0 
0x3E3E , -14 
0x4D4D , -8 
0x6E6E , 0 

13:52:27.322:
0x1C1C , -5 
0x2020 , 0 
0x3E3E , -14 
0x4D4D , -8 
0x6E6E , 357 

13:52:28.025:
0x1C1C , -5 
0x2020 , 385 
0x3E3E , -14 

13:52:28.041:
0x4D4D , -8 
0x6E6E , 366 

13:52:28.775:
0x1C1C , -5 
0x2020 , 383 
0x3E3E , -14 
0x4D4D , -8 
0x6E6E , 338 

13:52:29.494:
0x1C1C , -5 
0x2020 , 378 
0x3E3E , -14 
0x4D4D , -8 
0x6E6E , 315 

13:52:30.229:
0x1C1C , -5 
0x2020 , 377 
0x3E3E , -14 
0x4D4D , -8 
0x6E6E , 272 

13:52:30.947:
0x1C1C , -5 
0x2020 , 366 
0x3E3E , -14 
13:52:30.979:

0x4D4D , -8 
0x6E6E , 238 

13:52:31.713:
0x1C1C , -5 
0x2020 , 355 
0x3E3E , -14 
0x4D4D , -8 
0x6E6E , 206 

13:52:34.635:
0x1C1C , -5 
0x2020 , 302 
0x3E3E , -14 
0x4D4D , -8 

13:52:34.650:
0x6E6E , 0 

13:52:35.416:
0x1C1C , 523 
0x2
13:52:35.432:
020 , 269 
0x3E3E , 412 
0x4D4D , -8 
0x6E6E , 294 

13:52:36.213:
0x1C1C , -5 
0x2020 , 249 
0x3E3E , 415 
0x4D4D , -344 
0x6E6E , 303 

13:52:36.994:
0x1C1C , 465 
0x2020 , 223 
0x3E3E , 421 
0x4D4D , 410 
0x6E6E , 334 

13:52:37.760:
0x1C1C , -5 
0x2020 , 210 
0x3E3E , 419 
0x4D4D , 
13:52:37.776:
396 
0x6E6E , 380 

13:52:38.638:
0x1C1C , 412 
0x2020 , 198 
0x3E3E , 425 
0x4D4D , -8 
0x6E6E , 0 

13:52:42.450:
0x1C1C , -5 
0x2020 , 0 
0x3E3E , -14 
0x4D4D , -8 

13:52:42.466:
0x6E6E , 0 

13:52:43.153:
0x1C1C , -5 
0x2020 , 0 
0x3E3E , -14 

13:52:43.169:
0x4D4D , 536 
0x6E6E , 0 

13:52:43.903:
0x1C1C , -5 
0x2020 , 0 
0x3E3E , -14 
0x4D4D , 561 
0x6E6E , 599 

13:52:44.638:
0x1C1C , -5 

13:52:44.653:
0x2020 , 0 
0x3E3E , -14 
0x4D4D , 581 
0x6E6E , 0 

13:52:45.419:
0x1C1C , -5 
0x2020 , 0 
0x3E
13:52:45.435:
3E , -14 
0x4D4D , 607 
0x6E6E , 592 

13:52:46.200:
0x1C1C , -5 
0x2020 , 197 
0x3E3E , -14 
0x4D4D , 
13:52:46.216:
618 
0x6E6E , 585 

13:52:46.982:
0x1C1C , -5 
0x2020 , 190 
0x3E3E , -14 
0x4D4D , 630 
0x6E6E , 0 

13:52:47.732:
0x1C1C , -5 
0x2020 , 191 
0x3E3E , -14 
0x4D4D ,
13:52:47.747:
 642 
0x6E6E , 0 

13:52:48.482:
0x1C1C , -5 
0x2020 , 0 
0x3E
13:52:48.498:
3E , -14 
0x4D4D , -8 
0x6E6E , 0 

13:52:49.248:
0x1C1C , -5 
0x202
13:52:49.264:
0 , 195 
0x3E3E , -14 
0x4D4D , -8 
0x6E6E , 0 

13:52:50.029:
0x1C1C , -5 
0x2020 , 0 
0x3E3E , -14 
0x4D4D , -8 
0x6E6E , 0 

13:52:50.811:
0x1C1C , -5 
0x2020 , 219 
0x3E3E , -14 
0x4D4D , -8 
0x6E6E , 0 

13:52:51.592:
0x1C1C , -5 
0x2020 , 210 
0x3E3E , -14 
0x4D4D , -8 
0x6E6E , 0 

13:52:52.358:
0x1C1C , -5 
0x2020 , 225 
0x3E3E , -14 
0x4D4D , -8 
0x6E6E , 0 

13:52:54.048:
0x1C1C , -5 
0x2020 , 245 
0x3E3E , -14 
0x4D4D , -8 
0x6E6E , 0 

13:52:56.937:
0x1C1C , -5 
0x2
13:52:56.953:
020 , 241 
0x3E3E , -14 
0x4D4D , -8 
0x6E6E , 0 

13:52:57.718:
0x1C1C , 470 
0x2020 , 287 
0x3E3E , 339 
0x4D4D , 493 
0x6E6E , 278 

13:52:58.437:
0x1C1C , -5 
0x2020 , 213 
0x3E3E , 344 

13:52:58.453:
0x4D4D , -8 
0x6E6E , 307 

13:52:59.218:
0x1C1C , 444 
0x2020 , 212 
0x3E3E , 376 
0x4D4D , 454 
0x6E6E , 307 

13:52:59.953:
0x1C1C , -5 
13:52:59.968:

0x2020 , 250 
0x3E3E , 394 
0x4D4D , 434 
0x6E6E , 320 

13:53:00.734:
0x1C1C , 438 
0x2020 , 227 
0x3E3E , 417 
0x4D4D , -8 
0x6E6E , 347 

13:53:01.468:
0x1C1C , -5 
0x2020 , 248 
0x3E3E , 441 
0
13:53:01.484:
x4D4D , -8 
0x6E6E , 366 

13:53:02.265:
0x1C1C , 423 
0x2020 , 245 
0x3E3E , 467 
0x4D4D , 358 
0x6E6E , 398 

13:53:03.015:
0x1C1C , -5 

13:53:03.047:
0x2020 , 253 
0x3E3E , 505 
0x4D4D , 334 
0x6E6E , 417 

13:53:03.828:
0x1C1C , 411 
0x2020 , 280 
0x3E3E , 525 
0x4D4D , 299 
0x6E6E , 467 

13:53:04.609:
0x1C1C , -5 
0x2020 , 308 
0x3E3E , 548 
0x4D4D , 271 
0x6E6E , 495 

13:53:09.781:
0x1C1C , 565 
0x2020 , 398 
0x3E3E , 619 
0x4D4D , 265 
0x6E6E , 405 

13:53:10.562:
0x1C1C , -5 
0x2020 , 391 

13:53:10.578:
0x3E3E , 604 
0x4D4D , 337 
0x6E6E , 381 

13:53:12.219:
0x1C1C , -5 
0x2020 , 395 
0x3E3E , 584 
0x4D4D , 351 
0x6E6E , 330 

13:53:12.951:
0x1C1C , 618 
0x2020 , 397 
0x3E3E , 557 

13:53:12.967:
0x4D4D , 402 
0x6E6E , 304 

13:53:13.685:
0x1C1C , -5 
0x2020 , 395 
0x3E3E , 529 
0x4D4D , -8 

13:53:13.701:
0x6E6E , 272 

13:53:14.465:
0x1C1C , 616 
0x2020 , 400 
0x3E3E , 544 
0x4D4D , 422 
0x6E6E , 248 

13:53:15.199:
0x1C1C , -5 
0x2020 , 382 
0x3E3E , 522 
13:53:15.215:

0x4D4D , 455 
0x6E6E , 214 

13:53:15.965:
0x1C1C , 612 
0x2020 , 371 

13:53:15.981:
0x3E3E , 473 
0x4D4D , 461 
0x6E6E , 248 

13:53:16.746:
0x1C1C , -5 
0x2020 , 328 
0x3E3E , 446 
0x4D4D , 470 
0x6E6E , 210 

13:53:17.528:
0x1C1C , 560 
0x2020 , 311 
0x3E3E , 453 
0x4D4D , 451 
0x6E6E , 237 

13:53:18.262:
0x1C1C , -5 
0x2020 , 306 
0x3E3E , 447 
0x4D4D , -8 
0x6E6E , 0 

13:53:19.012:
0x1C1C , 507 
0x2020 , 
13:53:19.028:
283 
0x3E3E , 421 
0x4D4D , 416 
0x6E6E , 0 

13:53:19.762:
0x1C1C , -5 
13:53:19.778:

0x2020 , 249 
0x3E3E , 424 
0x4D4D , -8 
0x6E6E , 0 

13:53:20.559:
0x1C1C , 440 
0x2020 , 227 
0x3E3E , 
13:53:20.575:
420 
0x4D4D , 377 
0x6E6E , 0 

13:53:21.340:
0x1C1C , -5 
0x2020 , 212 
0x3E3E , 422 
0x4D4D , 371 
0x6E6E , 0 

13:53:22.106:
0x1C1C , 366 
0x2020 
13:53:22.121:
, 196 
0x3E3E , 430 
0x4D4D , 367 
0x6E6E , 0 

13:53:23.746:
0x1C1C , 290 
0x2020 , 178 
0x3E3E , 442
13:53:23.762:
 
0x4D4D , 393 
0x6E6E , 0 

13:53:24.496:
0x1C1C , -5 
0x2020 , 194 
0x3E3E , 440 
0x4D4D , 418 
0x6E6E , 0 

13:53:25.262:
0x1C1C , 215 
0x2020 , 220 
0x3E3E , 445 
0x4D4D , 457 
0x6E6E , 0 

13:53:26.028:
0x1C1C , -5 
0x2020 , 230 
0x3E3E , 437 
0x4D4D , 494 
0x6E6E , 0 

13:53:26.809:
0x1C1C , 131 
0x2020 , 236 
0x3E3E , 430 
0x4D4D , 556 
0x6E6E , 0 

13:53:27.528:
0x1C1C , -5 
0x2020
13:53:27.543:
 , 234 
0x3E3E , 407 
0x4D4D , -8 
0x6E6E , 0 

13:53:28.309:
0x1C1C , 135 
0x2020 , 218 
0x3E3E ,
13:53:28.325:
 357 
0x4D4D , -8 
0x6E6E , 0 

13:53:29.106:
0x1C1C , -5 
0x2020 , 213 
0x3E3E , 324 
0x4D4D , 615 
0x6E6E , 0 

13:53:29.872:
0x1C1C , 213 
0x2020 , 197 
0x3E3E , 279 
0x4D4D , -8 
0x6E6E , 0 

13:53:30.622:
0x1C1C , -5 
0x2020 , 189 
0x3E3E , 245 

13:53:30.637:
0x4D4D , 649 
0x6E6E , 0 

13:53:31.418:
0x1C1C , 278 
0x2020 , 180 
0x3E3E , 208 
0x4D4D , -8 
0x6E6E , 0 

13:53:32.153:
0x1C1C , -5 
0x20
13:53:32.168:
20 , 187 
0x3E3E , 176 
0x4D4D , -8 
0x6E6E , 0 

13:53:32.935:
0x1C1C , 323 
0x2020 , 195 
0x3E3E , 159 
0x4D4D , -8 

13:53:32.950:
0x6E6E , 0 

13:53:33.733:
0x1C1C , -5 
0x2020 , 204 
0x3E3E , 128 
0x4D4D , 691 
0x6E6E , 0 
