timeref	est_sendtime	pos_x	pos_y	vel_x	vel_y	sigma	valid	senderGuid
8860.996032924	0.000000000	-0.114	2.188	0.000	0.000	7.480113	1	4294967295
8861.295988326	0.000000000	-0.114	2.187	0.000	0.000	7.316839	1	4294967295
8861.595938913	0.000000000	-0.113	2.186	0.002	-0.001	6.882163	1	4294967295
8861.895910708	0.000000000	-0.110	2.182	0.006	-0.008	7.497419	1	4294967295
8862.195866758	0.000000000	-0.101	2.170	0.017	-0.020	7.475270	1	4294967295
8862.495817690	0.000000000	-0.079	2.145	0.035	-0.040	7.593626	1	4294967295
8862.795786210	0.000000000	-0.039	2.099	0.062	-0.070	7.472790	1	4294967295
8863.095779446	0.000000000	0.027	2.025	0.097	-0.110	7.317681	1	4294967295
8863.395755861	0.000000000	0.123	1.913	0.142	-0.162	7.043845	1	4294967295
8863.695715052	0.000000000	0.255	1.757	0.194	-0.225	6.744553	1	4294967295
8863.995682204	0.000000000	0.406	1.581	0.243	-0.282	5.856299	1	4294967295
8864.310850789	0.000000000	0.526	1.413	0.266	-0.321	3.607756	1	4294967295
8864.610821283	0.000000000	0.681	1.241	0.299	-0.355	3.699532	1	4294967295
8864.910771598	0.000000000	0.832	1.083	0.325	-0.376	2.019410	1	4294967295
8865.210813779	0.000000000	1.001	0.870	0.352	-0.414	3.236164	1	4294967295
8865.510818083	0.000000000	1.220	0.513	0.393	-0.496	4.418196	1	4294967295
8865.810686071	0.000000000	1.396	0.242	0.413	-0.537	2.879529	1	4294967295
8866.095183485	0.000000000	1.646	-0.057	0.453	-0.581	3.161109	1	4294967295
8866.395101341	0.000000000	1.854	-0.331	0.475	-0.611	2.879954	1	4294967295
8866.695062245	0.000000000	2.009	-0.573	0.477	-0.628	2.726457	1	4294967295
8866.994913197	0.000000000	2.172	-0.786	0.482	-0.635	2.441011	1	4294967295
8867.294745356	0.000000000	2.257	-1.052	0.462	-0.655	3.059274	1	4294967295
8867.595052628	0.000000000	2.310	-1.287	0.435	-0.665	2.928616	1	4294967295
8867.894970211	0.000000000	2.340	-1.508	0.404	-0.670	2.884625	1	4294967295
8868.194488890	0.000000000	2.357	-1.712	0.372	-0.669	2.905929	1	4294967295
8868.494491624	0.000000000	2.355	-1.897	0.338	-0.663	2.863665	1	4294967295
8868.794482664	0.000000000	2.302	-2.098	0.292	-0.661	2.994401	1	4294967295
8869.094451486	0.000000000	2.183	-2.278	0.231	-0.653	2.844157	1	4294967295
8869.394373692	0.000000000	2.112	-2.425	0.189	-0.637	2.809560	1	4294967295
8869.694350366	0.000000000	2.032	-2.569	0.148	-0.620	2.785233	1	4294967295
8869.994315747	0.000000000	1.960	-2.726	0.112	-0.609	2.628143	1	4294967295
8870.294329545	0.000000000	1.951	-2.872	0.097	-0.596	2.210416	1	4294967295
8870.594335159	0.000000000	1.823	-2.996	0.049	-0.577	2.366108	1	4294967295
8870.894361844	0.000000000	1.766	-3.086	0.026	-0.552	2.042792	1	4294967295
8871.194455742	0.000000000	1.702	-3.156	0.004	-0.523	1.983255	1	4294967295
8871.494510210	0.000000000	1.685	-3.235	-0.003	-0.500	1.568377	1	4294967295
8871.794670464	0.000000000	1.601	-3.290	-0.029	-0.471	1.887787	1	4294967295
8872.094804555	0.000000000	1.562	-3.353	-0.039	-0.448	1.555626	1	4294967295
8872.395067018	0.000000000	1.509	-3.407	-0.052	-0.425	1.564309	1	4294967295
8872.695169414	0.000000000	1.396	-3.517	-0.082	-0.415	1.807949	1	4294967295
8872.995382000	0.000000000	1.294	-3.616	-0.106	-0.405	1.655269	1	4294967295
8873.295563182	0.000000000	1.192	-3.706	-0.127	-0.393	2.131583	1	4294967295
8873.595813921	0.000000000	1.025	-3.786	-0.164	-0.378	1.949991	1	4294967295
8873.895831918	0.000000000	0.788	-3.763	-0.219	-0.333	2.427200	1	4294967295
8874.195950137	0.000000000	0.593	-3.765	-0.257	-0.301	2.132507	1	4294967295
8874.496120173	0.000000000	0.506	-3.757	-0.263	-0.271	2.415864	1	4294967295
8874.796230184	0.000000000	0.381	-3.681	-0.279	-0.226	1.950742	1	4294967295
8875.096430363	0.000000000	0.267	-3.662	-0.289	-0.200	1.574065	1	4294967295
8875.396603436	0.000000000	0.138	-3.573	-0.304	-0.156	1.923215	1	4294967295
8875.696885179	0.000000000	0.022	-3.536	-0.313	-0.130	1.587241	1	4294967295
8875.997064608	0.000000000	-0.126	-3.411	-0.330	-0.084	1.830563	1	4294967295
8876.297233271	0.000000000	-0.236	-3.333	-0.334	-0.055	1.520266	1	4294967295
8876.597502746	0.000000000	-0.365	-3.160	-0.344	-0.002	1.811525	1	4294967295
8876.897813099	0.000000000	-0.484	-2.961	-0.350	0.052	1.759065	1	4294967295
8877.198107624	0.000000000	-0.591	-2.790	-0.352	0.096	1.579922	1	4294967295
8877.498247454	0.000000000	-0.700	-2.665	-0.355	0.124	1.327500	1	4294967295
8877.798176385	0.000000000	-0.764	-2.515	-0.345	0.157	1.372035	1	4294967295
8878.098433566	0.000000000	-0.816	-2.369	-0.333	0.187	1.319583	1	4294967295
8878.398539460	0.000000000	-0.853	-2.227	-0.318	0.213	1.271223	1	4294967295
8878.698670078	0.000000000	-0.880	-2.093	-0.301	0.235	1.164447	1	4294967295
8878.998943430	0.000000000	-0.894	-1.960	-0.282	0.255	1.161006	1	4294967295
8879.298853446	0.000000000	-0.890	-1.831	-0.259	0.272	1.153837	1	4294967295
8879.598958549	0.000000000	-0.898	-1.714	-0.241	0.284	0.924290	1	4294967295
8879.899065575	0.000000000	-0.881	-1.610	-0.218	0.292	1.041199	1	4294967295
8880.199379243	0.000000000	-0.864	-1.489	-0.196	0.303	1.009155	1	4294967295
8880.499223014	0.000000000	-0.836	-1.369	-0.173	0.313	1.052589	1	4294967295
8880.799416105	0.000000000	-0.805	-1.249	-0.150	0.323	0.997885	1	4294967295
8881.099431184	0.000000000	-0.773	-1.133	-0.129	0.330	0.947896	1	4294967295
8881.399618364	0.000000000	-0.736	-1.005	-0.108	0.340	0.948374	1	4294967295
8881.699934066	0.000000000	-0.695	-0.878	-0.088	0.349	0.895052	1	4294967295
8881.999871773	0.000000000	-0.650	-0.760	-0.068	0.354	0.868037	1	4294967295
8882.299920716	0.000000000	-0.598	-0.641	-0.048	0.359	0.852613	1	4294967295
8882.600141305	0.000000000	-0.549	-0.523	-0.030	0.363	0.787097	1	4294967295
8882.900218549	0.000000000	-0.495	-0.410	-0.012	0.365	0.758233	1	4294967295
8883.200124399	0.000000000	-0.444	-0.318	0.003	0.361	0.702991	1	4294967295
8883.500099638	0.000000000	-0.372	-0.218	0.023	0.360	0.786061	1	4294967295
8883.800011921	0.000000000	-0.296	-0.124	0.043	0.357	0.787008	1	4294967295
8884.099933018	0.000000000	-0.212	-0.041	0.063	0.351	0.794060	1	4294967295
8884.399832578	0.000000000	-0.123	0.029	0.083	0.342	0.808412	1	4294967295
8884.699804614	0.000000000	-0.037	0.098	0.100	0.333	0.761909	1	4294967295
8884.999600849	0.000000000	0.040	0.143	0.113	0.318	0.796215	1	4294967295
8885.299063000	0.000000000	0.142	0.159	0.132	0.296	0.948780	1	4294967295
8885.598908487	0.000000000	0.231	0.171	0.146	0.275	0.888013	1	4294967295
8885.898627873	0.000000000	0.313	0.178	0.157	0.254	0.925193	1	4294967295
8886.198402757	0.000000000	0.393	0.152	0.165	0.225	1.082551	1	4294967295
8886.498124784	0.000000000	0.477	0.113	0.175	0.196	1.098635	1	4294967295
8886.797769798	0.000000000	0.563	0.057	0.183	0.164	1.159383	1	4294967295
8887.097490390	0.000000000	0.646	-0.006	0.190	0.133	1.160144	1	4294967295
8887.397197529	0.000000000	0.724	-0.056	0.195	0.109	1.074803	1	4294967295
8887.696936374	0.000000000	0.810	-0.145	0.202	0.075	1.132428	1	4294967295
8887.996562275	0.000000000	0.922	-0.246	0.215	0.041	1.153922	1	4294967295
8888.296350422	0.000000000	1.019	-0.346	0.223	0.011	1.095936	1	4294967295
8888.596131113	0.000000000	1.116	-0.448	0.230	-0.018	1.031962	1	4294967295
8888.895808027	0.000000000	1.217	-0.557	0.237	-0.046	1.015213	1	4294967295
8889.195541900	0.000000000	1.321	-0.670	0.245	-0.072	0.962604	1	4294967295
8889.495279677	0.000000000	1.524	-0.887	0.278	-0.125	3.349496	1	4294967295
8889.795031670	0.000000000	1.699	-1.090	0.301	-0.169	3.167957	1	4294967295
8890.094711010	0.000000000	1.866	-1.284	0.321	-0.208	3.040125	1	4294967295
8890.394511069	0.000000000	2.012	-1.459	0.333	-0.238	2.921717	1	4294967295
8890.694267417	0.000000000	2.144	-1.622	0.341	-0.263	2.820038	1	4294967295
8890.994021893	0.000000000	2.268	-1.775	0.346	-0.283	2.768212	1	4294967295
8891.293865571	0.000000000	2.383	-1.908	0.349	-0.296	2.689260	1	4294967295
8891.593751027	0.000000000	2.515	-2.026	0.355	-0.304	2.626775	1	4294967295
8891.893666470	0.000000000	2.655	-2.129	0.364	-0.306	2.555795	1	4294967295
8892.194017968	0.000000000	2.759	-2.207	0.362	-0.302	2.600869	1	4294967295
8892.494207887	0.000000000	2.822	-2.200	0.349	-0.275	2.834699	1	4294967295
8892.794392839	0.000000000	2.853	-2.186	0.327	-0.247	2.913668	1	4294967295
8893.094453412	0.000000000	2.918	-2.150	0.317	-0.216	2.935733	1	4294967295
8893.394546154	0.000000000	2.926	-2.051	0.290	-0.169	1.971374	1	4294967295
8893.694735740	0.000000000	2.931	-1.939	0.265	-0.122	1.905655	1	4294967295
8893.994834062	0.000000000	3.028	-1.734	0.268	-0.057	2.914818	1	4294967295
8894.294587062	0.000000000	3.115	-1.538	0.268	0.002	2.768741	1	4294967295
8894.595124790	0.000000000	3.189	-1.339	0.265	0.056	2.676360	1	4294967295
8894.895233134	0.000000000	3.281	-1.165	0.266	0.099	2.466975	1	4294967295
8895.195411130	0.000000000	3.331	-0.977	0.257	0.142	2.447203	1	4294967295
8895.495514942	0.000000000	3.348	-0.795	0.239	0.181	2.437580	1	4294967295
8895.795718742	0.000000000	3.373	-0.616	0.226	0.216	2.328501	1	4294967295
8896.095818902	0.000000000	3.347	-0.515	0.198	0.228	1.155395	1	4294967295
8896.396031210	0.000000000	3.354	-0.397	0.181	0.243	0.951014	1	4294967295
8896.695976117	0.000000000	3.363	-0.311	0.167	0.248	0.854194	1	4294967295
8896.996156256	0.000000000	3.358	-0.219	0.149	0.254	0.901029	1	4294967295
8897.296694127	0.000000000	3.379	-0.112	0.140	0.264	0.715633	1	4294967295
8897.596696895	0.000000000	3.418	-0.000	0.136	0.274	0.654111	1	4294967295
8897.897263934	0.000000000	3.454	0.122	0.133	0.285	0.618434	1	4294967295
8898.197135475	0.000000000	3.484	0.232	0.128	0.293	0.652578	1	4294967295
8898.497521665	0.000000000	3.502	0.352	0.120	0.302	0.620694	1	4294967295
8898.797849940	0.000000000	3.511	0.475	0.110	0.312	0.627508	1	4294967295
8899.097981150	0.000000000	3.513	0.590	0.100	0.318	0.644931	1	4294967295
8899.397983384	0.000000000	3.494	0.706	0.084	0.325	0.750551	1	4294967295
8899.698090188	0.000000000	3.449	0.807	0.063	0.327	0.831177	1	4294967295
8899.998222274	0.000000000	3.383	0.877	0.038	0.320	0.906858	1	4294967295
8900.298359239	0.000000000	3.313	0.950	0.014	0.315	0.888554	1	4294967295
8900.598450991	0.000000000	3.227	1.015	-0.013	0.307	1.013612	1	4294967295
8900.898488117	0.000000000	3.129	1.059	-0.040	0.295	1.070236	1	4294967295
8901.198482637	0.000000000	3.037	1.121	-0.064	0.289	0.987560	1	4294967295
8901.498555950	0.000000000	2.914	1.162	-0.094	0.277	1.101864	1	4294967295
8901.798559512	0.000000000	2.772	1.165	-0.128	0.256	1.260662	1	4294967295
8902.098601785	0.000000000	2.631	1.162	-0.159	0.235	1.207476	1	4294967295
8902.398710374	0.000000000	2.492	1.158	-0.187	0.216	1.156707	1	4294967295
8902.698772862	0.000000000	2.348	1.158	-0.214	0.198	1.138822	1	4294967295
8902.998876059	0.000000000	2.200	1.154	-0.240	0.181	1.106724	1	4294967295
8903.298908465	0.000000000	2.054	1.151	-0.264	0.166	1.029338	1	4294967295
8903.599078217	0.000000000	1.911	1.146	-0.284	0.151	1.013032	1	4294967295
8903.899054495	0.000000000	1.762	1.132	-0.305	0.135	0.940670	1	4294967295
8904.199071307	0.000000000	1.636	1.121	-0.317	0.121	0.802068	1	4294967295
8904.499202909	0.000000000	1.556	1.062	-0.313	0.095	1.606151	1	4294967295
8904.799034125	0.000000000	1.424	1.033	-0.326	0.080	0.808974	1	4294967295
8905.098854358	0.000000000	1.302	0.997	-0.334	0.063	0.749682	1	4294967295
8905.698353112	0.000000000	1.116	0.906	-0.332	0.030	0.951446	1	4294967295
8905.998084406	0.000000000	1.070	0.806	-0.318	0.001	0.917452	1	4294967295
8906.297765509	0.000000000	1.043	0.711	-0.301	-0.024	0.938700	1	4294967295
8906.597499447	0.000000000	1.027	0.620	-0.281	-0.047	0.988566	1	4294967295
8906.904360274	0.000000000	0.983	0.550	-0.269	-0.062	0.756782	1	4294967295
8907.204611727	0.000000000	0.977	0.465	-0.247	-0.080	0.901164	1	4294967295
8907.504764478	0.000000000	0.988	0.376	-0.221	-0.097	0.992522	1	4294967295
8907.805116323	0.000000000	1.004	0.290	-0.198	-0.112	0.992988	1	4294967295
8908.095606707	0.000000000	1.066	0.138	-0.165	-0.144	1.326377	1	4294967295
8908.395210694	0.000000000	1.138	-0.039	-0.131	-0.180	1.322505	1	4294967295
8908.695040761	0.000000000	1.202	-0.193	-0.103	-0.206	1.210326	1	4294967295
8908.994693200	0.000000000	1.264	-0.346	-0.078	-0.230	1.106402	1	4294967295
8909.294377023	0.000000000	1.333	-0.497	-0.052	-0.252	1.078348	1	4294967295
8909.594061300	0.000000000	1.390	-0.647	-0.033	-0.271	0.998450	1	4294967295
8909.893720718	0.000000000	1.466	-0.800	-0.009	-0.290	0.970449	1	4294967295
8910.206593260	0.000000000	1.526	-0.920	0.009	-0.299	0.726690	1	4294967295
8910.506786353	0.000000000	1.592	-1.034	0.028	-0.305	0.683204	1	4294967295
8910.807050909	0.000000000	1.655	-1.163	0.044	-0.315	0.659688	1	4294967295
8911.092480021	0.000000000	1.731	-1.329	0.061	-0.334	0.819650	1	4294967295
8911.407480296	0.000000000	1.781	-1.449	0.070	-0.339	0.459789	1	4294967295
8911.707889308	0.000000000	1.838	-1.576	0.081	-0.346	0.506587	1	4294967295
8912.008198983	0.000000000	1.898	-1.708	0.091	-0.353	0.492164	1	4294967295
8912.293675684	0.000000000	1.943	-1.829	0.095	-0.357	0.305022	1	4294967295
8912.593988370	0.000000000	1.977	-1.962	0.097	-0.363	0.349343	1	4294967295
8912.890512891	0.000000000	2.086	-2.158	0.115	-0.384	0.872153	1	4294967295
8913.190331027	0.000000000	2.205	-2.341	0.136	-0.400	0.774432	1	4294967295
8913.490094169	0.000000000	2.306	-2.510	0.150	-0.411	0.632976	1	4294967295
8913.789878973	0.000000000	2.398	-2.682	0.161	-0.422	0.594829	1	4294967295
8914.089700554	0.000000000	2.487	-2.843	0.170	-0.430	0.570133	1	4294967295
8914.389568219	0.000000000	2.566	-2.998	0.176	-0.436	0.520243	1	4294967295
8914.689452339	0.000000000	2.653	-3.152	0.184	-0.441	0.503686	1	4294967295
8914.989213975	0.000000000	2.723	-3.296	0.187	-0.443	0.436872	1	4294967295
8915.289231137	0.000000000	2.798	-3.434	0.191	-0.444	0.349506	1	4294967295
8915.589153387	0.000000000	2.872	-3.565	0.194	-0.443	0.335562	1	4294967295
8915.909129065	0.000000000	2.936	-3.696	0.196	-0.442	0.237592	1	4294967295
8916.209527168	0.000000000	3.006	-3.823	0.198	-0.440	0.282702	1	4294967295
8916.509849169	0.000000000	3.084	-3.944	0.203	-0.438	0.306884	1	4294967295
8916.810068399	0.000000000	3.166	-4.061	0.208	-0.434	0.294963	1	4294967295
8917.110855770	0.000000000	3.435	-4.332	0.261	-0.467	3.624828	1	4294967295
8917.413119459	0.000000000	3.499	-4.344	0.256	-0.436	0.866337	1	4294967295
8917.713446114	0.000000000	3.566	-4.332	0.253	-0.402	0.921817	1	4294967295
8918.013755546	0.000000000	3.786	-4.270	0.289	-0.359	2.034265	1	4294967295
8918.313983499	0.000000000	3.863	-4.244	0.285	-0.326	1.041079	1	4294967295
8918.588722154	0.000000000	3.940	-4.209	0.281	-0.293	1.111639	1	4294967295
8918.888764708	0.000000000	4.208	-4.091	0.326	-0.247	3.006098	1	4294967295
8919.188894389	0.000000000	4.246	-4.002	0.309	-0.204	1.397523	1	4294967295
8919.488952415	0.000000000	4.321	-3.948	0.301	-0.174	1.260154	1	4294967295
8919.789188227	0.000000000	4.381	-3.852	0.290	-0.134	1.370040	1	4294967295
8920.089326874	0.000000000	4.427	-3.748	0.276	-0.095	1.419369	1	4294967295
8920.389418276	0.000000000	4.482	-3.666	0.265	-0.065	1.295646	1	4294967295
8920.689593224	0.000000000	4.526	-3.539	0.251	-0.025	1.405175	1	4294967295
8920.989788208	0.000000000	4.586	-3.435	0.243	0.006	1.229866	1	4294967295
8921.290026376	0.000000000	4.628	-3.280	0.230	0.047	1.406024	1	4294967295
8921.590236741	0.000000000	4.684	-3.153	0.223	0.078	1.202795	1	4294967295
8921.890462890	0.000000000	4.733	-2.986	0.214	0.117	1.290691	1	4294967295
8922.190718947	0.000000000	4.777	-2.814	0.204	0.153	1.253645	1	4294967295
8922.490898042	0.000000000	4.824	-2.667	0.196	0.181	1.117200	1	4294967295
8922.791246193	0.000000000	5.104	-2.696	0.251	0.160	7.143450	1	4294967295
8923.091442862	0.000000000	5.119	-2.537	0.231	0.191	1.440429	1	4294967295
8923.391642020	0.000000000	5.116	-2.343	0.207	0.229	1.478540	1	4294967295
8923.691963252	0.000000000	5.102	-2.130	0.181	0.268	1.540226	1	4294967295
8923.991948349	0.000000000	5.079	-1.927	0.155	0.302	1.467571	1	4294967295
8924.292165029	0.000000000	5.061	-1.739	0.133	0.330	1.333655	1	4294967295
8924.592320391	0.000000000	5.015	-1.558	0.104	0.353	1.311231	1	4294967295
8924.892193229	0.000000000	4.984	-1.395	0.083	0.370	1.149262	1	4294967295
8925.192116596	0.000000000	4.928	-1.272	0.059	0.375	1.053502	1	4294967295
8925.492030843	0.000000000	4.821	-1.158	0.022	0.378	1.212036	1	4294967295
8925.791761723	0.000000000	4.706	-1.089	-0.013	0.368	1.160918	1	4294967295
8926.091477831	0.000000000	4.598	-1.045	-0.042	0.352	1.114497	1	4294967295
8926.391232456	0.000000000	4.546	-1.014	-0.055	0.335	0.927777	1	4294967295
8926.690965532	0.000000000	4.463	-1.005	-0.075	0.313	1.104190	1	4294967295
8926.990872247	0.000000000	4.432	-1.003	-0.079	0.291	0.835126	1	4294967295
8927.290620048	0.000000000	4.369	-1.059	-0.091	0.257	1.094831	1	4294967295
8927.590364755	0.000000000	4.300	-1.148	-0.101	0.216	1.175273	1	4294967295
8927.890046659	0.000000000	4.258	-1.275	-0.102	0.169	1.300365	1	4294967295
8928.212168793	0.000000000	4.238	-1.295	-0.097	0.151	0.877700	1	4294967295
8928.512217797	0.000000000	4.214	-1.337	-0.093	0.130	0.944636	1	4294967295
8928.812403760	0.000000000	4.191	-1.430	-0.088	0.096	1.248159	1	4294967295
8929.112592343	0.000000000	4.199	-1.555	-0.074	0.058	1.309345	1	4294967295
8929.412677849	0.000000000	4.189	-1.731	-0.064	0.010	1.367267	1	4294967295
8929.688752785	0.000000000	4.197	-1.953	-0.056	-0.045	1.507724	1	4294967295
8929.988497382	0.000000000	4.214	-2.142	-0.045	-0.088	1.342995	1	4294967295
8930.288369192	0.000000000	4.216	-2.302	-0.042	-0.121	1.144458	1	4294967295
8930.588174672	0.000000000	4.226	-2.476	-0.036	-0.155	1.122954	1	4294967295
8930.887959886	0.000000000	4.204	-2.619	-0.039	-0.178	0.974744	1	4294967295
8931.187850302	0.000000000	4.215	-2.730	-0.035	-0.192	0.747591	1	4294967295
8931.487815415	0.000000000	4.176	-2.894	-0.044	-0.219	1.005285	1	4294967295
8931.787737968	0.000000000	4.192	-2.999	-0.037	-0.228	1.596610	1	4294967295
8932.087696774	0.000000000	4.190	-3.101	-0.036	-0.237	1.561368	1	4294967295
8932.387693538	0.000000000	4.117	-3.219	-0.055	-0.247	1.001549	1	4294967295
8932.687733736	0.000000000	4.006	-3.318	-0.082	-0.250	1.117074	1	4294967295
8932.987734464	0.000000000	3.843	-3.426	-0.120	-0.255	1.252990	1	4294967295
8933.287707833	0.000000000	3.647	-3.525	-0.163	-0.258	1.293791	1	4294967295
8933.587757444	0.000000000	3.448	-3.601	-0.204	-0.254	1.258007	1	4294967295
8933.887762364	0.000000000	3.278	-3.696	-0.234	-0.256	1.069049	1	4294967295
8934.187799028	0.000000000	3.101	-3.761	-0.264	-0.251	1.064527	1	4294967295
8934.487740704	0.000000000	2.951	-3.828	-0.285	-0.246	0.909973	1	4294967295
8934.787708246	0.000000000	2.823	-3.885	-0.298	-0.241	0.632382	1	4294967295
8935.087613074	0.000000000	2.731	-3.955	-0.301	-0.239	0.362963	1	4294967295
8935.387492743	0.000000000	2.647	-4.040	-0.300	-0.242	0.339896	1	4294967295
8935.687407212	0.000000000	2.582	-4.141	-0.295	-0.248	0.400552	1	4294967295
8935.987320099	0.000000000	2.542	-4.234	-0.284	-0.253	0.517028	1	4294967295
8936.287162269	0.000000000	2.530	-4.313	-0.267	-0.254	0.683311	1	4294967295
8936.587088313	0.000000000	2.533	-4.392	-0.248	-0.255	0.746811	1	4294967295
8936.887022516	0.000000000	2.653	-4.389	-0.198	-0.239	2.056360	1	4294967295
8937.187052928	0.000000000	2.798	-4.365	-0.147	-0.221	2.111766	1	4294967295
8937.487023683	0.000000000	2.821	-4.379	-0.132	-0.207	0.810272	1	4294967295
8937.787124186	0.000000000	2.873	-4.348	-0.112	-0.184	1.040462	1	4294967295
8938.087247626	0.000000000	2.934	-4.290	-0.091	-0.157	1.148126	1	4294967295
8938.387279242	0.000000000	2.955	-4.188	-0.082	-0.119	1.278273	1	4294967295
8938.687477481	0.000000000	2.941	-4.077	-0.083	-0.080	1.317981	1	4294967295
8938.987519753	0.000000000	2.887	-4.014	-0.093	-0.055	1.031003	1	4294967295
8939.287512152	0.000000000	2.822	-3.918	-0.106	-0.023	1.110809	1	4294967295
8939.587652147	0.000000000	2.778	-3.881	-0.111	-0.009	0.790763	1	4294967295
8939.887729137	0.000000000	2.728	-3.836	-0.118	0.005	0.752204	1	4294967295
8940.187799117	0.000000000	2.751	-3.731	-0.102	0.029	2.313657	1	4294967295
8940.487935052	0.000000000	2.752	-3.631	-0.093	0.050	2.282191	1	4294967295
8940.787922263	0.000000000	2.645	-3.580	-0.116	0.063	1.024932	1	4294967295
8941.088070193	0.000000000	2.530	-3.549	-0.139	0.069	0.961503	1	4294967295
8941.388217549	0.000000000	2.367	-3.518	-0.173	0.076	1.127199	1	4294967295
8941.688290157	0.000000000	2.230	-3.511	-0.197	0.075	0.985131	1	4294967295
8941.988460462	0.000000000	2.030	-3.505	-0.237	0.076	1.243852	1	4294967295
8942.305676033	0.000000000	1.838	-3.493	-0.271	0.077	1.103737	1	4294967295
8942.605215105	0.000000000	1.650	-3.481	-0.301	0.078	1.032172	1	4294967295
8942.904961962	0.000000000	1.470	-3.474	-0.326	0.076	0.938048	1	4294967295
8943.204636978	0.000000000	1.298	-3.473	-0.347	0.073	0.843183	1	4294967295
8943.504209645	0.000000000	1.124	-3.465	-0.367	0.072	0.814098	1	4294967295
8943.789543071	0.000000000	0.988	-3.455	-0.376	0.072	0.702097	1	4294967295
8944.089804506	0.000000000	0.848	-3.447	-0.386	0.071	0.653964	1	4294967295
8944.390042930	0.000000000	0.701	-3.433	-0.396	0.071	0.660204	1	4294967295
8944.690162233	0.000000000	0.574	-3.440	-0.400	0.066	0.582609	1	4294967295
8944.990228267	0.000000000	0.450	-3.464	-0.403	0.057	0.593278	1	4294967295
8945.590218873	0.000000000	0.378	-3.436	-0.358	0.053	1.996784	1	4294967295
8945.889930580	0.000000000	0.302	-3.514	-0.351	0.031	0.867538	1	4294967295
8946.189635019	0.000000000	0.259	-3.611	-0.335	0.005	0.998703	1	4294967295
8946.489343852	0.000000000	0.226	-3.673	-0.318	-0.011	0.934817	1	4294967295
8946.789058647	0.000000000	0.246	-3.743	-0.288	-0.029	1.123667	1	4294967295
8947.088789027	0.000000000	0.260	-3.796	-0.262	-0.040	1.043138	1	4294967295
8947.388686972	0.000000000	0.343	-3.865	-0.220	-0.055	1.229660	1	4294967295
8947.688608908	0.000000000	0.393	-3.911	-0.190	-0.062	1.088297	1	4294967295
8947.989361174	0.000000000	0.603	-3.909	-0.119	-0.061	2.646894	1	4294967295
8948.289149879	0.000000000	0.652	-3.874	-0.098	-0.047	0.931676	1	4294967295
8948.589279475	0.000000000	0.712	-3.765	-0.077	-0.014	1.105998	1	4294967295
8948.889282162	0.000000000	0.755	-3.660	-0.061	0.016	1.037789	1	4294967295
8949.188989522	0.000000000	0.787	-3.559	-0.050	0.043	1.030842	1	4294967295
8949.489345685	0.000000000	0.790	-3.463	-0.048	0.068	0.950631	1	4294967295
8949.789566443	0.000000000	0.767	-3.413	-0.052	0.079	0.693736	1	4294967295
8950.089833481	0.000000000	0.716	-3.326	-0.063	0.099	0.802975	1	4294967295
8950.390114328	0.000000000	0.668	-3.271	-0.072	0.108	0.722982	1	4294967295
8950.690411456	0.000000000	0.586	-3.192	-0.090	0.124	0.932065	1	4294967295
8950.990773178	0.000000000	0.491	-3.109	-0.111	0.140	0.961460	1	4294967295
8951.291031020	0.000000000	0.384	-3.008	-0.133	0.159	1.027892	1	4294967295
8951.591350212	0.000000000	0.277	-2.892	-0.153	0.180	0.969148	1	4294967295
8951.891723710	0.000000000	0.184	-2.786	-0.167	0.196	0.848784	1	4294967295
8952.191956547	0.000000000	0.065	-2.668	-0.188	0.214	0.951099	1	4294967295
8952.492280255	0.000000000	-0.035	-2.534	-0.201	0.235	0.882121	1	4294967295
8952.792604079	0.000000000	-0.136	-2.399	-0.214	0.254	0.834265	1	4294967295
8953.092791987	0.000000000	-0.242	-2.271	-0.227	0.271	0.854367	1	4294967295
8953.393198363	0.000000000	-0.336	-2.140	-0.235	0.287	0.734830	1	4294967295
8953.693444949	0.000000000	-0.409	-1.994	-0.237	0.305	0.767384	1	4294967295
8953.993916368	0.000000000	-0.464	-1.846	-0.234	0.323	0.781285	1	4294967295
8954.294311402	0.000000000	-0.522	-1.683	-0.231	0.342	0.778193	1	4294967295
8954.594277650	0.000000000	-0.551	-1.528	-0.221	0.358	0.774836	1	4294967295
8954.894504140	0.000000000	-0.575	-1.373	-0.209	0.372	0.744334	1	4294967295
8955.194581049	0.000000000	-0.583	-1.208	-0.194	0.388	0.813049	1	4294967295
8955.494935115	0.000000000	-0.583	-1.041	-0.178	0.404	0.828937	1	4294967295
8955.794969002	0.000000000	-0.612	-0.892	-0.172	0.412	0.609208	1	4294967295
8956.095030198	0.000000000	-0.577	-0.709	-0.148	0.430	0.993777	1	4294967295
8956.395002364	0.000000000	-0.533	-0.537	-0.123	0.443	0.971153	1	4294967295
8956.695057592	0.000000000	-0.471	-0.386	-0.095	0.449	0.995004	1	4294967295
8956.994909594	0.000000000	-0.404	-0.244	-0.069	0.452	1.003033	1	4294967295
8957.294597049	0.000000000	-0.332	-0.126	-0.043	0.449	1.052360	1	4294967295
8957.594696012	0.000000000	-0.230	-0.012	-0.011	0.443	1.137029	1	4294967295
8957.894842217	0.000000000	-0.127	0.080	0.020	0.432	1.111996	1	4294967295
8958.193604919	0.000000000	0.000	0.124	0.054	0.407	1.418451	1	4294967295
8958.493263532	0.000000000	0.152	0.153	0.092	0.381	1.503171	1	4294967295
8958.792883400	0.000000000	0.280	0.183	0.121	0.357	1.409687	1	4294967295
8959.092591706	0.000000000	0.412	0.171	0.148	0.323	1.589089	1	4294967295
8959.400380199	0.000000000	0.515	0.172	0.165	0.296	1.370874	1	4294967295
8959.700797260	0.000000000	0.631	0.156	0.185	0.266	1.429943	1	4294967295
8960.001384293	0.000000000	0.805	0.097	0.218	0.227	1.689824	1	4294967295
8960.301692410	0.000000000	0.914	0.044	0.230	0.193	1.478471	1	4294967295
8960.601885610	0.000000000	1.027	-0.031	0.243	0.157	1.494773	1	4294967295
8960.902419456	0.000000000	1.199	-0.176	0.270	0.105	1.724344	1	4294967295
8961.190108059	0.000000000	1.351	-0.375	0.287	0.044	1.805689	1	4294967295
8961.489803631	0.000000000	1.491	-0.544	0.300	-0.003	1.590273	1	4294967295
8961.789482749	0.000000000	1.640	-0.698	0.314	-0.043	1.426172	1	4294967295
8962.089139770	0.000000000	1.779	-0.858	0.325	-0.081	1.355917	1	4294967295
8962.404110499	0.000000000	1.972	-1.096	0.351	-0.137	3.342968	1	4294967295
8962.704258347	0.000000000	2.139	-1.331	0.367	-0.188	3.143683	1	4294967295
8963.003973469	0.000000000	2.280	-1.565	0.375	-0.235	2.978402	1	4294967295
8963.303857569	0.000000000	2.367	-1.796	0.366	-0.277	2.975551	1	4294967295
8963.603651074	0.000000000	2.366	-1.908	0.334	-0.285	1.293514	1	4294967295
8963.888313670	0.000000000	2.373	-2.014	0.306	-0.290	1.297474	1	4294967295
8964.188460197	0.000000000	2.335	-2.145	0.267	-0.301	1.614155	1	4294967295
8964.488556687	0.000000000	2.262	-2.240	0.223	-0.302	1.716868	1	4294967295
8964.788720173	0.000000000	2.137	-2.328	0.167	-0.300	1.801655	1	4294967295
8965.088949065	0.000000000	1.992	-2.428	0.111	-0.302	1.919478	1	4294967295
8965.389190712	0.000000000	1.830	-2.492	0.055	-0.294	1.823084	1	4294967295
8965.689361220	0.000000000	1.663	-2.577	0.002	-0.292	1.818479	1	4294967295
8965.989612623	0.000000000	1.533	-2.662	-0.035	-0.290	1.551287	1	4294967295
8966.289769711	0.000000000	1.321	-2.679	-0.094	-0.270	1.933354	1	4294967295
8966.590001233	0.000000000	1.130	-2.703	-0.141	-0.253	1.725034	1	4294967295
8966.890136539	0.000000000	0.981	-2.743	-0.172	-0.242	1.442752	1	4294967295
8967.190461131	0.000000000	0.824	-2.765	-0.203	-0.228	1.413857	1	4294967295
8967.490724365	0.000000000	0.635	-2.735	-0.240	-0.200	1.489616	1	4294967295
8967.790887026	0.000000000	0.459	-2.699	-0.270	-0.173	1.304251	1	4294967295
8968.091223397	0.000000000	0.240	-2.649	-0.309	-0.144	1.490483	1	4294967295
8968.391462113	0.000000000	0.041	-2.622	-0.340	-0.123	1.274285	1	4294967295
8968.691909952	0.000000000	-0.127	-2.577	-0.359	-0.099	1.169453	1	4294967295
8968.991955252	0.000000000	-0.273	-2.528	-0.371	-0.076	1.083603	1	4294967295
8969.292116135	0.000000000	-0.408	-2.439	-0.379	-0.043	1.241757	1	4294967295
8969.592363126	0.000000000	-0.527	-2.349	-0.382	-0.014	1.110183	1	4294967295
8969.892725220	0.000000000	-0.627	-2.263	-0.379	0.013	1.108030	1	4294967295
8970.192880710	0.000000000	-0.709	-2.127	-0.372	0.051	1.295581	1	4294967295
8970.493067163	0.000000000	-0.782	-1.989	-0.362	0.086	1.261433	1	4294967295
8970.793221821	0.000000000	-0.857	-1.856	-0.354	0.117	1.217996	1	4294967295
8971.093386193	0.000000000	-0.920	-1.716	-0.342	0.147	1.225948	1	4294967295
8971.393544533	0.000000000	-0.969	-1.569	-0.328	0.177	1.229804	1	4294967295
8971.693656458	0.000000000	-1.001	-1.415	-0.310	0.206	1.256745	1	4294967295
8971.993812024	0.000000000	-1.013	-1.258	-0.289	0.233	1.253764	1	4294967295
8972.294145797	0.000000000	-0.966	-1.081	-0.254	0.264	1.479581	1	4294967295
8972.594197636	0.000000000	-0.917	-0.907	-0.221	0.291	1.387957	1	4294967295
8972.894155362	0.000000000	-0.831	-0.732	-0.180	0.316	1.407599	1	4294967295
8973.194230114	0.000000000	-0.767	-0.586	-0.148	0.329	1.223039	1	4294967295
8973.494271669	0.000000000	-0.694	-0.444	-0.116	0.341	1.191668	1	4294967295
8973.794214006	0.000000000	-0.606	-0.307	-0.083	0.351	1.215383	1	4294967295
8974.094233381	0.000000000	-0.504	-0.179	-0.049	0.357	1.229173	1	4294967295
8974.394237774	0.000000000	-0.415	-0.051	-0.020	0.363	1.109442	1	4294967295
8974.694254592	0.000000000	-0.290	0.079	0.015	0.369	1.243280	1	4294967295
8974.994259667	0.000000000	-0.162	0.209	0.049	0.374	1.163806	1	4294967295
8975.294302536	0.000000000	-0.029	0.335	0.081	0.378	1.112007	1	4294967295
8975.594324066	0.000000000	0.110	0.477	0.113	0.386	1.087361	1	4294967295
8975.898291821	0.000000000	0.198	0.625	0.128	0.394	0.792809	1	4294967295
8976.198655701	0.000000000	0.293	0.771	0.143	0.401	0.765141	1	4294967295
-1.000000000	0.000000000	0.000	0.000	0.000	0.000	0.000000	0	0
-1.000000000	0.000000000	0.000	0.000	0.000	0.000	0.000000	0	0
8977.093233366	0.000000000	0.452	0.903	0.175	0.404	1.185030	1	4294967295
8977.394134745	0.000000000	0.669	0.974	0.219	0.391	1.282820	1	4294967295
8977.694023678	0.000000000	0.888	1.039	0.261	0.377	1.180934	1	4294967295
8977.993990689	0.000000000	1.086	1.084	0.293	0.360	1.081613	1	4294967295
8978.293308687	0.000000000	1.262	1.120	0.316	0.342	1.088322	1	4294967295
8978.593106521	0.000000000	1.410	1.133	0.330	0.320	1.008590	1	4294967295
8978.892770028	0.000000000	1.556	1.123	0.342	0.293	1.083028	1	4294967295
8979.192470904	0.000000000	1.686	1.090	0.348	0.261	1.168608	1	4294967295
8979.492219502	0.000000000	1.806	1.030	0.351	0.225	1.208138	1	4294967295
8979.791948081	0.000000000	1.911	0.950	0.349	0.186	1.309336	1	4294967295
8980.091582666	0.000000000	1.998	0.854	0.342	0.145	1.392022	1	4294967295
8980.391288470	0.000000000	2.087	0.774	0.338	0.112	1.296073	1	4294967295
8980.690986107	0.000000000	2.147	0.660	0.324	0.072	1.410783	1	4294967295
8980.990665474	0.000000000	2.214	0.532	0.314	0.031	1.441780	1	4294967295
8981.290453408	0.000000000	2.280	0.424	0.305	-0.001	1.312612	1	4294967295
8981.590210592	0.000000000	2.324	0.313	0.290	-0.031	1.307348	1	4294967295
8981.890056710	0.000000000	2.329	0.150	0.265	-0.073	1.595159	1	4294967295
8982.190123809	0.000000000	2.271	-0.013	0.225	-0.112	1.695089	1	4294967295
8982.490300594	0.000000000	2.218	-0.147	0.189	-0.139	1.566217	1	4294967295
8982.790670389	0.000000000	2.113	-0.268	0.142	-0.160	1.629343	1	4294967295
8983.090895996	0.000000000	1.986	-0.366	0.093	-0.174	1.665973	1	4294967295
8983.391083095	0.000000000	1.853	-0.426	0.045	-0.175	1.604658	1	4294967295
8983.691274298	0.000000000	1.704	-0.461	-0.003	-0.170	1.609278	1	4294967295
8983.991572247	0.000000000	1.560	-0.473	-0.045	-0.158	1.491920	1	4294967295
8984.291773534	0.000000000	1.417	-0.475	-0.084	-0.145	1.407993	1	4294967295
8984.592051383	0.000000000	1.284	-0.450	-0.116	-0.125	1.352865	1	4294967295
8984.892247506	0.000000000	1.157	-0.448	-0.144	-0.113	1.182716	1	4294967295
8985.192629118	0.000000000	0.992	-0.424	-0.180	-0.097	1.323117	1	4294967295
8985.492823882	0.000000000	0.835	-0.384	-0.211	-0.076	1.267721	1	4294967295
8985.792957468	0.000000000	0.690	-0.371	-0.235	-0.066	1.072428	1	4294967295
8986.093102548	0.000000000	0.553	-0.321	-0.256	-0.046	1.065297	1	4294967295
8986.393120603	0.000000000	0.389	-0.312	-0.282	-0.038	0.963864	1	4294967295
8986.693047379	0.000000000	0.233	-0.317	-0.304	-0.036	0.835798	1	4294967295
8986.993068257	0.000000000	0.102	-0.344	-0.316	-0.040	0.637618	1	4294967295
8987.292847802	0.000000000	-0.006	-0.383	-0.321	-0.047	0.529323	1	4294967295
8987.592658410	0.000000000	-0.112	-0.431	-0.325	-0.056	0.525030	1	4294967295
8987.892860330	0.000000000	-0.213	-0.459	-0.327	-0.059	0.327143	1	4294967295
8988.193118183	0.000000000	-0.319	-0.490	-0.329	-0.062	0.351381	1	4294967295
8988.492703901	0.000000000	-0.399	-0.527	-0.324	-0.067	0.308452	1	4294967295
8988.792223064	0.000000000	-0.473	-0.583	-0.318	-0.077	0.448541	1	4294967295
8989.091988138	0.000000000	-0.525	-0.681	-0.306	-0.097	0.644813	1	4294967295
8989.391889798	0.000000000	-0.584	-0.811	-0.298	-0.123	0.803988	1	4294967295
8989.691652064	0.000000000	-0.632	-0.945	-0.287	-0.149	0.862055	1	4294967295
8989.991487530	0.000000000	-0.664	-1.073	-0.273	-0.170	0.875258	1	4294967295
8990.291270809	0.000000000	-0.696	-1.204	-0.260	-0.191	0.849867	1	4294967295
8990.590952663	0.000000000	-0.732	-1.337	-0.249	-0.211	0.865871	1	4294967295
8990.890659155	0.000000000	-0.754	-1.476	-0.235	-0.231	0.920620	1	4294967295
8991.190374355	0.000000000	-0.763	-1.620	-0.218	-0.251	0.953259	1	4294967295
8991.490157622	0.000000000	-0.767	-1.782	-0.201	-0.274	0.970600	1	4294967295
8991.789849335	0.000000000	-0.748	-1.906	-0.179	-0.285	0.916270	1	4294967295
8992.089603646	0.000000000	-0.720	-2.026	-0.157	-0.294	0.896742	1	4294967295
8992.389317025	0.000000000	-0.671	-2.148	-0.131	-0.303	0.966403	1	4294967295
8992.689086840	0.000000000	-0.597	-2.261	-0.099	-0.309	1.028449	1	4294967295
8992.988899829	0.000000000	-0.525	-2.346	-0.071	-0.306	1.047527	1	4294967295
8993.288663361	0.000000000	-0.446	-2.435	-0.043	-0.305	1.084948	1	4294967295
8993.588393190	0.000000000	-0.343	-2.490	-0.011	-0.294	1.211538	1	4294967295
8993.888212539	0.000000000	-0.229	-2.521	0.021	-0.277	1.265561	1	4294967295
8994.188064419	0.000000000	-0.112	-2.544	0.052	-0.259	1.254568	1	4294967295
8994.487808014	0.000000000	0.021	-2.555	0.084	-0.240	1.326612	1	4294967295
8994.788026892	0.000000000	0.124	-2.566	0.104	-0.222	1.167601	1	4294967295
8995.088013100	0.000000000	0.257	-2.550	0.132	-0.198	1.219686	1	4294967295
8995.387801959	0.000000000	0.397	-2.530	0.159	-0.176	1.185894	1	4294967295
8995.688142659	0.000000000	0.542	-2.486	0.185	-0.149	1.191305	1	4294967295
8995.988068017	0.000000000	0.673	-2.471	0.205	-0.134	0.992598	1	4294967295
8996.287573996	0.000000000	0.824	-2.420	0.228	-0.109	1.119681	1	4294967295
8996.587350525	0.000000000	0.975	-2.362	0.250	-0.083	1.083145	1	4294967295
8996.887601314	0.000000000	1.116	-2.305	0.267	-0.061	0.948387	1	4294967295
8997.187605774	0.000000000	1.260	-2.244	0.283	-0.039	0.937014	1	4294967295
8997.487128422	0.000000000	1.411	-2.197	0.301	-0.023	0.879797	1	4294967295
8997.787102728	0.000000000	1.543	-2.139	0.311	-0.004	0.782263	1	4294967295
8998.086950878	0.000000000	1.676	-2.081	0.321	0.013	0.730384	1	4294967295
8998.386359238	0.000000000	1.811	-2.032	0.331	0.026	0.690299	1	4294967295
8998.686322493	0.000000000	1.939	-1.999	0.338	0.034	0.555865	1	4294967295
8998.986915008	0.000000000	2.043	-1.951	0.338	0.045	0.486094	1	4294967295
8999.286897667	0.000000000	2.139	-1.920	0.336	0.050	0.431271	1	4294967295
8999.586278467	0.000000000	2.347	-1.988	0.364	0.028	2.692562	1	4294967295
8999.886265772	0.000000000	2.558	-2.066	0.390	0.005	2.524409	1	4294967295
9000.186909692	0.000000000	2.729	-2.096	0.404	-0.004	2.539342	1	4294967295
9000.486244778	0.000000000	2.888	-2.177	0.412	-0.024	2.404083	1	4294967295
9000.786209233	0.000000000	2.998	-2.212	0.408	-0.031	2.527553	1	4294967295
9001.086170445	0.000000000	3.124	-2.221	0.409	-0.031	2.463515	1	4294967295
9001.386136747	0.000000000	3.131	-2.213	0.380	-0.026	2.772408	1	4294967295
9001.686310898	0.000000000	3.115	-2.222	0.348	-0.025	2.817799	1	4294967295
9001.986280168	0.000000000	3.140	-2.210	0.328	-0.020	2.705220	1	4294967295
9002.286208871	0.000000000	3.151	-2.200	0.306	-0.015	2.747991	1	4294967295
9002.586146000	0.000000000	3.092	-2.203	0.268	-0.014	2.904625	1	4294967295
9002.886100673	0.000000000	3.052	-2.204	0.238	-0.012	2.814712	1	4294967295
9003.186074067	0.000000000	3.017	-2.204	0.211	-0.010	2.801083	1	4294967295
9003.486035927	0.000000000	2.965	-2.228	0.180	-0.014	2.800086	1	4294967295
9003.785990354	0.000000000	2.964	-2.238	0.165	-0.014	2.708759	1	4294967295
9004.085973524	0.000000000	3.011	-2.262	0.164	-0.019	2.486262	1	4294967295
9004.385929270	0.000000000	2.989	-2.271	0.144	-0.018	2.743523	1	4294967295
9004.685972223	0.000000000	2.941	-2.262	0.119	-0.013	2.792276	1	4294967295
9004.985920088	0.000000000	2.895	-2.260	0.096	-0.010	2.777758	1	4294967295
9005.285960522	0.000000000	2.849	-2.257	0.076	-0.007	2.769551	1	4294967295
9005.585963877	0.000000000	2.886	-2.183	0.081	0.012	3.570123	1	4294967295
9005.885932079	0.000000000	3.166	-2.330	0.152	-0.032	8.144380	1	4294967295
9006.186065205	0.000000000	3.094	-2.312	0.119	-0.023	2.941491	1	4294967295
9007.085890120	0.000000000	3.010	-2.344	0.068	-0.023	2.896104	1	4294967295
9007.385971440	0.000000000	2.977	-2.332	0.053	-0.017	1.027378	1	4294967295
9007.685906504	0.000000000	2.850	-2.350	0.012	-0.018	2.806443	1	4294967295
9007.997851581	0.000000000	2.829	-2.281	0.002	0.004	1.037174	1	4294967295
9008.285823188	0.000000000	3.066	-2.583	0.070	-0.081	7.862886	1	4294967295
9008.585752584	0.000000000	2.981	-2.492	0.037	-0.047	1.703701	1	4294967295
9008.885691690	0.000000000	2.882	-2.435	0.003	-0.025	2.859940	1	4294967295
9009.185663682	0.000000000	3.152	-2.635	0.081	-0.081	7.766174	1	4294967295
9009.485567987	0.000000000	3.316	-2.804	0.120	-0.121	7.698036	1	4294967295
9009.785631737	0.000000000	3.188	-2.728	0.070	-0.086	3.195260	1	4294967295
9010.085562802	0.000000000	3.077	-2.659	0.030	-0.057	3.052241	1	4294967295
9010.385547002	0.000000000	2.980	-2.603	-0.003	-0.034	2.909811	1	4294967295
9010.685503806	0.000000000	3.154	-2.766	0.046	-0.078	7.749138	1	4294967295
