timeref	est_sendtime	pos_x	pos_y	vel_x	vel_y	sigma	valid	senderGuid
-1.000000000	0.000000000	0.000	0.000	0.000	0.000	0.000000	0	0
5442.145619603	0.000000000	-0.739	-0.050	0.913	-0.196	5.069803	1	4294967295
5442.445661528	0.000000000	0.282	-0.391	1.529	-0.222	4.098930	1	4294967295
5442.730814791	0.000000000	1.304	-1.107	1.996	-0.503	4.278934	1	4294967295
5443.030712299	0.000000000	1.826	-1.306	1.831	-0.381	3.827429	1	4294967295
5443.330462711	0.000000000	2.149	-1.445	1.551	-0.283	3.585283	1	4294967295
5443.644287773	0.000000000	2.385	-1.403	1.326	-0.124	3.223291	1	4294967295
5443.945728315	0.000000000	2.406	-1.449	1.036	-0.080	3.190461	1	4294967295
5444.245263909	0.000000000	2.319	-1.348	0.767	0.035	3.318155	1	4294967295
5444.845484473	0.000000000	2.338	-1.391	0.535	0.036	3.267102	1	4294967295
5445.145222839	0.000000000	2.240	-1.402	0.404	0.051	3.224940	1	4294967295
5445.445344215	0.000000000	2.227	-1.450	0.335	0.044	3.087542	1	4294967295
5445.745023948	0.000000000	2.212	-1.462	0.278	0.050	3.109321	1	4294967295
5446.030428472	0.000000000	2.173	-1.412	0.213	0.086	2.119139	1	4294967295
5446.330410963	0.000000000	2.115	-1.410	0.153	0.099	1.932269	1	4294967295
5446.630483284	0.000000000	2.105	-1.408	0.119	0.106	1.680383	1	4294967295
5446.930440404	0.000000000	2.062	-1.393	0.081	0.114	1.582690	1	4294967295
5447.230371218	0.000000000	2.121	-1.487	0.083	0.082	2.980807	1	4294967295
5447.530175263	0.000000000	2.127	-1.496	0.068	0.080	1.271238	1	4294967295
5447.830322437	0.000000000	2.193	-1.590	0.076	0.049	2.854432	1	4294967295
5448.130270241	0.000000000	2.237	-1.671	0.078	0.025	2.824503	1	4294967295
5448.430357740	0.000000000	2.259	-1.713	0.073	0.015	2.880071	1	4294967295
5448.730356499	0.000000000	2.273	-1.750	0.066	0.006	2.870940	1	4294967295
5449.030300637	0.000000000	2.355	-1.773	0.081	0.001	2.674178	1	4294967295
5449.341555063	0.000000000	2.418	-1.772	0.090	0.002	2.695259	1	4294967295
5449.630186601	0.000000000	2.453	-1.780	0.089	0.002	2.763020	1	4294967295
5449.930189290	0.000000000	2.484	-1.787	0.087	0.002	2.743982	1	4294967295
5450.230178898	0.000000000	2.547	-1.774	0.095	0.006	2.651480	1	4294967295
5450.530148323	0.000000000	2.602	-1.756	0.100	0.011	2.678495	1	4294967295
5450.830110668	0.000000000	2.607	-1.766	0.091	0.010	2.764575	1	4294967295
5451.130067460	0.000000000	2.612	-1.777	0.083	0.008	2.749553	1	4294967295
5451.430039797	0.000000000	2.586	-1.817	0.067	0.000	2.830956	1	4294967295
5451.729977176	0.000000000	2.581	-1.870	0.059	-0.012	2.730808	1	4294967295
5452.044792601	0.000000000	2.540	-1.891	0.041	-0.013	2.859838	1	4294967295
5452.329978586	0.000000000	2.521	-1.917	0.031	-0.016	2.796746	1	4294967295
5452.629938752	0.000000000	2.519	-1.955	0.026	-0.023	2.737275	1	4294967295
5452.929911754	0.000000000	2.501	-1.971	0.016	-0.024	2.790847	1	4294967295
5453.229886680	0.000000000	2.492	-2.011	0.011	-0.031	2.694136	1	4294967295
5453.543253306	0.000000000	2.517	-2.040	0.015	-0.035	2.661448	1	4294967295
5453.829902021	0.000000000	2.519	-2.037	0.012	-0.030	2.732514	1	4294967295
5454.129894021	0.000000000	2.499	-2.035	0.003	-0.025	2.771168	1	4294967295
5454.429880620	0.000000000	2.483	-2.033	-0.004	-0.021	2.777578	1	4294967295
5454.729874559	0.000000000	2.507	-2.054	0.001	-0.024	2.644361	1	4294967295
5455.029872998	0.000000000	2.494	-2.035	-0.004	-0.015	2.766659	1	4294967295
5455.329835350	0.000000000	2.484	-2.016	-0.009	-0.008	2.758891	1	4294967295
5455.629819052	0.000000000	2.474	-2.001	-0.012	-0.002	2.775586	1	4294967295
5455.929787452	0.000000000	2.488	-2.005	-0.009	-0.002	2.681108	1	4294967295
5456.229772513	0.000000000	2.480	-1.996	-0.012	0.001	2.737858	1	4294967295
5456.529796320	0.000000000	2.471	-1.985	-0.015	0.006	2.753457	1	4294967295
5456.829744501	0.000000000	2.461	-1.972	-0.018	0.010	2.778278	1	4294967295
5457.129760935	0.000000000	2.449	-1.967	-0.021	0.011	2.767969	1	4294967295
5457.429685869	0.000000000	2.440	-1.968	-0.024	0.012	2.757949	1	4294967295
5457.729628799	0.000000000	2.430	-1.972	-0.026	0.011	2.771960	1	4294967295
5458.029620596	0.000000000	2.435	-1.974	-0.024	0.010	2.742625	1	4294967295
5458.329592337	0.000000000	2.458	-1.991	-0.016	0.005	2.675523	1	4294967295
5458.629570299	0.000000000	2.460	-1.994	-0.016	0.005	2.740207	1	4294967295
5458.929553868	0.000000000	2.466	-1.993	-0.014	0.005	2.732190	1	4294967295
5459.229541165	0.000000000	2.452	-1.997	-0.018	0.005	2.758213	1	4294967295
5459.529521759	0.000000000	2.458	-2.015	-0.016	0.000	2.688978	1	4294967295
5459.829494470	0.000000000	2.465	-2.015	-0.014	0.001	2.718445	1	4294967295
5460.129461967	0.000000000	2.494	-2.030	-0.006	-0.003	2.642713	1	4294967295
5460.429448575	0.000000000	2.499	-2.024	-0.005	-0.000	2.737684	1	4294967295
5460.729436422	0.000000000	2.501	-2.019	-0.006	0.002	2.740745	1	4294967295
5461.029403768	0.000000000	2.504	-2.013	-0.005	0.004	2.725620	1	4294967295
5461.329388376	0.000000000	2.499	-2.001	-0.007	0.008	2.739033	1	4294967295
5461.629303439	0.000000000	2.484	-2.014	-0.011	0.004	2.697627	1	4294967295
5461.929218912	0.000000000	2.475	-2.030	-0.013	-0.000	2.694056	1	4294967295
5462.229119445	0.000000000	2.477	-2.031	-0.012	0.000	2.714288	1	4294967295
5462.528884790	0.000000000	2.489	-2.042	-0.009	-0.002	2.667196	1	4294967295
5462.828543007	0.000000000	2.495	-2.082	-0.007	-0.013	2.676549	1	4294967295
5463.128247891	0.000000000	2.493	-2.168	-0.008	-0.034	2.674823	1	4294967295
5463.428111729	0.000000000	2.498	-2.269	-0.005	-0.059	2.667255	1	4294967295
5463.727714911	0.000000000	2.519	-2.395	0.002	-0.088	2.608400	1	4294967295
5464.027479493	0.000000000	2.505	-2.474	-0.004	-0.101	0.926391	1	4294967295
5464.327214070	0.000000000	2.472	-2.545	-0.014	-0.111	0.626516	1	4294967295
5464.626918569	0.000000000	2.449	-2.640	-0.020	-0.126	0.676608	1	4294967295
5464.926757517	0.000000000	2.436	-2.760	-0.022	-0.148	0.740100	1	4294967295
5465.226452338	0.000000000	2.443	-2.864	-0.019	-0.163	0.657957	1	4294967295
5465.526391228	0.000000000	2.441	-3.000	-0.018	-0.186	0.758292	1	4294967295
5465.826141305	0.000000000	2.443	-3.148	-0.015	-0.210	0.787210	1	4294967295
5466.126107821	0.000000000	2.445	-3.261	-0.014	-0.224	0.565968	1	4294967295
5466.426058254	0.000000000	2.458	-3.393	-0.009	-0.241	0.585284	1	4294967295
5466.726067850	0.000000000	2.409	-3.515	-0.022	-0.252	0.693951	1	4294967295
5467.026272143	0.000000000	2.336	-3.625	-0.041	-0.259	0.737400	1	4294967295
5467.326512797	0.000000000	2.229	-3.716	-0.067	-0.260	0.878519	1	4294967295
5467.626725302	0.000000000	2.096	-3.798	-0.098	-0.259	1.043943	1	4294967295
5467.926999083	0.000000000	1.946	-3.868	-0.131	-0.253	1.157751	1	4294967295
5468.227472607	0.000000000	1.816	-3.892	-0.156	-0.237	1.139947	1	4294967295
5468.527810332	0.000000000	1.621	-3.900	-0.197	-0.217	1.501619	1	4294967295
5468.828318425	0.000000000	1.413	-3.892	-0.238	-0.193	1.567347	1	4294967295
5469.128491470	0.000000000	1.208	-3.887	-0.275	-0.171	1.540119	1	4294967295
5469.429061512	0.000000000	0.997	-3.840	-0.312	-0.140	1.701913	1	4294967295
5469.740664093	0.000000000	0.803	-3.797	-0.343	-0.111	1.689746	1	4294967295
5470.029847052	0.000000000	0.598	-3.681	-0.373	-0.066	1.809730	1	4294967295
5470.330208824	0.000000000	0.375	-3.548	-0.407	-0.020	1.832369	1	4294967295
5470.630686379	0.000000000	0.204	-3.424	-0.423	0.019	1.561576	1	4294967295
5470.931058267	0.000000000	0.024	-3.238	-0.441	0.072	1.818511	1	4294967295
5471.231578492	0.000000000	-0.145	-3.037	-0.453	0.124	1.770456	1	4294967295
5471.531871694	0.000000000	-0.281	-2.852	-0.456	0.167	1.591737	1	4294967295
5471.832519229	0.000000000	-0.419	-2.629	-0.459	0.217	1.638954	1	4294967295
5472.132526323	0.000000000	-0.550	-2.421	-0.458	0.258	1.531420	1	4294967295
5472.432894142	0.000000000	-0.634	-2.167	-0.446	0.309	1.683049	1	4294967295
5472.733184725	0.000000000	-0.714	-1.923	-0.433	0.354	1.624163	1	4294967295
5473.033434900	0.000000000	-0.769	-1.688	-0.414	0.391	1.479887	1	4294967295
5473.333612039	0.000000000	-0.796	-1.449	-0.388	0.426	1.525373	1	4294967295
5473.633833117	0.000000000	-0.822	-1.212	-0.364	0.459	1.472037	1	4294967295
5473.936528483	0.000000000	-0.720	-0.871	-0.304	0.511	2.817367	1	4294967295
5474.234111708	0.000000000	-0.599	-0.565	-0.244	0.550	2.651697	1	4294967295
5474.534157237	0.000000000	-0.467	-0.280	-0.187	0.581	2.531618	1	4294967295
5474.834239215	0.000000000	-0.404	-0.085	-0.155	0.588	1.302245	1	4294967295
5475.137724649	0.000000000	-0.188	0.181	-0.082	0.610	2.993890	1	4294967295
5475.434342425	0.000000000	-0.100	0.360	-0.051	0.610	1.195656	1	4294967295
5475.734357359	0.000000000	0.161	0.582	0.025	0.618	2.995961	1	4294967295
5476.034224985	0.000000000	0.423	0.780	0.094	0.620	2.864874	1	4294967295
5476.334182420	0.000000000	0.686	0.974	0.159	0.621	2.698430	1	4294967295
5476.639966476	0.000000000	0.812	1.136	0.180	0.615	1.040046	1	4294967295
5476.933765278	0.000000000	0.965	1.230	0.206	0.591	1.406300	1	4294967295
5477.233613919	0.000000000	1.190	1.321	0.249	0.569	1.566322	1	4294967295
5477.533548471	0.000000000	1.394	1.429	0.283	0.553	1.471272	1	4294967295
5477.833373083	0.000000000	1.586	1.509	0.311	0.531	1.474571	1	4294967295
5478.143702526	0.000000000	1.758	1.629	0.332	0.521	1.200184	1	4294967295
5478.432829532	0.000000000	1.997	1.638	0.367	0.483	1.751870	1	4294967295
5478.732639427	0.000000000	2.272	1.632	0.409	0.445	1.824477	1	4294967295
5479.032272177	0.000000000	2.526	1.599	0.441	0.403	1.753441	1	4294967295
5479.331899522	0.000000000	2.816	1.491	0.480	0.345	1.933397	1	4294967295
5479.631464580	0.000000000	3.123	1.347	0.519	0.283	1.945927	1	4294967295
5479.931136791	0.000000000	3.399	1.232	0.548	0.233	1.828928	1	4294967295
5480.230772058	0.000000000	3.640	1.076	0.565	0.176	1.849141	1	4294967295
5480.530307979	0.000000000	3.865	0.908	0.577	0.119	1.847769	1	4294967295
5480.847396301	0.000000000	4.047	0.936	0.579	0.117	0.337918	1	4294967295
5481.129336866	0.000000000	4.216	0.722	0.574	0.053	2.040870	1	4294967295
5481.728526446	0.000000000	4.553	0.406	0.568	-0.034	2.336039	1	4294967295
5482.028029824	0.000000000	4.697	0.087	0.558	-0.112	2.220139	1	4294967295
5482.327674064	0.000000000	4.818	-0.226	0.543	-0.184	2.128627	1	4294967295
5482.627251420	0.000000000	4.898	-0.502	0.516	-0.241	1.985295	1	4294967295
5482.949825454	0.000000000	4.967	-0.745	0.492	-0.286	1.704157	1	4294967295
5483.249848321	0.000000000	5.044	-0.985	0.473	-0.326	1.701507	1	4294967295
5483.549968836	0.000000000	5.077	-1.190	0.443	-0.354	1.538835	1	4294967295
5483.849976809	0.000000000	5.098	-1.445	0.411	-0.392	1.769806	1	4294967295
5484.149864681	0.000000000	5.075	-1.690	0.370	-0.425	1.838181	1	4294967295
5484.449831794	0.000000000	4.960	-1.987	0.306	-0.467	2.213474	1	4294967295
5484.749618936	0.000000000	4.894	-2.243	0.262	-0.495	1.866172	1	4294967295
5485.024253948	0.000000000	4.809	-2.523	0.213	-0.526	2.224353	1	4294967295
5485.324232008	0.000000000	4.709	-2.799	0.165	-0.553	2.183488	1	4294967295
5485.624033277	0.000000000	4.554	-3.031	0.105	-0.566	2.228220	1	4294967295
5485.924085982	0.000000000	4.393	-3.267	0.049	-0.579	2.159960	1	4294967295
5486.224000603	0.000000000	4.207	-3.488	-0.009	-0.586	2.198276	1	4294967295
5486.524157374	0.000000000	3.990	-3.657	-0.071	-0.580	2.242556	1	4294967295
5486.824189086	0.000000000	3.752	-3.828	-0.133	-0.573	2.305706	1	4294967295
5487.124447255	0.000000000	3.494	-3.972	-0.195	-0.560	2.292401	1	4294967295
5487.424542177	0.000000000	3.117	-4.085	-0.285	-0.538	2.648911	1	4294967295
5487.725016976	0.000000000	2.759	-4.172	-0.362	-0.511	2.507391	1	4294967295
5488.025229919	0.000000000	2.416	-4.227	-0.430	-0.478	2.486118	1	4294967295
5488.325728730	0.000000000	2.106	-4.301	-0.484	-0.454	2.238186	1	4294967295
5488.625993241	0.000000000	1.771	-4.272	-0.542	-0.403	2.420344	1	4294967295
5488.926590915	0.000000000	1.457	-4.233	-0.590	-0.355	2.223407	1	4294967295
5489.226858145	0.000000000	1.161	-4.208	-0.628	-0.314	2.103752	1	4294967295
5489.527362604	0.000000000	0.870	-4.126	-0.664	-0.261	2.169661	1	4294967295
5489.827764705	0.000000000	0.619	-4.077	-0.684	-0.222	1.876044	1	4294967295
5490.128306545	0.000000000	0.373	-3.940	-0.703	-0.162	2.178719	1	4294967295
5490.428451251	0.000000000	0.113	-3.816	-0.722	-0.111	2.052375	1	4294967295
5490.729048822	0.000000000	-0.132	-3.662	-0.734	-0.056	1.989242	1	4294967295
5491.029454667	0.000000000	-0.354	-3.487	-0.739	-0.001	1.982338	1	4294967295
5491.329895411	0.000000000	-0.529	-3.324	-0.730	0.046	1.834588	1	4294967295
5491.630144175	0.000000000	-0.682	-3.128	-0.716	0.099	1.970260	1	4294967295
5491.930628873	0.000000000	-0.802	-2.918	-0.693	0.149	1.947349	1	4294967295
5492.231254093	0.000000000	-0.878	-2.696	-0.662	0.199	2.008501	1	4294967295
5492.531852412	0.000000000	-0.936	-2.447	-0.627	0.251	2.069081	1	4294967295
5492.831857030	0.000000000	-1.011	-2.187	-0.600	0.304	2.110864	1	4294967295
5493.132321334	0.000000000	-1.056	-1.914	-0.566	0.354	2.127335	1	4294967295
5493.432305236	0.000000000	-1.068	-1.649	-0.526	0.398	2.069566	1	4294967295
5493.732785898	0.000000000	-0.955	-1.233	-0.453	0.472	3.300554	1	4294967295
5494.032588157	0.000000000	-0.828	-0.861	-0.382	0.530	3.080091	1	4294967295
5494.332853556	0.000000000	-0.693	-0.516	-0.315	0.576	2.900182	1	4294967295
5494.632919656	0.000000000	-0.641	-0.287	-0.277	0.594	1.747881	1	4294967295
5494.932975552	0.000000000	-0.562	-0.070	-0.234	0.607	1.758080	1	4294967295
5495.232938656	0.000000000	-0.338	0.220	-0.155	0.633	3.219484	1	4294967295
5495.533024722	0.000000000	-0.296	0.398	-0.131	0.632	1.371641	1	4294967295
-1.000000000	0.000000000	0.000	0.000	0.000	0.000	0.000000	0	0
-1.000000000	0.000000000	0.000	0.000	0.000	0.000	0.000000	0	0
-1.000000000	0.000000000	0.000	0.000	0.000	0.000	0.000000	0	0
-1.000000000	0.000000000	0.000	0.000	0.000	0.000	0.000000	0	0
5497.032415250	0.000000000	0.096	0.703	-0.016	0.659	3.146063	1	4294967295
5497.340465552	0.000000000	0.419	1.001	0.072	0.683	2.671047	1	4294967295
5497.632131122	0.000000000	0.761	1.189	0.158	0.678	2.655719	1	4294967295
5497.931875830	0.000000000	1.094	1.338	0.234	0.664	2.528684	1	4294967295
5498.231543465	0.000000000	1.416	1.443	0.301	0.640	2.390609	1	4294967295
5498.531197356	0.000000000	1.762	1.460	0.369	0.595	2.438338	1	4294967295
5498.843770468	0.000000000	2.004	1.546	0.404	0.572	1.734773	1	4294967295
5499.130572855	0.000000000	2.373	1.510	0.469	0.521	2.431909	1	4294967295
5499.430259450	0.000000000	2.742	1.405	0.528	0.455	2.410618	1	4294967295
5499.729723610	0.000000000	3.046	1.318	0.565	0.400	2.198602	1	4294967295
5500.029239098	0.000000000	3.309	1.209	0.588	0.342	2.148474	1	4294967295
5500.328778426	0.000000000	3.554	1.057	0.604	0.278	2.197878	1	4294967295
5500.628446015	0.000000000	3.757	0.934	0.607	0.225	2.018495	1	4294967295
5500.927911198	0.000000000	4.038	0.696	0.631	0.149	2.346110	1	4294967295
5501.227488228	0.000000000	4.234	0.482	0.630	0.083	2.253511	1	4294967295
5501.547148004	0.000000000	4.384	0.346	0.618	0.041	1.672333	1	4294967295
5501.826687108	0.000000000	4.565	0.068	0.613	-0.033	2.404256	1	4294967295
5502.126099011	0.000000000	4.692	-0.132	0.593	-0.083	2.219556	1	4294967295
5502.425661529	0.000000000	4.805	-0.383	0.571	-0.141	2.361262	1	4294967295
5502.725089460	0.000000000	4.862	-0.621	0.535	-0.193	2.397253	1	4294967295
5503.024734911	0.000000000	4.954	-0.869	0.513	-0.241	2.223439	1	4294967295
5503.324190305	0.000000000	4.956	-1.189	0.467	-0.304	2.671590	1	4294967295
5503.623873352	0.000000000	4.975	-1.524	0.432	-0.365	2.430539	1	4294967295
5503.923433241	0.000000000	4.944	-1.822	0.386	-0.413	2.412564	1	4294967295
5504.223241665	0.000000000	4.901	-2.108	0.340	-0.453	2.344236	1	4294967295
5504.522926942	0.000000000	4.838	-2.375	0.293	-0.485	2.325981	1	4294967295
5504.822870609	0.000000000	4.768	-2.598	0.249	-0.503	2.015855	1	4294967295
5505.122677192	0.000000000	4.683	-2.829	0.205	-0.521	2.042510	1	4294967295
5505.422839492	0.000000000	4.563	-3.038	0.156	-0.532	2.062787	1	4294967295
5505.722835472	0.000000000	4.343	-3.260	0.084	-0.544	2.529214	1	4294967295
5506.023000569	0.000000000	4.105	-3.444	0.013	-0.544	2.475240	1	4294967295
5506.322985369	0.000000000	3.767	-3.671	-0.078	-0.553	2.815513	1	4294967295
5506.623372791	0.000000000	3.514	-3.874	-0.140	-0.557	2.388025	1	4294967295
5506.923564710	0.000000000	3.269	-3.986	-0.195	-0.538	2.306210	1	4294967295
5507.223913802	0.000000000	2.834	-4.008	-0.295	-0.494	2.955536	1	4294967295
5507.524177701	0.000000000	2.369	-4.040	-0.394	-0.456	2.900786	1	4294967295
5507.824771248	0.000000000	1.965	-4.088	-0.471	-0.425	2.631730	1	4294967295
5508.125130047	0.000000000	1.578	-4.122	-0.539	-0.393	2.608176	1	4294967295
5508.439944827	0.000000000	1.270	-4.099	-0.581	-0.352	2.223536	1	4294967295
5508.726069189	0.000000000	1.022	-4.013	-0.607	-0.298	2.196533	1	4294967295
5509.026666314	0.000000000	0.726	-3.927	-0.645	-0.246	2.324470	1	4294967295
5509.326871256	0.000000000	0.415	-3.815	-0.684	-0.190	2.414953	1	4294967295
5509.627447729	0.000000000	0.198	-3.686	-0.697	-0.137	2.189877	1	4294967295
5509.933971411	0.000000000	-0.010	-3.496	-0.706	-0.071	2.257067	1	4294967295
5510.228245416	0.000000000	-0.198	-3.282	-0.708	-0.005	2.238873	1	4294967295
5510.528670395	0.000000000	-0.437	-2.947	-0.724	0.090	3.250085	1	4294967295
5510.829158609	0.000000000	-0.577	-2.754	-0.710	0.138	2.009194	1	4294967295
5511.129500188	0.000000000	-0.697	-2.542	-0.690	0.188	2.038860	1	4294967295
5511.429889060	0.000000000	-0.776	-2.354	-0.659	0.226	1.900194	1	4294967295
5511.730349558	0.000000000	-0.863	-2.148	-0.633	0.267	2.045440	1	4294967295
5512.030700784	0.000000000	-0.938	-1.902	-0.604	0.314	2.128409	1	4294967295
5512.330884345	0.000000000	-0.972	-1.655	-0.565	0.358	2.145986	1	4294967295
5512.631017545	0.000000000	-0.996	-1.403	-0.527	0.400	2.195416	1	4294967295
5512.931090802	0.000000000	-0.850	-0.994	-0.442	0.474	3.520440	1	4294967295
5513.231301228	0.000000000	-0.683	-0.621	-0.359	0.533	3.328725	1	4294967295
5513.531389277	0.000000000	-0.453	-0.338	-0.265	0.563	3.532401	1	4294967295
5513.831350991	0.000000000	-0.199	-0.047	-0.173	0.593	3.323950	1	4294967295
5514.131454783	0.000000000	0.015	0.204	-0.099	0.612	3.193417	1	4294967295
5514.431412848	0.000000000	0.255	0.468	-0.025	0.633	3.110564	1	4294967295
5514.731360630	0.000000000	0.408	0.659	0.018	0.635	1.733080	1	4294967295
5515.031091685	0.000000000	0.690	0.868	0.094	0.640	3.075949	1	4294967295
5515.331021025	0.000000000	0.883	1.013	0.139	0.628	1.766175	1	4294967295
5515.630897117	0.000000000	1.092	1.158	0.183	0.618	1.764873	1	4294967295
5515.930694444	0.000000000	1.347	1.286	0.237	0.604	1.843576	1	4294967295
5516.230373292	0.000000000	1.607	1.386	0.287	0.584	1.883787	1	4294967295
5516.530150240	0.000000000	1.872	1.457	0.334	0.557	1.894692	1	4294967295
5516.841952607	0.000000000	2.099	1.575	0.368	0.545	1.470753	1	4294967295
5517.142611209	0.000000000	2.367	1.597	0.410	0.509	1.807988	1	4294967295
5517.443152539	0.000000000	2.627	1.588	0.446	0.468	1.824651	1	4294967295
5517.743790644	0.000000000	2.905	1.603	0.484	0.437	1.727056	1	4294967295
5518.044476999	0.000000000	3.209	1.474	0.524	0.373	2.154742	1	4294967295
5518.327612046	0.000000000	3.486	1.240	0.550	0.286	2.531360	1	4294967295
5518.626982587	0.000000000	3.688	1.056	0.554	0.218	2.334607	1	4294967295
5518.926579146	0.000000000	3.972	0.764	0.580	0.130	2.554021	1	4294967295
5519.226060291	0.000000000	4.221	0.474	0.595	0.049	2.472589	1	4294967295
5519.525637053	0.000000000	4.407	0.208	0.592	-0.022	2.364993	1	4294967295
5519.824998666	0.000000000	4.584	-0.039	0.587	-0.083	2.281365	1	4294967295
5520.124587615	0.000000000	4.747	-0.325	0.579	-0.150	2.325033	1	4294967295
5520.423990097	0.000000000	4.854	-0.605	0.557	-0.210	2.339361	1	4294967295
5520.723537155	0.000000000	4.871	-0.907	0.511	-0.272	2.546964	1	4294967295
5521.023012440	0.000000000	4.871	-1.234	0.465	-0.336	2.594689	1	4294967295
5521.322680714	0.000000000	4.893	-1.516	0.430	-0.382	2.261857	1	4294967295
5521.622314196	0.000000000	4.893	-1.812	0.392	-0.429	2.271582	1	4294967295
5521.922008539	0.000000000	4.871	-2.090	0.352	-0.467	2.358755	1	4294967295
5522.221775712	0.000000000	4.793	-2.344	0.300	-0.495	2.453499	1	4294967295
5522.546353052	0.000000000	4.697	-2.567	0.249	-0.513	2.214095	1	4294967295
5522.846057240	0.000000000	4.568	-2.785	0.194	-0.529	2.312464	1	4294967295
5523.145487151	0.000000000	4.395	-2.991	0.130	-0.538	2.452312	1	4294967295
5523.443656039	0.000000000	4.310	-3.193	0.096	-0.547	1.973069	1	4294967295
5523.721498925	0.000000000	4.021	-3.425	0.005	-0.559	2.999913	1	4294967295
5524.021762480	0.000000000	3.723	-3.620	-0.079	-0.561	2.863212	1	4294967295
5524.321983711	0.000000000	3.434	-3.809	-0.154	-0.561	2.729406	1	4294967295
5524.622434005	0.000000000	3.176	-3.877	-0.213	-0.530	2.526789	1	4294967295
5524.922764880	0.000000000	2.797	-4.001	-0.300	-0.514	2.927356	1	4294967295
5525.223337418	0.000000000	2.395	-4.010	-0.386	-0.469	2.960614	1	4294967295
5525.523721573	0.000000000	2.054	-4.040	-0.450	-0.434	2.697364	1	4294967295
5525.824223805	0.000000000	1.755	-3.974	-0.498	-0.377	2.522148	1	4294967295
5526.124623925	0.000000000	1.393	-3.922	-0.559	-0.326	2.657979	1	4294967295
5526.425252555	0.000000000	1.107	-3.917	-0.595	-0.293	2.244941	1	4294967295
5526.725733980	0.000000000	0.773	-3.783	-0.643	-0.226	2.740316	1	4294967295
5527.026300847	0.000000000	0.476	-3.718	-0.675	-0.185	2.255828	1	4294967295
5527.335664425	0.000000000	0.200	-3.531	-0.701	-0.113	2.556803	1	4294967295
5527.635326506	0.000000000	-0.048	-3.331	-0.717	-0.044	2.390050	1	4294967295
5527.934588430	0.000000000	-0.255	-3.109	-0.720	0.024	2.361656	1	4294967295
5528.233815534	0.000000000	-0.448	-2.862	-0.719	0.094	2.432761	1	4294967295
5528.528542590	0.000000000	-0.632	-2.689	-0.714	0.138	1.988222	1	4294967295
5528.833319119	0.000000000	-0.766	-2.413	-0.698	0.207	2.405089	1	4294967295
5529.128925106	0.000000000	-0.843	-2.141	-0.668	0.270	2.453843	1	4294967295
5529.429438067	0.000000000	-0.896	-1.863	-0.633	0.328	2.365624	1	4294967295
5529.729819954	0.000000000	-0.947	-1.587	-0.600	0.382	2.285439	1	4294967295
5530.032933946	0.000000000	-0.973	-1.296	-0.562	0.434	2.313230	1	4294967295
5530.333120268	0.000000000	-0.961	-1.003	-0.516	0.481	2.349751	1	4294967295
5530.633363375	0.000000000	-0.911	-0.715	-0.464	0.522	2.345656	1	4294967295
5530.933820247	0.000000000	-0.610	-0.334	-0.346	0.574	3.789241	1	4294967295
5531.229627990	0.000000000	-0.561	-0.079	-0.308	0.600	1.986984	1	4294967295
5531.529589333	0.000000000	-0.437	0.204	-0.251	0.628	2.110147	1	4294967295
5531.842186175	0.000000000	-0.216	0.548	-0.172	0.664	3.409858	1	4294967295
5532.135963815	0.000000000	-0.094	0.785	-0.126	0.672	1.691464	1	4294967295
5532.429780988	0.000000000	0.236	0.981	-0.032	0.669	3.483468	1	4294967295
5532.729707548	0.000000000	0.466	1.130	0.028	0.658	2.001655	1	4294967295
5533.038262941	0.000000000	0.645	1.334	0.071	0.660	1.620967	1	4294967295
5533.329258906	0.000000000	0.989	1.411	0.150	0.633	2.388577	1	4294967295
5533.628870053	0.000000000	1.373	1.476	0.232	0.606	2.434944	1	4294967295
5533.928619848	0.000000000	1.727	1.514	0.300	0.572	2.323215	1	4294967295
5534.228266588	0.000000000	2.060	1.521	0.359	0.533	2.255604	1	4294967295
5534.542274339	0.000000000	2.390	1.488	0.414	0.486	2.087858	1	4294967295
5534.827517418	0.000000000	2.795	1.361	0.481	0.420	2.488509	1	4294967295
5535.127179323	0.000000000	3.097	1.244	0.518	0.360	2.223581	1	4294967295
5535.426682387	0.000000000	3.356	1.113	0.541	0.300	2.176985	1	4294967295
5535.726121388	0.000000000	3.616	0.979	0.564	0.244	2.148212	1	4294967295
5536.025535669	0.000000000	3.846	0.779	0.575	0.174	2.357577	1	4294967295
5536.325028832	0.000000000	4.057	0.561	0.581	0.105	2.330455	1	4294967295
5536.624543506	0.000000000	4.247	0.323	0.581	0.035	2.359767	1	4294967295
5536.945436496	0.000000000	4.401	0.137	0.575	-0.016	1.973947	1	4294967295
5537.244605034	0.000000000	4.501	-0.036	0.555	-0.060	1.944493	1	4294967295
5537.545791959	0.000000000	4.630	-0.282	0.544	-0.119	2.170422	1	4294967295
5537.845871107	0.000000000	4.759	-0.454	0.536	-0.154	1.629725	1	4294967295
5538.145837850	0.000000000	4.872	-0.693	0.523	-0.204	2.034927	1	4294967295
5538.421411586	0.000000000	4.939	-1.059	0.494	-0.281	2.766625	1	4294967295
5538.721022952	0.000000000	4.967	-1.416	0.457	-0.349	2.679704	1	4294967295
5539.020824869	0.000000000	4.978	-1.764	0.420	-0.410	2.580600	1	4294967295
5539.320453650	0.000000000	4.863	-2.083	0.353	-0.458	2.797587	1	4294967295
5539.620405454	0.000000000	4.733	-2.385	0.289	-0.498	2.713716	1	4294967295
5539.920328335	0.000000000	4.586	-2.669	0.226	-0.531	2.678253	1	4294967295
5540.220466902	0.000000000	4.409	-2.928	0.159	-0.554	2.614103	1	4294967295
5540.520451087	0.000000000	4.272	-3.174	0.109	-0.572	2.388221	1	4294967295
5540.820546264	0.000000000	3.907	-3.406	0.002	-0.584	3.162375	1	4294967295
5541.120673255	0.000000000	3.527	-3.571	-0.100	-0.577	3.052264	1	4294967295
5541.441598704	0.000000000	3.188	-3.728	-0.183	-0.570	2.718269	1	4294967295
5541.740728894	0.000000000	2.834	-3.848	-0.265	-0.552	2.839736	1	4294967295
5542.040055096	0.000000000	2.477	-3.945	-0.342	-0.531	2.756482	1	4294967295
5542.339367142	0.000000000	2.088	-3.940	-0.423	-0.484	2.818122	1	4294967295
5542.638696565	0.000000000	1.719	-3.934	-0.492	-0.441	2.653170	1	4294967295
5542.923047871	0.000000000	1.432	-3.921	-0.536	-0.399	2.402285	1	4294967295
5543.223538695	0.000000000	1.171	-3.892	-0.570	-0.355	2.274167	1	4294967295
5543.524121027	0.000000000	0.830	-3.863	-0.623	-0.312	2.521689	1	4294967295
5543.824718544	0.000000000	0.562	-3.747	-0.654	-0.251	2.503593	1	4294967295
5544.125240838	0.000000000	0.300	-3.611	-0.680	-0.188	2.493639	1	4294967295
5544.425688522	0.000000000	0.031	-3.453	-0.706	-0.123	2.504218	1	4294967295
5544.726136142	0.000000000	-0.174	-3.315	-0.711	-0.070	2.213839	1	4294967295
5545.026576784	0.000000000	-0.365	-3.135	-0.712	-0.009	2.368384	1	4294967295
5545.327046586	0.000000000	-0.548	-2.892	-0.709	0.063	2.481367	1	4294967295
5545.627344537	0.000000000	-0.701	-2.632	-0.698	0.134	2.512436	1	4294967295
5545.928121433	0.000000000	-0.839	-2.362	-0.682	0.203	2.481641	1	4294967295
5546.228145292	0.000000000	-0.931	-2.081	-0.655	0.268	2.566152	1	4294967295
5546.528557846	0.000000000	-0.991	-1.799	-0.620	0.328	2.469255	1	4294967295
5546.828650138	0.000000000	-1.038	-1.519	-0.584	0.383	2.418247	1	4294967295
5547.129042924	0.000000000	-1.045	-1.231	-0.540	0.434	2.460442	1	4294967295
5547.429206181	0.000000000	-0.878	-0.825	-0.447	0.504	3.604519	1	4294967295
5547.729302343	0.000000000	-0.810	-0.560	-0.393	0.538	2.390005	1	4294967295
5548.029331743	0.000000000	-0.623	-0.200	-0.309	0.588	3.335071	1	4294967295
5548.329263174	0.000000000	-0.528	0.024	-0.259	0.603	2.169632	1	4294967295
5548.629206786	0.000000000	-0.173	0.336	-0.141	0.632	3.724876	1	4294967295
5548.928987688	0.000000000	0.032	0.569	-0.075	0.644	2.264263	1	4294967295
5549.228849918	0.000000000	0.359	0.829	0.018	0.659	3.453744	1	4294967295
5549.528630114	0.000000000	0.609	0.987	0.084	0.647	2.218724	1	4294967295
5549.828516923	0.000000000	0.864	1.149	0.144	0.639	2.173049	1	4294967295
5550.128133607	0.000000000	1.177	1.292	0.216	0.626	2.302011	1	4294967295
5550.427886793	0.000000000	1.429	1.409	0.265	0.608	2.088739	1	4294967295
5550.727560172	0.000000000	1.684	1.482	0.311	0.578	2.054508	1	4294967295
5551.027375329	0.000000000	1.994	1.472	0.367	0.530	2.261551	1	4294967295
5551.327002532	0.000000000	2.370	1.396	0.435	0.469	2.421156	1	4294967295
5551.626446214	0.000000000	2.672	1.340	0.479	0.418	2.215689	1	4294967295
5551.926017033	0.000000000	3.020	1.219	0.530	0.355	2.413056	1	4294967295
5552.242387522	0.000000000	3.293	1.152	0.560	0.311	1.851260	1	4294967295
5552.543391331	0.000000000	3.508	1.087	0.572	0.270	1.712739	1	4294967295
5552.843833205	0.000000000	3.756	0.967	0.592	0.219	2.327096	1	4294967295
5553.144215929	0.000000000	3.998	0.829	0.609	0.168	1.950844	1	4294967295
5553.423218719	0.000000000	4.193	0.517	0.607	0.076	2.732136	1	4294967295
5553.722756302	0.000000000	4.365	0.194	0.601	-0.011	2.664687	1	4294967295
5554.022138136	0.000000000	4.540	-0.156	0.595	-0.097	2.702995	1	4294967295
5554.321678412	0.000000000	4.678	-0.428	0.581	-0.159	2.379824	1	4294967295
5554.621083377	0.000000000	4.825	-0.672	0.571	-0.208	2.178151	1	4294967295
5554.920734630	0.000000000	4.907	-0.991	0.544	-0.273	2.526952	1	4294967295
5555.220211959	0.000000000	4.941	-1.311	0.506	-0.333	2.602148	1	4294967295
5555.519883763	0.000000000	4.947	-1.578	0.463	-0.375	2.464778	1	4294967295
5555.841986457	0.000000000	4.918	-1.769	0.418	-0.395	2.022525	1	4294967295
5556.141394486	0.000000000	4.845	-1.973	0.366	-0.417	2.199112	1	4294967295
5556.440835580	0.000000000	4.731	-2.188	0.308	-0.439	2.315110	1	4294967295
5556.740438279	0.000000000	4.584	-2.413	0.247	-0.462	2.365701	1	4294967295
5557.019279127	0.000000000	4.196	-2.778	0.130	-0.516	3.178667	1	4294967295
5557.319220702	0.000000000	3.837	-3.080	0.029	-0.550	2.993326	1	4294967295
5557.619412836	0.000000000	3.506	-3.324	-0.058	-0.568	2.743420	1	4294967295
5557.919633096	0.000000000	3.232	-3.568	-0.125	-0.584	2.545142	1	4294967295
5558.220013025	0.000000000	2.866	-3.691	-0.211	-0.570	2.688628	1	4294967295
5558.520310438	0.000000000	2.511	-3.783	-0.290	-0.548	2.723287	1	4294967295
5558.820755173	0.000000000	2.203	-3.889	-0.352	-0.530	2.487679	1	4294967295
5559.121180668	0.000000000	1.871	-3.927	-0.417	-0.495	2.613884	1	4294967295
5559.421710199	0.000000000	1.548	-3.972	-0.476	-0.463	2.566182	1	4294967295
5559.722323558	0.000000000	1.231	-3.935	-0.531	-0.411	2.691030	1	4294967295
5560.022722279	0.000000000	0.987	-3.908	-0.560	-0.367	2.280822	1	4294967295
5560.323275402	0.000000000	0.733	-3.947	-0.590	-0.343	2.090042	1	4294967295
5560.623705125	0.000000000	0.476	-3.779	-0.622	-0.263	2.782683	1	4294967295
5560.924188239	0.000000000	0.201	-3.599	-0.655	-0.186	2.726659	1	4294967295
5561.224610802	0.000000000	-0.036	-3.400	-0.675	-0.111	2.649395	1	4294967295
5561.525092704	0.000000000	-0.252	-3.191	-0.686	-0.038	2.527016	1	4294967295
5561.825466606	0.000000000	-0.475	-3.061	-0.696	0.005	2.110050	1	4294967295
5562.125972680	0.000000000	-0.612	-2.777	-0.682	0.087	2.638394	1	4294967295
5562.426311211	0.000000000	-0.713	-2.482	-0.659	0.165	2.603856	1	4294967295
5562.726651260	0.000000000	-0.800	-2.196	-0.633	0.234	2.544155	1	4294967295
5563.027037478	0.000000000	-0.873	-1.911	-0.605	0.297	2.461668	1	4294967295
5563.330490957	0.000000000	-0.908	-1.599	-0.567	0.361	2.546227	1	4294967295
5563.627927912	0.000000000	-0.811	-1.203	-0.493	0.436	3.413321	1	4294967295
5563.927658529	0.000000000	-0.789	-0.933	-0.449	0.478	2.342577	1	4294967295
5564.227917529	0.000000000	-0.789	-0.716	-0.413	0.499	1.903656	1	4294967295
5564.527992868	0.000000000	-0.787	-0.539	-0.380	0.508	1.741588	1	4294967295
5564.828073169	0.000000000	-0.687	-0.273	-0.323	0.537	2.176005	1	4294967295
5565.127982316	0.000000000	-0.573	-0.004	-0.267	0.565	2.199413	1	4294967295
5565.427949788	0.000000000	-0.165	0.307	-0.137	0.594	3.818090	1	4294967295
5565.727870946	0.000000000	0.167	0.568	-0.039	0.610	3.512876	1	4294967295
5566.027547370	0.000000000	0.329	0.750	0.006	0.610	1.907850	1	4294967295
5566.327376983	0.000000000	0.635	0.930	0.084	0.608	2.382204	1	4294967295
5566.627235851	0.000000000	0.926	1.103	0.152	0.605	2.225620	1	4294967295
5566.927008759	0.000000000	1.221	1.246	0.216	0.595	2.185620	1	4294967295
5567.226537440	0.000000000	1.518	1.353	0.275	0.576	2.169548	1	4294967295
5567.526237951	0.000000000	1.849	1.362	0.338	0.533	2.320191	1	4294967295
5567.825823898	0.000000000	2.254	1.308	0.416	0.478	2.464698	1	4294967295
5568.125484962	0.000000000	2.585	1.282	0.469	0.435	2.238182	1	4294967295
5568.424827744	0.000000000	2.944	1.199	0.525	0.380	2.373571	1	4294967295
5568.724420698	0.000000000	3.285	1.096	0.572	0.324	2.302093	1	4294967295
5569.023881864	0.000000000	3.515	0.961	0.586	0.264	2.198286	1	4294967295
5569.323356642	0.000000000	3.764	0.763	0.605	0.192	2.403798	1	4294967295
5569.622772577	0.000000000	4.007	0.568	0.620	0.127	2.364972	1	4294967295
5569.922279181	0.000000000	4.201	0.334	0.621	0.056	2.403964	1	4294967295
5570.221765160	0.000000000	4.380	0.083	0.618	-0.015	2.386845	1	4294967295
5570.521136412	0.000000000	4.517	-0.197	0.604	-0.087	2.501499	1	4294967295
5570.820601923	0.000000000	4.618	-0.459	0.580	-0.149	2.384718	1	4294967295
5571.120008475	0.000000000	4.740	-0.740	0.565	-0.211	2.400874	1	4294967295
5571.419672065	0.000000000	4.778	-1.071	0.527	-0.281	2.667836	1	4294967295
5571.719141364	0.000000000	4.821	-1.357	0.493	-0.334	2.437215	1	4294967295
5572.018861906	0.000000000	4.841	-1.672	0.456	-0.390	2.496516	1	4294967295
5572.318386928	0.000000000	4.827	-1.958	0.413	-0.434	2.579603	1	4294967295
5572.618358399	0.000000000	4.771	-2.256	0.362	-0.477	2.543832	1	4294967295
5572.918059270	0.000000000	4.662	-2.502	0.299	-0.502	2.673327	1	4294967295
5573.218154732	0.000000000	4.520	-2.740	0.233	-0.523	2.648949	1	4294967295
5573.517928953	0.000000000	4.255	-3.019	0.139	-0.551	3.132639	1	4294967295
5573.818268316	0.000000000	3.966	-3.263	0.046	-0.568	3.022939	1	4294967295
5574.118303165	0.000000000	3.647	-3.459	-0.047	-0.570	3.093473	1	4294967295
5574.418719305	0.000000000	3.325	-3.656	-0.134	-0.572	2.950055	1	4294967295
5574.718938757	0.000000000	2.987	-3.785	-0.219	-0.557	2.955565	1	4294967295
5575.019506378	0.000000000	2.636	-3.884	-0.301	-0.535	2.941373	1	4294967295
5575.319881643	0.000000000	2.269	-3.902	-0.382	-0.494	2.912516	1	4294967295
5575.620326375	0.000000000	1.906	-3.917	-0.457	-0.455	2.825097	1	4294967295
5575.920830983	0.000000000	1.612	-3.950	-0.506	-0.424	2.424194	1	4294967295
5576.221300801	0.000000000	1.341	-3.868	-0.546	-0.366	2.499052	1	4294967295
5576.521978166	0.000000000	1.056	-3.812	-0.585	-0.319	2.429853	1	4294967295
5576.822335173	0.000000000	0.782	-3.672	-0.620	-0.253	2.584234	1	4294967295
5577.122999803	0.000000000	0.501	-3.556	-0.653	-0.196	2.455896	1	4294967295
5577.423476165	0.000000000	0.208	-3.351	-0.687	-0.120	2.763603	1	4294967295
5577.724250255	0.000000000	-0.063	-3.188	-0.712	-0.061	2.511169	1	4294967295
5578.024573967	0.000000000	-0.302	-2.956	-0.726	0.013	2.628071	1	4294967295
5578.325044498	0.000000000	-0.489	-2.697	-0.724	0.087	2.563641	1	4294967295
5578.625457619	0.000000000	-0.655	-2.420	-0.715	0.160	2.641371	1	4294967295
5578.925895983	0.000000000	-0.784	-2.132	-0.697	0.230	2.610056	1	4294967295
5579.226335117	0.000000000	-0.857	-1.866	-0.663	0.287	2.401273	1	4294967295
5579.526460881	0.000000000	-0.920	-1.565	-0.629	0.350	2.573663	1	4294967295
5579.826777815	0.000000000	-0.819	-1.147	-0.548	0.431	3.645955	1	4294967295
5580.126912851	0.000000000	-0.815	-0.856	-0.504	0.479	2.450412	1	4294967295
5580.427016313	0.000000000	-0.794	-0.573	-0.459	0.520	2.409909	1	4294967295
5580.727159426	0.000000000	-0.681	-0.254	-0.392	0.564	2.600006	1	4294967295
5581.027116379	0.000000000	-0.543	0.033	-0.323	0.596	2.483320	1	4294967295
5581.327008349	0.000000000	-0.178	0.362	-0.198	0.630	3.836887	1	4294967295
5581.626783766	0.000000000	0.020	0.588	-0.129	0.639	2.358051	1	4294967295
5581.926528075	0.000000000	0.188	0.791	-0.074	0.643	2.242045	1	4294967295
5582.226267860	0.000000000	0.502	0.998	0.015	0.646	2.617867	1	4294967295
5582.535168561	0.000000000	0.777	1.236	0.088	0.657	2.308206	1	4294967295
5582.825641907	0.000000000	1.056	1.348	0.154	0.635	2.501946	1	4294967295
5583.125397189	0.000000000	1.397	1.442	0.232	0.610	2.626440	1	4294967295
5583.424966500	0.000000000	1.771	1.439	0.312	0.561	2.737734	1	4294967295
5583.724648458	0.000000000	2.096	1.459	0.372	0.523	2.490877	1	4294967295
5584.039266995	0.000000000	2.364	1.477	0.413	0.487	2.085768	1	4294967295
5584.323649221	0.000000000	2.809	1.319	0.496	0.411	2.919108	1	4294967295
5584.623171393	0.000000000	3.137	1.158	0.541	0.338	2.634567	1	4294967295
5584.922417778	0.000000000	3.466	0.947	0.582	0.258	2.671546	1	4294967295
5585.221894048	0.000000000	3.753	0.712	0.608	0.178	2.633411	1	4294967295
5585.521269369	0.000000000	3.996	0.477	0.621	0.103	2.565257	1	4294967295
5585.820741592	0.000000000	4.243	0.189	0.634	0.021	2.685674	1	4294967295
5586.120002880	0.000000000	4.441	-0.109	0.632	-0.059	2.678619	1	4294967295
5586.419502744	0.000000000	4.616	-0.332	0.625	-0.113	2.405260	1	4294967295
5586.740791245	0.000000000	4.683	-0.545	0.590	-0.161	2.185629	1	4294967295
5587.018317021	0.000000000	4.745	-0.923	0.555	-0.248	2.981218	1	4294967295
5587.317903181	0.000000000	4.796	-1.233	0.520	-0.309	2.674691	1	4294967295
5587.617475417	0.000000000	4.816	-1.543	0.479	-0.366	2.809002	1	4294967295
5587.917494292	0.000000000	4.796	-1.853	0.431	-0.417	2.787313	1	4294967295
5588.217180271	0.000000000	4.736	-2.152	0.376	-0.462	2.813978	1	4294967295
5588.517160572	0.000000000	4.630	-2.442	0.313	-0.500	2.923859	1	4294967295
5588.816965054	0.000000000	4.473	-2.709	0.240	-0.528	3.026113	1	4294967295
5589.139681500	0.000000000	4.266	-2.920	0.162	-0.539	2.940523	1	4294967295
5589.435939118	0.000000000	4.171	-3.082	0.124	-0.538	2.027435	1	4294967295
5589.738327827	0.000000000	3.786	-3.230	0.008	-0.529	3.432673	1	4294967295
5590.037614433	0.000000000	3.395	-3.368	-0.100	-0.517	3.327239	1	4294967295
5590.318167086	0.000000000	3.007	-3.512	-0.200	-0.507	3.340086	1	4294967295
5590.618798263	0.000000000	2.601	-3.594	-0.297	-0.481	3.331693	1	4294967295
5590.919251080	0.000000000	2.211	-3.744	-0.383	-0.473	3.193099	1	4294967295
5591.219845484	0.000000000	1.917	-3.742	-0.437	-0.429	2.781924	1	4294967295
5591.520324727	0.000000000	1.571	-3.713	-0.499	-0.381	2.907766	1	4294967295
5591.820980171	0.000000000	1.221	-3.646	-0.560	-0.325	2.946226	1	4294967295
5592.121430768	0.000000000	0.884	-3.549	-0.612	-0.266	2.870704	1	4294967295
5592.421992299	0.000000000	0.570	-3.420	-0.655	-0.204	2.768303	1	4294967295
5592.722538871	0.000000000	0.267	-3.212	-0.695	-0.125	2.943372	1	4294967295
5593.022920880	0.000000000	-0.010	-3.014	-0.725	-0.054	2.827815	1	4294967295
5593.323422921	0.000000000	-0.239	-2.848	-0.738	0.001	2.385824	1	4294967295
5593.628985397	0.000000000	-0.435	-2.571	-0.741	0.079	2.665866	1	4294967295
5593.924280427	0.000000000	-0.585	-2.298	-0.730	0.150	2.531744	1	4294967295
5594.225069053	0.000000000	-0.722	-2.021	-0.715	0.217	2.465532	1	4294967295
5594.525249612	0.000000000	-0.876	-1.774	-0.702	0.268	2.097991	1	4294967295
5594.825339920	0.000000000	-1.001	-1.520	-0.683	0.317	2.181847	1	4294967295
5595.126705269	0.000000000	-0.993	-1.120	-0.625	0.394	3.321911	1	4294967295
5595.425805911	0.000000000	-0.915	-0.768	-0.554	0.452	3.227286	1	4294967295
5595.725900113	0.000000000	-0.934	-0.544	-0.517	0.479	1.956691	1	4294967295
5596.025952830	0.000000000	-0.798	-0.264	-0.444	0.518	2.569354	1	4294967295
5596.325990398	0.000000000	-0.699	-0.050	-0.384	0.534	2.282458	1	4294967295
5596.625973137	0.000000000	-0.533	0.172	-0.311	0.549	2.430799	1	4294967295
5596.925687230	0.000000000	-0.329	0.376	-0.235	0.558	2.547024	1	4294967295
5597.225509528	0.000000000	-0.104	0.578	-0.159	0.566	2.542248	1	4294967295
5597.525296967	0.000000000	0.217	0.760	-0.064	0.567	2.769494	1	4294967295
5597.825108547	0.000000000	0.570	0.963	0.032	0.574	2.797490	1	4294967295
5598.124690286	0.000000000	0.910	1.125	0.117	0.571	2.703771	1	4294967295
5598.424496016	0.000000000	1.339	1.156	0.220	0.534	3.186741	1	4294967295
5598.724177765	0.000000000	1.646	1.245	0.283	0.516	2.363252	1	4294967295
5599.023826862	0.000000000	1.950	1.295	0.341	0.490	2.282497	1	4294967295
5599.323419670	0.000000000	2.315	1.247	0.411	0.441	2.519303	1	4294967295
5599.623010508	0.000000000	2.610	1.227	0.456	0.404	2.199161	1	4294967295
5599.922601614	0.000000000	2.995	1.108	0.523	0.345	2.457641	1	4294967295
5600.221791626	0.000000000	3.303	1.015	0.562	0.297	2.228414	1	4294967295
5600.521372226	0.000000000	3.571	0.905	0.587	0.248	2.133043	1	4294967295
5600.820785737	0.000000000	3.885	0.714	0.624	0.183	2.352391	1	4294967295
5601.120265605	0.000000000	4.127	0.455	0.636	0.105	2.491369	1	4294967295
5601.419604555	0.000000000	4.365	0.324	0.647	0.065	2.019187	1	4294967295
5601.719090530	0.000000000	4.556	-0.012	0.645	-0.022	2.574264	1	4294967295
5602.018622718	0.000000000	4.708	-0.380	0.633	-0.111	2.621333	1	4294967295
5602.317909879	0.000000000	4.845	-0.642	0.617	-0.167	2.205386	1	4294967295
5602.617461188	0.000000000	4.964	-0.956	0.600	-0.231	2.354699	1	4294967295
5602.916915456	0.000000000	4.996	-1.312	0.559	-0.300	2.802186	1	4294967295
5603.216720869	0.000000000	4.969	-1.651	0.505	-0.360	2.695202	1	4294967295
5603.516177959	0.000000000	4.889	-1.971	0.441	-0.411	2.797578	1	4294967295
5603.816117499	0.000000000	4.790	-2.286	0.378	-0.456	2.742041	1	4294967295
5604.115864797	0.000000000	4.663	-2.581	0.312	-0.492	2.815661	1	4294967295
5604.415958326	0.000000000	4.543	-2.852	0.253	-0.520	2.693533	1	4294967295
5604.715969352	0.000000000	4.310	-3.078	0.167	-0.532	2.956775	1	4294967295
5605.015936278	0.000000000	4.099	-3.351	0.095	-0.556	2.989819	1	4294967295
5605.316303732	0.000000000	3.709	-3.561	-0.020	-0.559	3.404079	1	4294967295
5605.616558860	0.000000000	3.289	-3.689	-0.134	-0.540	3.437601	1	4294967295
5605.917026994	0.000000000	2.883	-3.801	-0.236	-0.518	3.296189	1	4294967295
5606.217283699	0.000000000	2.495	-3.889	-0.327	-0.492	3.164920	1	4294967295
5606.517900566	0.000000000	2.151	-3.978	-0.399	-0.469	2.854752	1	4294967295
5606.818296292	0.000000000	1.818	-4.053	-0.463	-0.444	2.775676	1	4294967295
5607.118861221	0.000000000	1.463	-4.073	-0.528	-0.406	2.830483	1	4294967295
5607.419317200	0.000000000	1.178	-4.120	-0.569	-0.381	2.360114	1	4294967295
5607.719808863	0.000000000	0.886	-4.059	-0.610	-0.327	2.665402	1	4294967295
5608.020391931	0.000000000	0.601	-4.036	-0.644	-0.290	2.365753	1	4294967295
5608.320848607	0.000000000	0.273	-3.765	-0.692	-0.188	3.082152	1	4294967295
5608.621406791	0.000000000	0.028	-3.551	-0.711	-0.111	2.606354	1	4294967295
5608.921855876	0.000000000	-0.231	-3.308	-0.731	-0.032	2.611774	1	4294967295
5609.222461984	0.000000000	-0.468	-3.058	-0.743	0.042	2.536469	1	4294967295
5609.522778128	0.000000000	-0.660	-2.817	-0.740	0.107	2.340535	1	4294967295
5609.823279908	0.000000000	-0.824	-2.560	-0.729	0.172	2.317094	1	4294967295
5610.123628064	0.000000000	-0.959	-2.300	-0.711	0.233	2.334810	1	4294967295
5610.424203280	0.000000000	-1.064	-2.038	-0.684	0.288	2.246056	1	4294967295
5610.724138715	0.000000000	-1.202	-1.827	-0.668	0.326	1.840186	1	4294967295
5611.024147448	0.000000000	-1.305	-1.616	-0.644	0.360	1.863418	1	4294967295
5611.324094417	0.000000000	-1.233	-1.285	-0.570	0.415	3.174489	1	4294967295
5611.623937854	0.000000000	-1.299	-1.098	-0.543	0.436	1.632036	1	4294967295
5611.923711486	0.000000000	-1.249	-0.913	-0.489	0.454	1.912593	1	4294967295
5612.223327839	0.000000000	-1.097	-0.725	-0.410	0.466	2.098116	1	4294967295
5612.522940367	0.000000000	-0.975	-0.602	-0.346	0.461	2.020056	1	4294967295
5612.822407707	0.000000000	-0.880	-0.480	-0.294	0.458	1.960769	1	4294967295
5613.129257027	0.000000000	-0.741	-0.296	-0.234	0.464	1.866560	1	4294967295
5613.429940024	0.000000000	-0.644	-0.156	-0.189	0.462	1.769976	1	4294967295
5613.730719124	0.000000000	-0.487	-0.113	-0.134	0.435	2.246703	1	4294967295
5614.031400536	0.000000000	-0.212	-0.167	-0.052	0.385	2.704437	1	4294967295
5614.330416651	0.000000000	-0.038	-0.185	-0.003	0.351	2.190924	1	4294967295
5614.618860003	0.000000000	0.251	-0.314	0.071	0.297	2.822269	1	4294967295
5614.918688763	0.000000000	0.525	-0.442	0.135	0.247	2.592130	1	4294967295
5615.218605991	0.000000000	0.776	-0.562	0.188	0.203	2.307208	1	4294967295
5615.531701765	0.000000000	0.878	-0.529	0.199	0.197	0.946224	1	4294967295
-1.000000000	0.000000000	0.000	0.000	0.000	0.000	0.000000	0	0
-1.000000000	0.000000000	0.000	0.000	0.000	0.000	0.000000	0	0
-1.000000000	0.000000000	0.000	0.000	0.000	0.000	0.000000	0	0
-1.000000000	0.000000000	0.000	0.000	0.000	0.000	0.000000	0	0
5617.019160075	0.000000000	0.974	-0.560	0.208	0.176	1.010640	1	4294967295
-1.000000000	0.000000000	0.000	0.000	0.000	0.000	0.000000	0	0
5617.619370949	0.000000000	1.252	-0.723	0.261	0.127	1.692032	1	4294967295
5617.919400111	0.000000000	1.455	-0.869	0.290	0.085	1.399169	1	4294967295
5618.219395724	0.000000000	1.630	-0.967	0.311	0.058	1.142872	1	4294967295
5618.519346099	0.000000000	1.854	-1.176	0.343	0.005	3.136673	1	4294967295
5618.819358694	0.000000000	2.029	-1.367	0.360	-0.040	2.968142	1	4294967295
5619.119363610	0.000000000	2.167	-1.525	0.366	-0.075	2.839220	1	4294967295
5619.419418051	0.000000000	2.278	-1.662	0.364	-0.102	2.763797	1	4294967295
5619.719471097	0.000000000	2.360	-1.765	0.355	-0.120	2.731138	1	4294967295
5620.019444220	0.000000000	2.458	-1.856	0.352	-0.133	2.646680	1	4294967295
5620.319573689	0.000000000	2.506	-1.907	0.335	-0.136	2.775190	1	4294967295
5620.619659889	0.000000000	2.528	-1.950	0.312	-0.136	2.810997	1	4294967295
5620.919790605	0.000000000	2.507	-2.010	0.279	-0.141	2.834884	1	4294967295
5621.219667758	0.000000000	2.554	-2.057	0.268	-0.141	2.664195	1	4294967295
5621.519597819	0.000000000	2.551	-2.048	0.243	-0.127	2.891956	1	4294967295
5621.819508968	0.000000000	2.511	-2.050	0.210	-0.116	2.961633	1	4294967295
5622.119464252	0.000000000	2.478	-2.053	0.181	-0.106	2.923910	1	4294967295
5622.419455927	0.000000000	2.486	-2.090	0.168	-0.107	2.686390	1	4294967295
5622.719403461	0.000000000	2.418	-2.060	0.132	-0.088	1.616041	1	4294967295
5623.019408228	0.000000000	2.376	-1.999	0.107	-0.062	1.424183	1	4294967295
5623.319336269	0.000000000	2.332	-2.033	0.085	-0.065	2.754106	1	4294967295
5623.619359439	0.000000000	2.314	-2.051	0.072	-0.064	2.702645	1	4294967295
5623.919360299	0.000000000	2.271	-2.077	0.053	-0.065	2.740071	1	4294967295
5624.219344884	0.000000000	2.248	-2.121	0.043	-0.070	2.650237	1	4294967295
5624.519322713	0.000000000	2.274	-2.122	0.044	-0.064	2.648852	1	4294967295
5624.819290395	0.000000000	2.269	-2.124	0.037	-0.058	2.705095	1	4294967295
5625.119229233	0.000000000	2.253	-2.133	0.028	-0.055	2.684099	1	4294967295
5625.419195115	0.000000000	2.232	-2.116	0.018	-0.045	2.753655	1	4294967295
5625.719186652	0.000000000	2.232	-2.114	0.014	-0.039	2.712414	1	4294967295
5626.019208071	0.000000000	2.209	-2.097	0.005	-0.030	2.767236	1	4294967295
5626.319152212	0.000000000	2.187	-2.082	-0.004	-0.023	2.761718	1	4294967295
5626.619134246	0.000000000	2.142	-2.015	-0.019	-0.001	1.255373	1	4294967295
5626.919086616	0.000000000	2.084	-1.939	-0.037	0.022	1.141630	1	4294967295
5627.219030059	0.000000000	2.042	-1.875	-0.049	0.039	0.921946	1	4294967295
5627.519011277	0.000000000	1.991	-1.820	-0.062	0.053	0.825229	1	4294967295
5627.818971521	0.000000000	1.946	-1.772	-0.071	0.063	0.710903	1	4294967295
5628.119048565	0.000000000	1.904	-1.725	-0.079	0.072	0.646816	1	4294967295
5628.419114659	0.000000000	1.875	-1.676	-0.083	0.081	0.549357	1	4294967295
5628.719005390	0.000000000	1.860	-1.635	-0.082	0.086	0.487511	1	4294967295
5629.019224114	0.000000000	1.845	-1.593	-0.080	0.092	0.490212	1	4294967295
5629.319305144	0.000000000	1.833	-1.543	-0.078	0.099	0.503972	1	4294967295
5629.619334058	0.000000000	1.831	-1.496	-0.074	0.104	0.464867	1	4294967295
5629.919296166	0.000000000	1.900	-1.546	-0.047	0.081	2.914025	1	4294967295
5630.219406879	0.000000000	1.962	-1.598	-0.025	0.060	2.857287	1	4294967295
5630.519326306	0.000000000	2.021	-1.653	-0.007	0.040	2.831866	1	4294967295
5630.819295998	0.000000000	2.075	-1.708	0.009	0.022	2.781874	1	4294967295
5631.119265608	0.000000000	2.122	-1.742	0.021	0.011	2.762155	1	4294967295
5631.419167438	0.000000000	2.166	-1.772	0.031	0.003	2.765700	1	4294967295
5631.719093356	0.000000000	2.223	-1.812	0.044	-0.008	2.697088	1	4294967295
5632.019070519	0.000000000	2.262	-1.859	0.051	-0.020	2.665519	1	4294967295
5632.318999872	0.000000000	2.283	-1.878	0.051	-0.023	2.717643	1	4294967295
5632.618993419	0.000000000	2.299	-1.892	0.051	-0.024	2.723995	1	4294967295
5632.919001150	0.000000000	2.326	-1.895	0.053	-0.023	2.710875	1	4294967295
5633.218895411	0.000000000	2.362	-1.925	0.058	-0.029	2.638682	1	4294967295
5633.518918149	0.000000000	2.370	-1.951	0.055	-0.033	2.636315	1	4294967295
5633.818928982	0.000000000	2.354	-1.984	0.046	-0.039	2.663473	1	4294967295
5634.118901745	0.000000000	2.331	-2.017	0.035	-0.045	2.671071	1	4294967295
5634.418888820	0.000000000	2.301	-2.049	0.024	-0.049	2.669119	1	4294967295
