timeref	est_sendtime	pos_x	pos_y	vel_x	vel_y	sigma	valid	senderGuid
6491.458754867	0.000000000	2.115	-1.492	0.001	-0.000	3.620460	1	4294967295
6491.758730198	0.000000000	2.115	-1.492	0.001	-0.000	3.611693	1	4294967295
6492.058691778	0.000000000	2.115	-1.493	0.000	-0.000	3.598091	1	4294967295
6492.358692098	0.000000000	2.115	-1.493	-0.001	-0.000	3.571347	1	4294967295
6492.658729872	0.000000000	2.115	-1.493	-0.000	-0.001	3.360368	1	4294967295
6492.958818426	0.000000000	2.114	-1.494	-0.001	-0.001	3.428395	1	4294967295
6493.258766006	0.000000000	2.111	-1.495	-0.004	-0.002	3.428140	1	4294967295
6493.558728521	0.000000000	2.106	-1.498	-0.006	-0.004	3.420419	1	4294967295
6493.858738330	0.000000000	2.103	-1.503	-0.007	-0.006	3.371455	1	4294967295
6494.173198495	0.000000000	2.090	-1.496	-0.013	-0.001	3.217685	1	4294967295
6494.473583990	0.000000000	2.064	-1.485	-0.025	0.005	3.267706	1	4294967295
6494.773457425	0.000000000	2.031	-1.470	-0.038	0.011	3.221671	1	4294967295
6495.073666311	0.000000000	1.998	-1.461	-0.048	0.015	3.216663	1	4294967295
6495.373514337	0.000000000	1.922	-1.430	-0.074	0.026	1.932394	1	4294967295
6495.658543958	0.000000000	1.898	-1.474	-0.075	0.006	3.243317	1	4294967295
6495.958502089	0.000000000	1.882	-1.528	-0.073	-0.013	3.197127	1	4294967295
6496.258480684	0.000000000	1.881	-1.554	-0.067	-0.020	3.277836	1	4294967295
6496.558430277	0.000000000	1.917	-1.584	-0.049	-0.028	2.973060	1	4294967295
6496.872865204	0.000000000	1.924	-1.595	-0.043	-0.028	2.819391	1	4294967295
6497.158375308	0.000000000	1.954	-1.599	-0.031	-0.026	3.126259	1	4294967295
6497.458435538	0.000000000	1.986	-1.601	-0.020	-0.024	3.084566	1	4294967295
6497.758413513	0.000000000	2.004	-1.646	-0.015	-0.034	2.954385	1	4294967295
6498.058371839	0.000000000	2.040	-1.646	-0.005	-0.030	3.055679	1	4294967295
6498.358339234	0.000000000	2.054	-1.686	-0.002	-0.038	2.941679	1	4294967295
6498.658289767	0.000000000	2.088	-1.687	0.005	-0.034	3.037970	1	4294967295
6498.958249542	0.000000000	2.120	-1.691	0.011	-0.031	3.000854	1	4294967295
6499.258227622	0.000000000	2.131	-1.724	0.010	-0.035	3.053146	1	4294967295
6499.558193868	0.000000000	2.165	-1.758	0.016	-0.039	2.975241	1	4294967295
6499.858237833	0.000000000	2.179	-1.785	0.015	-0.041	3.051235	1	4294967295
6500.158246179	0.000000000	2.193	-1.807	0.015	-0.042	3.013531	1	4294967295
6500.458212139	0.000000000	2.206	-1.828	0.014	-0.042	3.002068	1	4294967295
6500.758168451	0.000000000	2.207	-1.877	0.011	-0.050	2.883735	1	4294967295
6501.058166708	0.000000000	2.223	-1.888	0.011	-0.047	2.970724	1	4294967295
6501.358108716	0.000000000	2.244	-1.901	0.013	-0.045	2.922351	1	4294967295
6501.658053715	0.000000000	2.263	-1.911	0.014	-0.041	2.911274	1	4294967295
6501.957996002	0.000000000	2.282	-1.919	0.015	-0.038	2.889330	1	4294967295
6502.257975034	0.000000000	2.311	-1.955	0.019	-0.043	2.772408	1	4294967295
6502.558023354	0.000000000	2.310	-1.987	0.015	-0.047	2.772636	1	4294967295
6502.857993082	0.000000000	2.330	-1.983	0.016	-0.040	2.847548	1	4294967295
6503.158013063	0.000000000	2.322	-2.007	0.010	-0.042	2.699263	1	4294967295
6503.457967183	0.000000000	2.271	-1.964	-0.009	-0.024	1.300557	1	4294967295
6503.757922512	0.000000000	2.230	-1.932	-0.021	-0.012	0.946491	1	4294967295
6504.057795192	0.000000000	2.213	-1.907	-0.028	-0.003	1.108839	1	4294967295
6504.357822217	0.000000000	2.243	-1.941	-0.019	-0.011	2.712437	1	4294967295
6504.657718216	0.000000000	2.279	-1.997	-0.008	-0.025	2.638347	1	4294967295
6504.957713778	0.000000000	2.291	-2.034	-0.005	-0.032	2.734829	1	4294967295
6505.257624899	0.000000000	2.326	-2.090	0.004	-0.044	2.619869	1	4294967295
6505.557637028	0.000000000	2.381	-2.129	0.016	-0.050	2.644935	1	4294967295
6505.857658752	0.000000000	2.441	-2.154	0.030	-0.053	2.590302	1	4294967295
6506.157654859	0.000000000	2.498	-2.174	0.041	-0.053	2.579696	1	4294967295
6506.457614151	0.000000000	2.556	-2.194	0.052	-0.054	2.544220	1	4294967295
6506.757672574	0.000000000	2.624	-2.243	0.064	-0.062	2.462088	1	4294967295
6507.057636700	0.000000000	2.654	-2.275	0.065	-0.065	2.585533	1	4294967295
6507.357530919	0.000000000	2.701	-2.321	0.071	-0.070	2.463009	1	4294967295
6507.657473847	0.000000000	2.704	-2.343	0.063	-0.069	2.588372	1	4294967295
6507.957348190	0.000000000	2.752	-2.383	0.069	-0.074	2.452129	1	4294967295
6508.257190837	0.000000000	2.803	-2.423	0.075	-0.077	2.462635	1	4294967295
6508.557061234	0.000000000	2.791	-2.357	0.063	-0.053	1.297216	1	4294967295
6508.856863310	0.000000000	2.779	-2.326	0.053	-0.039	1.143839	1	4294967295
6509.156726195	0.000000000	2.817	-2.366	0.057	-0.046	2.468209	1	4294967295
6509.456632761	0.000000000	2.773	-2.313	0.039	-0.028	1.087574	1	4294967295
6509.756471371	0.000000000	2.766	-2.265	0.033	-0.013	0.795942	1	4294967295
6510.056373781	0.000000000	2.923	-2.638	0.070	-0.106	7.011818	1	4294967295
6510.356261894	0.000000000	2.885	-2.590	0.053	-0.085	1.138254	1	4294967295
6510.656101608	0.000000000	2.854	-2.582	0.040	-0.076	0.796721	1	4294967295
6510.955991576	0.000000000	2.985	-2.978	0.071	-0.170	6.539556	1	4294967295
6511.255822349	0.000000000	2.951	-2.959	0.056	-0.152	1.050713	1	4294967295
6511.555663797	0.000000000	2.918	-2.939	0.042	-0.135	0.985718	1	4294967295
6511.855520488	0.000000000	2.894	-2.920	0.032	-0.120	0.835206	1	4294967295
6512.455403361	0.000000000	3.162	-3.198	0.093	-0.169	5.519061	1	4294967295
6512.755273120	0.000000000	3.410	-3.377	0.147	-0.201	5.296328	1	4294967295
6513.055098578	0.000000000	3.653	-3.512	0.196	-0.220	5.106754	1	4294967295
6513.354942637	0.000000000	3.768	-3.629	0.208	-0.232	5.149724	1	4294967295
6513.675207083	0.000000000	3.986	-3.999	0.248	-0.307	6.859059	1	4294967295
6513.972816009	0.000000000	3.986	-3.926	0.226	-0.263	2.111803	1	4294967295
6514.575564152	0.000000000	4.554	-4.237	0.330	-0.308	6.174735	1	4294967295
6514.875614087	0.000000000	4.728	-4.230	0.345	-0.283	4.392140	1	4294967295
6515.154134801	0.000000000	4.963	-4.433	0.377	-0.313	5.594818	1	4294967295
6515.454061194	0.000000000	5.036	-4.522	0.365	-0.310	4.000205	1	4294967295
-1.000000000	0.000000000	0.000	0.000	0.000	0.000	0.000000	0	0
-1.000000000	0.000000000	0.000	0.000	0.000	0.000	0.000000	0	0
-1.000000000	0.000000000	0.000	0.000	0.000	0.000	0.000000	0	0
-1.000000000	0.000000000	0.000	0.000	0.000	0.000	0.000000	0	0
6516.973520666	0.000000000	4.910	-4.593	0.304	-0.295	3.840603	1	4294967295
6517.253413650	0.000000000	4.853	-4.522	0.262	-0.247	2.481727	1	4294967295
6517.553263579	0.000000000	4.645	-4.433	0.187	-0.196	2.653809	1	4294967295
6517.853193567	0.000000000	4.463	-4.356	0.125	-0.154	2.253034	1	4294967295
6518.153117553	0.000000000	4.424	-4.285	0.102	-0.121	1.501456	1	4294967295
6518.453043263	0.000000000	4.257	-4.239	0.052	-0.094	1.661902	1	4294967295
6518.753021610	0.000000000	3.951	-4.303	-0.025	-0.092	1.657083	1	4294967295
6519.052963984	0.000000000	3.772	-4.311	-0.068	-0.081	1.281398	1	4294967295
6519.353007803	0.000000000	3.627	-4.322	-0.100	-0.073	1.044654	1	4294967295
6519.652967453	0.000000000	3.515	-4.369	-0.121	-0.076	0.810778	1	4294967295
6519.952955813	0.000000000	3.375	-4.375	-0.147	-0.069	0.872211	1	4294967295
6520.252996221	0.000000000	3.277	-4.383	-0.163	-0.063	0.734638	1	4294967295
6520.552998861	0.000000000	3.166	-4.383	-0.181	-0.056	0.731214	1	4294967295
6520.853012824	0.000000000	3.062	-4.357	-0.195	-0.043	0.636479	1	4294967295
6521.153056256	0.000000000	2.975	-4.339	-0.205	-0.034	0.572964	1	4294967295
6521.453059408	0.000000000	2.961	-4.284	-0.195	-0.019	1.336433	1	4294967295
6521.753100426	0.000000000	2.956	-4.235	-0.183	-0.007	1.194770	1	4294967295
6522.053187733	0.000000000	2.942	-4.188	-0.173	0.004	1.133413	1	4294967295
6522.353236971	0.000000000	2.856	-4.176	-0.183	0.008	0.564272	1	4294967295
6522.953339977	0.000000000	2.624	-4.174	-0.215	0.013	0.910472	1	4294967295
6523.253452593	0.000000000	2.468	-4.174	-0.240	0.016	0.772853	1	4294967295
6523.553540577	0.000000000	2.325	-4.190	-0.260	0.015	0.706788	1	4294967295
6523.870650153	0.000000000	2.183	-4.193	-0.278	0.016	0.548685	1	4294967295
6524.173878411	0.000000000	2.052	-4.177	-0.292	0.021	0.432717	1	4294967295
6524.474244786	0.000000000	1.941	-4.160	-0.299	0.025	0.378877	1	4294967295
6524.773446500	0.000000000	1.808	-4.139	-0.311	0.031	0.417940	1	4294967295
6525.054024877	0.000000000	1.697	-4.134	-0.318	0.033	0.454924	1	4294967295
6525.354119402	0.000000000	1.599	-4.133	-0.321	0.033	0.413633	1	4294967295
6525.654180063	0.000000000	1.500	-4.122	-0.323	0.036	0.417811	1	4294967295
6525.954299766	0.000000000	1.391	-4.120	-0.329	0.037	0.580031	1	4294967295
6526.254355748	0.000000000	1.298	-4.110	-0.330	0.040	0.395834	1	4294967295
6526.554546666	0.000000000	1.191	-4.104	-0.335	0.042	0.550643	1	4294967295
6526.854719987	0.000000000	1.087	-4.100	-0.338	0.042	0.430260	1	4294967295
6527.154814960	0.000000000	0.991	-4.091	-0.338	0.044	0.416924	1	4294967295
6527.455102887	0.000000000	0.889	-4.076	-0.340	0.047	0.385077	1	4294967295
6527.755121942	0.000000000	0.798	-4.057	-0.339	0.051	0.423651	1	4294967295
6528.055344448	0.000000000	0.703	-4.035	-0.339	0.055	0.395277	1	4294967295
6528.355435461	0.000000000	0.619	-4.019	-0.335	0.058	0.422008	1	4294967295
6528.670493401	0.000000000	0.531	-3.986	-0.333	0.063	0.384190	1	4294967295
6528.955611711	0.000000000	0.475	-3.961	-0.323	0.066	0.562512	1	4294967295
6529.255799378	0.000000000	0.412	-3.927	-0.315	0.072	0.437799	1	4294967295
6529.569823782	0.000000000	0.333	-3.892	-0.311	0.077	0.411548	1	4294967295
6529.869581391	0.000000000	0.254	-3.854	-0.308	0.082	0.430199	1	4294967295
6530.169346260	0.000000000	0.181	-3.808	-0.304	0.089	0.479504	1	4294967295
6530.469124560	0.000000000	0.116	-3.764	-0.298	0.095	0.485773	1	4294967295
6530.756340023	0.000000000	0.080	-3.733	-0.285	0.098	0.570333	1	4294967295
6531.056261160	0.000000000	0.055	-3.681	-0.270	0.106	0.665192	1	4294967295
6531.365949279	0.000000000	0.033	-3.610	-0.256	0.117	0.719397	1	4294967295
6531.656143627	0.000000000	0.035	-3.544	-0.237	0.128	0.755734	1	4294967295
6531.956119918	0.000000000	0.066	-3.479	-0.213	0.137	0.849672	1	4294967295
6532.256098596	0.000000000	0.085	-3.411	-0.192	0.146	0.782668	1	4294967295
6532.556216600	0.000000000	0.119	-3.335	-0.170	0.156	0.861458	1	4294967295
6532.856100492	0.000000000	0.146	-3.262	-0.150	0.164	0.783405	1	4294967295
6533.156048909	0.000000000	0.190	-3.182	-0.127	0.173	0.831716	1	4294967295
6533.456000937	0.000000000	0.251	-3.101	-0.102	0.181	0.910880	1	4294967295
6533.756045184	0.000000000	0.316	-3.012	-0.077	0.191	0.929869	1	4294967295
6534.055913900	0.000000000	0.366	-2.915	-0.058	0.203	0.826759	1	4294967295
6534.355785618	0.000000000	0.440	-2.831	-0.033	0.210	0.863645	1	4294967295
6534.655568722	0.000000000	0.508	-2.753	-0.013	0.215	0.832476	1	4294967295
6534.955534286	0.000000000	0.606	-2.685	0.015	0.217	0.889986	1	4294967295
6535.255561442	0.000000000	0.697	-2.603	0.038	0.222	0.830725	1	4294967295
6535.555482951	0.000000000	0.791	-2.521	0.061	0.227	0.792746	1	4294967295
6535.855490016	0.000000000	0.886	-2.441	0.082	0.231	0.743384	1	4294967295
6536.155373905	0.000000000	0.986	-2.365	0.102	0.234	0.726621	1	4294967295
6536.455371566	0.000000000	1.096	-2.306	0.124	0.231	0.747307	1	4294967295
6536.755365155	0.000000000	1.195	-2.226	0.141	0.235	0.637112	1	4294967295
-1.000000000	0.000000000	0.000	0.000	0.000	0.000	0.000000	0	0
6537.355391816	0.000000000	1.337	-2.077	0.156	0.238	0.566306	1	4294967295
6537.655622200	0.000000000	1.461	-2.012	0.177	0.237	0.624150	1	4294967295
6537.955633439	0.000000000	1.632	-2.037	0.211	0.209	2.891573	1	4294967295
6538.255653281	0.000000000	1.728	-1.948	0.220	0.217	0.468532	1	4294967295
6538.555440455	0.000000000	1.891	-1.965	0.248	0.193	2.785650	1	4294967295
6538.855440269	0.000000000	2.038	-1.963	0.269	0.177	2.782708	1	4294967295
6539.155528566	0.000000000	2.183	-1.964	0.288	0.162	2.694455	1	4294967295
6539.455810405	0.000000000	2.325	-1.950	0.304	0.152	2.673650	1	4294967295
6539.755604318	0.000000000	2.438	-1.910	0.310	0.151	2.716001	1	4294967295
6540.055731678	0.000000000	2.551	-1.873	0.315	0.149	2.682385	1	4294967295
6540.355865072	0.000000000	2.661	-1.826	0.319	0.150	2.670238	1	4294967295
6540.655941909	0.000000000	2.749	-1.813	0.317	0.141	2.507093	1	4294967295
6540.956174879	0.000000000	2.794	-1.771	0.304	0.140	2.605748	1	4294967295
6541.256214355	0.000000000	2.840	-1.738	0.292	0.137	2.551707	1	4294967295
6541.556322201	0.000000000	2.946	-1.517	0.296	0.186	2.632654	1	4294967295
6541.856348034	0.000000000	3.036	-1.303	0.295	0.229	2.497849	1	4294967295
6542.156664798	0.000000000	3.108	-1.066	0.289	0.274	2.433628	1	4294967295
6542.456713306	0.000000000	3.183	-0.860	0.283	0.307	2.306733	1	4294967295
6542.756865263	0.000000000	3.325	-0.733	0.300	0.316	3.399740	1	4294967295
6543.056912328	0.000000000	3.447	-0.613	0.309	0.322	3.318937	1	4294967295
6543.356981613	0.000000000	3.546	-0.484	0.310	0.331	3.289063	1	4294967295
6543.657265268	0.000000000	3.626	-0.344	0.306	0.341	3.303965	1	4294967295
6543.957471265	0.000000000	3.705	-0.213	0.302	0.349	3.262328	1	4294967295
6544.257614239	0.000000000	3.840	-0.095	0.314	0.353	3.060109	1	4294967295
6544.557625911	0.000000000	3.964	0.004	0.321	0.351	3.072901	1	4294967295
6544.857853282	0.000000000	4.019	0.034	0.308	0.332	2.783923	1	4294967295
6545.158040222	0.000000000	3.953	0.136	0.261	0.333	1.650761	1	4294967295
6545.458215548	0.000000000	3.885	0.195	0.216	0.323	1.528389	1	4294967295
6545.758401050	0.000000000	3.871	0.250	0.192	0.313	1.164936	1	4294967295
6546.058570869	0.000000000	3.953	0.266	0.196	0.293	2.690406	1	4294967295
6546.358684720	0.000000000	3.931	0.328	0.171	0.286	1.109365	1	4294967295
6546.658823232	0.000000000	3.919	0.385	0.151	0.279	0.997252	1	4294967295
6546.959057234	0.000000000	3.862	0.458	0.120	0.276	1.049146	1	4294967295
6547.258931330	0.000000000	3.832	0.532	0.099	0.274	0.962068	1	4294967295
6547.558996482	0.000000000	3.763	0.603	0.069	0.271	1.012543	1	4294967295
6547.859099272	0.000000000	3.704	0.676	0.045	0.269	0.941114	1	4294967295
6548.159083951	0.000000000	3.629	0.741	0.018	0.264	1.006165	1	4294967295
6548.459121683	0.000000000	3.590	0.794	0.003	0.257	0.817165	1	4294967295
6548.759035363	0.000000000	3.533	0.842	-0.016	0.249	0.897599	1	4294967295
6549.059041191	0.000000000	3.482	0.877	-0.032	0.239	0.904287	1	4294967295
6549.358971885	0.000000000	3.382	0.896	-0.060	0.225	1.071628	1	4294967295
6549.659035688	0.000000000	3.284	0.911	-0.086	0.210	1.023590	1	4294967295
6549.959108347	0.000000000	3.192	0.925	-0.107	0.197	0.932275	1	4294967295
6550.259677767	0.000000000	3.083	0.945	-0.131	0.187	0.926267	1	4294967295
6550.570067305	0.000000000	2.981	0.966	-0.150	0.177	0.843630	1	4294967295
6550.859260369	0.000000000	2.880	0.961	-0.168	0.162	0.884836	1	4294967295
6551.159298716	0.000000000	2.795	0.960	-0.181	0.148	0.768174	1	4294967295
6551.459320099	0.000000000	2.690	0.962	-0.198	0.137	0.786697	1	4294967295
6551.759356797	0.000000000	2.594	0.958	-0.211	0.125	0.734524	1	4294967295
6552.059363105	0.000000000	2.489	0.946	-0.225	0.111	0.767962	1	4294967295
6552.359447136	0.000000000	2.399	0.936	-0.234	0.100	0.650076	1	4294967295
6552.659598795	0.000000000	2.305	0.931	-0.243	0.090	0.594300	1	4294967295
6552.959567391	0.000000000	2.219	0.939	-0.249	0.085	0.552714	1	4294967295
6553.260194878	0.000000000	2.114	0.940	-0.259	0.078	0.546166	1	4294967295
6553.566899737	0.000000000	1.996	0.935	-0.272	0.071	0.560403	1	4294967295
6553.866755569	0.000000000	1.882	0.939	-0.282	0.066	0.463196	1	4294967295
6554.166511160	0.000000000	1.776	0.941	-0.289	0.062	0.457484	1	4294967295
6554.466308938	0.000000000	1.665	0.945	-0.297	0.058	0.460816	1	4294967295
6554.766059475	0.000000000	1.563	0.945	-0.303	0.053	0.448095	1	4294967295
6555.066143120	0.000000000	1.468	0.945	-0.305	0.049	0.370152	1	4294967295
6555.360526561	0.000000000	1.370	0.935	-0.308	0.043	0.372757	1	4294967295
6555.660491590	0.000000000	1.284	0.915	-0.309	0.034	0.402615	1	4294967295
6555.965431684	0.000000000	1.192	0.889	-0.310	0.025	0.459705	1	4294967295
6556.260282642	0.000000000	1.121	0.849	-0.306	0.013	0.501593	1	4294967295
6556.560133327	0.000000000	1.059	0.802	-0.299	-0.000	0.531538	1	4294967295
6556.860024912	0.000000000	1.000	0.756	-0.293	-0.012	0.559382	1	4294967295
6557.159616076	0.000000000	0.958	0.709	-0.281	-0.023	0.584757	1	4294967295
6557.459290095	0.000000000	0.935	0.647	-0.265	-0.037	0.763676	1	4294967295
6557.759128870	0.000000000	0.918	0.580	-0.249	-0.052	0.788717	1	4294967295
6558.058906402	0.000000000	0.921	0.516	-0.228	-0.065	0.827795	1	4294967295
6558.358681688	0.000000000	0.930	0.442	-0.207	-0.079	0.890843	1	4294967295
6558.658354245	0.000000000	0.938	0.375	-0.188	-0.091	0.862289	1	4294967295
6558.958052116	0.000000000	0.976	0.288	-0.162	-0.107	0.996954	1	4294967295
6559.257826650	0.000000000	0.968	0.223	-0.152	-0.116	0.753529	1	4294967295
6559.557546359	0.000000000	1.024	0.114	-0.123	-0.136	1.035085	1	4294967295
6559.857359270	0.000000000	1.081	0.021	-0.097	-0.151	0.971178	1	4294967295
6560.166304273	0.000000000	1.103	-0.042	-0.082	-0.156	0.748792	1	4294967295
6560.456881129	0.000000000	1.160	-0.145	-0.059	-0.171	0.920059	1	4294967295
6560.756654343	0.000000000	1.224	-0.246	-0.036	-0.184	0.870202	1	4294967295
6561.056333751	0.000000000	1.285	-0.356	-0.017	-0.199	0.810074	1	4294967295
6561.356128166	0.000000000	1.348	-0.454	0.001	-0.209	0.767579	1	4294967295
6561.655853892	0.000000000	1.413	-0.567	0.018	-0.222	0.734260	1	4294967295
6561.955641503	0.000000000	1.467	-0.664	0.031	-0.230	0.654946	1	4294967295
6562.255460396	0.000000000	1.523	-0.776	0.042	-0.241	0.620534	1	4294967295
6562.555260102	0.000000000	1.572	-0.878	0.052	-0.249	0.497724	1	4294967295
6562.855032890	0.000000000	1.627	-0.975	0.062	-0.254	0.473555	1	4294967295
6563.154816102	0.000000000	1.700	-1.091	0.076	-0.265	0.537286	1	4294967295
6563.454541154	0.000000000	1.758	-1.192	0.085	-0.270	0.464172	1	4294967295
6563.754414176	0.000000000	1.823	-1.291	0.095	-0.274	0.479886	1	4294967295
6564.054146333	0.000000000	1.890	-1.378	0.105	-0.276	0.430699	1	4294967295
6564.353891445	0.000000000	1.955	-1.477	0.113	-0.280	0.437684	1	4294967295
6564.653640650	0.000000000	2.020	-1.584	0.121	-0.285	0.417790	1	4294967295
6564.953437108	0.000000000	2.143	-1.843	0.146	-0.329	2.842399	1	4294967295
6565.253128581	0.000000000	2.259	-2.082	0.166	-0.364	2.678351	1	4294967295
6565.552925567	0.000000000	2.365	-2.317	0.182	-0.395	2.555325	1	4294967295
6565.852621548	0.000000000	2.450	-2.542	0.191	-0.421	2.406357	1	4294967295
6566.152464938	0.000000000	2.532	-2.693	0.197	-0.427	2.469228	1	4294967295
6566.452375717	0.000000000	2.603	-2.886	0.201	-0.443	2.280280	1	4294967295
6566.752089421	0.000000000	2.647	-3.118	0.198	-0.467	2.109541	1	4294967295
6567.051952178	0.000000000	2.688	-3.355	0.195	-0.490	1.978621	1	4294967295
6567.351740415	0.000000000	2.806	-3.419	0.212	-0.471	3.290102	1	4294967295
6567.651483841	0.000000000	2.937	-3.558	0.233	-0.472	2.852496	1	4294967295
6567.951325236	0.000000000	3.061	-3.692	0.250	-0.471	2.744463	1	4294967295
6568.251142475	0.000000000	3.255	-3.709	0.281	-0.444	2.808750	1	4294967295
6568.551013685	0.000000000	3.197	-3.823	0.242	-0.438	1.358273	1	4294967295
6568.871174200	0.000000000	3.148	-3.925	0.208	-0.429	1.214588	1	4294967295
6569.171528309	0.000000000	3.278	-3.818	0.221	-0.377	2.524272	1	4294967295
6569.471543360	0.000000000	3.379	-3.843	0.229	-0.359	2.873851	1	4294967295
6569.750358180	0.000000000	3.441	-3.795	0.224	-0.325	2.438525	1	4294967295
6570.050186111	0.000000000	3.706	-4.298	0.283	-0.416	7.101898	1	4294967295
6570.350000977	0.000000000	3.767	-4.643	0.281	-0.463	4.773384	1	4294967295
6570.649872881	0.000000000	3.752	-4.822	0.256	-0.469	1.872962	1	4294967295
6570.949806121	0.000000000	3.729	-5.000	0.230	-0.475	1.824113	1	4294967295
6571.249716655	0.000000000	3.696	-5.172	0.203	-0.478	1.777745	1	4294967295
6571.549606860	0.000000000	3.652	-5.342	0.176	-0.481	1.695481	1	4294967295
6571.849595454	0.000000000	3.577	-5.718	0.148	-0.527	2.870706	1	4294967295
6572.149499323	0.000000000	3.562	-5.598	0.122	-0.465	2.271846	1	4294967295
6572.449588411	0.000000000	3.545	-5.591	0.102	-0.431	3.602724	1	4294967295
6572.749585599	0.000000000	3.571	-5.258	0.087	-0.331	2.639221	1	4294967295
6573.073361544	0.000000000	3.617	-5.026	0.082	-0.259	2.344963	1	4294967295
6573.372913405	0.000000000	3.580	-4.930	0.061	-0.218	1.824506	1	4294967295
6573.672713767	0.000000000	3.454	-4.856	0.022	-0.182	1.797172	1	4294967295
6573.972472832	0.000000000	3.275	-4.801	-0.027	-0.150	1.787559	1	4294967295
6574.272289054	0.000000000	3.123	-4.743	-0.065	-0.121	1.586500	1	4294967295
6574.572054582	0.000000000	2.973	-4.643	-0.100	-0.085	1.504804	1	4294967295
6574.849704920	0.000000000	2.835	-4.573	-0.131	-0.058	1.372743	1	4294967295
6575.149793689	0.000000000	2.706	-4.509	-0.157	-0.034	1.257069	1	4294967295
6575.449835029	0.000000000	2.598	-4.468	-0.175	-0.018	1.026922	1	4294967295
6575.768304752	0.000000000	2.516	-4.459	-0.184	-0.013	0.674060	1	4294967295
6576.068010936	0.000000000	2.428	-4.446	-0.193	-0.007	0.675773	1	4294967295
6576.367784095	0.000000000	2.336	-4.426	-0.204	0.000	0.697462	1	4294967295
6576.667519935	0.000000000	2.238	-4.405	-0.214	0.007	0.660892	1	4294967295
6576.967165895	0.000000000	2.059	-4.275	-0.245	0.040	1.027087	1	4294967295
6577.250723451	0.000000000	1.897	-4.184	-0.270	0.062	0.938066	1	4294967295
6577.550880729	0.000000000	1.755	-4.114	-0.288	0.077	0.824457	1	4294967295
6577.850930586	0.000000000	1.629	-4.076	-0.301	0.084	0.764563	1	4294967295
6578.151012554	0.000000000	1.517	-4.024	-0.308	0.093	0.575743	1	4294967295
6578.451067638	0.000000000	1.407	-3.988	-0.315	0.098	0.527423	1	4294967295
6578.751211703	0.000000000	1.292	-3.955	-0.322	0.102	0.521035	1	4294967295
6579.051317623	0.000000000	1.175	-3.924	-0.330	0.105	0.513849	1	4294967295
6579.351538372	0.000000000	1.060	-3.909	-0.336	0.104	0.568336	1	4294967295
6579.651648005	0.000000000	0.947	-3.893	-0.342	0.104	0.557459	1	4294967295
6579.951783675	0.000000000	0.847	-3.869	-0.343	0.105	0.494031	1	4294967295
6580.251650413	0.000000000	0.752	-3.848	-0.343	0.105	0.541032	1	4294967295
6580.551860290	0.000000000	0.657	-3.814	-0.343	0.109	0.543775	1	4294967295
6580.852118743	0.000000000	0.567	-3.784	-0.342	0.111	0.518064	1	4294967295
6581.152234891	0.000000000	0.465	-3.748	-0.344	0.115	0.534298	1	4294967295
6581.452367294	0.000000000	0.396	-3.700	-0.336	0.121	0.530139	1	4294967295
6581.752452938	0.000000000	0.340	-3.661	-0.324	0.122	0.548805	1	4294967295
6582.052635607	0.000000000	0.293	-3.585	-0.312	0.134	0.643873	1	4294967295
6582.352662790	0.000000000	0.253	-3.517	-0.298	0.144	0.683446	1	4294967295
6582.652870148	0.000000000	0.219	-3.459	-0.284	0.149	0.645716	1	4294967295
6582.952620425	0.000000000	0.205	-3.411	-0.266	0.151	0.750788	1	4294967295
6583.252803923	0.000000000	0.179	-3.371	-0.251	0.151	0.636080	1	4294967295
6583.552782109	0.000000000	0.185	-3.312	-0.230	0.155	0.859683	1	4294967295
6583.852347840	0.000000000	0.188	-3.247	-0.211	0.162	0.854956	1	4294967295
6584.152358697	0.000000000	0.195	-3.190	-0.193	0.166	0.776321	1	4294967295
6584.452471828	0.000000000	0.221	-3.125	-0.171	0.171	0.860939	1	4294967295
6584.752187663	0.000000000	0.265	-3.067	-0.145	0.173	0.938996	1	4294967295
6585.052126989	0.000000000	0.326	-3.003	-0.118	0.177	1.013405	1	4294967295
6585.352252429	0.000000000	0.386	-2.939	-0.093	0.180	0.892273	1	4294967295
6585.651914153	0.000000000	0.467	-2.877	-0.065	0.182	0.994007	1	4294967295
6585.951811764	0.000000000	0.556	-2.817	-0.037	0.184	1.033643	1	4294967295
6586.252209186	0.000000000	0.645	-2.742	-0.011	0.189	0.948570	1	4294967295
6586.552105659	0.000000000	0.742	-2.658	0.014	0.196	0.951586	1	4294967295
6586.852011492	0.000000000	0.850	-2.581	0.040	0.201	0.941935	1	4294967295
6587.151919185	0.000000000	1.092	-2.353	0.098	0.234	2.991491	1	4294967295
6587.451646193	0.000000000	1.328	-2.138	0.150	0.263	2.753584	1	4294967295
6587.753600209	0.000000000	1.402	-2.037	0.157	0.269	0.417654	1	4294967295
6588.051979721	0.000000000	1.505	-1.968	0.170	0.267	0.597775	1	4294967295
6588.351697390	0.000000000	2.283	-1.477	0.347	0.343	8.396692	1	4294967295
6588.651679485	0.000000000	2.449	-1.319	0.362	0.355	1.941587	1	4294967295
6588.967135805	0.000000000	2.572	-1.134	0.365	0.372	1.724240	1	4294967295
6589.267369182	0.000000000	2.682	-0.952	0.365	0.388	1.572264	1	4294967295
6589.567580232	0.000000000	2.792	-0.781	0.365	0.399	1.443135	1	4294967295
6589.852028623	0.000000000	2.845	-0.753	0.351	0.379	1.241975	1	4294967295
6590.151885936	0.000000000	2.943	-0.658	0.349	0.376	1.898963	1	4294967295
6590.452100189	0.000000000	3.059	-0.542	0.351	0.378	1.773236	1	4294967295
6590.752164944	0.000000000	3.160	-0.431	0.349	0.379	1.776063	1	4294967295
6591.052262891	0.000000000	3.255	-0.324	0.346	0.379	1.769326	1	4294967295
6591.352404955	0.000000000	3.347	-0.223	0.342	0.378	1.740820	1	4294967295
6591.652477019	0.000000000	3.405	-0.113	0.329	0.379	1.849023	1	4294967295
6591.952677434	0.000000000	3.436	-0.029	0.311	0.374	1.915465	1	4294967295
6592.252726864	0.000000000	3.485	0.034	0.300	0.363	1.891957	1	4294967295
6592.553079039	0.000000000	3.516	0.120	0.284	0.359	1.839050	1	4294967295
6592.853201828	0.000000000	3.547	0.198	0.269	0.353	1.863938	1	4294967295
6593.153401957	0.000000000	3.581	0.282	0.256	0.349	1.813517	1	4294967295
6593.453479411	0.000000000	3.989	0.632	0.338	0.408	7.181653	1	4294967295
6593.753747138	0.000000000	4.354	0.925	0.403	0.449	6.904506	1	4294967295
6594.053730204	0.000000000	4.666	1.170	0.450	0.476	6.743872	1	4294967295
6594.368595121	0.000000000	4.926	1.492	0.483	0.521	6.272512	1	4294967295
6594.661603387	0.000000000	5.166	1.822	0.507	0.566	6.033161	1	4294967295
6594.961635331	0.000000000	5.365	2.132	0.520	0.602	5.870857	1	4294967295
6595.254177856	0.000000000	5.317	2.052	0.462	0.536	3.466190	1	4294967295
6595.554524681	0.000000000	5.503	2.188	0.470	0.530	6.459749	1	4294967295
6595.854659819	0.000000000	5.449	2.099	0.415	0.468	3.413261	1	4294967295
6596.154778130	0.000000000	5.611	2.240	0.419	0.469	6.463874	1	4294967295
6596.455018948	0.000000000	5.543	2.145	0.364	0.409	3.352749	1	4294967295
6596.755333335	0.000000000	5.229	2.085	0.250	0.361	3.832542	1	4294967295
6597.055497582	0.000000000	4.968	2.014	0.158	0.315	3.389839	1	4294967295
6597.355773047	0.000000000	4.728	1.941	0.078	0.272	3.074341	1	4294967295
6597.655817452	0.000000000	4.454	1.773	-0.007	0.209	3.163579	1	4294967295
6597.956147108	0.000000000	4.245	1.635	-0.068	0.159	2.629290	1	4294967295
6598.268344924	0.000000000	3.996	1.615	-0.131	0.142	2.212313	1	4294967295
6598.556896984	0.000000000	3.773	1.535	-0.187	0.111	2.204165	1	4294967295
6598.856591511	0.000000000	3.558	1.454	-0.236	0.083	2.054143	1	4294967295
6599.156550932	0.000000000	3.408	1.366	-0.263	0.054	1.629387	1	4294967295
6599.456835221	0.000000000	3.228	1.317	-0.297	0.038	1.531760	1	4294967295
6599.756801560	0.000000000	3.029	1.253	-0.333	0.019	1.512675	1	4294967295
6600.056886484	0.000000000	2.838	1.192	-0.363	0.002	1.336687	1	4294967295
6600.356598967	0.000000000	2.663	1.140	-0.387	-0.012	1.179809	1	4294967295
6600.656805637	0.000000000	2.492	1.105	-0.407	-0.020	1.051660	1	4294967295
6600.956955107	0.000000000	2.328	1.085	-0.424	-0.024	0.899067	1	4294967295
6601.256922149	0.000000000	2.163	1.056	-0.439	-0.030	0.853393	1	4294967295
6601.556993332	0.000000000	2.002	1.029	-0.452	-0.035	0.806651	1	4294967295
6601.856969458	0.000000000	1.858	1.008	-0.459	-0.039	0.736975	1	4294967295
6602.157173830	0.000000000	1.707	0.990	-0.467	-0.041	0.668751	1	4294967295
6602.457279989	0.000000000	1.553	0.972	-0.475	-0.042	0.649967	1	4294967295
6602.757370961	0.000000000	1.406	0.957	-0.480	-0.043	0.615737	1	4294967295
6603.057444514	0.000000000	1.260	0.931	-0.484	-0.047	0.583521	1	4294967295
6603.357182439	0.000000000	1.126	0.894	-0.484	-0.053	0.611455	1	4294967295
6603.657157359	0.000000000	1.001	0.853	-0.481	-0.060	0.589173	1	4294967295
6603.957094887	0.000000000	0.891	0.796	-0.474	-0.071	0.691050	1	4294967295
6604.256822278	0.000000000	0.792	0.725	-0.464	-0.085	0.748471	1	4294967295
6604.556778031	0.000000000	0.723	0.653	-0.445	-0.097	0.872102	1	4294967295
6604.856290019	0.000000000	0.666	0.583	-0.425	-0.109	0.973491	1	4294967295
6605.155691068	0.000000000	0.651	0.483	-0.394	-0.127	1.219423	1	4294967295
6605.455410740	0.000000000	0.620	0.389	-0.368	-0.142	1.129406	1	4294967295
6605.755144384	0.000000000	0.627	0.325	-0.336	-0.148	1.211481	1	4294967295
6606.054842353	0.000000000	0.672	0.202	-0.294	-0.169	1.415502	1	4294967295
6606.354519278	0.000000000	0.700	0.094	-0.261	-0.185	1.284939	1	4294967295
6606.654203169	0.000000000	0.739	0.013	-0.229	-0.191	1.263795	1	4294967295
6606.963068481	0.000000000	0.746	-0.044	-0.207	-0.191	1.030061	1	4294967295
6607.253510569	0.000000000	0.810	-0.154	-0.172	-0.204	1.322562	1	4294967295
6607.553240130	0.000000000	0.905	-0.287	-0.132	-0.223	1.364989	1	4294967295
6607.852910028	0.000000000	0.993	-0.401	-0.097	-0.235	1.238054	1	4294967295
6608.152595669	0.000000000	1.080	-0.524	-0.065	-0.248	1.200348	1	4294967295
6608.452315078	0.000000000	1.161	-0.643	-0.038	-0.259	1.091639	1	4294967295
6608.751991325	0.000000000	1.252	-0.766	-0.010	-0.270	1.087475	1	4294967295
6609.051755571	0.000000000	1.355	-0.905	0.018	-0.284	1.071714	1	4294967295
6609.351529056	0.000000000	1.450	-1.030	0.041	-0.294	0.955178	1	4294967295
6609.663916833	0.000000000	1.506	-1.131	0.053	-0.297	0.658413	1	4294967295
6609.951151950	0.000000000	1.598	-1.270	0.073	-0.309	0.828499	1	4294967295
6610.250823153	0.000000000	1.702	-1.406	0.094	-0.319	0.847098	1	4294967295
6610.550459986	0.000000000	1.882	-1.680	0.135	-0.360	2.961887	1	4294967295
6610.850270752	0.000000000	2.031	-1.948	0.165	-0.396	2.736028	1	4294967295
6611.150049822	0.000000000	2.151	-2.176	0.184	-0.421	2.596151	1	4294967295
6611.449739778	0.000000000	2.244	-2.444	0.196	-0.454	2.358217	1	4294967295
6611.749508082	0.000000000	2.340	-2.615	0.205	-0.462	2.512911	1	4294967295
6612.049284686	0.000000000	2.429	-2.774	0.212	-0.467	2.455058	1	4294967295
6612.349020468	0.000000000	2.530	-2.990	0.222	-0.485	2.192554	1	4294967295
6612.666791445	0.000000000	2.609	-3.177	0.225	-0.495	2.219060	1	4294967295
6612.966896133	0.000000000	2.689	-3.344	0.228	-0.500	2.170583	1	4294967295
6613.267038046	0.000000000	2.739	-3.330	0.218	-0.460	1.452316	1	4294967295
6613.567277070	0.000000000	2.886	-3.412	0.241	-0.448	2.989937	1	4294967295
6613.867698687	0.000000000	3.020	-3.393	0.257	-0.413	2.415196	1	4294967295
6614.167765002	0.000000000	3.146	-3.362	0.270	-0.378	2.312927	1	4294967295
6614.468042216	0.000000000	3.139	-3.411	0.245	-0.361	1.140465	1	4294967295
6614.768178572	0.000000000	3.252	-3.367	0.256	-0.327	2.190121	1	4294967295
6615.047208476	0.000000000	3.456	-3.470	0.289	-0.330	2.482570	1	4294967295
6615.366782349	0.000000000	3.549	-4.025	0.294	-0.433	4.559872	1	4294967295
-1.000000000	0.000000000	0.000	0.000	0.000	0.000	0.000000	0	0
6615.969283924	0.000000000	3.488	-4.120	0.256	-0.423	1.249130	1	4294967295
6616.269401115	0.000000000	3.402	-4.227	0.213	-0.417	1.246657	1	4294967295
6616.546705934	0.000000000	3.351	-4.333	0.182	-0.411	1.046278	1	4294967295
6616.846605268	0.000000000	3.340	-4.320	0.162	-0.380	1.199026	1	4294967295
6617.146538294	0.000000000	3.463	-4.462	0.177	-0.384	3.276155	1	4294967295
6617.446516625	0.000000000	3.519	-4.538	0.172	-0.374	3.251429	1	4294967295
6617.746503917	0.000000000	3.581	-4.542	0.170	-0.349	3.181976	1	4294967295
6618.046469744	0.000000000	3.549	-4.461	0.144	-0.306	1.655257	1	4294967295
6618.346238594	0.000000000	3.490	-4.453	0.112	-0.280	1.573733	1	4294967295
6618.646399683	0.000000000	3.387	-4.450	0.072	-0.255	1.575639	1	4294967295
6618.946340806	0.000000000	3.275	-4.453	0.033	-0.233	1.554367	1	4294967295
6619.246511015	0.000000000	3.153	-4.490	-0.005	-0.219	1.454003	1	4294967295
6619.546584765	0.000000000	3.072	-4.510	-0.029	-0.203	1.259725	1	4294967295
6619.846664994	0.000000000	2.961	-4.470	-0.060	-0.174	1.400106	1	4294967295
6620.146793240	0.000000000	2.819	-4.434	-0.096	-0.148	1.451634	1	4294967295
6620.446888982	0.000000000	2.670	-4.375	-0.131	-0.117	1.464950	1	4294967295
6620.747109079	0.000000000	2.516	-4.323	-0.165	-0.089	1.412390	1	4294967295
6621.047286299	0.000000000	2.376	-4.295	-0.192	-0.071	1.247922	1	4294967295
6621.347429187	0.000000000	2.218	-4.266	-0.221	-0.053	1.248013	1	4294967295
6621.647691120	0.000000000	2.057	-4.247	-0.249	-0.039	1.172690	1	4294967295
6621.947886316	0.000000000	1.887	-4.221	-0.277	-0.025	1.176921	1	4294967295
6622.248119768	0.000000000	1.707	-4.203	-0.307	-0.012	1.170440	1	4294967295
6622.548338065	0.000000000	1.538	-4.184	-0.330	-0.001	1.046631	1	4294967295
6622.848708345	0.000000000	1.361	-4.135	-0.354	0.016	1.006223	1	4294967295
6623.148990480	0.000000000	1.199	-4.071	-0.371	0.034	0.919212	1	4294967295
6623.449167803	0.000000000	1.037	-3.979	-0.388	0.059	1.014486	1	4294967295
6623.749333410	0.000000000	0.907	-3.920	-0.394	0.073	0.708906	1	4294967295
6624.049386060	0.000000000	0.756	-3.827	-0.405	0.094	0.805668	1	4294967295
6624.349470613	0.000000000	0.631	-3.746	-0.408	0.110	0.626554	1	4294967295
6624.649541553	0.000000000	0.568	-3.599	-0.390	0.136	2.003463	1	4294967295
6624.949456805	0.000000000	0.480	-3.533	-0.384	0.145	0.582980	1	4294967295
6625.249518550	0.000000000	0.417	-3.462	-0.372	0.154	0.650010	1	4294967295
6625.549741279	0.000000000	0.355	-3.382	-0.360	0.165	0.724413	1	4294967295
6625.849467419	0.000000000	0.304	-3.312	-0.347	0.173	0.759169	1	4294967295
6626.149547671	0.000000000	0.269	-3.239	-0.330	0.181	0.774122	1	4294967295
6626.449458747	0.000000000	0.242	-3.146	-0.312	0.193	0.894574	1	4294967295
6626.749399167	0.000000000	0.226	-3.061	-0.293	0.203	0.904732	1	4294967295
6627.049360848	0.000000000	0.234	-2.981	-0.269	0.209	0.968782	1	4294967295
6627.349296182	0.000000000	0.257	-2.899	-0.243	0.216	1.014392	1	4294967295
6627.649389177	0.000000000	0.267	-2.842	-0.223	0.215	0.845808	1	4294967295
6627.949329348	0.000000000	0.314	-2.782	-0.195	0.214	0.969398	1	4294967295
6628.249154119	0.000000000	0.396	-2.728	-0.160	0.210	1.073453	1	4294967295
6628.549196141	0.000000000	0.479	-2.666	-0.128	0.209	1.035766	1	4294967295
6628.848838343	0.000000000	0.580	-2.603	-0.095	0.209	1.114467	1	4294967295
6629.148747013	0.000000000	0.712	-2.515	-0.056	0.215	1.210393	1	4294967295
6629.448883771	0.000000000	0.833	-2.410	-0.024	0.225	1.137255	1	4294967295
6629.748892546	0.000000000	0.970	-2.306	0.010	0.233	1.152180	1	4294967295
6630.049158069	0.000000000	1.733	-1.850	0.193	0.307	9.020807	1	4294967295
6630.349190959	0.000000000	1.794	-1.784	0.193	0.303	0.579487	1	4294967295
6630.649192638	0.000000000	1.864	-1.714	0.196	0.298	0.444890	1	4294967295
6630.949202953	0.000000000	1.934	-1.643	0.199	0.294	0.455095	1	4294967295
6631.249184657	0.000000000	2.005	-1.574	0.202	0.290	0.466712	1	4294967295
6631.549020556	0.000000000	2.065	-1.522	0.202	0.282	0.539943	1	4294967295
6631.849140574	0.000000000	2.130	-1.468	0.203	0.275	0.486527	1	4294967295
6632.149191656	0.000000000	2.303	-1.287	0.229	0.297	2.097254	1	4294967295
6632.449264316	0.000000000	2.465	-1.113	0.250	0.316	1.912049	1	4294967295
6632.749619523	0.000000000	2.542	-1.007	0.251	0.317	2.002935	1	4294967295
6633.049404687	0.000000000	2.529	-1.008	0.231	0.296	1.098898	1	4294967295
6633.363456035	0.000000000	2.493	-0.976	0.206	0.283	0.984331	1	4294967295
6633.649389227	0.000000000	2.474	-0.990	0.187	0.261	1.109222	1	4294967295
6633.949387476	0.000000000	2.376	-1.065	0.150	0.228	1.482997	1	4294967295
6634.249244120	0.000000000	2.335	-1.118	0.129	0.201	1.280302	1	4294967295
6634.549225477	0.000000000	2.299	-1.169	0.110	0.176	1.198810	1	4294967295
6634.848910671	0.000000000	2.282	-1.206	0.097	0.155	1.063410	1	4294967295
6635.148795744	0.000000000	2.264	-1.239	0.084	0.137	1.024043	1	4294967295
6635.448753153	0.000000000	2.250	-1.272	0.073	0.120	0.942204	1	4294967295
6635.762009364	0.000000000	2.229	-1.276	0.062	0.111	0.702690	1	4294967295
6636.062084749	0.000000000	2.207	-1.282	0.051	0.102	0.680714	1	4294967295
6636.362045141	0.000000000	2.183	-1.289	0.040	0.093	0.654277	1	4294967295
