0x1C1C , 3048 
0x1C1C , 3147 
0x1C1C , 3123 
0x1C1C , 3123 
0x1C1C , 3100 
0x1C1C , 3137 
0x1C1C , 3133 
0x1C1C , 3105 
0x1C1C , 3128 
0x1C1C , 3236 
0x1C1C , 3100 
0x1C1C , 3198 
0x1C1C , 3067 
0x1C1C , 3095 
0x1C1C , 3147 
0x1C1C , 3184 
0x1C1C , 3119 
0x1C1C , 3100 
0x1C1C , 3105 
0x1C1C , 3133 
0x1C1C , 3137 
0x1C1C , 3170 
0x1C1C , 3165 
0x1C1C , 3184 
0x1C1C , 3133 
0x1C1C , 3133 
0x1C1C , 3156 
0x1C1C , 3133 
0x1C1C , 3076 
0x1C1C , 3100 
0x1C1C , 3105 
0x1C1C , 3058 
0x1C1C , 3090 
0x1C1C , 3170 
0x1C1C , 0 
0x1C1C , 0 
0x1C1C , 0 
0x1C1C , 0 
0x1C1C , 0 
0x1C1C , 0 
0x1C1C , 0 
0x1C1C , 0 
0x1C1C , 0 
0x1C1C , 0 
0x1C1C , 0 
0x1C1C , 0 
0x1C1C , 0 
0x1C1C , 3081 
0x1C1C , 3119 
0x1C1C , 3175 
0x1C1C , 3161 
0x1C1C , 3180 
0x1C1C , 3109 
0x1C1C , 3133 
0x1C1C , 3076 
0x1C1C , 3062 
0x1C1C , 3128 
0x1C1C , 3119 
0x1C1C , 3114 
0x1C1C , 3114 
0x1C1C , 3128 
0x1C1C , 3114 
0x1C1C , 3095 
0x1C1C , 3133 
0x1C1C , 3128 
0x1C1C , 3180 
0x1C1C , 3137 
0x1C1C , 3147 
0x1C1C , 3161 
0x1C1C , 3105 
0x1C1C , 3137 
0x1C1C , 3170 
0x1C1C , 3062 
0x1C1C , 3133 
0x1C1C , 3156 
0x1C1C , 3156 
0x1C1C , 3119 
0x1C1C , 3161 
0x1C1C , 3105 
0x1C1C , 3133 
0x1C1C , 3147 
0x1C1C , 3151 
0x1C1C , 3086 
0x1C1C , 3128 
0x1C1C , 3100 
0x1C1C , 3212 
0x1C1C , 3109 
0x1C1C , 3128 
0x1C1C , 3114 
0x1C1C , 3137 
0x1C1C , 3105 
0x1C1C , 0 
0x1C1C , 3147 
0x1C1C , 3090 
0x1C1C , 3151 
0x1C1C , 3128 
0x1C1C , 3142 
0x1C1C , 3198 
0x1C1C , 3086 
0x1C1C , 3222 
0x1C1C , 3109 
0x1C1C , 3076 
0x1C1C , 3081 
0x1C1C , 3161 
0x1C1C , 3142 
0x1C1C , 3072 
0x1C1C , 3142 
0x1C1C , 3128 
0x1C1C , 3151 
0x1C1C , 3095 
0x1C1C , 3236 
0x1C1C , 3184 
0x1C1C , 3100 
0x1C1C , 3175 
0x1C1C , 3194 
0x1C1C , 3156 
0x1C1C , 3133 
0x1C1C , 3123 
0x1C1C , 3241 
0x1C1C , 3147 
0x1C1C , 3170 
0x1C1C , 3156 
0x1C1C , 3105 
0x1C1C , 3203 
0x1C1C , 3156 
0x1C1C , 3241 
0x1C1C , 3189 
0x1C1C , 3142 
0x1C1C , 3165 
0x1C1C , 3208 
0x1C1C , 3198 
0x1C1C , 3123 
0x1C1C , 3245 
0x1C1C , 3203 
0x1C1C , 0 
0x1C1C , 3184 
0x1C1C , 3184 
0x1C1C , 3123 
0x1C1C , 3180 
0x1C1C , 3147 
0x1C1C , 3198 
0x1C1C , 3198 
0x1C1C , 3184 
0x1C1C , 3212 
0x1C1C , 3184 
0x1C1C , 3222 
0x1C1C , 3175 
0x1C1C , 3142 
0x1C1C , 3137 
0x1C1C , 3208 
0x1C1C , 3198 
0x1C1C , 3194 
0x1C1C , 3151 
0x1C1C , 3180 
0x1C1C , 3198 
0x1C1C , 3100 
0x1C1C , 3137 
0x1C1C , 3180 
0x1C1C , 0 
0x1C1C , 3212 
0x1C1C , 3161 
0x1C1C , 3194 
0x1C1C , 3212 
0x1C1C , 3170 
0x1C1C , 3151 
0x1C1C , 3165 
0x1C1C , 3165 
0x1C1C , 3119 
0x1C1C , 3161 
0x1C1C , 3189 
0x1C1C , 3208 
0x1C1C , 3133 
0x1C1C , 3170 
0x1C1C , 3147 
0x1C1C , 3151 
0x1C1C , 3109 
0x1C1C , 3151 
0x1C1C , 3217 
0x1C1C , 3189 
0x1C1C , 3147 
0x1C1C , 3114 
0x1C1C , 3133 
0x1C1C , 3147 
0x1C1C , 3109 
0x1C1C , 3194 
0x1C1C , 3128 
0x1C1C , 3198 
0x1C1C , 3222 
0x1C1C , 3217 
0x1C1C , 3198 
0x1C1C , 3217 
0x1C1C , 3203 
0x1C1C , 3147 
0x1C1C , 3156 
0x1C1C , 3175 
0x1C1C , 3170 
0x1C1C , 3264 
0x1C1C , 3180 
0x1C1C , 3109 
0x1C1C , 3175 
0x1C1C , 3226 
0x1C1C , 3231 
0x1C1C , 3180 
0x1C1C , 3123 
0x1C1C , 3180 
0x1C1C , 3269 
0x1C1C , 3156 
0x1C1C , 3156 
0x1C1C , 3119 
0x1C1C , 3147 
0x1C1C , 3170 
0x1C1C , 3180 
0x1C1C , 3109 
0x1C1C , 3226 
0x1C1C , 3189 
0x1C1C , 3259 
0x1C1C , 3203 
0x1C1C , 3147 
0x1C1C , 3208 
0x1C1C , 3217 
0x1C1C , 3109 
0x1C1C , 3175 
0x1C1C , 3245 
0x1C1C , 3203 
0x1C1C , 3156 
0x1C1C , 3203 
0x1C1C , 3217 
0x1C1C , 3147 
0x1C1C , 3165 
0x1C1C , 3147 
0x1C1C , 3123 
0x1C1C , 3194 
0x1C1C , 0 
0x1C1C , 3165 
0x1C1C , 3086 
0x1C1C , 3198 
0x1C1C , 3100 
0x1C1C , 3109 
0x1C1C , 3090 
0x1C1C , 3156 
0x1C1C , 3137 
0x1C1C , 3184 
0x1C1C , 3170 
0x1C1C , 3151 
0x1C1C , 3184 
0x1C1C , 3194 
0x1C1C , 3142 
0x1C1C , 3259 
0x1C1C , 3175 
0x1C1C , 3208 
0x1C1C , 3180 
0x1C1C , 3217 
0x1C1C , 3095 
0x1C1C , 3217 
0x1C1C , 3175 
0x1C1C , 3198 
0x1C1C , 3245 
0x1C1C , 3194 
0x1C1C , 3161 
0x1C1C , 3147 
0x1C1C , 3194 
0x1C1C , 3156 
0x1C1C , 3170 
0x1C1C , 3198 
0x1C1C , 3133 
0x1C1C , 3180 
0x1C1C , 3123 
0x1C1C , 3109 
0x1C1C , 3264 
0x1C1C , 3222 
0x1C1C , 3133 
0x1C1C , 3151 
0x1C1C , 3151 
0x1C1C , 3147 
0x1C1C , 3226 
0x1C1C , 3156 
0x1C1C , 3222 
0x1C1C , 3180 
0x1C1C , 3217 
0x1C1C , 3212 
0x1C1C , 3189 
0x1C1C , 0 
0x1C1C , 3180 
0x1C1C , 3198 
0x1C1C , 3226 
0x1C1C , 3175 
0x1C1C , 3208 
0x1C1C , 3180 
0x1C1C , 3165 
0x1C1C , 3175 
0x1C1C , 3189 
0x1C1C , 3194 
0x1C1C , 3180 
0x1C1C , 3137 
0x1C1C , 3128 
0x1C1C , 3142 
0x1C1C , 3170 
0x1C1C , 3105 
0x1C1C , 3114 
0x1C1C , 3170 
0x1C1C , 3161 
0x1C1C , 3184 
0x1C1C , 3133 
0x1C1C , 3090 
0x1C1C , 3133 
0x1C1C , 3198 
0x1C1C , 3184 
0x1C1C , 3137 
0x1C1C , 3100 
0x1C1C , 3194 
0x1C1C , 3264 
0x1C1C , 3222 
0x1C1C , 3137 
0x1C1C , 3161 
0x1C1C , 3161 
0x1C1C , 3137 
0x1C1C , 3189 
0x1C1C , 3128 
0x1C1C , 3137 
0x1C1C , 3217 
0x1C1C , 3165 
0x1C1C , 3105 
0x1C1C , 3208 
0x1C1C , 3194 
0x1C1C , 3170 
0x1C1C , 3184 
0x1C1C , 3137 
0x1C1C , 3170 
0x1C1C , 3128 
0x1C1C , 3161 
0x1C1C , 3128 
0x1C1C , 3236 
0x1C1C , 3161 
0x1C1C , 3151 
0x1C1C , 3208 
0x1C1C , 3175 
0x1C1C , 3170 
0x1C1C , 3189 
0x1C1C , 3161 
0x1C1C , 3264 
0x1C1C , 3161 
0x1C1C , 3109 
0x1C1C , 3114 
0x1C1C , 3133 
0x1C1C , 3147 
0x1C1C , 3151 
0x1C1C , 3264 
0x1C1C , 3086 
0x1C1C , 3194 
0x1C1C , 3142 
0x1C1C , 3175 
0x1C1C , 3165 
0x1C1C , 3231 
0x1C1C , 3133 
0x1C1C , 3212 
0x1C1C , 3133 
0x1C1C , 3161 
0x1C1C , 3128 
