0x3E3E , 3320 
0x3E3E , 3353 
0x3E3E , 3362 
0x3E3E , 3339 
0x3E3E , 3344 
0x3E3E , 3372 
0x3E3E , 3334 
0x3E3E , 3320 
0x3E3E , 3320 
0x3E3E , 3348 
0x3E3E , 3348 
0x3E3E , 3302 
0x3E3E , 3334 
0x3E3E , 3358 
0x3E3E , 3334 
0x3E3E , 3330 
0x3E3E , 3353 
0x3E3E , 3320 
0x3E3E , 3372 
0x3E3E , 3339 
0x3E3E , 3311 
0x3E3E , 3367 
0x3E3E , 3339 
0x3E3E , 3353 
0x3E3E , 3348 
0x3E3E , 3381 
0x3E3E , 3348 
0x3E3E , 3306 
0x3E3E , 3334 
0x3E3E , 3358 
0x3E3E , 3283 
0x3E3E , 3306 
0x3E3E , 3344 
0x3E3E , 3330 
0x3E3E , 3325 
0x3E3E , 3353 
0x3E3E , 3334 
0x3E3E , 3316 
0x3E3E , 3311 
0x3E3E , 3358 
0x3E3E , 3325 
0x3E3E , 3344 
0x3E3E , 3344 
0x3E3E , 3362 
0x3E3E , 3377 
0x3E3E , 3344 
0x3E3E , 3372 
0x3E3E , 3367 
0x3E3E , 3325 
0x3E3E , 3330 
0x3E3E , 3372 
0x3E3E , 3367 
0x3E3E , 3353 
0x3E3E , 3362 
0x3E3E , 3353 
0x3E3E , 3348 
0x3E3E , 3330 
0x3E3E , 3353 
0x3E3E , 3325 
0x3E3E , 3353 
0x3E3E , 3348 
0x3E3E , 3353 
0x3E3E , 3358 
0x3E3E , 3334 
0x3E3E , 3362 
0x3E3E , 3372 
0x3E3E , 3339 
0x3E3E , 3358 
0x3E3E , 3344 
0x3E3E , 3353 
0x3E3E , 3330 
0x3E3E , 3320 
0x3E3E , 3339 
0x3E3E , 3362 
0x3E3E , 3306 
0x3E3E , 3367 
0x3E3E , 3344 
0x3E3E , 3358 
0x3E3E , 3330 
0x3E3E , 3358 
0x3E3E , 3302 
0x3E3E , 3325 
0x3E3E , 3334 
0x3E3E , 3367 
0x3E3E , 3320 
0x3E3E , 3325 
0x3E3E , 3358 
0x3E3E , 3311 
0x3E3E , 3325 
0x3E3E , 3316 
0x3E3E , 3348 
0x3E3E , 3311 
0x3E3E , 3362 
0x3E3E , 3325 
0x3E3E , 3334 
0x3E3E , 3316 
0x3E3E , 3334 
0x3E3E , 3316 
0x3E3E , 3334 
0x3E3E , 3353 
0x3E3E , 3339 
0x3E3E , 3334 
0x3E3E , 3330 
0x3E3E , 3353 
0x3E3E , 3330 
0x3E3E , 3348 
0x3E3E , 3320 
0x3E3E , 3348 
0x3E3E , 3320 
0x3E3E , 3320 
0x3E3E , 3330 
0x3E3E , 3334 
0x3E3E , 3320 
0x3E3E , 3306 
0x3E3E , 3362 
0x3E3E , 3325 
0x3E3E , 3320 
0x3E3E , 3344 
0x3E3E , 3330 
0x3E3E , 3367 
0x3E3E , 3334 
0x3E3E , 3358 
0x3E3E , 3330 
0x3E3E , 3306 
0x3E3E , 3330 
0x3E3E , 3367 
0x3E3E , 3358 
0x3E3E , 3339 
0x3E3E , 3344 
0x3E3E , 3386 
0x3E3E , 3344 
0x3E3E , 3348 
0x3E3E , 3358 
0x3E3E , 3344 
0x3E3E , 3344 
0x3E3E , 3348 
0x3E3E , 3353 
0x3E3E , 3344 
0x3E3E , 3358 
0x3E3E , 3320 
0x3E3E , 3325 
0x3E3E , 3348 
0x3E3E , 3358 
0x3E3E , 3316 
0x3E3E , 3334 
0x3E3E , 3330 
0x3E3E , 3344 
0x3E3E , 3334 
0x3E3E , 3339 
0x3E3E , 3339 
0x3E3E , 3325 
0x3E3E , 3344 
0x3E3E , 3377 
0x3E3E , 3330 
0x3E3E , 3339 
0x3E3E , 3334 
0x3E3E , 3302 
0x3E3E , 3353 
0x3E3E , 3367 
0x3E3E , 3344 
0x3E3E , 3377 
0x3E3E , 3325 
0x3E3E , 3362 
0x3E3E , 3325 
0x3E3E , 3325 
0x3E3E , 3334 
0x3E3E , 3330 
0x3E3E , 3353 
0x3E3E , 3358 
0x3E3E , 3362 
0x3E3E , 3311 
0x3E3E , 3334 
0x3E3E , 3353 
0x3E3E , 3358 
0x3E3E , 3348 
0x3E3E , 3348 
0x3E3E , 3358 
0x3E3E , 3339 
0x3E3E , 3348 
0x3E3E , 3348 
0x3E3E , 3339 
0x3E3E , 3325 
0x3E3E , 3353 
0x3E3E , 3381 
0x3E3E , 3348 
0x3E3E , 3353 
0x3E3E , 3330 
0x3E3E , 3334 
0x3E3E , 3316 
0x3E3E , 3367 
0x3E3E , 3320 
0x3E3E , 3358 
0x3E3E , 3339 
0x3E3E , 3334 
0x3E3E , 3325 
0x3E3E , 3334 
0x3E3E , 3348 
0x3E3E , 3330 
0x3E3E , 3316 
0x3E3E , 3316 
0x3E3E , 3367 
0x3E3E , 3344 
0x3E3E , 3334 
0x3E3E , 3362 
0x3E3E , 3320 
0x3E3E , 3362 
0x3E3E , 3330 
0x3E3E , 3320 
0x3E3E , 3311 
0x3E3E , 3330 
0x3E3E , 3339 
0x3E3E , 3348 
0x3E3E , 3339 
0x3E3E , 3311 
0x3E3E , 3334 
0x3E3E , 3316 
0x3E3E , 3344 
0x3E3E , 3330 
0x3E3E , 3320 
0x3E3E , 3339 
0x3E3E , 3311 
0x3E3E , 3325 
0x3E3E , 3353 
0x3E3E , 3320 
0x3E3E , 3348 
0x3E3E , 3325 
0x3E3E , 3334 
0x3E3E , 3330 
0x3E3E , 3334 
0x3E3E , 3339 
0x3E3E , 3344 
0x3E3E , 3320 
0x3E3E , 3330 
0x3E3E , 3330 
0x3E3E , 3334 
0x3E3E , 3311 
0x3E3E , 3330 
0x3E3E , 3348 
0x3E3E , 3334 
0x3E3E , 3358 
0x3E3E , 3353 
0x3E3E , 3348 
0x3E3E , 3311 
0x3E3E , 3344 
0x3E3E , 3358 
0x3E3E , 3325 
0x3E3E , 3334 
0x3E3E , 3311 
0x3E3E , 3353 
0x3E3E , 3344 
0x3E3E , 3367 
0x3E3E , 3320 
0x3E3E , 3297 
0x3E3E , 3344 
0x3E3E , 3320 
0x3E3E , 3297 
0x3E3E , 3325 
0x3E3E , 3297 
0x3E3E , 3339 
0x3E3E , 3339 
0x3E3E , 3344 
0x3E3E , 3358 
0x3E3E , 3344 
0x3E3E , 3339 
0x3E3E , 3306 
0x3E3E , 3344 
0x3E3E , 3362 
0x3E3E , 3330 
0x3E3E , 3311 
0x3E3E , 3330 
0x3E3E , 3325 
0x3E3E , 3348 
0x3E3E , 3330 
0x3E3E , 3330 
0x3E3E , 3325 
0x3E3E , 3334 
0x3E3E , 3344 
0x3E3E , 3330 
0x3E3E , 3325 
0x3E3E , 3330 
0x3E3E , 3348 
0x3E3E , 3320 
0x3E3E , 3353 
0x3E3E , 3320 
0x3E3E , 3344 
0x3E3E , 3325 
0x3E3E , 3339 
0x3E3E , 3334 
0x3E3E , 3334 
0x3E3E , 3353 
0x3E3E , 3348 
0x3E3E , 3334 
0x3E3E , 3348 
0x3E3E , 3334 
0x3E3E , 3339 
0x3E3E , 3362 
0x3E3E , 3330 
0x3E3E , 3353 
0x3E3E , 3330 
0x3E3E , 3358 
0x3E3E , 3362 
0x3E3E , 3320 
0x3E3E , 3325 
0x3E3E , 3348 
0x3E3E , 3325 
0x3E3E , 3325 
0x3E3E , 3344 
0x3E3E , 3334 
0x3E3E , 3320 
0x3E3E , 3339 
0x3E3E , 3353 
0x3E3E , 3325 
0x3E3E , 3339 
0x3E3E , 3311 
0x3E3E , 3344 
0x3E3E , 3353 
0x3E3E , 3372 
0x3E3E , 3334 
0x3E3E , 3297 
0x3E3E , 3358 
0x3E3E , 3316 
0x3E3E , 3362 
0x3E3E , 3344 
0x3E3E , 3339 
0x3E3E , 3334 
0x3E3E , 3348 
0x3E3E , 3358 
0x3E3E , 3348 
0x3E3E , 3334 
0x3E3E , 3353 
0x3E3E , 3358 
0x3E3E , 3367 
0x3E3E , 3348 
0x3E3E , 3344 
0x3E3E , 3339 
0x3E3E , 3302 
0x3E3E , 3334 
0x3E3E , 3325 
0x3E3E , 3320 
0x3E3E , 3330 
0x3E3E , 3353 
0x3E3E , 3311 
0x3E3E , 3306 
0x3E3E , 3311 
0x3E3E , 3273 
0x3E3E , 3292 
0x3E3E , 3348 
0x3E3E , 3334 
0x3E3E , 3316 
0x3E3E , 3339 
0x3E3E , 3344 
0x3E3E , 3339 
0x3E3E , 3311 
0x3E3E , 3320 
0x3E3E , 3311 
0x3E3E , 3348 
0x3E3E , 3325 
0x3E3E , 3348 
0x3E3E , 3325 
0x3E3E , 3330 
0x3E3E , 3334 
0x3E3E , 3344 
0x3E3E , 3283 
0x3E3E , 3330 
0x3E3E , 3334 
0x3E3E , 3316 
0x3E3E , 3320 
0x3E3E , 3311 
0x3E3E , 3334 
0x3E3E , 3325 
0x3E3E , 3330 
0x3E3E , 3344 
0x3E3E , 3316 
0x3E3E , 3330 
0x3E3E , 3320 
0x3E3E , 3311 
