0x4D4D , 3226 
0x4D4D , 3226 
0x4D4D , 3241 
0x4D4D , 3222 
0x4D4D , 3241 
0x4D4D , 3236 
0x4D4D , 3222 
0x4D4D , 3236 
0x4D4D , 3273 
0x4D4D , 3212 
0x4D4D , 3250 
0x4D4D , 3264 
0x4D4D , 3278 
0x4D4D , 3259 
0x4D4D , 3264 
0x4D4D , 3255 
0x4D4D , 3269 
0x4D4D , 3236 
0x4D4D , 3231 
0x4D4D , 3250 
0x4D4D , 3283 
0x4D4D , 3283 
0x4D4D , 3236 
0x4D4D , 3259 
0x4D4D , 3264 
0x4D4D , 3273 
0x4D4D , 3245 
0x4D4D , 3241 
0x4D4D , 3278 
0x4D4D , 3273 
0x4D4D , 3250 
0x4D4D , 3273 
0x4D4D , 3273 
0x4D4D , 3269 
0x4D4D , 3273 
0x4D4D , 3264 
0x4D4D , 3250 
0x4D4D , 3264 
0x4D4D , 3255 
0x4D4D , 3259 
0x4D4D , 3259 
0x4D4D , 3241 
0x4D4D , 3259 
0x4D4D , 3245 
0x4D4D , 3273 
0x4D4D , 3241 
0x4D4D , 3255 
0x4D4D , 3259 
0x4D4D , 3241 
0x4D4D , 3283 
0x4D4D , 3236 
0x4D4D , 3250 
0x4D4D , 3278 
0x4D4D , 3259 
0x4D4D , 3259 
0x4D4D , 3278 
0x4D4D , 3273 
0x4D4D , 3255 
0x4D4D , 3297 
0x4D4D , 3250 
0x4D4D , 3264 
0x4D4D , 3255 
0x4D4D , 3250 
0x4D4D , 3269 
0x4D4D , 3292 
0x4D4D , 3283 
0x4D4D , 3273 
0x4D4D , 3278 
0x4D4D , 3283 
0x4D4D , 3264 
0x4D4D , 3264 
0x4D4D , 3273 
0x4D4D , 3297 
0x4D4D , 3259 
0x4D4D , 3283 
0x4D4D , 3292 
0x4D4D , 3269 
0x4D4D , 3245 
0x4D4D , 3259 
0x4D4D , 3264 
0x4D4D , 3269 
0x4D4D , 3283 
0x4D4D , 3264 
0x4D4D , 3283 
0x4D4D , 3273 
0x4D4D , 3250 
0x4D4D , 3283 
0x4D4D , 3273 
0x4D4D , 3278 
0x4D4D , 3255 
0x4D4D , 3278 
0x4D4D , 3269 
0x4D4D , 3250 
0x4D4D , 3273 
0x4D4D , 3287 
0x4D4D , 3302 
0x4D4D , 3283 
0x4D4D , 3302 
0x4D4D , 3306 
0x4D4D , 3245 
0x4D4D , 3269 
0x4D4D , 3278 
0x4D4D , 3278 
0x4D4D , 3269 
0x4D4D , 3278 
0x4D4D , 3269 
0x4D4D , 3259 
0x4D4D , 3255 
0x4D4D , 3273 
0x4D4D , 3264 
0x4D4D , 3325 
0x4D4D , 3287 
0x4D4D , 3264 
0x4D4D , 3236 
0x4D4D , 3259 
0x4D4D , 3245 
0x4D4D , 3259 
0x4D4D , 3283 
0x4D4D , 3278 
0x4D4D , 3269 
0x4D4D , 3287 
0x4D4D , 3269 
0x4D4D , 3273 
0x4D4D , 3259 
0x4D4D , 3269 
0x4D4D , 3283 
0x4D4D , 3255 
0x4D4D , 3278 
0x4D4D , 3278 
0x4D4D , 3273 
0x4D4D , 3278 
0x4D4D , 3283 
0x4D4D , 3283 
0x4D4D , 3292 
0x4D4D , 3287 
0x4D4D , 3278 
0x4D4D , 3259 
0x4D4D , 3283 
0x4D4D , 3278 
0x4D4D , 3273 
0x4D4D , 3292 
0x4D4D , 3292 
0x4D4D , 3269 
0x4D4D , 3292 
0x4D4D , 3269 
0x4D4D , 3269 
0x4D4D , 3241 
0x4D4D , 3269 
0x4D4D , 3283 
0x4D4D , 3278 
0x4D4D , 3283 
0x4D4D , 3259 
0x4D4D , 3250 
0x4D4D , 3259 
0x4D4D , 3278 
0x4D4D , 3297 
0x4D4D , 3283 
0x4D4D , 3264 
0x4D4D , 3273 
0x4D4D , 3255 
0x4D4D , 3292 
0x4D4D , 3278 
0x4D4D , 3250 
0x4D4D , 3231 
0x4D4D , 3306 
0x4D4D , 3245 
0x4D4D , 3287 
0x4D4D , 3287 
0x4D4D , 3273 
0x4D4D , 3302 
0x4D4D , 3278 
0x4D4D , 3292 
0x4D4D , 3278 
0x4D4D , 3297 
0x4D4D , 3292 
0x4D4D , 3278 
0x4D4D , 3273 
0x4D4D , 3287 
0x4D4D , 3287 
0x4D4D , 3273 
0x4D4D , 3297 
0x4D4D , 3283 
0x4D4D , 3264 
0x4D4D , 3269 
0x4D4D , 3302 
0x4D4D , 3259 
0x4D4D , 3269 
0x4D4D , 3311 
0x4D4D , 3264 
0x4D4D , 3273 
0x4D4D , 3273 
0x4D4D , 3302 
0x4D4D , 3283 
0x4D4D , 3297 
0x4D4D , 3273 
0x4D4D , 3250 
0x4D4D , 3292 
0x4D4D , 3245 
0x4D4D , 3264 
0x4D4D , 3287 
0x4D4D , 3278 
0x4D4D , 3283 
0x4D4D , 3292 
0x4D4D , 3302 
0x4D4D , 3297 
0x4D4D , 3273 
0x4D4D , 3283 
0x4D4D , 3283 
0x4D4D , 3278 
0x4D4D , 3278 
0x4D4D , 3287 
0x4D4D , 3273 
0x4D4D , 3278 
0x4D4D , 3311 
0x4D4D , 3241 
0x4D4D , 3255 
0x4D4D , 3273 
0x4D4D , 3264 
0x4D4D , 3273 
0x4D4D , 3259 
0x4D4D , 3283 
0x4D4D , 3273 
0x4D4D , 3302 
0x4D4D , 3278 
0x4D4D , 3278 
0x4D4D , 3255 
0x4D4D , 3273 
0x4D4D , 3273 
0x4D4D , 3273 
0x4D4D , 3292 
0x4D4D , 3269 
0x4D4D , 3302 
0x4D4D , 3283 
0x4D4D , 3259 
0x4D4D , 3283 
0x4D4D , 3269 
0x4D4D , 3269 
0x4D4D , 3273 
0x4D4D , 3302 
0x4D4D , 3297 
0x4D4D , 3255 
0x4D4D , 3278 
0x4D4D , 3297 
0x4D4D , 3269 
0x4D4D , 3297 
0x4D4D , 3273 
0x4D4D , 3316 
0x4D4D , 3273 
0x4D4D , 3311 
0x4D4D , 3302 
0x4D4D , 3287 
0x4D4D , 3311 
0x4D4D , 3287 
0x4D4D , 3273 
0x4D4D , 3250 
0x4D4D , 3297 
0x4D4D , 3297 
0x4D4D , 3269 
0x4D4D , 3287 
0x4D4D , 3273 
0x4D4D , 3273 
0x4D4D , 3264 
0x4D4D , 3297 
0x4D4D , 3297 
0x4D4D , 3269 
0x4D4D , 3287 
0x4D4D , 3269 
0x4D4D , 3283 
0x4D4D , 3287 
0x4D4D , 3255 
0x4D4D , 3306 
0x4D4D , 3287 
0x4D4D , 3302 
0x4D4D , 3297 
0x4D4D , 3278 
0x4D4D , 3283 
0x4D4D , 3297 
0x4D4D , 3292 
0x4D4D , 3292 
0x4D4D , 3297 
0x4D4D , 3292 
0x4D4D , 3259 
0x4D4D , 3264 
0x4D4D , 3302 
0x4D4D , 3302 
0x4D4D , 3283 
0x4D4D , 3283 
0x4D4D , 3273 
0x4D4D , 3269 
0x4D4D , 3292 
0x4D4D , 3278 
0x4D4D , 3255 
0x4D4D , 3283 
0x4D4D , 3278 
0x4D4D , 3273 
0x4D4D , 3292 
0x4D4D , 3302 
0x4D4D , 3259 
0x4D4D , 3292 
0x4D4D , 3273 
0x4D4D , 3292 
0x4D4D , 3273 
0x4D4D , 3264 
0x4D4D , 3259 
0x4D4D , 3269 
0x4D4D , 3302 
0x4D4D , 3273 
0x4D4D , 3278 
0x4D4D , 3283 
0x4D4D , 3287 
0x4D4D , 3297 
0x4D4D , 3283 
0x4D4D , 3273 
0x4D4D , 3297 
0x4D4D , 3287 
0x4D4D , 3283 
0x4D4D , 3283 
0x4D4D , 3292 
0x4D4D , 3269 
0x4D4D , 3273 
0x4D4D , 3264 
0x4D4D , 3278 
0x4D4D , 3273 
0x4D4D , 3283 
0x4D4D , 3269 
0x4D4D , 3283 
0x4D4D , 3273 
0x4D4D , 3264 
0x4D4D , 3287 
0x4D4D , 3278 
0x4D4D , 3287 
0x4D4D , 3278 
0x4D4D , 3278 
0x4D4D , 3278 
0x4D4D , 3292 
0x4D4D , 3264 
0x4D4D , 3278 
0x4D4D , 3259 
0x4D4D , 3259 
0x4D4D , 3273 
0x4D4D , 3278 
0x4D4D , 3283 
0x4D4D , 3264 
0x4D4D , 3283 
0x4D4D , 3273 
0x4D4D , 3241 
0x4D4D , 3306 
0x4D4D , 3255 
0x4D4D , 3302 
0x4D4D , 3250 
0x4D4D , 3283 
0x4D4D , 3302 
0x4D4D , 3287 
0x4D4D , 3283 
0x4D4D , 3264 
0x4D4D , 3264 
0x4D4D , 3269 
0x4D4D , 3278 
0x4D4D , 3283 
0x4D4D , 3255 
0x4D4D , 3250 
0x4D4D , 3283 
0x4D4D , 3269 
0x4D4D , 3273 
0x4D4D , 3273 
0x4D4D , 3278 
0x4D4D , 3269 
0x4D4D , 3273 
0x4D4D , 3292 
0x4D4D , 3292 
0x4D4D , 3292 
0x4D4D , 3269 
0x4D4D , 3269 
0x4D4D , 3297 
