0x1C1C , 3048 
0x1C1C , 3147 
0x1C1C , 3123 
0x1C1C , 3123 
0x1C1C , 3100 
0x1C1C , 3137 
0x1C1C , 3133 
0x1C1C , 3105 
0x1C1C , 3128 
0x1C1C , 3236 
0x1C1C , 3100 
0x1C1C , 3198 
0x1C1C , 3067 
0x1C1C , 3095 
0x1C1C , 3147 
0x1C1C , 3184 
0x1C1C , 3119 
0x1C1C , 3100 
0x1C1C , 3105 
0x1C1C , 3133 
0x1C1C , 3137 
0x1C1C , 3170 
0x1C1C , 3165 
0x1C1C , 3184 
0x1C1C , 3133 
0x1C1C , 3133 
0x1C1C , 3156 
0x1C1C , 3133 
0x1C1C , 3076 
0x1C1C , 3100 
0x1C1C , 3105 
0x1C1C , 3058 
0x1C1C , 3090 
0x1C1C , 3170 
0x1C1C , 0 
0x1C1C , 0 
0x1C1C , 0 
0x1C1C , 0 
0x1C1C , 0 
0x1C1C , 0 
0x1C1C , 0 
0x1C1C , 0 
0x1C1C , 0 
0x1C1C , 0 
0x1C1C , 0 
0x1C1C , 0 
0x1C1C , 0 
0x1C1C , 3081 
0x1C1C , 3119 
0x1C1C , 3175 
0x1C1C , 3161 
0x1C1C , 3180 
0x1C1C , 3109 
0x1C1C , 3133 
0x1C1C , 3076 
0x1C1C , 3062 
0x1C1C , 3128 
0x1C1C , 3119 
0x1C1C , 3114 
0x1C1C , 3114 
0x1C1C , 3128 
0x1C1C , 3114 
0x1C1C , 3095 
0x1C1C , 3133 
0x1C1C , 3128 
0x1C1C , 3180 
0x1C1C , 3137 
0x1C1C , 3147 
0x1C1C , 3161 
0x1C1C , 3105 
0x1C1C , 3137 
0x1C1C , 3170 
0x1C1C , 3062 
0x1C1C , 3133 
0x1C1C , 3156 
0x1C1C , 3156 
0x1C1C , 3119 
0x1C1C , 3161 
0x1C1C , 3105 
0x1C1C , 3133 
0x1C1C , 3147 
0x1C1C , 3151 
0x1C1C , 3086 
0x1C1C , 3128 
0x1C1C , 3100 
0x1C1C , 3212 
0x1C1C , 3109 
0x1C1C , 3128 
0x1C1C , 3114 
0x1C1C , 3137 
0x1C1C , 3105 
0x1C1C , 0 
0x1C1C , 3147 
0x1C1C , 3090 
0x1C1C , 3151 
0x1C1C , 3128 
0x1C1C , 3142 
0x1C1C , 3198 
0x1C1C , 3086 
0x1C1C , 3222 
0x1C1C , 3109 
0x1C1C , 3076 
0x1C1C , 3081 
0x1C1C , 3161 
0x1C1C , 3142 
0x1C1C , 3072 
0x1C1C , 3142 
0x1C1C , 3128 
0x1C1C , 3151 
0x1C1C , 3095 
0x1C1C , 3236 
0x1C1C , 3184 
0x1C1C , 3100 
0x1C1C , 3175 
0x1C1C , 3194 
0x1C1C , 3156 
0x1C1C , 3133 
0x1C1C , 3123 
0x1C1C , 3241 
0x1C1C , 3147 
0x1C1C , 3170 
0x1C1C , 3156 
0x1C1C , 3105 
0x1C1C , 3203 
0x1C1C , 3156 
0x1C1C , 3241 
0x1C1C , 3189 
0x1C1C , 3142 
0x1C1C , 3165 
0x1C1C , 3208 
0x1C1C , 3198 
0x1C1C , 3123 
0x1C1C , 3245 
0x1C1C , 3203 
0x1C1C , 0 
0x1C1C , 3184 
0x1C1C , 3184 
0x1C1C , 3123 
0x1C1C , 3180 
0x1C1C , 3147 
0x1C1C , 3198 
0x1C1C , 3198 
0x1C1C , 3184 
0x1C1C , 3212 
0x1C1C , 3184 
0x1C1C , 3222 
0x1C1C , 3175 
0x1C1C , 3142 
0x1C1C , 3137 
0x1C1C , 3208 
0x1C1C , 3198 
0x1C1C , 3194 
0x1C1C , 3151 
0x1C1C , 3180 
0x1C1C , 3198 
0x1C1C , 3100 
0x1C1C , 3137 
0x1C1C , 3180 
0x1C1C , 0 
0x1C1C , 3212 
0x1C1C , 3161 
0x1C1C , 3194 
0x1C1C , 3212 
0x1C1C , 3170 
0x1C1C , 3151 
0x1C1C , 3165 
0x1C1C , 3165 
0x1C1C , 3119 
0x1C1C , 3161 
0x1C1C , 3189 
0x1C1C , 3208 
0x1C1C , 3133 
0x1C1C , 3170 
0x1C1C , 3147 
0x1C1C , 3151 
0x1C1C , 3109 
0x1C1C , 3151 
0x1C1C , 3217 
0x1C1C , 3189 
0x1C1C , 3147 
0x1C1C , 3114 
0x1C1C , 3133 
0x1C1C , 3147 
0x1C1C , 3109 
0x1C1C , 3194 
0x1C1C , 3128 
0x1C1C , 3198 
0x1C1C , 3222 
0x1C1C , 3217 
0x1C1C , 3198 
0x1C1C , 3217 
0x1C1C , 3203 
0x1C1C , 3147 
0x1C1C , 3156 
0x1C1C , 3175 
0x1C1C , 3170 
0x1C1C , 3264 
0x1C1C , 3180 
0x1C1C , 3109 
0x1C1C , 3175 
0x1C1C , 3226 
0x1C1C , 3231 
0x1C1C , 3180 
0x1C1C , 3123 
0x1C1C , 3180 
0x1C1C , 3269 
0x1C1C , 3156 
0x1C1C , 3156 
0x1C1C , 3119 
0x1C1C , 3147 
0x1C1C , 3170 
0x1C1C , 3180 
0x1C1C , 3109 
0x1C1C , 3226 
0x1C1C , 3189 
0x1C1C , 3259 
0x1C1C , 3203 
0x1C1C , 3147 
0x1C1C , 3208 
0x1C1C , 3217 
0x1C1C , 3109 
0x1C1C , 3175 
0x1C1C , 3245 
0x1C1C , 3203 
0x1C1C , 3156 
0x1C1C , 3203 
0x1C1C , 3217 
0x1C1C , 3147 
0x1C1C , 3165 
0x1C1C , 3147 
0x1C1C , 3123 
0x1C1C , 3194 
0x1C1C , 0 
0x1C1C , 3165 
0x1C1C , 3086 
0x1C1C , 3198 
0x1C1C , 3100 
0x1C1C , 3109 
0x1C1C , 3090 
0x1C1C , 3156 
0x1C1C , 3137 
0x1C1C , 3184 
0x1C1C , 3170 
0x1C1C , 3151 
0x1C1C , 3184 
0x1C1C , 3194 
0x1C1C , 3142 
0x1C1C , 3259 
0x1C1C , 3175 
0x1C1C , 3208 
0x1C1C , 3180 
0x1C1C , 3217 
0x1C1C , 3095 
0x1C1C , 3217 
0x1C1C , 3175 
0x1C1C , 3198 
0x1C1C , 3245 
0x1C1C , 3194 
0x1C1C , 3161 
0x1C1C , 3147 
0x1C1C , 3194 
0x1C1C , 3156 
0x1C1C , 3170 
0x1C1C , 3198 
0x1C1C , 3133 
0x1C1C , 3180 
0x1C1C , 3123 
0x1C1C , 3109 
0x1C1C , 3264 
0x1C1C , 3222 
0x1C1C , 3133 
0x1C1C , 3151 
0x1C1C , 3151 
0x1C1C , 3147 
0x1C1C , 3226 
0x1C1C , 3156 
0x1C1C , 3222 
0x1C1C , 3180 
0x1C1C , 3217 
0x1C1C , 3212 
0x1C1C , 3189 
0x1C1C , 0 
0x1C1C , 3180 
0x1C1C , 3198 
0x1C1C , 3226 
0x1C1C , 3175 
0x1C1C , 3208 
0x1C1C , 3180 
0x1C1C , 3165 
0x1C1C , 3175 
0x1C1C , 3189 
0x1C1C , 3194 
0x1C1C , 3180 
0x1C1C , 3137 
0x1C1C , 3128 
0x1C1C , 3142 
0x1C1C , 3170 
0x1C1C , 3105 
0x1C1C , 3114 
0x1C1C , 3170 
0x1C1C , 3161 
0x1C1C , 3184 
0x1C1C , 3133 
0x1C1C , 3090 
0x1C1C , 3133 
0x1C1C , 3198 
0x1C1C , 3184 
0x1C1C , 3137 
0x1C1C , 3100 
0x1C1C , 3194 
0x1C1C , 3264 
0x1C1C , 3222 
0x1C1C , 3137 
0x1C1C , 3161 
0x1C1C , 3161 
0x1C1C , 3137 
0x1C1C , 3189 
0x1C1C , 3128 
0x1C1C , 3137 
0x1C1C , 3217 
0x1C1C , 3165 
0x1C1C , 3105 
0x1C1C , 3208 
0x1C1C , 3194 
0x1C1C , 3170 
0x1C1C , 3184 
0x1C1C , 3137 
0x1C1C , 3170 
0x1C1C , 3128 
0x1C1C , 3161 
0x1C1C , 3128 
0x1C1C , 3236 
0x1C1C , 3161 
0x1C1C , 3151 
0x1C1C , 3208 
0x1C1C , 3175 
0x1C1C , 3170 
0x1C1C , 3189 
0x1C1C , 3161 
0x1C1C , 3264 
0x1C1C , 3161 
0x1C1C , 3109 
0x1C1C , 3114 
0x1C1C , 3133 
0x1C1C , 3147 
0x1C1C , 3151 
0x1C1C , 3264 
0x1C1C , 3086 
0x1C1C , 3194 
0x1C1C , 3142 
0x1C1C , 3175 
0x1C1C , 3165 
0x1C1C , 3231 
0x1C1C , 3133 
0x1C1C , 3212 
0x1C1C , 3133 
0x1C1C , 3161 
0x1C1C , 3128 

0x3E3E , 3320 
0x3E3E , 3353 
0x3E3E , 3362 
0x3E3E , 3339 
0x3E3E , 3344 
0x3E3E , 3372 
0x3E3E , 3334 
0x3E3E , 3320 
0x3E3E , 3320 
0x3E3E , 3348 
0x3E3E , 3348 
0x3E3E , 3302 
0x3E3E , 3334 
0x3E3E , 3358 
0x3E3E , 3334 
0x3E3E , 3330 
0x3E3E , 3353 
0x3E3E , 3320 
0x3E3E , 3372 
0x3E3E , 3339 
0x3E3E , 3311 
0x3E3E , 3367 
0x3E3E , 3339 
0x3E3E , 3353 
0x3E3E , 3348 
0x3E3E , 3381 
0x3E3E , 3348 
0x3E3E , 3306 
0x3E3E , 3334 
0x3E3E , 3358 
0x3E3E , 3283 
0x3E3E , 3306 
0x3E3E , 3344 
0x3E3E , 3330 
0x3E3E , 3325 
0x3E3E , 3353 
0x3E3E , 3334 
0x3E3E , 3316 
0x3E3E , 3311 
0x3E3E , 3358 
0x3E3E , 3325 
0x3E3E , 3344 
0x3E3E , 3344 
0x3E3E , 3362 
0x3E3E , 3377 
0x3E3E , 3344 
0x3E3E , 3372 
0x3E3E , 3367 
0x3E3E , 3325 
0x3E3E , 3330 
0x3E3E , 3372 
0x3E3E , 3367 
0x3E3E , 3353 
0x3E3E , 3362 
0x3E3E , 3353 
0x3E3E , 3348 
0x3E3E , 3330 
0x3E3E , 3353 
0x3E3E , 3325 
0x3E3E , 3353 
0x3E3E , 3348 
0x3E3E , 3353 
0x3E3E , 3358 
0x3E3E , 3334 
0x3E3E , 3362 
0x3E3E , 3372 
0x3E3E , 3339 
0x3E3E , 3358 
0x3E3E , 3344 
0x3E3E , 3353 
0x3E3E , 3330 
0x3E3E , 3320 
0x3E3E , 3339 
0x3E3E , 3362 
0x3E3E , 3306 
0x3E3E , 3367 
0x3E3E , 3344 
0x3E3E , 3358 
0x3E3E , 3330 
0x3E3E , 3358 
0x3E3E , 3302 
0x3E3E , 3325 
0x3E3E , 3334 
0x3E3E , 3367 
0x3E3E , 3320 
0x3E3E , 3325 
0x3E3E , 3358 
0x3E3E , 3311 
0x3E3E , 3325 
0x3E3E , 3316 
0x3E3E , 3348 
0x3E3E , 3311 
0x3E3E , 3362 
0x3E3E , 3325 
0x3E3E , 3334 
0x3E3E , 3316 
0x3E3E , 3334 
0x3E3E , 3316 
0x3E3E , 3334 
0x3E3E , 3353 
0x3E3E , 3339 
0x3E3E , 3334 
0x3E3E , 3330 
0x3E3E , 3353 
0x3E3E , 3330 
0x3E3E , 3348 
0x3E3E , 3320 
0x3E3E , 3348 
0x3E3E , 3320 
0x3E3E , 3320 
0x3E3E , 3330 
0x3E3E , 3334 
0x3E3E , 3320 
0x3E3E , 3306 
0x3E3E , 3362 
0x3E3E , 3325 
0x3E3E , 3320 
0x3E3E , 3344 
0x3E3E , 3330 
0x3E3E , 3367 
0x3E3E , 3334 
0x3E3E , 3358 
0x3E3E , 3330 
0x3E3E , 3306 
0x3E3E , 3330 
0x3E3E , 3367 
0x3E3E , 3358 
0x3E3E , 3339 
0x3E3E , 3344 
0x3E3E , 3386 
0x3E3E , 3344 
0x3E3E , 3348 
0x3E3E , 3358 
0x3E3E , 3344 
0x3E3E , 3344 
0x3E3E , 3348 
0x3E3E , 3353 
0x3E3E , 3344 
0x3E3E , 3358 
0x3E3E , 3320 
0x3E3E , 3325 
0x3E3E , 3348 
0x3E3E , 3358 
0x3E3E , 3316 
0x3E3E , 3334 
0x3E3E , 3330 
0x3E3E , 3344 
0x3E3E , 3334 
0x3E3E , 3339 
0x3E3E , 3339 
0x3E3E , 3325 
0x3E3E , 3344 
0x3E3E , 3377 
0x3E3E , 3330 
0x3E3E , 3339 
0x3E3E , 3334 
0x3E3E , 3302 
0x3E3E , 3353 
0x3E3E , 3367 
0x3E3E , 3344 
0x3E3E , 3377 
0x3E3E , 3325 
0x3E3E , 3362 
0x3E3E , 3325 
0x3E3E , 3325 
0x3E3E , 3334 
0x3E3E , 3330 
0x3E3E , 3353 
0x3E3E , 3358 
0x3E3E , 3362 
0x3E3E , 3311 
0x3E3E , 3334 
0x3E3E , 3353 
0x3E3E , 3358 
0x3E3E , 3348 
0x3E3E , 3348 
0x3E3E , 3358 
0x3E3E , 3339 
0x3E3E , 3348 
0x3E3E , 3348 
0x3E3E , 3339 
0x3E3E , 3325 
0x3E3E , 3353 
0x3E3E , 3381 
0x3E3E , 3348 
0x3E3E , 3353 
0x3E3E , 3330 
0x3E3E , 3334 
0x3E3E , 3316 
0x3E3E , 3367 
0x3E3E , 3320 
0x3E3E , 3358 
0x3E3E , 3339 
0x3E3E , 3334 
0x3E3E , 3325 
0x3E3E , 3334 
0x3E3E , 3348 
0x3E3E , 3330 
0x3E3E , 3316 
0x3E3E , 3316 
0x3E3E , 3367 
0x3E3E , 3344 
0x3E3E , 3334 
0x3E3E , 3362 
0x3E3E , 3320 
0x3E3E , 3362 
0x3E3E , 3330 
0x3E3E , 3320 
0x3E3E , 3311 
0x3E3E , 3330 
0x3E3E , 3339 
0x3E3E , 3348 
0x3E3E , 3339 
0x3E3E , 3311 
0x3E3E , 3334 
0x3E3E , 3316 
0x3E3E , 3344 
0x3E3E , 3330 
0x3E3E , 3320 
0x3E3E , 3339 
0x3E3E , 3311 
0x3E3E , 3325 
0x3E3E , 3353 
0x3E3E , 3320 
0x3E3E , 3348 
0x3E3E , 3325 
0x3E3E , 3334 
0x3E3E , 3330 
0x3E3E , 3334 
0x3E3E , 3339 
0x3E3E , 3344 
0x3E3E , 3320 
0x3E3E , 3330 
0x3E3E , 3330 
0x3E3E , 3334 
0x3E3E , 3311 
0x3E3E , 3330 
0x3E3E , 3348 
0x3E3E , 3334 
0x3E3E , 3358 
0x3E3E , 3353 
0x3E3E , 3348 
0x3E3E , 3311 
0x3E3E , 3344 
0x3E3E , 3358 
0x3E3E , 3325 
0x3E3E , 3334 
0x3E3E , 3311 
0x3E3E , 3353 
0x3E3E , 3344 
0x3E3E , 3367 
0x3E3E , 3320 
0x3E3E , 3297 
0x3E3E , 3344 
0x3E3E , 3320 
0x3E3E , 3297 
0x3E3E , 3325 
0x3E3E , 3297 
0x3E3E , 3339 
0x3E3E , 3339 
0x3E3E , 3344 
0x3E3E , 3358 
0x3E3E , 3344 
0x3E3E , 3339 
0x3E3E , 3306 
0x3E3E , 3344 
0x3E3E , 3362 
0x3E3E , 3330 
0x3E3E , 3311 
0x3E3E , 3330 
0x3E3E , 3325 
0x3E3E , 3348 
0x3E3E , 3330 
0x3E3E , 3330 
0x3E3E , 3325 
0x3E3E , 3334 
0x3E3E , 3344 
0x3E3E , 3330 
0x3E3E , 3325 
0x3E3E , 3330 
0x3E3E , 3348 
0x3E3E , 3320 
0x3E3E , 3353 
0x3E3E , 3320 
0x3E3E , 3344 
0x3E3E , 3325 
0x3E3E , 3339 
0x3E3E , 3334 
0x3E3E , 3334 
0x3E3E , 3353 
0x3E3E , 3348 
0x3E3E , 3334 
0x3E3E , 3348 
0x3E3E , 3334 
0x3E3E , 3339 
0x3E3E , 3362 
0x3E3E , 3330 
0x3E3E , 3353 
0x3E3E , 3330 
0x3E3E , 3358 
0x3E3E , 3362 
0x3E3E , 3320 
0x3E3E , 3325 
0x3E3E , 3348 
0x3E3E , 3325 
0x3E3E , 3325 
0x3E3E , 3344 
0x3E3E , 3334 
0x3E3E , 3320 
0x3E3E , 3339 
0x3E3E , 3353 
0x3E3E , 3325 
0x3E3E , 3339 
0x3E3E , 3311 
0x3E3E , 3344 
0x3E3E , 3353 
0x3E3E , 3372 
0x3E3E , 3334 
0x3E3E , 3297 
0x3E3E , 3358 
0x3E3E , 3316 
0x3E3E , 3362 
0x3E3E , 3344 
0x3E3E , 3339 
0x3E3E , 3334 
0x3E3E , 3348 
0x3E3E , 3358 
0x3E3E , 3348 
0x3E3E , 3334 
0x3E3E , 3353 
0x3E3E , 3358 
0x3E3E , 3367 
0x3E3E , 3348 
0x3E3E , 3344 
0x3E3E , 3339 
0x3E3E , 3302 
0x3E3E , 3334 
0x3E3E , 3325 
0x3E3E , 3320 
0x3E3E , 3330 
0x3E3E , 3353 
0x3E3E , 3311 
0x3E3E , 3306 
0x3E3E , 3311 
0x3E3E , 3273 
0x3E3E , 3292 
0x3E3E , 3348 
0x3E3E , 3334 
0x3E3E , 3316 
0x3E3E , 3339 
0x3E3E , 3344 
0x3E3E , 3339 
0x3E3E , 3311 
0x3E3E , 3320 
0x3E3E , 3311 
0x3E3E , 3348 
0x3E3E , 3325 
0x3E3E , 3348 
0x3E3E , 3325 
0x3E3E , 3330 
0x3E3E , 3334 
0x3E3E , 3344 
0x3E3E , 3283 
0x3E3E , 3330 
0x3E3E , 3334 
0x3E3E , 3316 
0x3E3E , 3320 
0x3E3E , 3311 
0x3E3E , 3334 
0x3E3E , 3325 
0x3E3E , 3330 
0x3E3E , 3344 
0x3E3E , 3316 
0x3E3E , 3330 
0x3E3E , 3320 
0x3E3E , 3311 

0x4D4D , 3226 
0x4D4D , 3226 
0x4D4D , 3241 
0x4D4D , 3222 
0x4D4D , 3241 
0x4D4D , 3236 
0x4D4D , 3222 
0x4D4D , 3236 
0x4D4D , 3273 
0x4D4D , 3212 
0x4D4D , 3250 
0x4D4D , 3264 
0x4D4D , 3278 
0x4D4D , 3259 
0x4D4D , 3264 
0x4D4D , 3255 
0x4D4D , 3269 
0x4D4D , 3236 
0x4D4D , 3231 
0x4D4D , 3250 
0x4D4D , 3283 
0x4D4D , 3283 
0x4D4D , 3236 
0x4D4D , 3259 
0x4D4D , 3264 
0x4D4D , 3273 
0x4D4D , 3245 
0x4D4D , 3241 
0x4D4D , 3278 
0x4D4D , 3273 
0x4D4D , 3250 
0x4D4D , 3273 
0x4D4D , 3273 
0x4D4D , 3269 
0x4D4D , 3273 
0x4D4D , 3264 
0x4D4D , 3250 
0x4D4D , 3264 
0x4D4D , 3255 
0x4D4D , 3259 
0x4D4D , 3259 
0x4D4D , 3241 
0x4D4D , 3259 
0x4D4D , 3245 
0x4D4D , 3273 
0x4D4D , 3241 
0x4D4D , 3255 
0x4D4D , 3259 
0x4D4D , 3241 
0x4D4D , 3283 
0x4D4D , 3236 
0x4D4D , 3250 
0x4D4D , 3278 
0x4D4D , 3259 
0x4D4D , 3259 
0x4D4D , 3278 
0x4D4D , 3273 
0x4D4D , 3255 
0x4D4D , 3297 
0x4D4D , 3250 
0x4D4D , 3264 
0x4D4D , 3255 
0x4D4D , 3250 
0x4D4D , 3269 
0x4D4D , 3292 
0x4D4D , 3283 
0x4D4D , 3273 
0x4D4D , 3278 
0x4D4D , 3283 
0x4D4D , 3264 
0x4D4D , 3264 
0x4D4D , 3273 
0x4D4D , 3297 
0x4D4D , 3259 
0x4D4D , 3283 
0x4D4D , 3292 
0x4D4D , 3269 
0x4D4D , 3245 
0x4D4D , 3259 
0x4D4D , 3264 
0x4D4D , 3269 
0x4D4D , 3283 
0x4D4D , 3264 
0x4D4D , 3283 
0x4D4D , 3273 
0x4D4D , 3250 
0x4D4D , 3283 
0x4D4D , 3273 
0x4D4D , 3278 
0x4D4D , 3255 
0x4D4D , 3278 
0x4D4D , 3269 
0x4D4D , 3250 
0x4D4D , 3273 
0x4D4D , 3287 
0x4D4D , 3302 
0x4D4D , 3283 
0x4D4D , 3302 
0x4D4D , 3306 
0x4D4D , 3245 
0x4D4D , 3269 
0x4D4D , 3278 
0x4D4D , 3278 
0x4D4D , 3269 
0x4D4D , 3278 
0x4D4D , 3269 
0x4D4D , 3259 
0x4D4D , 3255 
0x4D4D , 3273 
0x4D4D , 3264 
0x4D4D , 3325 
0x4D4D , 3287 
0x4D4D , 3264 
0x4D4D , 3236 
0x4D4D , 3259 
0x4D4D , 3245 
0x4D4D , 3259 
0x4D4D , 3283 
0x4D4D , 3278 
0x4D4D , 3269 
0x4D4D , 3287 
0x4D4D , 3269 
0x4D4D , 3273 
0x4D4D , 3259 
0x4D4D , 3269 
0x4D4D , 3283 
0x4D4D , 3255 
0x4D4D , 3278 
0x4D4D , 3278 
0x4D4D , 3273 
0x4D4D , 3278 
0x4D4D , 3283 
0x4D4D , 3283 
0x4D4D , 3292 
0x4D4D , 3287 
0x4D4D , 3278 
0x4D4D , 3259 
0x4D4D , 3283 
0x4D4D , 3278 
0x4D4D , 3273 
0x4D4D , 3292 
0x4D4D , 3292 
0x4D4D , 3269 
0x4D4D , 3292 
0x4D4D , 3269 
0x4D4D , 3269 
0x4D4D , 3241 
0x4D4D , 3269 
0x4D4D , 3283 
0x4D4D , 3278 
0x4D4D , 3283 
0x4D4D , 3259 
0x4D4D , 3250 
0x4D4D , 3259 
0x4D4D , 3278 
0x4D4D , 3297 
0x4D4D , 3283 
0x4D4D , 3264 
0x4D4D , 3273 
0x4D4D , 3255 
0x4D4D , 3292 
0x4D4D , 3278 
0x4D4D , 3250 
0x4D4D , 3231 
0x4D4D , 3306 
0x4D4D , 3245 
0x4D4D , 3287 
0x4D4D , 3287 
0x4D4D , 3273 
0x4D4D , 3302 
0x4D4D , 3278 
0x4D4D , 3292 
0x4D4D , 3278 
0x4D4D , 3297 
0x4D4D , 3292 
0x4D4D , 3278 
0x4D4D , 3273 
0x4D4D , 3287 
0x4D4D , 3287 
0x4D4D , 3273 
0x4D4D , 3297 
0x4D4D , 3283 
0x4D4D , 3264 
0x4D4D , 3269 
0x4D4D , 3302 
0x4D4D , 3259 
0x4D4D , 3269 
0x4D4D , 3311 
0x4D4D , 3264 
0x4D4D , 3273 
0x4D4D , 3273 
0x4D4D , 3302 
0x4D4D , 3283 
0x4D4D , 3297 
0x4D4D , 3273 
0x4D4D , 3250 
0x4D4D , 3292 
0x4D4D , 3245 
0x4D4D , 3264 
0x4D4D , 3287 
0x4D4D , 3278 
0x4D4D , 3283 
0x4D4D , 3292 
0x4D4D , 3302 
0x4D4D , 3297 
0x4D4D , 3273 
0x4D4D , 3283 
0x4D4D , 3283 
0x4D4D , 3278 
0x4D4D , 3278 
0x4D4D , 3287 
0x4D4D , 3273 
0x4D4D , 3278 
0x4D4D , 3311 
0x4D4D , 3241 
0x4D4D , 3255 
0x4D4D , 3273 
0x4D4D , 3264 
0x4D4D , 3273 
0x4D4D , 3259 
0x4D4D , 3283 
0x4D4D , 3273 
0x4D4D , 3302 
0x4D4D , 3278 
0x4D4D , 3278 
0x4D4D , 3255 
0x4D4D , 3273 
0x4D4D , 3273 
0x4D4D , 3273 
0x4D4D , 3292 
0x4D4D , 3269 
0x4D4D , 3302 
0x4D4D , 3283 
0x4D4D , 3259 
0x4D4D , 3283 
0x4D4D , 3269 
0x4D4D , 3269 
0x4D4D , 3273 
0x4D4D , 3302 
0x4D4D , 3297 
0x4D4D , 3255 
0x4D4D , 3278 
0x4D4D , 3297 
0x4D4D , 3269 
0x4D4D , 3297 
0x4D4D , 3273 
0x4D4D , 3316 
0x4D4D , 3273 
0x4D4D , 3311 
0x4D4D , 3302 
0x4D4D , 3287 
0x4D4D , 3311 
0x4D4D , 3287 
0x4D4D , 3273 
0x4D4D , 3250 
0x4D4D , 3297 
0x4D4D , 3297 
0x4D4D , 3269 
0x4D4D , 3287 
0x4D4D , 3273 
0x4D4D , 3273 
0x4D4D , 3264 
0x4D4D , 3297 
0x4D4D , 3297 
0x4D4D , 3269 
0x4D4D , 3287 
0x4D4D , 3269 
0x4D4D , 3283 
0x4D4D , 3287 
0x4D4D , 3255 
0x4D4D , 3306 
0x4D4D , 3287 
0x4D4D , 3302 
0x4D4D , 3297 
0x4D4D , 3278 
0x4D4D , 3283 
0x4D4D , 3297 
0x4D4D , 3292 
0x4D4D , 3292 
0x4D4D , 3297 
0x4D4D , 3292 
0x4D4D , 3259 
0x4D4D , 3264 
0x4D4D , 3302 
0x4D4D , 3302 
0x4D4D , 3283 
0x4D4D , 3283 
0x4D4D , 3273 
0x4D4D , 3269 
0x4D4D , 3292 
0x4D4D , 3278 
0x4D4D , 3255 
0x4D4D , 3283 
0x4D4D , 3278 
0x4D4D , 3273 
0x4D4D , 3292 
0x4D4D , 3302 
0x4D4D , 3259 
0x4D4D , 3292 
0x4D4D , 3273 
0x4D4D , 3292 
0x4D4D , 3273 
0x4D4D , 3264 
0x4D4D , 3259 
0x4D4D , 3269 
0x4D4D , 3302 
0x4D4D , 3273 
0x4D4D , 3278 
0x4D4D , 3283 
0x4D4D , 3287 
0x4D4D , 3297 
0x4D4D , 3283 
0x4D4D , 3273 
0x4D4D , 3297 
0x4D4D , 3287 
0x4D4D , 3283 
0x4D4D , 3283 
0x4D4D , 3292 
0x4D4D , 3269 
0x4D4D , 3273 
0x4D4D , 3264 
0x4D4D , 3278 
0x4D4D , 3273 
0x4D4D , 3283 
0x4D4D , 3269 
0x4D4D , 3283 
0x4D4D , 3273 
0x4D4D , 3264 
0x4D4D , 3287 
0x4D4D , 3278 
0x4D4D , 3287 
0x4D4D , 3278 
0x4D4D , 3278 
0x4D4D , 3278 
0x4D4D , 3292 
0x4D4D , 3264 
0x4D4D , 3278 
0x4D4D , 3259 
0x4D4D , 3259 
0x4D4D , 3273 
0x4D4D , 3278 
0x4D4D , 3283 
0x4D4D , 3264 
0x4D4D , 3283 
0x4D4D , 3273 
0x4D4D , 3241 
0x4D4D , 3306 
0x4D4D , 3255 
0x4D4D , 3302 
0x4D4D , 3250 
0x4D4D , 3283 
0x4D4D , 3302 
0x4D4D , 3287 
0x4D4D , 3283 
0x4D4D , 3264 
0x4D4D , 3264 
0x4D4D , 3269 
0x4D4D , 3278 
0x4D4D , 3283 
0x4D4D , 3255 
0x4D4D , 3250 
0x4D4D , 3283 
0x4D4D , 3269 
0x4D4D , 3273 
0x4D4D , 3273 
0x4D4D , 3278 
0x4D4D , 3269 
0x4D4D , 3273 
0x4D4D , 3292 
0x4D4D , 3292 
0x4D4D , 3292 
0x4D4D , 3269 
0x4D4D , 3269 
0x4D4D , 3297 

0x6E6E , 3306 
0x6E6E , 3302 
0x6E6E , 3236 
0x6E6E , 3316 
0x6E6E , 3302 
0x6E6E , 3311 
0x6E6E , 3461 
0x6E6E , 3226 
0x6E6E , 3283 
0x6E6E , 3334 
0x6E6E , 3297 
0x6E6E , 3320 
0x6E6E , 3208 
0x6E6E , 3222 
0x6E6E , 3236 
0x6E6E , 3287 
0x6E6E , 3269 
0x6E6E , 3250 
0x6E6E , 3241 
0x6E6E , 3719 
0x6E6E , 3236 
0x6E6E , 3311 
0x6E6E , 3428 
0x6E6E , 3541 
0x6E6E , 3320 
0x6E6E , 3320 
0x6E6E , 3738 
0x6E6E , 3311 
0x6E6E , 3278 
0x6E6E , 3273 
0x6E6E , 3325 
0x6E6E , 3325 
0x6E6E , 3273 
0x6E6E , 3480 
0x6E6E , 3273 
0x6E6E , 3339 
0x6E6E , 3447 
0x6E6E , 3292 
0x6E6E , 3250 
0x6E6E , 3484 
0x6E6E , 3517 
0x6E6E , 3306 
0x6E6E , 3470 
0x6E6E , 3686 
0x6E6E , 3334 
0x6E6E , 3320 
0x6E6E , 3339 
0x6E6E , 3316 
0x6E6E , 3287 
0x6E6E , 4118 
0x6E6E , 3212 
0x6E6E , 3287 
0x6E6E , 3278 
0x6E6E , 3217 
0x6E6E , 3259 
0x6E6E , 3278 
0x6E6E , 3292 
0x6E6E , 3245 
0x6E6E , 3438 
0x6E6E , 3362 
0x6E6E , 3259 
0x6E6E , 3447 
0x6E6E , 3231 
0x6E6E , 3353 
0x6E6E , 3306 
0x6E6E , 3269 
0x6E6E , 3306 
0x6E6E , 3250 
0x6E6E , 3522 
0x6E6E , 3273 
0x6E6E , 3273 
0x6E6E , 3484 
0x6E6E , 3255 
0x6E6E , 3696 
0x6E6E , 3259 
0x6E6E , 3302 
0x6E6E , 3672 
0x6E6E , 3231 
0x6E6E , 3287 
0x6E6E , 3325 
0x6E6E , 3278 
0x6E6E , 3269 
0x6E6E , 3273 
0x6E6E , 3297 
ÿPlease set all used Node IDs
How many Nodes do you want to connect?
Write down the 16 bit IDs of 1 Nodes in HEX
Nodes IDs are set.
0x6E6E , 3297 
0x6E6E , 3283 
0x6E6E , 3245 
0x6E6E , 3250 
0x6E6E , 3348 
0x6E6E , 3306 
0x6E6E , 3306 
0x6E6E , 3367 
0x6E6E , 3367 
0x6E6E , 3245 
0x6E6E , 3250 
0x6E6E , 3400 
0x6E6E , 3916 
0x6E6E , 3302 
0x6E6E , 3391 
0x6E6E , 3297 
0x6E6E , 3236 
0x6E6E , 3681 
0x6E6E , 3259 
0x6E6E , 3273 
0x6E6E , 3663 
0x6E6E , 3259 
0x6E6E , 3231 
0x6E6E , 3231 
0x6E6E , 3255 
0x6E6E , 3620 
0x6E6E , 3231 
0x6E6E , 3236 
0x6E6E , 3264 
0x6E6E , 3250 
0x6E6E , 3236 
0x6E6E , 3255 
0x6E6E , 3287 
0x6E6E , 3283 
0x6E6E , 3710 
0x6E6E , 3236 
0x6E6E , 3264 
0x6E6E , 3241 
0x6E6E , 3231 
0x6E6E , 3264 
0x6E6E , 3217 
0x6E6E , 3189 
0x6E6E , 3681 
0x6E6E , 3255 
0x6E6E , 3250 
0x6E6E , 3273 
0x6E6E , 3480 
0x6E6E , 3283 
0x6E6E , 3311 
0x6E6E , 3292 
0x6E6E , 3278 
0x6E6E , 3241 
0x6E6E , 3302 
0x6E6E , 3222 
0x6E6E , 3255 
0x6E6E , 3283 
0x6E6E , 3198 
0x6E6E , 3236 
0x6E6E , 3212 
0x6E6E , 3236 
0x6E6E , 3208 
0x6E6E , 3250 
0x6E6E , 3438 
0x6E6E , 3212 
0x6E6E , 3353 
0x6E6E , 3325 
0x6E6E , 3794 
0x6E6E , 3419 
0x6E6E , 3264 
0x6E6E , 3456 
0x6E6E , 3297 
0x6E6E , 3316 
0x6E6E , 3259 
0x6E6E , 3456 
0x6E6E , 3480 
0x6E6E , 3241 
0x6E6E , 3438 
0x6E6E , 3269 
0x6E6E , 3278 
0x6E6E , 3484 
0x6E6E , 3292 
0x6E6E , 3325 
0x6E6E , 3428 
0x6E6E , 3663 
0x6E6E , 3475 
0x6E6E , 3724 
0x6E6E , 3461 
0x6E6E , 3255 
0x6E6E , 3728 
0x6E6E , 3278 
0x6E6E , 3395 
0x6E6E , 3278 
0x6E6E , 3653 
0x6E6E , 3250 
0x6E6E , 3658 
0x6E6E , 3344 
0x6E6E , 3273 
0x6E6E , 3217 
0x6E6E , 3278 
0x6E6E , 3686 
0x6E6E , 3588 
0x6E6E , 3377 
0x6E6E , 3287 
0x6E6E , 3433 
0x6E6E , 3236 
0x6E6E , 3658 
0x6E6E , 3278 
0x6E6E , 3442 
0x6E6E , 3236 
0x6E6E , 0 
0x6E6E , 3325 
0x6E6E , 3269 
0x6E6E , 3499 
0x6E6E , 3278 
0x6E6E , 3287 
0x6E6E , 3245 
0x6E6E , 3325 
0x6E6E , 3377 
0x6E6E , 3667 
0x6E6E , 3306 
0x6E6E , 3663 
0x6E6E , 3419 
0x6E6E , 3484 
0x6E6E , 3259 
0x6E6E , 3456 
0x6E6E , 3470 
0x6E6E , 3231 
0x6E6E , 3297 
0x6E6E , 3287 
0x6E6E , 3400 
0x6E6E , 3672 
0x6E6E , 3489 
0x6E6E , 3273 
0x6E6E , 3691 
0x6E6E , 3728 
0x6E6E , 3316 
0x6E6E , 3241 
0x6E6E , 3728 
0x6E6E , 3536 
0x6E6E , 3503 
0x6E6E , 3302 
0x6E6E , 3306 
0x6E6E , 0 
0x6E6E , 3846 
0x6E6E , 3302 
0x6E6E , 3541 
0x6E6E , 3677 
0x6E6E , 3255 
0x6E6E , 3644 
0x6E6E , 3348 
0x6E6E , 3653 
0x6E6E , 3930 
0x6E6E , 3269 
0x6E6E , 3691 
0x6E6E , 3245 
0x6E6E , 3330 
0x6E6E , 3316 
0x6E6E , 3245 
0x6E6E , 3470 
0x6E6E , 3217 
0x6E6E , 3222 
0x6E6E , 3836 
0x6E6E , 3259 
0x6E6E , 3283 
0x6E6E , 3236 
0x6E6E , 3255 
0x6E6E , 3245 
0x6E6E , 3241 
0x6E6E , 3592 
0x6E6E , 3250 
0x6E6E , 3241 
0x6E6E , 3677 
0x6E6E , 3325 
0x6E6E , 3475 
0x6E6E , 3691 
0x6E6E , 3208 
0x6E6E , 3480 
0x6E6E , 3466 
0x6E6E , 3241 
0x6E6E , 3208 
0x6E6E , 3302 
0x6E6E , 3241 
0x6E6E , 3245 
0x6E6E , 3255 
0x6E6E , 3344 
0x6E6E , 3414 
0x6E6E , 3255 
0x6E6E , 3325 
0x6E6E , 3377 
0x6E6E , 3714 
0x6E6E , 3273 
0x6E6E , 3630 
0x6E6E , 3250 
0x6E6E , 3452 
0x6E6E , 3269 
0x6E6E , 3438 
0x6E6E , 3644 
0x6E6E , 3297 
0x6E6E , 3255 
0x6E6E , 3325 
0x6E6E , 3231 
0x6E6E , 3447 
0x6E6E , 3208 
0x6E6E , 3241 
0x6E6E , 3241 
0x6E6E , 3184 
0x6E6E , 3447 
0x6E6E , 3194 
0x6E6E , 3165 
0x6E6E , 3222 
0x6E6E , 3241 
0x6E6E , 3165 
0x6E6E , 3433 
0x6E6E , 3208 
0x6E6E , 3180 
0x6E6E , 3212 
0x6E6E , 3212 
0x6E6E , 3236 
0x6E6E , 3133 
0x6E6E , 3489 
0x6E6E , 3217 
0x6E6E , 3208 
0x6E6E , 3255 
0x6E6E , 3273 
0x6E6E , 3639 
0x6E6E , 3977 
0x6E6E , 4024 
0x6E6E , 3921 
0x6E6E , 3241 
0x6E6E , 3217 
0x6E6E , 3245 
0x6E6E , 3832 
0x6E6E , 3222 
0x6E6E , 3625 
0x6E6E , 3226 
0x6E6E , 3358 
0x6E6E , 3212 
0x6E6E , 3339 
0x6E6E , 3222 
0x6E6E , 3306 
0x6E6E , 3236 
0x6E6E , 3283 
0x6E6E , 3250 
0x6E6E , 3841 
0x6E6E , 3212 
0x6E6E , 3320 
0x6E6E , 3513 
0x6E6E , 3198 
0x6E6E , 3180 
0x6E6E , 3208 
0x6E6E , 3198 
0x6E6E , 3667 
0x6E6E , 3137 
0x6E6E , 3137 
0x6E6E , 3180 
0x6E6E , 3217 
0x6E6E , 3180 
0x6E6E , 3184 
0x6E6E , 3273 
0x6E6E , 3273 
0x6E6E , 3241 
0x6E6E , 3156 
0x6E6E , 3231 
0x6E6E , 3198 
0x6E6E , 3212 
0x6E6E , 3250 
0x6E6E , 3208 
0x6E6E , 3208 
0x6E6E , 3620 
0x6E6E , 3180 
0x6E6E , 3184 
0x6E6E , 3245 
0x6E6E , 3161 
0x6E6E , 3442 
0x6E6E , 3255 
0x6E6E , 3620 
0x6E6E , 3255 
0x6E6E , 3362 
0x6E6E , 3217 
0x6E6E , 3226 
0x6E6E , 3198 
0x6E6E , 3212 
0x6E6E , 3691 
0x6E6E , 3475 
0x6E6E , 3222 
0x6E6E , 3180 
0x6E6E , 3189 
0x6E6E , 3400 
0x6E6E , 3302 
0x6E6E , 3433 
0x6E6E , 3184 
0x6E6E , 3442 
0x6E6E , 3231 
0x6E6E , 3212 
0x6E6E , 3499 
0x6E6E , 3316 
0x6E6E , 3203 
0x6E6E , 3489 
0x6E6E , 3241 
0x6E6E , 3461 
0x6E6E , 3264 
0x6E6E , 3231 
0x6E6E , 3438 
0x6E6E , 3189 
0x6E6E , 3461 
0x6E6E , 3189 
0x6E6E , 3292 
0x6E6E , 3170 
0x6E6E , 3212 
0x6E6E , 3222 
0x6E6E , 3686 
0x6E6E , 3269 
0x6E6E , 3226 
0x6E6E , 3672 
0x6E6E , 3203 
0x6E6E , 3273 
0x6E6E , 3236 
0x6E6E , 3198 
0x6E6E , 3367 
0x6E6E , 3212 
0x6E6E , 3212 
0x6E6E , 3231 
0x6E6E , 3226 
0x6E6E , 3222 
0x6E6E , 3639 
0x6E6E , 3217 
0x6E6E , 3226 
0x6E6E , 3241 
0x6E6E , 3639 
0x6E6E , 3691 
0x6E6E , 3212 
0x6E6E , 3255 
0x6E6E , 3386 
0x6E6E , 3212 
0x6E6E , 3255 
0x6E6E , 3428 
0x6E6E , 3250 
0x6E6E , 3241 
0x6E6E , 3180 
0x6E6E , 3236 
0x6E6E , 3302 
0x6E6E , 3273 
0x6E6E , 3231 
0x6E6E , 3677 
0x6E6E , 3456 
0x6E6E , 3639 
