0x1C1C , 4244 
0x1C1C , 4244 
0x1C1C , 4211 
0x1C1C , 4254 
0x1C1C , 4258 
0x1C1C , 4254 
0x1C1C , 4230 
0x1C1C , 4244 
0x1C1C , 4244 
0x1C1C , 4226 
0x1C1C , 4249 
0x1C1C , 4254 
0x1C1C , 4240 
0x1C1C , 4216 
0x1C1C , 4277 
0x1C1C , 4268 
0x1C1C , 4258 
0x1C1C , 4235 
0x1C1C , 4277 
0x1C1C , 4235 
0x1C1C , 4254 
0x1C1C , 4272 
0x1C1C , 4258 
0x1C1C , 4221 
0x1C1C , 4254 
0x1C1C , 4263 
0x1C1C , 4249 
0x1C1C , 4272 
0x1C1C , 4272 
0x1C1C , 4272 
0x1C1C , 4282 
0x1C1C , 4249 
0x1C1C , 4258 
0x1C1C , 4230 
0x1C1C , 4263 
0x1C1C , 4272 
0x1C1C , 4268 
0x1C1C , 4263 
0x1C1C , 4254 
0x1C1C , 4272 
0x1C1C , 4272 
0x1C1C , 4235 
0x1C1C , 4249 
0x1C1C , 4240 
0x1C1C , 4277 
0x1C1C , 4277 
0x1C1C , 4254 
0x1C1C , 4207 
0x1C1C , 4268 
0x1C1C , 4254 
0x1C1C , 4249 
0x1C1C , 4268 
0x1C1C , 4286 
0x1C1C , 4244 
0x1C1C , 4221 
0x1C1C , 4249 
0x1C1C , 4230 
0x1C1C , 4235 
0x1C1C , 4235 
0x1C1C , 4244 
0x1C1C , 4249 
0x1C1C , 4235 
0x1C1C , 4249 
0x1C1C , 4249 
0x1C1C , 4226 
0x1C1C , 4258 
0x1C1C , 4268 
0x1C1C , 4230 
0x1C1C , 4235 
0x1C1C , 4240 
0x1C1C , 4216 
0x1C1C , 4249 
0x1C1C , 4263 
0x1C1C , 4249 
0x1C1C , 4258 
0x1C1C , 4230 
0x1C1C , 4254 
0x1C1C , 4240 
0x1C1C , 4230 
0x1C1C , 4226 
0x1C1C , 4258 
0x1C1C , 4244 
0x1C1C , 4240 
0x1C1C , 4230 
0x1C1C , 4249 
0x1C1C , 4244 
0x1C1C , 4235 
0x1C1C , 4254 
0x1C1C , 4230 
0x1C1C , 4240 
0x1C1C , 4258 
0x1C1C , 4221 
0x1C1C , 4263 
0x1C1C , 4249 
0x1C1C , 4254 
0x1C1C , 4244 
0x1C1C , 4268 
0x1C1C , 4249 
0x1C1C , 4230 
0x1C1C , 4244 
0x1C1C , 4258 
0x1C1C , 4226 
0x1C1C , 4202 
0x1C1C , 4258 
0x1C1C , 4240 
0x1C1C , 4235 
0x1C1C , 4207 
0x1C1C , 4263 
0x1C1C , 4216 
0x1C1C , 4258 
0x1C1C , 4272 
0x1C1C , 4249 
0x1C1C , 4277 
0x1C1C , 4230 
0x1C1C , 4230 
0x1C1C , 4249 
0x1C1C , 4254 
0x1C1C , 4258 
0x1C1C , 4240 
0x1C1C , 4258 
0x1C1C , 4249 
0x1C1C , 4263 
0x1C1C , 4235 
0x1C1C , 4268 
0x1C1C , 4263 
0x1C1C , 4235 
0x1C1C , 4258 
0x1C1C , 4240 
0x1C1C , 4254 
0x1C1C , 4216 
0x1C1C , 4244 
0x1C1C , 4249 
0x1C1C , 4249 
0x1C1C , 4235 
0x1C1C , 4244 
0x1C1C , 4263 
0x1C1C , 4235 
0x1C1C , 4244 
0x1C1C , 4263 
0x1C1C , 4249 
0x1C1C , 4254 
0x1C1C , 4235 
0x1C1C , 4221 
0x1C1C , 4268 
0x1C1C , 4263 
0x1C1C , 4240 
0x1C1C , 4254 
0x1C1C , 4240 
0x1C1C , 4263 
0x1C1C , 4258 
0x1C1C , 4249 
0x1C1C , 4244 
0x1C1C , 4230 
0x1C1C , 4244 
0x1C1C , 4272 
0x1C1C , 4249 
0x1C1C , 4226 
0x1C1C , 4263 
0x1C1C , 4254 
0x1C1C , 4244 
0x1C1C , 4230 
0x1C1C , 4235 
0x1C1C , 4249 
0x1C1C , 4240 
0x1C1C , 4240 
0x1C1C , 4249 
0x1C1C , 4249 
0x1C1C , 4254 
0x1C1C , 4296 
0x1C1C , 4258 
0x1C1C , 4254 
0x1C1C , 4258 
0x1C1C , 4263 
0x1C1C , 4249 
0x1C1C , 4249 
0x1C1C , 4235 
0x1C1C , 4240 
0x1C1C , 4244 
0x1C1C , 4254 
0x1C1C , 4258 
0x1C1C , 4254 
0x1C1C , 4235 
0x1C1C , 4197 
0x1C1C , 4258 
0x1C1C , 4244 
0x1C1C , 4263 
0x1C1C , 4319 
0x1C1C , 4272 
0x1C1C , 4268 
0x1C1C , 4272 
0x1C1C , 4240 
0x1C1C , 4263 
0x1C1C , 4226 
0x1C1C , 4263 
0x1C1C , 4258 
0x1C1C , 4235 
0x1C1C , 4235 
0x1C1C , 4235 
0x1C1C , 4249 
0x1C1C , 4207 
0x1C1C , 4216 
0x1C1C , 4258 
0x1C1C , 4230 
0x1C1C , 4235 
0x1C1C , 4216 
0x1C1C , 4254 
0x1C1C , 4179 
0x1C1C , 4244 
0x1C1C , 4216 
0x1C1C , 4244 
0x1C1C , 4216 
0x1C1C , 4235 
0x1C1C , 4240 
0x1C1C , 4221 
0x1C1C , 4230 
0x1C1C , 4235 
0x1C1C , 4254 
0x1C1C , 4221 
0x1C1C , 4244 
0x1C1C , 4207 
0x1C1C , 4226 
0x1C1C , 4202 
0x1C1C , 4235 
0x1C1C , 4235 
0x1C1C , 4183 
0x1C1C , 4240 
0x1C1C , 4230 
0x1C1C , 4211 
0x1C1C , 4183 
0x1C1C , 4235 
0x1C1C , 4226 
0x1C1C , 4202 
0x1C1C , 4244 
0x1C1C , 4211 
0x1C1C , 4174 
0x1C1C , 4193 
0x1C1C , 4216 
0x1C1C , 4202 
0x1C1C , 4211 
0x1C1C , 4235 
0x1C1C , 4216 
0x1C1C , 4230 
0x1C1C , 4197 
0x1C1C , 4188 
0x1C1C , 4207 
0x1C1C , 4230 
0x1C1C , 4211 
0x1C1C , 4244 
0x1C1C , 4226 
0x1C1C , 4221 
0x1C1C , 4202 
0x1C1C , 4230 
0x1C1C , 4226 
0x1C1C , 4226 
0x1C1C , 4211 
0x1C1C , 4197 
0x1C1C , 4226 
0x1C1C , 4183 
0x1C1C , 4235 
0x1C1C , 4150 
0x1C1C , 4221 
0x1C1C , 4216 
0x1C1C , 4193 
0x1C1C , 4235 
0x1C1C , 4221 
0x1C1C , 4202 
0x1C1C , 4216 
0x1C1C , 4207 
0x1C1C , 4244 
0x1C1C , 4211 
0x1C1C , 4221 
0x1C1C , 4235 
0x1C1C , 4207 
0x1C1C , 4221 
0x1C1C , 4226 
0x1C1C , 4230 
0x1C1C , 4230 
0x1C1C , 4202 
0x1C1C , 4211 
0x1C1C , 4202 
0x1C1C , 4244 
0x1C1C , 4216 
0x1C1C , 4226 
0x1C1C , 4235 
0x1C1C , 4244 
0x1C1C , 4211 
0x1C1C , 4226 
0x1C1C , 4235 
0x1C1C , 4226 
0x1C1C , 4244 
0x1C1C , 4207 
0x1C1C , 4207 
0x1C1C , 4211 
0x1C1C , 4226 
0x1C1C , 4221 
0x1C1C , 4197 
0x1C1C , 4249 
0x1C1C , 4216 
0x1C1C , 4240 
0x1C1C , 4211 
0x1C1C , 4258 
0x1C1C , 4230 
0x1C1C , 4226 
0x1C1C , 4211 
0x1C1C , 4244 
0x1C1C , 4216 
0x1C1C , 4226 
0x1C1C , 4235 
0x1C1C , 4244 
0x1C1C , 4226 
0x1C1C , 4221 
0x1C1C , 4211 
0x1C1C , 4235 
0x1C1C , 4263 
0x1C1C , 4221 
0x1C1C , 4207 
0x1C1C , 4226 
0x1C1C , 4221 
0x1C1C , 4226 
0x1C1C , 4226 
0x1C1C , 4221 
0x1C1C , 4240 
0x1C1C , 4207 
0x1C1C , 4244 
0x1C1C , 4235 
0x1C1C , 4211 
0x1C1C , 4221 
0x1C1C , 4235 
0x1C1C , 4197 
0x1C1C , 4216 
0x1C1C , 4216 
0x1C1C , 4216 
0x1C1C , 4230 
0x1C1C , 4226 
0x1C1C , 4249 
0x1C1C , 4249 
0x1C1C , 4249 
0x1C1C , 4202 
0x1C1C , 4254 
0x1C1C , 4211 
0x1C1C , 4207 
0x1C1C , 4235 
0x1C1C , 4197 
0x1C1C , 4202 
0x1C1C , 4226 
0x1C1C , 4207 
0x1C1C , 4240 
0x1C1C , 4249 
0x1C1C , 4226 
0x1C1C , 4202 
0x1C1C , 4272 
0x1C1C , 4272 
0x1C1C , 0 
0x1C1C , 4183 
0x1C1C , 4258 
0x1C1C , 4221 
0x1C1C , 4197 
0x1C1C , 4240 
0x1C1C , 4244 
0x1C1C , 4235 
0x1C1C , 4254 
0x1C1C , 4249 
0x1C1C , 4230 
0x1C1C , 4221 
0x1C1C , 4244 
0x1C1C , 4249 
0x1C1C , 4235 
0x1C1C , 4277 
0x1C1C , 4226 
0x1C1C , 4249 
0x1C1C , 4240 
0x1C1C , 4240 
0x1C1C , 4207 
0x1C1C , 4216 
0x1C1C , 4216 
0x1C1C , 4211 
