0x2020 , 4165 
0x2020 , 0 
0x2020 , 4179 
0x2020 , 4160 
0x2020 , 0 
0x2020 , 4165 
0x2020 , 0 
0x2020 , 4150 
0x2020 , 4179 
0x2020 , 4174 
0x2020 , 4188 
0x2020 , 4160 
0x2020 , 4179 
0x2020 , 4169 
0x2020 , 4183 
0x2020 , 4150 
0x2020 , 4127 
0x2020 , 0 
0x2020 , 4132 
0x2020 , 0 
0x2020 , 0 
0x2020 , 4169 
0x2020 , 4150 
0x2020 , 0 
0x2020 , 4165 
0x2020 , 0 
0x2020 , 4132 
0x2020 , 0 
0x2020 , 4169 
0x2020 , 4169 
0x2020 , 4160 
0x2020 , 0 
0x2020 , 4136 
0x2020 , 4127 
0x2020 , 4165 
0x2020 , 0 
0x2020 , 4113 
0x2020 , 4136 
0x2020 , 0 
0x2020 , 4136 
0x2020 , 0 
0x2020 , 4160 
0x2020 , 0 
0x2020 , 4099 
0x2020 , 4141 
0x2020 , 0 
0x2020 , 4160 
0x2020 , 0 
0x2020 , 4127 
0x2020 , 0 
0x2020 , 4150 
0x2020 , 0 
0x2020 , 4165 
0x2020 , 0 
0x2020 , 4118 
0x2020 , 0 
0x2020 , 4146 
0x2020 , 4136 
0x2020 , 4150 
0x2020 , 0 
0x2020 , 4136 
0x2020 , 0 
0x2020 , 4174 
0x2020 , 0 
0x2020 , 4127 
0x2020 , 4136 
0x2020 , 0 
0x2020 , 4155 
0x2020 , 0 
0x2020 , 4094 
0x2020 , 4136 
0x2020 , 0 
0x2020 , 4179 
0x2020 , 0 
0x2020 , 4108 
0x2020 , 0 
0x2020 , 4155 
0x2020 , 0 
0x2020 , 4160 
0x2020 , 0 
0x2020 , 4146 
0x2020 , 0 
0x2020 , 4160 
0x2020 , 4160 
0x2020 , 0 
0x2020 , 4146 
0x2020 , 0 
0x2020 , 4122 
0x2020 , 0 
0x2020 , 4108 
0x2020 , 0 
0x2020 , 4165 
0x2020 , 0 
0x2020 , 4122 
0x2020 , 0 
0x2020 , 4099 
0x2020 , 4141 
0x2020 , 0 
0x2020 , 4155 
0x2020 , 0 
0x2020 , 4127 
0x2020 , 0 
0x2020 , 4108 
0x2020 , 0 
0x2020 , 4155 
0x2020 , 0 
0x2020 , 4127 
0x2020 , 0 
0x2020 , 4150 
0x2020 , 4104 
0x2020 , 0 
0x2020 , 4141 
0x2020 , 0 
0x2020 , 4155 
0x2020 , 0 
0x2020 , 4122 
0x2020 , 0 
0x2020 , 4104 
0x2020 , 0 
0x2020 , 4146 
0x2020 , 0 
0x2020 , 4136 
0x2020 , 4146 
0x2020 , 0 
0x2020 , 4141 
0x2020 , 0 
0x2020 , 4108 
0x2020 , 0 
0x2020 , 4150 
0x2020 , 0 
0x2020 , 4132 
0x2020 , 0 
0x2020 , 4155 
0x2020 , 0 
0x2020 , 4132 
0x2020 , 4136 
0x2020 , 0 
0x2020 , 4141 
0x2020 , 0 
0x2020 , 4155 
0x2020 , 0 
0x2020 , 4146 
0x2020 , 0 
0x2020 , 4127 
0x2020 , 0 
0x2020 , 4174 
0x2020 , 0 
0x2020 , 4141 
0x2020 , 4155 
0x2020 , 0 
0x2020 , 4141 
0x2020 , 0 
0x2020 , 4113 
0x2020 , 0 
0x2020 , 4179 
0x2020 , 0 
0x2020 , 4150 
0x2020 , 0 
0x2020 , 4165 
0x2020 , 0 
0x2020 , 4122 
0x2020 , 4122 
0x2020 , 0 
0x2020 , 4132 
0x2020 , 0 
0x2020 , 4141 
0x2020 , 0 
0x2020 , 4155 
0x2020 , 0 
0x2020 , 4146 
0x2020 , 0 
0x2020 , 4155 
0x2020 , 0 
0x2020 , 4141 
0x2020 , 4150 
0x2020 , 0 
0x2020 , 4089 
0x2020 , 0 
0x2020 , 4169 
0x2020 , 0 
0x2020 , 4127 
0x2020 , 0 
0x2020 , 4104 
0x2020 , 0 
0x2020 , 4099 
0x2020 , 0 
0x2020 , 4113 
0x2020 , 4150 
0x2020 , 0 
0x2020 , 4150 
0x2020 , 0 
0x2020 , 4122 
0x2020 , 0 
0x2020 , 4094 
0x2020 , 0 
0x2020 , 4127 
0x2020 , 0 
0x2020 , 4108 
0x2020 , 0 
0x2020 , 4122 
0x2020 , 4150 
0x2020 , 0 
0x2020 , 4108 
0x2020 , 0 
0x2020 , 4099 
0x2020 , 0 
0x2020 , 4150 
0x2020 , 0 
0x2020 , 4080 
0x2020 , 0 
0x2020 , 4118 
0x2020 , 0 
0x2020 , 4104 
0x2020 , 4155 
0x2020 , 0 
0x2020 , 4127 
0x2020 , 0 
0x2020 , 4136 
0x2020 , 0 
0x2020 , 4146 
0x2020 , 0 
0x2020 , 4099 
0x2020 , 0 
0x2020 , 4104 
0x2020 , 0 
0x2020 , 4080 
0x2020 , 4122 
0x2020 , 0 
0x2020 , 4113 
0x2020 , 0 
0x2020 , 4136 
0x2020 , 0 
0x2020 , 4104 
0x2020 , 0 
0x2020 , 4118 
0x2020 , 0 
0x2020 , 4132 
0x2020 , 0 
0x2020 , 4061 
0x2020 , 4085 
0x2020 , 0 
0x2020 , 4089 
0x2020 , 0 
0x2020 , 4104 
0x2020 , 0 
0x2020 , 4122 
0x2020 , 0 
0x2020 , 4099 
0x2020 , 0 
0x2020 , 4061 
0x2020 , 0 
0x2020 , 4118 
0x2020 , 4108 
0x2020 , 0 
0x2020 , 4075 
0x2020 , 0 
0x2020 , 4127 
0x2020 , 0 
0x2020 , 4080 
0x2020 , 0 
0x2020 , 4066 
0x2020 , 0 
0x2020 , 4146 
0x2020 , 0 
0x2020 , 4075 
0x2020 , 4108 
0x2020 , 0 
0x2020 , 4099 
0x2020 , 0 
0x2020 , 4066 
0x2020 , 0 
0x2020 , 4057 
0x2020 , 0 
0x2020 , 4075 
0x2020 , 0 
0x2020 , 4127 
0x2020 , 0 
0x2020 , 4080 
0x2020 , 4108 
0x2020 , 0 
0x2020 , 4085 
0x2020 , 0 
0x2020 , 4089 
0x2020 , 0 
0x2020 , 4080 
0x2020 , 0 
0x2020 , 4061 
0x2020 , 0 
0x2020 , 4108 
0x2020 , 0 
0x2020 , 4122 
0x2020 , 4118 
0x2020 , 0 
0x2020 , 4085 
0x2020 , 0 
0x2020 , 4113 
0x2020 , 0 
0x2020 , 4122 
0x2020 , 0 
0x2020 , 4080 
0x2020 , 0 
0x2020 , 4132 
0x2020 , 0 
0x2020 , 4075 
0x2020 , 4085 
0x2020 , 0 
0x2020 , 4108 
0x2020 , 0 
0x2020 , 4150 
0x2020 , 0 
0x2020 , 4089 
0x2020 , 0 
0x2020 , 4127 
0x2020 , 0 
0x2020 , 4085 
0x2020 , 0 
0x2020 , 4108 
0x2020 , 4071 
0x2020 , 0 
0x2020 , 4108 
0x2020 , 0 
0x2020 , 4104 
0x2020 , 0 
0x2020 , 4122 
0x2020 , 0 
0x2020 , 4108 
0x2020 , 0 
0x2020 , 4094 
0x2020 , 0 
0x2020 , 4071 
0x2020 , 4089 
0x2020 , 0 
0x2020 , 4089 
0x2020 , 0 
0x2020 , 4061 
0x2020 , 0 
0x2020 , 4052 
0x2020 , 0 
0x2020 , 4122 
0x2020 , 0 
0x2020 , 4033 
0x2020 , 0 
0x2020 , 4071 
0x2020 , 4029 
0x2020 , 0 
0x2020 , 4061 
0x2020 , 0 
0x2020 , 4118 
0x2020 , 0 
0x2020 , 4136 
0x2020 , 0 
0x2020 , 4061 
0x2020 , 0 
0x2020 , 4113 
0x2020 , 0 
0x2020 , 4099 
0x2020 , 4085 
0x2020 , 0 
0x2020 , 4108 
0x2020 , 0 
0x2020 , 4066 
0x2020 , 0 
0x2020 , 4099 
0x2020 , 0 
0x2020 , 4094 
0x2020 , 0 
0x2020 , 4113 
0x2020 , 0 
0x2020 , 4066 
0x2020 , 4080 
0x2020 , 0 
0x2020 , 4024 
0x2020 , 0 
0x2020 , 4071 
0x2020 , 0 
0x2020 , 4080 
0x2020 , 0 
0x2020 , 4075 
0x2020 , 0 
0x2020 , 4080 
0x2020 , 0 
0x2020 , 4108 
0x2020 , 4089 
0x2020 , 0 
0x2020 , 4066 
0x2020 , 0 
0x2020 , 4089 
0x2020 , 0 
0x2020 , 4122 
0x2020 , 0 
0x2020 , 4108 
0x2020 , 0 
0x2020 , 4080 
0x2020 , 0 
0x2020 , 4099 
0x2020 , 4089 
0x2020 , 0 
0x2020 , 4052 
0x2020 , 0 
0x2020 , 4052 
0x2020 , 0 
0x2020 , 4094 
0x2020 , 0 
0x2020 , 4066 
0x2020 , 0 
0x2020 , 4094 
0x2020 , 0 
0x2020 , 4075 
0x2020 , 4080 
0x2020 , 0 
0x2020 , 4104 
0x2020 , 4080 
0x2020 , 0 
0x2020 , 4099 
0x2020 , 0 
0x2020 , 4080 
0x2020 , 0 
0x2020 , 4094 
0x2020 , 0 
0x2020 , 4108 
0x2020 , 0 
0x2020 , 0 
0x2020 , 4099 
0x2020 , 0 
0x2020 , 4075 
0x2020 , 0 
0x2020 , 4127 
0x2020 , 0 
0x2020 , 4094 
0x2020 , 0 
0x2020 , 4108 
0x2020 , 0 
0x2020 , 4113 
0x2020 , 0 
0x2020 , 0 
0x2020 , 4141 
0x2020 , 0 
0x2020 , 4094 
0x2020 , 0 
0x2020 , 4108 
0x2020 , 0 
0x2020 , 4127 
0x2020 , 0 
0x2020 , 4085 
0x2020 , 0 
0x2020 , 4094 
0x2020 , 0 
0x2020 , 0 
0x2020 , 4104 
0x2020 , 0 
0x2020 , 4113 
0x2020 , 0 
0x2020 , 4104 
0x2020 , 0 
0x2020 , 4122 
0x2020 , 0 
0x2020 , 4118 
0x2020 , 0 
0x2020 , 4113 
0x2020 , 0 
0x2020 , 0 
0x2020 , 4122 
0x2020 , 0 
0x2020 , 4108 
0x2020 , 0 
0x2020 , 4080 
0x2020 , 0 
0x2020 , 4061 
0x2020 , 0 
0x2020 , 4136 
0x2020 , 0 
0x2020 , 4118 
0x2020 , 0 
0x2020 , 0 
0x2020 , 4108 
0x2020 , 0 
0x2020 , 4071 
0x2020 , 0 
0x2020 , 4061 
0x2020 , 0 
0x2020 , 4141 
0x2020 , 0 
0x2020 , 4052 
0x2020 , 0 
0x2020 , 4104 
0x2020 , 0 
0x2020 , 0 
0x2020 , 4085 
0x2020 , 0 
0x2020 , 0 
0x2020 , 4108 
0x2020 , 0 
0x2020 , 4104 
0x2020 , 0 
0x2020 , 4108 
0x2020 , 0 
0x2020 , 4122 
0x2020 , 0 
0x2020 , 4066 
0x2020 , 4061 
0x2020 , 0 
0x2020 , 4075 
0x2020 , 0 
0x2020 , 4085 
0x2020 , 0 
0x2020 , 4075 
0x2020 , 0 
0x2020 , 4085 
0x2020 , 0 
0x2020 , 4089 
0x2020 , 0 
0x2020 , 4099 
0x2020 , 4080 
0x2020 , 0 
0x2020 , 4061 
0x2020 , 0 
0x2020 , 4075 
0x2020 , 0 
0x2020 , 4089 
0x2020 , 0 
0x2020 , 4075 
0x2020 , 0 
0x2020 , 4085 
0x2020 , 0 
0x2020 , 4089 
0x2020 , 4089 
0x2020 , 0 
0x2020 , 4057 
0x2020 , 0 
0x2020 , 4052 
0x2020 , 0 
0x2020 , 4052 
0x2020 , 0 
0x2020 , 4099 
0x2020 , 0 
0x2020 , 4089 
0x2020 , 0 
0x2020 , 4094 
0x2020 , 4108 
0x2020 , 0 
0x2020 , 4033 
0x2020 , 0 
0x2020 , 4113 
0x2020 , 0 
0x2020 , 4108 
0x2020 , 0 
0x2020 , 4085 
0x2020 , 0 
0x2020 , 4141 
0x2020 , 0 
0x2020 , 4094 
0x2020 , 0 
0x2020 , 4089 
0x2020 , 0 
0x2020 , 4089 
0x2020 , 0 
0x2020 , 4118 
0x2020 , 0 
0x2020 , 4099 
0x2020 , 0 
0x2020 , 4122 
0x2020 , 0 
0x2020 , 4066 
0x2020 , 4104 
0x2020 , 0 
0x2020 , 4089 
0x2020 , 0 
0x2020 , 4099 
0x2020 , 0 
0x2020 , 4071 
0x2020 , 0 
0x2020 , 4089 
0x2020 , 0 
0x2020 , 4085 
0x2020 , 0 
0x2020 , 4061 
0x2020 , 4038 
0x2020 , 0 
0x2020 , 4094 
0x2020 , 0 
0x2020 , 4108 
0x2020 , 0 
0x2020 , 4141 
0x2020 , 0 
0x2020 , 4122 
0x2020 , 0 
0x2020 , 4122 
0x2020 , 0 
0x2020 , 4089 
0x2020 , 4122 
0x2020 , 0 
0x2020 , 4146 
0x2020 , 0 
0x2020 , 4080 
0x2020 , 0 
0x2020 , 4071 
0x2020 , 0 
0x2020 , 4066 
0x2020 , 0 
0x2020 , 4052 
0x2020 , 0 
0x2020 , 4104 
0x2020 , 4104 
0x2020 , 0 
0x2020 , 4113 
0x2020 , 0 
0x2020 , 4075 
0x2020 , 0 
0x2020 , 4071 
0x2020 , 0 
0x2020 , 4080 
0x2020 , 0 
0x2020 , 4085 
0x2020 , 0 
0x2020 , 4080 
0x2020 , 4118 
0x2020 , 0 
0x2020 , 4122 
0x2020 , 0 
0x2020 , 4104 
0x2020 , 0 
0x2020 , 4146 
0x2020 , 0 
0x2020 , 4061 
0x2020 , 0 
0x2020 , 4089 
0x2020 , 0 
0x2020 , 4094 
0x2020 , 4113 
0x2020 , 0 
0x2020 , 4104 
0x2020 , 0 
0x2020 , 4057 
0x2020 , 0 
0x2020 , 4108 
0x2020 , 0 
0x2020 , 4122 
0x2020 , 0 
0x2020 , 4061 
0x2020 , 0 
0x2020 , 4089 
0x2020 , 4113 
0x2020 , 0 
0x2020 , 4099 
0x2020 , 0 
0x2020 , 4080 
0x2020 , 0 
0x2020 , 4089 
0x2020 , 0 
0x2020 , 4104 
0x2020 , 0 
0x2020 , 4108 
0x2020 , 0 
0x2020 , 4089 
0x2020 , 4099 
0x2020 , 0 
0x2020 , 4104 
0x2020 , 0 
0x2020 , 4080 
0x2020 , 0 
0x2020 , 4094 
0x2020 , 0 
0x2020 , 4080 
0x2020 , 0 
0x2020 , 4108 
0x2020 , 0 
0x2020 , 4080 
0x2020 , 4099 
0x2020 , 0 
0x2020 , 4113 
0x2020 , 0 
0x2020 , 4099 
0x2020 , 0 
0x2020 , 4127 
0x2020 , 0 
0x2020 , 4127 
0x2020 , 0 
0x2020 , 4108 
0x2020 , 0 
0x2020 , 4099 
0x2020 , 4099 
0x2020 , 0 
0x2020 , 4108 
0x2020 , 0 
0x2020 , 4075 
0x2020 , 0 
0x2020 , 4108 
0x2020 , 0 
0x2020 , 4089 
0x2020 , 0 
0x2020 , 4071 
0x2020 , 0 
0x2020 , 4104 
0x2020 , 4108 
0x2020 , 0 
0x2020 , 4141 
0x2020 , 0 
0x2020 , 4094 
0x2020 , 0 
0x2020 , 0 
0x2020 , 4127 
0x2020 , 0 
0x2020 , 4136 
0x2020 , 0 
0x2020 , 4089 
0x2020 , 0 
0x2020 , 0 
0x2020 , 4108 
0x2020 , 0 


0x2020 , 4118 
0x2020 , 4089 
0x2020 , 0 
0x2020 , 4118 
0x2020 , 0 
0x2020 , 4066 
0x2020 , 0 
0x2020 , 4085 
0x2020 , 0 
0x2020 , 4104 
0x2020 , 0 
0x2020 , 4061 
0x2020 , 0 
0x2020 , 4089 
0x2020 , 4104 
0x2020 , 0 
0x2020 , 4080 
0x2020 , 0 
0x2020 , 4104 
0x2020 , 0 
0x2020 , 4118 
0x2020 , 0 
0x2020 , 4094 
0x2020 , 0 
0x2020 , 4099 
0x2020 , 0 
0x2020 , 4099 
0x2020 , 4071 
0x2020 , 0 
0x2020 , 4061 
0x2020 , 0 
0x2020 , 4094 
0x2020 , 0 
0x2020 , 4085 
0x2020 , 0 
0x2020 , 4052 
0x2020 , 0 
0x2020 , 4094 
0x2020 , 0 
0x2020 , 4080 
0x2020 , 4080 
0x2020 , 0 
0x2020 , 4127 
0x2020 , 0 
0x2020 , 4108 
0x2020 , 0 
0x2020 , 4080 
0x2020 , 0 
0x2020 , 4080 
0x2020 , 0 
0x2020 , 4085 
0x2020 , 0 
0x2020 , 4150 
0x2020 , 4122 
0x2020 , 0 
0x2020 , 4108 
0x2020 , 0 
0x2020 , 4061 
0x2020 , 0 
0x2020 , 4104 
0x2020 , 0 
0x2020 , 4099 
0x2020 , 0 
0x2020 , 4057 
0x2020 , 0 
0x2020 , 4160 
0x2020 , 4118 
0x2020 , 0 
0x2020 , 4113 
0x2020 , 0 
0x2020 , 4094 
0x2020 , 0 
0x2020 , 4104 
0x2020 , 0 
0x2020 , 4127 
0x2020 , 0 
0x2020 , 4104 
0x2020 , 0 
0x2020 , 4085 
0x2020 , 4099 
0x2020 , 0 
0x2020 , 4094 
0x2020 , 0 
0x2020 , 4146 
0x2020 , 0 
0x2020 , 4085 
0x2020 , 0 
0x2020 , 4099 
0x2020 , 0 
0x2020 , 4104 
0x2020 , 0 
0x2020 , 4080 
0x2020 , 4113 
0x2020 , 0 
0x2020 , 4085 
0x2020 , 0 
0x2020 , 4127 
0x2020 , 0 
0x2020 , 4071 
0x2020 , 0 
0x2020 , 4061 
0x2020 , 0 
0x2020 , 4104 
0x2020 , 0 
0x2020 , 4108 
0x2020 , 4113 
0x2020 , 0 
0x2020 , 4160 
0x2020 , 0 
0x2020 , 4085 
0x2020 , 0 
0x2020 , 4113 
0x2020 , 0 
0x2020 , 4080 
0x2020 , 0 
0x2020 , 4136 
0x2020 , 0 
0x2020 , 4066 
0x2020 , 4080 
0x2020 , 0 
0x2020 , 4108 
0x2020 , 0 
0x2020 , 4136 
0x2020 , 0 
0x2020 , 4080 
0x2020 , 0 
0x2020 , 4080 
0x2020 , 0 
0x2020 , 4099 
0x2020 , 0 
0x2020 , 4066 
0x2020 , 4075 
0x2020 , 0 
0x2020 , 4094 
0x2020 , 0 
0x2020 , 4043 
0x2020 , 0 
0x2020 , 4104 
0x2020 , 0 
0x2020 , 4085 
0x2020 , 0 
0x2020 , 4104 
0x2020 , 0 
0x2020 , 4108 
0x2020 , 4099 
0x2020 , 0 
0x2020 , 4108 
0x2020 , 0 
0x2020 , 4085 
0x2020 , 0 
0x2020 , 4089 
0x2020 , 0 
0x2020 , 4071 
0x2020 , 0 
0x2020 , 4118 
0x2020 , 0 
0x2020 , 4118 
0x2020 , 4085 
0x2020 , 0 
0x2020 , 4146 
0x2020 , 0 
0x2020 , 4146 
0x2020 , 0 
0x2020 , 4104 
0x2020 , 0 
0x2020 , 4089 
0x2020 , 0 
0x2020 , 4089 
0x2020 , 0 
0x2020 , 4094 
0x2020 , 4071 
0x2020 , 0 
0x2020 , 4075 
0x2020 , 0 
0x2020 , 4080 
0x2020 , 0 
0x2020 , 4043 
0x2020 , 0 
0x2020 , 4075 
0x2020 , 0 
0x2020 , 4089 
0x2020 , 0 
0x2020 , 0 
0x2020 , 4118 
0x2020 , 0 
0x2020 , 4052 
0x2020 , 0 
0x2020 , 4066 
0x2020 , 0 
0x2020 , 4099 
0x2020 , 0 
0x2020 , 4094 
0x2020 , 0 
0x2020 , 4108 
0x2020 , 0 
0x2020 , 0 
0x2020 , 4061 
0x2020 , 0 
0x2020 , 4075 
0x2020 , 0 
0x2020 , 4043 
0x2020 , 0 
0x2020 , 4061 
0x2020 , 0 
0x2020 , 4038 
0x2020 , 0 
0x2020 , 4089 
0x2020 , 0 
0x2020 , 0 
0x2020 , 4066 
0x2020 , 0 
0x2020 , 4080 
0x2020 , 4085 
0x2020 , 0 
0x2020 , 4057 
0x2020 , 0 
0x2020 , 4080 
0x2020 , 0 
0x2020 , 4094 
0x2020 , 0 
0x2020 , 0 
0x2020 , 4099 
0x2020 , 0 
0x2020 , 4071 
0x2020 , 0 
0x2020 , 4085 
0x2020 , 0 
0x2020 , 4136 
0x2020 , 0 
0x2020 , 4057 
0x2020 , 0 
0x2020 , 4127 
0x2020 , 0 
0x2020 , 0 
0x2020 , 4118 
0x2020 , 0 
0x2020 , 4122 
0x2020 , 0 
0x2020 , 4052 
0x2020 , 0 
0x2020 , 4089 
0x2020 , 0 
0x2020 , 4061 
0x2020 , 0 
0x2020 , 4057 
0x2020 , 0 
0x2020 , 4080 
0x2020 , 0 
0x2020 , 4094 
0x2020 , 0 
0x2020 , 4038 
0x2020 , 0 
0x2020 , 4089 
0x2020 , 0 
0x2020 , 4099 
0x2020 , 0 
0x2020 , 4071 
0x2020 , 0 
0x2020 , 0 
0x2020 , 4057 
0x2020 , 0 
0x2020 , 4104 
0x2020 , 0 
0x2020 , 4047 
0x2020 , 0 
0x2020 , 4066 
0x2020 , 0 
0x2020 , 4089 
0x2020 , 0 
0x2020 , 4094 
0x2020 , 0 
0x2020 , 0 
0x2020 , 4080 
0x2020 , 0 
0x2020 , 4113 
0x2020 , 0 
0x2020 , 4038 
0x2020 , 0 
0x2020 , 4094 
0x2020 , 0 
0x2020 , 4052 
0x2020 , 0 
0x2020 , 4089 
0x2020 , 0 
0x2020 , 0 
0x2020 , 4085 
0x2020 , 0 
0x2020 , 4089 
0x2020 , 0 
0x2020 , 4024 
0x2020 , 0 
0x2020 , 4089 
0x2020 , 0 
0x2020 , 4052 
0x2020 , 0 
0x2020 , 4061 
0x2020 , 0 
0x2020 , 0 
0x2020 , 4047 
0x2020 , 0 
0x2020 , 4047 
0x2020 , 0 
0x2020 , 4047 
0x2020 , 0 
0x2020 , 4094 
0x2020 , 0 
0x2020 , 4057 
0x2020 , 0 
0x2020 , 4080 
0x2020 , 0 
0x2020 , 0 
0x2020 , 4043 
0x2020 , 0 
0x2020 , 4113 
0x2020 , 0 
0x2020 , 4052 
0x2020 , 0 
0x2020 , 4085 
0x2020 , 0 
0x2020 , 4099 
0x2020 , 0 
0x2020 , 4113 
0x2020 , 0 
0x2020 , 0 
0x2020 , 4075 
0x2020 , 0 
0x2020 , 4066 
0x2020 , 0 
0x2020 , 4047 
0x2020 , 0 
0x2020 , 4104 
0x2020 , 0 
0x2020 , 4047 
0x2020 , 0 
0x2020 , 4089 
0x2020 , 0 
0x2020 , 0 
0x2020 , 4066 
0x2020 , 0 
0x2020 , 4104 
0x2020 , 0 
0x2020 , 4080 
0x2020 , 0 
0x2020 , 4113 
0x2020 , 0 
0x2020 , 4089 
0x2020 , 0 
0x2020 , 4052 
0x2020 , 0 
0x2020 , 0 
0x2020 , 4066 
0x2020 , 0 
0x2020 , 4052 
0x2020 , 0 
0x2020 , 4071 
0x2020 , 0 
0x2020 , 4075 
0x2020 , 0 
0x2020 , 4099 
0x2020 , 0 
0x2020 , 4132 
0x2020 , 0 
0x2020 , 4099 
0x2020 , 0 
0x2020 , 4113 
0x2020 , 0 
0x2020 , 4066 
0x2020 , 0 
0x2020 , 4080 
0x2020 , 0 
0x2020 , 4113 
0x2020 , 0 
0x2020 , 4085 
0x2020 , 4108 
0x2020 , 0 
0x2020 , 4099 
0x2020 , 0 
0x2020 , 4089 
0x2020 , 0 
0x2020 , 4094 
0x2020 , 0 
0x2020 , 4075 
0x2020 , 0 
0x2020 , 4089 
0x2020 , 0 
0x2020 , 4150 
0x2020 , 4108 
0x2020 , 0 
0x2020 , 4094 
0x2020 , 0 
0x2020 , 4132 
0x2020 , 0 
0x2020 , 4118 
0x2020 , 0 
0x2020 , 4094 
0x2020 , 0 
0x2020 , 4080 
0x2020 , 0 
0x2020 , 4061 
0x2020 , 4094 
0x2020 , 0 
0x2020 , 4132 
0x2020 , 0 
0x2020 , 4122 
0x2020 , 0 
0x2020 , 4104 
0x2020 , 0 
0x2020 , 4071 
0x2020 , 0 
0x2020 , 4080 
0x2020 , 0 
0x2020 , 4066 
0x2020 , 4089 
0x2020 , 0 
0x2020 , 4066 
0x2020 , 0 
0x2020 , 4104 
0x2020 , 0 
0x2020 , 4089 
0x2020 , 0 
0x2020 , 4080 
0x2020 , 0 
0x2020 , 4089 
0x2020 , 0 
0x2020 , 4104 
0x2020 , 0 
0x2020 , 4094 
0x2020 , 0 
0x2020 , 4089 
0x2020 , 4099 
0x2020 , 0 
0x2020 , 4094 
0x2020 , 0 
0x2020 , 4118 
0x2020 , 0 
0x2020 , 4066 
0x2020 , 4104 
0x2020 , 0 
0x2020 , 4052 
0x2020 , 0 
0x2020 , 4094 
0x2020 , 0 
