0x3E3E , 4366 
0x3E3E , 4376 
0x3E3E , 4380 
0x3E3E , 4385 
0x3E3E , 4390 
0x3E3E , 4380 
0x3E3E , 4347 
0x3E3E , 4380 
0x3E3E , 4362 
0x3E3E , 4329 
0x3E3E , 4352 
0x3E3E , 4380 
0x3E3E , 4371 
0x3E3E , 4399 
0x3E3E , 4347 
0x3E3E , 4362 
0x3E3E , 4310 
0x3E3E , 4366 
0x3E3E , 4385 
0x3E3E , 4385 
0x3E3E , 4418 
0x3E3E , 4390 
0x3E3E , 4366 
0x3E3E , 4324 
0x3E3E , 4376 
0x3E3E , 4380 
0x3E3E , 4371 
0x3E3E , 4376 
0x3E3E , 4380 
0x3E3E , 4338 
0x3E3E , 4347 
0x3E3E , 4362 
0x3E3E , 4371 
0x3E3E , 4376 
0x3E3E , 4357 
0x3E3E , 4362 
0x3E3E , 4366 
0x3E3E , 4352 
0x3E3E , 4343 
0x3E3E , 4343 
0x3E3E , 4338 
0x3E3E , 4343 
0x3E3E , 4324 
0x3E3E , 4319 
0x3E3E , 4347 
0x3E3E , 4333 
0x3E3E , 4319 
0x3E3E , 4310 
0x3E3E , 4329 
0x3E3E , 4286 
0x3E3E , 4329 
0x3E3E , 4333 
0x3E3E , 4329 
0x3E3E , 0 
0x3E3E , 4324 
0x3E3E , 4366 
0x3E3E , 4343 
0x3E3E , 4352 
0x3E3E , 4324 
0x3E3E , 4291 
0x3E3E , 4305 
0x3E3E , 4343 
0x3E3E , 4338 
0x3E3E , 4305 
0x3E3E , 4296 
0x3E3E , 4305 
0x3E3E , 4347 
0x3E3E , 4343 
0x3E3E , 4329 
0x3E3E , 4329 
0x3E3E , 4315 
0x3E3E , 4338 
0x3E3E , 4296 
0x3E3E , 4333 
0x3E3E , 4357 
0x3E3E , 4324 
0x3E3E , 4376 
0x3E3E , 4333 
0x3E3E , 4319 
0x3E3E , 4390 
0x3E3E , 4385 
0x3E3E , 4347 
0x3E3E , 4310 
0x3E3E , 4362 
0x3E3E , 4362 
0x3E3E , 4310 
0x3E3E , 4305 
0x3E3E , 4352 
0x3E3E , 4277 
0x3E3E , 4338 
0x3E3E , 4319 
0x3E3E , 4319 
0x3E3E , 4347 
0x3E3E , 4286 
0x3E3E , 4319 
0x3E3E , 4352 
0x3E3E , 4324 
0x3E3E , 4329 
0x3E3E , 4371 
0x3E3E , 4352 
0x3E3E , 4343 
0x3E3E , 4319 
0x3E3E , 4376 
0x3E3E , 4315 
0x3E3E , 4286 
0x3E3E , 4329 
0x3E3E , 4324 
0x3E3E , 4329 
0x3E3E , 4305 
0x3E3E , 4305 
0x3E3E , 4376 
0x3E3E , 4343 
0x3E3E , 4347 
0x3E3E , 4301 
0x3E3E , 4329 
0x3E3E , 4371 
0x3E3E , 4305 
0x3E3E , 4333 
0x3E3E , 4329 
0x3E3E , 4333 
0x3E3E , 4291 
0x3E3E , 4329 
0x3E3E , 4329 
0x3E3E , 4333 
0x3E3E , 4371 
0x3E3E , 4338 
0x3E3E , 4301 
0x3E3E , 4347 
0x3E3E , 4329 
0x3E3E , 4343 
0x3E3E , 4277 
0x3E3E , 4352 
0x3E3E , 4362 
0x3E3E , 4338 
0x3E3E , 4343 
0x3E3E , 4329 
0x3E3E , 4347 
0x3E3E , 4324 
0x3E3E , 4352 
0x3E3E , 4315 
0x3E3E , 4286 
0x3E3E , 4329 
0x3E3E , 4324 
0x3E3E , 4324 
0x3E3E , 4286 
0x3E3E , 4301 
0x3E3E , 4357 
0x3E3E , 4362 
0x3E3E , 4338 
0x3E3E , 4301 
0x3E3E , 4352 
0x3E3E , 4333 
0x3E3E , 4347 
0x3E3E , 4324 
0x3E3E , 4315 
0x3E3E , 4362 
0x3E3E , 4366 
0x3E3E , 4296 
0x3E3E , 4296 
0x3E3E , 4301 
0x3E3E , 4296 
0x3E3E , 4338 
0x3E3E , 4357 
0x3E3E , 4319 
0x3E3E , 4333 
0x3E3E , 4305 
0x3E3E , 4324 
0x3E3E , 4305 
0x3E3E , 4310 
0x3E3E , 4319 
0x3E3E , 4319 
0x3E3E , 4277 
0x3E3E , 4347 
0x3E3E , 4296 
0x3E3E , 4347 
0x3E3E , 4291 
0x3E3E , 4268 
0x3E3E , 4272 
0x3E3E , 4301 
0x3E3E , 4315 
0x3E3E , 4305 
0x3E3E , 4291 
0x3E3E , 4333 
0x3E3E , 4282 
0x3E3E , 4272 
0x3E3E , 4315 
0x3E3E , 4333 
0x3E3E , 4310 
0x3E3E , 4305 
0x3E3E , 4319 
0x3E3E , 4305 
0x3E3E , 4329 
0x3E3E , 4324 
0x3E3E , 4272 
0x3E3E , 4301 
0x3E3E , 4263 
0x3E3E , 4319 
0x3E3E , 4277 
0x3E3E , 4329 
0x3E3E , 4315 
0x3E3E , 4343 
0x3E3E , 4315 
0x3E3E , 4319 
0x3E3E , 4296 
0x3E3E , 4310 
0x3E3E , 4268 
0x3E3E , 4291 
0x3E3E , 4343 
0x3E3E , 4254 
0x3E3E , 4319 
0x3E3E , 4305 
0x3E3E , 4272 
0x3E3E , 4282 
0x3E3E , 4282 
0x3E3E , 4258 
0x3E3E , 4352 
0x3E3E , 4282 
0x3E3E , 4254 
0x3E3E , 4305 
0x3E3E , 4296 
0x3E3E , 4249 
0x3E3E , 4296 
0x3E3E , 4272 
0x3E3E , 4296 
0x3E3E , 4282 
0x3E3E , 4296 
0x3E3E , 4272 
0x3E3E , 4277 
0x3E3E , 4291 
0x3E3E , 4272 
0x3E3E , 4301 
0x3E3E , 4296 
0x3E3E , 4291 
0x3E3E , 4254 
0x3E3E , 4272 
0x3E3E , 4258 
0x3E3E , 4254 
0x3E3E , 4277 
0x3E3E , 4254 
0x3E3E , 4286 
0x3E3E , 4254 
0x3E3E , 4338 
0x3E3E , 4282 
0x3E3E , 4254 
0x3E3E , 4254 
0x3E3E , 4258 
0x3E3E , 4272 
0x3E3E , 4272 
0x3E3E , 4286 
0x3E3E , 4319 
0x3E3E , 4277 
0x3E3E , 4240 
0x3E3E , 4286 
0x3E3E , 4305 
0x3E3E , 4282 
0x3E3E , 4291 
0x3E3E , 4315 
0x3E3E , 4315 
0x3E3E , 4291 
0x3E3E , 4329 
0x3E3E , 4286 
0x3E3E , 4277 
0x3E3E , 4305 
0x3E3E , 4282 
0x3E3E , 4291 
0x3E3E , 4286 
0x3E3E , 4272 
0x3E3E , 4240 
0x3E3E , 4263 
0x3E3E , 4310 
0x3E3E , 4254 
0x3E3E , 4286 
0x3E3E , 4258 
0x3E3E , 4263 
0x3E3E , 4286 
0x3E3E , 4268 
0x3E3E , 4343 
0x3E3E , 4263 
0x3E3E , 4315 
0x3E3E , 4305 
0x3E3E , 4305 
0x3E3E , 4305 
0x3E3E , 4310 
0x3E3E , 4301 
0x3E3E , 4282 
0x3E3E , 4282 
0x3E3E , 4268 
0x3E3E , 4249 
0x3E3E , 4301 
0x3E3E , 4263 
0x3E3E , 4268 
0x3E3E , 4282 
0x3E3E , 4282 
0x3E3E , 4286 
0x3E3E , 4310 
0x3E3E , 4301 
0x3E3E , 4244 
0x3E3E , 4249 
0x3E3E , 4282 
0x3E3E , 4315 
0x3E3E , 4263 
0x3E3E , 4277 
0x3E3E , 4272 
0x3E3E , 4310 
0x3E3E , 4315 
0x3E3E , 4301 
0x3E3E , 4277 
0x3E3E , 4258 
0x3E3E , 4272 
0x3E3E , 4263 
0x3E3E , 4305 
0x3E3E , 4329 
0x3E3E , 4315 
0x3E3E , 4286 
0x3E3E , 4277 
0x3E3E , 4230 
0x3E3E , 4277 
0x3E3E , 4286 
0x3E3E , 4282 
0x3E3E , 4291 
0x3E3E , 4277 
0x3E3E , 4249 
0x3E3E , 4329 
0x3E3E , 4263 
0x3E3E , 4221 
0x3E3E , 4263 
0x3E3E , 4286 
0x3E3E , 4277 
0x3E3E , 4272 
0x3E3E , 4268 
0x3E3E , 4286 
0x3E3E , 4258 
0x3E3E , 4315 
0x3E3E , 4282 
0x3E3E , 4305 
0x3E3E , 4254 
0x3E3E , 4282 
0x3E3E , 4254 
0x3E3E , 4249 
0x3E3E , 4291 
0x3E3E , 4263 
0x3E3E , 4296 
0x3E3E , 4305 
0x3E3E , 4263 
0x3E3E , 4291 
0x3E3E , 4296 
0x3E3E , 4333 
0x3E3E , 4277 
0x3E3E , 4263 
0x3E3E , 4230 
0x3E3E , 4286 
0x3E3E , 4268 
0x3E3E , 4296 
0x3E3E , 4296 
0x3E3E , 4310 
0x3E3E , 4286 
0x3E3E , 4291 
0x3E3E , 4282 
0x3E3E , 4296 
0x3E3E , 4286 
0x3E3E , 4296 
0x3E3E , 4272 
0x3E3E , 4291 
0x3E3E , 4296 
0x3E3E , 4301 
0x3E3E , 4291 
0x3E3E , 4305 
0x3E3E , 4301 
0x3E3E , 4291 
0x3E3E , 4272 
0x3E3E , 4258 
0x3E3E , 4282 
0x3E3E , 4258 
0x3E3E , 4310 
0x3E3E , 4263 
0x3E3E , 4272 
0x3E3E , 4277 
0x3E3E , 4296 
0x3E3E , 4286 
0x3E3E , 4282 
0x3E3E , 4277 
0x3E3E , 4296 
0x3E3E , 4315 
0x3E3E , 4352 
0x3E3E , 4315 
0x3E3E , 4254 
0x3E3E , 4286 
0x3E3E , 4282 
0x3E3E , 4333 
0x3E3E , 4310 
0x3E3E , 4324 
0x3E3E , 4301 
0x3E3E , 4268 
0x3E3E , 4310 
0x3E3E , 4343 
0x3E3E , 4282 
0x3E3E , 4310 
0x3E3E , 4352 
0x3E3E , 4291 
0x3E3E , 4291 
0x3E3E , 4296 
0x3E3E , 4286 
0x3E3E , 4301 
0x3E3E , 4282 
0x3E3E , 4301 
0x3E3E , 4305 
0x3E3E , 4329 
0x3E3E , 4305 
0x3E3E , 4319 
0x3E3E , 4329 
0x3E3E , 4333 
0x3E3E , 4286 
0x3E3E , 4347 
0x3E3E , 4310 
0x3E3E , 4329 
0x3E3E , 4296 
0x3E3E , 4291 
0x3E3E , 4319 
0x3E3E , 4315 
0x3E3E , 4296 
0x3E3E , 4296 
0x3E3E , 4329 
0x3E3E , 4343 
0x3E3E , 4324 
0x3E3E , 4291 
0x3E3E , 4282 
0x3E3E , 4319 
0x3E3E , 4310 
0x3E3E , 0 
0x3E3E , 4291 
0x3E3E , 4338 
0x3E3E , 4291 
0x3E3E , 4301 
0x3E3E , 4310 
0x3E3E , 4319 
0x3E3E , 4305 
0x3E3E , 4310 
0x3E3E , 4282 
0x3E3E , 4301 
0x3E3E , 4333 
0x3E3E , 4319 
