0x4D4D , 4741 
0x4D4D , 4723 
0x4D4D , 4704 
0x4D4D , 4671 
0x4D4D , 4690 
0x4D4D , 4704 
0x4D4D , 4690 
0x4D4D , 4676 
0x4D4D , 4699 
0x4D4D , 4699 
0x4D4D , 4662 
0x4D4D , 4680 
0x4D4D , 4666 
0x4D4D , 4662 
0x4D4D , 4699 
0x4D4D , 4657 
0x4D4D , 4723 
0x4D4D , 4662 
0x4D4D , 4713 
0x4D4D , 4676 
0x4D4D , 4662 
0x4D4D , 4657 
0x4D4D , 4704 
0x4D4D , 4685 
0x4D4D , 4737 
0x4D4D , 4718 
0x4D4D , 4690 
0x4D4D , 4727 
0x4D4D , 0 
0x4D4D , 4709 
0x4D4D , 4709 
0x4D4D , 4751 
0x4D4D , 4699 
0x4D4D , 4723 
0x4D4D , 4713 
0x4D4D , 4695 
0x4D4D , 4718 
0x4D4D , 4704 
0x4D4D , 4718 
0x4D4D , 4713 
0x4D4D , 4704 
0x4D4D , 4709 
0x4D4D , 4699 
0x4D4D , 4676 
0x4D4D , 4662 
0x4D4D , 4699 
0x4D4D , 4695 
0x4D4D , 4690 
0x4D4D , 4727 
0x4D4D , 4666 
0x4D4D , 4713 
0x4D4D , 4671 
0x4D4D , 4704 
0x4D4D , 4713 
0x4D4D , 4699 
0x4D4D , 4666 
0x4D4D , 4709 
0x4D4D , 4699 
0x4D4D , 4718 
0x4D4D , 4666 
0x4D4D , 4648 
0x4D4D , 4676 
0x4D4D , 4690 
0x4D4D , 4695 
0x4D4D , 4723 
0x4D4D , 4713 
0x4D4D , 4676 
0x4D4D , 4671 
0x4D4D , 4741 
0x4D4D , 4662 
0x4D4D , 4695 
0x4D4D , 4690 
0x4D4D , 4737 
0x4D4D , 4685 
0x4D4D , 4695 
0x4D4D , 4713 
0x4D4D , 4751 
0x4D4D , 4685 
0x4D4D , 4709 
0x4D4D , 4723 
0x4D4D , 4685 
0x4D4D , 4662 
0x4D4D , 4718 
0x4D4D , 4671 
0x4D4D , 4756 
0x4D4D , 4709 
0x4D4D , 4680 
0x4D4D , 4732 
0x4D4D , 4676 
0x4D4D , 4662 
0x4D4D , 4741 
0x4D4D , 4760 
0x4D4D , 4699 
0x4D4D , 4741 
0x4D4D , 4680 
0x4D4D , 4662 
0x4D4D , 4676 
0x4D4D , 4671 
0x4D4D , 4709 
0x4D4D , 4685 
0x4D4D , 4699 
0x4D4D , 4662 
0x4D4D , 4704 
0x4D4D , 4718 
0x4D4D , 4690 
0x4D4D , 4723 
0x4D4D , 4671 
0x4D4D , 4704 
0x4D4D , 4727 
0x4D4D , 4671 
0x4D4D , 4685 
0x4D4D , 4704 
0x4D4D , 4704 
0x4D4D , 4695 
0x4D4D , 4662 
0x4D4D , 4732 
0x4D4D , 4723 
0x4D4D , 4704 
0x4D4D , 4695 
0x4D4D , 4732 
0x4D4D , 4741 
0x4D4D , 4727 
0x4D4D , 4690 
0x4D4D , 4695 
0x4D4D , 4727 
0x4D4D , 4657 
0x4D4D , 4709 
0x4D4D , 4690 
0x4D4D , 4737 
0x4D4D , 4695 
0x4D4D , 4741 
0x4D4D , 4699 
0x4D4D , 4699 
0x4D4D , 4695 
0x4D4D , 4723 
0x4D4D , 4709 
0x4D4D , 4695 
0x4D4D , 4652 
0x4D4D , 4709 
0x4D4D , 4685 
0x4D4D , 4718 
0x4D4D , 4704 
0x4D4D , 4704 
0x4D4D , 4699 
0x4D4D , 4652 
0x4D4D , 4695 
0x4D4D , 4727 
0x4D4D , 4723 
0x4D4D , 4695 
0x4D4D , 4690 
0x4D4D , 4685 
0x4D4D , 4695 
0x4D4D , 4732 
0x4D4D , 4695 
0x4D4D , 4718 
0x4D4D , 4704 
0x4D4D , 4727 
0x4D4D , 4699 
0x4D4D , 4657 
0x4D4D , 4718 
0x4D4D , 4718 
0x4D4D , 4680 
0x4D4D , 4671 
0x4D4D , 4723 
0x4D4D , 4723 
0x4D4D , 4718 
0x4D4D , 4671 
0x4D4D , 4709 
0x4D4D , 4671 
0x4D4D , 4713 
0x4D4D , 4704 
0x4D4D , 4699 
0x4D4D , 4718 
0x4D4D , 4676 
0x4D4D , 4695 
0x4D4D , 4718 
0x4D4D , 4704 
0x4D4D , 4666 
0x4D4D , 4699 
0x4D4D , 4690 
0x4D4D , 4718 
0x4D4D , 4690 
0x4D4D , 4737 
0x4D4D , 4709 
0x4D4D , 4709 
0x4D4D , 4685 
0x4D4D , 4718 
0x4D4D , 4718 
0x4D4D , 4634 
0x4D4D , 4685 
0x4D4D , 4671 
0x4D4D , 4685 
0x4D4D , 4718 
0x4D4D , 4704 
0x4D4D , 4723 
0x4D4D , 4727 
0x4D4D , 4713 
0x4D4D , 4713 
0x4D4D , 4676 
0x4D4D , 4666 
0x4D4D , 4704 
0x4D4D , 4699 
0x4D4D , 4713 
0x4D4D , 4695 
0x4D4D , 4718 
0x4D4D , 4718 
0x4D4D , 4666 
0x4D4D , 4704 
0x4D4D , 4690 
0x4D4D , 4704 
0x4D4D , 4685 
0x4D4D , 4676 
0x4D4D , 4699 
0x4D4D , 4713 
0x4D4D , 4704 
0x4D4D , 4685 
0x4D4D , 4690 
0x4D4D , 4709 
0x4D4D , 4732 
0x4D4D , 4690 
0x4D4D , 4685 
0x4D4D , 4680 
0x4D4D , 4718 
0x4D4D , 4695 
0x4D4D , 4690 
0x4D4D , 4699 
0x4D4D , 4695 
0x4D4D , 4657 
0x4D4D , 4718 
0x4D4D , 4685 
0x4D4D , 4690 
0x4D4D , 4699 
0x4D4D , 4666 
0x4D4D , 4680 
0x4D4D , 4657 
0x4D4D , 4718 
0x4D4D , 4713 
0x4D4D , 4713 
0x4D4D , 4690 
0x4D4D , 4713 
0x4D4D , 4709 
0x4D4D , 4680 
0x4D4D , 4704 
0x4D4D , 4685 
0x4D4D , 4690 
0x4D4D , 4676 
0x4D4D , 4690 
0x4D4D , 4718 
0x4D4D , 4680 
0x4D4D , 4671 
0x4D4D , 4662 
0x4D4D , 4699 
0x4D4D , 4671 
0x4D4D , 4727 
0x4D4D , 4704 
0x4D4D , 4699 
0x4D4D , 4713 
0x4D4D , 4704 
0x4D4D , 4690 
0x4D4D , 4718 
0x4D4D , 4741 
0x4D4D , 4680 
0x4D4D , 4695 
0x4D4D , 4704 
0x4D4D , 4690 
0x4D4D , 4690 
0x4D4D , 4737 
0x4D4D , 4732 
0x4D4D , 4727 
0x4D4D , 4680 
0x4D4D , 4746 
0x4D4D , 4727 
0x4D4D , 4713 
0x4D4D , 4718 
0x4D4D , 4709 
0x4D4D , 4685 
0x4D4D , 4680 
0x4D4D , 4704 
0x4D4D , 4737 
0x4D4D , 4737 
0x4D4D , 4718 
0x4D4D , 4704 
0x4D4D , 4671 
0x4D4D , 4732 
0x4D4D , 4756 
0x4D4D , 4662 
0x4D4D , 4746 
0x4D4D , 4704 
0x4D4D , 4723 
0x4D4D , 4718 
0x4D4D , 4723 
0x4D4D , 4760 
0x4D4D , 4713 
0x4D4D , 4709 
0x4D4D , 4727 
0x4D4D , 4718 
0x4D4D , 4713 
0x4D4D , 4741 
0x4D4D , 4713 
0x4D4D , 4709 
0x4D4D , 4723 
0x4D4D , 4624 
0x4D4D , 4760 
0x4D4D , 4723 
0x4D4D , 4704 
0x4D4D , 4685 
0x4D4D , 4690 
0x4D4D , 4723 
0x4D4D , 4746 
0x4D4D , 4690 
0x4D4D , 4737 
0x4D4D , 4690 
0x4D4D , 4680 
0x4D4D , 4704 
0x4D4D , 4723 
0x4D4D , 4676 
0x4D4D , 4718 
0x4D4D , 4690 
0x4D4D , 4770 
0x4D4D , 4713 
0x4D4D , 4695 
0x4D4D , 4680 
0x4D4D , 4699 
0x4D4D , 4713 
0x4D4D , 4666 
0x4D4D , 4732 
0x4D4D , 4690 
0x4D4D , 4648 
0x4D4D , 4709 
0x4D4D , 4699 
0x4D4D , 4699 
0x4D4D , 4732 
0x4D4D , 4746 
0x4D4D , 4699 
0x4D4D , 4723 
0x4D4D , 4713 
0x4D4D , 4746 
0x4D4D , 4652 
0x4D4D , 4741 
0x4D4D , 4723 
0x4D4D , 4779 
0x4D4D , 4723 
0x4D4D , 4709 
0x4D4D , 4671 
0x4D4D , 4676 
0x4D4D , 4685 
0x4D4D , 4666 
0x4D4D , 4699 
0x4D4D , 4695 
0x4D4D , 4699 
0x4D4D , 4704 
0x4D4D , 4695 
0x4D4D , 4666 
0x4D4D , 4704 
0x4D4D , 4793 
0x4D4D , 4756 
0x4D4D , 4685 
0x4D4D , 4770 
0x4D4D , 4727 
0x4D4D , 4685 
0x4D4D , 4699 
0x4D4D , 4718 
0x4D4D , 4699 
0x4D4D , 4699 
0x4D4D , 4727 
0x4D4D , 4751 
0x4D4D , 4685 
0x4D4D , 4704 
0x4D4D , 4695 
0x4D4D , 4685 
