0x5A5A , 4390 
0x5A5A , 4333 
0x5A5A , 4380 
0x5A5A , 4362 
0x5A5A , 4385 
0x5A5A , 4376 
0x5A5A , 4310 
0x5A5A , 4310 
0x5A5A , 4338 
0x5A5A , 4324 
0x5A5A , 4347 
0x5A5A , 4333 
0x5A5A , 4338 
0x5A5A , 4347 
0x5A5A , 4343 
0x5A5A , 4305 
0x5A5A , 4315 
0x5A5A , 4324 
0x5A5A , 4329 
0x5A5A , 4362 
0x5A5A , 4310 
0x5A5A , 4347 
0x5A5A , 4357 
0x5A5A , 4343 
0x5A5A , 4347 
0x5A5A , 4357 
0x5A5A , 4277 
0x5A5A , 4324 
0x5A5A , 4310 
0x5A5A , 4362 
0x5A5A , 4366 
0x5A5A , 4319 
0x5A5A , 4376 
0x5A5A , 4343 
0x5A5A , 4338 
0x5A5A , 4357 
0x5A5A , 4343 
0x5A5A , 4343 
0x5A5A , 4282 
0x5A5A , 4324 
0x5A5A , 4347 
0x5A5A , 4380 
0x5A5A , 4319 
0x5A5A , 4338 
0x5A5A , 4343 
0x5A5A , 4305 
0x5A5A , 4305 
0x5A5A , 4333 
0x5A5A , 4324 
0x5A5A , 4324 
0x5A5A , 4338 
0x5A5A , 4319 
0x5A5A , 4319 
0x5A5A , 4329 
0x5A5A , 4390 
0x5A5A , 4338 
0x5A5A , 4343 
0x5A5A , 4343 
0x5A5A , 4366 
0x5A5A , 4329 
0x5A5A , 4333 
0x5A5A , 4282 
0x5A5A , 4305 
0x5A5A , 4315 
0x5A5A , 4329 
0x5A5A , 4366 
0x5A5A , 4319 
0x5A5A , 4343 
0x5A5A , 4338 
0x5A5A , 4347 
0x5A5A , 4333 
0x5A5A , 4366 
0x5A5A , 4376 
0x5A5A , 4338 
0x5A5A , 4352 
0x5A5A , 4310 
0x5A5A , 4324 
0x5A5A , 4371 
0x5A5A , 4319 
0x5A5A , 4338 
0x5A5A , 4343 
0x5A5A , 4333 
0x5A5A , 4296 
0x5A5A , 4333 
0x5A5A , 4319 
0x5A5A , 4301 
0x5A5A , 4347 
0x5A5A , 4296 
0x5A5A , 4286 
0x5A5A , 4291 
0x5A5A , 4305 
0x5A5A , 4305 
0x5A5A , 4329 
0x5A5A , 4329 
0x5A5A , 4291 
0x5A5A , 4315 
0x5A5A , 4296 
0x5A5A , 4338 
0x5A5A , 4296 
0x5A5A , 4324 
0x5A5A , 4296 
0x5A5A , 4324 
0x5A5A , 4291 
0x5A5A , 4272 
0x5A5A , 4296 
0x5A5A , 4282 
0x5A5A , 4324 
0x5A5A , 4301 
0x5A5A , 4286 
0x5A5A , 4277 
0x5A5A , 4305 
0x5A5A , 4268 
0x5A5A , 4296 
0x5A5A , 4319 
0x5A5A , 4286 
0x5A5A , 4329 
0x5A5A , 4282 
0x5A5A , 4286 
0x5A5A , 4277 
0x5A5A , 4319 
0x5A5A , 4286 
0x5A5A , 4282 
0x5A5A , 4305 
0x5A5A , 4282 
0x5A5A , 4310 
0x5A5A , 4310 
0x5A5A , 4230 
0x5A5A , 4301 
0x5A5A , 4305 
0x5A5A , 4305 
0x5A5A , 4338 
0x5A5A , 4347 
0x5A5A , 4277 
0x5A5A , 4291 
0x5A5A , 4291 
0x5A5A , 4272 
0x5A5A , 4263 
0x5A5A , 4286 
0x5A5A , 4268 
0x5A5A , 4305 
0x5A5A , 4305 
0x5A5A , 4277 
0x5A5A , 4282 
0x5A5A , 4277 
0x5A5A , 4235 
0x5A5A , 4291 
0x5A5A , 4310 
0x5A5A , 4282 
0x5A5A , 4272 
0x5A5A , 4286 
0x5A5A , 4315 
0x5A5A , 4282 
0x5A5A , 4301 
0x5A5A , 4277 
0x5A5A , 4296 
0x5A5A , 4315 
0x5A5A , 4296 
0x5A5A , 4282 
0x5A5A , 4319 
0x5A5A , 4277 
0x5A5A , 4282 
0x5A5A , 4291 
0x5A5A , 4286 
0x5A5A , 4310 
0x5A5A , 4310 
0x5A5A , 4319 
0x5A5A , 4319 
0x5A5A , 4286 
0x5A5A , 4319 
0x5A5A , 4333 
0x5A5A , 4338 
0x5A5A , 4310 
0x5A5A , 4296 
0x5A5A , 4305 
0x5A5A , 4277 
0x5A5A , 4291 
0x5A5A , 4301 
0x5A5A , 4291 
0x5A5A , 4343 
0x5A5A , 4315 
0x5A5A , 4310 
0x5A5A , 4296 
0x5A5A , 0 
0x5A5A , 4291 
0x5A5A , 4301 
0x5A5A , 4272 
0x5A5A , 4277 
0x5A5A , 4277 
0x5A5A , 4329 
0x5A5A , 4352 
0x5A5A , 4310 
0x5A5A , 4221 
0x5A5A , 4315 
0x5A5A , 4272 
0x5A5A , 4277 
0x5A5A , 4272 
0x5A5A , 4347 
0x5A5A , 4291 
0x5A5A , 4366 
0x5A5A , 4272 
0x5A5A , 4291 
0x5A5A , 4305 
0x5A5A , 4319 
0x5A5A , 4249 
0x5A5A , 4258 
0x5A5A , 4272 
0x5A5A , 4315 
0x5A5A , 4305 
0x5A5A , 4286 
0x5A5A , 4333 
0x5A5A , 4282 
0x5A5A , 4324 
0x5A5A , 4272 
0x5A5A , 4235 
0x5A5A , 4310 
0x5A5A , 4268 
0x5A5A , 4286 
0x5A5A , 4272 
0x5A5A , 4263 
0x5A5A , 4282 
0x5A5A , 4258 
0x5A5A , 4268 
0x5A5A , 4291 
0x5A5A , 4286 
0x5A5A , 4319 
0x5A5A , 4301 
0x5A5A , 4315 
0x5A5A , 4291 
0x5A5A , 4254 
0x5A5A , 4315 
0x5A5A , 4333 
0x5A5A , 4301 
0x5A5A , 4277 
0x5A5A , 4291 
0x5A5A , 4291 
0x5A5A , 4296 
0x5A5A , 4324 
0x5A5A , 4319 
0x5A5A , 4249 
0x5A5A , 4329 
0x5A5A , 4282 
0x5A5A , 4277 
0x5A5A , 4291 
0x5A5A , 4282 
0x5A5A , 4272 
0x5A5A , 4268 
0x5A5A , 4315 
0x5A5A , 4258 
0x5A5A , 4254 
0x5A5A , 4272 
0x5A5A , 4296 
0x5A5A , 4301 
0x5A5A , 4282 
0x5A5A , 4324 
0x5A5A , 4268 
0x5A5A , 4286 
0x5A5A , 4268 
0x5A5A , 4286 
0x5A5A , 4296 
0x5A5A , 4286 
0x5A5A , 4268 
0x5A5A , 4305 
0x5A5A , 4226 
0x5A5A , 4282 
0x5A5A , 4291 
0x5A5A , 4291 
0x5A5A , 4333 
0x5A5A , 4207 
0x5A5A , 4347 
0x5A5A , 4282 
0x5A5A , 4216 
0x5A5A , 4268 
0x5A5A , 4319 
0x5A5A , 4235 
0x5A5A , 4272 
0x5A5A , 4277 
0x5A5A , 4249 
0x5A5A , 4296 
0x5A5A , 4291 
0x5A5A , 4277 
0x5A5A , 4319 
0x5A5A , 4240 
0x5A5A , 4333 
0x5A5A , 4291 
0x5A5A , 4319 
0x5A5A , 4277 
0x5A5A , 4286 
0x5A5A , 4277 
0x5A5A , 4301 
0x5A5A , 4347 
0x5A5A , 4249 
0x5A5A , 4305 
0x5A5A , 4263 
0x5A5A , 4291 
0x5A5A , 4291 
0x5A5A , 4301 
0x5A5A , 4315 
0x5A5A , 4277 
0x5A5A , 4324 
0x5A5A , 4310 
0x5A5A , 4301 
0x5A5A , 4282 
0x5A5A , 4286 
0x5A5A , 4315 
0x5A5A , 4286 
0x5A5A , 4333 
0x5A5A , 4338 
0x5A5A , 4301 
0x5A5A , 4315 
0x5A5A , 4296 
0x5A5A , 4324 
0x5A5A , 4282 
0x5A5A , 4296 
0x5A5A , 4286 
0x5A5A , 4249 
0x5A5A , 4240 
0x5A5A , 4286 
0x5A5A , 4296 
0x5A5A , 4249 
0x5A5A , 4305 
0x5A5A , 4315 
0x5A5A , 4286 
0x5A5A , 4258 
0x5A5A , 4286 
0x5A5A , 4240 
0x5A5A , 4296 
0x5A5A , 4258 
0x5A5A , 4301 
0x5A5A , 4263 
0x5A5A , 4268 
0x5A5A , 4282 
0x5A5A , 4319 
0x5A5A , 4296 
0x5A5A , 4254 
0x5A5A , 4310 
0x5A5A , 4315 
0x5A5A , 4286 
0x5A5A , 4286 
0x5A5A , 4286 
0x5A5A , 0 
0x5A5A , 4319 
0x5A5A , 4310 
0x5A5A , 4301 
0x5A5A , 4296 
0x5A5A , 4263 
0x5A5A , 4277 
0x5A5A , 4282 
0x5A5A , 4244 
0x5A5A , 4249 
0x5A5A , 4310 
0x5A5A , 4286 
0x5A5A , 4249 
0x5A5A , 4305 
0x5A5A , 4296 
0x5A5A , 4286 
0x5A5A , 4282 
0x5A5A , 4254 
0x5A5A , 4258 
0x5A5A , 4301 
0x5A5A , 4301 
0x5A5A , 4268 
0x5A5A , 4230 
0x5A5A , 4291 
0x5A5A , 4310 
0x5A5A , 4319 
0x5A5A , 4240 
0x5A5A , 4221 
0x5A5A , 4268 
0x5A5A , 4249 
0x5A5A , 4240 
0x5A5A , 4338 
0x5A5A , 4286 
0x5A5A , 4286 
0x5A5A , 4230 
0x5A5A , 4333 
0x5A5A , 4263 
0x5A5A , 4286 
0x5A5A , 4277 
0x5A5A , 4291 
0x5A5A , 4272 
0x5A5A , 4226 
0x5A5A , 4258 
0x5A5A , 4315 
0x5A5A , 4315 
0x5A5A , 4263 
0x5A5A , 4347 
0x5A5A , 4347 
0x5A5A , 4286 
0x5A5A , 4301 
0x5A5A , 4263 
0x5A5A , 4347 
0x5A5A , 4310 
0x5A5A , 4301 
0x5A5A , 4282 
0x5A5A , 4286 
0x5A5A , 4338 
0x5A5A , 4286 
0x5A5A , 4301 
0x5A5A , 4254 
0x5A5A , 4301 
0x5A5A , 4315 
0x5A5A , 4305 
0x5A5A , 4305 
0x5A5A , 4286 
0x5A5A , 4263 
0x5A5A , 4324 
0x5A5A , 4301 
0x5A5A , 4315 
0x5A5A , 4291 
0x5A5A , 4319 
0x5A5A , 4329 
0x5A5A , 4305 
0x5A5A , 4310 
0x5A5A , 4324 
0x5A5A , 4286 
0x5A5A , 4301 
0x5A5A , 4315 
0x5A5A , 4347 
0x5A5A , 4324 
0x5A5A , 4333 
0x5A5A , 4315 
0x5A5A , 4263 
0x5A5A , 4352 
0x5A5A , 4296 
0x5A5A , 4305 
0x5A5A , 4291 
0x5A5A , 4305 
0x5A5A , 4282 
0x5A5A , 4286 
0x5A5A , 4357 
0x5A5A , 4305 
0x5A5A , 4310 
0x5A5A , 4333 
0x5A5A , 4301 
0x5A5A , 4272 
0x5A5A , 4291 
0x5A5A , 4277 
0x5A5A , 4272 
0x5A5A , 4324 
0x5A5A , 4249 
0x5A5A , 4296 
0x5A5A , 4282 
0x5A5A , 4310 
0x5A5A , 4272 
0x5A5A , 4319 
0x5A5A , 4272 
0x5A5A , 4310 
0x5A5A , 4277 
0x5A5A , 4296 
0x5A5A , 4301 
0x5A5A , 4296 
