0x6E6E , 4432 
0x6E6E , 4441 
0x6E6E , 4441 
0x6E6E , 4423 
0x6E6E , 4493 
0x6E6E , 4451 
0x6E6E , 4376 
0x6E6E , 4427 
0x6E6E , 4483 
0x6E6E , 4474 
0x6E6E , 4460 
0x6E6E , 4479 
0x6E6E , 4418 
0x6E6E , 4465 
0x6E6E , 4437 
0x6E6E , 4455 
0x6E6E , 4469 
0x6E6E , 4469 
0x6E6E , 4413 
0x6E6E , 4474 
0x6E6E , 4493 
0x6E6E , 4479 
0x6E6E , 4479 
0x6E6E , 4526 
0x6E6E , 4418 
0x6E6E , 4469 
0x6E6E , 4446 
0x6E6E , 4460 
0x6E6E , 4437 
0x6E6E , 4441 
0x6E6E , 4455 
0x6E6E , 4460 
0x6E6E , 4455 
0x6E6E , 4418 
0x6E6E , 4521 
0x6E6E , 4423 
0x6E6E , 4474 
0x6E6E , 4455 
0x6E6E , 4474 
0x6E6E , 4455 
0x6E6E , 4516 
0x6E6E , 4516 
0x6E6E , 4479 
0x6E6E , 4423 
0x6E6E , 4474 
0x6E6E , 4441 
0x6E6E , 4465 
0x6E6E , 4479 
0x6E6E , 4455 
0x6E6E , 4432 
0x6E6E , 4427 
0x6E6E , 4465 
0x6E6E , 4512 
0x6E6E , 4502 
0x6E6E , 4498 
0x6E6E , 4451 
0x6E6E , 4451 
0x6E6E , 4446 
0x6E6E , 4483 
0x6E6E , 4423 
0x6E6E , 4493 
0x6E6E , 4441 
0x6E6E , 4479 
0x6E6E , 4474 
0x6E6E , 4460 
0x6E6E , 4437 
0x6E6E , 4488 
0x6E6E , 4460 
0x6E6E , 4446 
0x6E6E , 4427 
0x6E6E , 4483 
0x6E6E , 4437 
0x6E6E , 4483 
0x6E6E , 4493 
0x6E6E , 4526 
0x6E6E , 4460 
0x6E6E , 4530 
0x6E6E , 4446 
0x6E6E , 4446 
0x6E6E , 4493 
0x6E6E , 4432 
0x6E6E , 4498 
0x6E6E , 4451 
0x6E6E , 4441 
0x6E6E , 4493 
0x6E6E , 4451 
0x6E6E , 4479 
0x6E6E , 4465 
0x6E6E , 4423 
0x6E6E , 4460 
0x6E6E , 4460 
0x6E6E , 4437 
0x6E6E , 4526 
0x6E6E , 4474 
0x6E6E , 4474 
0x6E6E , 4460 
0x6E6E , 4455 
0x6E6E , 4465 
0x6E6E , 4451 
0x6E6E , 4526 
0x6E6E , 4526 
0x6E6E , 4455 
0x6E6E , 4483 
0x6E6E , 4469 
0x6E6E , 4469 
0x6E6E , 4465 
0x6E6E , 4507 
0x6E6E , 4441 
0x6E6E , 4446 
0x6E6E , 4446 
0x6E6E , 4432 
0x6E6E , 4465 
0x6E6E , 4516 
0x6E6E , 4432 
0x6E6E , 4474 
0x6E6E , 4502 
0x6E6E , 4427 
0x6E6E , 4418 
0x6E6E , 4493 
0x6E6E , 4488 
0x6E6E , 4498 
0x6E6E , 4465 
0x6E6E , 4479 
0x6E6E , 4469 
0x6E6E , 4479 
0x6E6E , 4544 
0x6E6E , 4465 
0x6E6E , 4483 
0x6E6E , 4460 
0x6E6E , 4469 
0x6E6E , 4474 
0x6E6E , 4437 
0x6E6E , 4549 
0x6E6E , 4469 
0x6E6E , 4460 
0x6E6E , 4469 
0x6E6E , 4512 
0x6E6E , 4483 
0x6E6E , 4460 
0x6E6E , 4493 
0x6E6E , 4469 
0x6E6E , 4544 
0x6E6E , 4474 
0x6E6E , -9882 
0x6E6E , 4483 
0x6E6E , 4493 
0x6E6E , 4521 
0x6E6E , 4423 
0x6E6E , 4479 
0x6E6E , 4455 
0x6E6E , 4488 
0x6E6E , 4469 
0x6E6E , 4498 
0x6E6E , 4516 
0x6E6E , 4474 
0x6E6E , 4498 
0x6E6E , 4498 
0x6E6E , 4544 
0x6E6E , 4451 
0x6E6E , 4573 
0x6E6E , 4568 
0x6E6E , 4526 
0x6E6E , 4591 
0x6E6E , 4446 
0x6E6E , 4587 
0x6E6E , 4502 
0x6E6E , 4493 
0x6E6E , 4540 
0x6E6E , 4502 
0x6E6E , 4521 
0x6E6E , 4488 
0x6E6E , 4577 
0x6E6E , 4441 
0x6E6E , 4540 
0x6E6E , 4498 
0x6E6E , 4469 
0x6E6E , 4530 
0x6E6E , 4507 
0x6E6E , 4493 
0x6E6E , 4469 
0x6E6E , 4483 
0x6E6E , 4512 
0x6E6E , 4427 
0x6E6E , 4526 
0x6E6E , 4512 
0x6E6E , 4488 
0x6E6E , 4446 
0x6E6E , 4441 
0x6E6E , 4455 
0x6E6E , 4469 
0x6E6E , 4493 
0x6E6E , 4502 
0x6E6E , 4521 
0x6E6E , 4423 
0x6E6E , 4441 
0x6E6E , 4479 
0x6E6E , 4502 
0x6E6E , 4451 
0x6E6E , 4460 
0x6E6E , 4502 
0x6E6E , 4544 
0x6E6E , 4488 
0x6E6E , 4460 
0x6E6E , 4479 
0x6E6E , 4479 
0x6E6E , 4479 
0x6E6E , 4479 
0x6E6E , 4460 
0x6E6E , 4488 
0x6E6E , 4465 
0x6E6E , 4479 
0x6E6E , 4455 
0x6E6E , 4502 
0x6E6E , 4474 
0x6E6E , 4554 
0x6E6E , 4521 
0x6E6E , 4488 
0x6E6E , 4474 
0x6E6E , 4493 
0x6E6E , 4437 
0x6E6E , 4413 
0x6E6E , 4427 
0x6E6E , 4418 
0x6E6E , 4441 
0x6E6E , 4493 
0x6E6E , 4549 
0x6E6E , 4465 
0x6E6E , 4455 
0x6E6E , 4530 
0x6E6E , 4502 
0x6E6E , 4544 
0x6E6E , 4432 
0x6E6E , 4521 
0x6E6E , 4446 
0x6E6E , 4413 
0x6E6E , 4465 
0x6E6E , 4498 
0x6E6E , 4465 
0x6E6E , 4465 
0x6E6E , 4469 
0x6E6E , 4535 
0x6E6E , 4549 
0x6E6E , 4488 
0x6E6E , 4521 
0x6E6E , 4483 
0x6E6E , 4479 
0x6E6E , 4474 
0x6E6E , 4474 
0x6E6E , 4455 
0x6E6E , 4469 
0x6E6E , 4498 
0x6E6E , 4516 
0x6E6E , 4507 
0x6E6E , 4498 
0x6E6E , 4559 
0x6E6E , 4451 
0x6E6E , 4479 
0x6E6E , 4502 
0x6E6E , 4488 
0x6E6E , 4516 
0x6E6E , 4535 
0x6E6E , 4507 
0x6E6E , 4493 
0x6E6E , 4479 
0x6E6E , 4488 
0x6E6E , 4455 
0x6E6E , 4423 
0x6E6E , 4479 
0x6E6E , 4521 
0x6E6E , 4498 
0x6E6E , 4437 
0x6E6E , 4460 
0x6E6E , 4451 
0x6E6E , 4469 
0x6E6E , 4451 
0x6E6E , 4465 
0x6E6E , 4488 
0x6E6E , 4479 
0x6E6E , 4460 
0x6E6E , 4507 
0x6E6E , 4451 
0x6E6E , 4488 
0x6E6E , 4474 
0x6E6E , 4455 
0x6E6E , 4451 
0x6E6E , 4479 
0x6E6E , 4460 
0x6E6E , 4460 
0x6E6E , 4469 
0x6E6E , 4451 
0x6E6E , 4493 
0x6E6E , 4479 
0x6E6E , 4488 
0x6E6E , 4493 
0x6E6E , 4446 
0x6E6E , 4469 
0x6E6E , 4441 
0x6E6E , 4479 
0x6E6E , 4437 
0x6E6E , 4474 
0x6E6E , 4460 
0x6E6E , 4418 
0x6E6E , 4469 
0x6E6E , 4507 
0x6E6E , 4526 
0x6E6E , 4498 
0x6E6E , 4530 
0x6E6E , 4465 
0x6E6E , 4479 
0x6E6E , 4465 
0x6E6E , 4460 
0x6E6E , 4451 
0x6E6E , 4455 
0x6E6E , 4465 
0x6E6E , 4451 
0x6E6E , 4455 
0x6E6E , 4418 
0x6E6E , 4413 
0x6E6E , 4521 
0x6E6E , 4526 
0x6E6E , 4446 
0x6E6E , 4535 
0x6E6E , 4474 
0x6E6E , 4460 
0x6E6E , 4432 
0x6E6E , 4423 
0x6E6E , 4460 
0x6E6E , 4427 
0x6E6E , 4479 
0x6E6E , 4469 
0x6E6E , 4483 
0x6E6E , 4437 
0x6E6E , 4469 
0x6E6E , 4493 
0x6E6E , 4483 
0x6E6E , 4483 
0x6E6E , 4516 
0x6E6E , 4535 
0x6E6E , 4474 
0x6E6E , 4446 
0x6E6E , 4455 
0x6E6E , 4507 
0x6E6E , 4483 
0x6E6E , 4488 
0x6E6E , 4549 
0x6E6E , 4530 
0x6E6E , 4483 
0x6E6E , 4423 
0x6E6E , 4502 
0x6E6E , 4488 
0x6E6E , 4502 
0x6E6E , 4498 
0x6E6E , 4512 
0x6E6E , 4474 
0x6E6E , 4526 
0x6E6E , 4516 
0x6E6E , 4516 
0x6E6E , 4512 
0x6E6E , 4474 
0x6E6E , 4483 
0x6E6E , 4516 
0x6E6E , 4502 
0x6E6E , 4479 
0x6E6E , 4559 
0x6E6E , 4512 
0x6E6E , 4507 
0x6E6E , 4460 
0x6E6E , 4535 
0x6E6E , 4507 
0x6E6E , 4460 
0x6E6E , 4483 
0x6E6E , 4469 
0x6E6E , 4469 
0x6E6E , 4502 
0x6E6E , 4469 
0x6E6E , 4474 
0x6E6E , 4526 
0x6E6E , 4469 
0x6E6E , 4441 
0x6E6E , 4455 
0x6E6E , 4465 
0x6E6E , 4455 
0x6E6E , 4437 
0x6E6E , 4479 
0x6E6E , 4474 
0x6E6E , 4479 
0x6E6E , 4474 
0x6E6E , 4451 
0x6E6E , 4488 
0x6E6E , 4535 
0x6E6E , 4465 
0x6E6E , 4502 
0x6E6E , 4479 
0x6E6E , 4465 
0x6E6E , 4469 
0x6E6E , 4493 
0x6E6E , 4526 
0x6E6E , 4474 
0x6E6E , 4493 
0x6E6E , 4413 
0x6E6E , 4474 
0x6E6E , 4521 
0x6E6E , 4516 
0x6E6E , 4502 
0x6E6E , 4502 
0x6E6E , 4441 
0x6E6E , 4479 
0x6E6E , 4507 
0x6E6E , 4432 
0x6E6E , 4488 
0x6E6E , 4451 
0x6E6E , 4441 
0x6E6E , 4507 
0x6E6E , 4465 
0x6E6E , 4423 
0x6E6E , 4507 
0x6E6E , 4446 
0x6E6E , 4493 
0x6E6E , 4474 
0x6E6E , 4498 
0x6E6E , 4437 
0x6E6E , 4493 
0x6E6E , 4540 
0x6E6E , 4451 
0x6E6E , 4446 
0x6E6E , 4469 
0x6E6E , 4498 
0x6E6E , 4460 
0x6E6E , 4455 
0x6E6E , 4465 
0x6E6E , 4479 
0x6E6E , 4474 
0x6E6E , 4512 
0x6E6E , 4526 
0x6E6E , 4493 
0x6E6E , 4427 
0x6E6E , 4465 
0x6E6E , 4460 
0x6E6E , 4446 
0x6E6E , 4479 
0x6E6E , 4479 
0x6E6E , 4404 
0x6E6E , 4479 
0x6E6E , 4465 
0x6E6E , 4446 
0x6E6E , 4460 
0x6E6E , 4498 
0x6E6E , 4488 
0x6E6E , 4498 
0x6E6E , 4479 
0x6E6E , 4441 
