0x6E6E , 4432 
0x6E6E , 4441 
0x6E6E , 4441 
0x6E6E , 4423 
0x6E6E , 4493 
0x6E6E , 4451 
0x6E6E , 4376 
0x6E6E , 4427 
0x6E6E , 4483 
0x6E6E , 4474 
0x6E6E , 4460 
0x6E6E , 4479 
0x6E6E , 4418 
0x6E6E , 4465 
0x6E6E , 4437 
0x6E6E , 4455 
0x6E6E , 4469 
0x6E6E , 4469 
0x6E6E , 4413 
0x6E6E , 4474 
0x6E6E , 4493 
0x6E6E , 4479 
0x6E6E , 4479 
0x6E6E , 4526 
0x6E6E , 4418 
0x6E6E , 4469 
0x6E6E , 4446 
0x6E6E , 4460 
0x6E6E , 4437 
0x6E6E , 4441 
0x6E6E , 4455 
0x6E6E , 4460 
0x6E6E , 4455 
0x6E6E , 4418 
0x6E6E , 4521 
0x6E6E , 4423 
0x6E6E , 4474 
0x6E6E , 4455 
0x6E6E , 4474 
0x6E6E , 4455 
0x6E6E , 4516 
0x6E6E , 4516 
0x6E6E , 4479 
0x6E6E , 4423 
0x6E6E , 4474 
0x6E6E , 4441 
0x6E6E , 4465 
0x6E6E , 4479 
0x6E6E , 4455 
0x6E6E , 4432 
0x6E6E , 4427 
0x6E6E , 4465 
0x6E6E , 4512 
0x6E6E , 4502 
0x6E6E , 4498 
0x6E6E , 4451 
0x6E6E , 4451 
0x6E6E , 4446 
0x6E6E , 4483 
0x6E6E , 4423 
0x6E6E , 4493 
0x6E6E , 4441 
0x6E6E , 4479 
0x6E6E , 4474 
0x6E6E , 4460 
0x6E6E , 4437 
0x6E6E , 4488 
0x6E6E , 4460 
0x6E6E , 4446 
0x6E6E , 4427 
0x6E6E , 4483 
0x6E6E , 4437 
0x6E6E , 4483 
0x6E6E , 4493 
0x6E6E , 4526 
0x6E6E , 4460 
0x6E6E , 4530 
0x6E6E , 4446 
0x6E6E , 4446 
0x6E6E , 4493 
0x6E6E , 4432 
0x6E6E , 4498 
0x6E6E , 4451 
0x6E6E , 4441 
0x6E6E , 4493 
0x6E6E , 4451 
0x6E6E , 4479 
0x6E6E , 4465 
0x6E6E , 4423 
0x6E6E , 4460 
0x6E6E , 4460 
0x6E6E , 4437 
0x6E6E , 4526 
0x6E6E , 4474 
0x6E6E , 4474 
0x6E6E , 4460 
0x6E6E , 4455 
0x6E6E , 4465 
0x6E6E , 4451 
0x6E6E , 4526 
0x6E6E , 4526 
0x6E6E , 4455 
0x6E6E , 4483 
0x6E6E , 4469 
0x6E6E , 4469 
0x6E6E , 4465 
0x6E6E , 4507 
0x6E6E , 4441 
0x6E6E , 4446 
0x6E6E , 4446 
0x6E6E , 4432 
0x6E6E , 4465 
0x6E6E , 4516 
0x6E6E , 4432 
0x6E6E , 4474 
0x6E6E , 4502 
0x6E6E , 4427 
0x6E6E , 4418 
0x6E6E , 4493 
0x6E6E , 4488 
0x6E6E , 4498 
0x6E6E , 4465 
0x6E6E , 4479 
0x6E6E , 4469 
0x6E6E , 4479 
0x6E6E , 4544 
0x6E6E , 4465 
0x6E6E , 4483 
0x6E6E , 4460 
0x6E6E , 4469 
0x6E6E , 4474 
0x6E6E , 4437 
0x6E6E , 4549 
0x6E6E , 4469 
0x6E6E , 4460 
0x6E6E , 4469 
0x6E6E , 4512 
0x6E6E , 4483 
0x6E6E , 4460 
0x6E6E , 4493 
0x6E6E , 4469 
0x6E6E , 4544 
0x6E6E , 4474 
0x6E6E , -9882 
0x6E6E , 4483 
0x6E6E , 4493 
0x6E6E , 4521 
0x6E6E , 4423 
0x6E6E , 4479 
0x6E6E , 4455 
0x6E6E , 4488 
0x6E6E , 4469 
0x6E6E , 4498 
0x6E6E , 4516 
0x6E6E , 4474 
0x6E6E , 4498 
0x6E6E , 4498 
0x6E6E , 4544 
0x6E6E , 4451 
0x6E6E , 4573 
0x6E6E , 4568 
0x6E6E , 4526 
0x6E6E , 4591 
0x6E6E , 4446 
0x6E6E , 4587 
0x6E6E , 4502 
0x6E6E , 4493 
0x6E6E , 4540 
0x6E6E , 4502 
0x6E6E , 4521 
0x6E6E , 4488 
0x6E6E , 4577 
0x6E6E , 4441 
0x6E6E , 4540 
0x6E6E , 4498 
0x6E6E , 4469 
0x6E6E , 4530 
0x6E6E , 4507 
0x6E6E , 4493 
0x6E6E , 4469 
0x6E6E , 4483 
0x6E6E , 4512 
0x6E6E , 4427 
0x6E6E , 4526 
0x6E6E , 4512 
0x6E6E , 4488 
0x6E6E , 4446 
0x6E6E , 4441 
0x6E6E , 4455 
0x6E6E , 4469 
0x6E6E , 4493 
0x6E6E , 4502 
0x6E6E , 4521 
0x6E6E , 4423 
0x6E6E , 4441 
0x6E6E , 4479 
0x6E6E , 4502 
0x6E6E , 4451 
0x6E6E , 4460 
0x6E6E , 4502 
0x6E6E , 4544 
0x6E6E , 4488 
0x6E6E , 4460 
0x6E6E , 4479 
0x6E6E , 4479 
0x6E6E , 4479 
0x6E6E , 4479 
0x6E6E , 4460 
0x6E6E , 4488 
0x6E6E , 4465 
0x6E6E , 4479 
0x6E6E , 4455 
0x6E6E , 4502 
0x6E6E , 4474 
0x6E6E , 4554 
0x6E6E , 4521 
0x6E6E , 4488 
0x6E6E , 4474 
0x6E6E , 4493 
0x6E6E , 4437 
0x6E6E , 4413 
0x6E6E , 4427 
0x6E6E , 4418 
0x6E6E , 4441 
0x6E6E , 4493 
0x6E6E , 4549 
0x6E6E , 4465 
0x6E6E , 4455 
0x6E6E , 4530 
0x6E6E , 4502 
0x6E6E , 4544 
0x6E6E , 4432 
0x6E6E , 4521 
0x6E6E , 4446 
0x6E6E , 4413 
0x6E6E , 4465 
0x6E6E , 4498 
0x6E6E , 4465 
0x6E6E , 4465 
0x6E6E , 4469 
0x6E6E , 4535 
0x6E6E , 4549 
0x6E6E , 4488 
0x6E6E , 4521 
0x6E6E , 4483 
0x6E6E , 4479 
0x6E6E , 4474 
0x6E6E , 4474 
0x6E6E , 4455 
0x6E6E , 4469 
0x6E6E , 4498 
0x6E6E , 4516 
0x6E6E , 4507 
0x6E6E , 4498 
0x6E6E , 4559 
0x6E6E , 4451 
0x6E6E , 4479 
0x6E6E , 4502 
0x6E6E , 4488 
0x6E6E , 4516 
0x6E6E , 4535 
0x6E6E , 4507 
0x6E6E , 4493 
0x6E6E , 4479 
0x6E6E , 4488 
0x6E6E , 4455 
0x6E6E , 4423 
0x6E6E , 4479 
0x6E6E , 4521 
0x6E6E , 4498 
0x6E6E , 4437 
0x6E6E , 4460 
0x6E6E , 4451 
0x6E6E , 4469 
0x6E6E , 4451 
0x6E6E , 4465 
0x6E6E , 4488 
0x6E6E , 4479 
0x6E6E , 4460 
0x6E6E , 4507 
0x6E6E , 4451 
0x6E6E , 4488 
0x6E6E , 4474 
0x6E6E , 4455 
0x6E6E , 4451 
0x6E6E , 4479 
0x6E6E , 4460 
0x6E6E , 4460 
0x6E6E , 4469 
0x6E6E , 4451 
0x6E6E , 4493 
0x6E6E , 4479 
0x6E6E , 4488 
0x6E6E , 4493 
0x6E6E , 4446 
0x6E6E , 4469 
0x6E6E , 4441 
0x6E6E , 4479 
0x6E6E , 4437 
0x6E6E , 4474 
0x6E6E , 4460 
0x6E6E , 4418 
0x6E6E , 4469 
0x6E6E , 4507 
0x6E6E , 4526 
0x6E6E , 4498 
0x6E6E , 4530 
0x6E6E , 4465 
0x6E6E , 4479 
0x6E6E , 4465 
0x6E6E , 4460 
0x6E6E , 4451 
0x6E6E , 4455 
0x6E6E , 4465 
0x6E6E , 4451 
0x6E6E , 4455 
0x6E6E , 4418 
0x6E6E , 4413 
0x6E6E , 4521 
0x6E6E , 4526 
0x6E6E , 4446 
0x6E6E , 4535 
0x6E6E , 4474 
0x6E6E , 4460 
0x6E6E , 4432 
0x6E6E , 4423 
0x6E6E , 4460 
0x6E6E , 4427 
0x6E6E , 4479 
0x6E6E , 4469 
0x6E6E , 4483 
0x6E6E , 4437 
0x6E6E , 4469 
0x6E6E , 4493 
0x6E6E , 4483 
0x6E6E , 4483 
0x6E6E , 4516 
0x6E6E , 4535 
0x6E6E , 4474 
0x6E6E , 4446 
0x6E6E , 4455 
0x6E6E , 4507 
0x6E6E , 4483 
0x6E6E , 4488 
0x6E6E , 4549 
0x6E6E , 4530 
0x6E6E , 4483 
0x6E6E , 4423 
0x6E6E , 4502 
0x6E6E , 4488 
0x6E6E , 4502 
0x6E6E , 4498 
0x6E6E , 4512 
0x6E6E , 4474 
0x6E6E , 4526 
0x6E6E , 4516 
0x6E6E , 4516 
0x6E6E , 4512 
0x6E6E , 4474 
0x6E6E , 4483 
0x6E6E , 4516 
0x6E6E , 4502 
0x6E6E , 4479 
0x6E6E , 4559 
0x6E6E , 4512 
0x6E6E , 4507 
0x6E6E , 4460 
0x6E6E , 4535 
0x6E6E , 4507 
0x6E6E , 4460 
0x6E6E , 4483 
0x6E6E , 4469 
0x6E6E , 4469 
0x6E6E , 4502 
0x6E6E , 4469 
0x6E6E , 4474 
0x6E6E , 4526 
0x6E6E , 4469 
0x6E6E , 4441 
0x6E6E , 4455 
0x6E6E , 4465 
0x6E6E , 4455 
0x6E6E , 4437 
0x6E6E , 4479 
0x6E6E , 4474 
0x6E6E , 4479 
0x6E6E , 4474 
0x6E6E , 4451 
0x6E6E , 4488 
0x6E6E , 4535 
0x6E6E , 4465 
0x6E6E , 4502 
0x6E6E , 4479 
0x6E6E , 4465 
0x6E6E , 4469 
0x6E6E , 4493 
0x6E6E , 4526 
0x6E6E , 4474 
0x6E6E , 4493 
0x6E6E , 4413 
0x6E6E , 4474 
0x6E6E , 4521 
0x6E6E , 4516 
0x6E6E , 4502 
0x6E6E , 4502 
0x6E6E , 4441 
0x6E6E , 4479 
0x6E6E , 4507 
0x6E6E , 4432 
0x6E6E , 4488 
0x6E6E , 4451 
0x6E6E , 4441 
0x6E6E , 4507 
0x6E6E , 4465 
0x6E6E , 4423 
0x6E6E , 4507 
0x6E6E , 4446 
0x6E6E , 4493 
0x6E6E , 4474 
0x6E6E , 4498 
0x6E6E , 4437 
0x6E6E , 4493 
0x6E6E , 4540 
0x6E6E , 4451 
0x6E6E , 4446 
0x6E6E , 4469 
0x6E6E , 4498 
0x6E6E , 4460 
0x6E6E , 4455 
0x6E6E , 4465 
0x6E6E , 4479 
0x6E6E , 4474 
0x6E6E , 4512 
0x6E6E , 4526 
0x6E6E , 4493 
0x6E6E , 4427 
0x6E6E , 4465 
0x6E6E , 4460 
0x6E6E , 4446 
0x6E6E , 4479 
0x6E6E , 4479 
0x6E6E , 4404 
0x6E6E , 4479 
0x6E6E , 4465 
0x6E6E , 4446 
0x6E6E , 4460 
0x6E6E , 4498 
0x6E6E , 4488 
0x6E6E , 4498 
0x6E6E , 4479 
0x6E6E , 4441 

0x6E6E , 4662 
0x6E6E , 4765 
0x6E6E , 4709 
0x6E6E , 4699 
0x6E6E , 4620 
0x6E6E , 4690 
0x6E6E , 4652 
0x6E6E , 4713 
0x6E6E , 4727 
0x6E6E , 4704 
0x6E6E , 4657 
0x6E6E , 4751 
0x6E6E , 4676 
0x6E6E , 4741 
0x6E6E , 4727 
0x6E6E , 4634 
0x6E6E , 4765 
0x6E6E , 4741 
0x6E6E , 4666 
0x6E6E , 4732 
0x6E6E , 4685 
0x6E6E , 4666 
0x6E6E , 4662 
0x6E6E , 4713 
0x6E6E , 4704 
0x6E6E , 4676 
0x6E6E , 4760 
0x6E6E , 4704 
0x6E6E , 4615 
0x6E6E , 4704 
0x6E6E , 4718 
0x6E6E , 4727 
0x6E6E , 4746 
0x6E6E , 4662 
0x6E6E , 4709 
0x6E6E , 4723 
0x6E6E , 4727 
0x6E6E , 4770 
0x6E6E , 4760 
0x6E6E , 4713 
0x6E6E , 4685 
0x6E6E , 4723 
0x6E6E , 4690 
0x6E6E , 4713 
0x6E6E , 4732 
0x6E6E , 4779 
0x6E6E , 4671 
0x6E6E , 4690 
0x6E6E , 4727 
0x6E6E , 4699 
0x6E6E , 4699 
0x6E6E , 4709 
0x6E6E , 4732 
0x6E6E , 4737 
0x6E6E , 4807 
0x6E6E , 4779 
0x6E6E , 4732 
0x6E6E , 4676 
0x6E6E , 4680 
0x6E6E , 4713 
0x6E6E , 4718 
0x6E6E , 4690 
0x6E6E , 4779 
0x6E6E , 4643 
0x6E6E , 4643 
0x6E6E , 4718 
0x6E6E , 4737 
0x6E6E , 4774 
0x6E6E , 4638 
0x6E6E , 4704 
0x6E6E , 4652 
0x6E6E , 4610 
0x6E6E , 4699 
0x6E6E , 4718 
0x6E6E , 4751 
0x6E6E , 4732 
0x6E6E , 0 
0x6E6E , 4807 
0x6E6E , 4685 
0x6E6E , 4624 
0x6E6E , 4770 
0x6E6E , 4699 
0x6E6E , 4671 
0x6E6E , 4671 
0x6E6E , 4563 
0x6E6E , 4746 
0x6E6E , 4643 
0x6E6E , 4699 
0x6E6E , 4737 
0x6E6E , 4756 
0x6E6E , 4652 
0x6E6E , 4751 
0x6E6E , 4709 
0x6E6E , 4685 
0x6E6E , 4718 
0x6E6E , 4718 
0x6E6E , 4695 
0x6E6E , 4732 
0x6E6E , 4723 
0x6E6E , 4666 
0x6E6E , 4634 
0x6E6E , 4704 
0x6E6E , 4662 
0x6E6E , 4704 
0x6E6E , 4666 
0x6E6E , 4732 
0x6E6E , 4690 
0x6E6E , 4713 
0x6E6E , 4699 
0x6E6E , 4652 
0x6E6E , 4662 
0x6E6E , 4840 
0x6E6E , 4676 
0x6E6E , 4695 
0x6E6E , 4643 
0x6E6E , 4723 
0x6E6E , 4760 
0x6E6E , 4760 
0x6E6E , 4676 
0x6E6E , 4741 
0x6E6E , 4770 
0x6E6E , 4685 
0x6E6E , 4610 
0x6E6E , 4662 
0x6E6E , 4751 
0x6E6E , 4704 
0x6E6E , 4779 
0x6E6E , 4699 
0x6E6E , 4713 
0x6E6E , 4732 
0x6E6E , 4638 
0x6E6E , 4582 
0x6E6E , 4760 
0x6E6E , 4685 
0x6E6E , 4793 
0x6E6E , 4709 
0x6E6E , 4718 
0x6E6E , 4643 
0x6E6E , 4652 
0x6E6E , 4657 
0x6E6E , 4741 
0x6E6E , 4737 
0x6E6E , 4723 
0x6E6E , 4657 
0x6E6E , 4573 
0x6E6E , 4732 
0x6E6E , 4685 
0x6E6E , 4662 
0x6E6E , 4727 
0x6E6E , 4709 
0x6E6E , 4662 
0x6E6E , 4676 
0x6E6E , 4690 
0x6E6E , 4695 
0x6E6E , 4648 
0x6E6E , 4676 
0x6E6E , 4638 
0x6E6E , 4751 
0x6E6E , 4662 
0x6E6E , 4671 
0x6E6E , 4676 
0x6E6E , 4704 
0x6E6E , 4676 
0x6E6E , 4676 
0x6E6E , 4704 
0x6E6E , 4746 
0x6E6E , 4662 
0x6E6E , 4727 
0x6E6E , 4727 
0x6E6E , 4695 
0x6E6E , 4695 
0x6E6E , 4695 
0x6E6E , 4779 
0x6E6E , 4690 
0x6E6E , 4713 
0x6E6E , 4723 
0x6E6E , 4643 
0x6E6E , 4695 
0x6E6E , 4671 
0x6E6E , 4680 
0x6E6E , 4826 
0x6E6E , 4634 
0x6E6E , 4802 
0x6E6E , 4821 
0x6E6E , 4737 
0x6E6E , 4662 
0x6E6E , 4727 
0x6E6E , 4657 
0x6E6E , 4788 
0x6E6E , 4652 
0x6E6E , 4690 
