0x6E6E , 4662 
0x6E6E , 4765 
0x6E6E , 4709 
0x6E6E , 4699 
0x6E6E , 4620 
0x6E6E , 4690 
0x6E6E , 4652 
0x6E6E , 4713 
0x6E6E , 4727 
0x6E6E , 4704 
0x6E6E , 4657 
0x6E6E , 4751 
0x6E6E , 4676 
0x6E6E , 4741 
0x6E6E , 4727 
0x6E6E , 4634 
0x6E6E , 4765 
0x6E6E , 4741 
0x6E6E , 4666 
0x6E6E , 4732 
0x6E6E , 4685 
0x6E6E , 4666 
0x6E6E , 4662 
0x6E6E , 4713 
0x6E6E , 4704 
0x6E6E , 4676 
0x6E6E , 4760 
0x6E6E , 4704 
0x6E6E , 4615 
0x6E6E , 4704 
0x6E6E , 4718 
0x6E6E , 4727 
0x6E6E , 4746 
0x6E6E , 4662 
0x6E6E , 4709 
0x6E6E , 4723 
0x6E6E , 4727 
0x6E6E , 4770 
0x6E6E , 4760 
0x6E6E , 4713 
0x6E6E , 4685 
0x6E6E , 4723 
0x6E6E , 4690 
0x6E6E , 4713 
0x6E6E , 4732 
0x6E6E , 4779 
0x6E6E , 4671 
0x6E6E , 4690 
0x6E6E , 4727 
0x6E6E , 4699 
0x6E6E , 4699 
0x6E6E , 4709 
0x6E6E , 4732 
0x6E6E , 4737 
0x6E6E , 4807 
0x6E6E , 4779 
0x6E6E , 4732 
0x6E6E , 4676 
0x6E6E , 4680 
0x6E6E , 4713 
0x6E6E , 4718 
0x6E6E , 4690 
0x6E6E , 4779 
0x6E6E , 4643 
0x6E6E , 4643 
0x6E6E , 4718 
0x6E6E , 4737 
0x6E6E , 4774 
0x6E6E , 4638 
0x6E6E , 4704 
0x6E6E , 4652 
0x6E6E , 4610 
0x6E6E , 4699 
0x6E6E , 4718 
0x6E6E , 4751 
0x6E6E , 4732 
0x6E6E , 0 
0x6E6E , 4807 
0x6E6E , 4685 
0x6E6E , 4624 
0x6E6E , 4770 
0x6E6E , 4699 
0x6E6E , 4671 
0x6E6E , 4671 
0x6E6E , 4563 
0x6E6E , 4746 
0x6E6E , 4643 
0x6E6E , 4699 
0x6E6E , 4737 
0x6E6E , 4756 
0x6E6E , 4652 
0x6E6E , 4751 
0x6E6E , 4709 
0x6E6E , 4685 
0x6E6E , 4718 
0x6E6E , 4718 
0x6E6E , 4695 
0x6E6E , 4732 
0x6E6E , 4723 
0x6E6E , 4666 
0x6E6E , 4634 
0x6E6E , 4704 
0x6E6E , 4662 
0x6E6E , 4704 
0x6E6E , 4666 
0x6E6E , 4732 
0x6E6E , 4690 
0x6E6E , 4713 
0x6E6E , 4699 
0x6E6E , 4652 
0x6E6E , 4662 
0x6E6E , 4840 
0x6E6E , 4676 
0x6E6E , 4695 
0x6E6E , 4643 
0x6E6E , 4723 
0x6E6E , 4760 
0x6E6E , 4760 
0x6E6E , 4676 
0x6E6E , 4741 
0x6E6E , 4770 
0x6E6E , 4685 
0x6E6E , 4610 
0x6E6E , 4662 
0x6E6E , 4751 
0x6E6E , 4704 
0x6E6E , 4779 
0x6E6E , 4699 
0x6E6E , 4713 
0x6E6E , 4732 
0x6E6E , 4638 
0x6E6E , 4582 
0x6E6E , 4760 
0x6E6E , 4685 
0x6E6E , 4793 
0x6E6E , 4709 
0x6E6E , 4718 
0x6E6E , 4643 
0x6E6E , 4652 
0x6E6E , 4657 
0x6E6E , 4741 
0x6E6E , 4737 
0x6E6E , 4723 
0x6E6E , 4657 
0x6E6E , 4573 
0x6E6E , 4732 
0x6E6E , 4685 
0x6E6E , 4662 
0x6E6E , 4727 
0x6E6E , 4709 
0x6E6E , 4662 
0x6E6E , 4676 
0x6E6E , 4690 
0x6E6E , 4695 
0x6E6E , 4648 
0x6E6E , 4676 
0x6E6E , 4638 
0x6E6E , 4751 
0x6E6E , 4662 
0x6E6E , 4671 
0x6E6E , 4676 
0x6E6E , 4704 
0x6E6E , 4676 
0x6E6E , 4676 
0x6E6E , 4704 
0x6E6E , 4746 
0x6E6E , 4662 
0x6E6E , 4727 
0x6E6E , 4727 
0x6E6E , 4695 
0x6E6E , 4695 
0x6E6E , 4695 
0x6E6E , 4779 
0x6E6E , 4690 
0x6E6E , 4713 
0x6E6E , 4723 
0x6E6E , 4643 
0x6E6E , 4695 
0x6E6E , 4671 
0x6E6E , 4680 
0x6E6E , 4826 
0x6E6E , 4634 
0x6E6E , 4802 
0x6E6E , 4821 
0x6E6E , 4737 
0x6E6E , 4662 
0x6E6E , 4727 
0x6E6E , 4657 
0x6E6E , 4788 
0x6E6E , 4652 
0x6E6E , 4690 
