0x1C1C , 4244 
0x1C1C , 4244 
0x1C1C , 4211 
0x1C1C , 4254 
0x1C1C , 4258 
0x1C1C , 4254 
0x1C1C , 4230 
0x1C1C , 4244 
0x1C1C , 4244 
0x1C1C , 4226 
0x1C1C , 4249 
0x1C1C , 4254 
0x1C1C , 4240 
0x1C1C , 4216 
0x1C1C , 4277 
0x1C1C , 4268 
0x1C1C , 4258 
0x1C1C , 4235 
0x1C1C , 4277 
0x1C1C , 4235 
0x1C1C , 4254 
0x1C1C , 4272 
0x1C1C , 4258 
0x1C1C , 4221 
0x1C1C , 4254 
0x1C1C , 4263 
0x1C1C , 4249 
0x1C1C , 4272 
0x1C1C , 4272 
0x1C1C , 4272 
0x1C1C , 4282 
0x1C1C , 4249 
0x1C1C , 4258 
0x1C1C , 4230 
0x1C1C , 4263 
0x1C1C , 4272 
0x1C1C , 4268 
0x1C1C , 4263 
0x1C1C , 4254 
0x1C1C , 4272 
0x1C1C , 4272 
0x1C1C , 4235 
0x1C1C , 4249 
0x1C1C , 4240 
0x1C1C , 4277 
0x1C1C , 4277 
0x1C1C , 4254 
0x1C1C , 4207 
0x1C1C , 4268 
0x1C1C , 4254 
0x1C1C , 4249 
0x1C1C , 4268 
0x1C1C , 4286 
0x1C1C , 4244 
0x1C1C , 4221 
0x1C1C , 4249 
0x1C1C , 4230 
0x1C1C , 4235 
0x1C1C , 4235 
0x1C1C , 4244 
0x1C1C , 4249 
0x1C1C , 4235 
0x1C1C , 4249 
0x1C1C , 4249 
0x1C1C , 4226 
0x1C1C , 4258 
0x1C1C , 4268 
0x1C1C , 4230 
0x1C1C , 4235 
0x1C1C , 4240 
0x1C1C , 4216 
0x1C1C , 4249 
0x1C1C , 4263 
0x1C1C , 4249 
0x1C1C , 4258 
0x1C1C , 4230 
0x1C1C , 4254 
0x1C1C , 4240 
0x1C1C , 4230 
0x1C1C , 4226 
0x1C1C , 4258 
0x1C1C , 4244 
0x1C1C , 4240 
0x1C1C , 4230 
0x1C1C , 4249 
0x1C1C , 4244 
0x1C1C , 4235 
0x1C1C , 4254 
0x1C1C , 4230 
0x1C1C , 4240 
0x1C1C , 4258 
0x1C1C , 4221 
0x1C1C , 4263 
0x1C1C , 4249 
0x1C1C , 4254 
0x1C1C , 4244 
0x1C1C , 4268 
0x1C1C , 4249 
0x1C1C , 4230 
0x1C1C , 4244 
0x1C1C , 4258 
0x1C1C , 4226 
0x1C1C , 4202 
0x1C1C , 4258 
0x1C1C , 4240 
0x1C1C , 4235 
0x1C1C , 4207 
0x1C1C , 4263 
0x1C1C , 4216 
0x1C1C , 4258 
0x1C1C , 4272 
0x1C1C , 4249 
0x1C1C , 4277 
0x1C1C , 4230 
0x1C1C , 4230 
0x1C1C , 4249 
0x1C1C , 4254 
0x1C1C , 4258 
0x1C1C , 4240 
0x1C1C , 4258 
0x1C1C , 4249 
0x1C1C , 4263 
0x1C1C , 4235 
0x1C1C , 4268 
0x1C1C , 4263 
0x1C1C , 4235 
0x1C1C , 4258 
0x1C1C , 4240 
0x1C1C , 4254 
0x1C1C , 4216 
0x1C1C , 4244 
0x1C1C , 4249 
0x1C1C , 4249 
0x1C1C , 4235 
0x1C1C , 4244 
0x1C1C , 4263 
0x1C1C , 4235 
0x1C1C , 4244 
0x1C1C , 4263 
0x1C1C , 4249 
0x1C1C , 4254 
0x1C1C , 4235 
0x1C1C , 4221 
0x1C1C , 4268 
0x1C1C , 4263 
0x1C1C , 4240 
0x1C1C , 4254 
0x1C1C , 4240 
0x1C1C , 4263 
0x1C1C , 4258 
0x1C1C , 4249 
0x1C1C , 4244 
0x1C1C , 4230 
0x1C1C , 4244 
0x1C1C , 4272 
0x1C1C , 4249 
0x1C1C , 4226 
0x1C1C , 4263 
0x1C1C , 4254 
0x1C1C , 4244 
0x1C1C , 4230 
0x1C1C , 4235 
0x1C1C , 4249 
0x1C1C , 4240 
0x1C1C , 4240 
0x1C1C , 4249 
0x1C1C , 4249 
0x1C1C , 4254 
0x1C1C , 4296 
0x1C1C , 4258 
0x1C1C , 4254 
0x1C1C , 4258 
0x1C1C , 4263 
0x1C1C , 4249 
0x1C1C , 4249 
0x1C1C , 4235 
0x1C1C , 4240 
0x1C1C , 4244 
0x1C1C , 4254 
0x1C1C , 4258 
0x1C1C , 4254 
0x1C1C , 4235 
0x1C1C , 4197 
0x1C1C , 4258 
0x1C1C , 4244 
0x1C1C , 4263 
0x1C1C , 4319 
0x1C1C , 4272 
0x1C1C , 4268 
0x1C1C , 4272 
0x1C1C , 4240 
0x1C1C , 4263 
0x1C1C , 4226 
0x1C1C , 4263 
0x1C1C , 4258 
0x1C1C , 4235 
0x1C1C , 4235 
0x1C1C , 4235 
0x1C1C , 4249 
0x1C1C , 4207 
0x1C1C , 4216 
0x1C1C , 4258 
0x1C1C , 4230 
0x1C1C , 4235 
0x1C1C , 4216 
0x1C1C , 4254 
0x1C1C , 4179 
0x1C1C , 4244 
0x1C1C , 4216 
0x1C1C , 4244 
0x1C1C , 4216 
0x1C1C , 4235 
0x1C1C , 4240 
0x1C1C , 4221 
0x1C1C , 4230 
0x1C1C , 4235 
0x1C1C , 4254 
0x1C1C , 4221 
0x1C1C , 4244 
0x1C1C , 4207 
0x1C1C , 4226 
0x1C1C , 4202 
0x1C1C , 4235 
0x1C1C , 4235 
0x1C1C , 4183 
0x1C1C , 4240 
0x1C1C , 4230 
0x1C1C , 4211 
0x1C1C , 4183 
0x1C1C , 4235 
0x1C1C , 4226 
0x1C1C , 4202 
0x1C1C , 4244 
0x1C1C , 4211 
0x1C1C , 4174 
0x1C1C , 4193 
0x1C1C , 4216 
0x1C1C , 4202 
0x1C1C , 4211 
0x1C1C , 4235 
0x1C1C , 4216 
0x1C1C , 4230 
0x1C1C , 4197 
0x1C1C , 4188 
0x1C1C , 4207 
0x1C1C , 4230 
0x1C1C , 4211 
0x1C1C , 4244 
0x1C1C , 4226 
0x1C1C , 4221 
0x1C1C , 4202 
0x1C1C , 4230 
0x1C1C , 4226 
0x1C1C , 4226 
0x1C1C , 4211 
0x1C1C , 4197 
0x1C1C , 4226 
0x1C1C , 4183 
0x1C1C , 4235 
0x1C1C , 4150 
0x1C1C , 4221 
0x1C1C , 4216 
0x1C1C , 4193 
0x1C1C , 4235 
0x1C1C , 4221 
0x1C1C , 4202 
0x1C1C , 4216 
0x1C1C , 4207 
0x1C1C , 4244 
0x1C1C , 4211 
0x1C1C , 4221 
0x1C1C , 4235 
0x1C1C , 4207 
0x1C1C , 4221 
0x1C1C , 4226 
0x1C1C , 4230 
0x1C1C , 4230 
0x1C1C , 4202 
0x1C1C , 4211 
0x1C1C , 4202 
0x1C1C , 4244 
0x1C1C , 4216 
0x1C1C , 4226 
0x1C1C , 4235 
0x1C1C , 4244 
0x1C1C , 4211 
0x1C1C , 4226 
0x1C1C , 4235 
0x1C1C , 4226 
0x1C1C , 4244 
0x1C1C , 4207 
0x1C1C , 4207 
0x1C1C , 4211 
0x1C1C , 4226 
0x1C1C , 4221 
0x1C1C , 4197 
0x1C1C , 4249 
0x1C1C , 4216 
0x1C1C , 4240 
0x1C1C , 4211 
0x1C1C , 4258 
0x1C1C , 4230 
0x1C1C , 4226 
0x1C1C , 4211 
0x1C1C , 4244 
0x1C1C , 4216 
0x1C1C , 4226 
0x1C1C , 4235 
0x1C1C , 4244 
0x1C1C , 4226 
0x1C1C , 4221 
0x1C1C , 4211 
0x1C1C , 4235 
0x1C1C , 4263 
0x1C1C , 4221 
0x1C1C , 4207 
0x1C1C , 4226 
0x1C1C , 4221 
0x1C1C , 4226 
0x1C1C , 4226 
0x1C1C , 4221 
0x1C1C , 4240 
0x1C1C , 4207 
0x1C1C , 4244 
0x1C1C , 4235 
0x1C1C , 4211 
0x1C1C , 4221 
0x1C1C , 4235 
0x1C1C , 4197 
0x1C1C , 4216 
0x1C1C , 4216 
0x1C1C , 4216 
0x1C1C , 4230 
0x1C1C , 4226 
0x1C1C , 4249 
0x1C1C , 4249 
0x1C1C , 4249 
0x1C1C , 4202 
0x1C1C , 4254 
0x1C1C , 4211 
0x1C1C , 4207 
0x1C1C , 4235 
0x1C1C , 4197 
0x1C1C , 4202 
0x1C1C , 4226 
0x1C1C , 4207 
0x1C1C , 4240 
0x1C1C , 4249 
0x1C1C , 4226 
0x1C1C , 4202 
0x1C1C , 4272 
0x1C1C , 4272 
0x1C1C , 0 
0x1C1C , 4183 
0x1C1C , 4258 
0x1C1C , 4221 
0x1C1C , 4197 
0x1C1C , 4240 
0x1C1C , 4244 
0x1C1C , 4235 
0x1C1C , 4254 
0x1C1C , 4249 
0x1C1C , 4230 
0x1C1C , 4221 
0x1C1C , 4244 
0x1C1C , 4249 
0x1C1C , 4235 
0x1C1C , 4277 
0x1C1C , 4226 
0x1C1C , 4249 
0x1C1C , 4240 
0x1C1C , 4240 
0x1C1C , 4207 
0x1C1C , 4216 
0x1C1C , 4216 
0x1C1C , 4211 

0x2020 , 4165 
0x2020 , 0 
0x2020 , 4179 
0x2020 , 4160 
0x2020 , 0 
0x2020 , 4165 
0x2020 , 0 
0x2020 , 4150 
0x2020 , 4179 
0x2020 , 4174 
0x2020 , 4188 
0x2020 , 4160 
0x2020 , 4179 
0x2020 , 4169 
0x2020 , 4183 
0x2020 , 4150 
0x2020 , 4127 
0x2020 , 0 
0x2020 , 4132 
0x2020 , 0 
0x2020 , 0 
0x2020 , 4169 
0x2020 , 4150 
0x2020 , 0 
0x2020 , 4165 
0x2020 , 0 
0x2020 , 4132 
0x2020 , 0 
0x2020 , 4169 
0x2020 , 4169 
0x2020 , 4160 
0x2020 , 0 
0x2020 , 4136 
0x2020 , 4127 
0x2020 , 4165 
0x2020 , 0 
0x2020 , 4113 
0x2020 , 4136 
0x2020 , 0 
0x2020 , 4136 
0x2020 , 0 
0x2020 , 4160 
0x2020 , 0 
0x2020 , 4099 
0x2020 , 4141 
0x2020 , 0 
0x2020 , 4160 
0x2020 , 0 
0x2020 , 4127 
0x2020 , 0 
0x2020 , 4150 
0x2020 , 0 
0x2020 , 4165 
0x2020 , 0 
0x2020 , 4118 
0x2020 , 0 
0x2020 , 4146 
0x2020 , 4136 
0x2020 , 4150 
0x2020 , 0 
0x2020 , 4136 
0x2020 , 0 
0x2020 , 4174 
0x2020 , 0 
0x2020 , 4127 
0x2020 , 4136 
0x2020 , 0 
0x2020 , 4155 
0x2020 , 0 
0x2020 , 4094 
0x2020 , 4136 
0x2020 , 0 
0x2020 , 4179 
0x2020 , 0 
0x2020 , 4108 
0x2020 , 0 
0x2020 , 4155 
0x2020 , 0 
0x2020 , 4160 
0x2020 , 0 
0x2020 , 4146 
0x2020 , 0 
0x2020 , 4160 
0x2020 , 4160 
0x2020 , 0 
0x2020 , 4146 
0x2020 , 0 
0x2020 , 4122 
0x2020 , 0 
0x2020 , 4108 
0x2020 , 0 
0x2020 , 4165 
0x2020 , 0 
0x2020 , 4122 
0x2020 , 0 
0x2020 , 4099 
0x2020 , 4141 
0x2020 , 0 
0x2020 , 4155 
0x2020 , 0 
0x2020 , 4127 
0x2020 , 0 
0x2020 , 4108 
0x2020 , 0 
0x2020 , 4155 
0x2020 , 0 
0x2020 , 4127 
0x2020 , 0 
0x2020 , 4150 
0x2020 , 4104 
0x2020 , 0 
0x2020 , 4141 
0x2020 , 0 
0x2020 , 4155 
0x2020 , 0 
0x2020 , 4122 
0x2020 , 0 
0x2020 , 4104 
0x2020 , 0 
0x2020 , 4146 
0x2020 , 0 
0x2020 , 4136 
0x2020 , 4146 
0x2020 , 0 
0x2020 , 4141 
0x2020 , 0 
0x2020 , 4108 
0x2020 , 0 
0x2020 , 4150 
0x2020 , 0 
0x2020 , 4132 
0x2020 , 0 
0x2020 , 4155 
0x2020 , 0 
0x2020 , 4132 
0x2020 , 4136 
0x2020 , 0 
0x2020 , 4141 
0x2020 , 0 
0x2020 , 4155 
0x2020 , 0 
0x2020 , 4146 
0x2020 , 0 
0x2020 , 4127 
0x2020 , 0 
0x2020 , 4174 
0x2020 , 0 
0x2020 , 4141 
0x2020 , 4155 
0x2020 , 0 
0x2020 , 4141 
0x2020 , 0 
0x2020 , 4113 
0x2020 , 0 
0x2020 , 4179 
0x2020 , 0 
0x2020 , 4150 
0x2020 , 0 
0x2020 , 4165 
0x2020 , 0 
0x2020 , 4122 
0x2020 , 4122 
0x2020 , 0 
0x2020 , 4132 
0x2020 , 0 
0x2020 , 4141 
0x2020 , 0 
0x2020 , 4155 
0x2020 , 0 
0x2020 , 4146 
0x2020 , 0 
0x2020 , 4155 
0x2020 , 0 
0x2020 , 4141 
0x2020 , 4150 
0x2020 , 0 
0x2020 , 4089 
0x2020 , 0 
0x2020 , 4169 
0x2020 , 0 
0x2020 , 4127 
0x2020 , 0 
0x2020 , 4104 
0x2020 , 0 
0x2020 , 4099 
0x2020 , 0 
0x2020 , 4113 
0x2020 , 4150 
0x2020 , 0 
0x2020 , 4150 
0x2020 , 0 
0x2020 , 4122 
0x2020 , 0 
0x2020 , 4094 
0x2020 , 0 
0x2020 , 4127 
0x2020 , 0 
0x2020 , 4108 
0x2020 , 0 
0x2020 , 4122 
0x2020 , 4150 
0x2020 , 0 
0x2020 , 4108 
0x2020 , 0 
0x2020 , 4099 
0x2020 , 0 
0x2020 , 4150 
0x2020 , 0 
0x2020 , 4080 
0x2020 , 0 
0x2020 , 4118 
0x2020 , 0 
0x2020 , 4104 
0x2020 , 4155 
0x2020 , 0 
0x2020 , 4127 
0x2020 , 0 
0x2020 , 4136 
0x2020 , 0 
0x2020 , 4146 
0x2020 , 0 
0x2020 , 4099 
0x2020 , 0 
0x2020 , 4104 
0x2020 , 0 
0x2020 , 4080 
0x2020 , 4122 
0x2020 , 0 
0x2020 , 4113 
0x2020 , 0 
0x2020 , 4136 
0x2020 , 0 
0x2020 , 4104 
0x2020 , 0 
0x2020 , 4118 
0x2020 , 0 
0x2020 , 4132 
0x2020 , 0 
0x2020 , 4061 
0x2020 , 4085 
0x2020 , 0 
0x2020 , 4089 
0x2020 , 0 
0x2020 , 4104 
0x2020 , 0 
0x2020 , 4122 
0x2020 , 0 
0x2020 , 4099 
0x2020 , 0 
0x2020 , 4061 
0x2020 , 0 
0x2020 , 4118 
0x2020 , 4108 
0x2020 , 0 
0x2020 , 4075 
0x2020 , 0 
0x2020 , 4127 
0x2020 , 0 
0x2020 , 4080 
0x2020 , 0 
0x2020 , 4066 
0x2020 , 0 
0x2020 , 4146 
0x2020 , 0 
0x2020 , 4075 
0x2020 , 4108 
0x2020 , 0 
0x2020 , 4099 
0x2020 , 0 
0x2020 , 4066 
0x2020 , 0 
0x2020 , 4057 
0x2020 , 0 
0x2020 , 4075 
0x2020 , 0 
0x2020 , 4127 
0x2020 , 0 
0x2020 , 4080 
0x2020 , 4108 
0x2020 , 0 
0x2020 , 4085 
0x2020 , 0 
0x2020 , 4089 
0x2020 , 0 
0x2020 , 4080 
0x2020 , 0 
0x2020 , 4061 
0x2020 , 0 
0x2020 , 4108 
0x2020 , 0 
0x2020 , 4122 
0x2020 , 4118 
0x2020 , 0 
0x2020 , 4085 
0x2020 , 0 
0x2020 , 4113 
0x2020 , 0 
0x2020 , 4122 
0x2020 , 0 
0x2020 , 4080 
0x2020 , 0 
0x2020 , 4132 
0x2020 , 0 
0x2020 , 4075 
0x2020 , 4085 
0x2020 , 0 
0x2020 , 4108 
0x2020 , 0 
0x2020 , 4150 
0x2020 , 0 
0x2020 , 4089 
0x2020 , 0 
0x2020 , 4127 
0x2020 , 0 
0x2020 , 4085 
0x2020 , 0 
0x2020 , 4108 
0x2020 , 4071 
0x2020 , 0 
0x2020 , 4108 
0x2020 , 0 
0x2020 , 4104 
0x2020 , 0 
0x2020 , 4122 
0x2020 , 0 
0x2020 , 4108 
0x2020 , 0 
0x2020 , 4094 
0x2020 , 0 
0x2020 , 4071 
0x2020 , 4089 
0x2020 , 0 
0x2020 , 4089 
0x2020 , 0 
0x2020 , 4061 
0x2020 , 0 
0x2020 , 4052 
0x2020 , 0 
0x2020 , 4122 
0x2020 , 0 
0x2020 , 4033 
0x2020 , 0 
0x2020 , 4071 
0x2020 , 4029 
0x2020 , 0 
0x2020 , 4061 
0x2020 , 0 
0x2020 , 4118 
0x2020 , 0 
0x2020 , 4136 
0x2020 , 0 
0x2020 , 4061 
0x2020 , 0 
0x2020 , 4113 
0x2020 , 0 
0x2020 , 4099 
0x2020 , 4085 
0x2020 , 0 
0x2020 , 4108 
0x2020 , 0 
0x2020 , 4066 
0x2020 , 0 
0x2020 , 4099 
0x2020 , 0 
0x2020 , 4094 
0x2020 , 0 
0x2020 , 4113 
0x2020 , 0 
0x2020 , 4066 
0x2020 , 4080 
0x2020 , 0 
0x2020 , 4024 
0x2020 , 0 
0x2020 , 4071 
0x2020 , 0 
0x2020 , 4080 
0x2020 , 0 
0x2020 , 4075 
0x2020 , 0 
0x2020 , 4080 
0x2020 , 0 
0x2020 , 4108 
0x2020 , 4089 
0x2020 , 0 
0x2020 , 4066 
0x2020 , 0 
0x2020 , 4089 
0x2020 , 0 
0x2020 , 4122 
0x2020 , 0 
0x2020 , 4108 
0x2020 , 0 
0x2020 , 4080 
0x2020 , 0 
0x2020 , 4099 
0x2020 , 4089 
0x2020 , 0 
0x2020 , 4052 
0x2020 , 0 
0x2020 , 4052 
0x2020 , 0 
0x2020 , 4094 
0x2020 , 0 
0x2020 , 4066 
0x2020 , 0 
0x2020 , 4094 
0x2020 , 0 
0x2020 , 4075 
0x2020 , 4080 
0x2020 , 0 
0x2020 , 4104 
0x2020 , 4080 
0x2020 , 0 
0x2020 , 4099 
0x2020 , 0 
0x2020 , 4080 
0x2020 , 0 
0x2020 , 4094 
0x2020 , 0 
0x2020 , 4108 
0x2020 , 0 
0x2020 , 0 
0x2020 , 4099 
0x2020 , 0 
0x2020 , 4075 
0x2020 , 0 
0x2020 , 4127 
0x2020 , 0 
0x2020 , 4094 
0x2020 , 0 
0x2020 , 4108 
0x2020 , 0 
0x2020 , 4113 
0x2020 , 0 
0x2020 , 0 
0x2020 , 4141 
0x2020 , 0 
0x2020 , 4094 
0x2020 , 0 
0x2020 , 4108 
0x2020 , 0 
0x2020 , 4127 
0x2020 , 0 
0x2020 , 4085 
0x2020 , 0 
0x2020 , 4094 
0x2020 , 0 
0x2020 , 0 
0x2020 , 4104 
0x2020 , 0 
0x2020 , 4113 
0x2020 , 0 
0x2020 , 4104 
0x2020 , 0 
0x2020 , 4122 
0x2020 , 0 
0x2020 , 4118 
0x2020 , 0 
0x2020 , 4113 
0x2020 , 0 
0x2020 , 0 
0x2020 , 4122 
0x2020 , 0 
0x2020 , 4108 
0x2020 , 0 
0x2020 , 4080 
0x2020 , 0 
0x2020 , 4061 
0x2020 , 0 
0x2020 , 4136 
0x2020 , 0 
0x2020 , 4118 
0x2020 , 0 
0x2020 , 0 
0x2020 , 4108 
0x2020 , 0 
0x2020 , 4071 
0x2020 , 0 
0x2020 , 4061 
0x2020 , 0 
0x2020 , 4141 
0x2020 , 0 
0x2020 , 4052 
0x2020 , 0 
0x2020 , 4104 
0x2020 , 0 
0x2020 , 0 
0x2020 , 4085 
0x2020 , 0 
0x2020 , 0 
0x2020 , 4108 
0x2020 , 0 
0x2020 , 4104 
0x2020 , 0 
0x2020 , 4108 
0x2020 , 0 
0x2020 , 4122 
0x2020 , 0 
0x2020 , 4066 
0x2020 , 4061 
0x2020 , 0 
0x2020 , 4075 
0x2020 , 0 
0x2020 , 4085 
0x2020 , 0 
0x2020 , 4075 
0x2020 , 0 
0x2020 , 4085 
0x2020 , 0 
0x2020 , 4089 
0x2020 , 0 
0x2020 , 4099 
0x2020 , 4080 
0x2020 , 0 
0x2020 , 4061 
0x2020 , 0 
0x2020 , 4075 
0x2020 , 0 
0x2020 , 4089 
0x2020 , 0 
0x2020 , 4075 
0x2020 , 0 
0x2020 , 4085 
0x2020 , 0 
0x2020 , 4089 
0x2020 , 4089 
0x2020 , 0 
0x2020 , 4057 
0x2020 , 0 
0x2020 , 4052 
0x2020 , 0 
0x2020 , 4052 
0x2020 , 0 
0x2020 , 4099 
0x2020 , 0 
0x2020 , 4089 
0x2020 , 0 
0x2020 , 4094 
0x2020 , 4108 
0x2020 , 0 
0x2020 , 4033 
0x2020 , 0 
0x2020 , 4113 
0x2020 , 0 
0x2020 , 4108 
0x2020 , 0 
0x2020 , 4085 
0x2020 , 0 
0x2020 , 4141 
0x2020 , 0 
0x2020 , 4094 
0x2020 , 0 
0x2020 , 4089 
0x2020 , 0 
0x2020 , 4089 
0x2020 , 0 
0x2020 , 4118 
0x2020 , 0 
0x2020 , 4099 
0x2020 , 0 
0x2020 , 4122 
0x2020 , 0 
0x2020 , 4066 
0x2020 , 4104 
0x2020 , 0 
0x2020 , 4089 
0x2020 , 0 
0x2020 , 4099 
0x2020 , 0 
0x2020 , 4071 
0x2020 , 0 
0x2020 , 4089 
0x2020 , 0 
0x2020 , 4085 
0x2020 , 0 
0x2020 , 4061 
0x2020 , 4038 
0x2020 , 0 
0x2020 , 4094 
0x2020 , 0 
0x2020 , 4108 
0x2020 , 0 
0x2020 , 4141 
0x2020 , 0 
0x2020 , 4122 
0x2020 , 0 
0x2020 , 4122 
0x2020 , 0 
0x2020 , 4089 
0x2020 , 4122 
0x2020 , 0 
0x2020 , 4146 
0x2020 , 0 
0x2020 , 4080 
0x2020 , 0 
0x2020 , 4071 
0x2020 , 0 
0x2020 , 4066 
0x2020 , 0 
0x2020 , 4052 
0x2020 , 0 
0x2020 , 4104 
0x2020 , 4104 
0x2020 , 0 
0x2020 , 4113 
0x2020 , 0 
0x2020 , 4075 
0x2020 , 0 
0x2020 , 4071 
0x2020 , 0 
0x2020 , 4080 
0x2020 , 0 
0x2020 , 4085 
0x2020 , 0 
0x2020 , 4080 
0x2020 , 4118 
0x2020 , 0 
0x2020 , 4122 
0x2020 , 0 
0x2020 , 4104 
0x2020 , 0 
0x2020 , 4146 
0x2020 , 0 
0x2020 , 4061 
0x2020 , 0 
0x2020 , 4089 
0x2020 , 0 
0x2020 , 4094 
0x2020 , 4113 
0x2020 , 0 
0x2020 , 4104 
0x2020 , 0 
0x2020 , 4057 
0x2020 , 0 
0x2020 , 4108 
0x2020 , 0 
0x2020 , 4122 
0x2020 , 0 
0x2020 , 4061 
0x2020 , 0 
0x2020 , 4089 
0x2020 , 4113 
0x2020 , 0 
0x2020 , 4099 
0x2020 , 0 
0x2020 , 4080 
0x2020 , 0 
0x2020 , 4089 
0x2020 , 0 
0x2020 , 4104 
0x2020 , 0 
0x2020 , 4108 
0x2020 , 0 
0x2020 , 4089 
0x2020 , 4099 
0x2020 , 0 
0x2020 , 4104 
0x2020 , 0 
0x2020 , 4080 
0x2020 , 0 
0x2020 , 4094 
0x2020 , 0 
0x2020 , 4080 
0x2020 , 0 
0x2020 , 4108 
0x2020 , 0 
0x2020 , 4080 
0x2020 , 4099 
0x2020 , 0 
0x2020 , 4113 
0x2020 , 0 
0x2020 , 4099 
0x2020 , 0 
0x2020 , 4127 
0x2020 , 0 
0x2020 , 4127 
0x2020 , 0 
0x2020 , 4108 
0x2020 , 0 
0x2020 , 4099 
0x2020 , 4099 
0x2020 , 0 
0x2020 , 4108 
0x2020 , 0 
0x2020 , 4075 
0x2020 , 0 
0x2020 , 4108 
0x2020 , 0 
0x2020 , 4089 
0x2020 , 0 
0x2020 , 4071 
0x2020 , 0 
0x2020 , 4104 
0x2020 , 4108 
0x2020 , 0 
0x2020 , 4141 
0x2020 , 0 
0x2020 , 4094 
0x2020 , 0 
0x2020 , 0 
0x2020 , 4127 
0x2020 , 0 
0x2020 , 4136 
0x2020 , 0 
0x2020 , 4089 
0x2020 , 0 
0x2020 , 0 
0x2020 , 4108 
0x2020 , 0 

0x3E3E , 4366 
0x3E3E , 4376 
0x3E3E , 4380 
0x3E3E , 4385 
0x3E3E , 4390 
0x3E3E , 4380 
0x3E3E , 4347 
0x3E3E , 4380 
0x3E3E , 4362 
0x3E3E , 4329 
0x3E3E , 4352 
0x3E3E , 4380 
0x3E3E , 4371 
0x3E3E , 4399 
0x3E3E , 4347 
0x3E3E , 4362 
0x3E3E , 4310 
0x3E3E , 4366 
0x3E3E , 4385 
0x3E3E , 4385 
0x3E3E , 4418 
0x3E3E , 4390 
0x3E3E , 4366 
0x3E3E , 4324 
0x3E3E , 4376 
0x3E3E , 4380 
0x3E3E , 4371 
0x3E3E , 4376 
0x3E3E , 4380 
0x3E3E , 4338 
0x3E3E , 4347 
0x3E3E , 4362 
0x3E3E , 4371 
0x3E3E , 4376 
0x3E3E , 4357 
0x3E3E , 4362 
0x3E3E , 4366 
0x3E3E , 4352 
0x3E3E , 4343 
0x3E3E , 4343 
0x3E3E , 4338 
0x3E3E , 4343 
0x3E3E , 4324 
0x3E3E , 4319 
0x3E3E , 4347 
0x3E3E , 4333 
0x3E3E , 4319 
0x3E3E , 4310 
0x3E3E , 4329 
0x3E3E , 4286 
0x3E3E , 4329 
0x3E3E , 4333 
0x3E3E , 4329 
0x3E3E , 0 
0x3E3E , 4324 
0x3E3E , 4366 
0x3E3E , 4343 
0x3E3E , 4352 
0x3E3E , 4324 
0x3E3E , 4291 
0x3E3E , 4305 
0x3E3E , 4343 
0x3E3E , 4338 
0x3E3E , 4305 
0x3E3E , 4296 
0x3E3E , 4305 
0x3E3E , 4347 
0x3E3E , 4343 
0x3E3E , 4329 
0x3E3E , 4329 
0x3E3E , 4315 
0x3E3E , 4338 
0x3E3E , 4296 
0x3E3E , 4333 
0x3E3E , 4357 
0x3E3E , 4324 
0x3E3E , 4376 
0x3E3E , 4333 
0x3E3E , 4319 
0x3E3E , 4390 
0x3E3E , 4385 
0x3E3E , 4347 
0x3E3E , 4310 
0x3E3E , 4362 
0x3E3E , 4362 
0x3E3E , 4310 
0x3E3E , 4305 
0x3E3E , 4352 
0x3E3E , 4277 
0x3E3E , 4338 
0x3E3E , 4319 
0x3E3E , 4319 
0x3E3E , 4347 
0x3E3E , 4286 
0x3E3E , 4319 
0x3E3E , 4352 
0x3E3E , 4324 
0x3E3E , 4329 
0x3E3E , 4371 
0x3E3E , 4352 
0x3E3E , 4343 
0x3E3E , 4319 
0x3E3E , 4376 
0x3E3E , 4315 
0x3E3E , 4286 
0x3E3E , 4329 
0x3E3E , 4324 
0x3E3E , 4329 
0x3E3E , 4305 
0x3E3E , 4305 
0x3E3E , 4376 
0x3E3E , 4343 
0x3E3E , 4347 
0x3E3E , 4301 
0x3E3E , 4329 
0x3E3E , 4371 
0x3E3E , 4305 
0x3E3E , 4333 
0x3E3E , 4329 
0x3E3E , 4333 
0x3E3E , 4291 
0x3E3E , 4329 
0x3E3E , 4329 
0x3E3E , 4333 
0x3E3E , 4371 
0x3E3E , 4338 
0x3E3E , 4301 
0x3E3E , 4347 
0x3E3E , 4329 
0x3E3E , 4343 
0x3E3E , 4277 
0x3E3E , 4352 
0x3E3E , 4362 
0x3E3E , 4338 
0x3E3E , 4343 
0x3E3E , 4329 
0x3E3E , 4347 
0x3E3E , 4324 
0x3E3E , 4352 
0x3E3E , 4315 
0x3E3E , 4286 
0x3E3E , 4329 
0x3E3E , 4324 
0x3E3E , 4324 
0x3E3E , 4286 
0x3E3E , 4301 
0x3E3E , 4357 
0x3E3E , 4362 
0x3E3E , 4338 
0x3E3E , 4301 
0x3E3E , 4352 
0x3E3E , 4333 
0x3E3E , 4347 
0x3E3E , 4324 
0x3E3E , 4315 
0x3E3E , 4362 
0x3E3E , 4366 
0x3E3E , 4296 
0x3E3E , 4296 
0x3E3E , 4301 
0x3E3E , 4296 
0x3E3E , 4338 
0x3E3E , 4357 
0x3E3E , 4319 
0x3E3E , 4333 
0x3E3E , 4305 
0x3E3E , 4324 
0x3E3E , 4305 
0x3E3E , 4310 
0x3E3E , 4319 
0x3E3E , 4319 
0x3E3E , 4277 
0x3E3E , 4347 
0x3E3E , 4296 
0x3E3E , 4347 
0x3E3E , 4291 
0x3E3E , 4268 
0x3E3E , 4272 
0x3E3E , 4301 
0x3E3E , 4315 
0x3E3E , 4305 
0x3E3E , 4291 
0x3E3E , 4333 
0x3E3E , 4282 
0x3E3E , 4272 
0x3E3E , 4315 
0x3E3E , 4333 
0x3E3E , 4310 
0x3E3E , 4305 
0x3E3E , 4319 
0x3E3E , 4305 
0x3E3E , 4329 
0x3E3E , 4324 
0x3E3E , 4272 
0x3E3E , 4301 
0x3E3E , 4263 
0x3E3E , 4319 
0x3E3E , 4277 
0x3E3E , 4329 
0x3E3E , 4315 
0x3E3E , 4343 
0x3E3E , 4315 
0x3E3E , 4319 
0x3E3E , 4296 
0x3E3E , 4310 
0x3E3E , 4268 
0x3E3E , 4291 
0x3E3E , 4343 
0x3E3E , 4254 
0x3E3E , 4319 
0x3E3E , 4305 
0x3E3E , 4272 
0x3E3E , 4282 
0x3E3E , 4282 
0x3E3E , 4258 
0x3E3E , 4352 
0x3E3E , 4282 
0x3E3E , 4254 
0x3E3E , 4305 
0x3E3E , 4296 
0x3E3E , 4249 
0x3E3E , 4296 
0x3E3E , 4272 
0x3E3E , 4296 
0x3E3E , 4282 
0x3E3E , 4296 
0x3E3E , 4272 
0x3E3E , 4277 
0x3E3E , 4291 
0x3E3E , 4272 
0x3E3E , 4301 
0x3E3E , 4296 
0x3E3E , 4291 
0x3E3E , 4254 
0x3E3E , 4272 
0x3E3E , 4258 
0x3E3E , 4254 
0x3E3E , 4277 
0x3E3E , 4254 
0x3E3E , 4286 
0x3E3E , 4254 
0x3E3E , 4338 
0x3E3E , 4282 
0x3E3E , 4254 
0x3E3E , 4254 
0x3E3E , 4258 
0x3E3E , 4272 
0x3E3E , 4272 
0x3E3E , 4286 
0x3E3E , 4319 
0x3E3E , 4277 
0x3E3E , 4240 
0x3E3E , 4286 
0x3E3E , 4305 
0x3E3E , 4282 
0x3E3E , 4291 
0x3E3E , 4315 
0x3E3E , 4315 
0x3E3E , 4291 
0x3E3E , 4329 
0x3E3E , 4286 
0x3E3E , 4277 
0x3E3E , 4305 
0x3E3E , 4282 
0x3E3E , 4291 
0x3E3E , 4286 
0x3E3E , 4272 
0x3E3E , 4240 
0x3E3E , 4263 
0x3E3E , 4310 
0x3E3E , 4254 
0x3E3E , 4286 
0x3E3E , 4258 
0x3E3E , 4263 
0x3E3E , 4286 
0x3E3E , 4268 
0x3E3E , 4343 
0x3E3E , 4263 
0x3E3E , 4315 
0x3E3E , 4305 
0x3E3E , 4305 
0x3E3E , 4305 
0x3E3E , 4310 
0x3E3E , 4301 
0x3E3E , 4282 
0x3E3E , 4282 
0x3E3E , 4268 
0x3E3E , 4249 
0x3E3E , 4301 
0x3E3E , 4263 
0x3E3E , 4268 
0x3E3E , 4282 
0x3E3E , 4282 
0x3E3E , 4286 
0x3E3E , 4310 
0x3E3E , 4301 
0x3E3E , 4244 
0x3E3E , 4249 
0x3E3E , 4282 
0x3E3E , 4315 
0x3E3E , 4263 
0x3E3E , 4277 
0x3E3E , 4272 
0x3E3E , 4310 
0x3E3E , 4315 
0x3E3E , 4301 
0x3E3E , 4277 
0x3E3E , 4258 
0x3E3E , 4272 
0x3E3E , 4263 
0x3E3E , 4305 
0x3E3E , 4329 
0x3E3E , 4315 
0x3E3E , 4286 
0x3E3E , 4277 
0x3E3E , 4230 
0x3E3E , 4277 
0x3E3E , 4286 
0x3E3E , 4282 
0x3E3E , 4291 
0x3E3E , 4277 
0x3E3E , 4249 
0x3E3E , 4329 
0x3E3E , 4263 
0x3E3E , 4221 
0x3E3E , 4263 
0x3E3E , 4286 
0x3E3E , 4277 
0x3E3E , 4272 
0x3E3E , 4268 
0x3E3E , 4286 
0x3E3E , 4258 
0x3E3E , 4315 
0x3E3E , 4282 
0x3E3E , 4305 
0x3E3E , 4254 
0x3E3E , 4282 
0x3E3E , 4254 
0x3E3E , 4249 
0x3E3E , 4291 
0x3E3E , 4263 
0x3E3E , 4296 
0x3E3E , 4305 
0x3E3E , 4263 
0x3E3E , 4291 
0x3E3E , 4296 
0x3E3E , 4333 
0x3E3E , 4277 
0x3E3E , 4263 
0x3E3E , 4230 
0x3E3E , 4286 
0x3E3E , 4268 
0x3E3E , 4296 
0x3E3E , 4296 
0x3E3E , 4310 
0x3E3E , 4286 
0x3E3E , 4291 
0x3E3E , 4282 
0x3E3E , 4296 
0x3E3E , 4286 
0x3E3E , 4296 
0x3E3E , 4272 
0x3E3E , 4291 
0x3E3E , 4296 
0x3E3E , 4301 
0x3E3E , 4291 
0x3E3E , 4305 
0x3E3E , 4301 
0x3E3E , 4291 
0x3E3E , 4272 
0x3E3E , 4258 
0x3E3E , 4282 
0x3E3E , 4258 
0x3E3E , 4310 
0x3E3E , 4263 
0x3E3E , 4272 
0x3E3E , 4277 
0x3E3E , 4296 
0x3E3E , 4286 
0x3E3E , 4282 
0x3E3E , 4277 
0x3E3E , 4296 
0x3E3E , 4315 
0x3E3E , 4352 
0x3E3E , 4315 
0x3E3E , 4254 
0x3E3E , 4286 
0x3E3E , 4282 
0x3E3E , 4333 
0x3E3E , 4310 
0x3E3E , 4324 
0x3E3E , 4301 
0x3E3E , 4268 
0x3E3E , 4310 
0x3E3E , 4343 
0x3E3E , 4282 
0x3E3E , 4310 
0x3E3E , 4352 
0x3E3E , 4291 
0x3E3E , 4291 
0x3E3E , 4296 
0x3E3E , 4286 
0x3E3E , 4301 
0x3E3E , 4282 
0x3E3E , 4301 
0x3E3E , 4305 
0x3E3E , 4329 
0x3E3E , 4305 
0x3E3E , 4319 
0x3E3E , 4329 
0x3E3E , 4333 
0x3E3E , 4286 
0x3E3E , 4347 
0x3E3E , 4310 
0x3E3E , 4329 
0x3E3E , 4296 
0x3E3E , 4291 
0x3E3E , 4319 
0x3E3E , 4315 
0x3E3E , 4296 
0x3E3E , 4296 
0x3E3E , 4329 
0x3E3E , 4343 
0x3E3E , 4324 
0x3E3E , 4291 
0x3E3E , 4282 
0x3E3E , 4319 
0x3E3E , 4310 
0x3E3E , 0 
0x3E3E , 4291 
0x3E3E , 4338 
0x3E3E , 4291 
0x3E3E , 4301 
0x3E3E , 4310 
0x3E3E , 4319 
0x3E3E , 4305 
0x3E3E , 4310 
0x3E3E , 4282 
0x3E3E , 4301 
0x3E3E , 4333 
0x3E3E , 4319 

0x4D4D , 4741 
0x4D4D , 4723 
0x4D4D , 4704 
0x4D4D , 4671 
0x4D4D , 4690 
0x4D4D , 4704 
0x4D4D , 4690 
0x4D4D , 4676 
0x4D4D , 4699 
0x4D4D , 4699 
0x4D4D , 4662 
0x4D4D , 4680 
0x4D4D , 4666 
0x4D4D , 4662 
0x4D4D , 4699 
0x4D4D , 4657 
0x4D4D , 4723 
0x4D4D , 4662 
0x4D4D , 4713 
0x4D4D , 4676 
0x4D4D , 4662 
0x4D4D , 4657 
0x4D4D , 4704 
0x4D4D , 4685 
0x4D4D , 4737 
0x4D4D , 4718 
0x4D4D , 4690 
0x4D4D , 4727 
0x4D4D , 0 
0x4D4D , 4709 
0x4D4D , 4709 
0x4D4D , 4751 
0x4D4D , 4699 
0x4D4D , 4723 
0x4D4D , 4713 
0x4D4D , 4695 
0x4D4D , 4718 
0x4D4D , 4704 
0x4D4D , 4718 
0x4D4D , 4713 
0x4D4D , 4704 
0x4D4D , 4709 
0x4D4D , 4699 
0x4D4D , 4676 
0x4D4D , 4662 
0x4D4D , 4699 
0x4D4D , 4695 
0x4D4D , 4690 
0x4D4D , 4727 
0x4D4D , 4666 
0x4D4D , 4713 
0x4D4D , 4671 
0x4D4D , 4704 
0x4D4D , 4713 
0x4D4D , 4699 
0x4D4D , 4666 
0x4D4D , 4709 
0x4D4D , 4699 
0x4D4D , 4718 
0x4D4D , 4666 
0x4D4D , 4648 
0x4D4D , 4676 
0x4D4D , 4690 
0x4D4D , 4695 
0x4D4D , 4723 
0x4D4D , 4713 
0x4D4D , 4676 
0x4D4D , 4671 
0x4D4D , 4741 
0x4D4D , 4662 
0x4D4D , 4695 
0x4D4D , 4690 
0x4D4D , 4737 
0x4D4D , 4685 
0x4D4D , 4695 
0x4D4D , 4713 
0x4D4D , 4751 
0x4D4D , 4685 
0x4D4D , 4709 
0x4D4D , 4723 
0x4D4D , 4685 
0x4D4D , 4662 
0x4D4D , 4718 
0x4D4D , 4671 
0x4D4D , 4756 
0x4D4D , 4709 
0x4D4D , 4680 
0x4D4D , 4732 
0x4D4D , 4676 
0x4D4D , 4662 
0x4D4D , 4741 
0x4D4D , 4760 
0x4D4D , 4699 
0x4D4D , 4741 
0x4D4D , 4680 
0x4D4D , 4662 
0x4D4D , 4676 
0x4D4D , 4671 
0x4D4D , 4709 
0x4D4D , 4685 
0x4D4D , 4699 
0x4D4D , 4662 
0x4D4D , 4704 
0x4D4D , 4718 
0x4D4D , 4690 
0x4D4D , 4723 
0x4D4D , 4671 
0x4D4D , 4704 
0x4D4D , 4727 
0x4D4D , 4671 
0x4D4D , 4685 
0x4D4D , 4704 
0x4D4D , 4704 
0x4D4D , 4695 
0x4D4D , 4662 
0x4D4D , 4732 
0x4D4D , 4723 
0x4D4D , 4704 
0x4D4D , 4695 
0x4D4D , 4732 
0x4D4D , 4741 
0x4D4D , 4727 
0x4D4D , 4690 
0x4D4D , 4695 
0x4D4D , 4727 
0x4D4D , 4657 
0x4D4D , 4709 
0x4D4D , 4690 
0x4D4D , 4737 
0x4D4D , 4695 
0x4D4D , 4741 
0x4D4D , 4699 
0x4D4D , 4699 
0x4D4D , 4695 
0x4D4D , 4723 
0x4D4D , 4709 
0x4D4D , 4695 
0x4D4D , 4652 
0x4D4D , 4709 
0x4D4D , 4685 
0x4D4D , 4718 
0x4D4D , 4704 
0x4D4D , 4704 
0x4D4D , 4699 
0x4D4D , 4652 
0x4D4D , 4695 
0x4D4D , 4727 
0x4D4D , 4723 
0x4D4D , 4695 
0x4D4D , 4690 
0x4D4D , 4685 
0x4D4D , 4695 
0x4D4D , 4732 
0x4D4D , 4695 
0x4D4D , 4718 
0x4D4D , 4704 
0x4D4D , 4727 
0x4D4D , 4699 
0x4D4D , 4657 
0x4D4D , 4718 
0x4D4D , 4718 
0x4D4D , 4680 
0x4D4D , 4671 
0x4D4D , 4723 
0x4D4D , 4723 
0x4D4D , 4718 
0x4D4D , 4671 
0x4D4D , 4709 
0x4D4D , 4671 
0x4D4D , 4713 
0x4D4D , 4704 
0x4D4D , 4699 
0x4D4D , 4718 
0x4D4D , 4676 
0x4D4D , 4695 
0x4D4D , 4718 
0x4D4D , 4704 
0x4D4D , 4666 
0x4D4D , 4699 
0x4D4D , 4690 
0x4D4D , 4718 
0x4D4D , 4690 
0x4D4D , 4737 
0x4D4D , 4709 
0x4D4D , 4709 
0x4D4D , 4685 
0x4D4D , 4718 
0x4D4D , 4718 
0x4D4D , 4634 
0x4D4D , 4685 
0x4D4D , 4671 
0x4D4D , 4685 
0x4D4D , 4718 
0x4D4D , 4704 
0x4D4D , 4723 
0x4D4D , 4727 
0x4D4D , 4713 
0x4D4D , 4713 
0x4D4D , 4676 
0x4D4D , 4666 
0x4D4D , 4704 
0x4D4D , 4699 
0x4D4D , 4713 
0x4D4D , 4695 
0x4D4D , 4718 
0x4D4D , 4718 
0x4D4D , 4666 
0x4D4D , 4704 
0x4D4D , 4690 
0x4D4D , 4704 
0x4D4D , 4685 
0x4D4D , 4676 
0x4D4D , 4699 
0x4D4D , 4713 
0x4D4D , 4704 
0x4D4D , 4685 
0x4D4D , 4690 
0x4D4D , 4709 
0x4D4D , 4732 
0x4D4D , 4690 
0x4D4D , 4685 
0x4D4D , 4680 
0x4D4D , 4718 
0x4D4D , 4695 
0x4D4D , 4690 
0x4D4D , 4699 
0x4D4D , 4695 
0x4D4D , 4657 
0x4D4D , 4718 
0x4D4D , 4685 
0x4D4D , 4690 
0x4D4D , 4699 
0x4D4D , 4666 
0x4D4D , 4680 
0x4D4D , 4657 
0x4D4D , 4718 
0x4D4D , 4713 
0x4D4D , 4713 
0x4D4D , 4690 
0x4D4D , 4713 
0x4D4D , 4709 
0x4D4D , 4680 
0x4D4D , 4704 
0x4D4D , 4685 
0x4D4D , 4690 
0x4D4D , 4676 
0x4D4D , 4690 
0x4D4D , 4718 
0x4D4D , 4680 
0x4D4D , 4671 
0x4D4D , 4662 
0x4D4D , 4699 
0x4D4D , 4671 
0x4D4D , 4727 
0x4D4D , 4704 
0x4D4D , 4699 
0x4D4D , 4713 
0x4D4D , 4704 
0x4D4D , 4690 
0x4D4D , 4718 
0x4D4D , 4741 
0x4D4D , 4680 
0x4D4D , 4695 
0x4D4D , 4704 
0x4D4D , 4690 
0x4D4D , 4690 
0x4D4D , 4737 
0x4D4D , 4732 
0x4D4D , 4727 
0x4D4D , 4680 
0x4D4D , 4746 
0x4D4D , 4727 
0x4D4D , 4713 
0x4D4D , 4718 
0x4D4D , 4709 
0x4D4D , 4685 
0x4D4D , 4680 
0x4D4D , 4704 
0x4D4D , 4737 
0x4D4D , 4737 
0x4D4D , 4718 
0x4D4D , 4704 
0x4D4D , 4671 
0x4D4D , 4732 
0x4D4D , 4756 
0x4D4D , 4662 
0x4D4D , 4746 
0x4D4D , 4704 
0x4D4D , 4723 
0x4D4D , 4718 
0x4D4D , 4723 
0x4D4D , 4760 
0x4D4D , 4713 
0x4D4D , 4709 
0x4D4D , 4727 
0x4D4D , 4718 
0x4D4D , 4713 
0x4D4D , 4741 
0x4D4D , 4713 
0x4D4D , 4709 
0x4D4D , 4723 
0x4D4D , 4624 
0x4D4D , 4760 
0x4D4D , 4723 
0x4D4D , 4704 
0x4D4D , 4685 
0x4D4D , 4690 
0x4D4D , 4723 
0x4D4D , 4746 
0x4D4D , 4690 
0x4D4D , 4737 
0x4D4D , 4690 
0x4D4D , 4680 
0x4D4D , 4704 
0x4D4D , 4723 
0x4D4D , 4676 
0x4D4D , 4718 
0x4D4D , 4690 
0x4D4D , 4770 
0x4D4D , 4713 
0x4D4D , 4695 
0x4D4D , 4680 
0x4D4D , 4699 
0x4D4D , 4713 
0x4D4D , 4666 
0x4D4D , 4732 
0x4D4D , 4690 
0x4D4D , 4648 
0x4D4D , 4709 
0x4D4D , 4699 
0x4D4D , 4699 
0x4D4D , 4732 
0x4D4D , 4746 
0x4D4D , 4699 
0x4D4D , 4723 
0x4D4D , 4713 
0x4D4D , 4746 
0x4D4D , 4652 
0x4D4D , 4741 
0x4D4D , 4723 
0x4D4D , 4779 
0x4D4D , 4723 
0x4D4D , 4709 
0x4D4D , 4671 
0x4D4D , 4676 
0x4D4D , 4685 
0x4D4D , 4666 
0x4D4D , 4699 
0x4D4D , 4695 
0x4D4D , 4699 
0x4D4D , 4704 
0x4D4D , 4695 
0x4D4D , 4666 
0x4D4D , 4704 
0x4D4D , 4793 
0x4D4D , 4756 
0x4D4D , 4685 
0x4D4D , 4770 
0x4D4D , 4727 
0x4D4D , 4685 
0x4D4D , 4699 
0x4D4D , 4718 
0x4D4D , 4699 
0x4D4D , 4699 
0x4D4D , 4727 
0x4D4D , 4751 
0x4D4D , 4685 
0x4D4D , 4704 
0x4D4D , 4695 
0x4D4D , 4685 

0x5A5A , 4390 
0x5A5A , 4333 
0x5A5A , 4380 
0x5A5A , 4362 
0x5A5A , 4385 
0x5A5A , 4376 
0x5A5A , 4310 
0x5A5A , 4310 
0x5A5A , 4338 
0x5A5A , 4324 
0x5A5A , 4347 
0x5A5A , 4333 
0x5A5A , 4338 
0x5A5A , 4347 
0x5A5A , 4343 
0x5A5A , 4305 
0x5A5A , 4315 
0x5A5A , 4324 
0x5A5A , 4329 
0x5A5A , 4362 
0x5A5A , 4310 
0x5A5A , 4347 
0x5A5A , 4357 
0x5A5A , 4343 
0x5A5A , 4347 
0x5A5A , 4357 
0x5A5A , 4277 
0x5A5A , 4324 
0x5A5A , 4310 
0x5A5A , 4362 
0x5A5A , 4366 
0x5A5A , 4319 
0x5A5A , 4376 
0x5A5A , 4343 
0x5A5A , 4338 
0x5A5A , 4357 
0x5A5A , 4343 
0x5A5A , 4343 
0x5A5A , 4282 
0x5A5A , 4324 
0x5A5A , 4347 
0x5A5A , 4380 
0x5A5A , 4319 
0x5A5A , 4338 
0x5A5A , 4343 
0x5A5A , 4305 
0x5A5A , 4305 
0x5A5A , 4333 
0x5A5A , 4324 
0x5A5A , 4324 
0x5A5A , 4338 
0x5A5A , 4319 
0x5A5A , 4319 
0x5A5A , 4329 
0x5A5A , 4390 
0x5A5A , 4338 
0x5A5A , 4343 
0x5A5A , 4343 
0x5A5A , 4366 
0x5A5A , 4329 
0x5A5A , 4333 
0x5A5A , 4282 
0x5A5A , 4305 
0x5A5A , 4315 
0x5A5A , 4329 
0x5A5A , 4366 
0x5A5A , 4319 
0x5A5A , 4343 
0x5A5A , 4338 
0x5A5A , 4347 
0x5A5A , 4333 
0x5A5A , 4366 
0x5A5A , 4376 
0x5A5A , 4338 
0x5A5A , 4352 
0x5A5A , 4310 
0x5A5A , 4324 
0x5A5A , 4371 
0x5A5A , 4319 
0x5A5A , 4338 
0x5A5A , 4343 
0x5A5A , 4333 
0x5A5A , 4296 
0x5A5A , 4333 
0x5A5A , 4319 
0x5A5A , 4301 
0x5A5A , 4347 
0x5A5A , 4296 
0x5A5A , 4286 
0x5A5A , 4291 
0x5A5A , 4305 
0x5A5A , 4305 
0x5A5A , 4329 
0x5A5A , 4329 
0x5A5A , 4291 
0x5A5A , 4315 
0x5A5A , 4296 
0x5A5A , 4338 
0x5A5A , 4296 
0x5A5A , 4324 
0x5A5A , 4296 
0x5A5A , 4324 
0x5A5A , 4291 
0x5A5A , 4272 
0x5A5A , 4296 
0x5A5A , 4282 
0x5A5A , 4324 
0x5A5A , 4301 
0x5A5A , 4286 
0x5A5A , 4277 
0x5A5A , 4305 
0x5A5A , 4268 
0x5A5A , 4296 
0x5A5A , 4319 
0x5A5A , 4286 
0x5A5A , 4329 
0x5A5A , 4282 
0x5A5A , 4286 
0x5A5A , 4277 
0x5A5A , 4319 
0x5A5A , 4286 
0x5A5A , 4282 
0x5A5A , 4305 
0x5A5A , 4282 
0x5A5A , 4310 
0x5A5A , 4310 
0x5A5A , 4230 
0x5A5A , 4301 
0x5A5A , 4305 
0x5A5A , 4305 
0x5A5A , 4338 
0x5A5A , 4347 
0x5A5A , 4277 
0x5A5A , 4291 
0x5A5A , 4291 
0x5A5A , 4272 
0x5A5A , 4263 
0x5A5A , 4286 
0x5A5A , 4268 
0x5A5A , 4305 
0x5A5A , 4305 
0x5A5A , 4277 
0x5A5A , 4282 
0x5A5A , 4277 
0x5A5A , 4235 
0x5A5A , 4291 
0x5A5A , 4310 
0x5A5A , 4282 
0x5A5A , 4272 
0x5A5A , 4286 
0x5A5A , 4315 
0x5A5A , 4282 
0x5A5A , 4301 
0x5A5A , 4277 
0x5A5A , 4296 
0x5A5A , 4315 
0x5A5A , 4296 
0x5A5A , 4282 
0x5A5A , 4319 
0x5A5A , 4277 
0x5A5A , 4282 
0x5A5A , 4291 
0x5A5A , 4286 
0x5A5A , 4310 
0x5A5A , 4310 
0x5A5A , 4319 
0x5A5A , 4319 
0x5A5A , 4286 
0x5A5A , 4319 
0x5A5A , 4333 
0x5A5A , 4338 
0x5A5A , 4310 
0x5A5A , 4296 
0x5A5A , 4305 
0x5A5A , 4277 
0x5A5A , 4291 
0x5A5A , 4301 
0x5A5A , 4291 
0x5A5A , 4343 
0x5A5A , 4315 
0x5A5A , 4310 
0x5A5A , 4296 
0x5A5A , 0 
0x5A5A , 4291 
0x5A5A , 4301 
0x5A5A , 4272 
0x5A5A , 4277 
0x5A5A , 4277 
0x5A5A , 4329 
0x5A5A , 4352 
0x5A5A , 4310 
0x5A5A , 4221 
0x5A5A , 4315 
0x5A5A , 4272 
0x5A5A , 4277 
0x5A5A , 4272 
0x5A5A , 4347 
0x5A5A , 4291 
0x5A5A , 4366 
0x5A5A , 4272 
0x5A5A , 4291 
0x5A5A , 4305 
0x5A5A , 4319 
0x5A5A , 4249 
0x5A5A , 4258 
0x5A5A , 4272 
0x5A5A , 4315 
0x5A5A , 4305 
0x5A5A , 4286 
0x5A5A , 4333 
0x5A5A , 4282 
0x5A5A , 4324 
0x5A5A , 4272 
0x5A5A , 4235 
0x5A5A , 4310 
0x5A5A , 4268 
0x5A5A , 4286 
0x5A5A , 4272 
0x5A5A , 4263 
0x5A5A , 4282 
0x5A5A , 4258 
0x5A5A , 4268 
0x5A5A , 4291 
0x5A5A , 4286 
0x5A5A , 4319 
0x5A5A , 4301 
0x5A5A , 4315 
0x5A5A , 4291 
0x5A5A , 4254 
0x5A5A , 4315 
0x5A5A , 4333 
0x5A5A , 4301 
0x5A5A , 4277 
0x5A5A , 4291 
0x5A5A , 4291 
0x5A5A , 4296 
0x5A5A , 4324 
0x5A5A , 4319 
0x5A5A , 4249 
0x5A5A , 4329 
0x5A5A , 4282 
0x5A5A , 4277 
0x5A5A , 4291 
0x5A5A , 4282 
0x5A5A , 4272 
0x5A5A , 4268 
0x5A5A , 4315 
0x5A5A , 4258 
0x5A5A , 4254 
0x5A5A , 4272 
0x5A5A , 4296 
0x5A5A , 4301 
0x5A5A , 4282 
0x5A5A , 4324 
0x5A5A , 4268 
0x5A5A , 4286 
0x5A5A , 4268 
0x5A5A , 4286 
0x5A5A , 4296 
0x5A5A , 4286 
0x5A5A , 4268 
0x5A5A , 4305 
0x5A5A , 4226 
0x5A5A , 4282 
0x5A5A , 4291 
0x5A5A , 4291 
0x5A5A , 4333 
0x5A5A , 4207 
0x5A5A , 4347 
0x5A5A , 4282 
0x5A5A , 4216 
0x5A5A , 4268 
0x5A5A , 4319 
0x5A5A , 4235 
0x5A5A , 4272 
0x5A5A , 4277 
0x5A5A , 4249 
0x5A5A , 4296 
0x5A5A , 4291 
0x5A5A , 4277 
0x5A5A , 4319 
0x5A5A , 4240 
0x5A5A , 4333 
0x5A5A , 4291 
0x5A5A , 4319 
0x5A5A , 4277 
0x5A5A , 4286 
0x5A5A , 4277 
0x5A5A , 4301 
0x5A5A , 4347 
0x5A5A , 4249 
0x5A5A , 4305 
0x5A5A , 4263 
0x5A5A , 4291 
0x5A5A , 4291 
0x5A5A , 4301 
0x5A5A , 4315 
0x5A5A , 4277 
0x5A5A , 4324 
0x5A5A , 4310 
0x5A5A , 4301 
0x5A5A , 4282 
0x5A5A , 4286 
0x5A5A , 4315 
0x5A5A , 4286 
0x5A5A , 4333 
0x5A5A , 4338 
0x5A5A , 4301 
0x5A5A , 4315 
0x5A5A , 4296 
0x5A5A , 4324 
0x5A5A , 4282 
0x5A5A , 4296 
0x5A5A , 4286 
0x5A5A , 4249 
0x5A5A , 4240 
0x5A5A , 4286 
0x5A5A , 4296 
0x5A5A , 4249 
0x5A5A , 4305 
0x5A5A , 4315 
0x5A5A , 4286 
0x5A5A , 4258 
0x5A5A , 4286 
0x5A5A , 4240 
0x5A5A , 4296 
0x5A5A , 4258 
0x5A5A , 4301 
0x5A5A , 4263 
0x5A5A , 4268 
0x5A5A , 4282 
0x5A5A , 4319 
0x5A5A , 4296 
0x5A5A , 4254 
0x5A5A , 4310 
0x5A5A , 4315 
0x5A5A , 4286 
0x5A5A , 4286 
0x5A5A , 4286 
0x5A5A , 0 
0x5A5A , 4319 
0x5A5A , 4310 
0x5A5A , 4301 
0x5A5A , 4296 
0x5A5A , 4263 
0x5A5A , 4277 
0x5A5A , 4282 
0x5A5A , 4244 
0x5A5A , 4249 
0x5A5A , 4310 
0x5A5A , 4286 
0x5A5A , 4249 
0x5A5A , 4305 
0x5A5A , 4296 
0x5A5A , 4286 
0x5A5A , 4282 
0x5A5A , 4254 
0x5A5A , 4258 
0x5A5A , 4301 
0x5A5A , 4301 
0x5A5A , 4268 
0x5A5A , 4230 
0x5A5A , 4291 
0x5A5A , 4310 
0x5A5A , 4319 
0x5A5A , 4240 
0x5A5A , 4221 
0x5A5A , 4268 
0x5A5A , 4249 
0x5A5A , 4240 
0x5A5A , 4338 
0x5A5A , 4286 
0x5A5A , 4286 
0x5A5A , 4230 
0x5A5A , 4333 
0x5A5A , 4263 
0x5A5A , 4286 
0x5A5A , 4277 
0x5A5A , 4291 
0x5A5A , 4272 
0x5A5A , 4226 
0x5A5A , 4258 
0x5A5A , 4315 
0x5A5A , 4315 
0x5A5A , 4263 
0x5A5A , 4347 
0x5A5A , 4347 
0x5A5A , 4286 
0x5A5A , 4301 
0x5A5A , 4263 
0x5A5A , 4347 
0x5A5A , 4310 
0x5A5A , 4301 
0x5A5A , 4282 
0x5A5A , 4286 
0x5A5A , 4338 
0x5A5A , 4286 
0x5A5A , 4301 
0x5A5A , 4254 
0x5A5A , 4301 
0x5A5A , 4315 
0x5A5A , 4305 
0x5A5A , 4305 
0x5A5A , 4286 
0x5A5A , 4263 
0x5A5A , 4324 
0x5A5A , 4301 
0x5A5A , 4315 
0x5A5A , 4291 
0x5A5A , 4319 
0x5A5A , 4329 
0x5A5A , 4305 
0x5A5A , 4310 
0x5A5A , 4324 
0x5A5A , 4286 
0x5A5A , 4301 
0x5A5A , 4315 
0x5A5A , 4347 
0x5A5A , 4324 
0x5A5A , 4333 
0x5A5A , 4315 
0x5A5A , 4263 
0x5A5A , 4352 
0x5A5A , 4296 
0x5A5A , 4305 
0x5A5A , 4291 
0x5A5A , 4305 
0x5A5A , 4282 
0x5A5A , 4286 
0x5A5A , 4357 
0x5A5A , 4305 
0x5A5A , 4310 
0x5A5A , 4333 
0x5A5A , 4301 
0x5A5A , 4272 
0x5A5A , 4291 
0x5A5A , 4277 
0x5A5A , 4272 
0x5A5A , 4324 
0x5A5A , 4249 
0x5A5A , 4296 
0x5A5A , 4282 
0x5A5A , 4310 
0x5A5A , 4272 
0x5A5A , 4319 
0x5A5A , 4272 
0x5A5A , 4310 
0x5A5A , 4277 
0x5A5A , 4296 
0x5A5A , 4301 
0x5A5A , 4296 

0x6E6E , 4432 
0x6E6E , 4441 
0x6E6E , 4441 
0x6E6E , 4423 
0x6E6E , 4493 
0x6E6E , 4451 
0x6E6E , 4376 
0x6E6E , 4427 
0x6E6E , 4483 
0x6E6E , 4474 
0x6E6E , 4460 
0x6E6E , 4479 
0x6E6E , 4418 
0x6E6E , 4465 
0x6E6E , 4437 
0x6E6E , 4455 
0x6E6E , 4469 
0x6E6E , 4469 
0x6E6E , 4413 
0x6E6E , 4474 
0x6E6E , 4493 
0x6E6E , 4479 
0x6E6E , 4479 
0x6E6E , 4526 
0x6E6E , 4418 
0x6E6E , 4469 
0x6E6E , 4446 
0x6E6E , 4460 
0x6E6E , 4437 
0x6E6E , 4441 
0x6E6E , 4455 
0x6E6E , 4460 
0x6E6E , 4455 
0x6E6E , 4418 
0x6E6E , 4521 
0x6E6E , 4423 
0x6E6E , 4474 
0x6E6E , 4455 
0x6E6E , 4474 
0x6E6E , 4455 
0x6E6E , 4516 
0x6E6E , 4516 
0x6E6E , 4479 
0x6E6E , 4423 
0x6E6E , 4474 
0x6E6E , 4441 
0x6E6E , 4465 
0x6E6E , 4479 
0x6E6E , 4455 
0x6E6E , 4432 
0x6E6E , 4427 
0x6E6E , 4465 
0x6E6E , 4512 
0x6E6E , 4502 
0x6E6E , 4498 
0x6E6E , 4451 
0x6E6E , 4451 
0x6E6E , 4446 
0x6E6E , 4483 
0x6E6E , 4423 
0x6E6E , 4493 
0x6E6E , 4441 
0x6E6E , 4479 
0x6E6E , 4474 
0x6E6E , 4460 
0x6E6E , 4437 
0x6E6E , 4488 
0x6E6E , 4460 
0x6E6E , 4446 
0x6E6E , 4427 
0x6E6E , 4483 
0x6E6E , 4437 
0x6E6E , 4483 
0x6E6E , 4493 
0x6E6E , 4526 
0x6E6E , 4460 
0x6E6E , 4530 
0x6E6E , 4446 
0x6E6E , 4446 
0x6E6E , 4493 
0x6E6E , 4432 
0x6E6E , 4498 
0x6E6E , 4451 
0x6E6E , 4441 
0x6E6E , 4493 
0x6E6E , 4451 
0x6E6E , 4479 
0x6E6E , 4465 
0x6E6E , 4423 
0x6E6E , 4460 
0x6E6E , 4460 
0x6E6E , 4437 
0x6E6E , 4526 
0x6E6E , 4474 
0x6E6E , 4474 
0x6E6E , 4460 
0x6E6E , 4455 
0x6E6E , 4465 
0x6E6E , 4451 
0x6E6E , 4526 
0x6E6E , 4526 
0x6E6E , 4455 
0x6E6E , 4483 
0x6E6E , 4469 
0x6E6E , 4469 
0x6E6E , 4465 
0x6E6E , 4507 
0x6E6E , 4441 
0x6E6E , 4446 
0x6E6E , 4446 
0x6E6E , 4432 
0x6E6E , 4465 
0x6E6E , 4516 
0x6E6E , 4432 
0x6E6E , 4474 
0x6E6E , 4502 
0x6E6E , 4427 
0x6E6E , 4418 
0x6E6E , 4493 
0x6E6E , 4488 
0x6E6E , 4498 
0x6E6E , 4465 
0x6E6E , 4479 
0x6E6E , 4469 
0x6E6E , 4479 
0x6E6E , 4544 
0x6E6E , 4465 
0x6E6E , 4483 
0x6E6E , 4460 
0x6E6E , 4469 
0x6E6E , 4474 
0x6E6E , 4437 
0x6E6E , 4549 
0x6E6E , 4469 
0x6E6E , 4460 
0x6E6E , 4469 
0x6E6E , 4512 
0x6E6E , 4483 
0x6E6E , 4460 
0x6E6E , 4493 
0x6E6E , 4469 
0x6E6E , 4544 
0x6E6E , 4474 
0x6E6E , -9882 
0x6E6E , 4483 
0x6E6E , 4493 
0x6E6E , 4521 
0x6E6E , 4423 
0x6E6E , 4479 
0x6E6E , 4455 
0x6E6E , 4488 
0x6E6E , 4469 
0x6E6E , 4498 
0x6E6E , 4516 
0x6E6E , 4474 
0x6E6E , 4498 
0x6E6E , 4498 
0x6E6E , 4544 
0x6E6E , 4451 
0x6E6E , 4573 
0x6E6E , 4568 
0x6E6E , 4526 
0x6E6E , 4591 
0x6E6E , 4446 
0x6E6E , 4587 
0x6E6E , 4502 
0x6E6E , 4493 
0x6E6E , 4540 
0x6E6E , 4502 
0x6E6E , 4521 
0x6E6E , 4488 
0x6E6E , 4577 
0x6E6E , 4441 
0x6E6E , 4540 
0x6E6E , 4498 
0x6E6E , 4469 
0x6E6E , 4530 
0x6E6E , 4507 
0x6E6E , 4493 
0x6E6E , 4469 
0x6E6E , 4483 
0x6E6E , 4512 
0x6E6E , 4427 
0x6E6E , 4526 
0x6E6E , 4512 
0x6E6E , 4488 
0x6E6E , 4446 
0x6E6E , 4441 
0x6E6E , 4455 
0x6E6E , 4469 
0x6E6E , 4493 
0x6E6E , 4502 
0x6E6E , 4521 
0x6E6E , 4423 
0x6E6E , 4441 
0x6E6E , 4479 
0x6E6E , 4502 
0x6E6E , 4451 
0x6E6E , 4460 
0x6E6E , 4502 
0x6E6E , 4544 
0x6E6E , 4488 
0x6E6E , 4460 
0x6E6E , 4479 
0x6E6E , 4479 
0x6E6E , 4479 
0x6E6E , 4479 
0x6E6E , 4460 
0x6E6E , 4488 
0x6E6E , 4465 
0x6E6E , 4479 
0x6E6E , 4455 
0x6E6E , 4502 
0x6E6E , 4474 
0x6E6E , 4554 
0x6E6E , 4521 
0x6E6E , 4488 
0x6E6E , 4474 
0x6E6E , 4493 
0x6E6E , 4437 
0x6E6E , 4413 
0x6E6E , 4427 
0x6E6E , 4418 
0x6E6E , 4441 
0x6E6E , 4493 
0x6E6E , 4549 
0x6E6E , 4465 
0x6E6E , 4455 
0x6E6E , 4530 
0x6E6E , 4502 
0x6E6E , 4544 
0x6E6E , 4432 
0x6E6E , 4521 
0x6E6E , 4446 
0x6E6E , 4413 
0x6E6E , 4465 
0x6E6E , 4498 
0x6E6E , 4465 
0x6E6E , 4465 
0x6E6E , 4469 
0x6E6E , 4535 
0x6E6E , 4549 
0x6E6E , 4488 
0x6E6E , 4521 
0x6E6E , 4483 
0x6E6E , 4479 
0x6E6E , 4474 
0x6E6E , 4474 
0x6E6E , 4455 
0x6E6E , 4469 
0x6E6E , 4498 
0x6E6E , 4516 
0x6E6E , 4507 
0x6E6E , 4498 
0x6E6E , 4559 
0x6E6E , 4451 
0x6E6E , 4479 
0x6E6E , 4502 
0x6E6E , 4488 
0x6E6E , 4516 
0x6E6E , 4535 
0x6E6E , 4507 
0x6E6E , 4493 
0x6E6E , 4479 
0x6E6E , 4488 
0x6E6E , 4455 
0x6E6E , 4423 
0x6E6E , 4479 
0x6E6E , 4521 
0x6E6E , 4498 
0x6E6E , 4437 
0x6E6E , 4460 
0x6E6E , 4451 
0x6E6E , 4469 
0x6E6E , 4451 
0x6E6E , 4465 
0x6E6E , 4488 
0x6E6E , 4479 
0x6E6E , 4460 
0x6E6E , 4507 
0x6E6E , 4451 
0x6E6E , 4488 
0x6E6E , 4474 
0x6E6E , 4455 
0x6E6E , 4451 
0x6E6E , 4479 
0x6E6E , 4460 
0x6E6E , 4460 
0x6E6E , 4469 
0x6E6E , 4451 
0x6E6E , 4493 
0x6E6E , 4479 
0x6E6E , 4488 
0x6E6E , 4493 
0x6E6E , 4446 
0x6E6E , 4469 
0x6E6E , 4441 
0x6E6E , 4479 
0x6E6E , 4437 
0x6E6E , 4474 
0x6E6E , 4460 
0x6E6E , 4418 
0x6E6E , 4469 
0x6E6E , 4507 
0x6E6E , 4526 
0x6E6E , 4498 
0x6E6E , 4530 
0x6E6E , 4465 
0x6E6E , 4479 
0x6E6E , 4465 
0x6E6E , 4460 
0x6E6E , 4451 
0x6E6E , 4455 
0x6E6E , 4465 
0x6E6E , 4451 
0x6E6E , 4455 
0x6E6E , 4418 
0x6E6E , 4413 
0x6E6E , 4521 
0x6E6E , 4526 
0x6E6E , 4446 
0x6E6E , 4535 
0x6E6E , 4474 
0x6E6E , 4460 
0x6E6E , 4432 
0x6E6E , 4423 
0x6E6E , 4460 
0x6E6E , 4427 
0x6E6E , 4479 
0x6E6E , 4469 
0x6E6E , 4483 
0x6E6E , 4437 
0x6E6E , 4469 
0x6E6E , 4493 
0x6E6E , 4483 
0x6E6E , 4483 
0x6E6E , 4516 
0x6E6E , 4535 
0x6E6E , 4474 
0x6E6E , 4446 
0x6E6E , 4455 
0x6E6E , 4507 
0x6E6E , 4483 
0x6E6E , 4488 
0x6E6E , 4549 
0x6E6E , 4530 
0x6E6E , 4483 
0x6E6E , 4423 
0x6E6E , 4502 
0x6E6E , 4488 
0x6E6E , 4502 
0x6E6E , 4498 
0x6E6E , 4512 
0x6E6E , 4474 
0x6E6E , 4526 
0x6E6E , 4516 
0x6E6E , 4516 
0x6E6E , 4512 
0x6E6E , 4474 
0x6E6E , 4483 
0x6E6E , 4516 
0x6E6E , 4502 
0x6E6E , 4479 
0x6E6E , 4559 
0x6E6E , 4512 
0x6E6E , 4507 
0x6E6E , 4460 
0x6E6E , 4535 
0x6E6E , 4507 
0x6E6E , 4460 
0x6E6E , 4483 
0x6E6E , 4469 
0x6E6E , 4469 
0x6E6E , 4502 
0x6E6E , 4469 
0x6E6E , 4474 
0x6E6E , 4526 
0x6E6E , 4469 
0x6E6E , 4441 
0x6E6E , 4455 
0x6E6E , 4465 
0x6E6E , 4455 
0x6E6E , 4437 
0x6E6E , 4479 
0x6E6E , 4474 
0x6E6E , 4479 
0x6E6E , 4474 
0x6E6E , 4451 
0x6E6E , 4488 
0x6E6E , 4535 
0x6E6E , 4465 
0x6E6E , 4502 
0x6E6E , 4479 
0x6E6E , 4465 
0x6E6E , 4469 
0x6E6E , 4493 
0x6E6E , 4526 
0x6E6E , 4474 
0x6E6E , 4493 
0x6E6E , 4413 
0x6E6E , 4474 
0x6E6E , 4521 
0x6E6E , 4516 
0x6E6E , 4502 
0x6E6E , 4502 
0x6E6E , 4441 
0x6E6E , 4479 
0x6E6E , 4507 
0x6E6E , 4432 
0x6E6E , 4488 
0x6E6E , 4451 
0x6E6E , 4441 
0x6E6E , 4507 
0x6E6E , 4465 
0x6E6E , 4423 
0x6E6E , 4507 
0x6E6E , 4446 
0x6E6E , 4493 
0x6E6E , 4474 
0x6E6E , 4498 
0x6E6E , 4437 
0x6E6E , 4493 
0x6E6E , 4540 
0x6E6E , 4451 
0x6E6E , 4446 
0x6E6E , 4469 
0x6E6E , 4498 
0x6E6E , 4460 
0x6E6E , 4455 
0x6E6E , 4465 
0x6E6E , 4479 
0x6E6E , 4474 
0x6E6E , 4512 
0x6E6E , 4526 
0x6E6E , 4493 
0x6E6E , 4427 
0x6E6E , 4465 
0x6E6E , 4460 
0x6E6E , 4446 
0x6E6E , 4479 
0x6E6E , 4479 
0x6E6E , 4404 
0x6E6E , 4479 
0x6E6E , 4465 
0x6E6E , 4446 
0x6E6E , 4460 
0x6E6E , 4498 
0x6E6E , 4488 
0x6E6E , 4498 
0x6E6E , 4479 
0x6E6E , 4441 
