0x1C1C , 5445 
0x1C1C , 5403 
0x1C1C , 5468 
0x1C1C , 5464 
0x1C1C , 5412 
0x1C1C , 5440 
0x1C1C , 5445 
0x1C1C , 5436 
0x1C1C , 5398 
0x1C1C , 5478 
0x1C1C , 5431 
0x1C1C , 5445 
0x1C1C , 5389 
0x1C1C , 5417 
0x1C1C , 5379 
0x1C1C , 5398 
0x1C1C , 5407 
0x1C1C , 5417 
0x1C1C , 5398 
0x1C1C , 5431 
0x1C1C , 5422 
0x1C1C , 5436 
0x1C1C , 5436 
0x1C1C , 5436 
0x1C1C , 5403 
0x1C1C , 5370 
0x1C1C , 5398 
0x1C1C , 5450 
0x1C1C , 5440 
0x1C1C , 5436 
0x1C1C , 5431 
0x1C1C , 5412 
0x1C1C , 5436 
0x1C1C , 5464 
0x1C1C , 5454 
0x1C1C , 5426 
0x1C1C , 5426 
0x1C1C , 5454 
0x1C1C , 5403 
0x1C1C , 5436 
0x1C1C , 5403 
0x1C1C , 5459 
0x1C1C , 5412 
0x1C1C , 5370 
0x1C1C , 5365 
0x1C1C , 5417 
0x1C1C , 5459 
0x1C1C , 5450 
0x1C1C , 5440 
0x1C1C , 5412 
0x1C1C , 5403 
0x1C1C , 5384 
0x1C1C , 5454 
0x1C1C , 5412 
0x1C1C , 5412 
0x1C1C , 5468 
0x1C1C , 5431 
0x1C1C , 5422 
0x1C1C , 5426 
0x1C1C , 5426 
0x1C1C , 5450 
0x1C1C , 5393 
0x1C1C , 5436 
0x1C1C , 5426 
0x1C1C , 5450 
0x1C1C , 5445 
0x1C1C , 5454 
0x1C1C , 5407 
0x1C1C , 5393 
0x1C1C , 5417 
0x1C1C , 5407 
0x1C1C , 5379 
0x1C1C , 5403 
0x1C1C , 5356 
0x1C1C , 5412 
0x1C1C , 5422 
0x1C1C , 5403 
0x1C1C , 5407 
0x1C1C , 5417 
0x1C1C , 5403 
0x1C1C , 5403 
0x1C1C , 5384 
0x1C1C , 5417 
0x1C1C , 5464 
0x1C1C , 5403 
0x1C1C , 5440 
0x1C1C , 5426 
0x1C1C , 5370 
0x1C1C , 5422 
0x1C1C , 5403 
0x1C1C , 5454 
0x1C1C , 5436 
0x1C1C , 5407 
0x1C1C , 5412 
0x1C1C , 5450 
0x1C1C , 5450 
0x1C1C , 5426 
0x1C1C , 5440 
0x1C1C , 5393 
0x1C1C , 5478 
0x1C1C , 5431 
0x1C1C , 5464 
0x1C1C , 5422 
0x1C1C , 5422 
0x1C1C , 5459 
0x1C1C , 5436 
0x1C1C , 5445 
0x1C1C , 5375 
0x1C1C , 5393 
0x1C1C , 5422 
0x1C1C , 5436 
0x1C1C , 5412 
0x1C1C , 5464 
0x1C1C , 5431 
0x1C1C , 5431 
0x1C1C , 5426 
0x1C1C , 5375 
0x1C1C , 5492 
0x1C1C , 5422 
0x1C1C , 5417 
0x1C1C , 5422 
0x1C1C , 5473 
0x1C1C , 5492 
0x1C1C , 0 
0x1C1C , 5450 
0x1C1C , 5389 
0x1C1C , 5431 
0x1C1C , 5468 
0x1C1C , 5422 
0x1C1C , 5445 
0x1C1C , 5384 
0x1C1C , 5417 
0x1C1C , 5417 
0x1C1C , 5440 
0x1C1C , 5459 
0x1C1C , 5422 
0x1C1C , 5454 
0x1C1C , 5468 
0x1C1C , 5459 
0x1C1C , 5450 
0x1C1C , 5440 
0x1C1C , 5412 
0x1C1C , 5426 
0x1C1C , 5370 
0x1C1C , 5445 
0x1C1C , 5426 
0x1C1C , 5445 
0x1C1C , 5384 
0x1C1C , 5393 
0x1C1C , 5445 
0x1C1C , 5375 
0x1C1C , 5445 
0x1C1C , 5440 
0x1C1C , 5407 
0x1C1C , 5422 
0x1C1C , 5426 
0x1C1C , 5398 
0x1C1C , 5464 
0x1C1C , 5436 
0x1C1C , 5445 
0x1C1C , 5454 
0x1C1C , 5501 
0x1C1C , 5431 
0x1C1C , 5436 
0x1C1C , 5407 
0x1C1C , 5473 
0x1C1C , 5464 
0x1C1C , 5422 
0x1C1C , 5398 
0x1C1C , 5445 
0x1C1C , 5417 
0x1C1C , 5436 
0x1C1C , 5497 
0x1C1C , 5473 
0x1C1C , 5440 
0x1C1C , 5492 
0x1C1C , 5459 
0x1C1C , 5464 
0x1C1C , 5436 
0x1C1C , 5407 
0x1C1C , 5450 
0x1C1C , 5412 
0x1C1C , 5426 
0x1C1C , 5468 
0x1C1C , 5436 
0x1C1C , 5403 
0x1C1C , 5403 
0x1C1C , 5450 
0x1C1C , 5407 
0x1C1C , 5365 
0x1C1C , 5431 
0x1C1C , 5478 
0x1C1C , 5426 
0x1C1C , 5445 
0x1C1C , 5370 
0x1C1C , 5412 
0x1C1C , 5454 
0x1C1C , 5464 
0x1C1C , 5422 
0x1C1C , 5417 
0x1C1C , 5483 
0x1C1C , 5464 
0x1C1C , 5454 
0x1C1C , 5417 
0x1C1C , 5473 
0x1C1C , 5417 
0x1C1C , 5412 
0x1C1C , 5436 
0x1C1C , 5445 
0x1C1C , 5365 
0x1C1C , 5436 
0x1C1C , 5450 
0x1C1C , 5417 
0x1C1C , 5436 
0x1C1C , 5445 
0x1C1C , 5454 
0x1C1C , 5412 
0x1C1C , 5422 
0x1C1C , 5445 
0x1C1C , 5478 
0x1C1C , 5473 
0x1C1C , 5468 
0x1C1C , 5398 
0x1C1C , 5403 
0x1C1C , 5436 
0x1C1C , 5407 
0x1C1C , 5431 
0x1C1C , 5450 
0x1C1C , 5407 
0x1C1C , 5379 
0x1C1C , 5450 
0x1C1C , 5450 
0x1C1C , 5379 
0x1C1C , 5422 
0x1C1C , 5403 
0x1C1C , 5422 
0x1C1C , 5431 
0x1C1C , 5440 
0x1C1C , 5431 
0x1C1C , 5464 
0x1C1C , 5478 
0x1C1C , 5440 
0x1C1C , 5478 
0x1C1C , 5431 
0x1C1C , 5431 
0x1C1C , 5478 
0x1C1C , 5412 
0x1C1C , 5431 
0x1C1C , 5450 
0x1C1C , 5417 
0x1C1C , 5459 
0x1C1C , 5440 
0x1C1C , 5436 
0x1C1C , 5412 
0x1C1C , 5426 
0x1C1C , 5431 
0x1C1C , 5497 
0x1C1C , 5464 
0x1C1C , 5407 
0x1C1C , 5412 
0x1C1C , 5464 
0x1C1C , 5379 
0x1C1C , 5398 
0x1C1C , 5379 
0x1C1C , 5422 
0x1C1C , 5450 
0x1C1C , 5398 
0x1C1C , 5407 
0x1C1C , 5417 
0x1C1C , 5454 
0x1C1C , 5440 
0x1C1C , 5468 
0x1C1C , 5483 
0x1C1C , 5478 
0x1C1C , 5450 
0x1C1C , 5398 
0x1C1C , 5468 
0x1C1C , 5450 
0x1C1C , 5426 
0x1C1C , 5464 
0x1C1C , 5412 
0x1C1C , 5478 
0x1C1C , 5464 
0x1C1C , 5445 
0x1C1C , 5431 
0x1C1C , 5464 
0x1C1C , 5440 
0x1C1C , 5445 
0x1C1C , 5497 
0x1C1C , 5440 
0x1C1C , 5389 
0x1C1C , 5417 
0x1C1C , 5473 
0x1C1C , 5464 
0x1C1C , 5440 
0x1C1C , 5426 
0x1C1C , 5506 
0x1C1C , 5407 
0x1C1C , 5445 
0x1C1C , 5440 
0x1C1C , 5445 
0x1C1C , 5468 
0x1C1C , 5422 
0x1C1C , 5436 
0x1C1C , 5426 
0x1C1C , 5426 
0x1C1C , 5431 
0x1C1C , 5459 
0x1C1C , 5407 
0x1C1C , 5459 
0x1C1C , 5412 
0x1C1C , 5412 
0x1C1C , 5454 
0x1C1C , 5375 
0x1C1C , 5370 
0x1C1C , 5417 
0x1C1C , 5417 
0x1C1C , 5389 
0x1C1C , 5440 
0x1C1C , 5487 
0x1C1C , 5370 
0x1C1C , 5407 
0x1C1C , 5454 
0x1C1C , 5426 
0x1C1C , 5398 
0x1C1C , 5431 
0x1C1C , 5393 
0x1C1C , 5440 
0x1C1C , 5440 
0x1C1C , 5412 
0x1C1C , 5384 
0x1C1C , 5407 
0x1C1C , 5393 
0x1C1C , 5389 
0x1C1C , 5370 
0x1C1C , 5487 
0x1C1C , 5398 
0x1C1C , 5431 
0x1C1C , 5426 
0x1C1C , 5436 
0x1C1C , 5417 
0x1C1C , 5426 
0x1C1C , 5422 
0x1C1C , 5407 
0x1C1C , 5403 
0x1C1C , 5403 
0x1C1C , 5450 
0x1C1C , 5393 
0x1C1C , 5454 
0x1C1C , 5431 
0x1C1C , 5454 
0x1C1C , 5440 
0x1C1C , 5422 
0x1C1C , 5389 
0x1C1C , 5393 
0x1C1C , 5464 
0x1C1C , 5389 
0x1C1C , 5464 
0x1C1C , 5426 
0x1C1C , 5459 
0x1C1C , 5375 
0x1C1C , 5431 
0x1C1C , 5389 
0x1C1C , 5436 
0x1C1C , 5403 
0x1C1C , 5431 
0x1C1C , 5464 
0x1C1C , 5450 
0x1C1C , 5450 
0x1C1C , 5440 
0x1C1C , 5426 
0x1C1C , 5450 
0x1C1C , 5440 
0x1C1C , 5417 
0x1C1C , 5436 
0x1C1C , 5407 
0x1C1C , 5412 
0x1C1C , 5393 
0x1C1C , 5422 
0x1C1C , 5422 
0x1C1C , 5417 
0x1C1C , 5407 
0x1C1C , 5407 
0x1C1C , 5403 
0x1C1C , 5384 
0x1C1C , 5431 
0x1C1C , 5515 
0x1C1C , 5417 
0x1C1C , 5464 
0x1C1C , 5450 
0x1C1C , 5417 
0x1C1C , 5417 
0x1C1C , 5440 
0x1C1C , 5407 
0x1C1C , 5407 
0x1C1C , 5422 
0x1C1C , 5431 
0x1C1C , 5464 
0x1C1C , 5393 
0x1C1C , 5431 
0x1C1C , 5393 
0x1C1C , 5426 
0x1C1C , 5412 
0x1C1C , 5440 
0x1C1C , 5412 
0x1C1C , 5445 
0x1C1C , 5393 
0x1C1C , 5478 
0x1C1C , 5375 
0x1C1C , 5398 
0x1C1C , 5398 
0x1C1C , 5389 
0x1C1C , 5412 
0x1C1C , 5426 
0x1C1C , 5422 
0x1C1C , 5431 
0x1C1C , 5450 
0x1C1C , 5468 
0x1C1C , 5398 
0x1C1C , 5403 
0x1C1C , 5436 
0x1C1C , 5440 
0x1C1C , 5398 
0x1C1C , 5422 
0x1C1C , 5384 
0x1C1C , 5407 
0x1C1C , 5422 
0x1C1C , 5398 
0x1C1C , 5436 
0x1C1C , 5454 
0x1C1C , 5454 
0x1C1C , 5398 
0x1C1C , 5407 
0x1C1C , 5492 
0x1C1C , 5464 
0x1C1C , 5464 
0x1C1C , 5459 
0x1C1C , 5426 
0x1C1C , 5417 
0x1C1C , 5422 
0x1C1C , 5393 
0x1C1C , 5422 
