0x2020 , 5253 
0x2020 , 5300 
0x2020 , 5178 
0x2020 , 5243 
0x2020 , 5220 
0x2020 , 5243 
0x2020 , 5182 
0x2020 , 5225 
0x2020 , 5225 
0x2020 , 5196 
0x2020 , 5206 
0x2020 , 5229 
0x2020 , 5234 
0x2020 , 5276 
0x2020 , 5253 
0x2020 , 5201 
0x2020 , 5239 
0x2020 , 5215 
0x2020 , 5229 
0x2020 , 5229 
0x2020 , 5248 
0x2020 , 5290 
0x2020 , 5206 
0x2020 , 5220 
0x2020 , 5243 
0x2020 , 5253 
0x2020 , 5243 
0x2020 , 5243 
0x2020 , 5271 
0x2020 , 5229 
0x2020 , 5248 
0x2020 , 5210 
0x2020 , 5206 
0x2020 , 5215 
0x2020 , 5271 
0x2020 , 5173 
0x2020 , 5229 
0x2020 , 5215 
0x2020 , 5243 
0x2020 , 5276 
0x2020 , 5234 
0x2020 , 5267 
0x2020 , 5229 
0x2020 , 5262 
0x2020 , 5210 
0x2020 , 5187 
0x2020 , 5234 
0x2020 , 5239 
0x2020 , 5243 
0x2020 , 5225 
0x2020 , 5220 
0x2020 , 5192 
0x2020 , 5262 
0x2020 , 5210 
0x2020 , 5206 
0x2020 , 5210 
0x2020 , 5210 
0x2020 , 5187 
0x2020 , 5206 
0x2020 , 5248 
0x2020 , 5225 
0x2020 , 5178 
0x2020 , 5234 
0x2020 , 5215 
0x2020 , 5253 
0x2020 , 5234 
0x2020 , 5192 
0x2020 , 5257 
0x2020 , 5253 
0x2020 , 5267 
0x2020 , 5210 
0x2020 , 5178 
0x2020 , 5271 
0x2020 , 5192 
0x2020 , 5220 
0x2020 , 5239 
0x2020 , 5267 
0x2020 , 5164 
0x2020 , 5262 
0x2020 , 5201 
0x2020 , 5192 
0x2020 , 5225 
0x2020 , 5187 
0x2020 , 5229 
0x2020 , 5210 
0x2020 , 5210 
0x2020 , 5290 
0x2020 , 5220 
0x2020 , 5229 
0x2020 , 5276 
0x2020 , 5234 
0x2020 , 5225 
0x2020 , 5243 
0x2020 , 5253 
0x2020 , 5215 
0x2020 , 5210 
0x2020 , 5206 
0x2020 , 5192 
0x2020 , 5201 
0x2020 , 5220 
0x2020 , 5239 
0x2020 , 5210 
0x2020 , 5210 
0x2020 , 5201 
0x2020 , 5210 
0x2020 , 5248 
0x2020 , 5196 
0x2020 , 5196 
0x2020 , 5220 
0x2020 , 5196 
0x2020 , 5262 
0x2020 , 5276 
0x2020 , 5164 
0x2020 , 5229 
0x2020 , 5206 
0x2020 , 5201 
0x2020 , 5210 
0x2020 , 5239 
0x2020 , 5187 
0x2020 , 5253 
0x2020 , 5210 
0x2020 , 5159 
0x2020 , 5267 
0x2020 , 5173 
0x2020 , 5243 
0x2020 , 5210 
0x2020 , 5192 
0x2020 , 5192 
0x2020 , 5225 
0x2020 , 5178 
0x2020 , 5220 
0x2020 , 5210 
0x2020 , 5267 
0x2020 , 5234 
0x2020 , 5243 
0x2020 , 5192 
0x2020 , 5187 
0x2020 , 5220 
0x2020 , 5182 
0x2020 , 5210 
0x2020 , 5229 
0x2020 , 5262 
0x2020 , 5248 
0x2020 , 5206 
0x2020 , 5187 
0x2020 , 5210 
0x2020 , 5187 
0x2020 , 5154 
0x2020 , 5196 
0x2020 , 5159 
0x2020 , 5196 
0x2020 , 5182 
0x2020 , 5215 
0x2020 , 5192 
0x2020 , 5192 
0x2020 , 5192 
0x2020 , 5210 
0x2020 , 5220 
0x2020 , 5145 
0x2020 , 5248 
0x2020 , 5196 
0x2020 , 5210 
0x2020 , 5220 
0x2020 , 5243 
0x2020 , 5239 
0x2020 , 5290 
0x2020 , 5239 
0x2020 , 5187 
0x2020 , 5229 
0x2020 , 5187 
0x2020 , 5225 
0x2020 , 5267 
0x2020 , 5187 
0x2020 , 5210 
0x2020 , 5229 
0x2020 , 5192 
0x2020 , 5206 
0x2020 , 5276 
0x2020 , 5206 
0x2020 , 5257 
0x2020 , 5192 
0x2020 , 5196 
0x2020 , 5220 
0x2020 , 5239 
0x2020 , 5187 
0x2020 , 5196 
0x2020 , 5196 
0x2020 , 5206 
0x2020 , 5253 
0x2020 , 5173 
0x2020 , 5239 
0x2020 , 5262 
0x2020 , 5220 
0x2020 , 5215 
0x2020 , 5229 
0x2020 , 5210 
0x2020 , 5187 
0x2020 , 5201 
0x2020 , 5182 
0x2020 , 5196 
0x2020 , 5257 
0x2020 , 5210 
0x2020 , 5182 
0x2020 , 5220 
0x2020 , 5196 
0x2020 , 5248 
0x2020 , 5173 
0x2020 , 5220 
0x2020 , 5286 
0x2020 , 5192 
0x2020 , 5168 
0x2020 , 5248 
0x2020 , 5234 
0x2020 , 5196 
0x2020 , 5239 
0x2020 , 5243 
0x2020 , 5201 
0x2020 , 5182 
0x2020 , 5243 
0x2020 , 5257 
0x2020 , 5229 
0x2020 , 5215 
0x2020 , 5220 
0x2020 , 5220 
0x2020 , 5229 
0x2020 , 5196 
0x2020 , 5192 
0x2020 , 5210 
0x2020 , 5257 
0x2020 , 5220 
0x2020 , 5192 
0x2020 , 5229 
0x2020 , 5210 
0x2020 , 5248 
0x2020 , 5262 
0x2020 , 5234 
0x2020 , 5220 
0x2020 , 5257 
0x2020 , 5257 
0x2020 , 5187 
0x2020 , 5220 
0x2020 , 5201 
0x2020 , 5243 
0x2020 , 5220 
0x2020 , 5248 
0x2020 , 5234 
0x2020 , 5253 
0x2020 , 5206 
0x2020 , 5201 
0x2020 , 5248 
0x2020 , 5196 
0x2020 , 5220 
0x2020 , 5239 
0x2020 , 5220 
0x2020 , 5201 
0x2020 , 5239 
0x2020 , 5243 
0x2020 , 5215 
0x2020 , 5262 
0x2020 , 5248 
0x2020 , 5201 
0x2020 , 5215 
0x2020 , 5215 
0x2020 , 5220 
0x2020 , 5215 
0x2020 , 5210 
0x2020 , 5229 
0x2020 , 5262 
0x2020 , 5248 
0x2020 , 5267 
0x2020 , 5225 
0x2020 , 5248 
0x2020 , 5225 
0x2020 , 5182 
0x2020 , 5210 
0x2020 , 5239 
0x2020 , 5220 
0x2020 , 5220 
0x2020 , 5281 
0x2020 , 5206 
0x2020 , 5215 
0x2020 , 5154 
0x2020 , 5243 
0x2020 , 5196 
0x2020 , 5225 
0x2020 , 5220 
0x2020 , 5187 
0x2020 , 5225 
0x2020 , 5253 
0x2020 , 5192 
0x2020 , 5196 
0x2020 , 5182 
0x2020 , 5215 
0x2020 , 5187 
0x2020 , 5229 
0x2020 , 5168 
0x2020 , 5159 
0x2020 , 5225 
0x2020 , 5229 
0x2020 , 5206 
0x2020 , 5192 
0x2020 , 5206 
0x2020 , 5253 
0x2020 , 5201 
0x2020 , 5239 
0x2020 , 5220 
0x2020 , 5243 
0x2020 , 5239 
0x2020 , 5220 
0x2020 , 5192 
0x2020 , 5182 
0x2020 , 5239 
0x2020 , 5192 
0x2020 , 5210 
0x2020 , 5229 
0x2020 , 5182 
0x2020 , 5257 
0x2020 , 5196 
0x2020 , 5201 
0x2020 , 5225 
0x2020 , 5192 
0x2020 , 5243 
0x2020 , 5154 
0x2020 , 5210 
0x2020 , 5196 
0x2020 , 5210 
0x2020 , 5243 
0x2020 , 5243 
0x2020 , 5196 
0x2020 , 5196 
0x2020 , 5220 
0x2020 , 5196 
0x2020 , 5210 
0x2020 , 5210 
0x2020 , 5215 
0x2020 , 5234 
0x2020 , 5229 
0x2020 , 5234 
0x2020 , 5225 
0x2020 , 5220 
0x2020 , 5168 
0x2020 , 5234 
0x2020 , 5215 
0x2020 , 5196 
0x2020 , 5229 
0x2020 , 5173 
0x2020 , 5248 
0x2020 , 5145 
0x2020 , 5178 
0x2020 , 5220 
0x2020 , 5210 
0x2020 , 5201 
0x2020 , 5196 
0x2020 , 5253 
0x2020 , 5248 
0x2020 , 5225 
0x2020 , 5210 
0x2020 , 5210 
0x2020 , 5248 
0x2020 , 5215 
0x2020 , 5196 
0x2020 , 5248 
0x2020 , 5234 
0x2020 , 5192 
0x2020 , 5182 
0x2020 , 5215 
0x2020 , 5239 
0x2020 , 5243 
0x2020 , 5239 
0x2020 , 5210 
0x2020 , 5192 
0x2020 , 5234 
0x2020 , 5182 
0x2020 , 5234 
0x2020 , 5178 
0x2020 , 5210 
0x2020 , 5253 
0x2020 , 5192 
0x2020 , 5234 
0x2020 , 5187 
0x2020 , 5215 
0x2020 , 5229 
0x2020 , 5206 
0x2020 , 5239 
0x2020 , 5229 
0x2020 , 5206 
0x2020 , 5192 
0x2020 , 5220 
0x2020 , 5239 
0x2020 , 5234 
0x2020 , 5210 
0x2020 , 5225 
0x2020 , 5178 
0x2020 , 5192 
0x2020 , 5243 
0x2020 , 5201 
0x2020 , 5248 
0x2020 , 5234 
0x2020 , 5220 
0x2020 , 5267 
0x2020 , 5210 
0x2020 , 5210 
0x2020 , 5192 
0x2020 , 5248 
0x2020 , 5196 
0x2020 , 5187 
0x2020 , 5267 
0x2020 , 5220 
0x2020 , 5182 
0x2020 , 5182 
0x2020 , 5201 
0x2020 , 5210 
0x2020 , 5225 
0x2020 , 5234 
0x2020 , 5206 
0x2020 , 5239 
0x2020 , 5196 
0x2020 , 5187 
0x2020 , 5225 
0x2020 , 5192 
0x2020 , 5168 
0x2020 , 5220 
0x2020 , 5243 
0x2020 , 5164 
0x2020 , 5201 
0x2020 , 5187 
0x2020 , 5178 
0x2020 , 5182 
0x2020 , 5225 
0x2020 , 5196 
0x2020 , 5225 
0x2020 , 5206 
0x2020 , 5215 
0x2020 , 5206 
0x2020 , 5248 
0x2020 , 5225 
0x2020 , 5234 
0x2020 , 5220 
0x2020 , 5210 
0x2020 , 5253 
0x2020 , 5196 
0x2020 , 5196 
0x2020 , 5225 
0x2020 , 5234 
0x2020 , 5178 
0x2020 , 5164 
0x2020 , 5154 
0x2020 , 5196 
0x2020 , 5206 
0x2020 , 5262 
0x2020 , 5206 
