0x3E3E , 5225 
0x3E3E , 5145 
0x3E3E , 5164 
0x3E3E , 5164 
0x3E3E , 5173 
0x3E3E , 5121 
0x3E3E , 5135 
0x3E3E , 5168 
0x3E3E , 5131 
0x3E3E , 5196 
0x3E3E , 5121 
0x3E3E , 5140 
0x3E3E , 5159 
0x3E3E , 5135 
0x3E3E , 5164 
0x3E3E , 5140 
0x3E3E , 5154 
0x3E3E , 5135 
0x3E3E , 5173 
0x3E3E , 5145 
0x3E3E , 5159 
0x3E3E , 5126 
0x3E3E , 5126 
0x3E3E , 5173 
0x3E3E , 5145 
0x3E3E , 5159 
0x3E3E , 5154 
0x3E3E , 5131 
0x3E3E , 5145 
0x3E3E , 5150 
0x3E3E , 5159 
0x3E3E , 5140 
0x3E3E , 5135 
0x3E3E , 5159 
0x3E3E , 5145 
0x3E3E , 5154 
0x3E3E , 5150 
0x3E3E , 5131 
0x3E3E , 5145 
0x3E3E , 5173 
0x3E3E , 5164 
0x3E3E , 5117 
0x3E3E , 5140 
0x3E3E , 5140 
0x3E3E , 5140 
0x3E3E , 5126 
0x3E3E , 5103 
0x3E3E , 5135 
0x3E3E , 5093 
0x3E3E , 5154 
0x3E3E , 5196 
0x3E3E , 5107 
0x3E3E , 5135 
0x3E3E , 5159 
0x3E3E , 5150 
0x3E3E , 5117 
0x3E3E , 5135 
0x3E3E , 5140 
0x3E3E , 5117 
0x3E3E , 5164 
0x3E3E , 5164 
0x3E3E , 5154 
0x3E3E , 5140 
0x3E3E , 5159 
0x3E3E , 5140 
0x3E3E , 5107 
0x3E3E , 5107 
0x3E3E , 5178 
0x3E3E , 5168 
0x3E3E , 5164 
0x3E3E , 5126 
0x3E3E , 5168 
0x3E3E , 5126 
0x3E3E , 5159 
0x3E3E , 5159 
0x3E3E , 5164 
0x3E3E , 5187 
0x3E3E , 5178 
0x3E3E , 5135 
0x3E3E , 5164 
0x3E3E , 5126 
0x3E3E , 5103 
0x3E3E , 5150 
0x3E3E , 5164 
0x3E3E , 5164 
0x3E3E , 5154 
0x3E3E , 5103 
0x3E3E , 5140 
0x3E3E , 5121 
0x3E3E , 5135 
0x3E3E , 5121 
0x3E3E , 5131 
0x3E3E , 5117 
0x3E3E , 5154 
0x3E3E , 5112 
0x3E3E , 5154 
0x3E3E , 5140 
0x3E3E , 5117 
0x3E3E , 5173 
0x3E3E , 5168 
0x3E3E , 5173 
0x3E3E , 5178 
0x3E3E , 5164 
0x3E3E , 5150 
0x3E3E , 5168 
0x3E3E , 5154 
0x3E3E , 5154 
0x3E3E , 5178 
0x3E3E , 5182 
0x3E3E , 5164 
0x3E3E , 5168 
0x3E3E , 5154 
0x3E3E , 5164 
0x3E3E , 5135 
0x3E3E , 5168 
0x3E3E , 5168 
0x3E3E , 5145 
0x3E3E , 5150 
0x3E3E , 5154 
0x3E3E , 5164 
0x3E3E , 5168 
0x3E3E , 5164 
0x3E3E , 5159 
0x3E3E , 5182 
0x3E3E , 5168 
0x3E3E , 5098 
0x3E3E , 5154 
0x3E3E , 5154 
0x3E3E , 5164 
0x3E3E , 5182 
0x3E3E , 5178 
0x3E3E , 5168 
0x3E3E , 5178 
0x3E3E , 5154 
0x3E3E , 5145 
0x3E3E , 5154 
0x3E3E , 5140 
0x3E3E , 5103 
0x3E3E , 5164 
0x3E3E , 5140 
0x3E3E , 5121 
0x3E3E , 5178 
0x3E3E , 5145 
0x3E3E , 5150 
0x3E3E , 5145 
0x3E3E , 5168 
0x3E3E , 5150 
0x3E3E , 5150 
0x3E3E , 5168 
0x3E3E , 5131 
0x3E3E , 5187 
0x3E3E , 5173 
0x3E3E , 5145 
0x3E3E , 5164 
0x3E3E , 5164 
0x3E3E , 5145 
0x3E3E , 5145 
0x3E3E , 5131 
0x3E3E , 5126 
0x3E3E , 5145 
0x3E3E , 5098 
0x3E3E , 5168 
0x3E3E , 5121 
0x3E3E , 5140 
0x3E3E , 5150 
0x3E3E , 5145 
0x3E3E , 5121 
0x3E3E , 5112 
0x3E3E , 5140 
0x3E3E , 5126 
0x3E3E , 5145 
0x3E3E , 5178 
0x3E3E , 5126 
0x3E3E , 5112 
0x3E3E , 5107 
0x3E3E , 5154 
0x3E3E , 5117 
0x3E3E , 5117 
0x3E3E , 5140 
0x3E3E , 5150 
0x3E3E , 5150 
0x3E3E , 5145 
0x3E3E , 5154 
0x3E3E , 5126 
0x3E3E , 5117 
0x3E3E , 5145 
0x3E3E , 5121 
0x3E3E , 5182 
0x3E3E , 5107 
0x3E3E , 5131 
0x3E3E , 5178 
0x3E3E , 5135 
0x3E3E , 5159 
0x3E3E , 5126 
0x3E3E , 5140 
0x3E3E , 5145 
0x3E3E , 5107 
0x3E3E , 5126 
0x3E3E , 5178 
0x3E3E , 5131 
0x3E3E , 5159 
0x3E3E , 5121 
0x3E3E , 5150 
0x3E3E , 5126 
0x3E3E , 5140 
0x3E3E , 5164 
0x3E3E , 5135 
0x3E3E , 5159 
0x3E3E , 5168 
0x3E3E , 5112 
0x3E3E , 5178 
0x3E3E , 5164 
0x3E3E , 5135 
0x3E3E , 5135 
0x3E3E , 5150 
0x3E3E , 5117 
0x3E3E , 5178 
0x3E3E , 5103 
0x3E3E , 5135 
0x3E3E , 5164 
0x3E3E , 5140 
0x3E3E , 5145 
0x3E3E , 5103 
0x3E3E , 5154 
0x3E3E , 5135 
0x3E3E , 5145 
0x3E3E , 5154 
0x3E3E , 5117 
0x3E3E , 5159 
0x3E3E , 5126 
0x3E3E , 5126 
0x3E3E , 5150 
0x3E3E , 5135 
0x3E3E , 5145 
0x3E3E , 5126 
0x3E3E , 5126 
0x3E3E , 5150 
0x3E3E , 5145 
0x3E3E , 5121 
0x3E3E , 5140 
0x3E3E , 5121 
0x3E3E , 5135 
0x3E3E , 5112 
0x3E3E , 5159 
0x3E3E , 0 
0x3E3E , 5131 
0x3E3E , 5140 
0x3E3E , 5107 
0x3E3E , 5145 
0x3E3E , 5159 
0x3E3E , 5117 
0x3E3E , 5131 
0x3E3E , 5131 
0x3E3E , 5107 
0x3E3E , 5126 
0x3E3E , 5135 
0x3E3E , 5168 
0x3E3E , 5126 
0x3E3E , 5159 
0x3E3E , 5182 
0x3E3E , 5121 
0x3E3E , 5173 
0x3E3E , 5126 
0x3E3E , 5140 
0x3E3E , 5145 
0x3E3E , 5145 
0x3E3E , 5182 
0x3E3E , 5103 
0x3E3E , 5140 
0x3E3E , 5154 
0x3E3E , 5131 
0x3E3E , 5145 
0x3E3E , 5140 
0x3E3E , 5131 
0x3E3E , 5150 
0x3E3E , 5150 
0x3E3E , 5140 
0x3E3E , 5089 
0x3E3E , 5121 
0x3E3E , 5131 
0x3E3E , 5126 
0x3E3E , 5131 
0x3E3E , 5145 
0x3E3E , 5121 
0x3E3E , 5117 
0x3E3E , 5150 
0x3E3E , 5117 
0x3E3E , 5112 
0x3E3E , 5093 
0x3E3E , 5159 
0x3E3E , 5126 
0x3E3E , 5126 
0x3E3E , 5126 
0x3E3E , 5126 
0x3E3E , 5098 
0x3E3E , 5187 
0x3E3E , 5103 
0x3E3E , 5135 
0x3E3E , 5145 
0x3E3E , 5126 
0x3E3E , 5140 
0x3E3E , 5131 
0x3E3E , 5135 
0x3E3E , 5164 
0x3E3E , 5135 
0x3E3E , 5126 
0x3E3E , 5126 
0x3E3E , 5135 
0x3E3E , 5164 
0x3E3E , 5140 
0x3E3E , 5168 
0x3E3E , 5117 
0x3E3E , 5107 
0x3E3E , 5121 
0x3E3E , 5121 
0x3E3E , 5103 
0x3E3E , 5178 
0x3E3E , 5140 
0x3E3E , 5107 
0x3E3E , 5159 
0x3E3E , 5117 
0x3E3E , 5164 
0x3E3E , 5164 
0x3E3E , 5182 
0x3E3E , 5135 
0x3E3E , 5126 
0x3E3E , 5126 
0x3E3E , 5159 
0x3E3E , 5150 
0x3E3E , 5182 
0x3E3E , 5164 
0x3E3E , 5145 
0x3E3E , 5140 
0x3E3E , 5159 
0x3E3E , 5140 
0x3E3E , 5089 
0x3E3E , 5145 
0x3E3E , 5089 
0x3E3E , 5112 
0x3E3E , 5112 
0x3E3E , 5135 
0x3E3E , 5093 
0x3E3E , 5192 
0x3E3E , 5117 
0x3E3E , 5112 
0x3E3E , 5126 
0x3E3E , 5154 
0x3E3E , 5107 
0x3E3E , 5135 
0x3E3E , 5107 
0x3E3E , 5098 
0x3E3E , 5145 
0x3E3E , 5164 
0x3E3E , 5159 
0x3E3E , 5112 
0x3E3E , 5135 
0x3E3E , 5145 
0x3E3E , 5145 
0x3E3E , 5164 
0x3E3E , 5117 
0x3E3E , 5164 
0x3E3E , 5135 
0x3E3E , 5140 
0x3E3E , 5140 
0x3E3E , 5093 
0x3E3E , 5135 
0x3E3E , 5140 
0x3E3E , 5126 
0x3E3E , 5112 
0x3E3E , 5117 
0x3E3E , 5107 
0x3E3E , 5145 
0x3E3E , 5117 
0x3E3E , 5159 
0x3E3E , 5168 
0x3E3E , 5112 
0x3E3E , 5187 
0x3E3E , 5117 
0x3E3E , 5121 
0x3E3E , 5150 
0x3E3E , 5140 
0x3E3E , 5135 
0x3E3E , 5079 
0x3E3E , 5098 
0x3E3E , 5145 
0x3E3E , 5131 
0x3E3E , 5121 
0x3E3E , 5140 
0x3E3E , 5145 
0x3E3E , 5107 
0x3E3E , 5107 
0x3E3E , 5140 
0x3E3E , 5121 
0x3E3E , 5121 
0x3E3E , 5103 
0x3E3E , 5112 
0x3E3E , 5117 
0x3E3E , 5135 
0x3E3E , 5126 
0x3E3E , 5140 
0x3E3E , 5145 
0x3E3E , 5093 
0x3E3E , 5074 
0x3E3E , 5107 
0x3E3E , 5131 
0x3E3E , 5135 
0x3E3E , 5117 
0x3E3E , 5103 
0x3E3E , 5084 
0x3E3E , 5074 
0x3E3E , 5098 
0x3E3E , 5117 
0x3E3E , 5135 
0x3E3E , 5107 
0x3E3E , 5135 
0x3E3E , 5135 
0x3E3E , 5093 
0x3E3E , 5135 
0x3E3E , 5084 
0x3E3E , 5121 
0x3E3E , 5112 
0x3E3E , 5074 
0x3E3E , 5103 
0x3E3E , 5093 
0x3E3E , 5117 
0x3E3E , 5112 
0x3E3E , 5093 
0x3E3E , 5117 
0x3E3E , 5093 
0x3E3E , 5103 
0x3E3E , 5084 
0x3E3E , 5135 
0x3E3E , 5117 
0x3E3E , 5112 
0x3E3E , 5126 
0x3E3E , 5117 
0x3E3E , 5084 
0x3E3E , 5098 
0x3E3E , 5089 
0x3E3E , 5112 
0x3E3E , 5089 
0x3E3E , 5112 
0x3E3E , 5117 
0x3E3E , 5079 
0x3E3E , 5126 
0x3E3E , 5112 
0x3E3E , 5140 
0x3E3E , 5084 
0x3E3E , 5079 
