0x4D4D , 5412 
0x4D4D , 5407 
0x4D4D , 5431 
0x4D4D , 5417 
0x4D4D , 5426 
0x4D4D , 5473 
0x4D4D , 5422 
0x4D4D , 5407 
0x4D4D , 5436 
0x4D4D , 5445 
0x4D4D , 5459 
0x4D4D , 5468 
0x4D4D , 5440 
0x4D4D , 5450 
0x4D4D , 5422 
0x4D4D , 5407 
0x4D4D , 5426 
0x4D4D , 5440 
0x4D4D , 5426 
0x4D4D , 5365 
0x4D4D , 5426 
0x4D4D , 5417 
0x4D4D , 5417 
0x4D4D , 5407 
0x4D4D , 5422 
0x4D4D , 5431 
0x4D4D , 5436 
0x4D4D , 5440 
0x4D4D , 5436 
0x4D4D , 5440 
0x4D4D , 5440 
0x4D4D , 5431 
0x4D4D , 5440 
0x4D4D , 5426 
0x4D4D , 5370 
0x4D4D , 5436 
0x4D4D , 5431 
0x4D4D , 5454 
0x4D4D , 5422 
0x4D4D , 5445 
0x4D4D , 5431 
0x4D4D , 5403 
0x4D4D , 5417 
0x4D4D , 5417 
0x4D4D , 5450 
0x4D4D , 5426 
0x4D4D , 5398 
0x4D4D , 5426 
0x4D4D , 5459 
0x4D4D , 5436 
0x4D4D , 5436 
0x4D4D , 5389 
0x4D4D , 5347 
0x4D4D , 5436 
0x4D4D , 5431 
0x4D4D , 5417 
0x4D4D , 5407 
0x4D4D , 5454 
0x4D4D , 5440 
0x4D4D , 5403 
0x4D4D , 5445 
0x4D4D , 5407 
0x4D4D , 5445 
0x4D4D , 5454 
0x4D4D , 5459 
0x4D4D , 5393 
0x4D4D , 5422 
0x4D4D , 5412 
0x4D4D , 5426 
0x4D4D , 5403 
0x4D4D , 5450 
0x4D4D , 5412 
0x4D4D , 5412 
0x4D4D , 5459 
0x4D4D , 5436 
0x4D4D , 5407 
0x4D4D , 5403 
0x4D4D , 5407 
0x4D4D , 5440 
0x4D4D , 5440 
0x4D4D , 5398 
0x4D4D , 5436 
0x4D4D , 5445 
0x4D4D , 5398 
0x4D4D , 5445 
0x4D4D , 5450 
0x4D4D , 5398 
0x4D4D , 5407 
0x4D4D , 5422 
0x4D4D , 5450 
0x4D4D , 5426 
0x4D4D , 5384 
0x4D4D , 5431 
0x4D4D , 5403 
0x4D4D , 5422 
0x4D4D , 5454 
0x4D4D , 5398 
0x4D4D , 5492 
0x4D4D , 5459 
0x4D4D , 5445 
0x4D4D , 5436 
0x4D4D , 5445 
0x4D4D , 5459 
0x4D4D , 5459 
0x4D4D , 5370 
0x4D4D , 5403 
0x4D4D , 5379 
0x4D4D , 5379 
0x4D4D , 5375 
0x4D4D , 5464 
0x4D4D , 5379 
0x4D4D , 5454 
0x4D4D , 5403 
0x4D4D , 5375 
0x4D4D , 5454 
0x4D4D , 5407 
0x4D4D , 5389 
0x4D4D , 5398 
0x4D4D , 5426 
0x4D4D , 5398 
0x4D4D , 5520 
0x4D4D , 5417 
0x4D4D , 5459 
0x4D4D , 5412 
0x4D4D , 5384 
0x4D4D , 5412 
0x4D4D , 5393 
0x4D4D , 5454 
0x4D4D , 5393 
0x4D4D , 5445 
0x4D4D , 5361 
0x4D4D , 5403 
0x4D4D , 5365 
0x4D4D , 5426 
0x4D4D , 5426 
0x4D4D , 5487 
0x4D4D , 5417 
0x4D4D , 5417 
0x4D4D , 5431 
0x4D4D , 5398 
0x4D4D , 5487 
0x4D4D , 5422 
0x4D4D , 5464 
0x4D4D , 5440 
0x4D4D , 5431 
0x4D4D , 5422 
0x4D4D , 5436 
0x4D4D , 5431 
0x4D4D , 5426 
0x4D4D , 5384 
0x4D4D , 5403 
0x4D4D , 5384 
0x4D4D , 5365 
0x4D4D , 5407 
0x4D4D , 5389 
0x4D4D , 5426 
0x4D4D , 5426 
0x4D4D , 5431 
0x4D4D , 5403 
0x4D4D , 5436 
0x4D4D , 5440 
0x4D4D , 5468 
0x4D4D , 5375 
0x4D4D , 5398 
0x4D4D , 5440 
0x4D4D , 5422 
0x4D4D , 5445 
0x4D4D , 5412 
0x4D4D , 5426 
0x4D4D , 5403 
0x4D4D , 5412 
0x4D4D , 5398 
0x4D4D , 5426 
0x4D4D , 5398 
0x4D4D , 5450 
0x4D4D , 5412 
0x4D4D , 5389 
0x4D4D , 5445 
0x4D4D , 5407 
0x4D4D , 5389 
0x4D4D , 5407 
0x4D4D , 5464 
0x4D4D , 5445 
0x4D4D , 5403 
0x4D4D , 5384 
0x4D4D , 5379 
0x4D4D , 5422 
0x4D4D , 5412 
0x4D4D , 5417 
0x4D4D , 5426 
0x4D4D , 5454 
0x4D4D , 5379 
0x4D4D , 5393 
0x4D4D , 5412 
0x4D4D , 5393 
0x4D4D , 5422 
0x4D4D , 5389 
0x4D4D , 5440 
0x4D4D , 5417 
0x4D4D , 5412 
0x4D4D , 5426 
0x4D4D , 5412 
0x4D4D , 5389 
0x4D4D , 5478 
0x4D4D , 5403 
0x4D4D , 5431 
0x4D4D , 5403 
0x4D4D , 5412 
0x4D4D , 5445 
0x4D4D , 5417 
0x4D4D , 5417 
0x4D4D , 5393 
0x4D4D , 5431 
0x4D4D , 5422 
0x4D4D , 5379 
0x4D4D , 5389 
0x4D4D , 5342 
0x4D4D , 5450 
0x4D4D , 5407 
0x4D4D , 5417 
0x4D4D , 5407 
0x4D4D , 5403 
0x4D4D , 5422 
0x4D4D , 5370 
0x4D4D , 5393 
0x4D4D , 5459 
0x4D4D , 5379 
0x4D4D , 5365 
0x4D4D , 5407 
0x4D4D , 5403 
0x4D4D , 5407 
0x4D4D , 5459 
0x4D4D , 5384 
0x4D4D , 5389 
0x4D4D , 5389 
0x4D4D , 5403 
0x4D4D , 5403 
0x4D4D , 5384 
0x4D4D , 5426 
0x4D4D , 5398 
0x4D4D , 5412 
0x4D4D , 5426 
0x4D4D , 5379 
0x4D4D , 5422 
0x4D4D , 5398 
0x4D4D , 5403 
0x4D4D , 5412 
0x4D4D , 5393 
0x4D4D , 5389 
0x4D4D , 5389 
0x4D4D , 5361 
0x4D4D , 5389 
0x4D4D , 5417 
0x4D4D , 5426 
0x4D4D , 5375 
0x4D4D , 5426 
0x4D4D , 5403 
0x4D4D , 5412 
0x4D4D , 5384 
0x4D4D , 5407 
0x4D4D , 5365 
0x4D4D , 5375 
0x4D4D , 5417 
0x4D4D , 5365 
0x4D4D , 5370 
0x4D4D , 5440 
0x4D4D , 5389 
0x4D4D , 5375 
0x4D4D , 5398 
0x4D4D , 5403 
0x4D4D , 5379 
0x4D4D , 5370 
0x4D4D , 5393 
0x4D4D , 5440 
0x4D4D , 5403 
0x4D4D , 5407 
0x4D4D , 5389 
0x4D4D , 5450 
0x4D4D , 5426 
0x4D4D , 5398 
0x4D4D , 5393 
0x4D4D , 5379 
0x4D4D , 5379 
0x4D4D , 5393 
0x4D4D , 5412 
0x4D4D , 5398 
0x4D4D , 5361 
0x4D4D , 5454 
0x4D4D , 5445 
0x4D4D , 5426 
0x4D4D , 5417 
0x4D4D , 5403 
0x4D4D , 5407 
0x4D4D , 5431 
0x4D4D , 5412 
0x4D4D , 5384 
0x4D4D , 5393 
0x4D4D , 5431 
0x4D4D , 5403 
0x4D4D , 5370 
0x4D4D , 5417 
0x4D4D , 5407 
0x4D4D , 5407 
0x4D4D , 5393 
0x4D4D , 5403 
0x4D4D , 5375 
0x4D4D , 5398 
0x4D4D , 5398 
0x4D4D , 5389 
0x4D4D , 5440 
0x4D4D , 5370 
0x4D4D , 5403 
0x4D4D , 5332 
0x4D4D , 5412 
0x4D4D , 5403 
0x4D4D , 5393 
0x4D4D , 5393 
0x4D4D , 5417 
0x4D4D , 5393 
0x4D4D , 5361 
0x4D4D , 5347 
0x4D4D , 5384 
0x4D4D , 5422 
0x4D4D , 5370 
0x4D4D , 5431 
0x4D4D , 5356 
0x4D4D , 5393 
0x4D4D , 5379 
0x4D4D , 5375 
0x4D4D , 5393 
0x4D4D , 5389 
0x4D4D , 5365 
0x4D4D , 5393 
0x4D4D , 5436 
0x4D4D , 5407 
0x4D4D , 5417 
0x4D4D , 5412 
0x4D4D , 5393 
0x4D4D , 5398 
0x4D4D , 5398 
0x4D4D , 5337 
0x4D4D , 5407 
0x4D4D , 5375 
0x4D4D , 5347 
0x4D4D , 5361 
0x4D4D , 5379 
0x4D4D , 5436 
0x4D4D , 5370 
0x4D4D , 5407 
0x4D4D , 5412 
0x4D4D , 5384 
0x4D4D , 5417 
0x4D4D , 5403 
0x4D4D , 5365 
0x4D4D , 5379 
0x4D4D , 5342 
0x4D4D , 5422 
0x4D4D , 5417 
0x4D4D , 5398 
0x4D4D , 5398 
0x4D4D , 5440 
0x4D4D , 5393 
0x4D4D , 5361 
0x4D4D , 5393 
0x4D4D , 5370 
0x4D4D , 5351 
0x4D4D , 5384 
0x4D4D , 5370 
0x4D4D , 5412 
0x4D4D , 5337 
0x4D4D , 5403 
0x4D4D , 5393 
0x4D4D , 5403 
0x4D4D , 5379 
0x4D4D , 5356 
0x4D4D , 5384 
0x4D4D , 5398 
0x4D4D , 5389 
0x4D4D , 5417 
0x4D4D , 5398 
0x4D4D , 5426 
0x4D4D , 5384 
0x4D4D , 5351 
0x4D4D , 5384 
0x4D4D , 5417 
0x4D4D , 5422 
0x4D4D , 5398 
0x4D4D , 5375 
0x4D4D , 5389 
0x4D4D , 5389 
0x4D4D , 5389 
0x4D4D , 5375 
0x4D4D , 5379 
0x4D4D , 5440 
0x4D4D , 5412 
0x4D4D , 5393 
0x4D4D , 5384 
0x4D4D , 5393 
0x4D4D , 5379 
0x4D4D , 5351 
0x4D4D , 5426 
0x4D4D , 5403 
0x4D4D , 5431 
0x4D4D , 5422 
0x4D4D , 5417 
0x4D4D , 5384 
0x4D4D , 5384 
0x4D4D , 5478 
0x4D4D , 5379 
0x4D4D , 5375 
0x4D4D , 5365 
0x4D4D , 5422 
0x4D4D , 5384 
0x4D4D , 5417 
0x4D4D , 5403 
0x4D4D , 5375 
0x4D4D , 5398 
0x4D4D , 5403 
0x4D4D , 5403 
0x4D4D , 5422 
0x4D4D , 5351 
0x4D4D , 5398 
0x4D4D , 5379 
0x4D4D , 5393 
0x4D4D , 5389 
0x4D4D , 5412 
0x4D4D , 5398 
0x4D4D , 5347 
0x4D4D , 5361 
0x4D4D , 5375 
0x4D4D , 5426 
0x4D4D , 5450 
0x4D4D , 5370 
0x4D4D , 5332 
0x4D4D , 5398 
0x4D4D , 5389 
0x4D4D , 5337 
0x4D4D , 5389 
0x4D4D , 5389 
0x4D4D , 5398 
0x4D4D , 5351 
0x4D4D , 5365 
0x4D4D , 5347 
0x4D4D , 5412 
0x4D4D , 5426 
0x4D4D , 5361 
0x4D4D , 5318 
0x4D4D , 5393 
0x4D4D , 5440 
0x4D4D , 5454 
0x4D4D , 5412 
0x4D4D , 5426 
