0x5A5A , 5398 
0x5A5A , 5417 
0x5A5A , 5445 
0x5A5A , 5384 
0x5A5A , 5431 
0x5A5A , 5417 
0x5A5A , 5403 
0x5A5A , 5403 
0x5A5A , 5361 
0x5A5A , 5384 
0x5A5A , 5384 
0x5A5A , 5370 
0x5A5A , 5417 
0x5A5A , 5436 
0x5A5A , 5403 
0x5A5A , 5403 
0x5A5A , 5389 
0x5A5A , 5379 
0x5A5A , 5393 
0x5A5A , 5318 
0x5A5A , 5356 
0x5A5A , 5407 
0x5A5A , 5422 
0x5A5A , 5365 
0x5A5A , 5351 
0x5A5A , 5337 
0x5A5A , 5412 
0x5A5A , 5347 
0x5A5A , 5365 
0x5A5A , 5379 
0x5A5A , 5379 
0x5A5A , 5375 
0x5A5A , 5356 
0x5A5A , 5342 
0x5A5A , 5393 
0x5A5A , 5370 
0x5A5A , 5403 
0x5A5A , 5407 
0x5A5A , 5384 
0x5A5A , 5375 
0x5A5A , 5407 
0x5A5A , 5356 
0x5A5A , 5365 
0x5A5A , 5403 
0x5A5A , 5375 
0x5A5A , 5347 
0x5A5A , 5300 
0x5A5A , 5389 
0x5A5A , 5436 
0x5A5A , 5361 
0x5A5A , 5356 
0x5A5A , 5384 
0x5A5A , 5365 
0x5A5A , 5379 
0x5A5A , 5375 
0x5A5A , 5323 
0x5A5A , 5370 
0x5A5A , 5393 
0x5A5A , 5417 
0x5A5A , 5407 
0x5A5A , 5356 
0x5A5A , 5323 
0x5A5A , 5393 
0x5A5A , 5389 
0x5A5A , 5375 
0x5A5A , 5384 
0x5A5A , 5365 
0x5A5A , 5384 
0x5A5A , 5356 
0x5A5A , 5403 
0x5A5A , 5389 
0x5A5A , 5398 
0x5A5A , 5351 
0x5A5A , 5370 
0x5A5A , 5412 
0x5A5A , 5365 
0x5A5A , 5375 
0x5A5A , 5375 
0x5A5A , 5318 
0x5A5A , 5407 
0x5A5A , 5393 
0x5A5A , 5323 
0x5A5A , 5356 
0x5A5A , 5365 
0x5A5A , 5375 
0x5A5A , 5351 
0x5A5A , 5384 
0x5A5A , 5393 
0x5A5A , 5384 
0x5A5A , 5398 
0x5A5A , 5389 
0x5A5A , 5417 
0x5A5A , 5393 
0x5A5A , 5403 
0x5A5A , 5342 
0x5A5A , 5370 
0x5A5A , 5375 
0x5A5A , 5365 
0x5A5A , 5365 
0x5A5A , 5384 
0x5A5A , 5422 
0x5A5A , 5375 
0x5A5A , 5398 
0x5A5A , 5361 
0x5A5A , 5379 
0x5A5A , 5356 
0x5A5A , 5370 
0x5A5A , 5370 
0x5A5A , 5403 
0x5A5A , 5351 
0x5A5A , 5403 
0x5A5A , 5347 
0x5A5A , 5314 
0x5A5A , 5318 
0x5A5A , 5351 
0x5A5A , 5347 
0x5A5A , 5384 
0x5A5A , 5337 
0x5A5A , 5342 
0x5A5A , 5347 
0x5A5A , 5422 
0x5A5A , 5347 
0x5A5A , 5370 
0x5A5A , 5361 
0x5A5A , 5379 
0x5A5A , 5323 
0x5A5A , 5412 
0x5A5A , 5384 
0x5A5A , 5332 
0x5A5A , 5379 
0x5A5A , 5365 
0x5A5A , 5365 
0x5A5A , 5342 
0x5A5A , 5375 
0x5A5A , 5379 
0x5A5A , 5328 
0x5A5A , 5384 
0x5A5A , 5281 
0x5A5A , 5286 
0x5A5A , 5389 
0x5A5A , 5318 
0x5A5A , 5332 
0x5A5A , 5332 
0x5A5A , 5389 
0x5A5A , 5361 
0x5A5A , 5351 
0x5A5A , 5370 
0x5A5A , 5384 
0x5A5A , 5337 
0x5A5A , 5393 
0x5A5A , 5398 
0x5A5A , 5314 
0x5A5A , 5342 
0x5A5A , 5422 
0x5A5A , 5342 
0x5A5A , 5370 
0x5A5A , 5384 
0x5A5A , 5332 
0x5A5A , 5318 
0x5A5A , 5370 
0x5A5A , 5398 
0x5A5A , 5393 
0x5A5A , 5431 
0x5A5A , 5309 
0x5A5A , 5370 
0x5A5A , 5323 
0x5A5A , 5422 
0x5A5A , 5384 
0x5A5A , 5379 
0x5A5A , 5370 
0x5A5A , 5393 
0x5A5A , 5393 
0x5A5A , 5300 
0x5A5A , 5304 
0x5A5A , 5407 
0x5A5A , 5281 
0x5A5A , 5384 
0x5A5A , 5365 
0x5A5A , 5407 
0x5A5A , 5323 
0x5A5A , 5370 
0x5A5A , 5398 
0x5A5A , 5379 
0x5A5A , 5384 
0x5A5A , 5342 
0x5A5A , 5389 
0x5A5A , 5356 
0x5A5A , 5393 
0x5A5A , 5384 
0x5A5A , 5375 
0x5A5A , 5412 
0x5A5A , 5417 
0x5A5A , 5440 
0x5A5A , 5361 
0x5A5A , 5347 
0x5A5A , 5389 
0x5A5A , 5398 
0x5A5A , 5389 
0x5A5A , 5403 
0x5A5A , 5356 
0x5A5A , 5389 
0x5A5A , 5389 
0x5A5A , 5445 
0x5A5A , 5351 
0x5A5A , 5379 
0x5A5A , 5351 
0x5A5A , 5347 
0x5A5A , 5384 
0x5A5A , 5361 
0x5A5A , 5356 
0x5A5A , 5347 
0x5A5A , 5375 
0x5A5A , 5356 
0x5A5A , 5347 
0x5A5A , 5379 
0x5A5A , 5342 
0x5A5A , 5384 
0x5A5A , 5351 
0x5A5A , 5332 
0x5A5A , 5318 
0x5A5A , 5398 
0x5A5A , 5375 
0x5A5A , 5436 
0x5A5A , 5365 
0x5A5A , 5407 
0x5A5A , 5342 
0x5A5A , 5356 
0x5A5A , 5393 
0x5A5A , 5379 
0x5A5A , 5389 
0x5A5A , 5365 
0x5A5A , 5351 
0x5A5A , 5389 
0x5A5A , 5393 
0x5A5A , 5403 
0x5A5A , 5393 
0x5A5A , 5407 
0x5A5A , 5361 
0x5A5A , 5356 
0x5A5A , 5337 
0x5A5A , 5407 
0x5A5A , 5356 
0x5A5A , 5398 
0x5A5A , 5342 
0x5A5A , 5379 
0x5A5A , 5436 
0x5A5A , 5375 
0x5A5A , 5361 
0x5A5A , 5417 
0x5A5A , 5379 
0x5A5A , 5398 
0x5A5A , 5393 
0x5A5A , 5384 
0x5A5A , 5361 
0x5A5A , 5389 
0x5A5A , 5365 
0x5A5A , 5332 
0x5A5A , 5370 
0x5A5A , 5403 
0x5A5A , 5407 
0x5A5A , 5375 
0x5A5A , 5361 
0x5A5A , 5351 
0x5A5A , 5332 
0x5A5A , 5347 
0x5A5A , 5370 
0x5A5A , 5389 
0x5A5A , 5351 
0x5A5A , 5347 
0x5A5A , 5407 
0x5A5A , 5332 
0x5A5A , 5351 
0x5A5A , 5398 
0x5A5A , 5403 
0x5A5A , 5389 
0x5A5A , 5384 
0x5A5A , 5393 
0x5A5A , 5356 
0x5A5A , 5356 
0x5A5A , 5384 
0x5A5A , 5342 
0x5A5A , 5370 
0x5A5A , 5351 
0x5A5A , 5379 
0x5A5A , 5393 
0x5A5A , 5365 
0x5A5A , 5356 
0x5A5A , 5379 
0x5A5A , 5426 
0x5A5A , 5318 
0x5A5A , 5375 
0x5A5A , 5356 
0x5A5A , 5342 
0x5A5A , 5342 
0x5A5A , 5361 
0x5A5A , 5342 
0x5A5A , 5384 
0x5A5A , 5323 
0x5A5A , 5389 
0x5A5A , 5379 
0x5A5A , 5365 
0x5A5A , 5375 
0x5A5A , 5342 
0x5A5A , 5361 
0x5A5A , 5370 
0x5A5A , 5347 
0x5A5A , 5337 
0x5A5A , 5356 
0x5A5A , 5393 
0x5A5A , 5398 
0x5A5A , 5332 
0x5A5A , 5370 
0x5A5A , 5417 
0x5A5A , 5398 
0x5A5A , 5393 
0x5A5A , 5356 
0x5A5A , 5384 
0x5A5A , 5332 
0x5A5A , 5356 
0x5A5A , 5309 
0x5A5A , 5379 
0x5A5A , 5332 
0x5A5A , 5384 
0x5A5A , 5370 
0x5A5A , 5384 
0x5A5A , 5370 
0x5A5A , 5342 
0x5A5A , 5337 
0x5A5A , 5347 
0x5A5A , 5356 
0x5A5A , 5351 
0x5A5A , 5337 
0x5A5A , 5370 
0x5A5A , 5347 
0x5A5A , 5365 
0x5A5A , 5389 
0x5A5A , 5417 
0x5A5A , 5351 
0x5A5A , 5412 
0x5A5A , 5351 
0x5A5A , 5375 
0x5A5A , 5337 
0x5A5A , 5384 
0x5A5A , 5407 
0x5A5A , 5342 
0x5A5A , 5375 
0x5A5A , 5351 
0x5A5A , 5304 
0x5A5A , 5370 
0x5A5A , 5389 
0x5A5A , 5351 
0x5A5A , 5361 
0x5A5A , 5379 
0x5A5A , 5351 
0x5A5A , 5337 
0x5A5A , 5337 
0x5A5A , 5361 
0x5A5A , 5393 
0x5A5A , 5332 
0x5A5A , 5361 
0x5A5A , 5328 
0x5A5A , 5403 
0x5A5A , 5361 
0x5A5A , 5379 
0x5A5A , 5361 
0x5A5A , 5332 
0x5A5A , 5342 
0x5A5A , 5347 
0x5A5A , 5323 
0x5A5A , 5332 
0x5A5A , 5347 
0x5A5A , 5384 
0x5A5A , 5332 
0x5A5A , 5398 
0x5A5A , 5304 
0x5A5A , 5379 
0x5A5A , 5351 
0x5A5A , 5337 
0x5A5A , 5347 
0x5A5A , 5332 
0x5A5A , 5318 
0x5A5A , 5361 
0x5A5A , 5431 
0x5A5A , 5422 
0x5A5A , 5356 
0x5A5A , 5361 
0x5A5A , 5365 
0x5A5A , 5370 
0x5A5A , 5370 
0x5A5A , 5440 
0x5A5A , 5361 
0x5A5A , 5356 
0x5A5A , 5328 
0x5A5A , 5337 
0x5A5A , 5290 
0x5A5A , 5384 
0x5A5A , 5351 
0x5A5A , 5351 
0x5A5A , 5351 
0x5A5A , 5375 
0x5A5A , 5393 
0x5A5A , 5361 
0x5A5A , 5375 
0x5A5A , 5407 
0x5A5A , 5356 
0x5A5A , 5342 
0x5A5A , 5351 
0x5A5A , 5412 
0x5A5A , 5337 
0x5A5A , 5379 
0x5A5A , 5347 
0x5A5A , 5370 
0x5A5A , 5323 
0x5A5A , 5323 
0x5A5A , 5361 
0x5A5A , 5309 
0x5A5A , 5328 
0x5A5A , 5370 
0x5A5A , 5370 
0x5A5A , 5332 
0x5A5A , 5351 
0x5A5A , 5379 
0x5A5A , 5361 
0x5A5A , 0 
0x5A5A , 5337 
0x5A5A , 5337 
0x5A5A , 5337 
0x5A5A , 5351 
0x5A5A , 5361 
0x5A5A , 5351 
0x5A5A , 5347 
0x5A5A , 5403 
0x5A5A , 5332 
0x5A5A , 5370 
0x5A5A , 5323 
0x5A5A , 5398 
0x5A5A , 5342 
0x5A5A , 5351 
0x5A5A , 5351 
0x5A5A , 5290 
0x5A5A , 5365 
0x5A5A , 5365 
0x5A5A , 5370 
0x5A5A , 5342 
0x5A5A , 5290 
0x5A5A , 5356 
0x5A5A , 5365 
0x5A5A , 5332 
0x5A5A , 5361 
0x5A5A , 5328 
0x5A5A , 5361 
0x5A5A , 5332 
0x5A5A , 5342 
0x5A5A , 5403 
0x5A5A , 5375 
0x5A5A , 5384 
0x5A5A , 5337 
0x5A5A , 5375 
0x5A5A , 5403 
0x5A5A , 5304 
0x5A5A , 5375 
0x5A5A , 5398 
0x5A5A , 5370 
0x5A5A , 5379 
0x5A5A , 5347 
0x5A5A , 5337 
0x5A5A , 5332 
0x5A5A , 5398 
0x5A5A , 5309 
0x5A5A , 5300 
0x5A5A , 5361 
0x5A5A , 5365 
0x5A5A , 5314 
0x5A5A , 5332 
0x5A5A , 5365 
0x5A5A , 5365 
0x5A5A , 5398 
0x5A5A , 5403 
0x5A5A , 5342 
0x5A5A , 5370 
0x5A5A , 5342 
0x5A5A , 5379 
0x5A5A , 5389 
0x5A5A , 5379 
0x5A5A , 5361 
0x5A5A , 5370 
0x5A5A , 0 
0x5A5A , 5356 
0x5A5A , 5361 
0x5A5A , 5318 
0x5A5A , 5370 
0x5A5A , 5370 
0x5A5A , 5361 
0x5A5A , 5398 
0x5A5A , 5370 
0x5A5A , 5356 
0x5A5A , 5384 
0x5A5A , 5356 
0x5A5A , 5412 
