0x6E6E , 5590 
0x6E6E , 5558 
0x6E6E , 5595 
0x6E6E , 5614 
0x6E6E , 5623 
0x6E6E , 5590 
0x6E6E , 5586 
0x6E6E , 5590 
0x6E6E , 5595 
0x6E6E , 5576 
0x6E6E , 5604 
0x6E6E , 5609 
0x6E6E , 5576 
0x6E6E , 5609 
0x6E6E , 5633 
0x6E6E , 5604 
0x6E6E , 5548 
0x6E6E , 5581 
0x6E6E , 5637 
0x6E6E , 5614 
0x6E6E , 5609 
0x6E6E , 5590 
0x6E6E , 5586 
0x6E6E , 5637 
0x6E6E , 5595 
0x6E6E , 5572 
0x6E6E , 5590 
0x6E6E , 5604 
0x6E6E , 5600 
0x6E6E , 5604 
0x6E6E , 5558 
0x6E6E , 5628 
0x6E6E , 5614 
0x6E6E , 5590 
0x6E6E , 5590 
0x6E6E , 5562 
0x6E6E , 5633 
0x6E6E , 5581 
0x6E6E , 5614 
0x6E6E , 5572 
0x6E6E , 5623 
0x6E6E , 5609 
0x6E6E , 5604 
0x6E6E , 5600 
0x6E6E , 5544 
0x6E6E , 5637 
0x6E6E , 5595 
0x6E6E , 5586 
0x6E6E , 5590 
0x6E6E , 5586 
0x6E6E , 5558 
0x6E6E , 5600 
0x6E6E , 5576 
0x6E6E , 5642 
0x6E6E , 5567 
0x6E6E , 5567 
0x6E6E , 5614 
0x6E6E , 5600 
0x6E6E , 5534 
0x6E6E , 5558 
0x6E6E , 5553 
0x6E6E , 5590 
0x6E6E , 5572 
0x6E6E , 5633 
0x6E6E , 5600 
0x6E6E , 5595 
0x6E6E , 5581 
0x6E6E , 5581 
0x6E6E , 5581 
0x6E6E , 5544 
0x6E6E , 5562 
0x6E6E , 5581 
0x6E6E , 5567 
0x6E6E , 5544 
0x6E6E , 5623 
0x6E6E , 5562 
0x6E6E , 5558 
0x6E6E , 5581 
0x6E6E , 5623 
0x6E6E , 5576 
0x6E6E , 5558 
0x6E6E , 5604 
0x6E6E , 5604 
0x6E6E , 5604 
0x6E6E , 5562 
0x6E6E , 5572 
0x6E6E , 5562 
0x6E6E , 5544 
0x6E6E , 5586 
0x6E6E , 5600 
0x6E6E , 5590 
0x6E6E , 5600 
0x6E6E , 5623 
0x6E6E , 5595 
0x6E6E , 5642 
0x6E6E , 5581 
0x6E6E , 5586 
0x6E6E , 5604 
0x6E6E , 5623 
0x6E6E , 5590 
0x6E6E , 5567 
0x6E6E , 5567 
0x6E6E , 5572 
0x6E6E , 5604 
0x6E6E , 5595 
0x6E6E , 5586 
0x6E6E , 5595 
0x6E6E , 5581 
0x6E6E , 5567 
0x6E6E , 5637 
0x6E6E , 5609 
0x6E6E , 5586 
0x6E6E , 5576 
0x6E6E , 5553 
0x6E6E , 5595 
0x6E6E , 5581 
0x6E6E , 5604 
0x6E6E , 5567 
0x6E6E , 5572 
0x6E6E , 5572 
0x6E6E , 5539 
0x6E6E , 5567 
0x6E6E , 5623 
0x6E6E , 5581 
0x6E6E , 5567 
0x6E6E , 5553 
0x6E6E , 5600 
0x6E6E , 5548 
0x6E6E , 5581 
0x6E6E , 5553 
0x6E6E , 5590 
0x6E6E , 5600 
0x6E6E , 5558 
0x6E6E , 5590 
0x6E6E , 5586 
0x6E6E , 5581 
0x6E6E , 5619 
0x6E6E , 5623 
0x6E6E , 5609 
0x6E6E , 5586 
0x6E6E , 5572 
0x6E6E , 5548 
0x6E6E , 5586 
0x6E6E , 5600 
0x6E6E , 5562 
0x6E6E , 5600 
0x6E6E , 5525 
0x6E6E , 5590 
0x6E6E , 5581 
0x6E6E , 5576 
0x6E6E , 5609 
0x6E6E , 5600 
0x6E6E , 5614 
0x6E6E , 5586 
0x6E6E , 5586 
0x6E6E , 5576 
0x6E6E , 5572 
0x6E6E , 5581 
0x6E6E , 5539 
0x6E6E , 5581 
0x6E6E , 5539 
0x6E6E , 5604 
0x6E6E , 5553 
0x6E6E , 5581 
0x6E6E , 5590 
0x6E6E , 5562 
0x6E6E , 5586 
0x6E6E , 5609 
0x6E6E , 5572 
0x6E6E , 5576 
0x6E6E , 5604 
0x6E6E , 5595 
0x6E6E , 5581 
0x6E6E , 5581 
0x6E6E , 5614 
0x6E6E , 5572 
0x6E6E , 5534 
0x6E6E , 5544 
0x6E6E , 5548 
0x6E6E , 5576 
0x6E6E , 5586 
0x6E6E , 5600 
0x6E6E , 5581 
0x6E6E , 5572 
0x6E6E , 5529 
0x6E6E , 5595 
0x6E6E , 5576 
0x6E6E , 5576 
0x6E6E , 5590 
0x6E6E , 5572 
0x6E6E , 5586 
0x6E6E , 5572 
0x6E6E , 5567 
0x6E6E , 5562 
0x6E6E , 5586 
0x6E6E , 5562 
0x6E6E , 5558 
0x6E6E , 5619 
0x6E6E , 5595 
0x6E6E , 5604 
0x6E6E , 5642 
0x6E6E , 5600 
0x6E6E , 5576 
0x6E6E , 5590 
0x6E6E , 5572 
0x6E6E , 5581 
0x6E6E , 5576 
0x6E6E , 5572 
0x6E6E , 5572 
0x6E6E , 5576 
0x6E6E , 5553 
0x6E6E , 5581 
0x6E6E , 5553 
0x6E6E , 5586 
0x6E6E , 5576 
0x6E6E , 5581 
0x6E6E , 5619 
0x6E6E , 5548 
0x6E6E , 5576 
0x6E6E , 5609 
0x6E6E , 5567 
0x6E6E , 5595 
0x6E6E , 5595 
0x6E6E , 5576 
0x6E6E , 5586 
0x6E6E , 5553 
0x6E6E , 5609 
0x6E6E , 5590 
0x6E6E , 5562 
0x6E6E , 5590 
0x6E6E , 5590 
0x6E6E , 5604 
0x6E6E , 5581 
0x6E6E , 5581 
0x6E6E , 5544 
0x6E6E , 5562 
0x6E6E , 5595 
0x6E6E , 5553 
0x6E6E , 5544 
0x6E6E , 5586 
0x6E6E , 5590 
0x6E6E , 5562 
0x6E6E , 5576 
0x6E6E , 5609 
0x6E6E , 5562 
0x6E6E , 5581 
0x6E6E , 5586 
0x6E6E , 5558 
0x6E6E , 5525 
0x6E6E , 5544 
0x6E6E , 5595 
0x6E6E , 5647 
0x6E6E , 5614 
0x6E6E , 5576 
0x6E6E , 5562 
0x6E6E , 5576 
0x6E6E , 5581 
0x6E6E , 5553 
0x6E6E , 5553 
0x6E6E , 5628 
0x6E6E , 5576 
0x6E6E , 5595 
0x6E6E , 5544 
0x6E6E , 5581 
0x6E6E , 5539 
0x6E6E , 5609 
0x6E6E , 5567 
0x6E6E , 5600 
0x6E6E , 5562 
0x6E6E , 5586 
0x6E6E , 5595 
0x6E6E , 5581 
0x6E6E , 5604 
0x6E6E , 5600 
0x6E6E , 5614 
0x6E6E , 5586 
0x6E6E , 5567 
0x6E6E , 5604 
0x6E6E , 5586 
0x6E6E , 5604 
0x6E6E , 5553 
0x6E6E , 5619 
0x6E6E , 5553 
0x6E6E , 5604 
0x6E6E , 5572 
0x6E6E , 5567 
0x6E6E , 5600 
0x6E6E , 5600 
0x6E6E , 5567 
0x6E6E , 5586 
0x6E6E , 5581 
0x6E6E , 5553 
0x6E6E , 5595 
0x6E6E , 5586 
0x6E6E , 5572 
0x6E6E , 5539 
0x6E6E , 5558 
0x6E6E , 5595 
0x6E6E , 5614 
0x6E6E , 5515 
0x6E6E , 5604 
0x6E6E , 5600 
0x6E6E , 5590 
0x6E6E , 5544 
0x6E6E , 5553 
0x6E6E , 5586 
0x6E6E , 5609 
0x6E6E , 5604 
0x6E6E , 5590 
0x6E6E , 5544 
0x6E6E , 5553 
0x6E6E , 5619 
0x6E6E , 5548 
0x6E6E , 5604 
0x6E6E , 5604 
0x6E6E , 5590 
0x6E6E , 5614 
0x6E6E , 5572 
0x6E6E , 5553 
0x6E6E , 5534 
0x6E6E , 5562 
0x6E6E , 5614 
0x6E6E , 5576 
0x6E6E , 5567 
0x6E6E , 5586 
0x6E6E , 5581 
0x6E6E , 5586 
0x6E6E , 5525 
0x6E6E , 5567 
0x6E6E , 5590 
0x6E6E , 5595 
0x6E6E , 5586 
0x6E6E , 5534 
0x6E6E , 5558 
0x6E6E , 5581 
0x6E6E , 5628 
0x6E6E , 5581 
0x6E6E , 5590 
0x6E6E , 5558 
0x6E6E , 5539 
0x6E6E , 5595 
0x6E6E , 5600 
0x6E6E , 5534 
0x6E6E , 5604 
0x6E6E , 5576 
0x6E6E , 5576 
0x6E6E , 5633 
0x6E6E , 5581 
0x6E6E , 5572 
0x6E6E , 5586 
0x6E6E , 5525 
0x6E6E , 5567 
0x6E6E , 5604 
0x6E6E , 5553 
0x6E6E , 5553 
0x6E6E , 5586 
0x6E6E , 5562 
0x6E6E , 5590 
0x6E6E , 5567 
0x6E6E , 5586 
0x6E6E , 5562 
0x6E6E , 5558 
0x6E6E , 5581 
0x6E6E , 5581 
0x6E6E , 5586 
0x6E6E , 5562 
0x6E6E , 5623 
0x6E6E , 5567 
0x6E6E , 5595 
0x6E6E , 5623 
0x6E6E , 5553 
0x6E6E , 5595 
0x6E6E , 5567 
0x6E6E , 5572 
0x6E6E , 5558 
0x6E6E , 5586 
0x6E6E , 5548 
0x6E6E , 5576 
0x6E6E , 5572 
0x6E6E , 5595 
0x6E6E , 5553 
0x6E6E , 5633 
0x6E6E , 5600 
0x6E6E , 5600 
0x6E6E , 5609 
0x6E6E , 5576 
0x6E6E , 5604 
0x6E6E , 5567 
0x6E6E , 5572 
0x6E6E , 5633 
0x6E6E , 5614 
0x6E6E , 5614 
0x6E6E , 5572 
0x6E6E , 5576 
0x6E6E , 5600 
0x6E6E , 5529 
0x6E6E , 5595 
0x6E6E , 5576 
0x6E6E , 5604 
0x6E6E , 5609 
0x6E6E , 5633 
0x6E6E , 5576 
0x6E6E , 5487 
0x6E6E , 5562 
0x6E6E , 5628 
0x6E6E , 5600 
0x6E6E , 5614 
0x6E6E , 5586 
0x6E6E , 5572 
0x6E6E , 5572 
0x6E6E , 5633 
0x6E6E , 5604 
0x6E6E , 5576 
0x6E6E , 5567 
0x6E6E , 5576 
0x6E6E , 5520 
0x6E6E , 5562 
0x6E6E , 5558 
0x6E6E , 5544 
0x6E6E , 5604 
0x6E6E , 5562 
0x6E6E , 5558 
0x6E6E , 5567 
0x6E6E , 5590 
0x6E6E , 5586 
0x6E6E , 5586 
0x6E6E , 5558 
0x6E6E , 5520 
0x6E6E , 5520 
0x6E6E , 5525 
0x6E6E , 5544 
0x6E6E , 5558 
0x6E6E , 5581 
0x6E6E , 5609 
0x6E6E , 5586 
0x6E6E , 5544 
0x6E6E , 5604 
0x6E6E , 5614 
0x6E6E , 5633 
0x6E6E , 5590 
0x6E6E , 5572 
0x6E6E , 5558 
0x6E6E , 5586 
0x6E6E , 5562 
0x6E6E , 5595 
0x6E6E , 5572 
0x6E6E , 5595 
0x6E6E , 5586 
0x6E6E , 5548 
0x6E6E , 5581 
0x6E6E , 5562 
