0x1C1C , 5445 
0x1C1C , 5403 
0x1C1C , 5468 
0x1C1C , 5464 
0x1C1C , 5412 
0x1C1C , 5440 
0x1C1C , 5445 
0x1C1C , 5436 
0x1C1C , 5398 
0x1C1C , 5478 
0x1C1C , 5431 
0x1C1C , 5445 
0x1C1C , 5389 
0x1C1C , 5417 
0x1C1C , 5379 
0x1C1C , 5398 
0x1C1C , 5407 
0x1C1C , 5417 
0x1C1C , 5398 
0x1C1C , 5431 
0x1C1C , 5422 
0x1C1C , 5436 
0x1C1C , 5436 
0x1C1C , 5436 
0x1C1C , 5403 
0x1C1C , 5370 
0x1C1C , 5398 
0x1C1C , 5450 
0x1C1C , 5440 
0x1C1C , 5436 
0x1C1C , 5431 
0x1C1C , 5412 
0x1C1C , 5436 
0x1C1C , 5464 
0x1C1C , 5454 
0x1C1C , 5426 
0x1C1C , 5426 
0x1C1C , 5454 
0x1C1C , 5403 
0x1C1C , 5436 
0x1C1C , 5403 
0x1C1C , 5459 
0x1C1C , 5412 
0x1C1C , 5370 
0x1C1C , 5365 
0x1C1C , 5417 
0x1C1C , 5459 
0x1C1C , 5450 
0x1C1C , 5440 
0x1C1C , 5412 
0x1C1C , 5403 
0x1C1C , 5384 
0x1C1C , 5454 
0x1C1C , 5412 
0x1C1C , 5412 
0x1C1C , 5468 
0x1C1C , 5431 
0x1C1C , 5422 
0x1C1C , 5426 
0x1C1C , 5426 
0x1C1C , 5450 
0x1C1C , 5393 
0x1C1C , 5436 
0x1C1C , 5426 
0x1C1C , 5450 
0x1C1C , 5445 
0x1C1C , 5454 
0x1C1C , 5407 
0x1C1C , 5393 
0x1C1C , 5417 
0x1C1C , 5407 
0x1C1C , 5379 
0x1C1C , 5403 
0x1C1C , 5356 
0x1C1C , 5412 
0x1C1C , 5422 
0x1C1C , 5403 
0x1C1C , 5407 
0x1C1C , 5417 
0x1C1C , 5403 
0x1C1C , 5403 
0x1C1C , 5384 
0x1C1C , 5417 
0x1C1C , 5464 
0x1C1C , 5403 
0x1C1C , 5440 
0x1C1C , 5426 
0x1C1C , 5370 
0x1C1C , 5422 
0x1C1C , 5403 
0x1C1C , 5454 
0x1C1C , 5436 
0x1C1C , 5407 
0x1C1C , 5412 
0x1C1C , 5450 
0x1C1C , 5450 
0x1C1C , 5426 
0x1C1C , 5440 
0x1C1C , 5393 
0x1C1C , 5478 
0x1C1C , 5431 
0x1C1C , 5464 
0x1C1C , 5422 
0x1C1C , 5422 
0x1C1C , 5459 
0x1C1C , 5436 
0x1C1C , 5445 
0x1C1C , 5375 
0x1C1C , 5393 
0x1C1C , 5422 
0x1C1C , 5436 
0x1C1C , 5412 
0x1C1C , 5464 
0x1C1C , 5431 
0x1C1C , 5431 
0x1C1C , 5426 
0x1C1C , 5375 
0x1C1C , 5492 
0x1C1C , 5422 
0x1C1C , 5417 
0x1C1C , 5422 
0x1C1C , 5473 
0x1C1C , 5492 
0x1C1C , 0 
0x1C1C , 5450 
0x1C1C , 5389 
0x1C1C , 5431 
0x1C1C , 5468 
0x1C1C , 5422 
0x1C1C , 5445 
0x1C1C , 5384 
0x1C1C , 5417 
0x1C1C , 5417 
0x1C1C , 5440 
0x1C1C , 5459 
0x1C1C , 5422 
0x1C1C , 5454 
0x1C1C , 5468 
0x1C1C , 5459 
0x1C1C , 5450 
0x1C1C , 5440 
0x1C1C , 5412 
0x1C1C , 5426 
0x1C1C , 5370 
0x1C1C , 5445 
0x1C1C , 5426 
0x1C1C , 5445 
0x1C1C , 5384 
0x1C1C , 5393 
0x1C1C , 5445 
0x1C1C , 5375 
0x1C1C , 5445 
0x1C1C , 5440 
0x1C1C , 5407 
0x1C1C , 5422 
0x1C1C , 5426 
0x1C1C , 5398 
0x1C1C , 5464 
0x1C1C , 5436 
0x1C1C , 5445 
0x1C1C , 5454 
0x1C1C , 5501 
0x1C1C , 5431 
0x1C1C , 5436 
0x1C1C , 5407 
0x1C1C , 5473 
0x1C1C , 5464 
0x1C1C , 5422 
0x1C1C , 5398 
0x1C1C , 5445 
0x1C1C , 5417 
0x1C1C , 5436 
0x1C1C , 5497 
0x1C1C , 5473 
0x1C1C , 5440 
0x1C1C , 5492 
0x1C1C , 5459 
0x1C1C , 5464 
0x1C1C , 5436 
0x1C1C , 5407 
0x1C1C , 5450 
0x1C1C , 5412 
0x1C1C , 5426 
0x1C1C , 5468 
0x1C1C , 5436 
0x1C1C , 5403 
0x1C1C , 5403 
0x1C1C , 5450 
0x1C1C , 5407 
0x1C1C , 5365 
0x1C1C , 5431 
0x1C1C , 5478 
0x1C1C , 5426 
0x1C1C , 5445 
0x1C1C , 5370 
0x1C1C , 5412 
0x1C1C , 5454 
0x1C1C , 5464 
0x1C1C , 5422 
0x1C1C , 5417 
0x1C1C , 5483 
0x1C1C , 5464 
0x1C1C , 5454 
0x1C1C , 5417 
0x1C1C , 5473 
0x1C1C , 5417 
0x1C1C , 5412 
0x1C1C , 5436 
0x1C1C , 5445 
0x1C1C , 5365 
0x1C1C , 5436 
0x1C1C , 5450 
0x1C1C , 5417 
0x1C1C , 5436 
0x1C1C , 5445 
0x1C1C , 5454 
0x1C1C , 5412 
0x1C1C , 5422 
0x1C1C , 5445 
0x1C1C , 5478 
0x1C1C , 5473 
0x1C1C , 5468 
0x1C1C , 5398 
0x1C1C , 5403 
0x1C1C , 5436 
0x1C1C , 5407 
0x1C1C , 5431 
0x1C1C , 5450 
0x1C1C , 5407 
0x1C1C , 5379 
0x1C1C , 5450 
0x1C1C , 5450 
0x1C1C , 5379 
0x1C1C , 5422 
0x1C1C , 5403 
0x1C1C , 5422 
0x1C1C , 5431 
0x1C1C , 5440 
0x1C1C , 5431 
0x1C1C , 5464 
0x1C1C , 5478 
0x1C1C , 5440 
0x1C1C , 5478 
0x1C1C , 5431 
0x1C1C , 5431 
0x1C1C , 5478 
0x1C1C , 5412 
0x1C1C , 5431 
0x1C1C , 5450 
0x1C1C , 5417 
0x1C1C , 5459 
0x1C1C , 5440 
0x1C1C , 5436 
0x1C1C , 5412 
0x1C1C , 5426 
0x1C1C , 5431 
0x1C1C , 5497 
0x1C1C , 5464 
0x1C1C , 5407 
0x1C1C , 5412 
0x1C1C , 5464 
0x1C1C , 5379 
0x1C1C , 5398 
0x1C1C , 5379 
0x1C1C , 5422 
0x1C1C , 5450 
0x1C1C , 5398 
0x1C1C , 5407 
0x1C1C , 5417 
0x1C1C , 5454 
0x1C1C , 5440 
0x1C1C , 5468 
0x1C1C , 5483 
0x1C1C , 5478 
0x1C1C , 5450 
0x1C1C , 5398 
0x1C1C , 5468 
0x1C1C , 5450 
0x1C1C , 5426 
0x1C1C , 5464 
0x1C1C , 5412 
0x1C1C , 5478 
0x1C1C , 5464 
0x1C1C , 5445 
0x1C1C , 5431 
0x1C1C , 5464 
0x1C1C , 5440 
0x1C1C , 5445 
0x1C1C , 5497 
0x1C1C , 5440 
0x1C1C , 5389 
0x1C1C , 5417 
0x1C1C , 5473 
0x1C1C , 5464 
0x1C1C , 5440 
0x1C1C , 5426 
0x1C1C , 5506 
0x1C1C , 5407 
0x1C1C , 5445 
0x1C1C , 5440 
0x1C1C , 5445 
0x1C1C , 5468 
0x1C1C , 5422 
0x1C1C , 5436 
0x1C1C , 5426 
0x1C1C , 5426 
0x1C1C , 5431 
0x1C1C , 5459 
0x1C1C , 5407 
0x1C1C , 5459 
0x1C1C , 5412 
0x1C1C , 5412 
0x1C1C , 5454 
0x1C1C , 5375 
0x1C1C , 5370 
0x1C1C , 5417 
0x1C1C , 5417 
0x1C1C , 5389 
0x1C1C , 5440 
0x1C1C , 5487 
0x1C1C , 5370 
0x1C1C , 5407 
0x1C1C , 5454 
0x1C1C , 5426 
0x1C1C , 5398 
0x1C1C , 5431 
0x1C1C , 5393 
0x1C1C , 5440 
0x1C1C , 5440 
0x1C1C , 5412 
0x1C1C , 5384 
0x1C1C , 5407 
0x1C1C , 5393 
0x1C1C , 5389 
0x1C1C , 5370 
0x1C1C , 5487 
0x1C1C , 5398 
0x1C1C , 5431 
0x1C1C , 5426 
0x1C1C , 5436 
0x1C1C , 5417 
0x1C1C , 5426 
0x1C1C , 5422 
0x1C1C , 5407 
0x1C1C , 5403 
0x1C1C , 5403 
0x1C1C , 5450 
0x1C1C , 5393 
0x1C1C , 5454 
0x1C1C , 5431 
0x1C1C , 5454 
0x1C1C , 5440 
0x1C1C , 5422 
0x1C1C , 5389 
0x1C1C , 5393 
0x1C1C , 5464 
0x1C1C , 5389 
0x1C1C , 5464 
0x1C1C , 5426 
0x1C1C , 5459 
0x1C1C , 5375 
0x1C1C , 5431 
0x1C1C , 5389 
0x1C1C , 5436 
0x1C1C , 5403 
0x1C1C , 5431 
0x1C1C , 5464 
0x1C1C , 5450 
0x1C1C , 5450 
0x1C1C , 5440 
0x1C1C , 5426 
0x1C1C , 5450 
0x1C1C , 5440 
0x1C1C , 5417 
0x1C1C , 5436 
0x1C1C , 5407 
0x1C1C , 5412 
0x1C1C , 5393 
0x1C1C , 5422 
0x1C1C , 5422 
0x1C1C , 5417 
0x1C1C , 5407 
0x1C1C , 5407 
0x1C1C , 5403 
0x1C1C , 5384 
0x1C1C , 5431 
0x1C1C , 5515 
0x1C1C , 5417 
0x1C1C , 5464 
0x1C1C , 5450 
0x1C1C , 5417 
0x1C1C , 5417 
0x1C1C , 5440 
0x1C1C , 5407 
0x1C1C , 5407 
0x1C1C , 5422 
0x1C1C , 5431 
0x1C1C , 5464 
0x1C1C , 5393 
0x1C1C , 5431 
0x1C1C , 5393 
0x1C1C , 5426 
0x1C1C , 5412 
0x1C1C , 5440 
0x1C1C , 5412 
0x1C1C , 5445 
0x1C1C , 5393 
0x1C1C , 5478 
0x1C1C , 5375 
0x1C1C , 5398 
0x1C1C , 5398 
0x1C1C , 5389 
0x1C1C , 5412 
0x1C1C , 5426 
0x1C1C , 5422 
0x1C1C , 5431 
0x1C1C , 5450 
0x1C1C , 5468 
0x1C1C , 5398 
0x1C1C , 5403 
0x1C1C , 5436 
0x1C1C , 5440 
0x1C1C , 5398 
0x1C1C , 5422 
0x1C1C , 5384 
0x1C1C , 5407 
0x1C1C , 5422 
0x1C1C , 5398 
0x1C1C , 5436 
0x1C1C , 5454 
0x1C1C , 5454 
0x1C1C , 5398 
0x1C1C , 5407 
0x1C1C , 5492 
0x1C1C , 5464 
0x1C1C , 5464 
0x1C1C , 5459 
0x1C1C , 5426 
0x1C1C , 5417 
0x1C1C , 5422 
0x1C1C , 5393 
0x1C1C , 5422 

0x2020 , 5253 
0x2020 , 5300 
0x2020 , 5178 
0x2020 , 5243 
0x2020 , 5220 
0x2020 , 5243 
0x2020 , 5182 
0x2020 , 5225 
0x2020 , 5225 
0x2020 , 5196 
0x2020 , 5206 
0x2020 , 5229 
0x2020 , 5234 
0x2020 , 5276 
0x2020 , 5253 
0x2020 , 5201 
0x2020 , 5239 
0x2020 , 5215 
0x2020 , 5229 
0x2020 , 5229 
0x2020 , 5248 
0x2020 , 5290 
0x2020 , 5206 
0x2020 , 5220 
0x2020 , 5243 
0x2020 , 5253 
0x2020 , 5243 
0x2020 , 5243 
0x2020 , 5271 
0x2020 , 5229 
0x2020 , 5248 
0x2020 , 5210 
0x2020 , 5206 
0x2020 , 5215 
0x2020 , 5271 
0x2020 , 5173 
0x2020 , 5229 
0x2020 , 5215 
0x2020 , 5243 
0x2020 , 5276 
0x2020 , 5234 
0x2020 , 5267 
0x2020 , 5229 
0x2020 , 5262 
0x2020 , 5210 
0x2020 , 5187 
0x2020 , 5234 
0x2020 , 5239 
0x2020 , 5243 
0x2020 , 5225 
0x2020 , 5220 
0x2020 , 5192 
0x2020 , 5262 
0x2020 , 5210 
0x2020 , 5206 
0x2020 , 5210 
0x2020 , 5210 
0x2020 , 5187 
0x2020 , 5206 
0x2020 , 5248 
0x2020 , 5225 
0x2020 , 5178 
0x2020 , 5234 
0x2020 , 5215 
0x2020 , 5253 
0x2020 , 5234 
0x2020 , 5192 
0x2020 , 5257 
0x2020 , 5253 
0x2020 , 5267 
0x2020 , 5210 
0x2020 , 5178 
0x2020 , 5271 
0x2020 , 5192 
0x2020 , 5220 
0x2020 , 5239 
0x2020 , 5267 
0x2020 , 5164 
0x2020 , 5262 
0x2020 , 5201 
0x2020 , 5192 
0x2020 , 5225 
0x2020 , 5187 
0x2020 , 5229 
0x2020 , 5210 
0x2020 , 5210 
0x2020 , 5290 
0x2020 , 5220 
0x2020 , 5229 
0x2020 , 5276 
0x2020 , 5234 
0x2020 , 5225 
0x2020 , 5243 
0x2020 , 5253 
0x2020 , 5215 
0x2020 , 5210 
0x2020 , 5206 
0x2020 , 5192 
0x2020 , 5201 
0x2020 , 5220 
0x2020 , 5239 
0x2020 , 5210 
0x2020 , 5210 
0x2020 , 5201 
0x2020 , 5210 
0x2020 , 5248 
0x2020 , 5196 
0x2020 , 5196 
0x2020 , 5220 
0x2020 , 5196 
0x2020 , 5262 
0x2020 , 5276 
0x2020 , 5164 
0x2020 , 5229 
0x2020 , 5206 
0x2020 , 5201 
0x2020 , 5210 
0x2020 , 5239 
0x2020 , 5187 
0x2020 , 5253 
0x2020 , 5210 
0x2020 , 5159 
0x2020 , 5267 
0x2020 , 5173 
0x2020 , 5243 
0x2020 , 5210 
0x2020 , 5192 
0x2020 , 5192 
0x2020 , 5225 
0x2020 , 5178 
0x2020 , 5220 
0x2020 , 5210 
0x2020 , 5267 
0x2020 , 5234 
0x2020 , 5243 
0x2020 , 5192 
0x2020 , 5187 
0x2020 , 5220 
0x2020 , 5182 
0x2020 , 5210 
0x2020 , 5229 
0x2020 , 5262 
0x2020 , 5248 
0x2020 , 5206 
0x2020 , 5187 
0x2020 , 5210 
0x2020 , 5187 
0x2020 , 5154 
0x2020 , 5196 
0x2020 , 5159 
0x2020 , 5196 
0x2020 , 5182 
0x2020 , 5215 
0x2020 , 5192 
0x2020 , 5192 
0x2020 , 5192 
0x2020 , 5210 
0x2020 , 5220 
0x2020 , 5145 
0x2020 , 5248 
0x2020 , 5196 
0x2020 , 5210 
0x2020 , 5220 
0x2020 , 5243 
0x2020 , 5239 
0x2020 , 5290 
0x2020 , 5239 
0x2020 , 5187 
0x2020 , 5229 
0x2020 , 5187 
0x2020 , 5225 
0x2020 , 5267 
0x2020 , 5187 
0x2020 , 5210 
0x2020 , 5229 
0x2020 , 5192 
0x2020 , 5206 
0x2020 , 5276 
0x2020 , 5206 
0x2020 , 5257 
0x2020 , 5192 
0x2020 , 5196 
0x2020 , 5220 
0x2020 , 5239 
0x2020 , 5187 
0x2020 , 5196 
0x2020 , 5196 
0x2020 , 5206 
0x2020 , 5253 
0x2020 , 5173 
0x2020 , 5239 
0x2020 , 5262 
0x2020 , 5220 
0x2020 , 5215 
0x2020 , 5229 
0x2020 , 5210 
0x2020 , 5187 
0x2020 , 5201 
0x2020 , 5182 
0x2020 , 5196 
0x2020 , 5257 
0x2020 , 5210 
0x2020 , 5182 
0x2020 , 5220 
0x2020 , 5196 
0x2020 , 5248 
0x2020 , 5173 
0x2020 , 5220 
0x2020 , 5286 
0x2020 , 5192 
0x2020 , 5168 
0x2020 , 5248 
0x2020 , 5234 
0x2020 , 5196 
0x2020 , 5239 
0x2020 , 5243 
0x2020 , 5201 
0x2020 , 5182 
0x2020 , 5243 
0x2020 , 5257 
0x2020 , 5229 
0x2020 , 5215 
0x2020 , 5220 
0x2020 , 5220 
0x2020 , 5229 
0x2020 , 5196 
0x2020 , 5192 
0x2020 , 5210 
0x2020 , 5257 
0x2020 , 5220 
0x2020 , 5192 
0x2020 , 5229 
0x2020 , 5210 
0x2020 , 5248 
0x2020 , 5262 
0x2020 , 5234 
0x2020 , 5220 
0x2020 , 5257 
0x2020 , 5257 
0x2020 , 5187 
0x2020 , 5220 
0x2020 , 5201 
0x2020 , 5243 
0x2020 , 5220 
0x2020 , 5248 
0x2020 , 5234 
0x2020 , 5253 
0x2020 , 5206 
0x2020 , 5201 
0x2020 , 5248 
0x2020 , 5196 
0x2020 , 5220 
0x2020 , 5239 
0x2020 , 5220 
0x2020 , 5201 
0x2020 , 5239 
0x2020 , 5243 
0x2020 , 5215 
0x2020 , 5262 
0x2020 , 5248 
0x2020 , 5201 
0x2020 , 5215 
0x2020 , 5215 
0x2020 , 5220 
0x2020 , 5215 
0x2020 , 5210 
0x2020 , 5229 
0x2020 , 5262 
0x2020 , 5248 
0x2020 , 5267 
0x2020 , 5225 
0x2020 , 5248 
0x2020 , 5225 
0x2020 , 5182 
0x2020 , 5210 
0x2020 , 5239 
0x2020 , 5220 
0x2020 , 5220 
0x2020 , 5281 
0x2020 , 5206 
0x2020 , 5215 
0x2020 , 5154 
0x2020 , 5243 
0x2020 , 5196 
0x2020 , 5225 
0x2020 , 5220 
0x2020 , 5187 
0x2020 , 5225 
0x2020 , 5253 
0x2020 , 5192 
0x2020 , 5196 
0x2020 , 5182 
0x2020 , 5215 
0x2020 , 5187 
0x2020 , 5229 
0x2020 , 5168 
0x2020 , 5159 
0x2020 , 5225 
0x2020 , 5229 
0x2020 , 5206 
0x2020 , 5192 
0x2020 , 5206 
0x2020 , 5253 
0x2020 , 5201 
0x2020 , 5239 
0x2020 , 5220 
0x2020 , 5243 
0x2020 , 5239 
0x2020 , 5220 
0x2020 , 5192 
0x2020 , 5182 
0x2020 , 5239 
0x2020 , 5192 
0x2020 , 5210 
0x2020 , 5229 
0x2020 , 5182 
0x2020 , 5257 
0x2020 , 5196 
0x2020 , 5201 
0x2020 , 5225 
0x2020 , 5192 
0x2020 , 5243 
0x2020 , 5154 
0x2020 , 5210 
0x2020 , 5196 
0x2020 , 5210 
0x2020 , 5243 
0x2020 , 5243 
0x2020 , 5196 
0x2020 , 5196 
0x2020 , 5220 
0x2020 , 5196 
0x2020 , 5210 
0x2020 , 5210 
0x2020 , 5215 
0x2020 , 5234 
0x2020 , 5229 
0x2020 , 5234 
0x2020 , 5225 
0x2020 , 5220 
0x2020 , 5168 
0x2020 , 5234 
0x2020 , 5215 
0x2020 , 5196 
0x2020 , 5229 
0x2020 , 5173 
0x2020 , 5248 
0x2020 , 5145 
0x2020 , 5178 
0x2020 , 5220 
0x2020 , 5210 
0x2020 , 5201 
0x2020 , 5196 
0x2020 , 5253 
0x2020 , 5248 
0x2020 , 5225 
0x2020 , 5210 
0x2020 , 5210 
0x2020 , 5248 
0x2020 , 5215 
0x2020 , 5196 
0x2020 , 5248 
0x2020 , 5234 
0x2020 , 5192 
0x2020 , 5182 
0x2020 , 5215 
0x2020 , 5239 
0x2020 , 5243 
0x2020 , 5239 
0x2020 , 5210 
0x2020 , 5192 
0x2020 , 5234 
0x2020 , 5182 
0x2020 , 5234 
0x2020 , 5178 
0x2020 , 5210 
0x2020 , 5253 
0x2020 , 5192 
0x2020 , 5234 
0x2020 , 5187 
0x2020 , 5215 
0x2020 , 5229 
0x2020 , 5206 
0x2020 , 5239 
0x2020 , 5229 
0x2020 , 5206 
0x2020 , 5192 
0x2020 , 5220 
0x2020 , 5239 
0x2020 , 5234 
0x2020 , 5210 
0x2020 , 5225 
0x2020 , 5178 
0x2020 , 5192 
0x2020 , 5243 
0x2020 , 5201 
0x2020 , 5248 
0x2020 , 5234 
0x2020 , 5220 
0x2020 , 5267 
0x2020 , 5210 
0x2020 , 5210 
0x2020 , 5192 
0x2020 , 5248 
0x2020 , 5196 
0x2020 , 5187 
0x2020 , 5267 
0x2020 , 5220 
0x2020 , 5182 
0x2020 , 5182 
0x2020 , 5201 
0x2020 , 5210 
0x2020 , 5225 
0x2020 , 5234 
0x2020 , 5206 
0x2020 , 5239 
0x2020 , 5196 
0x2020 , 5187 
0x2020 , 5225 
0x2020 , 5192 
0x2020 , 5168 
0x2020 , 5220 
0x2020 , 5243 
0x2020 , 5164 
0x2020 , 5201 
0x2020 , 5187 
0x2020 , 5178 
0x2020 , 5182 
0x2020 , 5225 
0x2020 , 5196 
0x2020 , 5225 
0x2020 , 5206 
0x2020 , 5215 
0x2020 , 5206 
0x2020 , 5248 
0x2020 , 5225 
0x2020 , 5234 
0x2020 , 5220 
0x2020 , 5210 
0x2020 , 5253 
0x2020 , 5196 
0x2020 , 5196 
0x2020 , 5225 
0x2020 , 5234 
0x2020 , 5178 
0x2020 , 5164 
0x2020 , 5154 
0x2020 , 5196 
0x2020 , 5206 
0x2020 , 5262 
0x2020 , 5206 

0x3E3E , 5225 
0x3E3E , 5145 
0x3E3E , 5164 
0x3E3E , 5164 
0x3E3E , 5173 
0x3E3E , 5121 
0x3E3E , 5135 
0x3E3E , 5168 
0x3E3E , 5131 
0x3E3E , 5196 
0x3E3E , 5121 
0x3E3E , 5140 
0x3E3E , 5159 
0x3E3E , 5135 
0x3E3E , 5164 
0x3E3E , 5140 
0x3E3E , 5154 
0x3E3E , 5135 
0x3E3E , 5173 
0x3E3E , 5145 
0x3E3E , 5159 
0x3E3E , 5126 
0x3E3E , 5126 
0x3E3E , 5173 
0x3E3E , 5145 
0x3E3E , 5159 
0x3E3E , 5154 
0x3E3E , 5131 
0x3E3E , 5145 
0x3E3E , 5150 
0x3E3E , 5159 
0x3E3E , 5140 
0x3E3E , 5135 
0x3E3E , 5159 
0x3E3E , 5145 
0x3E3E , 5154 
0x3E3E , 5150 
0x3E3E , 5131 
0x3E3E , 5145 
0x3E3E , 5173 
0x3E3E , 5164 
0x3E3E , 5117 
0x3E3E , 5140 
0x3E3E , 5140 
0x3E3E , 5140 
0x3E3E , 5126 
0x3E3E , 5103 
0x3E3E , 5135 
0x3E3E , 5093 
0x3E3E , 5154 
0x3E3E , 5196 
0x3E3E , 5107 
0x3E3E , 5135 
0x3E3E , 5159 
0x3E3E , 5150 
0x3E3E , 5117 
0x3E3E , 5135 
0x3E3E , 5140 
0x3E3E , 5117 
0x3E3E , 5164 
0x3E3E , 5164 
0x3E3E , 5154 
0x3E3E , 5140 
0x3E3E , 5159 
0x3E3E , 5140 
0x3E3E , 5107 
0x3E3E , 5107 
0x3E3E , 5178 
0x3E3E , 5168 
0x3E3E , 5164 
0x3E3E , 5126 
0x3E3E , 5168 
0x3E3E , 5126 
0x3E3E , 5159 
0x3E3E , 5159 
0x3E3E , 5164 
0x3E3E , 5187 
0x3E3E , 5178 
0x3E3E , 5135 
0x3E3E , 5164 
0x3E3E , 5126 
0x3E3E , 5103 
0x3E3E , 5150 
0x3E3E , 5164 
0x3E3E , 5164 
0x3E3E , 5154 
0x3E3E , 5103 
0x3E3E , 5140 
0x3E3E , 5121 
0x3E3E , 5135 
0x3E3E , 5121 
0x3E3E , 5131 
0x3E3E , 5117 
0x3E3E , 5154 
0x3E3E , 5112 
0x3E3E , 5154 
0x3E3E , 5140 
0x3E3E , 5117 
0x3E3E , 5173 
0x3E3E , 5168 
0x3E3E , 5173 
0x3E3E , 5178 
0x3E3E , 5164 
0x3E3E , 5150 
0x3E3E , 5168 
0x3E3E , 5154 
0x3E3E , 5154 
0x3E3E , 5178 
0x3E3E , 5182 
0x3E3E , 5164 
0x3E3E , 5168 
0x3E3E , 5154 
0x3E3E , 5164 
0x3E3E , 5135 
0x3E3E , 5168 
0x3E3E , 5168 
0x3E3E , 5145 
0x3E3E , 5150 
0x3E3E , 5154 
0x3E3E , 5164 
0x3E3E , 5168 
0x3E3E , 5164 
0x3E3E , 5159 
0x3E3E , 5182 
0x3E3E , 5168 
0x3E3E , 5098 
0x3E3E , 5154 
0x3E3E , 5154 
0x3E3E , 5164 
0x3E3E , 5182 
0x3E3E , 5178 
0x3E3E , 5168 
0x3E3E , 5178 
0x3E3E , 5154 
0x3E3E , 5145 
0x3E3E , 5154 
0x3E3E , 5140 
0x3E3E , 5103 
0x3E3E , 5164 
0x3E3E , 5140 
0x3E3E , 5121 
0x3E3E , 5178 
0x3E3E , 5145 
0x3E3E , 5150 
0x3E3E , 5145 
0x3E3E , 5168 
0x3E3E , 5150 
0x3E3E , 5150 
0x3E3E , 5168 
0x3E3E , 5131 
0x3E3E , 5187 
0x3E3E , 5173 
0x3E3E , 5145 
0x3E3E , 5164 
0x3E3E , 5164 
0x3E3E , 5145 
0x3E3E , 5145 
0x3E3E , 5131 
0x3E3E , 5126 
0x3E3E , 5145 
0x3E3E , 5098 
0x3E3E , 5168 
0x3E3E , 5121 
0x3E3E , 5140 
0x3E3E , 5150 
0x3E3E , 5145 
0x3E3E , 5121 
0x3E3E , 5112 
0x3E3E , 5140 
0x3E3E , 5126 
0x3E3E , 5145 
0x3E3E , 5178 
0x3E3E , 5126 
0x3E3E , 5112 
0x3E3E , 5107 
0x3E3E , 5154 
0x3E3E , 5117 
0x3E3E , 5117 
0x3E3E , 5140 
0x3E3E , 5150 
0x3E3E , 5150 
0x3E3E , 5145 
0x3E3E , 5154 
0x3E3E , 5126 
0x3E3E , 5117 
0x3E3E , 5145 
0x3E3E , 5121 
0x3E3E , 5182 
0x3E3E , 5107 
0x3E3E , 5131 
0x3E3E , 5178 
0x3E3E , 5135 
0x3E3E , 5159 
0x3E3E , 5126 
0x3E3E , 5140 
0x3E3E , 5145 
0x3E3E , 5107 
0x3E3E , 5126 
0x3E3E , 5178 
0x3E3E , 5131 
0x3E3E , 5159 
0x3E3E , 5121 
0x3E3E , 5150 
0x3E3E , 5126 
0x3E3E , 5140 
0x3E3E , 5164 
0x3E3E , 5135 
0x3E3E , 5159 
0x3E3E , 5168 
0x3E3E , 5112 
0x3E3E , 5178 
0x3E3E , 5164 
0x3E3E , 5135 
0x3E3E , 5135 
0x3E3E , 5150 
0x3E3E , 5117 
0x3E3E , 5178 
0x3E3E , 5103 
0x3E3E , 5135 
0x3E3E , 5164 
0x3E3E , 5140 
0x3E3E , 5145 
0x3E3E , 5103 
0x3E3E , 5154 
0x3E3E , 5135 
0x3E3E , 5145 
0x3E3E , 5154 
0x3E3E , 5117 
0x3E3E , 5159 
0x3E3E , 5126 
0x3E3E , 5126 
0x3E3E , 5150 
0x3E3E , 5135 
0x3E3E , 5145 
0x3E3E , 5126 
0x3E3E , 5126 
0x3E3E , 5150 
0x3E3E , 5145 
0x3E3E , 5121 
0x3E3E , 5140 
0x3E3E , 5121 
0x3E3E , 5135 
0x3E3E , 5112 
0x3E3E , 5159 
0x3E3E , 0 
0x3E3E , 5131 
0x3E3E , 5140 
0x3E3E , 5107 
0x3E3E , 5145 
0x3E3E , 5159 
0x3E3E , 5117 
0x3E3E , 5131 
0x3E3E , 5131 
0x3E3E , 5107 
0x3E3E , 5126 
0x3E3E , 5135 
0x3E3E , 5168 
0x3E3E , 5126 
0x3E3E , 5159 
0x3E3E , 5182 
0x3E3E , 5121 
0x3E3E , 5173 
0x3E3E , 5126 
0x3E3E , 5140 
0x3E3E , 5145 
0x3E3E , 5145 
0x3E3E , 5182 
0x3E3E , 5103 
0x3E3E , 5140 
0x3E3E , 5154 
0x3E3E , 5131 
0x3E3E , 5145 
0x3E3E , 5140 
0x3E3E , 5131 
0x3E3E , 5150 
0x3E3E , 5150 
0x3E3E , 5140 
0x3E3E , 5089 
0x3E3E , 5121 
0x3E3E , 5131 
0x3E3E , 5126 
0x3E3E , 5131 
0x3E3E , 5145 
0x3E3E , 5121 
0x3E3E , 5117 
0x3E3E , 5150 
0x3E3E , 5117 
0x3E3E , 5112 
0x3E3E , 5093 
0x3E3E , 5159 
0x3E3E , 5126 
0x3E3E , 5126 
0x3E3E , 5126 
0x3E3E , 5126 
0x3E3E , 5098 
0x3E3E , 5187 
0x3E3E , 5103 
0x3E3E , 5135 
0x3E3E , 5145 
0x3E3E , 5126 
0x3E3E , 5140 
0x3E3E , 5131 
0x3E3E , 5135 
0x3E3E , 5164 
0x3E3E , 5135 
0x3E3E , 5126 
0x3E3E , 5126 
0x3E3E , 5135 
0x3E3E , 5164 
0x3E3E , 5140 
0x3E3E , 5168 
0x3E3E , 5117 
0x3E3E , 5107 
0x3E3E , 5121 
0x3E3E , 5121 
0x3E3E , 5103 
0x3E3E , 5178 
0x3E3E , 5140 
0x3E3E , 5107 
0x3E3E , 5159 
0x3E3E , 5117 
0x3E3E , 5164 
0x3E3E , 5164 
0x3E3E , 5182 
0x3E3E , 5135 
0x3E3E , 5126 
0x3E3E , 5126 
0x3E3E , 5159 
0x3E3E , 5150 
0x3E3E , 5182 
0x3E3E , 5164 
0x3E3E , 5145 
0x3E3E , 5140 
0x3E3E , 5159 
0x3E3E , 5140 
0x3E3E , 5089 
0x3E3E , 5145 
0x3E3E , 5089 
0x3E3E , 5112 
0x3E3E , 5112 
0x3E3E , 5135 
0x3E3E , 5093 
0x3E3E , 5192 
0x3E3E , 5117 
0x3E3E , 5112 
0x3E3E , 5126 
0x3E3E , 5154 
0x3E3E , 5107 
0x3E3E , 5135 
0x3E3E , 5107 
0x3E3E , 5098 
0x3E3E , 5145 
0x3E3E , 5164 
0x3E3E , 5159 
0x3E3E , 5112 
0x3E3E , 5135 
0x3E3E , 5145 
0x3E3E , 5145 
0x3E3E , 5164 
0x3E3E , 5117 
0x3E3E , 5164 
0x3E3E , 5135 
0x3E3E , 5140 
0x3E3E , 5140 
0x3E3E , 5093 
0x3E3E , 5135 
0x3E3E , 5140 
0x3E3E , 5126 
0x3E3E , 5112 
0x3E3E , 5117 
0x3E3E , 5107 
0x3E3E , 5145 
0x3E3E , 5117 
0x3E3E , 5159 
0x3E3E , 5168 
0x3E3E , 5112 
0x3E3E , 5187 
0x3E3E , 5117 
0x3E3E , 5121 
0x3E3E , 5150 
0x3E3E , 5140 
0x3E3E , 5135 
0x3E3E , 5079 
0x3E3E , 5098 
0x3E3E , 5145 
0x3E3E , 5131 
0x3E3E , 5121 
0x3E3E , 5140 
0x3E3E , 5145 
0x3E3E , 5107 
0x3E3E , 5107 
0x3E3E , 5140 
0x3E3E , 5121 
0x3E3E , 5121 
0x3E3E , 5103 
0x3E3E , 5112 
0x3E3E , 5117 
0x3E3E , 5135 
0x3E3E , 5126 
0x3E3E , 5140 
0x3E3E , 5145 
0x3E3E , 5093 
0x3E3E , 5074 
0x3E3E , 5107 
0x3E3E , 5131 
0x3E3E , 5135 
0x3E3E , 5117 
0x3E3E , 5103 
0x3E3E , 5084 
0x3E3E , 5074 
0x3E3E , 5098 
0x3E3E , 5117 
0x3E3E , 5135 
0x3E3E , 5107 
0x3E3E , 5135 
0x3E3E , 5135 
0x3E3E , 5093 
0x3E3E , 5135 
0x3E3E , 5084 
0x3E3E , 5121 
0x3E3E , 5112 
0x3E3E , 5074 
0x3E3E , 5103 
0x3E3E , 5093 
0x3E3E , 5117 
0x3E3E , 5112 
0x3E3E , 5093 
0x3E3E , 5117 
0x3E3E , 5093 
0x3E3E , 5103 
0x3E3E , 5084 
0x3E3E , 5135 
0x3E3E , 5117 
0x3E3E , 5112 
0x3E3E , 5126 
0x3E3E , 5117 
0x3E3E , 5084 
0x3E3E , 5098 
0x3E3E , 5089 
0x3E3E , 5112 
0x3E3E , 5089 
0x3E3E , 5112 
0x3E3E , 5117 
0x3E3E , 5079 
0x3E3E , 5126 
0x3E3E , 5112 
0x3E3E , 5140 
0x3E3E , 5084 
0x3E3E , 5079 

0x4D4D , 5412 
0x4D4D , 5407 
0x4D4D , 5431 
0x4D4D , 5417 
0x4D4D , 5426 
0x4D4D , 5473 
0x4D4D , 5422 
0x4D4D , 5407 
0x4D4D , 5436 
0x4D4D , 5445 
0x4D4D , 5459 
0x4D4D , 5468 
0x4D4D , 5440 
0x4D4D , 5450 
0x4D4D , 5422 
0x4D4D , 5407 
0x4D4D , 5426 
0x4D4D , 5440 
0x4D4D , 5426 
0x4D4D , 5365 
0x4D4D , 5426 
0x4D4D , 5417 
0x4D4D , 5417 
0x4D4D , 5407 
0x4D4D , 5422 
0x4D4D , 5431 
0x4D4D , 5436 
0x4D4D , 5440 
0x4D4D , 5436 
0x4D4D , 5440 
0x4D4D , 5440 
0x4D4D , 5431 
0x4D4D , 5440 
0x4D4D , 5426 
0x4D4D , 5370 
0x4D4D , 5436 
0x4D4D , 5431 
0x4D4D , 5454 
0x4D4D , 5422 
0x4D4D , 5445 
0x4D4D , 5431 
0x4D4D , 5403 
0x4D4D , 5417 
0x4D4D , 5417 
0x4D4D , 5450 
0x4D4D , 5426 
0x4D4D , 5398 
0x4D4D , 5426 
0x4D4D , 5459 
0x4D4D , 5436 
0x4D4D , 5436 
0x4D4D , 5389 
0x4D4D , 5347 
0x4D4D , 5436 
0x4D4D , 5431 
0x4D4D , 5417 
0x4D4D , 5407 
0x4D4D , 5454 
0x4D4D , 5440 
0x4D4D , 5403 
0x4D4D , 5445 
0x4D4D , 5407 
0x4D4D , 5445 
0x4D4D , 5454 
0x4D4D , 5459 
0x4D4D , 5393 
0x4D4D , 5422 
0x4D4D , 5412 
0x4D4D , 5426 
0x4D4D , 5403 
0x4D4D , 5450 
0x4D4D , 5412 
0x4D4D , 5412 
0x4D4D , 5459 
0x4D4D , 5436 
0x4D4D , 5407 
0x4D4D , 5403 
0x4D4D , 5407 
0x4D4D , 5440 
0x4D4D , 5440 
0x4D4D , 5398 
0x4D4D , 5436 
0x4D4D , 5445 
0x4D4D , 5398 
0x4D4D , 5445 
0x4D4D , 5450 
0x4D4D , 5398 
0x4D4D , 5407 
0x4D4D , 5422 
0x4D4D , 5450 
0x4D4D , 5426 
0x4D4D , 5384 
0x4D4D , 5431 
0x4D4D , 5403 
0x4D4D , 5422 
0x4D4D , 5454 
0x4D4D , 5398 
0x4D4D , 5492 
0x4D4D , 5459 
0x4D4D , 5445 
0x4D4D , 5436 
0x4D4D , 5445 
0x4D4D , 5459 
0x4D4D , 5459 
0x4D4D , 5370 
0x4D4D , 5403 
0x4D4D , 5379 
0x4D4D , 5379 
0x4D4D , 5375 
0x4D4D , 5464 
0x4D4D , 5379 
0x4D4D , 5454 
0x4D4D , 5403 
0x4D4D , 5375 
0x4D4D , 5454 
0x4D4D , 5407 
0x4D4D , 5389 
0x4D4D , 5398 
0x4D4D , 5426 
0x4D4D , 5398 
0x4D4D , 5520 
0x4D4D , 5417 
0x4D4D , 5459 
0x4D4D , 5412 
0x4D4D , 5384 
0x4D4D , 5412 
0x4D4D , 5393 
0x4D4D , 5454 
0x4D4D , 5393 
0x4D4D , 5445 
0x4D4D , 5361 
0x4D4D , 5403 
0x4D4D , 5365 
0x4D4D , 5426 
0x4D4D , 5426 
0x4D4D , 5487 
0x4D4D , 5417 
0x4D4D , 5417 
0x4D4D , 5431 
0x4D4D , 5398 
0x4D4D , 5487 
0x4D4D , 5422 
0x4D4D , 5464 
0x4D4D , 5440 
0x4D4D , 5431 
0x4D4D , 5422 
0x4D4D , 5436 
0x4D4D , 5431 
0x4D4D , 5426 
0x4D4D , 5384 
0x4D4D , 5403 
0x4D4D , 5384 
0x4D4D , 5365 
0x4D4D , 5407 
0x4D4D , 5389 
0x4D4D , 5426 
0x4D4D , 5426 
0x4D4D , 5431 
0x4D4D , 5403 
0x4D4D , 5436 
0x4D4D , 5440 
0x4D4D , 5468 
0x4D4D , 5375 
0x4D4D , 5398 
0x4D4D , 5440 
0x4D4D , 5422 
0x4D4D , 5445 
0x4D4D , 5412 
0x4D4D , 5426 
0x4D4D , 5403 
0x4D4D , 5412 
0x4D4D , 5398 
0x4D4D , 5426 
0x4D4D , 5398 
0x4D4D , 5450 
0x4D4D , 5412 
0x4D4D , 5389 
0x4D4D , 5445 
0x4D4D , 5407 
0x4D4D , 5389 
0x4D4D , 5407 
0x4D4D , 5464 
0x4D4D , 5445 
0x4D4D , 5403 
0x4D4D , 5384 
0x4D4D , 5379 
0x4D4D , 5422 
0x4D4D , 5412 
0x4D4D , 5417 
0x4D4D , 5426 
0x4D4D , 5454 
0x4D4D , 5379 
0x4D4D , 5393 
0x4D4D , 5412 
0x4D4D , 5393 
0x4D4D , 5422 
0x4D4D , 5389 
0x4D4D , 5440 
0x4D4D , 5417 
0x4D4D , 5412 
0x4D4D , 5426 
0x4D4D , 5412 
0x4D4D , 5389 
0x4D4D , 5478 
0x4D4D , 5403 
0x4D4D , 5431 
0x4D4D , 5403 
0x4D4D , 5412 
0x4D4D , 5445 
0x4D4D , 5417 
0x4D4D , 5417 
0x4D4D , 5393 
0x4D4D , 5431 
0x4D4D , 5422 
0x4D4D , 5379 
0x4D4D , 5389 
0x4D4D , 5342 
0x4D4D , 5450 
0x4D4D , 5407 
0x4D4D , 5417 
0x4D4D , 5407 
0x4D4D , 5403 
0x4D4D , 5422 
0x4D4D , 5370 
0x4D4D , 5393 
0x4D4D , 5459 
0x4D4D , 5379 
0x4D4D , 5365 
0x4D4D , 5407 
0x4D4D , 5403 
0x4D4D , 5407 
0x4D4D , 5459 
0x4D4D , 5384 
0x4D4D , 5389 
0x4D4D , 5389 
0x4D4D , 5403 
0x4D4D , 5403 
0x4D4D , 5384 
0x4D4D , 5426 
0x4D4D , 5398 
0x4D4D , 5412 
0x4D4D , 5426 
0x4D4D , 5379 
0x4D4D , 5422 
0x4D4D , 5398 
0x4D4D , 5403 
0x4D4D , 5412 
0x4D4D , 5393 
0x4D4D , 5389 
0x4D4D , 5389 
0x4D4D , 5361 
0x4D4D , 5389 
0x4D4D , 5417 
0x4D4D , 5426 
0x4D4D , 5375 
0x4D4D , 5426 
0x4D4D , 5403 
0x4D4D , 5412 
0x4D4D , 5384 
0x4D4D , 5407 
0x4D4D , 5365 
0x4D4D , 5375 
0x4D4D , 5417 
0x4D4D , 5365 
0x4D4D , 5370 
0x4D4D , 5440 
0x4D4D , 5389 
0x4D4D , 5375 
0x4D4D , 5398 
0x4D4D , 5403 
0x4D4D , 5379 
0x4D4D , 5370 
0x4D4D , 5393 
0x4D4D , 5440 
0x4D4D , 5403 
0x4D4D , 5407 
0x4D4D , 5389 
0x4D4D , 5450 
0x4D4D , 5426 
0x4D4D , 5398 
0x4D4D , 5393 
0x4D4D , 5379 
0x4D4D , 5379 
0x4D4D , 5393 
0x4D4D , 5412 
0x4D4D , 5398 
0x4D4D , 5361 
0x4D4D , 5454 
0x4D4D , 5445 
0x4D4D , 5426 
0x4D4D , 5417 
0x4D4D , 5403 
0x4D4D , 5407 
0x4D4D , 5431 
0x4D4D , 5412 
0x4D4D , 5384 
0x4D4D , 5393 
0x4D4D , 5431 
0x4D4D , 5403 
0x4D4D , 5370 
0x4D4D , 5417 
0x4D4D , 5407 
0x4D4D , 5407 
0x4D4D , 5393 
0x4D4D , 5403 
0x4D4D , 5375 
0x4D4D , 5398 
0x4D4D , 5398 
0x4D4D , 5389 
0x4D4D , 5440 
0x4D4D , 5370 
0x4D4D , 5403 
0x4D4D , 5332 
0x4D4D , 5412 
0x4D4D , 5403 
0x4D4D , 5393 
0x4D4D , 5393 
0x4D4D , 5417 
0x4D4D , 5393 
0x4D4D , 5361 
0x4D4D , 5347 
0x4D4D , 5384 
0x4D4D , 5422 
0x4D4D , 5370 
0x4D4D , 5431 
0x4D4D , 5356 
0x4D4D , 5393 
0x4D4D , 5379 
0x4D4D , 5375 
0x4D4D , 5393 
0x4D4D , 5389 
0x4D4D , 5365 
0x4D4D , 5393 
0x4D4D , 5436 
0x4D4D , 5407 
0x4D4D , 5417 
0x4D4D , 5412 
0x4D4D , 5393 
0x4D4D , 5398 
0x4D4D , 5398 
0x4D4D , 5337 
0x4D4D , 5407 
0x4D4D , 5375 
0x4D4D , 5347 
0x4D4D , 5361 
0x4D4D , 5379 
0x4D4D , 5436 
0x4D4D , 5370 
0x4D4D , 5407 
0x4D4D , 5412 
0x4D4D , 5384 
0x4D4D , 5417 
0x4D4D , 5403 
0x4D4D , 5365 
0x4D4D , 5379 
0x4D4D , 5342 
0x4D4D , 5422 
0x4D4D , 5417 
0x4D4D , 5398 
0x4D4D , 5398 
0x4D4D , 5440 
0x4D4D , 5393 
0x4D4D , 5361 
0x4D4D , 5393 
0x4D4D , 5370 
0x4D4D , 5351 
0x4D4D , 5384 
0x4D4D , 5370 
0x4D4D , 5412 
0x4D4D , 5337 
0x4D4D , 5403 
0x4D4D , 5393 
0x4D4D , 5403 
0x4D4D , 5379 
0x4D4D , 5356 
0x4D4D , 5384 
0x4D4D , 5398 
0x4D4D , 5389 
0x4D4D , 5417 
0x4D4D , 5398 
0x4D4D , 5426 
0x4D4D , 5384 
0x4D4D , 5351 
0x4D4D , 5384 
0x4D4D , 5417 
0x4D4D , 5422 
0x4D4D , 5398 
0x4D4D , 5375 
0x4D4D , 5389 
0x4D4D , 5389 
0x4D4D , 5389 
0x4D4D , 5375 
0x4D4D , 5379 
0x4D4D , 5440 
0x4D4D , 5412 
0x4D4D , 5393 
0x4D4D , 5384 
0x4D4D , 5393 
0x4D4D , 5379 
0x4D4D , 5351 
0x4D4D , 5426 
0x4D4D , 5403 
0x4D4D , 5431 
0x4D4D , 5422 
0x4D4D , 5417 
0x4D4D , 5384 
0x4D4D , 5384 
0x4D4D , 5478 
0x4D4D , 5379 
0x4D4D , 5375 
0x4D4D , 5365 
0x4D4D , 5422 
0x4D4D , 5384 
0x4D4D , 5417 
0x4D4D , 5403 
0x4D4D , 5375 
0x4D4D , 5398 
0x4D4D , 5403 
0x4D4D , 5403 
0x4D4D , 5422 
0x4D4D , 5351 
0x4D4D , 5398 
0x4D4D , 5379 
0x4D4D , 5393 
0x4D4D , 5389 
0x4D4D , 5412 
0x4D4D , 5398 
0x4D4D , 5347 
0x4D4D , 5361 
0x4D4D , 5375 
0x4D4D , 5426 
0x4D4D , 5450 
0x4D4D , 5370 
0x4D4D , 5332 
0x4D4D , 5398 
0x4D4D , 5389 
0x4D4D , 5337 
0x4D4D , 5389 
0x4D4D , 5389 
0x4D4D , 5398 
0x4D4D , 5351 
0x4D4D , 5365 
0x4D4D , 5347 
0x4D4D , 5412 
0x4D4D , 5426 
0x4D4D , 5361 
0x4D4D , 5318 
0x4D4D , 5393 
0x4D4D , 5440 
0x4D4D , 5454 
0x4D4D , 5412 
0x4D4D , 5426 

0x5A5A , 5398 
0x5A5A , 5417 
0x5A5A , 5445 
0x5A5A , 5384 
0x5A5A , 5431 
0x5A5A , 5417 
0x5A5A , 5403 
0x5A5A , 5403 
0x5A5A , 5361 
0x5A5A , 5384 
0x5A5A , 5384 
0x5A5A , 5370 
0x5A5A , 5417 
0x5A5A , 5436 
0x5A5A , 5403 
0x5A5A , 5403 
0x5A5A , 5389 
0x5A5A , 5379 
0x5A5A , 5393 
0x5A5A , 5318 
0x5A5A , 5356 
0x5A5A , 5407 
0x5A5A , 5422 
0x5A5A , 5365 
0x5A5A , 5351 
0x5A5A , 5337 
0x5A5A , 5412 
0x5A5A , 5347 
0x5A5A , 5365 
0x5A5A , 5379 
0x5A5A , 5379 
0x5A5A , 5375 
0x5A5A , 5356 
0x5A5A , 5342 
0x5A5A , 5393 
0x5A5A , 5370 
0x5A5A , 5403 
0x5A5A , 5407 
0x5A5A , 5384 
0x5A5A , 5375 
0x5A5A , 5407 
0x5A5A , 5356 
0x5A5A , 5365 
0x5A5A , 5403 
0x5A5A , 5375 
0x5A5A , 5347 
0x5A5A , 5300 
0x5A5A , 5389 
0x5A5A , 5436 
0x5A5A , 5361 
0x5A5A , 5356 
0x5A5A , 5384 
0x5A5A , 5365 
0x5A5A , 5379 
0x5A5A , 5375 
0x5A5A , 5323 
0x5A5A , 5370 
0x5A5A , 5393 
0x5A5A , 5417 
0x5A5A , 5407 
0x5A5A , 5356 
0x5A5A , 5323 
0x5A5A , 5393 
0x5A5A , 5389 
0x5A5A , 5375 
0x5A5A , 5384 
0x5A5A , 5365 
0x5A5A , 5384 
0x5A5A , 5356 
0x5A5A , 5403 
0x5A5A , 5389 
0x5A5A , 5398 
0x5A5A , 5351 
0x5A5A , 5370 
0x5A5A , 5412 
0x5A5A , 5365 
0x5A5A , 5375 
0x5A5A , 5375 
0x5A5A , 5318 
0x5A5A , 5407 
0x5A5A , 5393 
0x5A5A , 5323 
0x5A5A , 5356 
0x5A5A , 5365 
0x5A5A , 5375 
0x5A5A , 5351 
0x5A5A , 5384 
0x5A5A , 5393 
0x5A5A , 5384 
0x5A5A , 5398 
0x5A5A , 5389 
0x5A5A , 5417 
0x5A5A , 5393 
0x5A5A , 5403 
0x5A5A , 5342 
0x5A5A , 5370 
0x5A5A , 5375 
0x5A5A , 5365 
0x5A5A , 5365 
0x5A5A , 5384 
0x5A5A , 5422 
0x5A5A , 5375 
0x5A5A , 5398 
0x5A5A , 5361 
0x5A5A , 5379 
0x5A5A , 5356 
0x5A5A , 5370 
0x5A5A , 5370 
0x5A5A , 5403 
0x5A5A , 5351 
0x5A5A , 5403 
0x5A5A , 5347 
0x5A5A , 5314 
0x5A5A , 5318 
0x5A5A , 5351 
0x5A5A , 5347 
0x5A5A , 5384 
0x5A5A , 5337 
0x5A5A , 5342 
0x5A5A , 5347 
0x5A5A , 5422 
0x5A5A , 5347 
0x5A5A , 5370 
0x5A5A , 5361 
0x5A5A , 5379 
0x5A5A , 5323 
0x5A5A , 5412 
0x5A5A , 5384 
0x5A5A , 5332 
0x5A5A , 5379 
0x5A5A , 5365 
0x5A5A , 5365 
0x5A5A , 5342 
0x5A5A , 5375 
0x5A5A , 5379 
0x5A5A , 5328 
0x5A5A , 5384 
0x5A5A , 5281 
0x5A5A , 5286 
0x5A5A , 5389 
0x5A5A , 5318 
0x5A5A , 5332 
0x5A5A , 5332 
0x5A5A , 5389 
0x5A5A , 5361 
0x5A5A , 5351 
0x5A5A , 5370 
0x5A5A , 5384 
0x5A5A , 5337 
0x5A5A , 5393 
0x5A5A , 5398 
0x5A5A , 5314 
0x5A5A , 5342 
0x5A5A , 5422 
0x5A5A , 5342 
0x5A5A , 5370 
0x5A5A , 5384 
0x5A5A , 5332 
0x5A5A , 5318 
0x5A5A , 5370 
0x5A5A , 5398 
0x5A5A , 5393 
0x5A5A , 5431 
0x5A5A , 5309 
0x5A5A , 5370 
0x5A5A , 5323 
0x5A5A , 5422 
0x5A5A , 5384 
0x5A5A , 5379 
0x5A5A , 5370 
0x5A5A , 5393 
0x5A5A , 5393 
0x5A5A , 5300 
0x5A5A , 5304 
0x5A5A , 5407 
0x5A5A , 5281 
0x5A5A , 5384 
0x5A5A , 5365 
0x5A5A , 5407 
0x5A5A , 5323 
0x5A5A , 5370 
0x5A5A , 5398 
0x5A5A , 5379 
0x5A5A , 5384 
0x5A5A , 5342 
0x5A5A , 5389 
0x5A5A , 5356 
0x5A5A , 5393 
0x5A5A , 5384 
0x5A5A , 5375 
0x5A5A , 5412 
0x5A5A , 5417 
0x5A5A , 5440 
0x5A5A , 5361 
0x5A5A , 5347 
0x5A5A , 5389 
0x5A5A , 5398 
0x5A5A , 5389 
0x5A5A , 5403 
0x5A5A , 5356 
0x5A5A , 5389 
0x5A5A , 5389 
0x5A5A , 5445 
0x5A5A , 5351 
0x5A5A , 5379 
0x5A5A , 5351 
0x5A5A , 5347 
0x5A5A , 5384 
0x5A5A , 5361 
0x5A5A , 5356 
0x5A5A , 5347 
0x5A5A , 5375 
0x5A5A , 5356 
0x5A5A , 5347 
0x5A5A , 5379 
0x5A5A , 5342 
0x5A5A , 5384 
0x5A5A , 5351 
0x5A5A , 5332 
0x5A5A , 5318 
0x5A5A , 5398 
0x5A5A , 5375 
0x5A5A , 5436 
0x5A5A , 5365 
0x5A5A , 5407 
0x5A5A , 5342 
0x5A5A , 5356 
0x5A5A , 5393 
0x5A5A , 5379 
0x5A5A , 5389 
0x5A5A , 5365 
0x5A5A , 5351 
0x5A5A , 5389 
0x5A5A , 5393 
0x5A5A , 5403 
0x5A5A , 5393 
0x5A5A , 5407 
0x5A5A , 5361 
0x5A5A , 5356 
0x5A5A , 5337 
0x5A5A , 5407 
0x5A5A , 5356 
0x5A5A , 5398 
0x5A5A , 5342 
0x5A5A , 5379 
0x5A5A , 5436 
0x5A5A , 5375 
0x5A5A , 5361 
0x5A5A , 5417 
0x5A5A , 5379 
0x5A5A , 5398 
0x5A5A , 5393 
0x5A5A , 5384 
0x5A5A , 5361 
0x5A5A , 5389 
0x5A5A , 5365 
0x5A5A , 5332 
0x5A5A , 5370 
0x5A5A , 5403 
0x5A5A , 5407 
0x5A5A , 5375 
0x5A5A , 5361 
0x5A5A , 5351 
0x5A5A , 5332 
0x5A5A , 5347 
0x5A5A , 5370 
0x5A5A , 5389 
0x5A5A , 5351 
0x5A5A , 5347 
0x5A5A , 5407 
0x5A5A , 5332 
0x5A5A , 5351 
0x5A5A , 5398 
0x5A5A , 5403 
0x5A5A , 5389 
0x5A5A , 5384 
0x5A5A , 5393 
0x5A5A , 5356 
0x5A5A , 5356 
0x5A5A , 5384 
0x5A5A , 5342 
0x5A5A , 5370 
0x5A5A , 5351 
0x5A5A , 5379 
0x5A5A , 5393 
0x5A5A , 5365 
0x5A5A , 5356 
0x5A5A , 5379 
0x5A5A , 5426 
0x5A5A , 5318 
0x5A5A , 5375 
0x5A5A , 5356 
0x5A5A , 5342 
0x5A5A , 5342 
0x5A5A , 5361 
0x5A5A , 5342 
0x5A5A , 5384 
0x5A5A , 5323 
0x5A5A , 5389 
0x5A5A , 5379 
0x5A5A , 5365 
0x5A5A , 5375 
0x5A5A , 5342 
0x5A5A , 5361 
0x5A5A , 5370 
0x5A5A , 5347 
0x5A5A , 5337 
0x5A5A , 5356 
0x5A5A , 5393 
0x5A5A , 5398 
0x5A5A , 5332 
0x5A5A , 5370 
0x5A5A , 5417 
0x5A5A , 5398 
0x5A5A , 5393 
0x5A5A , 5356 
0x5A5A , 5384 
0x5A5A , 5332 
0x5A5A , 5356 
0x5A5A , 5309 
0x5A5A , 5379 
0x5A5A , 5332 
0x5A5A , 5384 
0x5A5A , 5370 
0x5A5A , 5384 
0x5A5A , 5370 
0x5A5A , 5342 
0x5A5A , 5337 
0x5A5A , 5347 
0x5A5A , 5356 
0x5A5A , 5351 
0x5A5A , 5337 
0x5A5A , 5370 
0x5A5A , 5347 
0x5A5A , 5365 
0x5A5A , 5389 
0x5A5A , 5417 
0x5A5A , 5351 
0x5A5A , 5412 
0x5A5A , 5351 
0x5A5A , 5375 
0x5A5A , 5337 
0x5A5A , 5384 
0x5A5A , 5407 
0x5A5A , 5342 
0x5A5A , 5375 
0x5A5A , 5351 
0x5A5A , 5304 
0x5A5A , 5370 
0x5A5A , 5389 
0x5A5A , 5351 
0x5A5A , 5361 
0x5A5A , 5379 
0x5A5A , 5351 
0x5A5A , 5337 
0x5A5A , 5337 
0x5A5A , 5361 
0x5A5A , 5393 
0x5A5A , 5332 
0x5A5A , 5361 
0x5A5A , 5328 
0x5A5A , 5403 
0x5A5A , 5361 
0x5A5A , 5379 
0x5A5A , 5361 
0x5A5A , 5332 
0x5A5A , 5342 
0x5A5A , 5347 
0x5A5A , 5323 
0x5A5A , 5332 
0x5A5A , 5347 
0x5A5A , 5384 
0x5A5A , 5332 
0x5A5A , 5398 
0x5A5A , 5304 
0x5A5A , 5379 
0x5A5A , 5351 
0x5A5A , 5337 
0x5A5A , 5347 
0x5A5A , 5332 
0x5A5A , 5318 
0x5A5A , 5361 
0x5A5A , 5431 
0x5A5A , 5422 
0x5A5A , 5356 
0x5A5A , 5361 
0x5A5A , 5365 
0x5A5A , 5370 
0x5A5A , 5370 
0x5A5A , 5440 
0x5A5A , 5361 
0x5A5A , 5356 
0x5A5A , 5328 
0x5A5A , 5337 
0x5A5A , 5290 
0x5A5A , 5384 
0x5A5A , 5351 
0x5A5A , 5351 
0x5A5A , 5351 
0x5A5A , 5375 
0x5A5A , 5393 
0x5A5A , 5361 
0x5A5A , 5375 
0x5A5A , 5407 
0x5A5A , 5356 
0x5A5A , 5342 
0x5A5A , 5351 
0x5A5A , 5412 
0x5A5A , 5337 
0x5A5A , 5379 
0x5A5A , 5347 
0x5A5A , 5370 
0x5A5A , 5323 
0x5A5A , 5323 
0x5A5A , 5361 
0x5A5A , 5309 
0x5A5A , 5328 
0x5A5A , 5370 
0x5A5A , 5370 
0x5A5A , 5332 
0x5A5A , 5351 
0x5A5A , 5379 
0x5A5A , 5361 
0x5A5A , 0 
0x5A5A , 5337 
0x5A5A , 5337 
0x5A5A , 5337 
0x5A5A , 5351 
0x5A5A , 5361 
0x5A5A , 5351 
0x5A5A , 5347 
0x5A5A , 5403 
0x5A5A , 5332 
0x5A5A , 5370 
0x5A5A , 5323 
0x5A5A , 5398 
0x5A5A , 5342 
0x5A5A , 5351 
0x5A5A , 5351 
0x5A5A , 5290 
0x5A5A , 5365 
0x5A5A , 5365 
0x5A5A , 5370 
0x5A5A , 5342 
0x5A5A , 5290 
0x5A5A , 5356 
0x5A5A , 5365 
0x5A5A , 5332 
0x5A5A , 5361 
0x5A5A , 5328 
0x5A5A , 5361 
0x5A5A , 5332 
0x5A5A , 5342 
0x5A5A , 5403 
0x5A5A , 5375 
0x5A5A , 5384 
0x5A5A , 5337 
0x5A5A , 5375 
0x5A5A , 5403 
0x5A5A , 5304 
0x5A5A , 5375 
0x5A5A , 5398 
0x5A5A , 5370 
0x5A5A , 5379 
0x5A5A , 5347 
0x5A5A , 5337 
0x5A5A , 5332 
0x5A5A , 5398 
0x5A5A , 5309 
0x5A5A , 5300 
0x5A5A , 5361 
0x5A5A , 5365 
0x5A5A , 5314 
0x5A5A , 5332 
0x5A5A , 5365 
0x5A5A , 5365 
0x5A5A , 5398 
0x5A5A , 5403 
0x5A5A , 5342 
0x5A5A , 5370 
0x5A5A , 5342 
0x5A5A , 5379 
0x5A5A , 5389 
0x5A5A , 5379 
0x5A5A , 5361 
0x5A5A , 5370 
0x5A5A , 0 
0x5A5A , 5356 
0x5A5A , 5361 
0x5A5A , 5318 
0x5A5A , 5370 
0x5A5A , 5370 
0x5A5A , 5361 
0x5A5A , 5398 
0x5A5A , 5370 
0x5A5A , 5356 
0x5A5A , 5384 
0x5A5A , 5356 
0x5A5A , 5412 

0x6E6E , 5590 
0x6E6E , 5558 
0x6E6E , 5595 
0x6E6E , 5614 
0x6E6E , 5623 
0x6E6E , 5590 
0x6E6E , 5586 
0x6E6E , 5590 
0x6E6E , 5595 
0x6E6E , 5576 
0x6E6E , 5604 
0x6E6E , 5609 
0x6E6E , 5576 
0x6E6E , 5609 
0x6E6E , 5633 
0x6E6E , 5604 
0x6E6E , 5548 
0x6E6E , 5581 
0x6E6E , 5637 
0x6E6E , 5614 
0x6E6E , 5609 
0x6E6E , 5590 
0x6E6E , 5586 
0x6E6E , 5637 
0x6E6E , 5595 
0x6E6E , 5572 
0x6E6E , 5590 
0x6E6E , 5604 
0x6E6E , 5600 
0x6E6E , 5604 
0x6E6E , 5558 
0x6E6E , 5628 
0x6E6E , 5614 
0x6E6E , 5590 
0x6E6E , 5590 
0x6E6E , 5562 
0x6E6E , 5633 
0x6E6E , 5581 
0x6E6E , 5614 
0x6E6E , 5572 
0x6E6E , 5623 
0x6E6E , 5609 
0x6E6E , 5604 
0x6E6E , 5600 
0x6E6E , 5544 
0x6E6E , 5637 
0x6E6E , 5595 
0x6E6E , 5586 
0x6E6E , 5590 
0x6E6E , 5586 
0x6E6E , 5558 
0x6E6E , 5600 
0x6E6E , 5576 
0x6E6E , 5642 
0x6E6E , 5567 
0x6E6E , 5567 
0x6E6E , 5614 
0x6E6E , 5600 
0x6E6E , 5534 
0x6E6E , 5558 
0x6E6E , 5553 
0x6E6E , 5590 
0x6E6E , 5572 
0x6E6E , 5633 
0x6E6E , 5600 
0x6E6E , 5595 
0x6E6E , 5581 
0x6E6E , 5581 
0x6E6E , 5581 
0x6E6E , 5544 
0x6E6E , 5562 
0x6E6E , 5581 
0x6E6E , 5567 
0x6E6E , 5544 
0x6E6E , 5623 
0x6E6E , 5562 
0x6E6E , 5558 
0x6E6E , 5581 
0x6E6E , 5623 
0x6E6E , 5576 
0x6E6E , 5558 
0x6E6E , 5604 
0x6E6E , 5604 
0x6E6E , 5604 
0x6E6E , 5562 
0x6E6E , 5572 
0x6E6E , 5562 
0x6E6E , 5544 
0x6E6E , 5586 
0x6E6E , 5600 
0x6E6E , 5590 
0x6E6E , 5600 
0x6E6E , 5623 
0x6E6E , 5595 
0x6E6E , 5642 
0x6E6E , 5581 
0x6E6E , 5586 
0x6E6E , 5604 
0x6E6E , 5623 
0x6E6E , 5590 
0x6E6E , 5567 
0x6E6E , 5567 
0x6E6E , 5572 
0x6E6E , 5604 
0x6E6E , 5595 
0x6E6E , 5586 
0x6E6E , 5595 
0x6E6E , 5581 
0x6E6E , 5567 
0x6E6E , 5637 
0x6E6E , 5609 
0x6E6E , 5586 
0x6E6E , 5576 
0x6E6E , 5553 
0x6E6E , 5595 
0x6E6E , 5581 
0x6E6E , 5604 
0x6E6E , 5567 
0x6E6E , 5572 
0x6E6E , 5572 
0x6E6E , 5539 
0x6E6E , 5567 
0x6E6E , 5623 
0x6E6E , 5581 
0x6E6E , 5567 
0x6E6E , 5553 
0x6E6E , 5600 
0x6E6E , 5548 
0x6E6E , 5581 
0x6E6E , 5553 
0x6E6E , 5590 
0x6E6E , 5600 
0x6E6E , 5558 
0x6E6E , 5590 
0x6E6E , 5586 
0x6E6E , 5581 
0x6E6E , 5619 
0x6E6E , 5623 
0x6E6E , 5609 
0x6E6E , 5586 
0x6E6E , 5572 
0x6E6E , 5548 
0x6E6E , 5586 
0x6E6E , 5600 
0x6E6E , 5562 
0x6E6E , 5600 
0x6E6E , 5525 
0x6E6E , 5590 
0x6E6E , 5581 
0x6E6E , 5576 
0x6E6E , 5609 
0x6E6E , 5600 
0x6E6E , 5614 
0x6E6E , 5586 
0x6E6E , 5586 
0x6E6E , 5576 
0x6E6E , 5572 
0x6E6E , 5581 
0x6E6E , 5539 
0x6E6E , 5581 
0x6E6E , 5539 
0x6E6E , 5604 
0x6E6E , 5553 
0x6E6E , 5581 
0x6E6E , 5590 
0x6E6E , 5562 
0x6E6E , 5586 
0x6E6E , 5609 
0x6E6E , 5572 
0x6E6E , 5576 
0x6E6E , 5604 
0x6E6E , 5595 
0x6E6E , 5581 
0x6E6E , 5581 
0x6E6E , 5614 
0x6E6E , 5572 
0x6E6E , 5534 
0x6E6E , 5544 
0x6E6E , 5548 
0x6E6E , 5576 
0x6E6E , 5586 
0x6E6E , 5600 
0x6E6E , 5581 
0x6E6E , 5572 
0x6E6E , 5529 
0x6E6E , 5595 
0x6E6E , 5576 
0x6E6E , 5576 
0x6E6E , 5590 
0x6E6E , 5572 
0x6E6E , 5586 
0x6E6E , 5572 
0x6E6E , 5567 
0x6E6E , 5562 
0x6E6E , 5586 
0x6E6E , 5562 
0x6E6E , 5558 
0x6E6E , 5619 
0x6E6E , 5595 
0x6E6E , 5604 
0x6E6E , 5642 
0x6E6E , 5600 
0x6E6E , 5576 
0x6E6E , 5590 
0x6E6E , 5572 
0x6E6E , 5581 
0x6E6E , 5576 
0x6E6E , 5572 
0x6E6E , 5572 
0x6E6E , 5576 
0x6E6E , 5553 
0x6E6E , 5581 
0x6E6E , 5553 
0x6E6E , 5586 
0x6E6E , 5576 
0x6E6E , 5581 
0x6E6E , 5619 
0x6E6E , 5548 
0x6E6E , 5576 
0x6E6E , 5609 
0x6E6E , 5567 
0x6E6E , 5595 
0x6E6E , 5595 
0x6E6E , 5576 
0x6E6E , 5586 
0x6E6E , 5553 
0x6E6E , 5609 
0x6E6E , 5590 
0x6E6E , 5562 
0x6E6E , 5590 
0x6E6E , 5590 
0x6E6E , 5604 
0x6E6E , 5581 
0x6E6E , 5581 
0x6E6E , 5544 
0x6E6E , 5562 
0x6E6E , 5595 
0x6E6E , 5553 
0x6E6E , 5544 
0x6E6E , 5586 
0x6E6E , 5590 
0x6E6E , 5562 
0x6E6E , 5576 
0x6E6E , 5609 
0x6E6E , 5562 
0x6E6E , 5581 
0x6E6E , 5586 
0x6E6E , 5558 
0x6E6E , 5525 
0x6E6E , 5544 
0x6E6E , 5595 
0x6E6E , 5647 
0x6E6E , 5614 
0x6E6E , 5576 
0x6E6E , 5562 
0x6E6E , 5576 
0x6E6E , 5581 
0x6E6E , 5553 
0x6E6E , 5553 
0x6E6E , 5628 
0x6E6E , 5576 
0x6E6E , 5595 
0x6E6E , 5544 
0x6E6E , 5581 
0x6E6E , 5539 
0x6E6E , 5609 
0x6E6E , 5567 
0x6E6E , 5600 
0x6E6E , 5562 
0x6E6E , 5586 
0x6E6E , 5595 
0x6E6E , 5581 
0x6E6E , 5604 
0x6E6E , 5600 
0x6E6E , 5614 
0x6E6E , 5586 
0x6E6E , 5567 
0x6E6E , 5604 
0x6E6E , 5586 
0x6E6E , 5604 
0x6E6E , 5553 
0x6E6E , 5619 
0x6E6E , 5553 
0x6E6E , 5604 
0x6E6E , 5572 
0x6E6E , 5567 
0x6E6E , 5600 
0x6E6E , 5600 
0x6E6E , 5567 
0x6E6E , 5586 
0x6E6E , 5581 
0x6E6E , 5553 
0x6E6E , 5595 
0x6E6E , 5586 
0x6E6E , 5572 
0x6E6E , 5539 
0x6E6E , 5558 
0x6E6E , 5595 
0x6E6E , 5614 
0x6E6E , 5515 
0x6E6E , 5604 
0x6E6E , 5600 
0x6E6E , 5590 
0x6E6E , 5544 
0x6E6E , 5553 
0x6E6E , 5586 
0x6E6E , 5609 
0x6E6E , 5604 
0x6E6E , 5590 
0x6E6E , 5544 
0x6E6E , 5553 
0x6E6E , 5619 
0x6E6E , 5548 
0x6E6E , 5604 
0x6E6E , 5604 
0x6E6E , 5590 
0x6E6E , 5614 
0x6E6E , 5572 
0x6E6E , 5553 
0x6E6E , 5534 
0x6E6E , 5562 
0x6E6E , 5614 
0x6E6E , 5576 
0x6E6E , 5567 
0x6E6E , 5586 
0x6E6E , 5581 
0x6E6E , 5586 
0x6E6E , 5525 
0x6E6E , 5567 
0x6E6E , 5590 
0x6E6E , 5595 
0x6E6E , 5586 
0x6E6E , 5534 
0x6E6E , 5558 
0x6E6E , 5581 
0x6E6E , 5628 
0x6E6E , 5581 
0x6E6E , 5590 
0x6E6E , 5558 
0x6E6E , 5539 
0x6E6E , 5595 
0x6E6E , 5600 
0x6E6E , 5534 
0x6E6E , 5604 
0x6E6E , 5576 
0x6E6E , 5576 
0x6E6E , 5633 
0x6E6E , 5581 
0x6E6E , 5572 
0x6E6E , 5586 
0x6E6E , 5525 
0x6E6E , 5567 
0x6E6E , 5604 
0x6E6E , 5553 
0x6E6E , 5553 
0x6E6E , 5586 
0x6E6E , 5562 
0x6E6E , 5590 
0x6E6E , 5567 
0x6E6E , 5586 
0x6E6E , 5562 
0x6E6E , 5558 
0x6E6E , 5581 
0x6E6E , 5581 
0x6E6E , 5586 
0x6E6E , 5562 
0x6E6E , 5623 
0x6E6E , 5567 
0x6E6E , 5595 
0x6E6E , 5623 
0x6E6E , 5553 
0x6E6E , 5595 
0x6E6E , 5567 
0x6E6E , 5572 
0x6E6E , 5558 
0x6E6E , 5586 
0x6E6E , 5548 
0x6E6E , 5576 
0x6E6E , 5572 
0x6E6E , 5595 
0x6E6E , 5553 
0x6E6E , 5633 
0x6E6E , 5600 
0x6E6E , 5600 
0x6E6E , 5609 
0x6E6E , 5576 
0x6E6E , 5604 
0x6E6E , 5567 
0x6E6E , 5572 
0x6E6E , 5633 
0x6E6E , 5614 
0x6E6E , 5614 
0x6E6E , 5572 
0x6E6E , 5576 
0x6E6E , 5600 
0x6E6E , 5529 
0x6E6E , 5595 
0x6E6E , 5576 
0x6E6E , 5604 
0x6E6E , 5609 
0x6E6E , 5633 
0x6E6E , 5576 
0x6E6E , 5487 
0x6E6E , 5562 
0x6E6E , 5628 
0x6E6E , 5600 
0x6E6E , 5614 
0x6E6E , 5586 
0x6E6E , 5572 
0x6E6E , 5572 
0x6E6E , 5633 
0x6E6E , 5604 
0x6E6E , 5576 
0x6E6E , 5567 
0x6E6E , 5576 
0x6E6E , 5520 
0x6E6E , 5562 
0x6E6E , 5558 
0x6E6E , 5544 
0x6E6E , 5604 
0x6E6E , 5562 
0x6E6E , 5558 
0x6E6E , 5567 
0x6E6E , 5590 
0x6E6E , 5586 
0x6E6E , 5586 
0x6E6E , 5558 
0x6E6E , 5520 
0x6E6E , 5520 
0x6E6E , 5525 
0x6E6E , 5544 
0x6E6E , 5558 
0x6E6E , 5581 
0x6E6E , 5609 
0x6E6E , 5586 
0x6E6E , 5544 
0x6E6E , 5604 
0x6E6E , 5614 
0x6E6E , 5633 
0x6E6E , 5590 
0x6E6E , 5572 
0x6E6E , 5558 
0x6E6E , 5586 
0x6E6E , 5562 
0x6E6E , 5595 
0x6E6E , 5572 
0x6E6E , 5595 
0x6E6E , 5586 
0x6E6E , 5548 
0x6E6E , 5581 
0x6E6E , 5562 
