0x1C1C , 6458 
0x1C1C , 6514 
0x1C1C , 6543 
0x1C1C , 6444 
0x1C1C , 6449 
0x1C1C , 6439 
0x1C1C , 6468 
0x1C1C , 6435 
0x1C1C , 6538 
0x1C1C , 6463 
0x1C1C , 6458 
0x1C1C , 6505 
0x1C1C , 6482 
0x1C1C , 6514 
0x1C1C , 6505 
0x1C1C , 6439 
0x1C1C , 6458 
0x1C1C , 6453 
0x1C1C , 6510 
0x1C1C , 6458 
0x1C1C , 6444 
0x1C1C , 6463 
0x1C1C , 6486 
0x1C1C , 6416 
0x1C1C , 6444 
0x1C1C , 6514 
0x1C1C , 6411 
0x1C1C , 6449 
0x1C1C , 6463 
0x1C1C , 6477 
0x1C1C , 6444 
0x1C1C , 6472 
0x1C1C , 6458 
0x1C1C , 6449 
0x1C1C , 6482 
0x1C1C , 6491 
0x1C1C , 6458 
0x1C1C , 6439 
0x1C1C , 6468 
0x1C1C , 6458 
0x1C1C , 6444 
0x1C1C , 6482 
0x1C1C , 6468 
0x1C1C , 6510 
0x1C1C , 6444 
0x1C1C , 6486 
0x1C1C , 6439 
0x1C1C , 6407 
0x1C1C , 6421 
0x1C1C , 6444 
0x1C1C , 6435 
0x1C1C , 6472 
0x1C1C , 6392 
0x1C1C , 6430 
0x1C1C , 6514 
0x1C1C , 6543 
0x1C1C , 6528 
0x1C1C , 6463 
0x1C1C , 6416 
0x1C1C , 6472 
0x1C1C , 6421 
0x1C1C , 6486 
0x1C1C , 6547 
0x1C1C , 6486 
0x1C1C , 6510 
0x1C1C , 6486 
0x1C1C , 6491 
0x1C1C , 6472 
0x1C1C , 6505 
0x1C1C , 6449 
0x1C1C , 6491 
0x1C1C , 6439 
0x1C1C , 6468 
0x1C1C , 6468 
0x1C1C , 6505 
0x1C1C , 6444 
0x1C1C , 6500 
0x1C1C , 6505 
0x1C1C , 6421 
0x1C1C , 6425 
0x1C1C , 6430 
0x1C1C , 6449 
0x1C1C , 6439 
0x1C1C , 6486 
0x1C1C , 6463 
0x1C1C , 6482 
0x1C1C , 6477 
0x1C1C , 6453 
0x1C1C , 6421 
0x1C1C , 6458 
0x1C1C , 6491 
0x1C1C , 6407 
0x1C1C , 6524 
0x1C1C , 6472 
0x1C1C , 6514 
0x1C1C , 6500 
0x1C1C , 6482 
0x1C1C , 6500 
0x1C1C , 6430 
0x1C1C , 6500 
0x1C1C , 6463 
0x1C1C , 6505 
0x1C1C , 6468 
0x1C1C , 6538 
0x1C1C , 6453 
0x1C1C , 6449 
0x1C1C , 6458 
0x1C1C , 6453 
0x1C1C , 6486 
0x1C1C , 6435 
0x1C1C , 6482 
0x1C1C , 6458 
0x1C1C , 6477 
0x1C1C , 6468 
0x1C1C , 6444 
0x1C1C , 6425 
0x1C1C , 6491 
0x1C1C , 6477 
0x1C1C , 6453 
0x1C1C , 6463 
0x1C1C , 6472 
0x1C1C , 6510 
0x1C1C , 6472 
0x1C1C , 6444 
0x1C1C , 6472 
0x1C1C , 6557 
0x1C1C , 6458 
0x1C1C , 6552 
0x1C1C , 6491 
0x1C1C , 6477 
0x1C1C , 6463 
0x1C1C , 6435 
0x1C1C , 6510 
0x1C1C , 6468 
0x1C1C , 6439 
0x1C1C , 6486 
0x1C1C , 6463 
0x1C1C , 6496 
0x1C1C , 6524 
0x1C1C , 6458 
0x1C1C , 6392 
0x1C1C , 6500 
0x1C1C , 6472 
0x1C1C , 6496 
0x1C1C , 6510 
0x1C1C , 6500 
0x1C1C , 6425 
0x1C1C , 6453 
0x1C1C , 6430 
0x1C1C , 6453 
0x1C1C , 6453 
0x1C1C , 6496 
0x1C1C , 6552 
0x1C1C , 6491 
0x1C1C , 6477 
0x1C1C , 6496 
0x1C1C , 6477 
0x1C1C , 6449 
0x1C1C , 6482 
0x1C1C , 6528 
0x1C1C , 6463 
0x1C1C , 6500 
0x1C1C , 6477 
0x1C1C , 6482 
0x1C1C , 6505 
0x1C1C , 6439 
0x1C1C , 6505 
0x1C1C , 6486 
0x1C1C , 6486 
0x1C1C , 6477 
0x1C1C , 6500 
0x1C1C , 6458 
0x1C1C , 6500 
0x1C1C , 6482 
0x1C1C , 6514 
0x1C1C , 6430 
0x1C1C , 6444 
0x1C1C , 6514 
0x1C1C , 6486 
0x1C1C , 6425 
0x1C1C , 6477 
0x1C1C , 6407 
0x1C1C , 6477 
0x1C1C , 6514 
0x1C1C , 6524 
0x1C1C , 6435 
0x1C1C , 6472 
0x1C1C , 6421 
0x1C1C , 6439 
0x1C1C , 6468 
0x1C1C , 6472 
0x1C1C , 6430 
0x1C1C , 6496 
0x1C1C , 6543 
0x1C1C , 6444 
0x1C1C , 6444 
0x1C1C , 6444 
0x1C1C , 6453 
0x1C1C , 6449 
0x1C1C , 6496 
0x1C1C , 6444 
0x1C1C , 6538 
0x1C1C , 6453 
0x1C1C , 6463 
0x1C1C , 6472 
0x1C1C , 6453 
0x1C1C , 6491 
0x1C1C , 6439 
0x1C1C , 6472 
0x1C1C , 6528 
0x1C1C , 6477 
0x1C1C , 6416 
0x1C1C , 6472 
0x1C1C , 6458 
0x1C1C , 6458 
0x1C1C , 6458 
0x1C1C , 6453 
0x1C1C , 6439 
0x1C1C , 6458 
0x1C1C , 6463 
0x1C1C , 6453 
0x1C1C , 6468 
0x1C1C , 6453 
0x1C1C , 6538 
0x1C1C , 6500 
0x1C1C , 6500 
0x1C1C , 6543 
0x1C1C , 6416 
0x1C1C , 6477 
0x1C1C , 6425 
0x1C1C , 6430 
0x1C1C , 6435 
0x1C1C , 6519 
0x1C1C , 6486 
0x1C1C , 6510 
0x1C1C , 6477 
0x1C1C , 6477 
0x1C1C , 6453 
0x1C1C , 6482 
0x1C1C , 6514 
0x1C1C , 0 
0x1C1C , 0 
0x1C1C , 0 
0x1C1C , 0 
0x1C1C , 0 
0x1C1C , 0 
0x1C1C , 0 
0x1C1C , 0 
0x1C1C , 0 
0x1C1C , 0 
0x1C1C , 0 
0x1C1C , 0 
0x1C1C , 0 
0x1C1C , 0 
0x1C1C , 0 
0x1C1C , 0 
0x1C1C , 0 
0x1C1C , 0 
0x1C1C , 0 
0x1C1C , 0 
0x1C1C , 6458 
0x1C1C , 6425 
0x1C1C , 6458 
0x1C1C , 6477 
0x1C1C , 6505 
0x1C1C , 6449 
0x1C1C , 6486 
0x1C1C , 6514 
0x1C1C , 6477 
0x1C1C , 6444 
0x1C1C , 6458 
0x1C1C , 6543 
0x1C1C , 6514 
0x1C1C , 6472 
0x1C1C , 6486 
0x1C1C , 6444 
0x1C1C , 6510 
0x1C1C , 6463 
0x1C1C , 6496 
0x1C1C , 6482 
0x1C1C , 6468 
0x1C1C , 6491 
0x1C1C , 6486 
0x1C1C , 6453 
0x1C1C , 6477 
0x1C1C , 6430 
0x1C1C , 6463 
0x1C1C , 6453 
0x1C1C , 6482 
0x1C1C , 6463 
0x1C1C , 6538 
0x1C1C , 6435 
0x1C1C , 6533 
0x1C1C , 6421 
0x1C1C , 6486 
0x1C1C , 6439 
0x1C1C , 6468 
0x1C1C , 6500 
0x1C1C , 6453 
0x1C1C , 6435 
0x1C1C , 0 
0x1C1C , 0 
0x1C1C , 0 
0x1C1C , 0 
0x1C1C , 0 
0x1C1C , 0 
0x1C1C , 0 
0x1C1C , 0 
0x1C1C , 0 
0x1C1C , 0 
0x1C1C , 0 
0x1C1C , 0 
0x1C1C , 0 
0x1C1C , 0 
0x1C1C , 0 
0x1C1C , 0 
0x1C1C , 0 
0x1C1C , 0 
0x1C1C , 0 
0x1C1C , 0 
0x1C1C , 6463 
0x1C1C , 6430 
0x1C1C , 6472 
0x1C1C , 6453 
0x1C1C , 6468 
0x1C1C , 6453 
0x1C1C , 6416 
0x1C1C , 6430 
0x1C1C , 6486 
0x1C1C , 6458 
0x1C1C , 6435 
0x1C1C , 6472 
0x1C1C , 6421 
0x1C1C , 6482 
0x1C1C , 6468 
0x1C1C , 6425 
0x1C1C , 6449 
0x1C1C , 6411 
0x1C1C , 6425 
0x1C1C , 6482 
0x1C1C , 6435 
0x1C1C , 6425 
0x1C1C , 6425 
0x1C1C , 6458 
0x1C1C , 6486 
0x1C1C , 6449 
0x1C1C , 6425 
0x1C1C , 6477 
0x1C1C , 6439 
0x1C1C , 6486 
0x1C1C , 6411 
0x1C1C , 6505 
0x1C1C , 6416 
0x1C1C , 6421 
0x1C1C , 6472 
0x1C1C , 6439 
0x1C1C , 6402 
0x1C1C , 6435 
0x1C1C , 6444 
0x1C1C , 6430 
0x1C1C , 6397 
0x1C1C , 6425 
0x1C1C , 6402 
0x1C1C , 6463 
0x1C1C , 6453 
0x1C1C , 6402 
0x1C1C , 6416 
0x1C1C , 6449 
0x1C1C , 6425 
0x1C1C , 6439 
0x1C1C , 6435 
0x1C1C , 6435 
0x1C1C , 6425 
0x1C1C , 6453 
0x1C1C , 6402 
0x1C1C , 6411 
0x1C1C , 6378 
0x1C1C , 6416 
0x1C1C , 6435 
0x1C1C , 6444 
0x1C1C , 6416 
0x1C1C , 6449 
0x1C1C , 6477 
0x1C1C , 6482 
0x1C1C , 6407 
0x1C1C , 6421 
0x1C1C , 6435 
0x1C1C , 6491 
0x1C1C , 6449 
0x1C1C , 6411 
0x1C1C , 6407 
0x1C1C , 6430 
0x1C1C , 6482 
0x1C1C , 6472 
0x1C1C , 6453 
0x1C1C , 6435 
0x1C1C , 6435 
0x1C1C , 6449 
0x1C1C , 6430 
0x1C1C , 6477 
0x1C1C , 6411 
0x1C1C , 6430 
0x1C1C , 6482 
0x1C1C , 6505 
0x1C1C , 6468 
0x1C1C , 6435 
0x1C1C , 6472 
0x1C1C , 6435 
0x1C1C , 6430 
0x1C1C , 6482 
0x1C1C , 6444 
0x1C1C , 6416 
0x1C1C , 6435 
0x1C1C , 6477 
0x1C1C , 6407 
0x1C1C , 6425 
0x1C1C , 6463 
0x1C1C , 6435 
0x1C1C , 6453 
0x1C1C , 6468 
0x1C1C , 0 
0x1C1C , 0 
0x1C1C , 0 
0x1C1C , 0 
0x1C1C , 0 
0x1C1C , 0 
0x1C1C , 0 
0x1C1C , 0 
0x1C1C , 0 
0x1C1C , 0 
0x1C1C , 0 
0x1C1C , 0 
0x1C1C , 0 
0x1C1C , 0 
0x1C1C , 0 
0x1C1C , 0 
0x1C1C , 0 
0x1C1C , 0 
0x1C1C , 0 
0x1C1C , 0 
0x1C1C , 6435 
0x1C1C , 6430 
0x1C1C , 6444 
0x1C1C , 6425 
0x1C1C , 6435 
0x1C1C , 6397 
0x1C1C , 6444 
0x1C1C , 6449 
0x1C1C , 6453 
0x1C1C , 6463 
0x1C1C , 6444 
0x1C1C , 6453 
0x1C1C , 6435 
0x1C1C , 6453 
0x1C1C , 6416 
0x1C1C , 6407 
0x1C1C , 6392 
0x1C1C , 6435 
0x1C1C , 6463 
0x1C1C , 6435 
0x1C1C , 6463 
0x1C1C , 6510 
0x1C1C , 6439 
0x1C1C , 6439 
0x1C1C , 6463 
0x1C1C , 6463 
0x1C1C , 6453 
0x1C1C , 6458 
0x1C1C , 6482 
0x1C1C , 6430 
0x1C1C , 6439 
0x1C1C , 6477 
0x1C1C , 6463 
0x1C1C , 6439 
0x1C1C , 6468 
0x1C1C , 6491 
0x1C1C , 6458 
0x1C1C , 6514 
0x1C1C , 6407 
0x1C1C , 6458 
0x1C1C , 6528 
0x1C1C , 6453 
0x1C1C , 6463 
0x1C1C , 6463 
0x1C1C , 6430 
0x1C1C , 6486 
0x1C1C , 6458 
0x1C1C , 6421 
0x1C1C , 6435 
0x1C1C , 6416 
0x1C1C , 6477 
0x1C1C , 6505 
0x1C1C , 6416 
0x1C1C , 6425 
0x1C1C , 6439 
0x1C1C , 6430 
0x1C1C , 6407 
0x1C1C , 6449 
0x1C1C , 6444 
0x1C1C , 6463 
0x1C1C , 6472 
0x1C1C , 6435 
0x1C1C , 6458 
0x1C1C , 6482 
0x1C1C , 6430 
0x1C1C , 6444 
0x1C1C , 6430 
0x1C1C , 6453 
0x1C1C , 6416 
0x1C1C , 6463 
0x1C1C , 6421 
0x1C1C , 6425 
0x1C1C , 6411 
0x1C1C , 6482 
0x1C1C , 6435 
0x1C1C , 6425 
0x1C1C , 6425 
0x1C1C , 6425 
0x1C1C , 6435 
0x1C1C , 6468 
0x1C1C , 6482 
0x1C1C , 6486 
0x1C1C , 6486 
0x1C1C , 6510 
0x1C1C , 6416 
0x1C1C , 6402 
0x1C1C , 6486 
0x1C1C , 6397 
0x1C1C , 6407 
0x1C1C , 6458 
0x1C1C , 6444 
0x1C1C , 6444 
0x1C1C , 6435 
0x1C1C , 6435 
0x1C1C , 6407 
0x1C1C , 6482 
0x1C1C , 6421 
0x1C1C , 6453 
0x1C1C , 6458 
0x1C1C , 6411 
0x1C1C , 0 
0x1C1C , 0 
0x1C1C , 0 
0x1C1C , 0 
0x1C1C , 0 
0x1C1C , 0 
0x1C1C , 0 
0x1C1C , 0 
0x1C1C , 0 
0x1C1C , 0 
0x1C1C , 0 
0x1C1C , 0 
0x1C1C , 0 
0x1C1C , 0 
0x1C1C , 0 
0x1C1C , 0 
0x1C1C , 0 
0x1C1C , 0 
0x1C1C , 0 
0x1C1C , 0 
0x1C1C , 6444 
0x1C1C , 6510 
0x1C1C , 6430 
0x1C1C , 6468 
0x1C1C , 6439 
0x1C1C , 6472 
0x1C1C , 6463 
0x1C1C , 6411 
0x1C1C , 6458 
0x1C1C , 6505 
0x1C1C , 6425 
0x1C1C , 6472 
0x1C1C , 6421 
0x1C1C , 6439 
0x1C1C , 6482 
0x1C1C , 6482 
0x1C1C , 6416 
0x1C1C , 6416 
0x1C1C , 6453 
0x1C1C , 6453 
0x1C1C , 6482 
0x1C1C , 6505 
0x1C1C , 6472 
0x1C1C , 6439 
0x1C1C , 6482 
0x1C1C , 6425 
0x1C1C , 6468 
0x1C1C , 6430 
0x1C1C , 6453 
0x1C1C , 6416 
0x1C1C , 6463 
0x1C1C , 6430 
0x1C1C , 6435 
0x1C1C , 6411 
0x1C1C , 6463 
0x1C1C , 6449 
0x1C1C , 6458 
0x1C1C , 6439 
0x1C1C , 6486 
0x1C1C , 6496 
0x1C1C , 6421 
0x1C1C , 6453 
0x1C1C , 6453 
0x1C1C , 6453 
0x1C1C , 6421 
0x1C1C , 6439 
0x1C1C , 6435 
0x1C1C , 6449 
0x1C1C , 6500 
0x1C1C , 6463 
0x1C1C , 6383 
0x1C1C , 6392 
0x1C1C , 6468 
0x1C1C , 6463 
0x1C1C , 6439 
0x1C1C , 6453 
0x1C1C , 6453 
0x1C1C , 6439 
0x1C1C , 6421 
0x1C1C , 6407 
0x1C1C , 0 
0x1C1C , 0 
0x1C1C , 0 
0x1C1C , 0 
0x1C1C , 0 
0x1C1C , 0 
0x1C1C , 0 
0x1C1C , 0 
0x1C1C , 0 
0x1C1C , 0 
0x1C1C , 0 
0x1C1C , 0 
0x1C1C , 0 
0x1C1C , 0 
0x1C1C , 0 
0x1C1C , 0 
0x1C1C , 0 
0x1C1C , 0 
0x1C1C , 0 
0x1C1C , 0 
0x1C1C , 6468 
0x1C1C , 6453 
0x1C1C , 6463 
0x1C1C , 6435 
0x1C1C , 6453 
0x1C1C , 6392 
0x1C1C , 6444 
0x1C1C , 6435 
0x1C1C , 6425 
0x1C1C , 6439 
0x1C1C , 6486 
0x1C1C , 6453 
0x1C1C , 6463 
0x1C1C , 6416 
0x1C1C , 6430 
0x1C1C , 6472 
0x1C1C , 6425 
0x1C1C , 6472 
0x1C1C , 6435 
0x1C1C , 6500 
0x1C1C , 0 
0x1C1C , 0 
0x1C1C , 0 
0x1C1C , 0 
0x1C1C , 0 
0x1C1C , 0 
0x1C1C , 0 
0x1C1C , 0 
0x1C1C , 0 
0x1C1C , 0 
0x1C1C , 0 
0x1C1C , 0 
0x1C1C , 0 
0x1C1C , 0 
0x1C1C , 0 
0x1C1C , 0 
0x1C1C , 0 
0x1C1C , 0 
0x1C1C , 0 
0x1C1C , 0 
0x1C1C , 0 
0x1C1C , 0 
0x1C1C , 0 
0x1C1C , 0 
0x1C1C , 0 
0x1C1C , 0 
0x1C1C , 0 
0x1C1C , 0 
0x1C1C , 0 
0x1C1C , 0 
0x1C1C , 0 
0x1C1C , 0 
0x1C1C , 0 
0x1C1C , 0 
0x1C1C , 0 
0x1C1C , 0 
0x1C1C , 0 
0x1C1C , 0 
0x1C1C , 0 
0x1C1C , 0 
0x1C1C , 6458 
0x1C1C , 6444 
0x1C1C , 6519 
0x1C1C , 6425 
0x1C1C , 6538 
0x1C1C , 6449 
0x1C1C , 6547 
0x1C1C , 6411 
0x1C1C , 6505 
0x1C1C , 6449 
0x1C1C , 6477 
0x1C1C , 6416 
0x1C1C , 6468 
0x1C1C , 6430 
0x1C1C , 6392 
0x1C1C , 6505 
0x1C1C , 6472 
0x1C1C , 6411 
0x1C1C , 6444 
0x1C1C , 6421 
0x1C1C , 6458 
0x1C1C , 6411 
0x1C1C , 6449 
0x1C1C , 6477 
0x1C1C , 6491 
0x1C1C , 6402 
0x1C1C , 6439 
0x1C1C , 6449 
0x1C1C , 6435 
0x1C1C , 6425 
0x1C1C , 6458 
0x1C1C , 6458 
0x1C1C , 6430 
0x1C1C , 6416 
0x1C1C , 6430 
0x1C1C , 6421 
0x1C1C , 6392 
0x1C1C , 6397 
0x1C1C , 6425 
0x1C1C , 6453 
0x1C1C , 6430 
0x1C1C , 6458 
0x1C1C , 6449 
0x1C1C , 6458 
0x1C1C , 6468 
0x1C1C , 6468 
0x1C1C , 6392 
0x1C1C , 6468 
0x1C1C , 6472 
0x1C1C , 6463 
0x1C1C , 6458 
0x1C1C , 6477 
0x1C1C , 6430 
0x1C1C , 6421 
0x1C1C , 6425 
0x1C1C , 6397 
0x1C1C , 6416 
0x1C1C , 6421 
0x1C1C , 6458 
0x1C1C , 6453 
0x1C1C , 0 
0x1C1C , 0 
0x1C1C , 0 
0x1C1C , 0 
0x1C1C , 0 
0x1C1C , 0 
0x1C1C , 0 
0x1C1C , 0 
0x1C1C , 0 
0x1C1C , 0 
0x1C1C , 0 
0x1C1C , 0 
0x1C1C , 0 
0x1C1C , 0 
0x1C1C , 0 
0x1C1C , 0 
0x1C1C , 0 
0x1C1C , 0 
0x1C1C , 0 
0x1C1C , 0 
0x1C1C , 6449 
0x1C1C , 6453 
0x1C1C , 6468 
0x1C1C , 6491 
0x1C1C , 6421 
0x1C1C , 6421 
0x1C1C , 6500 
0x1C1C , 6397 
0x1C1C , 6500 
0x1C1C , 6449 
0x1C1C , 6444 
0x1C1C , 6449 
0x1C1C , 6435 
0x1C1C , 6402 
0x1C1C , 6482 
0x1C1C , 6449 
0x1C1C , 6477 
0x1C1C , 6397 
0x1C1C , 6421 
0x1C1C , 6430 
0x1C1C , 6411 
0x1C1C , 6468 
0x1C1C , 6421 
0x1C1C , 6435 
0x1C1C , 6449 
0x1C1C , 6439 
0x1C1C , 6458 
0x1C1C , 6482 
0x1C1C , 6425 
0x1C1C , 6416 
0x1C1C , 6430 
0x1C1C , 6407 
0x1C1C , 6430 
0x1C1C , 6486 
0x1C1C , 6430 
0x1C1C , 6416 
0x1C1C , 6439 
0x1C1C , 6444 
0x1C1C , 6430 
0x1C1C , 6444 
0x1C1C , 6402 
0x1C1C , 6439 
0x1C1C , 6421 
0x1C1C , 6463 
0x1C1C , 6458 
0x1C1C , 6463 
0x1C1C , 6472 
0x1C1C , 6482 
0x1C1C , 6411 
0x1C1C , 6425 
0x1C1C , 6430 
0x1C1C , 6458 
0x1C1C , 6463 
0x1C1C , 6392 
0x1C1C , 6510 
0x1C1C , 6458 
0x1C1C , 6402 
0x1C1C , 6402 
0x1C1C , 6374 
0x1C1C , 6453 
0x1C1C , 0 
0x1C1C , 0 
0x1C1C , 0 
0x1C1C , 0 
0x1C1C , 0 
0x1C1C , 0 
0x1C1C , 0 
0x1C1C , 0 
0x1C1C , 0 
0x1C1C , 0 
0x1C1C , 0 
0x1C1C , 0 
0x1C1C , 0 
0x1C1C , 0 
0x1C1C , 0 
0x1C1C , 0 
0x1C1C , 0 
0x1C1C , 0 
0x1C1C , 0 
0x1C1C , 0 
0x1C1C , 6421 
0x1C1C , 6430 
0x1C1C , 6411 
0x1C1C , 6449 
0x1C1C , 6439 
0x1C1C , 6411 
0x1C1C , 6392 
0x1C1C , 6411 
0x1C1C , 6411 
0x1C1C , 6496 
0x1C1C , 6500 
0x1C1C , 6416 
0x1C1C , 6421 
0x1C1C , 6477 
0x1C1C , 6468 
0x1C1C , 6458 
0x1C1C , 6402 
0x1C1C , 6444 
0x1C1C , 6430 
0x1C1C , 6411 
0x1C1C , 6482 
0x1C1C , 6421 
0x1C1C , 6519 
0x1C1C , 6538 
0x1C1C , 6449 
0x1C1C , 6444 
0x1C1C , 6402 
0x1C1C , 6477 
0x1C1C , 6416 
0x1C1C , 6528 
0x1C1C , 6392 
0x1C1C , 6449 
0x1C1C , 6439 
0x1C1C , 6444 
0x1C1C , 6392 
0x1C1C , 6430 
0x1C1C , 6421 
0x1C1C , 6444 
0x1C1C , 6435 
0x1C1C , 6449 
0x1C1C , 6519 
0x1C1C , 6468 
0x1C1C , 6468 
0x1C1C , 6477 
0x1C1C , 6486 
0x1C1C , 6463 
0x1C1C , 6407 
0x1C1C , 6477 
0x1C1C , 6388 
0x1C1C , 6421 
0x1C1C , 6449 
0x1C1C , 6449 
0x1C1C , 6524 
0x1C1C , 6425 
0x1C1C , 6510 
0x1C1C , 6482 
0x1C1C , 6435 
0x1C1C , 6435 
0x1C1C , 6430 
0x1C1C , 6472 
0x1C1C , 6449 
0x1C1C , 6407 
0x1C1C , 6477 
0x1C1C , 6430 
0x1C1C , 6449 
0x1C1C , 6468 
0x1C1C , 6491 
0x1C1C , 6397 
0x1C1C , 6392 
0x1C1C , 6364 
0x1C1C , 6435 
0x1C1C , 6435 
0x1C1C , 6407 
0x1C1C , 6514 
0x1C1C , 6378 
0x1C1C , 6439 
0x1C1C , 6468 
0x1C1C , 6402 
0x1C1C , 6430 
0x1C1C , 6524 
0x1C1C , 6416 
0x1C1C , 6453 
0x1C1C , 6458 
0x1C1C , 6411 
0x1C1C , 6430 
0x1C1C , 6421 
0x1C1C , 6463 
0x1C1C , 6392 
0x1C1C , 6482 
0x1C1C , 6430 
0x1C1C , 6421 
0x1C1C , 6392 
0x1C1C , 6430 
0x1C1C , 6500 
0x1C1C , 6472 
0x1C1C , 6477 
0x1C1C , 6388 
0x1C1C , 6482 
0x1C1C , 6439 
0x1C1C , 6496 
0x1C1C , 6477 
0x1C1C , 6444 
0x1C1C , 6453 
0x1C1C , 6477 
0x1C1C , 6421 
0x1C1C , 6421 
0x1C1C , 6439 
0x1C1C , 6458 
0x1C1C , 6458 
0x1C1C , 6416 
0x1C1C , 6477 
0x1C1C , 6482 
0x1C1C , 6421 
0x1C1C , 6463 
0x1C1C , 6425 
0x1C1C , 6458 
0x1C1C , 6435 
0x1C1C , 6463 
0x1C1C , 6439 
0x1C1C , 6482 
0x1C1C , 0 
0x1C1C , 0 
0x1C1C , 0 
0x1C1C , 0 
0x1C1C , 0 
0x1C1C , 0 
0x1C1C , 0 
0x1C1C , 0 
0x1C1C , 0 
0x1C1C , 0 
0x1C1C , 0 
0x1C1C , 0 
0x1C1C , 0 
0x1C1C , 0 
0x1C1C , 0 
0x1C1C , 0 
0x1C1C , 0 
0x1C1C , 0 
0x1C1C , 0 
0x1C1C , 0 
0x1C1C , 6472 
0x1C1C , 6519 
0x1C1C , 6472 
0x1C1C , 6463 
0x1C1C , 6388 
0x1C1C , 6421 
0x1C1C , 6416 
0x1C1C , 6425 
0x1C1C , 6468 
0x1C1C , 6449 
0x1C1C , 6425 
0x1C1C , 6411 
0x1C1C , 6369 
0x1C1C , 6416 
0x1C1C , 6397 
0x1C1C , 6435 
0x1C1C , 6374 
0x1C1C , 6421 
0x1C1C , 6374 
0x1C1C , 6421 
