0x4D4D , 6627 
0x4D4D , 6547 
0x4D4D , 6552 
0x4D4D , 6566 
0x4D4D , 6575 
0x4D4D , 6575 
0x4D4D , 6655 
0x4D4D , 6575 
0x4D4D , 6585 
0x4D4D , 6589 
0x4D4D , 6646 
0x4D4D , 6622 
0x4D4D , 6599 
0x4D4D , 6571 
0x4D4D , 6613 
0x4D4D , 6589 
0x4D4D , 6557 
0x4D4D , 6594 
0x4D4D , 6575 
0x4D4D , 6585 
0x4D4D , 6599 
0x4D4D , 6561 
0x4D4D , 6594 
0x4D4D , 6533 
0x4D4D , 6547 
0x4D4D , 6589 
0x4D4D , 6632 
0x4D4D , 6604 
0x4D4D , 6604 
0x4D4D , 6561 
0x4D4D , 6622 
0x4D4D , 6585 
0x4D4D , 6585 
0x4D4D , 6571 
0x4D4D , 6594 
0x4D4D , 6632 
0x4D4D , 6580 
0x4D4D , 6543 
0x4D4D , 6599 
0x4D4D , 6599 
0x4D4D , 6636 
0x4D4D , 6585 
0x4D4D , 6599 
0x4D4D , 6655 
0x4D4D , 6369 
0x4D4D , 6571 
0x4D4D , 6608 
0x4D4D , 6627 
0x4D4D , 6589 
0x4D4D , 6594 
0x4D4D , 6580 
0x4D4D , 6580 
0x4D4D , 6575 
0x4D4D , 6622 
0x4D4D , 6632 
0x4D4D , 6655 
0x4D4D , 6669 
0x4D4D , 6594 
0x4D4D , 6599 
0x4D4D , 6604 
0x4D4D , 0 
0x4D4D , 0 
0x4D4D , 0 
0x4D4D , 0 
0x4D4D , 0 
0x4D4D , 0 
0x4D4D , 0 
0x4D4D , 0 
0x4D4D , 0 
0x4D4D , 0 
0x4D4D , 0 
0x4D4D , 0 
0x4D4D , 0 
0x4D4D , 0 
0x4D4D , 0 
0x4D4D , 0 
0x4D4D , 0 
0x4D4D , 0 
0x4D4D , 0 
0x4D4D , 0 
0x4D4D , 6580 
0x4D4D , 6594 
0x4D4D , 6636 
0x4D4D , 6552 
0x4D4D , 6561 
0x4D4D , 6547 
0x4D4D , 6594 
0x4D4D , 6552 
0x4D4D , 6552 
0x4D4D , 6538 
0x4D4D , 6608 
0x4D4D , 6608 
0x4D4D , 6566 
0x4D4D , 6594 
0x4D4D , 6571 
0x4D4D , 6571 
0x4D4D , 6627 
0x4D4D , 6524 
0x4D4D , 6557 
0x4D4D , 6547 
0x4D4D , 0 
0x4D4D , 0 
0x4D4D , 0 
0x4D4D , 0 
0x4D4D , 0 
0x4D4D , 0 
0x4D4D , 0 
0x4D4D , 0 
0x4D4D , 0 
0x4D4D , 0 
0x4D4D , 0 
0x4D4D , 0 
0x4D4D , 0 
0x4D4D , 0 
0x4D4D , 0 
0x4D4D , 0 
0x4D4D , 0 
0x4D4D , 0 
0x4D4D , 0 
0x4D4D , 0 
0x4D4D , 0 
0x4D4D , 0 
0x4D4D , 0 
0x4D4D , 0 
0x4D4D , 0 
0x4D4D , 0 
0x4D4D , 0 
0x4D4D , 0 
0x4D4D , 0 
0x4D4D , 0 
0x4D4D , 0 
0x4D4D , 0 
0x4D4D , 0 
0x4D4D , 0 
0x4D4D , 0 
0x4D4D , 0 
0x4D4D , 0 
0x4D4D , 0 
0x4D4D , 0 
0x4D4D , 0 
0x4D4D , 0 
0x4D4D , 0 
0x4D4D , 0 
0x4D4D , 0 
0x4D4D , 0 
0x4D4D , 0 
0x4D4D , 0 
0x4D4D , 0 
0x4D4D , 0 
0x4D4D , 0 
0x4D4D , 0 
0x4D4D , 0 
0x4D4D , 0 
0x4D4D , 0 
0x4D4D , 0 
0x4D4D , 0 
0x4D4D , 0 
0x4D4D , 0 
0x4D4D , 0 
0x4D4D , 0 
0x4D4D , 0 
0x4D4D , 0 
0x4D4D , 0 
0x4D4D , 0 
0x4D4D , 0 
0x4D4D , 0 
0x4D4D , 0 
0x4D4D , 0 
0x4D4D , 0 
0x4D4D , 0 
0x4D4D , 0 
0x4D4D , 0 
0x4D4D , 0 
0x4D4D , 0 
0x4D4D , 0 
0x4D4D , 0 
0x4D4D , 0 
0x4D4D , 0 
0x4D4D , 0 
0x4D4D , 0 
0x4D4D , 6589 
0x4D4D , 6566 
0x4D4D , 6594 
0x4D4D , 6632 
0x4D4D , 6589 
0x4D4D , 6618 
0x4D4D , 6533 
0x4D4D , 6557 
0x4D4D , 6580 
0x4D4D , 6580 
0x4D4D , 6571 
0x4D4D , 6566 
0x4D4D , 6627 
0x4D4D , 6604 
0x4D4D , 6613 
0x4D4D , 6613 
0x4D4D , 6575 
0x4D4D , 6585 
0x4D4D , 6589 
0x4D4D , 6566 
0x4D4D , 6524 
0x4D4D , 6566 
0x4D4D , 6622 
0x4D4D , 6557 
0x4D4D , 6594 
0x4D4D , 6543 
0x4D4D , 6575 
0x4D4D , 6528 
0x4D4D , 6655 
0x4D4D , 6589 
0x4D4D , 6524 
0x4D4D , 6594 
0x4D4D , 6580 
0x4D4D , 6575 
0x4D4D , 6524 
0x4D4D , 6571 
0x4D4D , 6561 
0x4D4D , 6566 
0x4D4D , 6580 
0x4D4D , 6585 
0x4D4D , 6580 
0x4D4D , 6580 
0x4D4D , 6547 
0x4D4D , 6575 
0x4D4D , 6505 
0x4D4D , 6552 
0x4D4D , 6468 
0x4D4D , 6528 
0x4D4D , 6608 
0x4D4D , 6571 
0x4D4D , 6627 
0x4D4D , 6613 
0x4D4D , 6552 
0x4D4D , 6613 
0x4D4D , 6580 
0x4D4D , 6341 
0x4D4D , 6528 
0x4D4D , 6585 
0x4D4D , 6547 
0x4D4D , 6566 
0x4D4D , 6585 
0x4D4D , 6585 
0x4D4D , 6608 
0x4D4D , 6627 
0x4D4D , 6627 
0x4D4D , 6580 
0x4D4D , 6604 
0x4D4D , 6589 
0x4D4D , 6566 
0x4D4D , 6580 
0x4D4D , 6575 
0x4D4D , 6599 
0x4D4D , 6594 
0x4D4D , 6566 
0x4D4D , 6505 
0x4D4D , 6594 
0x4D4D , 6557 
0x4D4D , 6585 
0x4D4D , 6524 
0x4D4D , 6557 
0x4D4D , 6585 
0x4D4D , 6589 
0x4D4D , 6538 
0x4D4D , 6571 
0x4D4D , 6552 
0x4D4D , 6594 
0x4D4D , 6561 
0x4D4D , 6557 
0x4D4D , 6589 
0x4D4D , 6589 
0x4D4D , 6632 
0x4D4D , 6575 
0x4D4D , 6599 
0x4D4D , 6547 
0x4D4D , 6589 
0x4D4D , 6571 
0x4D4D , 6547 
0x4D4D , 6599 
0x4D4D , 6543 
0x4D4D , 6580 
0x4D4D , 0 
0x4D4D , 0 
0x4D4D , 0 
0x4D4D , 0 
0x4D4D , 0 
0x4D4D , 0 
0x4D4D , 0 
0x4D4D , 0 
0x4D4D , 0 
0x4D4D , 0 
0x4D4D , 0 
0x4D4D , 0 
0x4D4D , 0 
0x4D4D , 0 
0x4D4D , 0 
0x4D4D , 0 
0x4D4D , 0 
0x4D4D , 0 
0x4D4D , 0 
0x4D4D , 0 
0x4D4D , 0 
0x4D4D , 0 
0x4D4D , 0 
0x4D4D , 0 
0x4D4D , 0 
0x4D4D , 0 
0x4D4D , 0 
0x4D4D , 0 
0x4D4D , 0 
0x4D4D , 0 
0x4D4D , 0 
0x4D4D , 0 
0x4D4D , 0 
0x4D4D , 0 
0x4D4D , 0 
0x4D4D , 0 
0x4D4D , 0 
0x4D4D , 0 
0x4D4D , 0 
0x4D4D , 0 
0x4D4D , 6566 
0x4D4D , 6618 
0x4D4D , 6589 
0x4D4D , 6599 
0x4D4D , 6580 
0x4D4D , 6575 
0x4D4D , 6514 
0x4D4D , 6632 
0x4D4D , 6580 
0x4D4D , 6599 
0x4D4D , 6575 
0x4D4D , 6543 
0x4D4D , 6547 
0x4D4D , 6594 
0x4D4D , 6580 
0x4D4D , 6575 
0x4D4D , 6552 
0x4D4D , 6557 
0x4D4D , 6585 
0x4D4D , 6585 
0x4D4D , 0 
0x4D4D , 0 
0x4D4D , 0 
0x4D4D , 0 
0x4D4D , 0 
0x4D4D , 0 
0x4D4D , 0 
0x4D4D , 0 
0x4D4D , 0 
0x4D4D , 0 
0x4D4D , 0 
0x4D4D , 0 
0x4D4D , 0 
0x4D4D , 0 
0x4D4D , 0 
0x4D4D , 0 
0x4D4D , 0 
0x4D4D , 0 
0x4D4D , 0 
0x4D4D , 0 
0x4D4D , 0 
0x4D4D , 0 
0x4D4D , 0 
0x4D4D , 0 
0x4D4D , 0 
0x4D4D , 0 
0x4D4D , 0 
0x4D4D , 0 
0x4D4D , 0 
0x4D4D , 0 
0x4D4D , 0 
0x4D4D , 0 
0x4D4D , 0 
0x4D4D , 0 
0x4D4D , 0 
0x4D4D , 0 
0x4D4D , 0 
0x4D4D , 0 
0x4D4D , 0 
0x4D4D , 0 
0x4D4D , 6552 
0x4D4D , 6585 
0x4D4D , 6575 
0x4D4D , 6580 
0x4D4D , 6589 
0x4D4D , 6585 
0x4D4D , 6538 
0x4D4D , 6589 
0x4D4D , 6552 
0x4D4D , 6604 
0x4D4D , 6566 
0x4D4D , 6538 
0x4D4D , 6608 
0x4D4D , 6604 
0x4D4D , 6594 
0x4D4D , 6599 
0x4D4D , 6547 
0x4D4D , 6622 
0x4D4D , 6575 
0x4D4D , 6585 
0x4D4D , 6543 
0x4D4D , 6608 
0x4D4D , 6538 
0x4D4D , 6632 
0x4D4D , 6575 
0x4D4D , 6594 
0x4D4D , 6543 
0x4D4D , 6547 
0x4D4D , 6594 
0x4D4D , 6524 
0x4D4D , 6552 
0x4D4D , 6566 
0x4D4D , 6533 
0x4D4D , 6589 
0x4D4D , 6505 
0x4D4D , 6622 
0x4D4D , 6618 
0x4D4D , 6538 
0x4D4D , 6575 
0x4D4D , 6557 
0x4D4D , 6571 
0x4D4D , 6594 
0x4D4D , 6528 
0x4D4D , 6575 
0x4D4D , 6585 
0x4D4D , 6557 
0x4D4D , 6650 
0x4D4D , 6589 
0x4D4D , 6538 
0x4D4D , 6618 
0x4D4D , 6599 
0x4D4D , 6547 
0x4D4D , 6585 
0x4D4D , 6552 
0x4D4D , 6547 
0x4D4D , 6552 
0x4D4D , 6552 
0x4D4D , 6608 
0x4D4D , 6599 
0x4D4D , 6547 
0x4D4D , 6594 
0x4D4D , 6613 
0x4D4D , 6547 
0x4D4D , 6604 
0x4D4D , 6514 
0x4D4D , 6528 
0x4D4D , 6618 
0x4D4D , 6500 
0x4D4D , 6580 
0x4D4D , 6543 
0x4D4D , 6604 
0x4D4D , 6571 
0x4D4D , 6510 
0x4D4D , 6557 
0x4D4D , 6589 
0x4D4D , 6604 
0x4D4D , 6538 
0x4D4D , 6519 
0x4D4D , 6557 
0x4D4D , 6604 
0x4D4D , 6571 
0x4D4D , 6557 
0x4D4D , 6533 
0x4D4D , 6589 
0x4D4D , 6566 
0x4D4D , 6627 
0x4D4D , 6543 
0x4D4D , 6580 
0x4D4D , 6561 
0x4D4D , 6528 
0x4D4D , 6547 
0x4D4D , 6585 
0x4D4D , 6613 
0x4D4D , 6585 
0x4D4D , 6557 
0x4D4D , 6608 
0x4D4D , 6571 
0x4D4D , 6566 
0x4D4D , 6589 
0x4D4D , 6519 
0x4D4D , 6594 
0x4D4D , 6655 
0x4D4D , 6557 
0x4D4D , 6650 
0x4D4D , 6608 
0x4D4D , 6566 
0x4D4D , 6594 
0x4D4D , 6608 
0x4D4D , 6608 
0x4D4D , 6519 
0x4D4D , 6613 
0x4D4D , 6566 
0x4D4D , 6561 
0x4D4D , 6552 
0x4D4D , 6561 
0x4D4D , 6580 
0x4D4D , 6543 
0x4D4D , 6528 
0x4D4D , 6547 
0x4D4D , 6533 
0x4D4D , 6580 
0x4D4D , 6608 
0x4D4D , 6519 
0x4D4D , 6622 
0x4D4D , 6566 
0x4D4D , 6252 
0x4D4D , 6543 
0x4D4D , 6571 
0x4D4D , 6585 
0x4D4D , 6632 
0x4D4D , 6571 
0x4D4D , 6604 
0x4D4D , 6599 
0x4D4D , 6613 
0x4D4D , 6589 
0x4D4D , 6561 
0x4D4D , 6622 
0x4D4D , 6538 
0x4D4D , 6561 
0x4D4D , 6589 
0x4D4D , 0 
0x4D4D , 0 
0x4D4D , 0 
0x4D4D , 0 
0x4D4D , 0 
0x4D4D , 0 
0x4D4D , 0 
0x4D4D , 0 
0x4D4D , 0 
0x4D4D , 0 
0x4D4D , 0 
0x4D4D , 0 
0x4D4D , 0 
0x4D4D , 0 
0x4D4D , 0 
0x4D4D , 0 
0x4D4D , 0 
0x4D4D , 0 
0x4D4D , 0 
0x4D4D , 0 
0x4D4D , 6618 
0x4D4D , 6589 
0x4D4D , 6561 
0x4D4D , 6252 
0x4D4D , 6355 
0x4D4D , 6552 
0x4D4D , 6594 
0x4D4D , 6585 
0x4D4D , 6575 
0x4D4D , 6594 
0x4D4D , 6566 
0x4D4D , 6557 
0x4D4D , 6557 
0x4D4D , 6599 
0x4D4D , 6604 
0x4D4D , 6604 
0x4D4D , 6594 
0x4D4D , 6622 
0x4D4D , 6585 
0x4D4D , 6561 
0x4D4D , 6533 
0x4D4D , 6242 
0x4D4D , 6575 
0x4D4D , 6510 
0x4D4D , 6613 
0x4D4D , 6566 
0x4D4D , 6664 
0x4D4D , 6571 
0x4D4D , 6594 
0x4D4D , 6575 
0x4D4D , 6566 
0x4D4D , 6528 
0x4D4D , 6627 
0x4D4D , 6500 
0x4D4D , 6571 
0x4D4D , 6538 
0x4D4D , 6533 
0x4D4D , 6594 
0x4D4D , 6571 
0x4D4D , 6538 
0x4D4D , 6561 
0x4D4D , 6561 
0x4D4D , 6557 
0x4D4D , 6585 
0x4D4D , 6561 
0x4D4D , 6613 
0x4D4D , 6604 
0x4D4D , 6543 
0x4D4D , 6636 
0x4D4D , 6557 
0x4D4D , 6575 
0x4D4D , 6552 
0x4D4D , 6561 
0x4D4D , 6514 
0x4D4D , 6210 
0x4D4D , 6618 
0x4D4D , 6594 
0x4D4D , 6543 
0x4D4D , 6575 
0x4D4D , 6533 
0x4D4D , 6275 
0x4D4D , 6613 
0x4D4D , 6561 
0x4D4D , 6575 
0x4D4D , 6589 
0x4D4D , 6580 
0x4D4D , 6557 
0x4D4D , 6627 
0x4D4D , 6289 
0x4D4D , 6622 
0x4D4D , 6561 
0x4D4D , 6547 
0x4D4D , 6575 
0x4D4D , 6585 
0x4D4D , 6613 
0x4D4D , 6594 
0x4D4D , 6552 
0x4D4D , 6514 
0x4D4D , 6547 
0x4D4D , 6505 
0x4D4D , 6589 
0x4D4D , 6547 
0x4D4D , 6557 
0x4D4D , 6514 
0x4D4D , 6547 
0x4D4D , 6608 
0x4D4D , 6538 
0x4D4D , 6388 
0x4D4D , 6566 
0x4D4D , 6599 
0x4D4D , 6571 
0x4D4D , 6533 
0x4D4D , 6571 
0x4D4D , 6505 
0x4D4D , 6571 
0x4D4D , 6533 
0x4D4D , 6575 
0x4D4D , 6566 
0x4D4D , 6585 
0x4D4D , 6561 
0x4D4D , 6557 
0x4D4D , 6594 
0x4D4D , 6500 
0x4D4D , 6519 
0x4D4D , 6608 
0x4D4D , 6552 
0x4D4D , 6514 
0x4D4D , 6538 
0x4D4D , 6594 
0x4D4D , 6575 
0x4D4D , 6566 
0x4D4D , 6552 
0x4D4D , 6571 
0x4D4D , 6599 
0x4D4D , 6604 
0x4D4D , 6543 
0x4D4D , 6571 
0x4D4D , 6613 
0x4D4D , 6618 
0x4D4D , 6561 
0x4D4D , 6604 
0x4D4D , 6604 
0x4D4D , 6580 
0x4D4D , 6585 
0x4D4D , 6585 
0x4D4D , 6533 
0x4D4D , 6552 
0x4D4D , 6627 
0x4D4D , 6618 
0x4D4D , 6191 
0x4D4D , 6538 
0x4D4D , 6571 
0x4D4D , 6575 
0x4D4D , 6571 
0x4D4D , 6599 
0x4D4D , 6538 
0x4D4D , 6580 
0x4D4D , 6585 
0x4D4D , 6505 
0x4D4D , 6510 
0x4D4D , 6589 
0x4D4D , 6543 
0x4D4D , 6580 
0x4D4D , 6543 
0x4D4D , 6561 
0x4D4D , 6561 
0x4D4D , 6561 
0x4D4D , 6575 
0x4D4D , 6622 
0x4D4D , 6571 
0x4D4D , 6594 
0x4D4D , 6496 
0x4D4D , 6589 
0x4D4D , 6256 
0x4D4D , 6191 
0x4D4D , 6580 
0x4D4D , 6585 
0x4D4D , 6538 
0x4D4D , 6543 
0x4D4D , 6571 
0x4D4D , 6557 
0x4D4D , 6533 
0x4D4D , 6561 
0x4D4D , 6552 
0x4D4D , 6566 
0x4D4D , 6627 
0x4D4D , 6533 
0x4D4D , 6538 
0x4D4D , 6547 
0x4D4D , 6524 
0x4D4D , 6561 
0x4D4D , 6552 
0x4D4D , 6533 
0x4D4D , 6547 
0x4D4D , 6571 
0x4D4D , 6557 
0x4D4D , 6543 
0x4D4D , 6580 
0x4D4D , 6496 
0x4D4D , 6571 
0x4D4D , 6514 
0x4D4D , 6580 
0x4D4D , 6599 
0x4D4D , 6538 
0x4D4D , 6561 
0x4D4D , 6580 
0x4D4D , 6533 
0x4D4D , 6524 
0x4D4D , 6547 
0x4D4D , 6557 
0x4D4D , 6575 
0x4D4D , 6566 
0x4D4D , 6547 
0x4D4D , 6500 
0x4D4D , 6533 
0x4D4D , 6557 
0x4D4D , 6533 
0x4D4D , 6566 
0x4D4D , 6496 
0x4D4D , 6491 
0x4D4D , 6552 
0x4D4D , 6543 
0x4D4D , 6477 
0x4D4D , 6547 
0x4D4D , 6575 
0x4D4D , 6566 
0x4D4D , 6571 
0x4D4D , 6566 
0x4D4D , 6571 
0x4D4D , 6533 
0x4D4D , 6533 
0x4D4D , 6604 
0x4D4D , 6547 
0x4D4D , 6552 
0x4D4D , 6632 
0x4D4D , 6538 
0x4D4D , 6514 
0x4D4D , 6585 
0x4D4D , 6533 
0x4D4D , 6575 
0x4D4D , 0 
0x4D4D , 0 
0x4D4D , 0 
0x4D4D , 0 
0x4D4D , 0 
0x4D4D , 0 
0x4D4D , 0 
0x4D4D , 0 
0x4D4D , 0 
0x4D4D , 0 
0x4D4D , 0 
0x4D4D , 0 
0x4D4D , 0 
0x4D4D , 0 
0x4D4D , 0 
0x4D4D , 0 
0x4D4D , 0 
0x4D4D , 0 
0x4D4D , 0 
0x4D4D , 0 
0x4D4D , 6580 
0x4D4D , 6533 
0x4D4D , 6589 
0x4D4D , 6575 
0x4D4D , 6561 
0x4D4D , 6533 
0x4D4D , 6575 
0x4D4D , 6594 
0x4D4D , 6604 
0x4D4D , 6599 
0x4D4D , 6561 
0x4D4D , 6589 
0x4D4D , 6599 
0x4D4D , 6557 
0x4D4D , 6618 
0x4D4D , 6585 
0x4D4D , 6528 
0x4D4D , 6575 
0x4D4D , 6594 
0x4D4D , 6571 
0x4D4D , 6604 
0x4D4D , 6608 
0x4D4D , 6543 
0x4D4D , 6589 
0x4D4D , 6552 
0x4D4D , 6557 
0x4D4D , 6608 
0x4D4D , 6589 
0x4D4D , 6552 
0x4D4D , 6594 
0x4D4D , 6552 
0x4D4D , 6594 
0x4D4D , 6608 
0x4D4D , 6566 
0x4D4D , 6589 
0x4D4D , 6589 
0x4D4D , 6505 
0x4D4D , 6547 
0x4D4D , 6557 
0x4D4D , 6514 
0x4D4D , 6561 
0x4D4D , 6533 
0x4D4D , 6524 
0x4D4D , 6533 
0x4D4D , 6561 
0x4D4D , 6557 
0x4D4D , 6514 
0x4D4D , 6514 
0x4D4D , 6519 
0x4D4D , 6571 
0x4D4D , 6580 
0x4D4D , 6580 
0x4D4D , 6575 
0x4D4D , 6580 
0x4D4D , 6627 
0x4D4D , 6594 
0x4D4D , 6566 
0x4D4D , 6538 
0x4D4D , 6561 
0x4D4D , 6552 
0x4D4D , 0 
0x4D4D , 0 
0x4D4D , 0 
0x4D4D , 0 
0x4D4D , 0 
0x4D4D , 0 
0x4D4D , 0 
0x4D4D , 0 
0x4D4D , 0 
0x4D4D , 0 
0x4D4D , 0 
0x4D4D , 0 
0x4D4D , 0 
0x4D4D , 0 
0x4D4D , 0 
0x4D4D , 0 
0x4D4D , 0 
0x4D4D , 0 
0x4D4D , 0 
0x4D4D , 0 
0x4D4D , 6580 
0x4D4D , 6571 
0x4D4D , 6547 
0x4D4D , 6561 
0x4D4D , 6575 
0x4D4D , 6543 
0x4D4D , 6566 
0x4D4D , 6519 
0x4D4D , 6589 
0x4D4D , 6557 
0x4D4D , 6528 
0x4D4D , 6547 
0x4D4D , 6557 
0x4D4D , 6552 
0x4D4D , 6580 
0x4D4D , 6580 
0x4D4D , 6571 
0x4D4D , 6594 
0x4D4D , 6575 
0x4D4D , 6575 
0x4D4D , 6533 
0x4D4D , 6538 
0x4D4D , 6599 
0x4D4D , 6580 
0x4D4D , 6547 
0x4D4D , 6599 
0x4D4D , 6575 
0x4D4D , 6500 
0x4D4D , 6524 
0x4D4D , 6650 
0x4D4D , 6552 
0x4D4D , 6575 
0x4D4D , 6585 
0x4D4D , 6505 
0x4D4D , 6543 
0x4D4D , 6496 
0x4D4D , 6543 
0x4D4D , 6547 
0x4D4D , 6566 
0x4D4D , 6589 
0x4D4D , 6543 
0x4D4D , 6561 
0x4D4D , 6514 
0x4D4D , 6608 
0x4D4D , 6608 
0x4D4D , 6594 
0x4D4D , 6613 
0x4D4D , 6571 
0x4D4D , 6543 
0x4D4D , 6543 
0x4D4D , 6604 
0x4D4D , 6580 
0x4D4D , 6238 
0x4D4D , 6580 
0x4D4D , 6289 
0x4D4D , 6552 
0x4D4D , 6575 
0x4D4D , 6533 
0x4D4D , 6604 
0x4D4D , 6594 
0x4D4D , 6538 
0x4D4D , 6557 
0x4D4D , 6580 
0x4D4D , 6575 
0x4D4D , 6524 
0x4D4D , 6519 
0x4D4D , 6538 
0x4D4D , 6543 
0x4D4D , 6589 
0x4D4D , 6608 
0x4D4D , 6543 
0x4D4D , 6608 
0x4D4D , 6561 
0x4D4D , 6613 
0x4D4D , 6575 
0x4D4D , 6557 
0x4D4D , 6608 
0x4D4D , 6533 
0x4D4D , 6543 
0x4D4D , 6561 
0x4D4D , 6599 
0x4D4D , 6599 
0x4D4D , 6585 
0x4D4D , 6604 
0x4D4D , 6538 
0x4D4D , 6575 
0x4D4D , 6528 
0x4D4D , 6571 
0x4D4D , 6313 
0x4D4D , 6547 
0x4D4D , 6557 
0x4D4D , 6594 
0x4D4D , 6589 
0x4D4D , 6528 
0x4D4D , 6585 
0x4D4D , 6252 
0x4D4D , 6519 
0x4D4D , 6580 
0x4D4D , 6538 
0x4D4D , 6238 
0x4D4D , 0 
0x4D4D , 0 
0x4D4D , 0 
0x4D4D , 0 
0x4D4D , 0 
0x4D4D , 0 
0x4D4D , 0 
0x4D4D , 0 
0x4D4D , 0 
0x4D4D , 0 
0x4D4D , 0 
0x4D4D , 0 
0x4D4D , 0 
0x4D4D , 0 
0x4D4D , 0 
0x4D4D , 0 
0x4D4D , 0 
0x4D4D , 0 
0x4D4D , 0 
0x4D4D , 0 
0x4D4D , 6575 
0x4D4D , 6552 
0x4D4D , 6552 
0x4D4D , 6599 
0x4D4D , 6477 
0x4D4D , 6519 
0x4D4D , 6608 
0x4D4D , 6547 
0x4D4D , 6561 
0x4D4D , 6575 
0x4D4D , 6571 
0x4D4D , 6533 
0x4D4D , 6636 
0x4D4D , 6566 
0x4D4D , 6585 
0x4D4D , 6580 
0x4D4D , 6594 
0x4D4D , 6496 
0x4D4D , 6533 
0x4D4D , 6585 
0x4D4D , 0 
0x4D4D , 0 
0x4D4D , 0 
0x4D4D , 0 
0x4D4D , 0 
0x4D4D , 0 
0x4D4D , 0 
0x4D4D , 0 
0x4D4D , 0 
0x4D4D , 0 
0x4D4D , 0 
0x4D4D , 0 
0x4D4D , 0 
0x4D4D , 0 
0x4D4D , 0 
0x4D4D , 0 
0x4D4D , 0 
0x4D4D , 0 
0x4D4D , 0 
0x4D4D , 0 
0x4D4D , 0 
0x4D4D , 0 
0x4D4D , 0 
0x4D4D , 0 
0x4D4D , 0 
0x4D4D , 0 
0x4D4D , 0 
0x4D4D , 0 
0x4D4D , 0 
0x4D4D , 0 
0x4D4D , 0 
0x4D4D , 0 
0x4D4D , 0 
0x4D4D , 0 
0x4D4D , 0 
0x4D4D , 0 
0x4D4D , 0 
0x4D4D , 0 
0x4D4D , 0 
0x4D4D , 0 
0x4D4D , 6594 
0x4D4D , 6552 
0x4D4D , 6608 
0x4D4D , 6561 
0x4D4D , 6594 
0x4D4D , 6636 
0x4D4D , 6594 
0x4D4D , 6552 
0x4D4D , 6383 
0x4D4D , 6604 
0x4D4D , 6613 
0x4D4D , 6557 
0x4D4D , 6585 
0x4D4D , 6510 
0x4D4D , 6547 
0x4D4D , 6575 
0x4D4D , 6589 
0x4D4D , 6528 
0x4D4D , 6655 
0x4D4D , 6580 
0x4D4D , 6547 
0x4D4D , 6238 
0x4D4D , 6594 
0x4D4D , 6552 
0x4D4D , 6514 
0x4D4D , 6566 
0x4D4D , 6571 
0x4D4D , 6571 
0x4D4D , 6561 
0x4D4D , 6533 
0x4D4D , 6575 
0x4D4D , 6510 
0x4D4D , 6514 
0x4D4D , 6561 
0x4D4D , 6571 
0x4D4D , 6557 
0x4D4D , 6566 
0x4D4D , 6589 
0x4D4D , 6566 
0x4D4D , 6575 
0x4D4D , 6500 
0x4D4D , 6594 
0x4D4D , 6524 
0x4D4D , 6510 
0x4D4D , 6580 
0x4D4D , 6608 
0x4D4D , 6519 
0x4D4D , 6585 
0x4D4D , 6589 
0x4D4D , 6604 
0x4D4D , 6585 
0x4D4D , 6575 
0x4D4D , 6594 
0x4D4D , 6580 
0x4D4D , 6538 
0x4D4D , 6594 
0x4D4D , 6561 
0x4D4D , 6575 
0x4D4D , 6599 
0x4D4D , 6594 
0x4D4D , 6552 
0x4D4D , 6571 
0x4D4D , 6580 
0x4D4D , 6580 
0x4D4D , 6571 
0x4D4D , 6575 
0x4D4D , 6543 
0x4D4D , 6589 
0x4D4D , 6547 
0x4D4D , 6524 
0x4D4D , 6538 
0x4D4D , 6547 
0x4D4D , 6543 
0x4D4D , 6528 
0x4D4D , 6571 
0x4D4D , 6599 
0x4D4D , 6557 
0x4D4D , 6538 
0x4D4D , 6575 
0x4D4D , 6524 
0x4D4D , 6618 
0x4D4D , 6547 
0x4D4D , 6528 
0x4D4D , 6561 
0x4D4D , 6575 
0x4D4D , 6632 
0x4D4D , 6566 
0x4D4D , 6608 
0x4D4D , 6575 
0x4D4D , 6538 
0x4D4D , 6538 
0x4D4D , 6580 
0x4D4D , 6604 
0x4D4D , 6585 
0x4D4D , 6561 
0x4D4D , 6594 
0x4D4D , 6557 
0x4D4D , 6580 
0x4D4D , 6575 
0x4D4D , 6566 
0x4D4D , 6575 
0x4D4D , 6571 
0x4D4D , 6604 
0x4D4D , 6547 
0x4D4D , 6589 
0x4D4D , 6313 
0x4D4D , 6589 
0x4D4D , 6533 
0x4D4D , 6585 
0x4D4D , 6599 
0x4D4D , 6632 
0x4D4D , 6613 
0x4D4D , 6519 
0x4D4D , 6557 
0x4D4D , 6566 
0x4D4D , 6547 
0x4D4D , 6538 
0x4D4D , 6580 
0x4D4D , 6533 
0x4D4D , 6561 
0x4D4D , 6552 
0x4D4D , 6618 
0x4D4D , 6519 
0x4D4D , 6575 
0x4D4D , 6552 
0x4D4D , 6580 
0x4D4D , 6561 
0x4D4D , 6580 
0x4D4D , 6575 
0x4D4D , 6552 
0x4D4D , 6477 
0x4D4D , 6524 
0x4D4D , 6589 
0x4D4D , 6613 
0x4D4D , 6585 
0x4D4D , 6524 
0x4D4D , 6538 
0x4D4D , 6604 
0x4D4D , 6561 
0x4D4D , 6585 
0x4D4D , 6580 
0x4D4D , 6589 
0x4D4D , 6589 
0x4D4D , 6486 
0x4D4D , 6552 
0x4D4D , 6599 
0x4D4D , 6561 
0x4D4D , 6632 
0x4D4D , 6561 
0x4D4D , 6552 
0x4D4D , 6543 
0x4D4D , 6585 
0x4D4D , 6575 
0x4D4D , 6500 
0x4D4D , 6528 
0x4D4D , 6566 
0x4D4D , 6547 
0x4D4D , 6524 
0x4D4D , 6557 
0x4D4D , 6543 
0x4D4D , 6571 
0x4D4D , 6543 
0x4D4D , 6552 
0x4D4D , 6589 
0x4D4D , 6524 
0x4D4D , 6561 
0x4D4D , 6528 
0x4D4D , 6538 
0x4D4D , 6533 
0x4D4D , 6571 
0x4D4D , 6242 
0x4D4D , 6585 
0x4D4D , 6589 
0x4D4D , 6604 
0x4D4D , 6571 
0x4D4D , 6580 
0x4D4D , 6557 
0x4D4D , 6543 
0x4D4D , 6608 
0x4D4D , 6486 
0x4D4D , 0 
0x4D4D , 0 
0x4D4D , 0 
0x4D4D , 0 
0x4D4D , 0 
0x4D4D , 0 
0x4D4D , 0 
0x4D4D , 0 
0x4D4D , 0 
0x4D4D , 0 
0x4D4D , 0 
0x4D4D , 0 
0x4D4D , 0 
0x4D4D , 0 
0x4D4D , 0 
0x4D4D , 0 
0x4D4D , 0 
0x4D4D , 0 
0x4D4D , 0 
0x4D4D , 0 
0x4D4D , 6557 
0x4D4D , 6589 
0x4D4D , 6519 
0x4D4D , 6547 
0x4D4D , 6608 
0x4D4D , 6594 
0x4D4D , 6575 
0x4D4D , 6566 
0x4D4D , 6571 
0x4D4D , 6618 
0x4D4D , 6519 
0x4D4D , 6599 
0x4D4D , 6566 
0x4D4D , 6543 
0x4D4D , 6528 
0x4D4D , 6622 
0x4D4D , 6552 
0x4D4D , 6580 
0x4D4D , 6538 
0x4D4D , 6599 
0x4D4D , 6585 
0x4D4D , 6557 
0x4D4D , 6575 
0x4D4D , 6557 
0x4D4D , 6477 
0x4D4D , 6632 
0x4D4D , 6589 
0x4D4D , 6571 
0x4D4D , 6533 
0x4D4D , 6599 
0x4D4D , 6528 
0x4D4D , 6519 
0x4D4D , 6552 
0x4D4D , 6566 
0x4D4D , 6575 
0x4D4D , 6589 
0x4D4D , 6571 
0x4D4D , 6496 
0x4D4D , 6514 
0x4D4D , 6589 
0x4D4D , 0 
0x4D4D , 0 
0x4D4D , 0 
0x4D4D , 0 
0x4D4D , 0 
0x4D4D , 0 
0x4D4D , 0 
0x4D4D , 0 
0x4D4D , 0 
0x4D4D , 0 
0x4D4D , 0 
0x4D4D , 0 
0x4D4D , 0 
0x4D4D , 0 
0x4D4D , 0 
0x4D4D , 0 
0x4D4D , 0 
0x4D4D , 0 
0x4D4D , 0 
0x4D4D , 0 
0x4D4D , 0 
0x4D4D , 0 
0x4D4D , 0 
0x4D4D , 0 
0x4D4D , 0 
0x4D4D , 0 
0x4D4D , 0 
0x4D4D , 0 
0x4D4D , 0 
0x4D4D , 0 
0x4D4D , 0 
0x4D4D , 0 
0x4D4D , 0 
0x4D4D , 0 
0x4D4D , 0 
0x4D4D , 0 
0x4D4D , 0 
0x4D4D , 0 
0x4D4D , 0 
0x4D4D , 0 
0x4D4D , 6524 
0x4D4D , 6575 
0x4D4D , 6594 
0x4D4D , 6552 
0x4D4D , 6575 
0x4D4D , 6575 
0x4D4D , 6566 
0x4D4D , 6575 
0x4D4D , 6514 
0x4D4D , 6519 
0x4D4D , 6547 
0x4D4D , 6505 
0x4D4D , 6355 
0x4D4D , 6528 
0x4D4D , 6533 
0x4D4D , 6510 
0x4D4D , 6575 
0x4D4D , 6552 
0x4D4D , 6585 
0x4D4D , 6496 
0x4D4D , 6538 
0x4D4D , 6575 
0x4D4D , 6571 
0x4D4D , 6557 
0x4D4D , 6575 
0x4D4D , 6552 
0x4D4D , 6528 
0x4D4D , 6519 
0x4D4D , 6528 
0x4D4D , 6566 
0x4D4D , 6571 
0x4D4D , 6547 
0x4D4D , 6538 
0x4D4D , 6557 
0x4D4D , 6589 
0x4D4D , 6557 
0x4D4D , 6561 
0x4D4D , 6604 
0x4D4D , 6589 
0x4D4D , 6533 
0x4D4D , 6425 
0x4D4D , 6557 
0x4D4D , 6604 
0x4D4D , 6571 
0x4D4D , 6482 
0x4D4D , 6580 
0x4D4D , 6524 
0x4D4D , 6589 
0x4D4D , 6533 
0x4D4D , 6575 
0x4D4D , 6561 
0x4D4D , 6524 
0x4D4D , 6594 
0x4D4D , 6538 
0x4D4D , 6552 
0x4D4D , 6566 
0x4D4D , 6594 
0x4D4D , 6566 
0x4D4D , 6585 
0x4D4D , 6547 
0x4D4D , 6519 
0x4D4D , 6618 
0x4D4D , 6557 
0x4D4D , 6585 
0x4D4D , 6547 
0x4D4D , 6585 
0x4D4D , 6641 
0x4D4D , 6557 
0x4D4D , 6543 
0x4D4D , 6491 
0x4D4D , 6402 
0x4D4D , 6571 
0x4D4D , 6566 
0x4D4D , 6538 
0x4D4D , 6547 
0x4D4D , 6524 
0x4D4D , 6514 
0x4D4D , 6252 
0x4D4D , 6543 
0x4D4D , 6210 
0x4D4D , 6528 
0x4D4D , 6594 
0x4D4D , 6552 
0x4D4D , 6538 
0x4D4D , 6580 
0x4D4D , 6547 
0x4D4D , 6224 
0x4D4D , 6585 
0x4D4D , 6547 
0x4D4D , 6571 
0x4D4D , 6575 
0x4D4D , 6580 
0x4D4D , 6510 
0x4D4D , 6519 
0x4D4D , 6566 
0x4D4D , 6547 
0x4D4D , 6561 
0x4D4D , 6528 
0x4D4D , 6580 
0x4D4D , 6580 
0x4D4D , 0 
0x4D4D , 0 
0x4D4D , 0 
0x4D4D , 0 
0x4D4D , 0 
0x4D4D , 0 
0x4D4D , 0 
0x4D4D , 0 
0x4D4D , 0 
0x4D4D , 0 
0x4D4D , 0 
0x4D4D , 0 
0x4D4D , 0 
0x4D4D , 0 
0x4D4D , 0 
0x4D4D , 0 
0x4D4D , 0 
0x4D4D , 0 
0x4D4D , 0 
0x4D4D , 0 
0x4D4D , 0 
0x4D4D , 0 
0x4D4D , 0 
0x4D4D , 0 
0x4D4D , 0 
0x4D4D , 0 
0x4D4D , 0 
0x4D4D , 0 
0x4D4D , 0 
0x4D4D , 0 
0x4D4D , 0 
0x4D4D , 0 
0x4D4D , 0 
0x4D4D , 0 
0x4D4D , 0 
0x4D4D , 0 
0x4D4D , 0 
0x4D4D , 0 
0x4D4D , 0 
0x4D4D , 0 
0x4D4D , 6566 
0x4D4D , 6561 
0x4D4D , 6585 
0x4D4D , 6594 
0x4D4D , 6543 
0x4D4D , 6543 
0x4D4D , 6552 
0x4D4D , 6557 
0x4D4D , 6543 
0x4D4D , 6599 
0x4D4D , 6538 
0x4D4D , 6538 
0x4D4D , 6557 
0x4D4D , 6533 
0x4D4D , 6571 
0x4D4D , 6589 
0x4D4D , 6561 
0x4D4D , 6543 
0x4D4D , 6585 
0x4D4D , 6552 
0x4D4D , 6589 
0x4D4D , 6585 
0x4D4D , 6547 
0x4D4D , 6510 
0x4D4D , 6589 
0x4D4D , 6571 
0x4D4D , 6566 
0x4D4D , 6538 
0x4D4D , 6604 
0x4D4D , 6552 
0x4D4D , 6514 
0x4D4D , 6566 
0x4D4D , 6604 
0x4D4D , 6599 
0x4D4D , 6247 
0x4D4D , 6557 
0x4D4D , 6533 
0x4D4D , 6533 
0x4D4D , 6538 
0x4D4D , 6561 
0x4D4D , 6557 
0x4D4D , 6575 
0x4D4D , 6599 
0x4D4D , 6608 
0x4D4D , 6604 
0x4D4D , 6533 
0x4D4D , 6604 
0x4D4D , 6561 
0x4D4D , 6557 
0x4D4D , 6594 
0x4D4D , 6585 
0x4D4D , 6294 
0x4D4D , 6547 
0x4D4D , 6566 
0x4D4D , 6613 
0x4D4D , 6561 
0x4D4D , 6575 
0x4D4D , 6533 
0x4D4D , 6599 
0x4D4D , 6566 
0x4D4D , 0 
0x4D4D , 0 
0x4D4D , 0 
0x4D4D , 0 
0x4D4D , 0 
0x4D4D , 0 
0x4D4D , 0 
0x4D4D , 0 
0x4D4D , 0 
0x4D4D , 0 
0x4D4D , 0 
0x4D4D , 0 
0x4D4D , 0 
0x4D4D , 0 
0x4D4D , 0 
0x4D4D , 0 
0x4D4D , 0 
0x4D4D , 0 
0x4D4D , 0 
0x4D4D , 0 
0x4D4D , 6557 
0x4D4D , 6557 
0x4D4D , 6646 
0x4D4D , 6636 
0x4D4D , 6594 
0x4D4D , 6566 
0x4D4D , 6580 
0x4D4D , 6524 
0x4D4D , 6547 
0x4D4D , 6533 
0x4D4D , 6552 
0x4D4D , 6557 
0x4D4D , 6374 
0x4D4D , 6604 
0x4D4D , 6571 
0x4D4D , 6585 
0x4D4D , 6589 
0x4D4D , 6622 
0x4D4D , 6528 
0x4D4D , 6571 
0x4D4D , 0 
0x4D4D , 0 
0x4D4D , 0 
0x4D4D , 0 
0x4D4D , 0 
0x4D4D , 0 
0x4D4D , 0 
0x4D4D , 0 
0x4D4D , 0 
0x4D4D , 0 
0x4D4D , 0 
0x4D4D , 0 
0x4D4D , 0 
0x4D4D , 0 
0x4D4D , 0 
0x4D4D , 0 
0x4D4D , 0 
0x4D4D , 0 
0x4D4D , 0 
0x4D4D , 0 
0x4D4D , 6571 
0x4D4D , 6608 
0x4D4D , 6618 
0x4D4D , 6557 
0x4D4D , 6589 
0x4D4D , 6538 
0x4D4D , 6613 
0x4D4D , 6580 
0x4D4D , 6566 
0x4D4D , 6519 
0x4D4D , 6571 
0x4D4D , 6552 
0x4D4D , 6580 
0x4D4D , 6575 
0x4D4D , 6599 
0x4D4D , 6580 
0x4D4D , 6472 
0x4D4D , 6580 
0x4D4D , 6566 
0x4D4D , 6524 
0x4D4D , 0 
0x4D4D , 0 
0x4D4D , 0 
0x4D4D , 0 
0x4D4D , 0 
0x4D4D , 0 
0x4D4D , 0 
0x4D4D , 0 
0x4D4D , 0 
0x4D4D , 0 
0x4D4D , 0 
0x4D4D , 0 
0x4D4D , 0 
0x4D4D , 0 
0x4D4D , 0 
0x4D4D , 0 
0x4D4D , 0 
0x4D4D , 0 
0x4D4D , 0 
0x4D4D , 0 
0x4D4D , 6604 
0x4D4D , 6580 
0x4D4D , 6566 
0x4D4D , 6552 
0x4D4D , 6524 
0x4D4D , 6500 
0x4D4D , 6599 
0x4D4D , 6580 
0x4D4D , 6566 
0x4D4D , 6543 
0x4D4D , 6261 
0x4D4D , 6580 
0x4D4D , 6524 
0x4D4D , 6552 
0x4D4D , 6528 
0x4D4D , 6533 
0x4D4D , 6632 
0x4D4D , 6533 
0x4D4D , 6528 
0x4D4D , 6571 
0x4D4D , 6505 
0x4D4D , 6491 
0x4D4D , 6580 
0x4D4D , 6571 
0x4D4D , 6604 
0x4D4D , 6566 
0x4D4D , 6519 
0x4D4D , 6547 
0x4D4D , 6552 
0x4D4D , 6552 
0x4D4D , 6543 
0x4D4D , 6589 
0x4D4D , 6552 
0x4D4D , 6543 
0x4D4D , 6538 
0x4D4D , 6594 
0x4D4D , 6552 
0x4D4D , 6543 
0x4D4D , 6271 
0x4D4D , 6599 
0x4D4D , 6533 
0x4D4D , 6589 
0x4D4D , 6557 
0x4D4D , 6594 
0x4D4D , 6589 
0x4D4D , 6618 
0x4D4D , 6575 
0x4D4D , 6604 
0x4D4D , 6575 
0x4D4D , 6486 
0x4D4D , 6571 
0x4D4D , 6528 
0x4D4D , 6594 
0x4D4D , 6585 
0x4D4D , 6557 
0x4D4D , 6533 
0x4D4D , 6594 
0x4D4D , 6599 
0x4D4D , 6538 
0x4D4D , 6608 
0x4D4D , 0 
0x4D4D , 0 
0x4D4D , 0 
0x4D4D , 0 
0x4D4D , 0 
0x4D4D , 0 
0x4D4D , 0 
0x4D4D , 0 
0x4D4D , 0 
0x4D4D , 0 
0x4D4D , 0 
0x4D4D , 0 
0x4D4D , 0 
0x4D4D , 0 
0x4D4D , 0 
0x4D4D , 0 
0x4D4D , 0 
0x4D4D , 0 
0x4D4D , 0 
0x4D4D , 0 
0x4D4D , 6566 
0x4D4D , 6571 
0x4D4D , 6547 
0x4D4D , 6571 
0x4D4D , 6589 
0x4D4D , 6580 
0x4D4D , 6604 
0x4D4D , 6627 
0x4D4D , 6557 
0x4D4D , 6571 
0x4D4D , 6561 
0x4D4D , 6566 
0x4D4D , 6557 
0x4D4D , 6599 
0x4D4D , 6561 
0x4D4D , 6585 
0x4D4D , 6589 
0x4D4D , 6510 
0x4D4D , 6589 
0x4D4D , 6374 
0x4D4D , 6533 
0x4D4D , 6589 
0x4D4D , 6604 
0x4D4D , 6580 
0x4D4D , 6566 
0x4D4D , 6543 
0x4D4D , 6547 
0x4D4D , 6594 
0x4D4D , 6594 
0x4D4D , 6575 
0x4D4D , 6552 
0x4D4D , 6594 
0x4D4D , 6561 
0x4D4D , 6547 
0x4D4D , 6566 
0x4D4D , 6547 
0x4D4D , 6552 
0x4D4D , 6543 
0x4D4D , 6608 
0x4D4D , 6561 
