0x5A5A , 8236 
0x5A5A , 8217 
0x5A5A , 8217 
0x5A5A , 8222 
0x5A5A , 8208 
0x5A5A , 8226 
0x5A5A , 8226 
0x5A5A , 8292 
0x5A5A , 8245 
0x5A5A , 8217 
0x5A5A , 8194 
0x5A5A , 8255 
0x5A5A , 8222 
0x5A5A , 8212 
0x5A5A , 8156 
0x5A5A , 8179 
0x5A5A , 8198 
0x5A5A , 8208 
0x5A5A , 8217 
0x5A5A , 8212 
0x5A5A , 8222 
0x5A5A , 8231 
0x5A5A , 8184 
0x5A5A , 8217 
0x5A5A , 8179 
0x5A5A , 8240 
0x5A5A , 8231 
0x5A5A , 8217 
0x5A5A , 8255 
0x5A5A , 8245 
0x5A5A , 8217 
0x5A5A , 8189 
0x5A5A , 8212 
0x5A5A , 8170 
0x5A5A , 8212 
0x5A5A , 8198 
0x5A5A , 8184 
0x5A5A , 8231 
0x5A5A , 8194 
0x5A5A , 8179 
0x5A5A , 8212 
0x5A5A , 8236 
0x5A5A , 8250 
0x5A5A , 8231 
0x5A5A , 8203 
0x5A5A , 8217 
0x5A5A , 8226 
0x5A5A , 8198 
0x5A5A , 8175 
0x5A5A , 8208 
0x5A5A , 8236 
0x5A5A , 8212 
0x5A5A , 8217 
0x5A5A , 8179 
0x5A5A , 8217 
0x5A5A , 8198 
0x5A5A , 8208 
0x5A5A , 8194 
0x5A5A , 8198 
0x5A5A , 8203 
0x5A5A , 0 
0x5A5A , 0 
0x5A5A , 0 
0x5A5A , 0 
0x5A5A , 0 
0x5A5A , 0 
0x5A5A , 0 
0x5A5A , 0 
0x5A5A , 0 
0x5A5A , 0 
0x5A5A , 0 
0x5A5A , 0 
0x5A5A , 0 
0x5A5A , 0 
0x5A5A , 0 
0x5A5A , 0 
0x5A5A , 0 
0x5A5A , 0 
0x5A5A , 0 
0x5A5A , 0 
0x5A5A , 8217 
0x5A5A , 8236 
0x5A5A , 8255 
0x5A5A , 8217 
0x5A5A , 8212 
0x5A5A , 8217 
0x5A5A , 8208 
0x5A5A , 8255 
0x5A5A , 8198 
0x5A5A , 8212 
0x5A5A , 8212 
0x5A5A , 8203 
0x5A5A , 8179 
0x5A5A , 8226 
0x5A5A , 8194 
0x5A5A , 8264 
0x5A5A , 8189 
0x5A5A , 8170 
0x5A5A , 8198 
0x5A5A , 8184 
0x5A5A , 8217 
0x5A5A , 8198 
0x5A5A , 8222 
0x5A5A , 8226 
0x5A5A , 8212 
0x5A5A , 8212 
0x5A5A , 8198 
0x5A5A , 8194 
0x5A5A , 8236 
0x5A5A , 8175 
0x5A5A , 8212 
0x5A5A , 8198 
0x5A5A , 8179 
0x5A5A , 8175 
0x5A5A , 8170 
0x5A5A , 8194 
0x5A5A , 8226 
0x5A5A , 8212 
0x5A5A , 8170 
0x5A5A , 8184 
0x5A5A , 8250 
0x5A5A , 8194 
0x5A5A , 8226 
0x5A5A , 8208 
0x5A5A , 8194 
0x5A5A , 8240 
0x5A5A , 8226 
0x5A5A , 8194 
0x5A5A , 8217 
0x5A5A , 8231 
0x5A5A , 8217 
0x5A5A , 8137 
0x5A5A , 8189 
0x5A5A , 8175 
0x5A5A , 8179 
0x5A5A , 8217 
0x5A5A , 8170 
0x5A5A , 8203 
0x5A5A , 8222 
0x5A5A , 8212 
0x5A5A , 8240 
0x5A5A , 8198 
0x5A5A , 8222 
0x5A5A , 8189 
0x5A5A , 8208 
0x5A5A , 8194 
0x5A5A , 8231 
0x5A5A , 8208 
0x5A5A , 8203 
0x5A5A , 8189 
0x5A5A , 8133 
0x5A5A , 8212 
0x5A5A , 8142 
0x5A5A , 8184 
0x5A5A , 8179 
0x5A5A , 8170 
0x5A5A , 8194 
0x5A5A , 8203 
0x5A5A , 8184 
0x5A5A , 8203 
0x5A5A , 8212 
0x5A5A , 8194 
0x5A5A , 8231 
0x5A5A , 8189 
0x5A5A , 8165 
0x5A5A , 8165 
0x5A5A , 8198 
0x5A5A , 8236 
0x5A5A , 8194 
0x5A5A , 8175 
0x5A5A , 8212 
0x5A5A , 8175 
0x5A5A , 8194 
0x5A5A , 8222 
0x5A5A , 8203 
0x5A5A , 8161 
0x5A5A , 8161 
0x5A5A , 8161 
0x5A5A , 8161 
0x5A5A , 8184 
0x5A5A , 8212 
0x5A5A , 8231 
0x5A5A , 8184 
0x5A5A , 8161 
0x5A5A , 8203 
0x5A5A , 8179 
0x5A5A , 8189 
0x5A5A , 8208 
0x5A5A , 8170 
0x5A5A , 8175 
0x5A5A , 8245 
0x5A5A , 8203 
0x5A5A , 8184 
0x5A5A , 8179 
0x5A5A , 8198 
0x5A5A , 8142 
0x5A5A , 8236 
0x5A5A , 8217 
0x5A5A , 8203 
0x5A5A , 8179 
0x5A5A , 0 
0x5A5A , 0 
0x5A5A , 0 
0x5A5A , 0 
0x5A5A , 0 
0x5A5A , 0 
0x5A5A , 0 
0x5A5A , 0 
0x5A5A , 0 
0x5A5A , 0 
0x5A5A , 0 
0x5A5A , 0 
0x5A5A , 0 
0x5A5A , 0 
0x5A5A , 0 
0x5A5A , 0 
0x5A5A , 0 
0x5A5A , 0 
0x5A5A , 0 
0x5A5A , 0 
0x5A5A , 8240 
0x5A5A , 8226 
0x5A5A , 8208 
0x5A5A , 8222 
0x5A5A , 8236 
0x5A5A , 8231 
0x5A5A , 8198 
0x5A5A , 8222 
0x5A5A , 8198 
0x5A5A , 8147 
0x5A5A , 8217 
0x5A5A , 8194 
0x5A5A , 8175 
0x5A5A , 8212 
0x5A5A , 8184 
0x5A5A , 8212 
0x5A5A , 8170 
0x5A5A , 8175 
0x5A5A , 8175 
0x5A5A , 8161 
0x5A5A , 8208 
0x5A5A , 8231 
0x5A5A , 8179 
0x5A5A , 8156 
0x5A5A , 8203 
0x5A5A , 8161 
0x5A5A , 8179 
0x5A5A , 8217 
0x5A5A , 8179 
0x5A5A , 8184 
0x5A5A , 8170 
0x5A5A , 8208 
0x5A5A , 8156 
0x5A5A , 8165 
0x5A5A , 8179 
0x5A5A , 8170 
0x5A5A , 8184 
0x5A5A , 8147 
0x5A5A , 8179 
0x5A5A , 8175 
0x5A5A , 8170 
0x5A5A , 8194 
0x5A5A , 8231 
0x5A5A , 8175 
0x5A5A , 8161 
0x5A5A , 8170 
0x5A5A , 8179 
0x5A5A , 8179 
0x5A5A , 8189 
0x5A5A , 8151 
0x5A5A , 8226 
0x5A5A , 8170 
0x5A5A , 8212 
0x5A5A , 8151 
0x5A5A , 8151 
0x5A5A , 8179 
0x5A5A , 8128 
0x5A5A , 8179 
0x5A5A , 8184 
0x5A5A , 8194 
0x5A5A , 8217 
0x5A5A , 8226 
0x5A5A , 8170 
0x5A5A , 8203 
0x5A5A , 8184 
0x5A5A , 8170 
0x5A5A , 8170 
0x5A5A , 8179 
0x5A5A , 8212 
0x5A5A , 8203 
0x5A5A , 8170 
0x5A5A , 8194 
0x5A5A , 8179 
0x5A5A , 8189 
0x5A5A , 8217 
0x5A5A , 8236 
0x5A5A , 8184 
0x5A5A , 8179 
0x5A5A , 8165 
0x5A5A , 8198 
0x5A5A , 0 
0x5A5A , 0 
0x5A5A , 0 
0x5A5A , 0 
0x5A5A , 0 
0x5A5A , 0 
0x5A5A , 0 
0x5A5A , 0 
0x5A5A , 0 
0x5A5A , 0 
0x5A5A , 0 
0x5A5A , 0 
0x5A5A , 0 
0x5A5A , 0 
0x5A5A , 0 
0x5A5A , 0 
0x5A5A , 0 
0x5A5A , 0 
0x5A5A , 0 
0x5A5A , 0 
0x5A5A , 8240 
0x5A5A , 8236 
0x5A5A , 8212 
0x5A5A , 8189 
0x5A5A , 8184 
0x5A5A , 8208 
0x5A5A , 8231 
0x5A5A , 8165 
0x5A5A , 8212 
0x5A5A , 8184 
0x5A5A , 8198 
0x5A5A , 8170 
0x5A5A , 8208 
0x5A5A , 8170 
0x5A5A , 8170 
0x5A5A , 8194 
0x5A5A , 8170 
0x5A5A , 8203 
0x5A5A , 8203 
0x5A5A , 8184 
0x5A5A , 8236 
0x5A5A , 8175 
0x5A5A , 8161 
0x5A5A , 8194 
0x5A5A , 8255 
0x5A5A , 8179 
0x5A5A , 8161 
0x5A5A , 8170 
0x5A5A , 8179 
0x5A5A , 8198 
0x5A5A , 8203 
0x5A5A , 8184 
0x5A5A , 8222 
0x5A5A , 8222 
0x5A5A , 8231 
0x5A5A , 8208 
0x5A5A , 8194 
0x5A5A , 8189 
0x5A5A , 8184 
0x5A5A , 8170 
0x5A5A , 8189 
0x5A5A , 8161 
0x5A5A , 8231 
0x5A5A , 8184 
0x5A5A , 8170 
0x5A5A , 8179 
0x5A5A , 8165 
0x5A5A , 8203 
0x5A5A , 8175 
0x5A5A , 8142 
0x5A5A , 8189 
0x5A5A , 8194 
0x5A5A , 8170 
0x5A5A , 8179 
0x5A5A , 8208 
0x5A5A , 8189 
0x5A5A , 8175 
0x5A5A , 8184 
0x5A5A , 8226 
0x5A5A , 8189 
0x5A5A , 8217 
0x5A5A , 8203 
0x5A5A , 8198 
0x5A5A , 8217 
0x5A5A , 8198 
0x5A5A , 8189 
0x5A5A , 8184 
0x5A5A , 8184 
0x5A5A , 8189 
0x5A5A , 8194 
0x5A5A , 8212 
0x5A5A , 8179 
0x5A5A , 8147 
0x5A5A , 8222 
0x5A5A , 8170 
0x5A5A , 8189 
0x5A5A , 8198 
0x5A5A , 7992 
0x5A5A , 8161 
0x5A5A , 8212 
0x5A5A , 8208 
0x5A5A , 8179 
0x5A5A , 8217 
0x5A5A , 8198 
0x5A5A , 8203 
0x5A5A , 8222 
0x5A5A , 8194 
0x5A5A , 8142 
0x5A5A , 8179 
0x5A5A , 8151 
0x5A5A , 8165 
0x5A5A , 8208 
0x5A5A , 8165 
0x5A5A , 8161 
0x5A5A , 8212 
0x5A5A , 8170 
0x5A5A , 8142 
0x5A5A , 8147 
0x5A5A , 8137 
0x5A5A , 8170 
0x5A5A , 8208 
0x5A5A , 8151 
0x5A5A , 8208 
0x5A5A , 8179 
0x5A5A , 8161 
0x5A5A , 8184 
0x5A5A , 8222 
0x5A5A , 8208 
0x5A5A , 8151 
0x5A5A , 8175 
0x5A5A , 8123 
0x5A5A , 8156 
0x5A5A , 8179 
0x5A5A , 8184 
0x5A5A , 8175 
0x5A5A , 8175 
0x5A5A , 8161 
0x5A5A , 8165 
0x5A5A , 8189 
0x5A5A , 8189 
0x5A5A , 8194 
0x5A5A , 8226 
0x5A5A , 8194 
0x5A5A , 8184 
0x5A5A , 8226 
0x5A5A , 8170 
0x5A5A , 8189 
0x5A5A , 8161 
0x5A5A , 8231 
0x5A5A , 8236 
0x5A5A , 8189 
0x5A5A , 8208 
0x5A5A , 8189 
0x5A5A , 8184 
0x5A5A , 8226 
0x5A5A , 8179 
0x5A5A , 8198 
0x5A5A , 8151 
0x5A5A , 8175 
0x5A5A , 8156 
0x5A5A , 8217 
0x5A5A , 8194 
0x5A5A , 8189 
0x5A5A , 8151 
0x5A5A , 8175 
0x5A5A , 8161 
0x5A5A , 8198 
0x5A5A , 8175 
0x5A5A , 8179 
0x5A5A , 8194 
0x5A5A , 8165 
0x5A5A , 8212 
0x5A5A , 8156 
0x5A5A , 8161 
0x5A5A , 8123 
0x5A5A , 8208 
0x5A5A , 8170 
0x5A5A , 8184 
0x5A5A , 8175 
0x5A5A , 8226 
0x5A5A , 8161 
0x5A5A , 8156 
0x5A5A , 8179 
0x5A5A , 8226 
0x5A5A , 8189 
0x5A5A , 8179 
0x5A5A , 8212 
0x5A5A , 8198 
0x5A5A , 8208 
0x5A5A , 8147 
0x5A5A , 8179 
0x5A5A , 8184 
0x5A5A , 8170 
0x5A5A , 8123 
0x5A5A , 8194 
0x5A5A , 8142 
0x5A5A , 8179 
0x5A5A , 8170 
0x5A5A , 8184 
0x5A5A , 8151 
0x5A5A , 8203 
0x5A5A , 8175 
0x5A5A , 8147 
0x5A5A , 8208 
0x5A5A , 8198 
0x5A5A , 8208 
0x5A5A , 8165 
0x5A5A , 8208 
0x5A5A , 8123 
0x5A5A , 8175 
0x5A5A , 8189 
0x5A5A , 8184 
0x5A5A , 8170 
0x5A5A , 8137 
0x5A5A , 8208 
0x5A5A , 8165 
0x5A5A , 8179 
0x5A5A , 8179 
0x5A5A , 8208 
0x5A5A , 8170 
0x5A5A , 8194 
0x5A5A , 8212 
0x5A5A , 8198 
0x5A5A , 8184 
0x5A5A , 8212 
0x5A5A , 8156 
0x5A5A , 8151 
0x5A5A , 8189 
0x5A5A , 8151 
0x5A5A , 8151 
0x5A5A , 8142 
0x5A5A , 8170 
0x5A5A , 8170 
0x5A5A , 8175 
0x5A5A , 8123 
0x5A5A , 8151 
0x5A5A , 8198 
0x5A5A , 8194 
0x5A5A , 8203 
0x5A5A , 8184 
0x5A5A , 8179 
0x5A5A , 8175 
0x5A5A , 8156 
0x5A5A , 8175 
0x5A5A , 8184 
0x5A5A , 8189 
0x5A5A , 8189 
0x5A5A , 8156 
0x5A5A , 8222 
0x5A5A , 8198 
0x5A5A , 8194 
0x5A5A , 8184 
0x5A5A , 8156 
0x5A5A , 8236 
0x5A5A , 8203 
0x5A5A , 8165 
0x5A5A , 8170 
0x5A5A , 8151 
0x5A5A , 8170 
0x5A5A , 8156 
0x5A5A , 0 
0x5A5A , 0 
0x5A5A , 0 
0x5A5A , 0 
0x5A5A , 0 
0x5A5A , 0 
0x5A5A , 0 
0x5A5A , 0 
0x5A5A , 0 
0x5A5A , 0 
0x5A5A , 0 
0x5A5A , 0 
0x5A5A , 0 
0x5A5A , 0 
0x5A5A , 0 
0x5A5A , 0 
0x5A5A , 0 
0x5A5A , 0 
0x5A5A , 0 
0x5A5A , 0 
0x5A5A , 8217 
0x5A5A , 8212 
0x5A5A , 8203 
0x5A5A , 8212 
0x5A5A , 8194 
0x5A5A , 8179 
0x5A5A , 8208 
0x5A5A , 8217 
0x5A5A , 8137 
0x5A5A , 8137 
0x5A5A , 8170 
0x5A5A , 8203 
0x5A5A , 8161 
0x5A5A , 8170 
0x5A5A , 8208 
0x5A5A , 8151 
0x5A5A , 8175 
0x5A5A , 8194 
0x5A5A , 8179 
0x5A5A , 8194 
0x5A5A , 8208 
0x5A5A , 8189 
0x5A5A , 8226 
0x5A5A , 8156 
0x5A5A , 8208 
0x5A5A , 8198 
0x5A5A , 8184 
0x5A5A , 8137 
0x5A5A , 8161 
0x5A5A , 8179 
0x5A5A , 8194 
0x5A5A , 8170 
0x5A5A , 8142 
0x5A5A , 8217 
0x5A5A , 8156 
0x5A5A , 8189 
0x5A5A , 8203 
0x5A5A , 8194 
0x5A5A , 8175 
0x5A5A , 8170 
0x5A5A , 8203 
0x5A5A , 8165 
0x5A5A , 8198 
0x5A5A , 8170 
0x5A5A , 8142 
0x5A5A , 8165 
0x5A5A , 8184 
0x5A5A , 8208 
0x5A5A , 8170 
0x5A5A , 8184 
0x5A5A , 8208 
0x5A5A , 8189 
0x5A5A , 8142 
0x5A5A , 8165 
0x5A5A , 8128 
0x5A5A , 8222 
0x5A5A , 8194 
0x5A5A , 8156 
0x5A5A , 8147 
0x5A5A , 8142 
0x5A5A , 8179 
0x5A5A , 8194 
0x5A5A , 8156 
0x5A5A , 8212 
0x5A5A , 8161 
0x5A5A , 8208 
0x5A5A , 8175 
0x5A5A , 8179 
0x5A5A , 8165 
0x5A5A , 8156 
0x5A5A , 8128 
0x5A5A , 8165 
0x5A5A , 8123 
0x5A5A , 8175 
0x5A5A , 8198 
0x5A5A , 8161 
0x5A5A , 8170 
0x5A5A , 8137 
0x5A5A , 8151 
0x5A5A , 8119 
0x5A5A , 8208 
0x5A5A , 8123 
0x5A5A , 8175 
0x5A5A , 8194 
0x5A5A , 8189 
0x5A5A , 8161 
0x5A5A , 8147 
0x5A5A , 8147 
0x5A5A , 8179 
0x5A5A , 8226 
0x5A5A , 8175 
0x5A5A , 8142 
0x5A5A , 8156 
0x5A5A , 8175 
0x5A5A , 8179 
0x5A5A , 8198 
0x5A5A , 8156 
0x5A5A , 8109 
0x5A5A , 8100 
0x5A5A , 8217 
0x5A5A , 8231 
0x5A5A , 8175 
0x5A5A , 8179 
0x5A5A , 8175 
0x5A5A , 8165 
0x5A5A , 8203 
0x5A5A , 8170 
0x5A5A , 8198 
0x5A5A , 8161 
0x5A5A , 8179 
0x5A5A , 8133 
0x5A5A , 8170 
0x5A5A , 8137 
0x5A5A , 8137 
0x5A5A , 8175 
0x5A5A , 8203 
0x5A5A , 8179 
0x5A5A , 8203 
0x5A5A , 8208 
0x5A5A , 8147 
0x5A5A , 8203 
0x5A5A , 8151 
0x5A5A , 8151 
0x5A5A , 8128 
0x5A5A , 8198 
0x5A5A , 8175 
0x5A5A , 8156 
0x5A5A , 8133 
0x5A5A , 8184 
0x5A5A , 8170 
0x5A5A , 8142 
0x5A5A , 8175 
0x5A5A , 8151 
0x5A5A , 8179 
0x5A5A , 8165 
0x5A5A , 8119 
0x5A5A , 8203 
0x5A5A , 8151 
0x5A5A , 8165 
0x5A5A , 8119 
0x5A5A , 8165 
0x5A5A , 8198 
0x5A5A , 8128 
0x5A5A , 8203 
0x5A5A , 8217 
0x5A5A , 8184 
0x5A5A , 8156 
0x5A5A , 8198 
0x5A5A , 8156 
0x5A5A , 8156 
0x5A5A , 8175 
0x5A5A , 8147 
0x5A5A , 8170 
0x5A5A , 8133 
0x5A5A , 8151 
0x5A5A , 8156 
0x5A5A , 8184 
0x5A5A , 8189 
0x5A5A , 8123 
0x5A5A , 8137 
0x5A5A , 8184 
0x5A5A , 8184 
0x5A5A , 8203 
0x5A5A , 8170 
0x5A5A , 8147 
0x5A5A , 8208 
0x5A5A , 8170 
0x5A5A , 8119 
0x5A5A , 8147 
0x5A5A , 8123 
0x5A5A , 8151 
0x5A5A , 8179 
0x5A5A , 8128 
0x5A5A , 8165 
0x5A5A , 8184 
0x5A5A , 8161 
0x5A5A , 8179 
0x5A5A , 8175 
0x5A5A , 8179 
0x5A5A , 8161 
0x5A5A , 8184 
0x5A5A , 8170 
0x5A5A , 8179 
0x5A5A , 8170 
0x5A5A , 8151 
0x5A5A , 8184 
0x5A5A , 8151 
0x5A5A , 8165 
0x5A5A , 8194 
0x5A5A , 8151 
0x5A5A , 8165 
0x5A5A , 8184 
0x5A5A , 8175 
0x5A5A , 8156 
0x5A5A , 8189 
0x5A5A , 8161 
0x5A5A , 8175 
0x5A5A , 8179 
0x5A5A , 8151 
0x5A5A , 8156 
0x5A5A , 8184 
0x5A5A , 8184 
0x5A5A , 8184 
0x5A5A , 8189 
0x5A5A , 8165 
0x5A5A , 8147 
0x5A5A , 8133 
0x5A5A , 8133 
0x5A5A , 8184 
0x5A5A , 8161 
0x5A5A , 8198 
0x5A5A , 8119 
0x5A5A , 8142 
0x5A5A , 8184 
0x5A5A , 8194 
0x5A5A , 8128 
0x5A5A , 8161 
0x5A5A , 8142 
0x5A5A , 8128 
0x5A5A , 8175 
0x5A5A , 8198 
0x5A5A , 8161 
0x5A5A , 8212 
0x5A5A , 8137 
0x5A5A , 8175 
0x5A5A , 8156 
0x5A5A , 8100 
0x5A5A , 8179 
0x5A5A , 8161 
0x5A5A , 8161 
0x5A5A , 8175 
0x5A5A , 8128 
0x5A5A , 8137 
0x5A5A , 8175 
0x5A5A , 8184 
0x5A5A , 8114 
0x5A5A , 8137 
0x5A5A , 8151 
0x5A5A , 8165 
0x5A5A , 8194 
0x5A5A , 0 
0x5A5A , 0 
0x5A5A , 0 
0x5A5A , 0 
0x5A5A , 0 
0x5A5A , 0 
0x5A5A , 0 
0x5A5A , 0 
0x5A5A , 0 
0x5A5A , 0 
0x5A5A , 0 
0x5A5A , 0 
0x5A5A , 0 
0x5A5A , 0 
0x5A5A , 0 
0x5A5A , 0 
0x5A5A , 0 
0x5A5A , 0 
0x5A5A , 0 
0x5A5A , 0 
0x5A5A , 8203 
0x5A5A , 8212 
0x5A5A , 8217 
0x5A5A , 8179 
0x5A5A , 8208 
0x5A5A , 8175 
0x5A5A , 8128 
0x5A5A , 8133 
0x5A5A , 8165 
0x5A5A , 8156 
0x5A5A , 8142 
0x5A5A , 8179 
0x5A5A , 8161 
0x5A5A , 8156 
0x5A5A , 8165 
0x5A5A , 8212 
0x5A5A , 8156 
0x5A5A , 8170 
0x5A5A , 8161 
0x5A5A , 8156 
0x5A5A , 8189 
0x5A5A , 8170 
0x5A5A , 8198 
0x5A5A , 8198 
0x5A5A , 8194 
0x5A5A , 8165 
0x5A5A , 8151 
0x5A5A , 8137 
0x5A5A , 8147 
0x5A5A , 8114 
0x5A5A , 8147 
0x5A5A , 8184 
0x5A5A , 8165 
0x5A5A , 8165 
0x5A5A , 8170 
0x5A5A , 8104 
0x5A5A , 8156 
0x5A5A , 8184 
0x5A5A , 8203 
0x5A5A , 8203 
0x5A5A , 8151 
0x5A5A , 8179 
0x5A5A , 8161 
0x5A5A , 8198 
0x5A5A , 8189 
0x5A5A , 8165 
0x5A5A , 8179 
0x5A5A , 8170 
0x5A5A , 8119 
0x5A5A , 8170 
0x5A5A , 8208 
0x5A5A , 8161 
0x5A5A , 8184 
0x5A5A , 8123 
0x5A5A , 8147 
0x5A5A , 8133 
0x5A5A , 8114 
0x5A5A , 8156 
0x5A5A , 8151 
0x5A5A , 8175 
0x5A5A , 8147 
0x5A5A , 8179 
0x5A5A , 8203 
0x5A5A , 8175 
0x5A5A , 8170 
0x5A5A , 8194 
0x5A5A , 8156 
0x5A5A , 8175 
0x5A5A , 8194 
0x5A5A , 8142 
0x5A5A , 8161 
0x5A5A , 8189 
0x5A5A , 8151 
0x5A5A , 8175 
0x5A5A , 8179 
0x5A5A , 8053 
0x5A5A , 8142 
0x5A5A , 8151 
0x5A5A , 8123 
0x5A5A , 8222 
0x5A5A , 8184 
0x5A5A , 8175 
0x5A5A , 8156 
0x5A5A , 8165 
0x5A5A , 8189 
0x5A5A , 8156 
0x5A5A , 8165 
0x5A5A , 8198 
0x5A5A , 8151 
0x5A5A , 8217 
0x5A5A , 8151 
0x5A5A , 8179 
0x5A5A , 8194 
0x5A5A , 8161 
0x5A5A , 8179 
0x5A5A , 8156 
0x5A5A , 8137 
0x5A5A , 8137 
0x5A5A , 8142 
0x5A5A , 8147 
0x5A5A , 8133 
0x5A5A , 8184 
0x5A5A , 8147 
0x5A5A , 8151 
0x5A5A , 8170 
0x5A5A , 8156 
0x5A5A , 8147 
0x5A5A , 8184 
0x5A5A , 8156 
0x5A5A , 8123 
0x5A5A , 8170 
0x5A5A , 8114 
0x5A5A , 8165 
0x5A5A , 8133 
0x5A5A , 8147 
0x5A5A , 8151 
0x5A5A , 8137 
0x5A5A , 8156 
0x5A5A , 8161 
0x5A5A , 8133 
0x5A5A , 8212 
0x5A5A , 8156 
0x5A5A , 8175 
0x5A5A , 8184 
0x5A5A , 8142 
0x5A5A , 8170 
0x5A5A , 8179 
0x5A5A , 8156 
0x5A5A , 8156 
0x5A5A , 8109 
0x5A5A , 8142 
0x5A5A , 8170 
0x5A5A , 8151 
0x5A5A , 8203 
0x5A5A , 8175 
0x5A5A , 8161 
0x5A5A , 8142 
0x5A5A , 8123 
0x5A5A , 8151 
0x5A5A , 8175 
0x5A5A , 8231 
0x5A5A , 8095 
0x5A5A , 8175 
0x5A5A , 8161 
0x5A5A , 8212 
0x5A5A , 8114 
0x5A5A , 8156 
0x5A5A , 8194 
0x5A5A , 8133 
0x5A5A , 8133 
0x5A5A , 8203 
0x5A5A , 8161 
0x5A5A , 8184 
0x5A5A , 8156 
0x5A5A , 8212 
0x5A5A , 8184 
0x5A5A , 8109 
0x5A5A , 8147 
0x5A5A , 8104 
0x5A5A , 8123 
0x5A5A , 8194 
0x5A5A , 8133 
0x5A5A , 8142 
0x5A5A , 8161 
0x5A5A , 8156 
0x5A5A , 8179 
0x5A5A , 8208 
0x5A5A , 8151 
0x5A5A , 8114 
0x5A5A , 8189 
0x5A5A , 8194 
0x5A5A , 8119 
0x5A5A , 8156 
0x5A5A , 8142 
0x5A5A , 8123 
0x5A5A , 8165 
0x5A5A , 8161 
0x5A5A , 8137 
0x5A5A , 8100 
0x5A5A , 8198 
0x5A5A , 8222 
0x5A5A , 8212 
0x5A5A , 8189 
0x5A5A , 8175 
0x5A5A , 8203 
0x5A5A , 8123 
0x5A5A , 8170 
0x5A5A , 8194 
0x5A5A , 8133 
0x5A5A , 8198 
0x5A5A , 8170 
0x5A5A , 8161 
0x5A5A , 8123 
0x5A5A , 8151 
0x5A5A , 8147 
0x5A5A , 8133 
0x5A5A , 8151 
0x5A5A , 8151 
0x5A5A , 8151 
0x5A5A , 8142 
0x5A5A , 8114 
0x5A5A , 8142 
0x5A5A , 8165 
0x5A5A , 8137 
0x5A5A , 8156 
0x5A5A , 8151 
0x5A5A , 8170 
0x5A5A , 8109 
0x5A5A , 8119 
0x5A5A , 8170 
0x5A5A , 8128 
0x5A5A , 8156 
0x5A5A , 8156 
0x5A5A , 8161 
0x5A5A , 8165 
0x5A5A , 8156 
0x5A5A , 8133 
0x5A5A , 8109 
0x5A5A , 8170 
0x5A5A , 8151 
0x5A5A , 8147 
0x5A5A , 8194 
0x5A5A , 8142 
0x5A5A , 8189 
0x5A5A , 8175 
0x5A5A , 8179 
0x5A5A , 8161 
0x5A5A , 8090 
0x5A5A , 8156 
0x5A5A , 8194 
0x5A5A , 8109 
0x5A5A , 8128 
0x5A5A , 8165 
0x5A5A , 8128 
0x5A5A , 8095 
0x5A5A , 8133 
0x5A5A , 8151 
0x5A5A , 8175 
0x5A5A , 8151 
0x5A5A , 8128 
0x5A5A , 0 
0x5A5A , 0 
0x5A5A , 0 
0x5A5A , 0 
0x5A5A , 0 
0x5A5A , 0 
0x5A5A , 0 
0x5A5A , 0 
0x5A5A , 0 
0x5A5A , 0 
0x5A5A , 0 
0x5A5A , 0 
0x5A5A , 0 
0x5A5A , 0 
0x5A5A , 0 
0x5A5A , 0 
0x5A5A , 0 
0x5A5A , 0 
0x5A5A , 0 
0x5A5A , 0 
0x5A5A , 8175 
0x5A5A , 8156 
0x5A5A , 8156 
0x5A5A , 8198 
0x5A5A , 8170 
0x5A5A , 8147 
0x5A5A , 8194 
0x5A5A , 8156 
0x5A5A , 8165 
0x5A5A , 8189 
0x5A5A , 8208 
0x5A5A , 8147 
0x5A5A , 8179 
0x5A5A , 8184 
0x5A5A , 8109 
0x5A5A , 8170 
0x5A5A , 8189 
0x5A5A , 8156 
0x5A5A , 8175 
0x5A5A , 8151 
0x5A5A , 8151 
0x5A5A , 8151 
0x5A5A , 8189 
0x5A5A , 8137 
0x5A5A , 8151 
0x5A5A , 8151 
0x5A5A , 8165 
0x5A5A , 8128 
0x5A5A , 8175 
0x5A5A , 8147 
0x5A5A , 8179 
0x5A5A , 8170 
0x5A5A , 8198 
0x5A5A , 8161 
0x5A5A , 8170 
0x5A5A , 8137 
0x5A5A , 8142 
0x5A5A , 8156 
0x5A5A , 8128 
0x5A5A , 8147 
0x5A5A , 8189 
0x5A5A , 8175 
0x5A5A , 8175 
0x5A5A , 8156 
0x5A5A , 8156 
0x5A5A , 8147 
0x5A5A , 8119 
0x5A5A , 8142 
0x5A5A , 8128 
0x5A5A , 8137 
0x5A5A , 8165 
0x5A5A , 8128 
0x5A5A , 8156 
0x5A5A , 8194 
0x5A5A , 8156 
0x5A5A , 8147 
0x5A5A , 8165 
0x5A5A , 8156 
0x5A5A , 8156 
0x5A5A , 8147 
0x5A5A , 8189 
0x5A5A , 8161 
0x5A5A , 8151 
0x5A5A , 8184 
0x5A5A , 8137 
0x5A5A , 8137 
0x5A5A , 8170 
0x5A5A , 8147 
0x5A5A , 8109 
0x5A5A , 8217 
0x5A5A , 8175 
0x5A5A , 8156 
0x5A5A , 8109 
0x5A5A , 8123 
0x5A5A , 8142 
0x5A5A , 8128 
0x5A5A , 8090 
0x5A5A , 8142 
0x5A5A , 8156 
0x5A5A , 8170 
0x5A5A , 8142 
0x5A5A , 8175 
0x5A5A , 8179 
0x5A5A , 8184 
0x5A5A , 8226 
0x5A5A , 8123 
0x5A5A , 8161 
0x5A5A , 8147 
0x5A5A , 8175 
0x5A5A , 8212 
0x5A5A , 8114 
0x5A5A , 8142 
0x5A5A , 8147 
0x5A5A , 8123 
0x5A5A , 8165 
0x5A5A , 8175 
0x5A5A , 8156 
0x5A5A , 8156 
0x5A5A , 8133 
0x5A5A , 8123 
0x5A5A , 8137 
0x5A5A , 8184 
0x5A5A , 8147 
0x5A5A , 8142 
0x5A5A , 8147 
0x5A5A , 8133 
0x5A5A , 8109 
0x5A5A , 8133 
0x5A5A , 8137 
0x5A5A , 8151 
0x5A5A , 8133 
0x5A5A , 8156 
0x5A5A , 8170 
0x5A5A , 8123 
0x5A5A , 8100 
0x5A5A , 8114 
0x5A5A , 8109 
0x5A5A , 8165 
0x5A5A , 8114 
0x5A5A , 8170 
0x5A5A , 8194 
0x5A5A , 8170 
0x5A5A , 8194 
0x5A5A , 8151 
0x5A5A , 8175 
0x5A5A , 8128 
0x5A5A , 8179 
0x5A5A , 8165 
0x5A5A , 8137 
0x5A5A , 8165 
0x5A5A , 8137 
0x5A5A , 8175 
0x5A5A , 8165 
0x5A5A , 8151 
0x5A5A , 8119 
0x5A5A , 8100 
0x5A5A , 8137 
0x5A5A , 8142 
0x5A5A , 8147 
0x5A5A , 8151 
0x5A5A , 8194 
0x5A5A , 8217 
0x5A5A , 8109 
0x5A5A , 8179 
0x5A5A , 8165 
0x5A5A , 8151 
0x5A5A , 8165 
0x5A5A , 8128 
0x5A5A , 8151 
0x5A5A , 8109 
0x5A5A , 8137 
0x5A5A , 8142 
0x5A5A , 8109 
0x5A5A , 8156 
0x5A5A , 8151 
0x5A5A , 8128 
0x5A5A , 8133 
0x5A5A , 8170 
0x5A5A , 8142 
0x5A5A , 8119 
0x5A5A , 8161 
0x5A5A , 8156 
0x5A5A , 8189 
0x5A5A , 8175 
0x5A5A , 8142 
0x5A5A , 8184 
0x5A5A , 8165 
0x5A5A , 8147 
0x5A5A , 8104 
0x5A5A , 8147 
0x5A5A , 8119 
0x5A5A , 8114 
0x5A5A , 8156 
0x5A5A , 8137 
0x5A5A , 8151 
0x5A5A , 8128 
0x5A5A , 8133 
0x5A5A , 8095 
0x5A5A , 8137 
0x5A5A , 8156 
0x5A5A , 8184 
0x5A5A , 8161 
0x5A5A , 8142 
0x5A5A , 8156 
0x5A5A , 8175 
0x5A5A , 8184 
0x5A5A , 8189 
0x5A5A , 8179 
0x5A5A , 8123 
0x5A5A , 8137 
0x5A5A , 8142 
0x5A5A , 8165 
0x5A5A , 8142 
0x5A5A , 8170 
0x5A5A , 8165 
0x5A5A , 8189 
0x5A5A , 8147 
0x5A5A , 8133 
0x5A5A , 8142 
0x5A5A , 8151 
0x5A5A , 8184 
0x5A5A , 8175 
0x5A5A , 8147 
0x5A5A , 8123 
0x5A5A , 8123 
0x5A5A , 8170 
0x5A5A , 8147 
0x5A5A , 8165 
0x5A5A , 8142 
0x5A5A , 8114 
0x5A5A , 8147 
0x5A5A , 8189 
0x5A5A , 8175 
0x5A5A , 8137 
0x5A5A , 8128 
0x5A5A , 8123 
0x5A5A , 8147 
0x5A5A , 8151 
0x5A5A , 8128 
0x5A5A , 8119 
0x5A5A , 8100 
0x5A5A , 8104 
0x5A5A , 8184 
0x5A5A , 8156 
0x5A5A , 8198 
0x5A5A , 8151 
0x5A5A , 8147 
0x5A5A , 8133 
0x5A5A , 8137 
0x5A5A , 8128 
0x5A5A , 8151 
0x5A5A , 8156 
0x5A5A , 8189 
0x5A5A , 8151 
0x5A5A , 8161 
0x5A5A , 8142 
0x5A5A , 8161 
0x5A5A , 8161 
0x5A5A , 8119 
0x5A5A , 8104 
0x5A5A , 0 
0x5A5A , 0 
0x5A5A , 0 
0x5A5A , 0 
0x5A5A , 0 
0x5A5A , 0 
0x5A5A , 0 
0x5A5A , 0 
0x5A5A , 0 
0x5A5A , 0 
0x5A5A , 0 
0x5A5A , 0 
0x5A5A , 0 
0x5A5A , 0 
0x5A5A , 0 
0x5A5A , 0 
0x5A5A , 0 
0x5A5A , 0 
0x5A5A , 0 
0x5A5A , 0 
0x5A5A , 8175 
0x5A5A , 8194 
0x5A5A , 8203 
0x5A5A , 8128 
0x5A5A , 8175 
0x5A5A , 8133 
0x5A5A , 8156 
0x5A5A , 8142 
0x5A5A , 8161 
0x5A5A , 8208 
0x5A5A , 8175 
0x5A5A , 8198 
0x5A5A , 8142 
0x5A5A , 8133 
0x5A5A , 8142 
0x5A5A , 8179 
0x5A5A , 8151 
0x5A5A , 8175 
0x5A5A , 8175 
0x5A5A , 8170 
0x5A5A , 8114 
0x5A5A , 8161 
0x5A5A , 8203 
0x5A5A , 8133 
0x5A5A , 8142 
0x5A5A , 8156 
0x5A5A , 8147 
0x5A5A , 8170 
0x5A5A , 8161 
0x5A5A , 8156 
0x5A5A , 8184 
0x5A5A , 8137 
0x5A5A , 8156 
0x5A5A , 8123 
0x5A5A , 8165 
0x5A5A , 8189 
0x5A5A , 8109 
0x5A5A , 8123 
0x5A5A , 8137 
0x5A5A , 8133 
0x5A5A , 8189 
0x5A5A , 8137 
0x5A5A , 8147 
0x5A5A , 8179 
0x5A5A , 8161 
0x5A5A , 8104 
0x5A5A , 8133 
0x5A5A , 8194 
0x5A5A , 8165 
0x5A5A , 8161 
0x5A5A , 8142 
0x5A5A , 8156 
0x5A5A , 8165 
0x5A5A , 8100 
0x5A5A , 8165 
0x5A5A , 8151 
0x5A5A , 8156 
0x5A5A , 8151 
0x5A5A , 8133 
0x5A5A , 8128 
0x5A5A , 8170 
0x5A5A , 8212 
0x5A5A , 8128 
0x5A5A , 8156 
0x5A5A , 8175 
0x5A5A , 8147 
0x5A5A , 8179 
0x5A5A , 8151 
0x5A5A , 8165 
0x5A5A , 8142 
0x5A5A , 8175 
0x5A5A , 8142 
0x5A5A , 8142 
0x5A5A , 8109 
0x5A5A , 8156 
0x5A5A , 8170 
0x5A5A , 8114 
0x5A5A , 8151 
0x5A5A , 8137 
0x5A5A , 8194 
0x5A5A , 8147 
0x5A5A , 8170 
0x5A5A , 8184 
0x5A5A , 8194 
0x5A5A , 8123 
0x5A5A , 8128 
0x5A5A , 8137 
0x5A5A , 8142 
0x5A5A , 8165 
0x5A5A , 8189 
0x5A5A , 8147 
0x5A5A , 8147 
0x5A5A , 8142 
0x5A5A , 8142 
0x5A5A , 8123 
0x5A5A , 8109 
0x5A5A , 8161 
0x5A5A , 8109 
0x5A5A , 8151 
0x5A5A , 8123 
0x5A5A , 8208 
0x5A5A , 8156 
0x5A5A , 8109 
0x5A5A , 8165 
0x5A5A , 8151 
0x5A5A , 8198 
0x5A5A , 8114 
0x5A5A , 8114 
0x5A5A , 8123 
0x5A5A , 8170 
0x5A5A , 8170 
0x5A5A , 8128 
0x5A5A , 8147 
0x5A5A , 8151 
0x5A5A , 8156 
0x5A5A , 8128 
0x5A5A , 8165 
0x5A5A , 8179 
0x5A5A , 8156 
0x5A5A , 8104 
0x5A5A , 8128 
0x5A5A , 8147 
0x5A5A , 8128 
0x5A5A , 8161 
0x5A5A , 8147 
0x5A5A , 8165 
0x5A5A , 8198 
0x5A5A , 8170 
0x5A5A , 8156 
0x5A5A , 8137 
0x5A5A , 8156 
0x5A5A , 8142 
0x5A5A , 8133 
0x5A5A , 8137 
0x5A5A , 8147 
0x5A5A , 8128 
0x5A5A , 8128 
0x5A5A , 8133 
0x5A5A , 8142 
0x5A5A , 8142 
0x5A5A , 8151 
0x5A5A , 8179 
0x5A5A , 8165 
0x5A5A , 8184 
0x5A5A , 8175 
0x5A5A , 8123 
0x5A5A , 8175 
0x5A5A , 8156 
0x5A5A , 8123 
0x5A5A , 8189 
0x5A5A , 8147 
0x5A5A , 8151 
0x5A5A , 8151 
0x5A5A , 8133 
0x5A5A , 8128 
0x5A5A , 8114 
0x5A5A , 8165 
0x5A5A , 8170 
0x5A5A , 8151 
0x5A5A , 8114 
0x5A5A , 8179 
0x5A5A , 8123 
0x5A5A , 8142 
0x5A5A , 8184 
0x5A5A , 8128 
0x5A5A , 8133 
0x5A5A , 8198 
0x5A5A , 8170 
0x5A5A , 8114 
0x5A5A , 8156 
0x5A5A , 8161 
0x5A5A , 8165 
0x5A5A , 8161 
0x5A5A , 8151 
0x5A5A , 8128 
0x5A5A , 8090 
0x5A5A , 8156 
0x5A5A , 8133 
0x5A5A , 8142 
0x5A5A , 8081 
0x5A5A , 8165 
0x5A5A , 8119 
0x5A5A , 8165 
0x5A5A , 8156 
0x5A5A , 8128 
0x5A5A , 8179 
0x5A5A , 8147 
0x5A5A , 8133 
0x5A5A , 8194 
0x5A5A , 8151 
0x5A5A , 8151 
0x5A5A , 8184 
0x5A5A , 8142 
0x5A5A , 8198 
0x5A5A , 8128 
0x5A5A , 8170 
0x5A5A , 8133 
0x5A5A , 8161 
0x5A5A , 8119 
0x5A5A , 8086 
0x5A5A , 0 
0x5A5A , 0 
0x5A5A , 0 
0x5A5A , 0 
0x5A5A , 0 
0x5A5A , 0 
0x5A5A , 0 
0x5A5A , 0 
0x5A5A , 0 
0x5A5A , 0 
0x5A5A , 0 
0x5A5A , 0 
0x5A5A , 0 
0x5A5A , 0 
0x5A5A , 0 
0x5A5A , 0 
0x5A5A , 0 
0x5A5A , 0 
0x5A5A , 0 
0x5A5A , 0 
0x5A5A , 8165 
0x5A5A , 8161 
0x5A5A , 8165 
0x5A5A , 8133 
0x5A5A , 8161 
0x5A5A , 8147 
0x5A5A , 8161 
0x5A5A , 8175 
0x5A5A , 8133 
0x5A5A , 8119 
0x5A5A , 8147 
0x5A5A , 8147 
0x5A5A , 8109 
0x5A5A , 8119 
0x5A5A , 8151 
0x5A5A , 8184 
0x5A5A , 8189 
0x5A5A , 8165 
0x5A5A , 8128 
0x5A5A , 8147 
0x5A5A , 0 
0x5A5A , 0 
0x5A5A , 0 
0x5A5A , 0 
0x5A5A , 0 
0x5A5A , 0 
0x5A5A , 0 
0x5A5A , 0 
0x5A5A , 0 
0x5A5A , 0 
0x5A5A , 0 
0x5A5A , 0 
0x5A5A , 0 
0x5A5A , 0 
0x5A5A , 0 
0x5A5A , 0 
0x5A5A , 0 
0x5A5A , 0 
0x5A5A , 0 
0x5A5A , 0 
0x5A5A , 8194 
0x5A5A , 8184 
0x5A5A , 8142 
0x5A5A , 8133 
0x5A5A , 8170 
0x5A5A , 8165 
0x5A5A , 8128 
0x5A5A , 8161 
0x5A5A , 8156 
0x5A5A , 8128 
0x5A5A , 8189 
0x5A5A , 8175 
0x5A5A , 8147 
0x5A5A , 8128 
0x5A5A , 8161 
0x5A5A , 8151 
0x5A5A , 8175 
0x5A5A , 8104 
0x5A5A , 8123 
0x5A5A , 8142 
0x5A5A , 8170 
0x5A5A , 8165 
0x5A5A , 8142 
0x5A5A , 8147 
0x5A5A , 8151 
0x5A5A , 8161 
0x5A5A , 8128 
0x5A5A , 8137 
0x5A5A , 8142 
0x5A5A , 8151 
0x5A5A , 8179 
0x5A5A , 8151 
0x5A5A , 8147 
0x5A5A , 8194 
0x5A5A , 8128 
0x5A5A , 8165 
0x5A5A , 8198 
0x5A5A , 8194 
0x5A5A , 8114 
0x5A5A , 8142 
0x5A5A , 0 
0x5A5A , 0 
0x5A5A , 0 
0x5A5A , 0 
0x5A5A , 0 
0x5A5A , 0 
0x5A5A , 0 
0x5A5A , 0 
0x5A5A , 0 
0x5A5A , 0 
0x5A5A , 0 
0x5A5A , 0 
0x5A5A , 0 
0x5A5A , 0 
0x5A5A , 0 
0x5A5A , 0 
0x5A5A , 0 
0x5A5A , 0 
0x5A5A , 0 
0x5A5A , 0 
0x5A5A , 8161 
0x5A5A , 8133 
0x5A5A , 8170 
0x5A5A , 8165 
0x5A5A , 8184 
0x5A5A , 8147 
0x5A5A , 8123 
0x5A5A , 8194 
0x5A5A , 8165 
0x5A5A , 8137 
0x5A5A , 8156 
0x5A5A , 8170 
0x5A5A , 8170 
0x5A5A , 8189 
0x5A5A , 8156 
0x5A5A , 8137 
0x5A5A , 8133 
0x5A5A , 8151 
0x5A5A , 8147 
0x5A5A , 8165 
0x5A5A , 8123 
0x5A5A , 8156 
0x5A5A , 8161 
0x5A5A , 8184 
0x5A5A , 8137 
0x5A5A , 8133 
0x5A5A , 8170 
0x5A5A , 8151 
0x5A5A , 8137 
0x5A5A , 8170 
0x5A5A , 8161 
0x5A5A , 8133 
0x5A5A , 8123 
0x5A5A , 8184 
0x5A5A , 8151 
0x5A5A , 8151 
0x5A5A , 8165 
0x5A5A , 8128 
0x5A5A , 8133 
0x5A5A , 8142 
0x5A5A , 8142 
0x5A5A , 8133 
0x5A5A , 8161 
0x5A5A , 8165 
0x5A5A , 8142 
0x5A5A , 8156 
0x5A5A , 8137 
0x5A5A , 8128 
0x5A5A , 8147 
0x5A5A , 8128 
0x5A5A , 8147 
0x5A5A , 8123 
0x5A5A , 8170 
0x5A5A , 8184 
0x5A5A , 8142 
0x5A5A , 8137 
0x5A5A , 8137 
0x5A5A , 8147 
0x5A5A , 8109 
0x5A5A , 8119 
0x5A5A , 8151 
0x5A5A , 8156 
0x5A5A , 8142 
0x5A5A , 8165 
0x5A5A , 8142 
0x5A5A , 8165 
0x5A5A , 8104 
0x5A5A , 8137 
0x5A5A , 8128 
0x5A5A , 8170 
0x5A5A , 8100 
0x5A5A , 8133 
0x5A5A , 8179 
0x5A5A , 8123 
0x5A5A , 8128 
0x5A5A , 8147 
0x5A5A , 8119 
0x5A5A , 8133 
0x5A5A , 8151 
0x5A5A , 8147 
0x5A5A , 8194 
0x5A5A , 8133 
0x5A5A , 8133 
0x5A5A , 8156 
0x5A5A , 8142 
0x5A5A , 8156 
0x5A5A , 8156 
0x5A5A , 8151 
0x5A5A , 8109 
0x5A5A , 8104 
0x5A5A , 8137 
0x5A5A , 8156 
0x5A5A , 8137 
0x5A5A , 8137 
0x5A5A , 8114 
0x5A5A , 8147 
0x5A5A , 8119 
0x5A5A , 8165 
0x5A5A , 8133 
0x5A5A , 8104 
0x5A5A , 8142 
0x5A5A , 8170 
0x5A5A , 8175 
0x5A5A , 8161 
0x5A5A , 8137 
0x5A5A , 8151 
0x5A5A , 8170 
0x5A5A , 8165 
0x5A5A , 8161 
0x5A5A , 8119 
0x5A5A , 8137 
0x5A5A , 8137 
0x5A5A , 8161 
0x5A5A , 8100 
0x5A5A , 8109 
0x5A5A , 8114 
0x5A5A , 8109 
0x5A5A , 8123 
0x5A5A , 8142 
0x5A5A , 8095 
0x5A5A , 8165 
0x5A5A , 8137 
0x5A5A , 8165 
0x5A5A , 8184 
0x5A5A , 8170 
0x5A5A , 8109 
0x5A5A , 8151 
0x5A5A , 8142 
0x5A5A , 8151 
0x5A5A , 8133 
0x5A5A , 8095 
0x5A5A , 8147 
0x5A5A , 8128 
0x5A5A , 8151 
0x5A5A , 8165 
0x5A5A , 8095 
0x5A5A , 8137 
0x5A5A , 8123 
0x5A5A , 8137 
0x5A5A , 8137 
0x5A5A , 8179 
0x5A5A , 8128 
0x5A5A , 8104 
0x5A5A , 8151 
0x5A5A , 8119 
0x5A5A , 8128 
0x5A5A , 8137 
0x5A5A , 8133 
0x5A5A , 8179 
0x5A5A , 8086 
0x5A5A , 8147 
0x5A5A , 8151 
0x5A5A , 8161 
0x5A5A , 8151 
0x5A5A , 8165 
0x5A5A , 8161 
0x5A5A , 8128 
0x5A5A , 8100 
0x5A5A , 8119 
0x5A5A , 8156 
0x5A5A , 0 
0x5A5A , 0 
0x5A5A , 0 
0x5A5A , 0 
0x5A5A , 0 
0x5A5A , 0 
0x5A5A , 0 
0x5A5A , 0 
0x5A5A , 0 
0x5A5A , 0 
0x5A5A , 0 
0x5A5A , 0 
0x5A5A , 0 
0x5A5A , 0 
0x5A5A , 0 
0x5A5A , 0 
0x5A5A , 0 
0x5A5A , 0 
0x5A5A , 0 
0x5A5A , 0 
0x5A5A , 8184 
0x5A5A , 8165 
0x5A5A , 8151 
0x5A5A , 8161 
0x5A5A , 8175 
0x5A5A , 8128 
0x5A5A , 8194 
0x5A5A , 8189 
0x5A5A , 8147 
0x5A5A , 8114 
0x5A5A , 8175 
0x5A5A , 8104 
0x5A5A , 8133 
0x5A5A , 8137 
0x5A5A , 8137 
0x5A5A , 8151 
0x5A5A , 8133 
0x5A5A , 8142 
0x5A5A , 8104 
0x5A5A , 8133 
0x5A5A , 8137 
0x5A5A , 8147 
0x5A5A , 8137 
0x5A5A , 8142 
0x5A5A , 8165 
0x5A5A , 8156 
0x5A5A , 8142 
0x5A5A , 8119 
0x5A5A , 8128 
0x5A5A , 8128 
0x5A5A , 8114 
0x5A5A , 8161 
0x5A5A , 8114 
0x5A5A , 8128 
0x5A5A , 8119 
0x5A5A , 8137 
0x5A5A , 8151 
0x5A5A , 8119 
0x5A5A , 8081 
0x5A5A , 8156 
0x5A5A , 8156 
0x5A5A , 8137 
0x5A5A , 8109 
0x5A5A , 8137 
0x5A5A , 8114 
0x5A5A , 8137 
0x5A5A , 8184 
0x5A5A , 8133 
0x5A5A , 8156 
0x5A5A , 8123 
0x5A5A , 8137 
0x5A5A , 8151 
0x5A5A , 8147 
0x5A5A , 8128 
0x5A5A , 8151 
0x5A5A , 8147 
0x5A5A , 8095 
0x5A5A , 8119 
0x5A5A , 8095 
0x5A5A , 8123 
0x5A5A , 8179 
0x5A5A , 8119 
0x5A5A , 8119 
0x5A5A , 8142 
0x5A5A , 8156 
0x5A5A , 8179 
0x5A5A , 8165 
0x5A5A , 8109 
0x5A5A , 8123 
0x5A5A , 8142 
0x5A5A , 8137 
0x5A5A , 8137 
0x5A5A , 8165 
0x5A5A , 8137 
0x5A5A , 8165 
0x5A5A , 8156 
0x5A5A , 8128 
0x5A5A , 8142 
0x5A5A , 8100 
0x5A5A , 8147 
0x5A5A , 8109 
0x5A5A , 8170 
0x5A5A , 8161 
0x5A5A , 8137 
0x5A5A , 8179 
0x5A5A , 8151 
0x5A5A , 8151 
0x5A5A , 8104 
0x5A5A , 8123 
0x5A5A , 8137 
0x5A5A , 8119 
0x5A5A , 8119 
0x5A5A , 8114 
0x5A5A , 8147 
0x5A5A , 8086 
0x5A5A , 8151 
0x5A5A , 8165 
0x5A5A , 8147 
0x5A5A , 8133 
0x5A5A , 8128 
0x5A5A , 8137 
0x5A5A , 8165 
0x5A5A , 8189 
0x5A5A , 8142 
0x5A5A , 8179 
0x5A5A , 8133 
0x5A5A , 8194 
0x5A5A , 8086 
0x5A5A , 8156 
0x5A5A , 8151 
0x5A5A , 8100 
0x5A5A , 8133 
0x5A5A , 8104 
0x5A5A , 8109 
0x5A5A , 8081 
0x5A5A , 8104 
0x5A5A , 8123 
0x5A5A , 8100 
0x5A5A , 8165 
0x5A5A , 8119 
0x5A5A , 0 
0x5A5A , 0 
0x5A5A , 0 
0x5A5A , 0 
0x5A5A , 0 
0x5A5A , 0 
0x5A5A , 0 
0x5A5A , 0 
0x5A5A , 0 
0x5A5A , 0 
0x5A5A , 0 
0x5A5A , 0 
0x5A5A , 0 
0x5A5A , 0 
0x5A5A , 0 
0x5A5A , 0 
0x5A5A , 0 
0x5A5A , 0 
0x5A5A , 0 
0x5A5A , 0 
0x5A5A , 8179 
0x5A5A , 8151 
0x5A5A , 8179 
0x5A5A , 8161 
0x5A5A , 8133 
0x5A5A , 8128 
0x5A5A , 8119 
0x5A5A , 8114 
0x5A5A , 8142 
0x5A5A , 8184 
0x5A5A , 8142 
0x5A5A , 8161 
0x5A5A , 8128 
0x5A5A , 8156 
0x5A5A , 8133 
0x5A5A , 8161 
0x5A5A , 8137 
0x5A5A , 8161 
0x5A5A , 8165 
0x5A5A , 8123 
0x5A5A , 8179 
0x5A5A , 8151 
0x5A5A , 8147 
0x5A5A , 8095 
0x5A5A , 8104 
0x5A5A , 8147 
0x5A5A , 8133 
0x5A5A , 8179 
0x5A5A , 8165 
0x5A5A , 8137 
0x5A5A , 8151 
0x5A5A , 8123 
0x5A5A , 8165 
0x5A5A , 8128 
0x5A5A , 8114 
0x5A5A , 8123 
0x5A5A , 8128 
0x5A5A , 8147 
0x5A5A , 8133 
0x5A5A , 8086 
0x5A5A , 8151 
0x5A5A , 8147 
0x5A5A , 8128 
0x5A5A , 8100 
0x5A5A , 8156 
0x5A5A , 8123 
0x5A5A , 8114 
0x5A5A , 8095 
0x5A5A , 8142 
0x5A5A , 8133 
0x5A5A , 8104 
0x5A5A , 8165 
0x5A5A , 8114 
0x5A5A , 8128 
0x5A5A , 8142 
0x5A5A , 8128 
0x5A5A , 8123 
0x5A5A , 8123 
0x5A5A , 8142 
0x5A5A , 8133 
0x5A5A , 8161 
0x5A5A , 8128 
0x5A5A , 8090 
0x5A5A , 8123 
0x5A5A , 8123 
0x5A5A , 8142 
0x5A5A , 8133 
0x5A5A , 8123 
0x5A5A , 8175 
0x5A5A , 8175 
0x5A5A , 8114 
0x5A5A , 8133 
0x5A5A , 8151 
0x5A5A , 8151 
0x5A5A , 8123 
0x5A5A , 8156 
0x5A5A , 8076 
0x5A5A , 8133 
0x5A5A , 8128 
0x5A5A , 8147 
0x5A5A , 0 
0x5A5A , 0 
0x5A5A , 0 
0x5A5A , 0 
0x5A5A , 0 
0x5A5A , 0 
0x5A5A , 0 
0x5A5A , 0 
0x5A5A , 0 
0x5A5A , 0 
0x5A5A , 0 
0x5A5A , 0 
0x5A5A , 0 
0x5A5A , 0 
0x5A5A , 0 
0x5A5A , 0 
0x5A5A , 0 
0x5A5A , 0 
0x5A5A , 0 
0x5A5A , 0 
0x5A5A , 8133 
0x5A5A , 8137 
0x5A5A , 8203 
0x5A5A , 8179 
0x5A5A , 8161 
0x5A5A , 8147 
0x5A5A , 8156 
0x5A5A , 8104 
0x5A5A , 8119 
0x5A5A , 8147 
0x5A5A , 8156 
0x5A5A , 8128 
0x5A5A , 8151 
0x5A5A , 8175 
0x5A5A , 8156 
0x5A5A , 8090 
0x5A5A , 8123 
0x5A5A , 8151 
0x5A5A , 8067 
0x5A5A , 8133 
0x5A5A , 8147 
0x5A5A , 8142 
0x5A5A , 8161 
0x5A5A , 8161 
0x5A5A , 8137 
0x5A5A , 8142 
0x5A5A , 8104 
0x5A5A , 8151 
0x5A5A , 8114 
0x5A5A , 8161 
0x5A5A , 8137 
0x5A5A , 8123 
0x5A5A , 8104 
0x5A5A , 8147 
0x5A5A , 8133 
0x5A5A , 8086 
0x5A5A , 8189 
0x5A5A , 8147 
0x5A5A , 8095 
0x5A5A , 8123 
0x5A5A , 0 
0x5A5A , 0 
0x5A5A , 0 
0x5A5A , 0 
0x5A5A , 0 
0x5A5A , 0 
0x5A5A , 0 
0x5A5A , 0 
0x5A5A , 0 
0x5A5A , 0 
0x5A5A , 0 
0x5A5A , 0 
0x5A5A , 0 
0x5A5A , 0 
0x5A5A , 0 
0x5A5A , 0 
0x5A5A , 0 
0x5A5A , 0 
0x5A5A , 0 
0x5A5A , 0 
0x5A5A , 8170 
0x5A5A , 8156 
0x5A5A , 8114 
0x5A5A , 8161 
0x5A5A , 8165 
0x5A5A , 8142 
0x5A5A , 8119 
0x5A5A , 8133 
0x5A5A , 8151 
0x5A5A , 8161 
0x5A5A , 8151 
0x5A5A , 8133 
0x5A5A , 8128 
0x5A5A , 8100 
0x5A5A , 8128 
0x5A5A , 8104 
0x5A5A , 8114 
0x5A5A , 8062 
0x5A5A , 8165 
0x5A5A , 8161 
0x5A5A , 8147 
0x5A5A , 8133 
0x5A5A , 8119 
0x5A5A , 8175 
0x5A5A , 8095 
0x5A5A , 8133 
0x5A5A , 8151 
0x5A5A , 8123 
0x5A5A , 8142 
0x5A5A , 8151 
0x5A5A , 8151 
0x5A5A , 8128 
0x5A5A , 8147 
0x5A5A , 8100 
0x5A5A , 8119 
0x5A5A , 8109 
0x5A5A , 8142 
0x5A5A , 8194 
0x5A5A , 8161 
0x5A5A , 8142 
0x5A5A , 8194 
0x5A5A , 8123 
0x5A5A , 8109 
0x5A5A , 8189 
0x5A5A , 8175 
0x5A5A , 8147 
0x5A5A , 8128 
0x5A5A , 8151 
0x5A5A , 8081 
0x5A5A , 8151 
0x5A5A , 8128 
0x5A5A , 8133 
0x5A5A , 8095 
0x5A5A , 8156 
0x5A5A , 8137 
0x5A5A , 8123 
0x5A5A , 8109 
0x5A5A , 8175 
0x5A5A , 8128 
0x5A5A , 8119 
0x5A5A , 8156 
0x5A5A , 8114 
0x5A5A , 8104 
0x5A5A , 8123 
0x5A5A , 8147 
0x5A5A , 8133 
0x5A5A , 8137 
0x5A5A , 8151 
0x5A5A , 8161 
0x5A5A , 8142 
0x5A5A , 8119 
0x5A5A , 8119 
0x5A5A , 8109 
0x5A5A , 8090 
0x5A5A , 8142 
0x5A5A , 8170 
0x5A5A , 8151 
0x5A5A , 8119 
0x5A5A , 8114 
0x5A5A , 8090 
0x5A5A , 8123 
0x5A5A , 8137 
0x5A5A , 8128 
0x5A5A , 8104 
0x5A5A , 8170 
0x5A5A , 8142 
0x5A5A , 8123 
0x5A5A , 8184 
0x5A5A , 8128 
0x5A5A , 8175 
0x5A5A , 8128 
0x5A5A , 8109 
0x5A5A , 8114 
0x5A5A , 8142 
0x5A5A , 8170 
0x5A5A , 8161 
0x5A5A , 8123 
0x5A5A , 8109 
0x5A5A , 8104 
0x5A5A , 8175 
0x5A5A , 8123 
0x5A5A , 8114 
0x5A5A , 8151 
0x5A5A , 8161 
0x5A5A , 8086 
0x5A5A , 8137 
0x5A5A , 8100 
0x5A5A , 8147 
0x5A5A , 8179 
0x5A5A , 8114 
0x5A5A , 8100 
0x5A5A , 8081 
0x5A5A , 8156 
0x5A5A , 8076 
0x5A5A , 8100 
0x5A5A , 8119 
0x5A5A , 8128 
0x5A5A , 8123 
0x5A5A , 8151 
0x5A5A , 8147 
0x5A5A , 8170 
0x5A5A , 8161 
0x5A5A , 8147 
0x5A5A , 8090 
0x5A5A , 8156 
0x5A5A , 8133 
0x5A5A , 8142 
0x5A5A , 8109 
0x5A5A , 8086 
0x5A5A , 8137 
0x5A5A , 8104 
0x5A5A , 8076 
0x5A5A , 8156 
0x5A5A , 8081 
0x5A5A , 8137 
0x5A5A , 8100 
0x5A5A , 8128 
0x5A5A , 8133 
0x5A5A , 8142 
0x5A5A , 8095 
0x5A5A , 8165 
0x5A5A , 8170 
0x5A5A , 8114 
0x5A5A , 8119 
0x5A5A , 8128 
0x5A5A , 8147 
0x5A5A , 8147 
0x5A5A , 8175 
0x5A5A , 8147 
0x5A5A , 8100 
0x5A5A , 8076 
0x5A5A , 8156 
0x5A5A , 8137 
0x5A5A , 8133 
0x5A5A , 8104 
0x5A5A , 8161 
0x5A5A , 8114 
0x5A5A , 8114 
0x5A5A , 8133 
0x5A5A , 8119 
0x5A5A , 0 
0x5A5A , 0 
0x5A5A , 0 
0x5A5A , 0 
0x5A5A , 0 
0x5A5A , 0 
0x5A5A , 0 
0x5A5A , 0 
0x5A5A , 0 
0x5A5A , 0 
0x5A5A , 0 
0x5A5A , 0 
0x5A5A , 0 
0x5A5A , 0 
0x5A5A , 0 
0x5A5A , 0 
0x5A5A , 0 
0x5A5A , 0 
0x5A5A , 0 
0x5A5A , 0 
0x5A5A , 8133 
0x5A5A , 8128 
0x5A5A , 8133 
0x5A5A , 8119 
0x5A5A , 8175 
0x5A5A , 8123 
0x5A5A , 8137 
0x5A5A , 8156 
0x5A5A , 8137 
0x5A5A , 8165 
0x5A5A , 8142 
0x5A5A , 8114 
0x5A5A , 8114 
0x5A5A , 8128 
0x5A5A , 8161 
0x5A5A , 8161 
0x5A5A , 8161 
0x5A5A , 8128 
0x5A5A , 8128 
0x5A5A , 8100 
0x5A5A , 8114 
0x5A5A , 8133 
0x5A5A , 8123 
0x5A5A , 8114 
0x5A5A , 8133 
0x5A5A , 8137 
0x5A5A , 8165 
0x5A5A , 8147 
0x5A5A , 8086 
0x5A5A , 8104 
0x5A5A , 8123 
0x5A5A , 8076 
0x5A5A , 8114 
0x5A5A , 8095 
0x5A5A , 8151 
0x5A5A , 8109 
0x5A5A , 8100 
0x5A5A , 8090 
0x5A5A , 8095 
0x5A5A , 8137 
0x5A5A , 8151 
0x5A5A , 8179 
0x5A5A , 8137 
0x5A5A , 8165 
0x5A5A , 8147 
0x5A5A , 8119 
0x5A5A , 8128 
0x5A5A , 8109 
0x5A5A , 8133 
0x5A5A , 8137 
0x5A5A , 8147 
0x5A5A , 8114 
0x5A5A , 8086 
0x5A5A , 8133 
0x5A5A , 8142 
0x5A5A , 8095 
0x5A5A , 8133 
0x5A5A , 8147 
0x5A5A , 8095 
0x5A5A , 8137 
0x5A5A , 0 
0x5A5A , 0 
0x5A5A , 0 
0x5A5A , 0 
0x5A5A , 0 
0x5A5A , 0 
0x5A5A , 0 
0x5A5A , 0 
0x5A5A , 0 
0x5A5A , 0 
0x5A5A , 0 
0x5A5A , 0 
0x5A5A , 0 
0x5A5A , 0 
0x5A5A , 0 
0x5A5A , 0 
0x5A5A , 0 
0x5A5A , 0 
0x5A5A , 0 
0x5A5A , 0 
0x5A5A , 8095 
0x5A5A , 8104 
0x5A5A , 8133 
0x5A5A , 8137 
0x5A5A , 8114 
0x5A5A , 8133 
0x5A5A , 8170 
0x5A5A , 8147 
0x5A5A , 8165 
0x5A5A , 8086 
0x5A5A , 8161 
0x5A5A , 8137 
0x5A5A , 8095 
0x5A5A , 8114 
0x5A5A , 8156 
0x5A5A , 8142 
0x5A5A , 8137 
0x5A5A , 8114 
0x5A5A , 8114 
0x5A5A , 8151 
0x5A5A , 8151 
0x5A5A , 8156 
0x5A5A , 8133 
0x5A5A , 8133 
0x5A5A , 8104 
0x5A5A , 8147 
0x5A5A , 8133 
0x5A5A , 8119 
0x5A5A , 8147 
0x5A5A , 8100 
0x5A5A , 8119 
0x5A5A , 8109 
0x5A5A , 8156 
0x5A5A , 8123 
0x5A5A , 8109 
0x5A5A , 8137 
0x5A5A , 8119 
0x5A5A , 8076 
0x5A5A , 8058 
0x5A5A , 8086 
0x5A5A , 8114 
0x5A5A , 8179 
0x5A5A , 8109 
0x5A5A , 8133 
0x5A5A , 8137 
0x5A5A , 8119 
0x5A5A , 8095 
0x5A5A , 8119 
0x5A5A , 8062 
0x5A5A , 8119 
0x5A5A , 8095 
0x5A5A , 8076 
0x5A5A , 8058 
0x5A5A , 8114 
0x5A5A , 8147 
0x5A5A , 8067 
0x5A5A , 8104 
0x5A5A , 8123 
0x5A5A , 8133 
0x5A5A , 8067 
0x5A5A , 8175 
0x5A5A , 8109 
0x5A5A , 8100 
0x5A5A , 8128 
0x5A5A , 8137 
0x5A5A , 8090 
0x5A5A , 8100 
0x5A5A , 8095 
0x5A5A , 8095 
0x5A5A , 8109 
0x5A5A , 8137 
0x5A5A , 8081 
0x5A5A , 8142 
0x5A5A , 8114 
0x5A5A , 8081 
0x5A5A , 8137 
0x5A5A , 8133 
0x5A5A , 8100 
0x5A5A , 8123 
0x5A5A , 8142 
0x5A5A , 8109 
0x5A5A , 8100 
0x5A5A , 8142 
0x5A5A , 8104 
0x5A5A , 8109 
0x5A5A , 8104 
0x5A5A , 8137 
0x5A5A , 8086 
0x5A5A , 8123 
0x5A5A , 8142 
0x5A5A , 8072 
0x5A5A , 8137 
0x5A5A , 8086 
0x5A5A , 8137 
0x5A5A , 8128 
0x5A5A , 8104 
0x5A5A , 8067 
0x5A5A , 8072 
0x5A5A , 8109 
0x5A5A , 8161 
0x5A5A , 8090 
0x5A5A , 8142 
0x5A5A , 8119 
0x5A5A , 8114 
0x5A5A , 8123 
0x5A5A , 8086 
0x5A5A , 8100 
0x5A5A , 8137 
0x5A5A , 8119 
0x5A5A , 8072 
0x5A5A , 8114 
0x5A5A , 8156 
0x5A5A , 8137 
0x5A5A , 8133 
0x5A5A , 8100 
0x5A5A , 8137 
0x5A5A , 8119 
0x5A5A , 8119 
0x5A5A , 8109 
0x5A5A , 8119 
0x5A5A , 8095 
0x5A5A , 8128 
0x5A5A , 8161 
0x5A5A , 8100 
0x5A5A , 8095 
0x5A5A , 8165 
0x5A5A , 8104 
0x5A5A , 8109 
0x5A5A , 8104 
0x5A5A , 8104 
0x5A5A , 8086 
0x5A5A , 8109 
0x5A5A , 8086 
0x5A5A , 8095 
0x5A5A , 8076 
0x5A5A , 8147 
0x5A5A , 8133 
0x5A5A , 8119 
0x5A5A , 8062 
0x5A5A , 8104 
0x5A5A , 0 
0x5A5A , 0 
0x5A5A , 0 
0x5A5A , 0 
0x5A5A , 0 
0x5A5A , 0 
0x5A5A , 0 
0x5A5A , 0 
0x5A5A , 0 
0x5A5A , 0 
0x5A5A , 0 
0x5A5A , 0 
0x5A5A , 0 
0x5A5A , 0 
0x5A5A , 0 
0x5A5A , 0 
0x5A5A , 0 
0x5A5A , 0 
0x5A5A , 0 
0x5A5A , 0 
0x5A5A , 8147 
0x5A5A , 8133 
0x5A5A , 8156 
0x5A5A , 8170 
0x5A5A , 8119 
0x5A5A , 8119 
0x5A5A , 8119 
0x5A5A , 8114 
0x5A5A , 8165 
0x5A5A , 8123 
0x5A5A , 8123 
0x5A5A , 8119 
0x5A5A , 8147 
0x5A5A , 8137 
0x5A5A , 8147 
0x5A5A , 8104 
0x5A5A , 8123 
0x5A5A , 8090 
0x5A5A , 8104 
0x5A5A , 8123 
0x5A5A , 8133 
0x5A5A , 8109 
0x5A5A , 8128 
0x5A5A , 8142 
0x5A5A , 8133 
0x5A5A , 8175 
0x5A5A , 8128 
0x5A5A , 8100 
0x5A5A , 8133 
0x5A5A , 8100 
0x5A5A , 8151 
0x5A5A , 8114 
0x5A5A , 8090 
0x5A5A , 8119 
0x5A5A , 8114 
0x5A5A , 8128 
0x5A5A , 8147 
0x5A5A , 8100 
0x5A5A , 8128 
0x5A5A , 8109 
0x5A5A , 8156 
0x5A5A , 8147 
0x5A5A , 8100 
0x5A5A , 8142 
0x5A5A , 8137 
0x5A5A , 8114 
0x5A5A , 8114 
0x5A5A , 8128 
0x5A5A , 8142 
0x5A5A , 8147 
0x5A5A , 8104 
0x5A5A , 8128 
0x5A5A , 8109 
0x5A5A , 8095 
0x5A5A , 8100 
0x5A5A , 8086 
0x5A5A , 8095 
0x5A5A , 8170 
0x5A5A , 8114 
0x5A5A , 8076 
0x5A5A , 8165 
0x5A5A , 8147 
0x5A5A , 8119 
0x5A5A , 8151 
0x5A5A , 8104 
0x5A5A , 8109 
0x5A5A , 8086 
0x5A5A , 8170 
0x5A5A , 8109 
0x5A5A , 8123 
0x5A5A , 8156 
0x5A5A , 8128 
0x5A5A , 8119 
0x5A5A , 8114 
0x5A5A , 8104 
0x5A5A , 8128 
0x5A5A , 8095 
0x5A5A , 8161 
0x5A5A , 8142 
0x5A5A , 8034 
0x5A5A , 8081 
0x5A5A , 8133 
0x5A5A , 8123 
0x5A5A , 8123 
0x5A5A , 8114 
0x5A5A , 8137 
0x5A5A , 8104 
0x5A5A , 8137 
0x5A5A , 8123 
0x5A5A , 8086 
0x5A5A , 8100 
0x5A5A , 8119 
0x5A5A , 8090 
0x5A5A , 8128 
0x5A5A , 8114 
0x5A5A , 8076 
0x5A5A , 8104 
0x5A5A , 8123 
0x5A5A , 8114 
0x5A5A , 8109 
0x5A5A , 8090 
0x5A5A , 8114 
0x5A5A , 8128 
0x5A5A , 8179 
0x5A5A , 8053 
0x5A5A , 8119 
0x5A5A , 8072 
0x5A5A , 8128 
0x5A5A , 8119 
0x5A5A , 8076 
0x5A5A , 8156 
0x5A5A , 8142 
0x5A5A , 8123 
0x5A5A , 8137 
0x5A5A , 8104 
0x5A5A , 8123 
0x5A5A , 8128 
0x5A5A , 8053 
0x5A5A , 8100 
0x5A5A , 8086 
0x5A5A , 8142 
0x5A5A , 8104 
0x5A5A , 8165 
0x5A5A , 8133 
0x5A5A , 8137 
0x5A5A , 8114 
0x5A5A , 8114 
0x5A5A , 8100 
0x5A5A , 8100 
0x5A5A , 8090 
0x5A5A , 8133 
0x5A5A , 8128 
0x5A5A , 8114 
0x5A5A , 8137 
0x5A5A , 8114 
0x5A5A , 8109 
0x5A5A , 8128 
0x5A5A , 8137 
0x5A5A , 8072 
0x5A5A , 8067 
0x5A5A , 8137 
0x5A5A , 8119 
0x5A5A , 8123 
0x5A5A , 8142 
0x5A5A , 8123 
0x5A5A , 8133 
0x5A5A , 8137 
0x5A5A , 8109 
0x5A5A , 8100 
0x5A5A , 8123 
0x5A5A , 8104 
0x5A5A , 8095 
0x5A5A , 8104 
0x5A5A , 8161 
0x5A5A , 8072 
0x5A5A , 8095 
0x5A5A , 8137 
0x5A5A , 8100 
0x5A5A , 8151 
0x5A5A , 8123 
0x5A5A , 8076 
0x5A5A , 8123 
0x5A5A , 8123 
0x5A5A , 8123 
0x5A5A , 8104 
0x5A5A , 8123 
0x5A5A , 8076 
0x5A5A , 8170 
0x5A5A , 8067 
0x5A5A , 8100 
0x5A5A , 8043 
0x5A5A , 8062 
0x5A5A , 8119 
0x5A5A , 8128 
0x5A5A , 8062 
0x5A5A , 8137 
0x5A5A , 8067 
0x5A5A , 8081 
0x5A5A , 8133 
0x5A5A , 8076 
0x5A5A , 8147 
0x5A5A , 8109 
0x5A5A , 8086 
0x5A5A , 8128 
0x5A5A , 8072 
0x5A5A , 8137 
0x5A5A , 8161 
0x5A5A , 8109 
0x5A5A , 8086 
0x5A5A , 8179 
0x5A5A , 8090 
0x5A5A , 8161 
0x5A5A , 8137 
0x5A5A , 8133 
0x5A5A , 8100 
0x5A5A , 8067 
0x5A5A , 8090 
0x5A5A , 8072 
0x5A5A , 8100 
0x5A5A , 8128 
0x5A5A , 8090 
0x5A5A , 8133 
0x5A5A , 8067 
0x5A5A , 8137 
0x5A5A , 8104 
0x5A5A , 8104 
0x5A5A , 8053 
0x5A5A , 8161 
0x5A5A , 8133 
0x5A5A , 8067 
0x5A5A , 8058 
0x5A5A , 8104 
0x5A5A , 8081 
0x5A5A , 8072 
0x5A5A , 8067 
0x5A5A , 8081 
0x5A5A , 8095 
0x5A5A , 8109 
0x5A5A , 8114 
0x5A5A , 8128 
0x5A5A , 0 
0x5A5A , 0 
0x5A5A , 0 
0x5A5A , 0 
0x5A5A , 0 
0x5A5A , 0 
0x5A5A , 0 
0x5A5A , 0 
0x5A5A , 0 
0x5A5A , 0 
0x5A5A , 0 
0x5A5A , 0 
0x5A5A , 0 
0x5A5A , 0 
0x5A5A , 0 
0x5A5A , 0 
0x5A5A , 0 
0x5A5A , 0 
0x5A5A , 0 
0x5A5A , 0 
0x5A5A , 8142 
0x5A5A , 8076 
0x5A5A , 8137 
0x5A5A , 8133 
0x5A5A , 8189 
0x5A5A , 8133 
0x5A5A , 8119 
0x5A5A , 8128 
0x5A5A , 8100 
0x5A5A , 8147 
0x5A5A , 8114 
0x5A5A , 8114 
0x5A5A , 8133 
0x5A5A , 8090 
0x5A5A , 8142 
0x5A5A , 8109 
0x5A5A , 8161 
0x5A5A , 8104 
0x5A5A , 8090 
0x5A5A , 8114 
0x5A5A , 8151 
0x5A5A , 8109 
0x5A5A , 8086 
0x5A5A , 8123 
0x5A5A , 8165 
0x5A5A , 8058 
0x5A5A , 8114 
0x5A5A , 8076 
0x5A5A , 8095 
0x5A5A , 8142 
0x5A5A , 8123 
0x5A5A , 8133 
0x5A5A , 8104 
0x5A5A , 8109 
0x5A5A , 8109 
0x5A5A , 8081 
0x5A5A , 8095 
0x5A5A , 8048 
0x5A5A , 8109 
0x5A5A , 8119 
0x5A5A , 8137 
0x5A5A , 8151 
0x5A5A , 8104 
0x5A5A , 8128 
0x5A5A , 8119 
0x5A5A , 8081 
0x5A5A , 8109 
0x5A5A , 8114 
0x5A5A , 8081 
0x5A5A , 8156 
0x5A5A , 8095 
0x5A5A , 8100 
0x5A5A , 8123 
0x5A5A , 8137 
0x5A5A , 8090 
0x5A5A , 8128 
0x5A5A , 8104 
0x5A5A , 8137 
0x5A5A , 8100 
0x5A5A , 8123 
0x5A5A , 8133 
0x5A5A , 8100 
0x5A5A , 8072 
0x5A5A , 8114 
0x5A5A , 8133 
0x5A5A , 8133 
0x5A5A , 8119 
0x5A5A , 8119 
0x5A5A , 8109 
0x5A5A , 8086 
0x5A5A , 8076 
0x5A5A , 8161 
0x5A5A , 8123 
0x5A5A , 8090 
0x5A5A , 8137 
0x5A5A , 8076 
0x5A5A , 8076 
0x5A5A , 8062 
0x5A5A , 8090 
0x5A5A , 8109 
0x5A5A , 8086 
0x5A5A , 8119 
0x5A5A , 8067 
0x5A5A , 8090 
0x5A5A , 8086 
0x5A5A , 8100 
0x5A5A , 8114 
0x5A5A , 8137 
0x5A5A , 8100 
0x5A5A , 8119 
0x5A5A , 8119 
0x5A5A , 8123 
0x5A5A , 8086 
0x5A5A , 8156 
0x5A5A , 8123 
0x5A5A , 8142 
0x5A5A , 8114 
0x5A5A , 8072 
0x5A5A , 8137 
0x5A5A , 8086 
0x5A5A , 8081 
0x5A5A , 8095 
0x5A5A , 8086 
0x5A5A , 8090 
0x5A5A , 8109 
0x5A5A , 8086 
0x5A5A , 8142 
0x5A5A , 8086 
0x5A5A , 8119 
0x5A5A , 8081 
0x5A5A , 8081 
0x5A5A , 8100 
0x5A5A , 8114 
0x5A5A , 8128 
0x5A5A , 8123 
0x5A5A , 8086 
0x5A5A , 8142 
0x5A5A , 8119 
0x5A5A , 8147 
0x5A5A , 8062 
0x5A5A , 8119 
0x5A5A , 8142 
0x5A5A , 8128 
0x5A5A , 8067 
0x5A5A , 8090 
0x5A5A , 8081 
0x5A5A , 8137 
0x5A5A , 8104 
0x5A5A , 8133 
0x5A5A , 8076 
0x5A5A , 8109 
0x5A5A , 8104 
0x5A5A , 8119 
0x5A5A , 8076 
0x5A5A , 8128 
0x5A5A , 8072 
0x5A5A , 8081 
0x5A5A , 8086 
0x5A5A , 8095 
0x5A5A , 8086 
0x5A5A , 8104 
0x5A5A , 8114 
0x5A5A , 8109 
0x5A5A , 8081 
0x5A5A , 8090 
0x5A5A , 8100 
0x5A5A , 8006 
0x5A5A , 8119 
0x5A5A , 8128 
0x5A5A , 8081 
0x5A5A , 8100 
0x5A5A , 8072 
0x5A5A , 8095 
0x5A5A , 8086 
0x5A5A , 8072 
0x5A5A , 8062 
0x5A5A , 8128 
0x5A5A , 8142 
0x5A5A , 8114 
0x5A5A , 8086 
0x5A5A , 8053 
0x5A5A , 8095 
0x5A5A , 8043 
0x5A5A , 8109 
0x5A5A , 8100 
0x5A5A , 8137 
0x5A5A , 8086 
0x5A5A , 8090 
0x5A5A , 8128 
0x5A5A , 8128 
0x5A5A , 8081 
0x5A5A , 8062 
0x5A5A , 8076 
0x5A5A , 8114 
0x5A5A , 8119 
0x5A5A , 8100 
0x5A5A , 8086 
0x5A5A , 8062 
0x5A5A , 8090 
0x5A5A , 8114 
0x5A5A , 8100 
0x5A5A , 8114 
0x5A5A , 8081 
0x5A5A , 8053 
0x5A5A , 8128 
0x5A5A , 8058 
0x5A5A , 8076 
0x5A5A , 8147 
0x5A5A , 8137 
0x5A5A , 8048 
0x5A5A , 8090 
0x5A5A , 8095 
0x5A5A , 8119 
0x5A5A , 8086 
0x5A5A , 8072 
0x5A5A , 8109 
0x5A5A , 8114 
0x5A5A , 8104 
0x5A5A , 8067 
0x5A5A , 8095 
0x5A5A , 8100 
0x5A5A , 8095 
0x5A5A , 8086 
0x5A5A , 8104 
0x5A5A , 8090 
0x5A5A , 8114 
0x5A5A , 8119 
0x5A5A , 8090 
0x5A5A , 8058 
0x5A5A , 8128 
0x5A5A , 8076 
0x5A5A , 8076 
0x5A5A , 8090 
0x5A5A , 8067 
0x5A5A , 8043 
0x5A5A , 8095 
0x5A5A , 8090 
0x5A5A , 8062 
0x5A5A , 8058 
0x5A5A , 8076 
0x5A5A , 8081 
0x5A5A , 8114 
0x5A5A , 8100 
0x5A5A , 8086 
0x5A5A , 8025 
0x5A5A , 8090 
0x5A5A , 8123 
0x5A5A , 8081 
0x5A5A , 8086 
0x5A5A , 8109 
0x5A5A , 8100 
0x5A5A , 8095 
0x5A5A , 8053 
0x5A5A , 8086 
0x5A5A , 8076 
0x5A5A , 8034 
0x5A5A , 8095 
0x5A5A , 8086 
0x5A5A , 8128 
0x5A5A , 8053 
0x5A5A , 0 
0x5A5A , 0 
0x5A5A , 0 
0x5A5A , 0 
0x5A5A , 0 
0x5A5A , 0 
0x5A5A , 0 
0x5A5A , 0 
0x5A5A , 0 
0x5A5A , 0 
0x5A5A , 0 
0x5A5A , 0 
0x5A5A , 0 
0x5A5A , 0 
0x5A5A , 0 
0x5A5A , 0 
0x5A5A , 0 
0x5A5A , 0 
0x5A5A , 0 
0x5A5A , 0 
0x5A5A , 8114 
0x5A5A , 8104 
0x5A5A , 8095 
0x5A5A , 8114 
0x5A5A , 8067 
0x5A5A , 8086 
0x5A5A , 8090 
0x5A5A , 8109 
0x5A5A , 8072 
0x5A5A , 8114 
0x5A5A , 8086 
0x5A5A , 8104 
0x5A5A , 8086 
0x5A5A , 8086 
0x5A5A , 8048 
0x5A5A , 8039 
0x5A5A , 8053 
0x5A5A , 8123 
0x5A5A , 8048 
0x5A5A , 8053 
0x5A5A , 8147 
0x5A5A , 8086 
0x5A5A , 8123 
0x5A5A , 8076 
0x5A5A , 8086 
0x5A5A , 8034 
0x5A5A , 8114 
0x5A5A , 8067 
0x5A5A , 8072 
0x5A5A , 8076 
0x5A5A , 8119 
0x5A5A , 8081 
0x5A5A , 8081 
0x5A5A , 8133 
0x5A5A , 8081 
0x5A5A , 8086 
0x5A5A , 8095 
0x5A5A , 8067 
0x5A5A , 8067 
0x5A5A , 8020 
0x5A5A , 8081 
0x5A5A , 8119 
0x5A5A , 8086 
0x5A5A , 8053 
0x5A5A , 8109 
0x5A5A , 8114 
0x5A5A , 8067 
0x5A5A , 8076 
0x5A5A , 8081 
0x5A5A , 8119 
0x5A5A , 8095 
0x5A5A , 8081 
0x5A5A , 8072 
0x5A5A , 8039 
0x5A5A , 8109 
0x5A5A , 8076 
0x5A5A , 8086 
0x5A5A , 8086 
0x5A5A , 8114 
0x5A5A , 8095 
0x5A5A , 8081 
0x5A5A , 8090 
0x5A5A , 8090 
0x5A5A , 8081 
0x5A5A , 8067 
0x5A5A , 8086 
0x5A5A , 8109 
0x5A5A , 8072 
0x5A5A , 8086 
0x5A5A , 8058 
0x5A5A , 8081 
0x5A5A , 8067 
0x5A5A , 8067 
0x5A5A , 8081 
0x5A5A , 8086 
0x5A5A , 8062 
0x5A5A , 8100 
0x5A5A , 8128 
0x5A5A , 8043 
0x5A5A , 8109 
0x5A5A , 8020 
0x5A5A , 8114 
0x5A5A , 8076 
0x5A5A , 8067 
0x5A5A , 8114 
0x5A5A , 8072 
0x5A5A , 8067 
0x5A5A , 8076 
0x5A5A , 8104 
0x5A5A , 8086 
0x5A5A , 8133 
0x5A5A , 8090 
0x5A5A , 8081 
0x5A5A , 8062 
0x5A5A , 8081 
0x5A5A , 8072 
0x5A5A , 8062 
0x5A5A , 8076 
0x5A5A , 8067 
0x5A5A , 8062 
0x5A5A , 8081 
0x5A5A , 8095 
0x5A5A , 8076 
0x5A5A , 8104 
0x5A5A , 8114 
0x5A5A , 8062 
0x5A5A , 8043 
0x5A5A , 8043 
0x5A5A , 8076 
0x5A5A , 8039 
0x5A5A , 8053 
0x5A5A , 8076 
0x5A5A , 8062 
0x5A5A , 8067 
0x5A5A , 8072 
0x5A5A , 8076 
0x5A5A , 8100 
0x5A5A , 8081 
0x5A5A , 8081 
0x5A5A , 8100 
0x5A5A , 8076 
0x5A5A , 8076 
0x5A5A , 8072 
0x5A5A , 8043 
0x5A5A , 8086 
0x5A5A , 8043 
0x5A5A , 8058 
0x5A5A , 8043 
0x5A5A , 8076 
0x5A5A , 8100 
0x5A5A , 8090 
0x5A5A , 8100 
0x5A5A , 8048 
0x5A5A , 8048 
0x5A5A , 8034 
0x5A5A , 8062 
0x5A5A , 8058 
0x5A5A , 8067 
0x5A5A , 8067 
0x5A5A , 8034 
0x5A5A , 8072 
0x5A5A , 8081 
0x5A5A , 8043 
0x5A5A , 8095 
0x5A5A , 8043 
0x5A5A , 8058 
0x5A5A , 8048 
0x5A5A , 8090 
0x5A5A , 8058 
0x5A5A , 8053 
0x5A5A , 8076 
0x5A5A , 8058 
0x5A5A , 8058 
0x5A5A , 8058 
0x5A5A , 8048 
0x5A5A , 8043 
0x5A5A , 8039 
0x5A5A , 8100 
0x5A5A , 8067 
0x5A5A , 8086 
0x5A5A , 8076 
0x5A5A , 8076 
0x5A5A , 8039 
0x5A5A , 8076 
0x5A5A , 8076 
0x5A5A , 8095 
0x5A5A , 8076 
0x5A5A , 8086 
0x5A5A , 8039 
0x5A5A , 8034 
0x5A5A , 8039 
0x5A5A , 8053 
0x5A5A , 8114 
0x5A5A , 8062 
0x5A5A , 8076 
0x5A5A , 8090 
0x5A5A , 8081 
0x5A5A , 8109 
0x5A5A , 8095 
0x5A5A , 8058 
0x5A5A , 8034 
0x5A5A , 8053 
0x5A5A , 8081 
0x5A5A , 8100 
0x5A5A , 8048 
0x5A5A , 8062 
0x5A5A , 8048 
0x5A5A , 8090 
0x5A5A , 8039 
0x5A5A , 8076 
0x5A5A , 8043 
0x5A5A , 8067 
0x5A5A , 8043 
0x5A5A , 8109 
0x5A5A , 8034 
0x5A5A , 8058 
0x5A5A , 8086 
0x5A5A , 8058 
0x5A5A , 8020 
0x5A5A , 8062 
0x5A5A , 8119 
0x5A5A , 8086 
0x5A5A , 8039 
0x5A5A , 8048 
0x5A5A , 8020 
0x5A5A , 8053 
0x5A5A , 8034 
0x5A5A , 8109 
0x5A5A , 8025 
0x5A5A , 8020 
0x5A5A , 8058 
0x5A5A , 8029 
0x5A5A , 8067 
0x5A5A , 8076 
0x5A5A , 8076 
0x5A5A , 8058 
0x5A5A , 8076 
0x5A5A , 8072 
0x5A5A , 8039 
0x5A5A , 8058 
0x5A5A , 8053 
0x5A5A , 8072 
0x5A5A , 8043 
0x5A5A , 8058 
0x5A5A , 8029 
0x5A5A , 8090 
0x5A5A , 8020 
0x5A5A , 8058 
0x5A5A , 8062 
0x5A5A , 8086 
0x5A5A , 8039 
0x5A5A , 8039 
0x5A5A , 8067 
0x5A5A , 8025 
0x5A5A , 8029 
0x5A5A , 8039 
0x5A5A , 8058 
0x5A5A , 8025 
0x5A5A , 8025 
0x5A5A , 8058 
0x5A5A , 0 
0x5A5A , 0 
0x5A5A , 0 
0x5A5A , 0 
0x5A5A , 0 
0x5A5A , 0 
0x5A5A , 0 
0x5A5A , 0 
0x5A5A , 0 
0x5A5A , 0 
0x5A5A , 0 
0x5A5A , 0 
0x5A5A , 0 
0x5A5A , 0 
0x5A5A , 0 
0x5A5A , 0 
0x5A5A , 0 
0x5A5A , 0 
0x5A5A , 0 
0x5A5A , 0 
0x5A5A , 8123 
0x5A5A , 8076 
0x5A5A , 8062 
0x5A5A , 8090 
0x5A5A , 8048 
0x5A5A , 8029 
0x5A5A , 8058 
0x5A5A , 8053 
0x5A5A , 8048 
0x5A5A , 8034 
0x5A5A , 8081 
0x5A5A , 8011 
0x5A5A , 8058 
0x5A5A , 8048 
0x5A5A , 8062 
0x5A5A , 8029 
0x5A5A , 8067 
0x5A5A , 8043 
0x5A5A , 8058 
0x5A5A , 8034 
0x5A5A , 8062 
0x5A5A , 8020 
0x5A5A , 8039 
0x5A5A , 8062 
0x5A5A , 8025 
0x5A5A , 8072 
0x5A5A , 8090 
0x5A5A , 8043 
0x5A5A , 8048 
0x5A5A , 8039 
0x5A5A , 8039 
0x5A5A , 8029 
0x5A5A , 8090 
0x5A5A , 7968 
0x5A5A , 8006 
0x5A5A , 8062 
0x5A5A , 8039 
0x5A5A , 8025 
0x5A5A , 8043 
0x5A5A , 8006 
0x5A5A , 8001 
0x5A5A , 7964 
0x5A5A , 7922 
0x5A5A , 7865 
0x5A5A , 7823 
0x5A5A , 7856 
0x5A5A , 7889 
0x5A5A , 7851 
0x5A5A , 7893 
0x5A5A , 7823 
0x5A5A , 7776 
0x5A5A , 7889 
0x5A5A , 7804 
0x5A5A , 7861 
0x5A5A , 7832 
0x5A5A , 7729 
0x5A5A , 7706 
0x5A5A , 7776 
0x5A5A , 7870 
0x5A5A , 7846 
0x5A5A , 7912 
0x5A5A , 7720 
0x5A5A , 7725 
0x5A5A , 7814 
0x5A5A , 7912 
0x5A5A , 7828 
0x5A5A , 7757 
0x5A5A , 7612 
0x5A5A , 7748 
0x5A5A , 7781 
0x5A5A , 7687 
0x5A5A , 7734 
0x5A5A , 7776 
0x5A5A , 7809 
0x5A5A , 7790 
0x5A5A , 7696 
0x5A5A , 7771 
0x5A5A , 7776 
0x5A5A , 7804 
0x5A5A , 7584 
0x5A5A , 0 
0x5A5A , 0 
0x5A5A , 0 
0x5A5A , 0 
0x5A5A , 0 
0x5A5A , 0 
0x5A5A , 0 
0x5A5A , 0 
0x5A5A , 0 
0x5A5A , 0 
0x5A5A , 0 
0x5A5A , 0 
0x5A5A , 0 
0x5A5A , 0 
0x5A5A , 0 
0x5A5A , 0 
0x5A5A , 0 
0x5A5A , 0 
0x5A5A , 0 
0x5A5A , 0 
0x5A5A , 7997 
0x5A5A , 8128 
0x5A5A , 8114 
0x5A5A , 8039 
0x5A5A , 8053 
0x5A5A , 8090 
0x5A5A , 8104 
0x5A5A , 8058 
0x5A5A , 8039 
0x5A5A , 8076 
0x5A5A , 8123 
0x5A5A , 8053 
0x5A5A , 8090 
0x5A5A , 8090 
0x5A5A , 8020 
0x5A5A , 8020 
0x5A5A , 8025 
0x5A5A , 8100 
0x5A5A , 8001 
0x5A5A , 7968 
0x5A5A , 8095 
0x5A5A , 8104 
0x5A5A , 8119 
0x5A5A , 7982 
0x5A5A , 8001 
0x5A5A , 7682 
0x5A5A , 8020 
0x5A5A , 7987 
0x5A5A , 8034 
0x5A5A , 7931 
0x5A5A , 8039 
0x5A5A , 8062 
0x5A5A , 8006 
0x5A5A , 8025 
0x5A5A , 7987 
0x5A5A , 8062 
0x5A5A , 8011 
0x5A5A , 8020 
0x5A5A , 8011 
0x5A5A , 7997 
0x5A5A , 0 
0x5A5A , 0 
0x5A5A , 0 
0x5A5A , 0 
0x5A5A , 0 
0x5A5A , 0 
0x5A5A , 0 
0x5A5A , 0 
0x5A5A , 0 
0x5A5A , 0 
0x5A5A , 0 
0x5A5A , 0 
0x5A5A , 0 
0x5A5A , 0 
0x5A5A , 0 
0x5A5A , 0 
0x5A5A , 0 
0x5A5A , 0 
0x5A5A , 0 
0x5A5A , 0 
0x5A5A , 8011 
0x5A5A , 8020 
0x5A5A , 8062 
0x5A5A , 8104 
0x5A5A , 7982 
0x5A5A , 8025 
0x5A5A , 8029 
0x5A5A , 8058 
0x5A5A , 8043 
0x5A5A , 8058 
0x5A5A , 8114 
0x5A5A , 8086 
0x5A5A , 8090 
0x5A5A , 8015 
0x5A5A , 8137 
0x5A5A , 7954 
0x5A5A , 7987 
0x5A5A , 8043 
0x5A5A , 8156 
0x5A5A , 8119 
0x5A5A , 8053 
0x5A5A , 8104 
0x5A5A , 8119 
0x5A5A , 8076 
0x5A5A , 8029 
0x5A5A , 8123 
0x5A5A , 8067 
0x5A5A , 8104 
0x5A5A , 8072 
0x5A5A , 8072 
0x5A5A , 8025 
0x5A5A , 8072 
0x5A5A , 8109 
0x5A5A , 8015 
0x5A5A , 8081 
0x5A5A , 8100 
0x5A5A , 8025 
0x5A5A , 8062 
0x5A5A , 8104 
0x5A5A , 8001 
0x5A5A , 8006 
0x5A5A , 7997 
0x5A5A , 7926 
0x5A5A , 8058 
0x5A5A , 8006 
0x5A5A , 8058 
0x5A5A , 8048 
0x5A5A , 8109 
0x5A5A , 8025 
0x5A5A , 7997 
0x5A5A , 7978 
0x5A5A , 7997 
0x5A5A , 8029 
0x5A5A , 8001 
0x5A5A , 7973 
0x5A5A , 8011 
0x5A5A , 8020 
0x5A5A , 8034 
0x5A5A , 8048 
0x5A5A , 7987 
0x5A5A , 8029 
0x5A5A , 7607 
0x5A5A , 7893 
0x5A5A , 7664 
0x5A5A , 7964 
0x5A5A , 7950 
0x5A5A , 7950 
0x5A5A , 8104 
0x5A5A , 7997 
0x5A5A , 7917 
0x5A5A , 7987 
0x5A5A , 8039 
0x5A5A , 7893 
0x5A5A , 8034 
0x5A5A , 7964 
0x5A5A , 7950 
0x5A5A , 7973 
0x5A5A , 8039 
0x5A5A , 7997 
0x5A5A , 8006 
0x5A5A , 0 
0x5A5A , 0 
0x5A5A , 0 
0x5A5A , 0 
0x5A5A , 0 
0x5A5A , 0 
0x5A5A , 0 
0x5A5A , 0 
0x5A5A , 0 
0x5A5A , 0 
0x5A5A , 0 
0x5A5A , 0 
0x5A5A , 0 
0x5A5A , 0 
0x5A5A , 0 
0x5A5A , 0 
0x5A5A , 0 
0x5A5A , 0 
0x5A5A , 0 
0x5A5A , 0 
0x5A5A , 7954 
0x5A5A , 7997 
0x5A5A , 7968 
0x5A5A , 8100 
0x5A5A , 8025 
0x5A5A , 7964 
0x5A5A , 7954 
0x5A5A , 7940 
0x5A5A , 7912 
0x5A5A , 7964 
0x5A5A , 7936 
0x5A5A , 8090 
0x5A5A , 7973 
0x5A5A , 7978 
0x5A5A , 7987 
0x5A5A , 7917 
0x5A5A , 8011 
0x5A5A , 7964 
0x5A5A , 7926 
0x5A5A , 7950 
0x5A5A , 7968 
0x5A5A , 8039 
0x5A5A , 8043 
0x5A5A , 8015 
0x5A5A , 8039 
0x5A5A , 8020 
0x5A5A , 7987 
0x5A5A , 8025 
0x5A5A , 8025 
0x5A5A , 8001 
0x5A5A , 7978 
0x5A5A , 7997 
0x5A5A , 8001 
0x5A5A , 8001 
0x5A5A , 8011 
0x5A5A , 7954 
0x5A5A , 7968 
0x5A5A , 7964 
0x5A5A , 7959 
0x5A5A , 8015 
0x5A5A , 7893 
0x5A5A , 8020 
0x5A5A , 7987 
0x5A5A , 7954 
0x5A5A , 8029 
0x5A5A , 8001 
0x5A5A , 7987 
0x5A5A , 8006 
0x5A5A , 8043 
0x5A5A , 7997 
0x5A5A , 7978 
0x5A5A , 8001 
0x5A5A , 7954 
0x5A5A , 7903 
0x5A5A , 7926 
0x5A5A , 7959 
0x5A5A , 7959 
0x5A5A , 7982 
0x5A5A , 7968 
0x5A5A , 7903 
0x5A5A , 0 
0x5A5A , 0 
0x5A5A , 0 
0x5A5A , 0 
0x5A5A , 0 
0x5A5A , 0 
0x5A5A , 0 
0x5A5A , 0 
0x5A5A , 0 
0x5A5A , 0 
0x5A5A , 0 
0x5A5A , 0 
0x5A5A , 0 
0x5A5A , 0 
0x5A5A , 0 
0x5A5A , 0 
0x5A5A , 0 
0x5A5A , 0 
0x5A5A , 0 
0x5A5A , 0 
0x5A5A , 7649 
0x5A5A , 7879 
0x5A5A , 8062 
0x5A5A , 7982 
0x5A5A , 7950 
0x5A5A , 7978 
0x5A5A , 7940 
0x5A5A , 7940 
0x5A5A , 7954 
0x5A5A , 7926 
0x5A5A , 7861 
0x5A5A , 7917 
0x5A5A , 7922 
0x5A5A , 7912 
0x5A5A , 7959 
0x5A5A , 7950 
0x5A5A , 7917 
0x5A5A , 7940 
0x5A5A , 8001 
0x5A5A , 7940 
0x5A5A , 0 
0x5A5A , 0 
0x5A5A , 0 
0x5A5A , 0 
0x5A5A , 0 
0x5A5A , 0 
0x5A5A , 0 
0x5A5A , 0 
0x5A5A , 0 
0x5A5A , 0 
0x5A5A , 0 
0x5A5A , 0 
0x5A5A , 0 
0x5A5A , 0 
0x5A5A , 0 
0x5A5A , 0 
0x5A5A , 0 
0x5A5A , 0 
0x5A5A , 0 
0x5A5A , 0 
0x5A5A , 8128 
0x5A5A , 8156 
0x5A5A , 8156 
0x5A5A , 8175 
0x5A5A , 8147 
0x5A5A , 8170 
0x5A5A , 8137 
0x5A5A , 8104 
0x5A5A , 8151 
0x5A5A , 8123 
0x5A5A , 8133 
0x5A5A , 8156 
0x5A5A , 8147 
0x5A5A , 8109 
0x5A5A , 8156 
0x5A5A , 8100 
0x5A5A , 8058 
0x5A5A , 8147 
0x5A5A , 8123 
0x5A5A , 8095 
0x5A5A , 8128 
0x5A5A , 8137 
0x5A5A , 8128 
0x5A5A , 8133 
0x5A5A , 8119 
0x5A5A , 8081 
0x5A5A , 8109 
0x5A5A , 7598 
0x5A5A , 8137 
0x5A5A , 8114 
0x5A5A , 8090 
0x5A5A , 8039 
0x5A5A , 8043 
0x5A5A , 8076 
0x5A5A , 8062 
0x5A5A , 8020 
0x5A5A , 8067 
0x5A5A , 8058 
0x5A5A , 8081 
0x5A5A , 8090 
0x5A5A , 7987 
0x5A5A , 7978 
0x5A5A , 7992 
0x5A5A , 7973 
0x5A5A , 7945 
0x5A5A , 8029 
0x5A5A , 7968 
0x5A5A , 8086 
0x5A5A , 7992 
0x5A5A , 8006 
0x5A5A , 7959 
0x5A5A , 7950 
0x5A5A , 7898 
0x5A5A , 7945 
0x5A5A , 7851 
0x5A5A , 7950 
0x5A5A , 7959 
0x5A5A , 7950 
0x5A5A , 7987 
0x5A5A , 7954 
0x5A5A , 0 
0x5A5A , 0 
0x5A5A , 0 
0x5A5A , 0 
0x5A5A , 0 
0x5A5A , 0 
0x5A5A , 0 
0x5A5A , 0 
0x5A5A , 0 
0x5A5A , 0 
0x5A5A , 0 
0x5A5A , 0 
0x5A5A , 0 
0x5A5A , 0 
0x5A5A , 0 
0x5A5A , 0 
0x5A5A , 0 
0x5A5A , 0 
0x5A5A , 0 
0x5A5A , 0 
0x5A5A , 0 
0x5A5A , 0 
0x5A5A , 0 
0x5A5A , 0 
0x5A5A , 0 
0x5A5A , 0 
0x5A5A , 0 
0x5A5A , 0 
0x5A5A , 0 
0x5A5A , 0 
0x5A5A , 0 
0x5A5A , 0 
0x5A5A , 0 
0x5A5A , 0 
0x5A5A , 0 
0x5A5A , 0 
0x5A5A , 0 
0x5A5A , 0 
0x5A5A , 0 
0x5A5A , 0 
0x5A5A , 8184 
0x5A5A , 8189 
0x5A5A , 8147 
0x5A5A , 8170 
0x5A5A , 8175 
0x5A5A , 8198 
0x5A5A , 8194 
0x5A5A , 8114 
0x5A5A , 8179 
0x5A5A , 8161 
0x5A5A , 8142 
0x5A5A , 8151 
0x5A5A , 8184 
0x5A5A , 8161 
0x5A5A , 8161 
0x5A5A , 8128 
0x5A5A , 8156 
0x5A5A , 8161 
0x5A5A , 8156 
0x5A5A , 8151 
0x5A5A , 8151 
0x5A5A , 8142 
0x5A5A , 8128 
0x5A5A , 8161 
0x5A5A , 8161 
0x5A5A , 8165 
0x5A5A , 8137 
0x5A5A , 8114 
0x5A5A , 8189 
0x5A5A , 8114 
0x5A5A , 8179 
0x5A5A , 8179 
0x5A5A , 8104 
0x5A5A , 8165 
0x5A5A , 8142 
0x5A5A , 8198 
0x5A5A , 8114 
0x5A5A , 8133 
0x5A5A , 8119 
0x5A5A , 8142 
0x5A5A , 8203 
0x5A5A , 8165 
0x5A5A , 8170 
0x5A5A , 8104 
0x5A5A , 8137 
0x5A5A , 8170 
0x5A5A , 8175 
0x5A5A , 8194 
0x5A5A , 8137 
0x5A5A , 8137 
0x5A5A , 8165 
0x5A5A , 8161 
0x5A5A , 8147 
0x5A5A , 8104 
0x5A5A , 8133 
0x5A5A , 8137 
0x5A5A , 8151 
0x5A5A , 8128 
0x5A5A , 8123 
0x5A5A , 8161 
0x5A5A , 8184 
0x5A5A , 8142 
0x5A5A , 8137 
0x5A5A , 8156 
0x5A5A , 8137 
0x5A5A , 8147 
0x5A5A , 8123 
0x5A5A , 8165 
0x5A5A , 8151 
0x5A5A , 8156 
0x5A5A , 8147 
0x5A5A , 8147 
0x5A5A , 8175 
0x5A5A , 8156 
0x5A5A , 8179 
0x5A5A , 8156 
0x5A5A , 8123 
0x5A5A , 8156 
0x5A5A , 8175 
0x5A5A , 8100 
0x5A5A , 8151 
0x5A5A , 8208 
0x5A5A , 8194 
0x5A5A , 8165 
0x5A5A , 8100 
0x5A5A , 8128 
0x5A5A , 8133 
0x5A5A , 8179 
0x5A5A , 8114 
0x5A5A , 8142 
0x5A5A , 8151 
0x5A5A , 8128 
0x5A5A , 8161 
0x5A5A , 8147 
0x5A5A , 8151 
0x5A5A , 8156 
0x5A5A , 8128 
0x5A5A , 8147 
0x5A5A , 8137 
0x5A5A , 8119 
0x5A5A , 8194 
0x5A5A , 8161 
0x5A5A , 8142 
0x5A5A , 8133 
0x5A5A , 8156 
0x5A5A , 8128 
0x5A5A , 8119 
0x5A5A , 8147 
0x5A5A , 8189 
0x5A5A , 8165 
0x5A5A , 8128 
0x5A5A , 8147 
0x5A5A , 8142 
0x5A5A , 8100 
0x5A5A , 8119 
0x5A5A , 8128 
0x5A5A , 8128 
0x5A5A , 8128 
0x5A5A , 8170 
0x5A5A , 8137 
0x5A5A , 8203 
0x5A5A , 8151 
0x5A5A , 8161 
0x5A5A , 8137 
0x5A5A , 8090 
0x5A5A , 8128 
0x5A5A , 8151 
0x5A5A , 8184 
0x5A5A , 8165 
0x5A5A , 8133 
0x5A5A , 8189 
0x5A5A , 8104 
0x5A5A , 8128 
0x5A5A , 8104 
0x5A5A , 8067 
0x5A5A , 8142 
0x5A5A , 8170 
0x5A5A , 8151 
0x5A5A , 8142 
0x5A5A , 8165 
0x5A5A , 8151 
0x5A5A , 8147 
0x5A5A , 8198 
0x5A5A , 8128 
0x5A5A , 8128 
0x5A5A , 8175 
0x5A5A , 8123 
0x5A5A , 8104 
0x5A5A , 8175 
0x5A5A , 8137 
0x5A5A , 8137 
0x5A5A , 8170 
0x5A5A , 8100 
0x5A5A , 8165 
0x5A5A , 8128 
0x5A5A , 8114 
0x5A5A , 8104 
0x5A5A , 8123 
0x5A5A , 8119 
0x5A5A , 8133 
0x5A5A , 0 
0x5A5A , 0 
0x5A5A , 0 
0x5A5A , 0 
0x5A5A , 0 
0x5A5A , 0 
0x5A5A , 0 
0x5A5A , 0 
0x5A5A , 0 
0x5A5A , 0 
0x5A5A , 0 
0x5A5A , 0 
0x5A5A , 0 
0x5A5A , 0 
0x5A5A , 0 
0x5A5A , 0 
0x5A5A , 0 
0x5A5A , 0 
0x5A5A , 0 
0x5A5A , 0 
0x5A5A , 8175 
0x5A5A , 8203 
0x5A5A , 8175 
0x5A5A , 8175 
0x5A5A , 8175 
0x5A5A , 8137 
0x5A5A , 8161 
0x5A5A , 8147 
0x5A5A , 8161 
0x5A5A , 8151 
0x5A5A , 8123 
0x5A5A , 8175 
0x5A5A , 8142 
0x5A5A , 8137 
0x5A5A , 8147 
0x5A5A , 8175 
0x5A5A , 8156 
0x5A5A , 8137 
0x5A5A , 8147 
0x5A5A , 8184 
0x5A5A , 8184 
0x5A5A , 8123 
0x5A5A , 8203 
0x5A5A , 8086 
0x5A5A , 8179 
0x5A5A , 8198 
0x5A5A , 8109 
0x5A5A , 8165 
0x5A5A , 8142 
0x5A5A , 8151 
0x5A5A , 8151 
0x5A5A , 8133 
0x5A5A , 8161 
0x5A5A , 8133 
0x5A5A , 8137 
0x5A5A , 8147 
0x5A5A , 8109 
0x5A5A , 8161 
0x5A5A , 8142 
0x5A5A , 8090 
0x5A5A , 0 
0x5A5A , 0 
0x5A5A , 0 
0x5A5A , 0 
0x5A5A , 0 
0x5A5A , 0 
0x5A5A , 0 
0x5A5A , 0 
0x5A5A , 0 
0x5A5A , 0 
0x5A5A , 0 
0x5A5A , 0 
0x5A5A , 0 
0x5A5A , 0 
0x5A5A , 0 
0x5A5A , 0 
0x5A5A , 0 
0x5A5A , 0 
0x5A5A , 0 
0x5A5A , 0 
0x5A5A , 8222 
0x5A5A , 8203 
0x5A5A , 8217 
0x5A5A , 8165 
0x5A5A , 8114 
0x5A5A , 8165 
0x5A5A , 8179 
0x5A5A , 8137 
0x5A5A , 8119 
0x5A5A , 8165 
0x5A5A , 8165 
0x5A5A , 8151 
0x5A5A , 8100 
0x5A5A , 8147 
0x5A5A , 8133 
0x5A5A , 8147 
0x5A5A , 8104 
0x5A5A , 8147 
0x5A5A , 8137 
0x5A5A , 8151 
0x5A5A , 8123 
0x5A5A , 8165 
0x5A5A , 8175 
0x5A5A , 8137 
0x5A5A , 8170 
0x5A5A , 8161 
0x5A5A , 8147 
0x5A5A , 8128 
0x5A5A , 8151 
0x5A5A , 8114 
0x5A5A , 8142 
0x5A5A , 8151 
0x5A5A , 8123 
0x5A5A , 8142 
0x5A5A , 8151 
0x5A5A , 8156 
0x5A5A , 8170 
0x5A5A , 8137 
0x5A5A , 8165 
0x5A5A , 8128 
0x5A5A , 8151 
0x5A5A , 8133 
0x5A5A , 8170 
0x5A5A , 8072 
0x5A5A , 8128 
0x5A5A , 8147 
0x5A5A , 8133 
0x5A5A , 8147 
0x5A5A , 8133 
0x5A5A , 8133 
0x5A5A , 8151 
0x5A5A , 8114 
0x5A5A , 8119 
0x5A5A , 8147 
0x5A5A , 8137 
0x5A5A , 8114 
0x5A5A , 8109 
0x5A5A , 8179 
0x5A5A , 8123 
0x5A5A , 8156 
0x5A5A , 8104 
0x5A5A , 8194 
0x5A5A , 8128 
0x5A5A , 8175 
0x5A5A , 8184 
0x5A5A , 8179 
0x5A5A , 8189 
0x5A5A , 8137 
0x5A5A , 8161 
0x5A5A , 8151 
0x5A5A , 8142 
0x5A5A , 8114 
0x5A5A , 8165 
0x5A5A , 8156 
0x5A5A , 8161 
0x5A5A , 8086 
0x5A5A , 8133 
0x5A5A , 8095 
0x5A5A , 8109 
0x5A5A , 8161 
0x5A5A , 8137 
0x5A5A , 8137 
0x5A5A , 8142 
0x5A5A , 8189 
0x5A5A , 8184 
0x5A5A , 8203 
0x5A5A , 8137 
0x5A5A , 8119 
0x5A5A , 8128 
0x5A5A , 8119 
0x5A5A , 8086 
0x5A5A , 8137 
0x5A5A , 8090 
0x5A5A , 8137 
0x5A5A , 8156 
0x5A5A , 8109 
0x5A5A , 8161 
0x5A5A , 8086 
0x5A5A , 8086 
0x5A5A , 8151 
0x5A5A , 8179 
0x5A5A , 8147 
0x5A5A , 8165 
0x5A5A , 8090 
0x5A5A , 8151 
0x5A5A , 8123 
0x5A5A , 8123 
0x5A5A , 8170 
0x5A5A , 8119 
0x5A5A , 8179 
0x5A5A , 8142 
0x5A5A , 8151 
0x5A5A , 8072 
0x5A5A , 8151 
0x5A5A , 8104 
0x5A5A , 8114 
0x5A5A , 8114 
0x5A5A , 8151 
0x5A5A , 8095 
0x5A5A , 8198 
0x5A5A , 8123 
0x5A5A , 8170 
0x5A5A , 8119 
0x5A5A , 8109 
0x5A5A , 8170 
0x5A5A , 8133 
0x5A5A , 8147 
0x5A5A , 8119 
0x5A5A , 8081 
0x5A5A , 8100 
0x5A5A , 8086 
0x5A5A , 8123 
0x5A5A , 8170 
0x5A5A , 8123 
0x5A5A , 8114 
0x5A5A , 8119 
0x5A5A , 8142 
0x5A5A , 8128 
0x5A5A , 8142 
0x5A5A , 8100 
0x5A5A , 8142 
0x5A5A , 8109 
0x5A5A , 8147 
0x5A5A , 8137 
0x5A5A , 8137 
0x5A5A , 8137 
0x5A5A , 8114 
0x5A5A , 8142 
0x5A5A , 8114 
0x5A5A , 8119 
0x5A5A , 8137 
0x5A5A , 8179 
0x5A5A , 8109 
0x5A5A , 8104 
0x5A5A , 8119 
0x5A5A , 8161 
0x5A5A , 8123 
0x5A5A , 8123 
0x5A5A , 8175 
0x5A5A , 8123 
0x5A5A , 8161 
0x5A5A , 8175 
0x5A5A , 8175 
0x5A5A , 8128 
0x5A5A , 8147 
0x5A5A , 8165 
0x5A5A , 8165 
0x5A5A , 8119 
0x5A5A , 8123 
0x5A5A , 8100 
0x5A5A , 8123 
0x5A5A , 8109 
0x5A5A , 8095 
0x5A5A , 8100 
0x5A5A , 8114 
0x5A5A , 8123 
0x5A5A , 8114 
0x5A5A , 8123 
0x5A5A , 8090 
0x5A5A , 8086 
0x5A5A , 8142 
0x5A5A , 8170 
0x5A5A , 8156 
0x5A5A , 8142 
0x5A5A , 8179 
0x5A5A , 8179 
0x5A5A , 8142 
0x5A5A , 8062 
0x5A5A , 8100 
0x5A5A , 8100 
0x5A5A , 8119 
0x5A5A , 8081 
0x5A5A , 8156 
0x5A5A , 8142 
0x5A5A , 8142 
0x5A5A , 8137 
0x5A5A , 8133 
0x5A5A , 8203 
0x5A5A , 8119 
0x5A5A , 8090 
0x5A5A , 8161 
0x5A5A , 8151 
0x5A5A , 8119 
0x5A5A , 8123 
0x5A5A , 8100 
0x5A5A , 8128 
0x5A5A , 8123 
0x5A5A , 8104 
0x5A5A , 8090 
0x5A5A , 8161 
0x5A5A , 8119 
0x5A5A , 8104 
0x5A5A , 8208 
0x5A5A , 8109 
0x5A5A , 8095 
0x5A5A , 8104 
0x5A5A , 8133 
0x5A5A , 8123 
0x5A5A , 8133 
0x5A5A , 8194 
0x5A5A , 8147 
0x5A5A , 8137 
0x5A5A , 8123 
0x5A5A , 8137 
0x5A5A , 8156 
0x5A5A , 8147 
0x5A5A , 8142 
0x5A5A , 8123 
0x5A5A , 8133 
0x5A5A , 8104 
0x5A5A , 8147 
0x5A5A , 8170 
0x5A5A , 8184 
0x5A5A , 8194 
0x5A5A , 8175 
0x5A5A , 8137 
0x5A5A , 8128 
0x5A5A , 8123 
0x5A5A , 8100 
0x5A5A , 8151 
0x5A5A , 0 
0x5A5A , 0 
0x5A5A , 0 
0x5A5A , 0 
0x5A5A , 0 
0x5A5A , 0 
0x5A5A , 0 
0x5A5A , 0 
0x5A5A , 0 
0x5A5A , 0 
0x5A5A , 0 
0x5A5A , 0 
0x5A5A , 0 
0x5A5A , 0 
0x5A5A , 0 
0x5A5A , 0 
0x5A5A , 0 
0x5A5A , 0 
0x5A5A , 0 
0x5A5A , 0 
0x5A5A , 8203 
0x5A5A , 8142 
0x5A5A , 8156 
0x5A5A , 8100 
0x5A5A , 8123 
0x5A5A , 8142 
0x5A5A , 8137 
0x5A5A , 8147 
0x5A5A , 8142 
0x5A5A , 8194 
0x5A5A , 8170 
0x5A5A , 8156 
0x5A5A , 8161 
0x5A5A , 8109 
0x5A5A , 8114 
0x5A5A , 8137 
0x5A5A , 8161 
0x5A5A , 8114 
0x5A5A , 8151 
0x5A5A , 8109 
0x5A5A , 8151 
0x5A5A , 8156 
0x5A5A , 8161 
0x5A5A , 8147 
0x5A5A , 8151 
0x5A5A , 8156 
0x5A5A , 8133 
0x5A5A , 8109 
0x5A5A , 8165 
0x5A5A , 8142 
0x5A5A , 8151 
0x5A5A , 8137 
0x5A5A , 8114 
0x5A5A , 8100 
0x5A5A , 8208 
0x5A5A , 8133 
0x5A5A , 8104 
0x5A5A , 8142 
0x5A5A , 8081 
0x5A5A , 8067 
0x5A5A , 8165 
0x5A5A , 8175 
0x5A5A , 8119 
0x5A5A , 8119 
0x5A5A , 8151 
0x5A5A , 8142 
0x5A5A , 8128 
0x5A5A , 8100 
0x5A5A , 8151 
0x5A5A , 8133 
0x5A5A , 8123 
0x5A5A , 8156 
0x5A5A , 8128 
0x5A5A , 8137 
0x5A5A , 8086 
0x5A5A , 8147 
0x5A5A , 8147 
0x5A5A , 8119 
0x5A5A , 8104 
0x5A5A , 8100 
0x5A5A , 8147 
0x5A5A , 8137 
0x5A5A , 8142 
0x5A5A , 8147 
0x5A5A , 8128 
0x5A5A , 8090 
0x5A5A , 8100 
0x5A5A , 8104 
0x5A5A , 8142 
0x5A5A , 8137 
0x5A5A , 8142 
0x5A5A , 8142 
0x5A5A , 8189 
0x5A5A , 8128 
0x5A5A , 8119 
0x5A5A , 8137 
0x5A5A , 8165 
0x5A5A , 8142 
0x5A5A , 8165 
0x5A5A , 8151 
