0x5A5A , 7753 
0x5A5A , 7743 
0x5A5A , 7785 
0x5A5A , 7743 
0x5A5A , 7757 
0x5A5A , 7757 
0x5A5A , 7767 
0x5A5A , 7757 
0x5A5A , 7771 
0x5A5A , 7757 
0x5A5A , 7762 
0x5A5A , 7776 
0x5A5A , 7771 
0x5A5A , 7739 
0x5A5A , 7734 
0x5A5A , 7762 
0x5A5A , 7706 
0x5A5A , 7771 
0x5A5A , 7706 
0x5A5A , 7734 
0x5A5A , 0 
0x5A5A , 0 
0x5A5A , 0 
0x5A5A , 0 
0x5A5A , 0 
0x5A5A , 0 
0x5A5A , 0 
0x5A5A , 0 
0x5A5A , 0 
0x5A5A , 0 
0x5A5A , 0 
0x5A5A , 0 
0x5A5A , 0 
0x5A5A , 0 
0x5A5A , 0 
0x5A5A , 0 
0x5A5A , 0 
0x5A5A , 0 
0x5A5A , 0 
0x5A5A , 0 
0x5A5A , 7678 
0x5A5A , 7734 
0x5A5A , 7743 
0x5A5A , 7696 
0x5A5A , 7729 
0x5A5A , 7673 
0x5A5A , 7725 
0x5A5A , 7706 
0x5A5A , 7743 
0x5A5A , 7739 
0x5A5A , 7729 
0x5A5A , 7739 
0x5A5A , 7734 
0x5A5A , 7739 
0x5A5A , 7729 
0x5A5A , 7729 
0x5A5A , 7687 
0x5A5A , 7734 
0x5A5A , 7734 
0x5A5A , 7725 
0x5A5A , 7720 
0x5A5A , 7743 
0x5A5A , 7715 
0x5A5A , 7720 
0x5A5A , 7757 
0x5A5A , 7753 
0x5A5A , 7734 
0x5A5A , 7725 
0x5A5A , 7767 
0x5A5A , 7734 
0x5A5A , 7710 
0x5A5A , 7767 
0x5A5A , 7710 
0x5A5A , 7715 
0x5A5A , 7692 
0x5A5A , 7762 
0x5A5A , 7753 
0x5A5A , 7748 
0x5A5A , 7734 
0x5A5A , 7767 
0x5A5A , 7682 
0x5A5A , 7715 
0x5A5A , 7762 
0x5A5A , 7743 
0x5A5A , 7729 
0x5A5A , 7734 
0x5A5A , 7734 
0x5A5A , 7734 
0x5A5A , 7710 
0x5A5A , 7771 
0x5A5A , 7757 
0x5A5A , 7757 
0x5A5A , 7767 
0x5A5A , 7720 
0x5A5A , 7710 
0x5A5A , 7771 
0x5A5A , 7753 
0x5A5A , 7734 
0x5A5A , 7729 
0x5A5A , 7739 
0x5A5A , 7715 
0x5A5A , 7701 
0x5A5A , 7701 
0x5A5A , 7748 
0x5A5A , 7753 
0x5A5A , 7743 
0x5A5A , 7687 
0x5A5A , 7753 
0x5A5A , 7739 
0x5A5A , 7715 
0x5A5A , 7785 
0x5A5A , 7767 
0x5A5A , 7743 
0x5A5A , 7762 
0x5A5A , 7781 
0x5A5A , 7734 
0x5A5A , 7767 
0x5A5A , 7743 
0x5A5A , 7734 
0x5A5A , 7753 
0x5A5A , 7701 
0x5A5A , 7743 
0x5A5A , 7692 
0x5A5A , 7757 
0x5A5A , 7729 
0x5A5A , 7720 
0x5A5A , 7725 
0x5A5A , 7696 
0x5A5A , 7767 
0x5A5A , 7682 
0x5A5A , 7753 
0x5A5A , 7767 
0x5A5A , 7748 
0x5A5A , 7720 
0x5A5A , 7757 
0x5A5A , 7771 
0x5A5A , 7725 
0x5A5A , 7757 
0x5A5A , 7776 
0x5A5A , 7743 
0x5A5A , 7645 
0x5A5A , 7710 
0x5A5A , 7682 
0x5A5A , 7725 
0x5A5A , 7757 
0x5A5A , 7753 
0x5A5A , 7767 
0x5A5A , 7701 
0x5A5A , 7739 
0x5A5A , 7757 
0x5A5A , 7767 
0x5A5A , 7767 
0x5A5A , 7715 
0x5A5A , 7706 
0x5A5A , 7715 
0x5A5A , 7710 
0x5A5A , 7720 
0x5A5A , 7715 
0x5A5A , 7757 
0x5A5A , 7767 
0x5A5A , 7701 
0x5A5A , 7687 
0x5A5A , 7706 
0x5A5A , 7725 
0x5A5A , 7687 
0x5A5A , 7678 
0x5A5A , 7701 
0x5A5A , 7687 
0x5A5A , 7725 
0x5A5A , 7687 
0x5A5A , 7762 
0x5A5A , 7800 
0x5A5A , 7748 
0x5A5A , 7696 
0x5A5A , 7776 
0x5A5A , 7757 
0x5A5A , 7757 
0x5A5A , 7734 
0x5A5A , 7739 
0x5A5A , 7696 
0x5A5A , 7734 
0x5A5A , 7706 
0x5A5A , 7729 
0x5A5A , 7776 
0x5A5A , 7729 
0x5A5A , 7692 
0x5A5A , 7715 
0x5A5A , 7795 
0x5A5A , 7748 
0x5A5A , 7725 
0x5A5A , 7725 
0x5A5A , 7762 
0x5A5A , 7692 
0x5A5A , 7729 
0x5A5A , 7673 
0x5A5A , 7706 
0x5A5A , 7739 
0x5A5A , 7776 
0x5A5A , 7748 
0x5A5A , 7725 
0x5A5A , 7710 
0x5A5A , 7762 
0x5A5A , 7739 
0x5A5A , 7748 
0x5A5A , 7762 
0x5A5A , 7720 
0x5A5A , 7767 
0x5A5A , 7762 
0x5A5A , 7762 
0x5A5A , 7739 
0x5A5A , 7785 
0x5A5A , 7748 
0x5A5A , 7701 
0x5A5A , 7781 
0x5A5A , 7771 
0x5A5A , 7720 
0x5A5A , 7767 
0x5A5A , 7720 
0x5A5A , 7725 
0x5A5A , 7739 
0x5A5A , 7692 
0x5A5A , 7706 
0x5A5A , 7739 
0x5A5A , 7739 
0x5A5A , 7710 
0x5A5A , 7739 
0x5A5A , 7734 
0x5A5A , 7725 
0x5A5A , 7715 
0x5A5A , 7743 
0x5A5A , 7687 
0x5A5A , 7767 
0x5A5A , 7776 
0x5A5A , 7725 
0x5A5A , 7743 
0x5A5A , 7734 
0x5A5A , 7692 
0x5A5A , 7720 
0x5A5A , 7701 
0x5A5A , 7720 
0x5A5A , 7673 
0x5A5A , 7720 
0x5A5A , 7757 
0x5A5A , 7734 
0x5A5A , 7720 
0x5A5A , 7776 
0x5A5A , 7710 
0x5A5A , 7739 
0x5A5A , 7757 
0x5A5A , 7725 
0x5A5A , 7720 
0x5A5A , 7687 
0x5A5A , 7720 
0x5A5A , 7734 
0x5A5A , 7720 
0x5A5A , 7668 
0x5A5A , 7734 
0x5A5A , 7762 
0x5A5A , 7734 
0x5A5A , 7734 
0x5A5A , 7678 
0x5A5A , 7682 
0x5A5A , 7725 
0x5A5A , 7725 
0x5A5A , 7678 
0x5A5A , 7748 
0x5A5A , 7729 
0x5A5A , 7687 
0x5A5A , 7781 
0x5A5A , 7682 
0x5A5A , 7715 
0x5A5A , 7739 
0x5A5A , 7762 
0x5A5A , 7743 
0x5A5A , 7729 
0x5A5A , 7715 
0x5A5A , 7743 
0x5A5A , 7753 
0x5A5A , 7706 
0x5A5A , 7706 
0x5A5A , 7687 
0x5A5A , 7682 
0x5A5A , 7715 
0x5A5A , 7720 
0x5A5A , 7739 
0x5A5A , 7710 
0x5A5A , 7692 
0x5A5A , 7748 
0x5A5A , 7645 
0x5A5A , 7720 
0x5A5A , 7668 
0x5A5A , 7710 
0x5A5A , 7720 
0x5A5A , 7762 
0x5A5A , 7720 
0x5A5A , 7696 
0x5A5A , 7720 
0x5A5A , 7753 
0x5A5A , 7729 
0x5A5A , 7725 
