21:52:19.314:
0x5A5A , 7753 
0x5A5A , 7743 
0x5A5A , 7785 
0x5A5A , 7743 
0x5A5A , 7757 
0x5A5A , 7757 
0x5A5A , 7767 
0x5A5A , 7757 
0x5A5A , 7771 
0x5A5A , 7757 
0x5A5A , 7762 
0x5A5A , 7776 
0x5A5A , 7771 
0x5A5A , 7739 
0x5A5A , 7734 
0x5A5A , 7762 
0x5A5A , 7706 
0x5A5A , 7771 
0x5A5A , 7706 
0x5A5A , 7734 

21:52:22.229:
0x5A5A , 0 
0x5A5A , 0 
0x5A5A , 0 
0x5A5A , 0 
0x5A5A , 0 
0x5A5A , 0 
0x5A5A , 0 
0x5A5A , 0 
0x5A5A , 0 
0x5A5A , 0 
0x5A5A , 0 
0x5A5A , 0 
0x5A5A , 0 
0x5A5A , 0 
0x5A5A , 0 
0x5A5A , 0 
0x5A5A , 0 
0x5A5A , 0 
0x5A5A , 0 
0x5A5A , 0 

21:52:23.476:
0x5A5A , 7678 
0x5A5A , 7734 
0x5A5A , 7743 
0x5
21:52:23.525:
A5A , 7696 
0x5A5A , 7729 
0x5A5A , 7673 
0x5A5A , 7725 
0x5A5A , 7706 
0x5A5A , 7743 
0x5A5A , 7739 
0x5A5A , 7729 
0x5A5A , 7739 
0x5A5A , 7734 
0x5A5A , 7739 
0x5A5A , 7729 
0x5A5A , 7729 
0x5A5A , 7687 
0x5A5A , 7734 
0x5A5A , 7734 
0x5A5A , 7725 

21:52:26.941:
0x5A5A , 7720 
0x5A5A , 7743 
0x5A5A , 7715 
0x5A5A , 7720 
0x5A5A , 7757 
0x5A5A , 7753 
0x5A5A , 7734 
0x5A5A , 7725 
0x5A5A , 7767 
0x5A5A , 7734 
0x5A5A , 7710 
0x5A5A , 7767 
0x5A5A , 7710 
0x5A5A , 7715 
0x5A5A , 7692 
0x5A5A , 7762 
0x5A5A , 7753 
0x5A5A , 7748 
0x5A5A , 7734 
0x5A5A , 7767 

21:52:29.067:
0x5A5A , 7682 
0x5A5A 
21:52:29.116:
, 7715 
0x5A5A , 7762 
0x5A5A , 7743 
0x5A5A , 7729 
0x5A5A , 7734 
0x5A5A , 7734 
0x5A5A , 7734 
0x5A5A , 7710 
0x5A5A , 7771 
0x5A5A , 7757 
0x5A5A , 7757 
0x5A5A , 7767 
0x5A5A , 7720 
0x5A5A , 7710 
0x5A5A , 7771 
0x5A5A , 7753 
0x5A5A , 7734 
0x5A5A , 7729 
0x5A5A , 7739 

21:52:30.381:
0x5A5A , 7715 
0x5A5A , 7701 
0x5A5A , 7701 
0x5A5A , 7748 
0x5A5A , 7753 
0x5A5A , 7743 
0x5A5A , 7687 
0x5A5A , 7753 
0x5A5A , 7739 
0x5A5A , 7715 
0x5A5A , 7785 
0x5A5A , 7767 
0x5A5A , 7743 
0x5A5A , 7762 
0x5A5A , 7781 
0x5A5A , 7734 
0x5A5A , 7767 
0x5A5A , 7743 
0x5A5A , 7734 
0x5A5A , 7753 

21:52:31.643:
0x5A5A , 7701 
0x5A5A , 7743 
0x5A5A , 7692 
0x5A5A , 7757 
0x5A5A , 7729 
0x5A5A , 7720 
0x5A5A , 7725 
0x5A5A , 7696 
0x5A5A , 7767 
0x5A5A , 7682 
0x5A5A , 7753 
0x5A5A , 7767 
0x5A5A , 7748 
0x5A5A , 7720 
0x5A5A , 7757 
0x5A5A , 7771 
0x5A5A , 7725 
0x5A5A , 7757 
0x5A5A , 7776 
0x5A5A , 7743 

21:52:32.858:
0x5A5A , 7645 
0x5A5A , 7710 
0x5A5A , 7682 
21:52:32.908:

0x5A5A , 7725 
0x5A5A , 7757 
0x5A5A , 7753 
0x5A5A , 7767 
0x5A5A , 7701 
0x5A5A , 7739 
0x5A5A , 7757 
0x5A5A , 7767 
0x5A5A , 7767 
0x5A5A , 7715 
0x5A5A , 7706 
0x5A5A , 7715 
0x5A5A , 7710 
0x5A5A , 7720 
0x5A5A , 7715 
0x5A5A , 7757 
0x5A5A , 7767 

21:52:34.124:
0x5A5A
21:52:34.182:
 , 7701 
0x5A5A , 7687 
0x5A5A , 7706 
0x5A5A , 7725 
0x5A5A , 7687 
0x5A5A , 7678 
0x5A5A , 7701 
0x5A5A , 7687 
0x5A5A , 7725 
0x5A5A , 7687 
0x5A5A , 7762 
0x5A5A , 7800 
0x5A5A , 7748 
0x5A5A , 7696 
0x5A5A , 7776 
0x5A5A , 7757 
0x5A5A , 7757 
0x5A5A , 7734 
0x5A5A , 7739 
0x5A5A , 7696 

21:52:35.455:
0x5A5A , 7734 
0x5A5A , 7706 
0x5A5A , 7729 
0x5A5A , 7776 
0x5A5A , 7729 
0x5A5A , 7692 
0x5A5A , 7715 
0x5A5A , 7795 
0x5A5A , 7748 
0x5A5A , 7725 
0x5A5A , 7725 
0x5A5A , 7762 
0x5A5A , 7692 
0x5A5A , 7729 
0x5A5A , 7673 
0x5A5A , 7706 
0x5A5A , 7739 
0x5A5A , 7776 
0x5A5A , 7748 
0x5A5A , 7725 

21:52:36.733:
0x5A5A , 7710 
0x5A5A , 7762 
0x5A5A , 7739 
0x5A5A , 7748 
0x5A5A , 7762 
0x5A5A , 7720 
0x5A5A , 7767 
0x5A5A , 7762 
0x5A5A , 7762 
0x5A5A , 7739 
0x5A5A , 7785 
0x5A5A , 7748 
0x5A5A , 7701 
0x5A5A , 7781 
0x5A5A , 7771 
0x5A5A , 7720 
0x5A5A , 7767 
0x5A5A , 7720 
0x5A5A , 7725 
0x5A5A , 7739 

21:52:37.964:
0x5A5A , 7692 
0x5A5A , 7706 
0x5A5A , 7739 

21:52:38.013:
0x5A5A , 7739 
0x5A5A , 7710 
0x5A5A , 7739 
0x5A5A , 7734 
0x5A5A , 7725 
0x5A5A , 7715 
0x5A5A , 7743 
0x5A5A , 7687 
0x5A5A , 7767 
0x5A5A , 7776 
0x5A5A , 7725 
0x5A5A , 7743 
0x5A5A , 7734 
0x5A5A , 7692 
0x5A5A , 7720 
0x5A5A , 7701 
0x5A5A , 7720 

21:52:39.244:
0x5A5A 
21:52:39.302:
, 7673 
0x5A5A , 7720 
0x5A5A , 7757 
0x5A5A , 7734 
0x5A5A , 7720 
0x5A5A , 7776 
0x5A5A , 7710 
0x5A5A , 7739 
0x5A5A , 7757 
0x5A5A , 7725 
0x5A5A , 7720 
0x5A5A , 7687 
0x5A5A , 7720 
0x5A5A , 7734 
0x5A5A , 7720 
0x5A5A , 7668 
0x5A5A , 7734 
0x5A5A , 7762 
0x5A5A , 7734 
0x5A5A , 7734 

21:52:40.591:
0x5A5A , 7678 
0x5A5A , 7682 
0x5A5A , 7725 
0x5A5A , 7725 
0x5A5A , 7678 
0x5A5A , 7748 
0x5A5A , 7729 
0x5A5A , 7687 
0x5A5A , 7781 
0x5A5A , 7682 
0x5A5A , 7715 
0x5A5A , 7739 
0x5A5A , 7762 
0x5A5A , 7743 
0x5A5A , 7729 
0x5A5A , 7715 
0x5A5A , 7743 
0x5A5A , 7753 
0x5A5A , 7706 
0x5A5A , 7706 

21:52:41.884:
0x5A5A , 7687 
0x5A5A , 7682 
0x5A5A , 7715 
0x5A5A , 7720 
0x5A5A , 7739 
0x5A5A , 7710 
0x5A5A , 7692 
0x5A5A , 7748 
0x5A5A , 7645 
0x5A5A , 7720 
0x5A5A , 7668 
0x5A5A , 7710 
0x5A5A , 7720 
0x5A5A , 7762 
0x5A5A , 7720 
0x5A5A , 7696 
0x5A5A , 7720 
0x5A5A , 7753 
0x5A5A , 7729 
0x5A5A , 7725 
