0x1C1C , 7533 
0x1C1C , 7528 
0x1C1C , -159 
0x1C1C , 7519 
0x1C1C , -159 
0x1C1C , -159 
0x1C1C , 7469 
0x1C1C , 7501 
0x1C1C , 7501 
0x1C1C , -159 
0x1C1C , 7501 
0x1C1C , 7560 
0x1C1C , -159 
0x1C1C , 7579 
0x1C1C , -159 
0x1C1C , -159 
0x1C1C , 7492 
0x1C1C , 7538 
0x1C1C , 7501 
0x1C1C , -159 
0x1C1C , 7519 
0x1C1C , -159 
0x1C1C , 7565 
0x1C1C , -159 
0x1C1C , 7542 
0x1C1C , 7506 
0x1C1C , 7542 
0x1C1C , 7547 
0x1C1C , -159 
0x1C1C , 7483 
0x1C1C , 7551 
0x1C1C , -159 
0x1C1C , -159 
0x1C1C , 7478 
0x1C1C , 7519 
0x1C1C , 7487 
0x1C1C , -159 
0x1C1C , 7478 
0x1C1C , -159 
0x1C1C , 7455 
0x1C1C , 7565 
0x1C1C , 7556 
0x1C1C , -159 
0x1C1C , 7538 
0x1C1C , 7483 
0x1C1C , -159 
0x1C1C , -159 
0x1C1C , -159 
0x1C1C , 7547 
0x1C1C , -159 
0x1C1C , 7574 
0x1C1C , -159 
0x1C1C , -159 
0x1C1C , 7551 
0x1C1C , 7570 
0x1C1C , -159 
0x1C1C , 7538 
0x1C1C , 7515 
0x1C1C , -159 
0x1C1C , -159 
0x1C1C , 7519 
0x1C1C , -159 
0x1C1C , 7474 
0x1C1C , -159 
0x1C1C , 7487 
0x1C1C , -159 
0x1C1C , 7510 
0x1C1C , 7515 
0x1C1C , -159 
0x1C1C , 7547 
0x1C1C , -159 
0x1C1C , 7487 
0x1C1C , -159 
0x1C1C , 7455 
0x1C1C , -159 
0x1C1C , 7515 
0x1C1C , 7497 
0x1C1C , -159 
0x1C1C , -159 
0x1C1C , 7547 
0x1C1C , 7528 
0x1C1C , -159 
0x1C1C , 7551 
0x1C1C , -159 
0x1C1C , -159 
0x1C1C , 7492 
0x1C1C , -159 
0x1C1C , -159 
0x1C1C , 7474 
0x1C1C , -159 
0x1C1C , 7551 
0x1C1C , -159 
0x1C1C , -159 
0x1C1C , -159 
0x1C1C , 7510 
0x1C1C , 7492 
0x1C1C , -159 
0x1C1C , 7524 
0x1C1C , 7506 
0x1C1C , -159 
0x1C1C , 7519 
0x1C1C , -159 
0x1C1C , 7506 
0x1C1C , -159 
0x1C1C , 7547 
0x1C1C , 7533 
0x1C1C , -159 
0x1C1C , 7519 
0x1C1C , -159 
0x1C1C , -159 
0x1C1C , 7528 
0x1C1C , -159 
0x1C1C , 7460 
0x1C1C , -159 
0x1C1C , 7515 
0x1C1C , 7506 
0x1C1C , 7501 
0x1C1C , 7506 
0x1C1C , -159 
0x1C1C , 7510 
0x1C1C , 7469 
0x1C1C , 7460 
0x1C1C , 7501 
0x1C1C , -159 
0x1C1C , 7478 
0x1C1C , -159 
0x1C1C , 7487 
0x1C1C , 7455 
0x1C1C , -159 
0x1C1C , 7528 
0x1C1C , -159 
0x1C1C , 7528 
0x1C1C , -159 
0x1C1C , 7478 
0x1C1C , -159 
0x1C1C , -159 
0x1C1C , 7492 
0x1C1C , -159 
0x1C1C , 7528 
0x1C1C , -159 
0x1C1C , -159 
0x1C1C , 7469 
0x1C1C , -159 
0x1C1C , -159 
0x1C1C , 7533 
0x1C1C , -159 
0x1C1C , 7483 
0x1C1C , -159 
0x1C1C , -159 
0x1C1C , 7519 
0x1C1C , -159 
0x1C1C , -159 
0x1C1C , 7533 
0x1C1C , -159 
0x1C1C , 7460 
0x1C1C , -159 
0x1C1C , 7446 
0x1C1C , 7497 
0x1C1C , -159 
0x1C1C , 7519 
0x1C1C , -159 
0x1C1C , 7501 
0x1C1C , 7474 
0x1C1C , 7487 
0x1C1C , 7492 
0x1C1C , -159 
0x1C1C , 7487 
0x1C1C , -159 
0x1C1C , -159 
0x1C1C , -159 
0x1C1C , 7478 
0x1C1C , 7524 
0x1C1C , 7501 
0x1C1C , -159 
0x1C1C , -159 
0x1C1C , 7497 
0x1C1C , -159 
0x1C1C , 7506 
0x1C1C , -159 
0x1C1C , -159 
0x1C1C , 7474 
0x1C1C , -159 
0x1C1C , -159 
0x1C1C , 7455 
0x1C1C , -159 
0x1C1C , 7497 
0x1C1C , -159 
0x1C1C , 7515 
0x1C1C , -159 
0x1C1C , 7414 
0x1C1C , -159 
0x1C1C , 7492 
0x1C1C , -159 
0x1C1C , -159 
0x1C1C , 7478 
0x1C1C , -159 
0x1C1C , 7501 
0x1C1C , 7469 
0x1C1C , -159 
0x1C1C , 7474 
0x1C1C , -159 
0x1C1C , 7528 
0x1C1C , -159 
0x1C1C , 7510 
0x1C1C , 7501 
0x1C1C , -159 
0x1C1C , 7565 
0x1C1C , 7560 
0x1C1C , 7538 
0x1C1C , -159 
0x1C1C , 7519 
0x1C1C , 7483 
0x1C1C , 7478 
0x1C1C , -159 
0x1C1C , 7528 
0x1C1C , -159 
0x1C1C , 7478 
0x1C1C , -159 
0x1C1C , -159 
0x1C1C , 7451 
0x1C1C , -159 
0x1C1C , -159 
0x1C1C , 7497 
0x1C1C , -159 
0x1C1C , 7506 
0x1C1C , -159 
0x1C1C , 7538 
0x1C1C , 7465 
0x1C1C , -159 
0x1C1C , 7483 
0x1C1C , -159 
0x1C1C , -159 
0x1C1C , 7460 
0x1C1C , -159 
0x1C1C , 7510 
0x1C1C , -159 
0x1C1C , 7519 
0x1C1C , -159 
0x1C1C , 7492 
0x1C1C , -159 
0x1C1C , 7519 
0x1C1C , -159 
0x1C1C , 7501 
0x1C1C , -159 
0x1C1C , -159 
0x1C1C , -159 
0x1C1C , 7533 
0x1C1C , -159 
0x1C1C , 7574 
0x1C1C , -159 
0x1C1C , 7469 
0x1C1C , 7497 
0x1C1C , -159 
0x1C1C , -159 
0x1C1C , 7492 
0x1C1C , -159 
0x1C1C , -159 
0x1C1C , -159 
0x1C1C , 7542 
0x1C1C , -159 
0x1C1C , -159 
0x1C1C , 7519 
0x1C1C , -159 
0x1C1C , -159 
0x1C1C , 7574 
0x1C1C , -159 
0x1C1C , -159 
0x1C1C , 7506 
0x1C1C , -159 
0x1C1C , 7474 
0x1C1C , -159 
0x1C1C , 7510 
0x1C1C , -159 
0x1C1C , -159 
0x1C1C , 7474 
0x1C1C , -159 
0x1C1C , 7524 
0x1C1C , 7510 
0x1C1C , 7519 
0x1C1C , -159 
0x1C1C , 7510 
0x1C1C , -159 
0x1C1C , 7506 
0x1C1C , -159 
0x1C1C , 7478 
0x1C1C , -159 
0x1C1C , -159 
0x1C1C , 7487 
0x1C1C , -159 
0x1C1C , 7515 
0x1C1C , -159 
0x1C1C , 7492 
0x1C1C , 7497 
0x1C1C , -159 
0x1C1C , 7460 
0x1C1C , -159 
0x1C1C , 7524 
0x1C1C , -159 
0x1C1C , -159 
0x1C1C , -159 
0x1C1C , 7487 
0x1C1C , -159 
0x1C1C , -159 
0x1C1C , 7410 
0x1C1C , -159 
0x1C1C , 7538 
0x1C1C , -159 
0x1C1C , -159 
0x1C1C , 7524 
0x1C1C , -159 
0x1C1C , 7455 
0x1C1C , -159 
0x1C1C , -159 
0x1C1C , 7465 
0x1C1C , -159 
0x1C1C , 7492 
0x1C1C , -159 
0x1C1C , 7533 
0x1C1C , -159 
0x1C1C , 7506 
0x1C1C , -159 
0x1C1C , 7519 
0x1C1C , -159 
0x1C1C , 7478 
0x1C1C , -159 
0x1C1C , -159 
0x1C1C , -159 
0x1C1C , -159 
0x1C1C , -159 
0x1C1C , -159 
0x1C1C , -159 
0x1C1C , -159 
0x1C1C , -159 
0x1C1C , -159 
0x1C1C , -159 
0x1C1C , -159 
0x1C1C , -159 
0x1C1C , -159 
0x1C1C , 7524 
0x1C1C , -159 
0x1C1C , 7497 
0x1C1C , -159 
0x1C1C , 7506 
0x1C1C , -159 
0x1C1C , 7501 
0x1C1C , -159 
0x1C1C , 7497 
0x1C1C , -159 
0x1C1C , -159 
0x1C1C , 7465 
0x1C1C , -159 
0x1C1C , -159 
0x1C1C , -159 
0x1C1C , 7506 
0x1C1C , -159 
0x1C1C , 7474 
0x1C1C , -159 
0x1C1C , 7451 
0x1C1C , -159 
0x1C1C , 7519 
0x1C1C , -159 
0x1C1C , -159 
0x1C1C , 7542 
0x1C1C , -159 
0x1C1C , 7487 
0x1C1C , -159 
0x1C1C , 7519 
0x1C1C , -159 
0x1C1C , 7492 
0x1C1C , -159 
0x1C1C , 7524 
0x1C1C , -159 
0x1C1C , 7524 
0x1C1C , -159 
0x1C1C , 7528 
0x1C1C , -159 
0x1C1C , 7551 
0x1C1C , 7478 
0x1C1C , -159 
0x1C1C , 7501 
0x1C1C , 7501 
0x1C1C , -159 
0x1C1C , 7451 
0x1C1C , -159 
0x1C1C , 7528 
0x1C1C , 7501 
0x1C1C , -159 
0x1C1C , 7474 
0x1C1C , -159 
0x1C1C , -159 
0x1C1C , -159 
0x1C1C , -159 
0x1C1C , -159 
0x1C1C , -159 
0x1C1C , 7501 
0x1C1C , -159 
0x1C1C , 7446 
0x1C1C , -159 
0x1C1C , 7492 
0x1C1C , -159 
0x1C1C , 7519 
0x1C1C , -159 
0x1C1C , 7519 
0x1C1C , 7497 
0x1C1C , -159 
0x1C1C , 7442 
0x1C1C , 7519 
0x1C1C , 7519 
0x1C1C , -159 
0x1C1C , 7515 
0x1C1C , -159 
0x1C1C , 7506 
0x1C1C , -159 
0x1C1C , 7524 
0x1C1C , -159 
0x1C1C , 7510 
0x1C1C , 7497 
0x1C1C , -159 
0x1C1C , 7469 
0x1C1C , -159 
0x1C1C , 7442 
0x1C1C , -159 
0x1C1C , -159 
0x1C1C , 7519 
0x1C1C , -159 
0x1C1C , -159 
0x1C1C , 7538 
0x1C1C , -159 
0x1C1C , 7524 
0x1C1C , 7506 
0x1C1C , -159 
0x1C1C , 7487 
0x1C1C , 7474 
0x1C1C , -159 
0x1C1C , 7455 
0x1C1C , -159 
0x1C1C , -159 
0x1C1C , 7501 
0x1C1C , -159 
0x1C1C , 7506 
0x1C1C , -159 
0x1C1C , 7492 
0x1C1C , -159 
0x1C1C , 7524 
0x1C1C , -159 
0x1C1C , -159 
0x1C1C , -159 
0x1C1C , 7474 
0x1C1C , -159 
0x1C1C , 7492 
0x1C1C , -159 
0x1C1C , 7497 
0x1C1C , -159 
0x1C1C , 7474 
0x1C1C , -159 
0x1C1C , -159 
0x1C1C , 7478 
0x1C1C , -159 
0x1C1C , -159 
0x1C1C , 7478 
0x1C1C , -159 
0x1C1C , 7478 
0x1C1C , -159 
0x1C1C , 7483 
0x1C1C , -159 
0x1C1C , 7538 
0x1C1C , -159 
0x1C1C , 7519 
0x1C1C , 7492 
0x1C1C , -159 
0x1C1C , -159 
0x1C1C , 7483 
0x1C1C , -159 
0x1C1C , 7492 
0x1C1C , -159 
0x1C1C , -159 
0x1C1C , 7528 
0x1C1C , -159 
0x1C1C , -159 
0x1C1C , -159 
0x1C1C , -159 
0x1C1C , -159 
0x1C1C , 7497 
0x1C1C , 7519 
0x1C1C , -159 
0x1C1C , 7542 
0x1C1C , -159 
0x1C1C , 7547 
0x1C1C , -159 
0x1C1C , 7501 
0x1C1C , -159 
0x1C1C , -159 
0x1C1C , -159 
0x1C1C , 7465 
0x1C1C , -159 
0x1C1C , -159 
0x1C1C , 7528 
0x1C1C , -159 
0x1C1C , -159 
0x1C1C , 7460 
0x1C1C , 7492 
0x1C1C , -159 
0x1C1C , 7533 
0x1C1C , 7519 
0x1C1C , -159 
0x1C1C , 7437 
0x1C1C , -159 
0x1C1C , 7474 
0x1C1C , 7510 
0x1C1C , 7497 
0x1C1C , -159 
0x1C1C , 7469 
0x1C1C , -159 
0x1C1C , -159 
0x1C1C , 7460 
0x1C1C , -159 
0x1C1C , -159 
0x1C1C , -159 
0x1C1C , 7574 
0x1C1C , -159 
0x1C1C , 7478 
0x1C1C , 7515 
0x1C1C , -159 
0x1C1C , -159 
0x1C1C , -159 
0x1C1C , 7483 
0x1C1C , -159 
0x1C1C , 7487 
0x1C1C , -159 
0x1C1C , -159 
0x1C1C , 7501 
0x1C1C , -159 
0x1C1C , 7510 
0x1C1C , -159 
0x1C1C , 7455 
0x1C1C , 7483 
0x1C1C , -159 
0x1C1C , -159 
0x1C1C , 7487 
0x1C1C , 7510 
0x1C1C , -159 
0x1C1C , 7538 
0x1C1C , 7442 
0x1C1C , -159 
0x1C1C , -159 
0x1C1C , -159 
0x1C1C , 7560 
0x1C1C , -159 
0x1C1C , -159 
0x1C1C , 7487 
0x1C1C , -159 
0x1C1C , 7519 
0x1C1C , -159 
0x1C1C , -159 
0x1C1C , -159 
0x1C1C , 7483 
0x1C1C , -159 
0x1C1C , 7478 
0x1C1C , -159 
0x1C1C , 7510 
0x1C1C , -159 
0x1C1C , -159 
0x1C1C , 7497 
0x1C1C , -159 
0x1C1C , -159 
0x1C1C , -159 
0x1C1C , 7465 
0x1C1C , -159 
0x1C1C , 7478 
0x1C1C , -159 
0x1C1C , 7510 
0x1C1C , -159 
0x1C1C , 7497 
0x1C1C , -159 
0x1C1C , 7519 
0x1C1C , -159 
0x1C1C , 7528 
0x1C1C , -159 
0x1C1C , 7510 
0x1C1C , -159 
0x1C1C , -159 
0x1C1C , 7524 
0x1C1C , -159 
0x1C1C , 7551 
0x1C1C , 7510 
0x1C1C , -159 
0x1C1C , 7478 
0x1C1C , -159 
0x1C1C , 7528 
0x1C1C , -159 
0x1C1C , 7474 
0x1C1C , -159 
0x1C1C , 7515 
0x1C1C , 7460 
0x1C1C , -159 
0x1C1C , -159 
0x1C1C , 7519 
0x1C1C , -159 
0x1C1C , 7446 
0x1C1C , -159 
0x1C1C , 7483 
0x1C1C , -159 
0x1C1C , 7497 
0x1C1C , -159 
0x1C1C , 7483 
0x1C1C , 7506 
0x1C1C , -159 
0x1C1C , -159 
0x1C1C , 7497 
0x1C1C , -159 
0x1C1C , -159 
0x1C1C , -159 
0x1C1C , 7419 
0x1C1C , 7428 
0x1C1C , 7538 
0x1C1C , -159 
0x1C1C , -159 
0x1C1C , 7433 
0x1C1C , -159 
0x1C1C , 7478 
0x1C1C , 7465 
0x1C1C , -159 
0x1C1C , 7528 
0x1C1C , -159 
0x1C1C , 7510 
0x1C1C , -159 
0x1C1C , 7510 
0x1C1C , -159 
0x1C1C , 7483 
0x1C1C , -159 
0x1C1C , 7442 
0x1C1C , -159 
0x1C1C , 7506 
0x1C1C , 7497 
0x1C1C , -159 
0x1C1C , -159 
0x1C1C , 7501 
0x1C1C , -159 
0x1C1C , 7506 
0x1C1C , -159 
0x1C1C , 7515 
0x1C1C , -159 
0x1C1C , 7474 
0x1C1C , -159 
0x1C1C , -159 
0x1C1C , -159 
0x1C1C , 7497 
0x1C1C , 7519 
0x1C1C , -159 
0x1C1C , -159 
0x1C1C , -159 
0x1C1C , 7469 
0x1C1C , -159 
0x1C1C , -159 
0x1C1C , 7487 
0x1C1C , -159 
0x1C1C , -159 
0x1C1C , 7501 
0x1C1C , -159 
0x1C1C , 7510 
0x1C1C , -159 
0x1C1C , -159 
0x1C1C , -159 
0x1C1C , 7533 
0x1C1C , 7492 
0x1C1C , 7478 
0x1C1C , -159 
0x1C1C , 7474 
0x1C1C , -159 
0x1C1C , 7460 
0x1C1C , -159 
0x1C1C , 7455 
0x1C1C , -159 
0x1C1C , 7478 
0x1C1C , -159 
0x1C1C , -159 
0x1C1C , 7483 
0x1C1C , -159 
0x1C1C , 7492 
0x1C1C , -159 
0x1C1C , 7506 
0x1C1C , -159 
0x1C1C , -159 
0x1C1C , 7551 
0x1C1C , -159 
0x1C1C , -159 
0x1C1C , 7446 
0x1C1C , -159 
0x1C1C , -159 
0x1C1C , 7460 
0x1C1C , -159 
0x1C1C , 7506 
0x1C1C , -159 
0x1C1C , 7469 
0x1C1C , 7487 
0x1C1C , -159 
0x1C1C , 7501 
0x1C1C , -159 
0x1C1C , -159 
0x1C1C , 7487 
0x1C1C , 7506 
0x1C1C , -159 
0x1C1C , 7469 
0x1C1C , -159 
0x1C1C , -159 
0x1C1C , 7492 
0x1C1C , 7474 
0x1C1C , 7547 
0x1C1C , -159 
0x1C1C , -159 
0x1C1C , 7465 
0x1C1C , -159 
0x1C1C , 7506 
0x1C1C , 7492 
0x1C1C , -159 
0x1C1C , 7542 
0x1C1C , -159 
0x1C1C , 7524 
0x1C1C , -159 
0x1C1C , 7487 
0x1C1C , -159 
0x1C1C , 7501 
0x1C1C , -159 
0x1C1C , 7469 
0x1C1C , -159 
0x1C1C , -159 
0x1C1C , 7501 
0x1C1C , -159 
0x1C1C , 7451 
0x1C1C , -159 
0x1C1C , 7528 
0x1C1C , -159 
0x1C1C , -159 
0x1C1C , 7455 
0x1C1C , -159 
0x1C1C , 7524 
0x1C1C , 7423 
0x1C1C , -159 
0x1C1C , 7474 
0x1C1C , 7474 
0x1C1C , 7524 
0x1C1C , -159 
0x1C1C , 7478 
0x1C1C , -159 
0x1C1C , 7460 
0x1C1C , -159 
0x1C1C , -159 
0x1C1C , 7469 
0x1C1C , -159 
0x1C1C , -159 
0x1C1C , -159 
0x1C1C , 7497 
0x1C1C , 7451 
0x1C1C , -159 
0x1C1C , 7478 
0x1C1C , -159 
0x1C1C , 7483 
0x1C1C , -159 
0x1C1C , -159 
0x1C1C , 7510 
0x1C1C , -159 
0x1C1C , 7551 
0x1C1C , -159 
0x1C1C , 7478 
0x1C1C , 7474 
0x1C1C , 7455 
0x1C1C , -159 
0x1C1C , 7483 
0x1C1C , -159 
0x1C1C , 7487 
0x1C1C , -159 
0x1C1C , 7492 
0x1C1C , 7478 
0x1C1C , -159 
0x1C1C , -159 
0x1C1C , 7451 
0x1C1C , -159 
0x1C1C , 7474 
0x1C1C , 7455 
0x1C1C , -159 
0x1C1C , 7451 
0x1C1C , -159 
0x1C1C , 7460 
0x1C1C , -159 
0x1C1C , 7442 
0x1C1C , 7506 
0x1C1C , -159 
0x1C1C , 7501 
0x1C1C , -159 
0x1C1C , 7465 
0x1C1C , -159 
0x1C1C , -159 
0x1C1C , 7501 
0x1C1C , -159 
0x1C1C , 7506 
0x1C1C , -159 
0x1C1C , -159 
0x1C1C , 7433 
0x1C1C , -159 
0x1C1C , 7451 
0x1C1C , -159 
0x1C1C , -159 
0x1C1C , 7487 
0x1C1C , -159 
0x1C1C , -159 
0x1C1C , 7497 
0x1C1C , 7474 
0x1C1C , -159 
0x1C1C , 7465 
0x1C1C , -159 
0x1C1C , -159 
0x1C1C , 7478 
0x1C1C , -159 
0x1C1C , -159 
0x1C1C , 7492 
0x1C1C , -159 
0x1C1C , 7410 
0x1C1C , -159 
0x1C1C , 7469 
0x1C1C , -159 
0x1C1C , -159 
0x1C1C , 7455 
0x1C1C , 7551 
0x1C1C , -159 
0x1C1C , 7501 
0x1C1C , -159 
0x1C1C , -159 
0x1C1C , -159 
0x1C1C , 7515 
0x1C1C , -159 
0x1C1C , -159 
0x1C1C , -159 
0x1C1C , 7497 
0x1C1C , -159 
0x1C1C , -159 
0x1C1C , 7501 
0x1C1C , -159 
0x1C1C , 7442 
0x1C1C , -159 
0x1C1C , 7487 
0x1C1C , -159 
0x1C1C , 7515 
0x1C1C , -159 
0x1C1C , 7478 
0x1C1C , 7501 
0x1C1C , -159 
0x1C1C , 7515 
0x1C1C , -159 
0x1C1C , 7506 
0x1C1C , -159 
0x1C1C , -159 
0x1C1C , -159 
0x1C1C , 7487 
0x1C1C , -159 
0x1C1C , 7442 
0x1C1C , -159 
0x1C1C , -159 
0x1C1C , 7492 
0x1C1C , 7501 
0x1C1C , -159 
0x1C1C , 7478 
0x1C1C , -159 
0x1C1C , 7487 
0x1C1C , -159 
0x1C1C , 7474 
0x1C1C , -159 
0x1C1C , 7524 
0x1C1C , -159 
0x1C1C , 7506 
0x1C1C , 7501 
0x1C1C , -159 
0x1C1C , 7487 
0x1C1C , -159 
0x1C1C , 7515 
0x1C1C , 7483 
0x1C1C , -159 
0x1C1C , 7419 
0x1C1C , -159 
0x1C1C , 7469 
0x1C1C , 7465 
0x1C1C , 7506 
0x1C1C , -159 
0x1C1C , -159 
0x1C1C , 7542 
0x1C1C , -159 
0x1C1C , 7501 
0x1C1C , -159 
0x1C1C , 7497 
0x1C1C , -159 
0x1C1C , -159 
0x1C1C , 7547 
0x1C1C , -159 
0x1C1C , 7465 
0x1C1C , -159 
0x1C1C , 7446 
0x1C1C , 7497 
0x1C1C , -159 
0x1C1C , 7483 
0x1C1C , -159 
0x1C1C , 7515 
0x1C1C , -159 
0x1C1C , -159 
0x1C1C , 7506 
0x1C1C , -159 
0x1C1C , 7478 
0x1C1C , -159 
0x1C1C , 7465 
0x1C1C , -159 
0x1C1C , -159 
0x1C1C , -159 
0x1C1C , 7474 
0x1C1C , -159 
0x1C1C , 7533 
0x1C1C , -159 
0x1C1C , -159 
0x1C1C , 7528 
0x1C1C , -159 
0x1C1C , 7506 
0x1C1C , -159 
0x1C1C , 7469 
0x1C1C , -159 
0x1C1C , 7478 
0x1C1C , -159 
0x1C1C , -159 
0x1C1C , -159 
0x1C1C , -159 
0x1C1C , -159 
0x1C1C , 7455 
0x1C1C , -159 
0x1C1C , -159 
0x1C1C , 7396 
0x1C1C , -159 
0x1C1C , -159 
0x1C1C , -159 
0x1C1C , -159 
0x1C1C , 7492 
0x1C1C , 7492 
0x1C1C , -159 
0x1C1C , 7524 
0x1C1C , -159 
0x1C1C , -159 
0x1C1C , 7433 
0x1C1C , -159 
0x1C1C , 7474 
0x1C1C , -159 
0x1C1C , 7492 
0x1C1C , 7492 
0x1C1C , -159 
0x1C1C , -159 
0x1C1C , 7483 
0x1C1C , -159 
0x1C1C , 7419 
0x1C1C , -159 
0x1C1C , 7515 
0x1C1C , -159 
0x1C1C , 7455 
0x1C1C , -159 
0x1C1C , 7487 
0x1C1C , -159 
0x1C1C , 7465 
0x1C1C , -159 
0x1C1C , 7497 
0x1C1C , -159 
0x1C1C , -159 
0x1C1C , 7423 
0x1C1C , -159 
0x1C1C , 7483 
0x1C1C , -159 
0x1C1C , -159 
0x1C1C , 7497 
0x1C1C , 7433 
0x1C1C , -159 
0x1C1C , 7460 
0x1C1C , 7423 
0x1C1C , -159 
0x1C1C , 7469 
0x1C1C , -159 
0x1C1C , 7487 
0x1C1C , 7428 
0x1C1C , -159 
0x1C1C , 7423 
0x1C1C , -159 
0x1C1C , 7533 
0x1C1C , -159 
0x1C1C , 7478 
0x1C1C , 7414 
0x1C1C , 7478 
0x1C1C , -159 
0x1C1C , -159 
0x1C1C , -159 
0x1C1C , -159 
0x1C1C , -159 
0x1C1C , 7391 
0x1C1C , -159 
0x1C1C , 7451 
0x1C1C , 7478 
0x1C1C , -159 
0x1C1C , 7423 
0x1C1C , 7487 
0x1C1C , -159 
0x1C1C , 7433 
0x1C1C , 7460 
0x1C1C , -159 
0x1C1C , 7478 
0x1C1C , -159 
0x1C1C , -159 
0x1C1C , 7510 
0x1C1C , 7506 
0x1C1C , -159 
0x1C1C , -159 
0x1C1C , 7405 
0x1C1C , 7487 
0x1C1C , -159 
0x1C1C , 7460 
0x1C1C , -159 
0x1C1C , 7497 
0x1C1C , -159 
0x1C1C , 7492 
0x1C1C , -159 
0x1C1C , -159 
0x1C1C , 7465 
0x1C1C , -159 
0x1C1C , 7492 
0x1C1C , -159 
0x1C1C , 7474 
0x1C1C , -159 
0x1C1C , -159 
0x1C1C , 7497 
0x1C1C , -159 
0x1C1C , 7455 
0x1C1C , -159 
0x1C1C , -159 
0x1C1C , 7497 
0x1C1C , -159 
0x1C1C , -159 
0x1C1C , 7483 
0x1C1C , -159 
0x1C1C , -159 
0x1C1C , -159 
0x1C1C , 7437 
0x1C1C , -159 
0x1C1C , 7455 
0x1C1C , -159 
0x1C1C , 7474 
0x1C1C , 7533 
0x1C1C , -159 
0x1C1C , 7419 
0x1C1C , -159 
0x1C1C , 7474 
0x1C1C , -159 
0x1C1C , -159 
0x1C1C , 7396 
0x1C1C , -159 
0x1C1C , 7451 
0x1C1C , -159 
0x1C1C , 7474 
0x1C1C , -159 
0x1C1C , 7428 
0x1C1C , -159 
0x1C1C , 7437 
0x1C1C , -159 
0x1C1C , 7465 
0x1C1C , -159 
0x1C1C , -159 
0x1C1C , 7474 
0x1C1C , -159 
0x1C1C , 7446 
0x1C1C , -159 
0x1C1C , -159 
0x1C1C , 7487 
0x1C1C , -159 
0x1C1C , -159 
0x1C1C , 7474 
0x1C1C , -159 
0x1C1C , 7492 
0x1C1C , 7483 
0x1C1C , 7506 
0x1C1C , -159 
0x1C1C , 7524 
0x1C1C , -159 
0x1C1C , 7442 
0x1C1C , -159 
0x1C1C , 7414 
0x1C1C , -159 
0x1C1C , 7469 
0x1C1C , -159 
0x1C1C , 7465 
0x1C1C , -159 
0x1C1C , 7419 
0x1C1C , 7469 
0x1C1C , -159 
0x1C1C , 7428 
0x1C1C , -159 
0x1C1C , 7474 
0x1C1C , -159 
0x1C1C , 7460 
0x1C1C , -159 
0x1C1C , 7460 
0x1C1C , -159 
0x1C1C , -159 
0x1C1C , 7451 
0x1C1C , -159 
0x1C1C , -159 
0x1C1C , 7524 
0x1C1C , 7451 
0x1C1C , -159 
0x1C1C , -159 
0x1C1C , 7497 
0x1C1C , -159 
0x1C1C , 7497 
0x1C1C , -159 
0x1C1C , 7460 
0x1C1C , -159 
0x1C1C , 7455 
0x1C1C , -159 
0x1C1C , -159 
0x1C1C , 7483 
0x1C1C , -159 
0x1C1C , 7483 
0x1C1C , -159 
0x1C1C , 7497 
0x1C1C , -159 
0x1C1C , 7506 
0x1C1C , -159 
0x1C1C , 7478 
0x1C1C , 7501 
0x1C1C , -159 
0x1C1C , 7528 
0x1C1C , -159 
0x1C1C , 7446 
0x1C1C , -159 
0x1C1C , -159 
0x1C1C , -159 
0x1C1C , 7474 
0x1C1C , -159 
0x1C1C , 7465 
0x1C1C , 7483 
0x1C1C , -159 
0x1C1C , 7524 
0x1C1C , -159 
0x1C1C , 7492 
0x1C1C , -159 
0x1C1C , -159 
0x1C1C , 7460 
0x1C1C , -159 
0x1C1C , -159 
0x1C1C , 7446 
0x1C1C , -159 
0x1C1C , -159 
0x1C1C , -159 
0x1C1C , 7455 
0x1C1C , -159 
0x1C1C , 7474 
0x1C1C , -159 
0x1C1C , -159 
0x1C1C , 7501 
0x1C1C , -159 
0x1C1C , 7455 
0x1C1C , -159 
0x1C1C , 7478 
0x1C1C , 7483 
0x1C1C , -159 
0x1C1C , 7455 
0x1C1C , -159 
0x1C1C , -159 
0x1C1C , 7469 
0x1C1C , -159 
0x1C1C , -159 
0x1C1C , 7451 
0x1C1C , -159 
0x1C1C , 7510 
0x1C1C , -159 
0x1C1C , 7423 
0x1C1C , -159 
0x1C1C , 7469 
0x1C1C , -159 
0x1C1C , 7465 
0x1C1C , -159 
0x1C1C , 7455 
0x1C1C , -159 
0x1C1C , -159 
0x1C1C , 7460 
0x1C1C , 7442 
0x1C1C , -159 
0x1C1C , 7497 
0x1C1C , -159 
0x1C1C , -159 
0x1C1C , -159 
0x1C1C , 7419 
0x1C1C , -159 
0x1C1C , -159 
0x1C1C , -159 
0x1C1C , 7455 
0x1C1C , 7510 
0x1C1C , 7446 
0x1C1C , -159 
0x1C1C , 7451 
0x1C1C , -159 
0x1C1C , 7547 
0x1C1C , -159 
0x1C1C , 7460 
0x1C1C , -159 
0x1C1C , -159 
0x1C1C , -159 
0x1C1C , -159 
0x1C1C , -159 
0x1C1C , -159 
0x1C1C , 7497 
0x1C1C , -159 
0x1C1C , 7478 
0x1C1C , -159 
0x1C1C , -159 
0x1C1C , 7497 
0x1C1C , -159 
0x1C1C , -159 
0x1C1C , 7455 
0x1C1C , 7446 
0x1C1C , -159 
0x1C1C , 7474 
0x1C1C , 7474 
0x1C1C , -159 
0x1C1C , -159 
0x1C1C , 7465 
0x1C1C , -159 
0x1C1C , 7487 
0x1C1C , 7478 
0x1C1C , -159 
0x1C1C , 7460 
0x1C1C , -159 
0x1C1C , 7437 
0x1C1C , -159 
0x1C1C , 7497 
0x1C1C , 7423 
0x1C1C , -159 
0x1C1C , -159 
0x1C1C , 7474 
0x1C1C , -159 
0x1C1C , 7446 
0x1C1C , -159 
0x1C1C , 7478 
0x1C1C , -159 
0x1C1C , -159 
0x1C1C , 7460 
0x1C1C , -159 
0x1C1C , 7410 
0x1C1C , 7501 
0x1C1C , -159 
0x1C1C , 7442 
0x1C1C , -159 
