17:38:21.809:
0x1C1C , 7533 

17:38:22.433:
0x1C1C , 7528 

17:38:23.153:
0x1C1C , -159 

17:38:23.808:
0x1C1C , 7519 

17:38:24.528:
0x1C1C , -159 

17:38:25.264:
0x1C1C , -159 

17:38:25.919:
0x1C1C , 7469 

17:38:26.575:
0x1C1C , 7501 

17:38:27.231:
0x1C1C , 7501 

17:38:27.982:
0x1C1C , -159 

17:38:28.654:
0x1C1C , 7501 

17:38:29.325:
0x1C1C , 7560 

17:38:30.093:
0x1C1C , -159 

17:38:31.628:
0x1C1C , 7579 

17:38:32.348:
0x1C1C , -159 

17:38:33.067:
0x1C1C , -159 

17:38:33.706:
0x1C1C , 7492 

17:38:34.346:
0x1C1C , 7538 

17:38:35.002:
0x1C1C , 7501 

17:38:35.738:
0x1C1C , -159 

17:38:36.394:
0x1C1C , 7519 

17:38:37.145:
0x1C1C , -159 

17:38:37.801:
0x1C1C , 7565 

17:38:38.552:
0x1C1C , -159 

17:38:39.224:
0x1C1
17:38:39.240:
C , 7542 

17:38:39.912:
0x1C1C , 7506 

17:38:41.463:
0x1C1C , 7542 

17:38:42.103:
0x1C1C , 7547 

17:38:42.822:
0x1C1C , -159 

17:38:43.462:
0x1C1C , 7483 

17:38:44.101:
0x1C1C , 7551 

17:38:44.837:
0x1C1C , -159 

17:38:45.573:
0x1C1C , -159 

17:38:46.228:
0x1C1C , 7478 

17:38:46.900:
0x1C1C , 7519 

17:38:47.556:
0x1C1C , 7487 

17:38:48.306:
0x1C1C , -159 

17:38:48.979:
0x1
17:38:48.995:
C1C , 7478 

17:38:49.747:
0x1C1C , -159 

17:38:51.298:
0x1C1C , 7455 

17:38:51.937:
0x1C1C , 7565 

17:38:52.577:
0x1C1C , 7556 

17:38:53.297:
0x1C1C , -159 

17:38:53.936:
0x1C1C , 7538 

17:38:54.592:
0x1C1C , 7483 

17:38:55.328:
0x1C1C , -159 

17:38:56.063:
0x1C1C , -159 

17:38:56.814:
0x1C1C , -159 

17:38:57.471:
0x1C1C , 7547 

17:38:58.222:
0x1C1C , -159 

17:38:58.894:
0x1C1C , 7574 

17:38:59.662:
0x1C1C , -159 

17:39:01.277:
0x1C1C , -159 

17:39:01.916:
0x1C1C , 7551 

17:39:02.556:
0x1C1C , 7570 

17:39:03.275:
0x1C1C , -159 

17:39:03.931:
0x1C1C , 7538 

17:39:04.571:
0x1C1C , 7515 

17:39:05.307:
0x1C1C , -159 

17:39:06.042:
0x1C1C , -159 

17:39:06.714:
0x1C1C , 7519 

17:39:07.449:
0x1C1C , -
17:39:07.465:
159 

17:39:08.121:
0x1C1C , 7474
17:39:08.137:
 

17:39:08.889:
0x1C1C , -159 

17:39:09.560:
0x1C1C , 7487 

17:39:11.191:
0x1C1C , -159 

17:39:11.831:
0x1C1C , 7510 

17:39:12.470:
0x1C1C , 7515 

17:39:13.190:
0x1C1C , -159 

17:39:13.830:
0x1C1C , 7547 

17:39:14.566:
0x1C1C , -159 

17:39:15.221:
0x1C1C , 7487 

17:39:15.957:
0x1C1C , -159 

17:39:16.629:
0x1C1C , 7455 

17:39:17.364:
0x1C1C , -159 

17:39:18.036:
0x1C1C , 7515 

17:39:18.707:
0
17:39:18.723:
x1C1C , 7497 

17:39:19.475:
0x1C1C , -159 

17:39:21.090:
0x1C1C , -159 

17:39:21.730:
0x1C1C , 7547 

17:39:22.370:
0x1C1C , 7528 

17:39:23.089:
0x1C1C , -159 

17:39:23.745:
0x1C1C , 7551 

17:39:24.465:
0x1C1C , -159 

17:39:25.200:
0x1C1C , -159 

17:39:25.871:
0x1C1C , 7492 

17:39:26.607:
0x1C1C , -159 

17:39:27.359:
0x1C1C , -159 

17:39:28.030:
0x1C1C , 7474 

17:39:28.782:
0x1C1C , -159 

17:39:29.454:
0x1C1C , 7551 

17:39:31.069:
0x1C1C , -159 

17:39:31.788:
0x1C1C , -159 

17:39:32.508:
0x1C1C , -159 

17:39:33.148:
0x1C1C , 7510 

17:39:33.803:
0x1C1C , 7492 

17:39:34.523:
0x1C1C
17:39:34.539:
 , -159 

17:39:35.179:
0x1C1C
17:39:35.194:
 , 7524 

17:39:35.850:
0x1C1C , 7506 

17:39:36.586:
0x1C1C , -159 

17:39:37.257:
0x1C1C , 7519 

17:39:38.009:
0x1C1C , -159 

17:39:38.680:
0x1C1C , 7506 

17:39:39.432:
0x1C1C , -159 

17:39:40.983:
0x1C1C , 7547 

17:39:41.607:
0x1
17:39:41.623:
C1C , 7533 

17:39:42.326:
0x1C1C , -15
17:39:42.343:
9 

17:39:42.982:
0x1C1C , 7519 

17:39:43.702:
0x1C1C , -159 

17:39:44.438:
0x1C1C , -159 

17:39:45.093:
0x1C1C , 7528 

17:39:45.829:
0x1C1C , -159 

17:39:46.485:
0x1C1C , 746
17:39:46.501:
0 

17:39:47.236:
0x1C1C , -159 

17:39:47.908:
0x1C1C , 7515 

17:39:48.580:
0x1C1C , 7506 

17:39:49.267:
0x1C1C , 7501 

17:39:50.803:
0x1C1C , 7506 

17:39:51.522:
0x1C1C , -159 

17:39:52.162:
0x1C1C , 7510 

17:39:52.801:
0x1C1C , 7469 

17:39:53.457:
0x1C1C , 7460 

17:39:54.097:
0x1C1C , 75
17:39:54.113:
01 

17:39:54.832:
0x1C1C , -159 

17:39:55.504:
0x1C1C , 7478 

17:39:56.239:
0x1C1C , -159 

17:39:56.911:
0x1C1C , 7487 

17:39:57.583:
0x1C1C , 7455 

17:39:58.334:
0x1C1C , -159 

17:39:59.006:
0x1C1C , 7528 

17:40:00.637:
0x1C1C , -159 

17:40:01.277:
0x1C1C , 7528 

17:40:01.997:
0x1C1C , -159 

17:40:02.636:
0x1C1C , 7478 

17:40:03.356:
0x1C1C
17:40:03.372:
 , -159 

17:40:04.091:
0x1C1C , -159 

17:40:04.747:
0x1C1C , 7492 

17:40:05.483:
0x1C1C , -159 

17:40:06.155:
0x1C1C , 7528 

17:40:06.889:
0x1C1C , -159 

17:40:07.641:
0x1C1C , -159 

17:40:08.314:
0x1
17:40:08.330:
C1C , 7469 

17:40:09.080:
0x1C1C , -159 

17:40:10.696:
0x1C1C , -159 

17:40:11.336:
0x1C1C , 7533 

17:40:12.056:
0x1C1C , -159 

17:40:12.695:
0x1C1C , 7483 

17:40:13.431:
0x1C1C , -159 

17:40:14.150:
0x1C1C , -159 

17:40:14.806:
0x1C1C , 7519 

17:40:15.542:
0x1C1C , -159 
17:40:15.558:


17:40:16.293:
0x1C1C , -159 

17:40:16.965:
0x1C1C , 7533 

17:40:17.700:
0x1C1C , -159 
17:40:17.716:


17:40:18.388:
0x1C1C , 7460 

17:40:19.140:
0x1C1C , -159 

17:40:20.674:
0x1C1C , 7446
17:40:20.691:
 

17:40:21.314:
0x1C1C , 7497 

17:40:22.034:
0x1C1C , -159 

17:40:22.674:
0x1C1C , 7519 
17:40:22.689:


17:40:23.409:
0x1C1C , -159 

17:40:24.065:
0x1C1C , 7501 

17:40:24.721:
0x1C1C , 7474 

17:40:25.376:
0x1C1C , 7487 

17:40:26.032:
0x1C1C , 7492 

17:40:26.784:
0x1C1C , -159 

17:40:27.455:
0x1C1C , 7487 

17:40:28.207:
0x1C1C , -159 

17:40:28.958:
0x1C1C , -159 

17:40:30.590:
0x1C1C , -159 

17:40:31.229:
0x1C1C , 7478 

17:40:31.869:
0x1C1C , 7524 

17:40:32.509:
0x1C1C , 7501 

17:40:33.228:
0x1C1C , -159 

17:40:33.964:
0x1C1C , -159 

17:40:34.620:
0x1C1C , 7497 

17:40:35.355:
0x1C1C , -159 

17:40:36.027:
0x1C1C , 7506 

17:40:36.762:
0x1C1C , -159 

17:40:37.514:
0x1C1C , -159 

17:40:38.186:
0x1C1C , 7474 

17:40:38.952:
0x1C1C , -159 

17:40:40.584:
0x1C1C , -159 

17:40:41.208:
0x1C1C , 7455 

17:40:41.928:
0x1C1C , -159 

17:40:42.583:
0x1C1C , 7497 

17:40:43.303:
0x1C1C , -159 

17:40:43.958:
0x1C1C , 7515 

17:40:44.694:
0x1C1C , -159 

17:40:45.350:
0x1C1C , 7414 

17:40:46.085:
0x1C1C , -159 

17:40:46.757:
0x1C1C , 7492 

17:40:47.508:
0x1C1C , -159 

17:40:48.260:
0x1C1C , -159 

17:40:48.931:
0x1C1C , 747
17:40:48.947:
8 

17:40:50.563:
0x1C1C , -159 

17:40:51.203:
0x1C1C , 7501 

17:40:51.842:
0x1C1C , 7469 

17:40:52.562:
0x1C1C , -159 

17:40:53.218:
0x1C1C , 7474 

17:40:53.937:
0x1C1C
17:40:53.953:
 , -159 

17:40:54.593:
0x1C1C
17:40:54.609:
 , 7528 

17:40:55.345:
0x1C1C , -159 

17:40:56.000:
0x1C1C , 7510 

17:40:56.672:
0x1C1C , 7501 

17:40:57.424:
0x1C1C , -159 

17:40:58.095:
0x1C1C , 7565 

17:40:58.767:
0x1C1C , 7560 

17:41:00.318:
0x1C1C , 7538 

17:41:01.022:
0x1C
17:41:01.038:
1C , -159 

17:41:01.677:
0x1C1C , 7519 

17:41:02.317:
0x1C1C , 7483 

17:41:02.957:
0x1C1C , 7478 

17:41:03.692:
0x1C1C , -159 

17:41:04.348:
0x1C1C , 7528 

17:41:05.084:
0x1C1C , -159 

17:41:05.755:
0x1C1C , 7478 

17:41:06.491:
0x1C1C , -159 

17:41:07.242:
0x1C1C , -159 

17:41:07.914:
0x1C1C , 7451 

17:41:08.682:
0x1C1C , -159 

17:41:10.297:
0x1C1C , -159 

17:41:10.937:
0x1C1C , 7497 

17:41:11.656:
0x1C1C , -159 

17:41:12.296:
0x1C1C , 7506 

17:41:13.016:
0x1C1C , -159 
17:41:13.031:


17:41:13.671:
0x1C1C , 7538 

17:41:14.327:
0x1C1C , 7465 

17:41:15.062:
0x1C1C , -159 

17:41:15.733:
0x1C1C , 7483 

17:41:16.470:
0x1C1C 
17:41:16.485:
, -159 

17:41:17.221:
0x1C1C , -159 

17:41:17.909:
0x1C1C , 7460 

17:41:18.660:
0x1C1C , -159 

17:41:20.196:
0x1C1C , 7510 

17:41:20.915:
0x1C1C , -159 

17:41:21.555:
0x1C1C , 7519 

17:41:22.275:
0x1C1C , -159 

17:41:22.930:
0x1C1C , 7492 

17:41:23.650:
0x1
17:41:23.666:
C1C , -159 

17:41:24.306:
0x1C
17:41:24.322:
1C , 7519 

17:41:25.057:
0x1C1C , -159 

17:41:25.713:
0x1C1C , 7501 

17:41:26.464:
0x1C1C , -159 

17:41:27.216:
0x1C1C , -159 

17:41:27.968:
0x1C1C , -159 

17:41:28.639:
0x1C1C , 7533 

17:41:30.270:
0x1C1C , -159 

17:41:30.910:
0x1C1C , 7574 

17:41:31.630:
0x1C1C , -159 

17:41:32.269:
0x1C1C , 7469 

17:41:32.908:
0x
17:41:32.925:
1C1C , 7497 

17:41:33.645:
0x1C1C , -159 

17:41:34.380:
0x1C1C , -159 

17:41:35.036:
0x1C1C , 7492 

17:41:35.788:
0x1C1C , -159 

17:41:36.523:
0x1C1C , -159 

17:41:37.274:
0x1C1C , -159 

17:41:37.946:
0x1C1C , 7542 

17:41:38.714:
0x1C1C , -159 

17:41:40.329:
0x1C1C , -159 

17:41:40.969:
0x1C1C , 7519 

17:41:41.688:
0x1C1C , -159 

17:41:42.408:
0x1C1C , -159 

17:41:43.048:
0x1C1
17:41:43.064:
C , 7574 

17:41:43.783:
0x1C1C , -159 

17:41:44.519:
0x1C1C , -159 

17:41:45.174:
0x1C1C , 7506 

17:41:45.926:
0x1C1C , -159 

17:41:46.582:
0x1C1C , 7474 

17:41:47.333:
0x1C1C , -159 

17:41:48.004:
0
17:41:48.021:
x1C1C , 7510 

17:41:48.772:
0x1C1C , -159 

17:41:50.403:
0x1C1C , -159 

17:41:51.043:
0x1C1C , 7474 

17:41:51.747:
0x1C1C , 
17:41:51.763:
-159 

17:41:52.402:
0x1C1C , 7524 

17:41:53.042:
0x1C1C , 7510 

17:41:53.698:
0x1C1C , 7519 

17:41:54.433:
0x1C1C , -159 

17:41:55.089:
0x1C1C , 7510 

17:41:55.841:
0x1C1C , -159 

17:41:56.496:
0x1C1C , 7506 

17:41:57.248:
0x1C1C , -159 

17:41:57.920:
0x1C1C , 7478 

17:41:58.687:
0x1C1C , -159 

17:42:00.302:
0x1C1C , -159 

17:42:00.942:
0x1C1C , 7487 

17:42:01.662:
0x1C1C , -159 

17:42:02.301:
0x1C1C , 7515 

17:42:03.021:
0x1C1C , -
17:42:03.037:
159 

17:42:03.676:
0x1C1C , 7492 

17:42:04.332:
0x1C1C , 7497 

17:42:05.068:
0x1C1C , -159 

17:42:05.739:
0x1C1C , 7460 

17:42:06.475:
0x1
17:42:06.491:
C1C , -159 

17:42:07.147:
0x1C1C
17:42:07.162:
 , 7524 

17:42:07.914:
0x1C1C , -159 

17:42:08.665:
0x1C1C , -159 

17:42:10.297:
0x1C1C , -159 

17:42:10.936:
0x1C1C , 7487 

17:42:11.656:
0x1C1C , -159 

17:42:12.376:
0x1C1C , -159 

17:42:13.015:
0x1C1C , 7410 

17:42:13.751:
0x1C1C , -159 

17:42:14.407:
0x1C1C , 7538 

17:42:15.142:
0x1C1C , -159 

17:42:15.878:
0x1C1C , -159
17:42:15.893:
 

17:42:16.549:
0x1C1C , 7524 

17:42:17.301:
0x1C1C , -159 

17:42:17.973:
0x1C1C , 7455 

17:42:18.740:
0x1C1C , -159 

17:42:20.355:
0x1C1C , -159 

17:42:20.995:
0x1C1C , 7465 

17:42:21.714:
0x1C1C , -159 

17:42:22.354:
0x1C1C , 7492 

17:42:23.074:
0x1C1C , -159 

17:42:23.729:
0x1C1C , 7533 

17:42:24.465:
0x1C1C , -159 

17:42:25.121:
0x1C1C , 7506 

17:42:25.872:
0x1C1C , -159 

17:42:26.527:
0x1C1C , 7519 

17:42:27.279:
0x1C1C , -159 

17:42:27.951:
0x1C1C , 74
17:42:27.967:
78 

17:42:28.719:
0x1C1C , -159 

17:42:30.333:
0x1C1C , -159 

17:42:31.053:
0x1C1C , -159 

17:42:31.773:
0x1C1C , -159 

17:42:32.493:
0x1C1C , -159 

17:42:33.212:
0x1C1C , -159 

17:42:33.948:
0x1C1C , -159 

17:42:34.683:
0x1C1C , -159 

17:42:35.419:
0x1C1C , -159 

17:42:36.154:
0x1C1C , -
17:42:36.170:
159 

17:42:36.906:
0x1C1C , -159 

17:42:37.658:
0x1C1C , -159 

17:42:38.410:
0x1C1C , -159 

17:42:39.161:
0x1C1C , -159
17:42:39.177:
 

17:42:40.712:
0x1C1C , 7524 

17:42:41.431:
0x1C1C , -159 

17:42:42.072:
0x1C1C , 7497 

17:42:42.791:
0x1C1C , -159 

17:42:43.446:
0x1C1C , 7506 

17:42:44.167:
0x1C1C , 
17:42:44.183:
-159 

17:42:44.822:
0x1C1C , 
17:42:44.838:
7501 

17:42:45.573:
0x1C1C , -159 

17:42:46.229:
0x1C1C , 7497 

17:42:46.981:
0x1C1C , -159 

17:42:47.733:
0x1C1C , -159 

17:42:48.404:
0x1C1C , 7465 

17:42:49.155:
0x1C1C , -159 

17:42:50.770:
0x1
17:42:50.786:
C1C , -159 

17:42:51.490:
0x1C1C , -159 

17:42:52.130:
0x1C1C , 7506 

17:42:52.850:
0x1C1C , -159 

17:42:53.506:
0x1C1C , 7474 

17:42:54.241:
0x1C1C , -159 

17:42:54.897:
0x1C1C , 7451 

17:42:55.632:
0x1C1C , -159 

17:42:56.288:
0x1C1C , 7519 

17:42:57.040:
0x1C1C , -159 

17:42:57.791:
0x1C1C , -159 

17:42:58.463:
0x1C1C , 7542 

17:42:59.214:
0x1C1C , -159 

17:43:00.765:
0x1C1C , 7487 

17:43:01.469:
0x1C1C , -15
17:43:01.485:
9 

17:43:02.109:
0x1C
17:43:02.125:
1C , 7519 

17:43:02.844:
0x1C1C , -159 

17:43:03.484:
0x1C1C , 7492 

17:43:04.220:
0x1C1C , -159 

17:43:04.875:
0x1C1C , 7524 

17:43:05.611:
0x1C1C , -159 

17:43:06.266:
0x1C1
17:43:06.283:
C , 7524 

17:43:07.018:
0x1C1C , -159 

17:43:07.689:
0x1C1C , 7528 

17:43:08.441:
0x1C1C , -159 

17:43:09.129:
0x1C1C , 7551 

17:43:10.665:
0x1C1C , 7478 

17:43:11.384:
0x1C1C , -159 

17:43:12.024:
0x1C1C , 7501 

17:43:12.664:
0x1C1C , 7501 

17:43:13.399:
0x1C1C , -159 

17:43:14.039:
0x1C1C , 7451 

17:43:14.774:
0x1C1C , -159 

17:43:15.430:
0x1C1C , 75
17:43:15.446:
28 

17:43:16.102:
0x1C1C , 7501 

17:43:16.853:
0x1C1C , -159 

17:43:17.525:
0x1C1C , 7474 

17:43:18.276:
0x1C1C , -159 

17:43:19.028:
0x1C1C , -159 

17:43:20.643:
0x1C1C , -159 

17:43:21.362:
0x1C1C , -159 

17:43:22.082:
0x1C1C , -159 

17:43:22.801:
0x1C1C , -159 

17:43:23.458:
0x1C1C , 7501 

17:43:24.177:
0x1C1C , -159 

17:43:24.833:
0x1C1C , 7446 

17:43:25.568:
0x1C1C , -
17:43:25.584:
159 

17:43:26.240:
0x1C1C , 7492 

17:43:26.991:
0x1C1C , -159 

17:43:27.663:
0x1C1C , 7519 

17:43:28.415:
0x1C1C , -159 

17:43:29.086:
0x1C1C , 7519 

17:43:30.637:
0x1C1C , 7497 

17:43:31.341:
0x1C1C , -159 

17:43:31.981:
0x1C1C , 7442 

17:43:32.637:
0x1C1C , 7519 

17:43:33.276:
0x1C1C , 7519 

17:43:34.012:
0x1C1C , -159 

17:43:34.668:
0x1C1C , 7515 

17:43:35.403:
0x1C1C , -159 

17:43:36.059:
0x1C1C , 7506 

17:43:36.810:
0x1C1C , -159 

17:43:37.482:
0x1C1C , 7524 

17:43:38.234:
0x1C1C , -159 

17:43:38.922:
0x1C1C , 7510 

17:43:40.456:
0x1C1C , 7497 

17:43:41.176:
0x1C1C , -159 

17:43:41.815:
0x1C1C , 7469 

17:43:42.535:
0x1C1C , -159 

17:43:43.175:
0x1C1C , 7442 

17:43:43.911:
0x1C1C , -159 

17:43:44.647:
0x1C1C , -159 

17:43:45.301:
0x1C1C , 7519 

17:43:46.053:
0x1C1C , -159 

17:43:46.789:
0x1C1C , -159 

17:43:47.461:
0x1C1C , 7538 

17:43:48.213:
0x1C1C , -159 

17:43:48.900:
0x1C1C , 7524 

17:43:50.435:
0x1C1C , 7506 

17:43:51.155:
0x1C1C , -159 

17:43:51.794:
0x1C1C , 7487 

17:43:52.434:
0x1C1C , 7474 

17:43:53.170:
0x1C1C , -159 

17:43:53.809:
0x1C1C , 7455 
17:43:53.826:


17:43:54.545:
0x1C1C , -159 

17:43:55.281:
0x1C1C ,
17:43:55.297:
 -159 

17:43:55.952:
0x1C1C , 7501 

17:43:56.704:
0x1C1C , -159 

17:43:57.376:
0x1C1C , 7506 

17:43:58.128:
0x1C1C , -159 

17:43:58.798:
0x1C1C , 7492 

17:44:00.430:
0x1C1C , -159 

17:44:01.070:
0x1C1C , 7524 

17:44:01.789:
0x1C1C , -159 

17:44:02.509:
0x1C1C , -159 

17:44:03.229:
0x1C1C , -159 

17:44:03.884:
0x1C1C , 7474 

17:44:04.619:
0x1C1C , -159 

17:44:05.275:
0x1C1C , 7492 

17:44:06.026:
0x1C1C , -159 

17:44:06.683:
0x1C1C , 7497 

17:44:07.434:
0x1C1C , -159 

17:44:08.105:
0x1C1C , 7474 

17:44:08.873:
0x1C1C , -159 

17:44:10.488:
0x1C1C , -159 

17:44:11.129:
0x1C1C , 7478 

17:44:11.848:
0x1C1C , -159 

17:44:12.568:
0x1C1C , -159 

17:44:13.207:
0x1
17:44:13.223:
C1C , 7478 

17:44:13.943:
0x1C1C , -159 

17:44:14.598:
0x1C1C , 7478 

17:44:15.334:
0x1C1C , -159 

17:44:16.005:
0x1C1C , 7483 

17:44:16.741:
0x1C1C , -15
17:44:16.758:
9 

17:44:17.413:
0x1C1C , 7538 
17:44:17.429:


17:44:18.180:
0x1C1C , -159 

17:44:18.852:
0x1C1C , 7519 

17:44:20.387:
0x1C1C , 7
17:44:20.403:
492 

17:44:21.107:
0x1C1C , -159 

17:44:21.827:
0x1C1C , -159 

17:44:22.467:
0x1C1C , 7483 

17:44:23.202:
0x1C1C , -159 

17:44:23.857:
0x1C1C , 7492 

17:44:24.577:
0x1C1C , -1
17:44:24.593:
59 

17:44:25.329:
0x1C1C , -159 

17:44:25.984:
0x1C1C , 7528 

17:44:26.736:
0x1C1C , -159 

17:44:27.488:
0x1C1C , -159 

17:44:28.240:
0x1C1C , -159 

17:44:28.991:
0x1C1C , -159 

17:44:30.607:
0x1C1C , -159 

17:44:31.246:
0x1C1C , 7497 

17:44:31.885:
0x1C1C , 7519 

17:44:32.605:
0x1C1C , -159 

17:44:33.261:
0x1C1C , 7542 

17:44:33.996:
0x1C1C , -159 

17:44:34.652:
0x1C1C , 7547 

17:44:35.388:
0x1C1C , -159 

17:44:36.043:
0x1C1C , 7501 

17:44:36.795:
0x1C1C , -159 

17:44:37.547:
0x1C1C , -159 

17:44:38.298:
0x1C1C , -159 

17:44:38.970:
0x1C1C , 7465 

17:44:40.601:
0x1C1C , -159 

17:44:41.304:
0x1C1C , -159 

17:44:41.945:
0x1C1C , 7528 

17:44:42.664:
0x1C1C ,
17:44:42.680:
 -159 

17:44:43.400:
0x1C1C , -159 

17:44:44.055:
0x1C1C , 7460 

17:44:44.711:
0x1C1C , 7492 

17:44:45.446:
0x1C1C , -159 

17:44:46.102:
0x1C1C , 7533 

17:44:46.774:
0x1C1C , 7519 

17:44:47.526:
0x1C1C , -159 

17:44:48.197:
0x1C1C , 7437 

17:44:48.949:
0x1C1C , -
17:44:48.965:
159 

17:44:50.500:
0x1C1C , 7474 

17:44:51.139:
0x1C1C , 7510 

17:44:51.779:
0x1C1C , 7497 

17:44:52.498:
0x1C1C , -159 

17:44:53.138:
0x1C1C , 7469
17:44:53.154:
 

17:44:53.874:
0x1C1C , -159 

17:44:54.610:
0x1C1C , -159 

17:44:55.265:
0x1C1C , 7460 

17:44:56.017:
0x1C1C , -159 

17:44:56.752:
0x1C1C , -159 

17:44:57.504:
0x1C1C , -159 

17:44:58.176:
0x1C1C , 7574 

17:44:58.943:
0x1C1C , -159 

17:45:00.479:
0x1C1C , 7478 

17:45:01.119:
0x1C1C , 7515 

17:45:01.838:
0x1C1C , -159 

17:45:02.558:
0x1C1C , -159 

17:45:03.278:
0x1C1C , -159 
17:45:03.293:


17:45:03.933:
0x1C1C , 7483 

17:45:04.669:
0x1C1C , -159 

17:45:05.324:
0x1C1C , 7487 

17:45:06.076:
0x1C1C , -159 

17:45:06.811:
0x1C1C , -159 

17:45:07.483:
0x1C1C , 7501 

17:45:08.234:
0x1C1C , -
17:45:08.250:
159 

17:45:08.922:
0x1C1C , 7510 

17:45:10.537:
0x1C1C , -159 

17:45:11.177:
0x1C1C , 7455 

17:45:11.816:
0x1C1C , 7483 

17:45:12.536:
0x1C1C , -159 

17:45:22.276:
0x1C1C , -159 

17:45:22.931:
0x1C1C , 7487 

17:45:23.603:
0x1C1C , 7510 

17:45:24.338:
0x1C1C , -159 

17:45:25.010:
0x1C1C , 7538 

17:45:25.682:
0x1C1C , 7442 

17:45:26.433:
0x1C1C , -159 

17:45:27.184:
0x1C1C , -159 

17:45:28.816:
0x1C1C , -159 

17:45:29.456:
0x1C1C , 7560 

17:45:30.175:
0x1C1C , -159 

17:45:30.894:
0x1C1C , -159 

17:45:31.534:
0x1C1C , 7487 

17:45:32.270:
0x1C1C , -159 

17:45:32.925:
0x1C1C , 7519 

17:45:33.661:
0x1C1C , -159 

17:45:34.412:
0x1C1C , -159 

17:45:35.148:
0x1C1C , -159 

17:45:35.820:
0x1C1C , 7483 

17:45:36.572:
0x1C1C , -159 

17:45:37.259:
0x1C1C , 7478 

17:45:38.891:
0x1C1C , -159 

17:45:39.514:
0x1C1C , 7510 
17:45:39.530:


17:45:40.234:
0x1C1C , -159 

17:45:40.969:
0x1C1C , -159 

17:45:41.609:
0x1C1C , 7497 

17:45:42.345:
0x1C1C , -159 

17:45:43.081:
0x1C1C , -159 

17:45:43.816:
0x1C1C , -159 

17:45:44.471:
0x1C1C , 7465 

17:45:45.224:
0x1C1C , -159 

17:45:45.895:
0x1C1C , 7478 

17:45:46.646:
0x1C1C , -159 

17:45:47.318:
0x1C1C , 7510 

17:45:48.950:
0x1C1C , -159 

17:45:49.589:
0x1C1C , 7497 

17:45:50.308:
0x1C1C , -159 

17:45:50.949:
0x1C1C , 7519 

17:45:51.684:
0x1C1C , -159 

17:45:52.324:
0x1C1C , 7528 
17:45:52.340:


17:45:53.059:
0x1C1C , -159 

17:45:53.731:
0x1C1C , 7510 

17:45:54.467:
0x1C1C , -159 

17:45:55.218:
0x1C1C , -159 

17:45:55.889:
0x1C1C , 7524 

17:45:56.641:
0x1C1C , -159 

17:45:57.313:
0x1C1C , 7551 

17:45:58.864:
0x1C1C , 7510 

17:45:59.568:
0x1C1C , -159 

17:46:00.207:
0x1C1C , 7478 

17:46:00.927:
0x1C1C 
17:46:00.943:
, -159 

17:46:01.583:
0x1C1C , 7528 

17:46:02.319:
0x1C1C , -159 

17:46:02.974:
0x1C1C , 7474 

17:46:03.709:
0x1C1C , -159 

17:46:04.365:
0x1C1C , 7515 

17:46:05.037:
0x1C1C , 7460 

17:46:05.789:
0x1C1C , -159 

17:46:06.540:
0x1C1C , -159 

17:46:07.212:
0x1C1C , 75
17:46:07.228:
19 

17:46:08.843:
0x1C1C , -159 

17:46:09.483:
0x1C1C , 7446 

17:46:10.186:
0x1C1
17:46:10.202:
C , -159 

17:46:10.842:
0x1C1C , 7483 

17:46:11.561:
0x1C1C , -159 

17:46:12.217:
0x1C1C , 7497 

17:46:12.953:
0x1C1C , -159 

17:46:13.609:
0x1C1C , 7483 

17:46:14.281:
0x1C1C , 7506 

17:46:15.016:
0x1C1C , -159 

17:46:15.768:
0x1C1C , -159 

17:46:16.440:
0x1C1C , 7497 

17:46:17.207:
0x1C1C , -159 

17:46:18.822:
0x1C1C , -159 

17:46:19.542:
0x1C1C , -159 

17:46:20.181:
0x1C1C , 7419 

17:46:20.821:
0x1C1C , 7428 

17:46:21.477:
0x1C1C , 7538 

17:46:22.196:
0x1C1C , -159 

17:46:22.931:
0x1C1C , -159 

17:46:23.588:
0x1C1C , 7433 

17:46:24.339:
0x1C1C , -159 

17:46:24.995:
0x1C1
17:46:25.011:
C , 7478 

17:46:25.666:
0x1C1C ,
17:46:25.682:
 7465 

17:46:26.434:
0x1C1C , -159 

17:46:27.105:
0x1C1C , 7528 

17:46:28.736:
0x1C1C , -159 

17:46:29.376:
0x1C1C , 7510 

17:46:30.096:
0x1C1C , -159 

17:46:30.735:
0x1C1C , 7510 

17:46:31.456:
0x1C1C , -159 

17:46:32.111:
0x1C1C , 7483 

17:46:32.846:
0x1C1C , -159 

17:46:33.503:
0x1C1C , 7442 

17:46:34.254:
0x1C1C , -159 

17:46:34.909:
0x1C1C , 7506 

17:46:35.581:
0x1C1C , 7497 

17:46:36.332:
0x1C1C , -159 

17:46:37.100:
0x1C1C , -159 

17:46:38.636:
0x1C1C , 7501 

17:46:39.355:
0x1C1C , -159 

17:46:39.995:
0x1C1C , 7506 

17:46:40.715:
0x1C1C , -159 

17:46:41.371:
0x1C1C , 7515 

17:46:42.090:
0x1C1C , -159 

17:46:42.745:
0x1C1C , 7474 

17:46:43.481:
0x1C1C , -159 

17:46:44.233:
0x1C1C , -159 

17:46:44.968:
0x1C1C , -159 
17:46:44.984:


17:46:45.640:
0x1C1C , 7497 

17:46:46.327:
0x1C1C , 7519 

17:46:47.079:
0x1C1C , -159 

17:46:48.694:
0x1C1C , -159 

17:46:49.414:
0x1C1C , -159 

17:46:50.053:
0x1C1C , 7469 

17:46:50.773:
0x1C1C , -159 

17:46:51.509:
0x1C1C , -159 

17:46:52.148:
0x1C1C , 7487 

17:46:52.884:
0x1C1C , -159 

17:46:53.619:
0x1C1C , -159 
17:46:53.635:


17:46:54.291:
0x1C1C , 7501 

17:46:55.043:
0x1C1C , -159 

17:46:55.714:
0x1C1C , 7510 

17:46:56.467:
0x1C1C , -159 

17:46:57.217:
0x1C1C , -159 

17:46:58.832:
0x1C1C , -159 

17:46:59.473:
0x1C1C , 7533 

17:47:00.112:
0x1C1C , 7492 

17:47:00.752:
0x1C1C , 7478 

17:47:01.487:
0x1C1C , -159 

17:47:02.143:
0x1C1C , 7474 

17:47:02.863:
0
17:47:02.879:
x1C1C , -159 

17:47:03.534:
0x1C1C , 7460 

17:47:04.270:
0x1C1C , -159 

17:47:04.941:
0x1C1C , 7455 

17:47:05.693:
0x1C1C , -159 

17:47:06.364:
0x1C1C , 7478 

17:47:07.117:
0x1C1C , -159 

17:47:08.748:
0x1C1C , -159 

17:47:09.387:
0x1C1C , 7483 

17:47:10.107:
0x1C1C , -159 

17:47:10.746:
0x1C1C , 7492 

17:47:11.482:
0x1C1C , -159 

17:47:12.122:
0x1C1C , 7506 

17:47:12.857:
0x1C1C , -159 

17:47:13.593:
0x1C1C , -159 

17:47:14.265:
0x1C1C , 7551 

17:47:15.001:
0x1C1
17:47:15.016:
C , -159 

17:47:15.752:
0x1C1C , -159 

17:47:16.439:
0x1C1C , 7446 

17:47:17.191:
0x1C1C , -159 

17:47:18.823:
0x1C1C , -159 

17:47:19.462:
0x1C1C , 7460 

17:47:20.166:
0x1
17:47:20.182:
C1C , -159 

17:47:20.821:
0x1C1C , 7506 

17:47:21.541:
0x1C1C , -159 

17:47:22.197:
0x1C1C , 7469 

17:47:22.853:
0x1C1C , 7487 

17:47:23.588:
0x1C1C , -159 

17:47:24.260:
0x1C1C , 7501 

17:47:24.995:
0x1C1C , -159 

17:47:25.746:
0x1C1C , -159 

17:47:26.419:
0x1C1C , 7487 

17:47:27.106:
0x1C1C , 7506 

17:47:28.721:
0x1C1C , -159 

17:47:29.361:
0x1C1C , 7469 

17:47:30.080:
0x1C1C , -159 

17:47:30.800:
0x1C1C , -159 

17:47:31.456:
0x1C1C , 7492 

17:47:32.096:
0x1C1C , 7474 

17:47:32.751:
0x1C1C , 7547 

17:47:33.487:
0x1C1C , -
17:47:33.503:
159 

17:47:43.257:
0x1C1C , -159 

17:47:43.929:
0x1C1C , 7465 

17:47:44.681:
0x1C1C , -159 
17:47:44.697:


17:47:45.369:
0x1C1C , 7506 

17:47:46.904:
0x1C1C , 7492 

17:47:47.623:
0x1C1C , -159 

17:47:48.263:
0x1C1C , 7542 

17:47:48.982:
0x1C1C , -159 

17:47:49.638:
0x1C1C , 7524 

17:47:50.358:
0x1C1C , -159 

17:47:51.013:
0x1C1C , 7487 

17:47:51.765:
0x1C1C , -159 

17:47:52.421:
0x1C1C , 7501 

17:47:53.172:
0x1C1C , -159 

17:47:53.844:
0x1C1C , 7469 

17:47:54.596:
0x1C1C , -159 

17:47:55.347:
0x1C1C , -159 

17:47:56.898:
0x1C1C , 7501 

17:47:57.618:
0x1C1C , -159 

17:47:58.258:
0x1C1C , 7451 

17:47:58.977:
0x1C1C , -159 

17:47:59.617:
0x1C1C , 
17:47:59.633:
7528 

17:48:00.352:
0x1C1C , -159 

17:48:01.088:
0x1C1C , -159 

17:48:01.744:
0x1C1C , 7455 

17:48:02.495:
0x1C1C , -159 

17:48:03.151:
0x1C1C , 7524 

17:48:03.823:
0x1C1C , 7423 

17:48:04.574:
0x1
17:48:04.590:
C1C , -159 

17:48:05.262:
0x1C1C , 7474 

17:48:06.797:
0x1C1C , 7474 

17:48:07.437:
0x1C1C , 7524 

17:48:08.156:
0x1C1C , -159 

17:48:08.796:
0x1C1C , 7478 

17:48:09.532:
0x1C1C , -159 

17:48:10.187:
0x1C1C , 7460 

17:48:10.907:
0
17:48:10.923:
x1C1C , -159 

17:48:11.659:
0x1C1C , -159 

17:48:12.314:
0x1C1C , 7469 

17:48:13.066:
0x1C1C , -159 

17:48:13.817:
0x1C1C , -159 

17:48:14.569:
0x1C1C , -159 

17:48:15.241:
0x1C1C , 7497 

17:48:16.792:
0x1C1C , 7451 

17:48:17.496:
0x1C1C , -159 

17:48:18.135:
0x1C1C , 7478 

17:48:18.871:
0x1C1C , -159 

17:48:19.511:
0x1C1C , 7483 

17:48:20.246:
0x1C1C , -159 

17:48:20.982:
0x1C1C , -159 

17:48:21.637:
0x1C1C , 7510 

17:48:22.373:
0x1C1C , -159 

17:48:23.044:
0x1C1C , 7551 

17:48:23.796:
0x1C1C , -159 

17:48:24.468:
0x1C1C , 7478 

17:48:25.156:
0x1C1C , 7474 

17:48:26.691:
0x1C1C , 7455 

17:48:27.409:
0x1C1C , -159 

17:48:28.050:
0x1C1C , 7483 

17:48:28.769:
0x1C1C , -159 

17:48:29.425:
0x1C1C , 7487 

17:48:30.145:
0x1C1C , -159 

17:48:30.800:
0x1C1C , 7492 

17:48:31.456:
0x1C1C , 7
17:48:31.472:
478 

17:48:32.208:
0x1C1C , -159 

17:48:32.944:
0x1C1C , 
17:48:32.960:
-159 

17:48:33.615:
0x1C1C , 745
17:48:33.631:
1 

17:48:34.383:
0x1C1C , -159 

17:48:35.054:
0x1C1C , 7474 

17:48:36.590:
0x1C
17:48:36.606:
1C , 7455 

17:48:37.309:
0x1C1C , -159 

17:48:37.949:
0x1C1C , 7451 

17:48:38.669:
0x1C1C , -159 

17:48:39.324:
0x1C1C , 7460 

17:48:40.060:
0x1C1C , -159 

17:48:40.715:
0x1C1C , 7442 

17:48:41.370:
0x1C1C , 7506 

17:48:42.107:
0x1C1C , -159 

17:48:42.778:
0x1C1C , 7501 

17:48:43.530:
0x1C1C , -159 

17:48:44.202:
0x1C1C , 7465 

17:48:44.969:
0x1C1C , -159 

17:48:46.584:
0x1C1C , -159 

17:48:47.224:
0x1C1C , 7501 

17:48:47.944:
0x1C1C , -159 

17:48:48.583:
0x1C1C , 7506 

17:48:49.319:
0x1C1C , -159 

17:48:50.039:
0x1C1C , 
17:48:50.054:
-159 

17:48:50.694:
0x1C1C , 
17:48:50.710:
7433 

17:48:51.446:
0x1C1C , -159 

17:48:52.102:
0x1C1C , 7451 

17:48:52.853:
0x1C1C , -159 

17:48:53.605:
0x1C1C , -159 

17:48:54.276:
0x1C1C , 7487 

17:48:55.028:
0x1C1C , -159 

17:48:56.643:
0x1C1
17:48:56.658:
C , -159 

17:48:57.283:
0x1C1C , 7497 

17:48:57.922:
0x1C1C , 7474 

17:48:58.642:
0x1C1C 
17:48:58.657:
, -159 

17:48:59.298:
0x1C1C , 7465 

17:49:00.033:
0x1C1C , -159 

17:49:00.769:
0x1C1C , -159 

17:49:01.425:
0x1C1C , 7478 

17:49:02.160:
0x1C1C , -159 

17:49:02.912:
0x1C1C , -159 

17:49:03.584:
0x1C1C , 7492 

17:49:04.335:
0x1C1C , -159 

17:49:05.007:
0x1C1C , 7410 

17:49:06.638:
0x1C1C , -159 

17:49:07.277:
0x1C1C , 7469 

17:49:07.981:
0x1C1C , 
17:49:07.997:
-159 

17:49:08.716:
0x1C1C , -159 

17:49:09.357:
0x1C1C , 7455 

17:49:10.012:
0x1C1C , 7551 

17:49:10.748:
0x1C1C , -159 

17:49:11.403:
0x1C1C , 7501 

17:49:12.139:
0x1C1C , -1
17:49:12.154:
59 

17:49:12.891:
0x1C1C , -159 

17:49:13.642:
0x1C1C , -159 

17:49:14.314:
0x1C1C , 7515 

17:49:15.081:
0x1C1C , -159 

17:49:16.697:
0x1C1C , -159 

17:49:17.416:
0x1C1C , -159 

17:49:18.056:
0x1C1C , 7497 

17:49:18.775:
0x1C1C , -159 

17:49:19.495:
0x1C1C , -159 

17:49:20.151:
0x1C1C , 7501 

17:49:20.886:
0x1C1C , -159 

17:49:21.542:
0x1C1C , 7442 

17:49:22.277:
0x1C1C , -
17:49:22.294:
159 

17:49:22.949:
0x1C1C , 7487 

17:49:23.701:
0x1C1C , -159 

17:49:24.373:
0x1C1C , 7515 

17:49:25.140:
0x1C1C , -159 

17:49:26.675:
0x1C1C , 7478 

17:49:27.315:
0x1C1C , 7501 

17:49:28.035:
0x1C1C , -159 

17:49:28.674:
0x1C1C , 7515 

17:49:29.394:
0x1C1C , -
17:49:29.410:
159 

17:49:30.050:
0x1C1C , 7506 

17:49:30.785:
0x1C1C , -159 

17:49:31.520:
0x1C1C , -159 

17:49:32.272:
0x1C1C , -159 

17:49:32.928:
0x1C1C , 7487 

17:49:33.680:
0x1C1C , -159 

17:49:34.352:
0x1C1C , 7
17:49:34.367:
442 

17:49:35.118:
0x1C1C , -159 

17:49:36.750:
0x1C1C , -159 

17:49:37.373:
0x1C1C , 7492 

17:49:38.014:
0x1C1C , 7
17:49:38.030:
501 

17:49:38.749:
0x1C1C , -159 

17:49:39.388:
0x1C1C , 7478 

17:49:40.125:
0x1C1C , -159 

17:49:40.780:
0x1C1C , 7487 

17:49:41.516:
0x1C1C , -159 

17:49:42.171:
0x1C1C , 74
17:49:42.187:
74 

17:49:42.923:
0x1C1C , -159 

17:49:43.595:
0x1C1C , 7524 

17:49:44.346:
0x1C1C , -159 

17:49:45.034:
0x1C1C , 7506 

17:49:46.569:
0x1C1C , 7501 

17:49:47.289:
0x1C1C , -159 

17:49:47.928:
0x1C1C , 7487 

17:49:48.648:
0x1C1C , -159 

17:49:49.304:
0x1C1C , 7515 

17:49:49.943:
0x1C1C , 7483 

17:49:50.679:
0x1C1C , -159 

17:49:51.351:
0x1C1C , 7419 

17:49:52.086:
0x1C1C , -159 

17:49:52.758:
0x1C1C , 7469 

17:49:53.429:
0x1C1C , 7465 

17:49:54.101:
0x1C1C , 7506 

17:49:54.853:
0x1C1C , -159 

17:49:56.468:
0x1C1
17:49:56.484:
C , -159 

17:49:57.107:
0x1C1C , 7542 

17:49:57.827:
0x1C1C , -159 

17:49:58.467:
0x1C1C 
17:49:58.483:
, 7501 

17:49:59.202:
0x1C1C , -159 

17:49:59.858:
0x1C1C , 7497 

17:50:00.594:
0x1C1C , -159 

17:50:01.329:
0x1C1C , -159 

17:50:01.985:
0x1C1C , 7547 

17:50:02.736:
0x1C1C , -159 

17:50:03.408:
0x1C1C , 7465 

17:50:04.160:
0x1C1C , -159 

17:50:04.831:
0x1C1C , 7446 

17:50:06.382:
0x1C1C , 7497 

17:50:07.086:
0x1C1C ,
17:50:07.102:
 -159 

17:50:07.726:
0x
17:50:07.741:
1C1C , 7483 

17:50:08.461:
0x1C1C , -159 

17:50:09.101:
0x1C1C , 7515 

17:50:09.837:
0x1C1C , -159 

17:50:10.572:
0x1C1C , -159 

17:50:11.228:
0x1C1C , 7506 

17:50:11.964:
0x1C1C , -159 

17:50:12.635:
0x1C1C , 7478 

17:50:13.387:
0x1C1C , -159 

17:50:14.059:
0x1C1C , 7465 

17:50:14.826:
0x1C1C , -159 

17:50:16.441:
0x1C1C , -159 

17:50:17.161:
0x1C1C , -159 

17:50:17.801:
0x1C1C , 7474 

17:50:18.520:
0x1C1C , -159 

17:50:19.160:
0x1C1C , 7533 

17:50:19.896:
0x1C1C , -159 

17:50:20.631:
0x1C1C , -159 

17:50:21.287:
0x1C1C , 7528 

17:50:22.023:
0x1C1C ,
17:50:22.039:
 -159 

17:50:22.694:
0x1C1C , 7506 

17:50:23.446:
0x1C1C , -159 

17:50:24.117:
0x1C1C , 7469 

17:50:24.885:
0x1C1C , -159 

17:50:26.436:
0x1C1C , 7478 

17:50:27.140:
0x1C1C , -159 

17:50:27.859:
0x1C1C , -159 

17:50:28.578:
0x1C1C , -159 
17:50:28.594:


17:50:29.315:
0x1C1C , -159 

17:50:39.054:
0x1C1C , -159 

17:50:39.709:
0x1C1C 
17:50:39.725:
, 7455 

17:50:40.461:
0x1C1C , -159 

17:50:41.196:
0x1C1C
17:50:41.212:
 , -159 

17:50:41.868:
0x1C1C , 
17:50:41.884:
7396 

17:50:42.636:
0x1C1C , -159 

17:50:43.387:
0x1C1C , -159 

17:50:45.002:
0x1C1C , -159 

17:50:45.722:
0x1C1C , -159 

17:50:46.362:
0x1C1C , 7492 

17:50:47.001:
0x1C1C , 7492 

17:50:47.737:
0x1C1C , -159 

17:50:48.377:
0x1C1C , 7524 
17:50:48.393:


17:50:49.112:
0x1C1C , -159 

17:50:49.847:
0x1C1C 
17:50:49.863:
, -159 

17:50:50.519:
0x1C1C , 7433 

17:50:51.271:
0x1C1C , -159 

17:50:51.943:
0x1C1C , 7474 

17:50:52.694:
0x1C1C , -159 

17:50:53.366:
0x1C1C , 7492 

17:50:54.917:
0x1C1C , 7492 

17:50:55.621:
0x1C1C , -159 

17:50:56.340:
0x1C1C , -159 

17:50:56.980:
0x1C1C , 7483 

17:50:57.716:
0x1C1C , -159 

17:50:58.371:
0x1C1C , 7419 

17:50:59.091:
0x1C
17:50:59.107:
1C , -159 

17:50:59.763:
0x1C1C , 7515 

17:51:00.498:
0x1C1C , -159 

17:51:01.170:
0x1C1C , 7455 

17:51:01.922:
0x1C1C , -159 

17:51:02.593:
0x1C1C , 7487 

17:51:03.344:
0x1C1C , -159 

17:51:04.896:
0x1C1C , 7465 

17:51:05.600:
0x1C1C , -159 

17:51:06.239:
0x1C1C , 7497
17:51:06.255:
 

17:51:06.975:
0x1C1C , -159 

17:51:07.695:
0x1C1C , -159 

17:51:08.350:
0x1C1C , 7423 

17:51:09.086:
0x1C1C , -159 

17:51:09.741:
0x1C1C , 7483 

17:51:10.477:
0x1C1C , -159 

17:51:11.229:
0x1C1C , -159 

17:51:11.900:
0x1C1C , 7497 

17:51:12.572:
0x1C1C , 7433 

17:51:13.323:
0x1C1C 
17:51:13.339:
, -159 

17:51:14.874:
0x1C1C , 7460 

17:51:15.515:
0x1C1C , 7423 

17:51:16.234:
0x1C1C , -159 

17:51:16.874:
0x1C1C , 7469 

17:51:17.593:
0x1C1C , -159 

17:51:18.249:
0x1C1C , 7487 

17:51:18.905:
0x1C1C , 7428 

17:51:19.640:
0x1C1C , -159 

17:51:20.312:
0x1C1C , 7423 

17:51:21.048:
0x1C1C , -159 

17:51:21.719:
0x1C1C , 7533 

17:51:22.471:
0x1C1C , -159 

17:51:23.159:
0x1C1C , 7478 

17:51:24.694:
0x1C1C , 7414 

17:51:25.333:
0x1C1C , 7478 

17:51:26.053:
0x1C1C , -159 

17:51:26.773:
0x1C1C , -159 

17:51:27.508:
0x1C1C , -159 

17:51:28.228:
0x1C1C , -159 

17:51:28.963:
0x1C1C , -159 

17:51:29.619:
0x1C1C , 7391 
17:51:29.635:


17:51:30.371:
0x1C1C , -159 

17:51:31.042:
0x1C1C , 7451 

17:51:31.698:
0
17:51:31.714:
x1C1C , 7478 

17:51:32.466:
0x1C1C , -159 

17:51:33.137:
0x1C1C , 7423 

17:51:34.672:
0x1C1C
17:51:34.688:
 , 7487 

17:51:35.392:
0x1C1C , -159 

17:51:36.032:
0x1C1C , 7433 

17:51:36.671:
0x1C1C , 
17:51:36.687:
7460 

17:51:37.407:
0x1C1C , -159 

17:51:38.063:
0x1C1C , 7478 

17:51:38.798:
0x1C1C , -159 

17:51:39.534:
0x1C1C , -159 

17:51:40.189:
0x1C1C , 7510 

17:51:40.861:
0x1C1C , 7506 

17:51:41.613:
0x1C1C , -159 

17:51:42.364:
0x1C1C , -159 

17:51:43.036:
0x1C1C , 7405 

17:51:44.587:
0x1C1C , 7487 

17:51:45.291:
0x1C1C , -159 

17:51:45.930:
0x1C1C , 74
17:51:45.946:
60 

17:51:46.666:
0x1C1C , -159 

17:51:47.306:
0x1C1C , 7497 

17:51:48.041:
0x1C1C , -159 

17:51:48.697:
0x1C1C , 7492 

17:51:49.433:
0x1C1C , -159 

17:51:50.168:
0x1C1C , -159 

17:51:50.840:
0x1C1C , 7465 

17:51:51.591:
0x1C1C , -159 

17:51:52.263:
0x1C1C , 7492 

17:51:53.015:
0x1C1C , 
17:51:53.031:
-159 

17:51:54.566:
0x1C1C , 7474 

17:51:55.285:
0x1C1C , -159 

17:51:55.989:
0x1C1C ,
17:51:56.005:
 -159 

17:51:56.644:
0x1C1C , 7497 

17:51:57.364:
0x1C1C , -159 

17:51:58.020:
0x1C1C , 7455 

17:51:58.756:
0x1C1C , -159 

17:51:59.491:
0x1C1C , -159 

17:52:00.147:
0x1C1C , 7497 

17:52:00.899:
0x1C1C , -159 

17:52:01.650:
0x1C1C , -159 

17:52:02.322:
0x1C1C , 7483 

17:52:03.073:
0x1C1
17:52:03.089:
C , -159 

17:52:04.705:
0x1C1C , -159 

17:52:05.424:
0x1C1C , -159 

17:52:06.063:
0x1C1C , 7437 

17:52:06.783:
0x1C1C , -159 

17:52:07.439:
0x1C1C , 7455 

17:52:08.159:
0x1C1C , -159 

17:52:08.814:
0x1C1C , 7474 

17:52:09.486:
0x1C1C , 7533 

17:52:10.222:
0x1C1C , -159 

17:52:10.893:
0x1C1C , 7419 

17:52:11.644:
0x1C1C , -159 

17:52:12.317:
0x1C1C , 7474 

17:52:13.067:
0x1C1C , -159 

17:52:14.683:
0x1C1C , -159
17:52:14.699:
 

17:52:15.323:
0x1C1C , 7396 

17:52:16.043:
0x1C1C , -159 

17:52:16.682:
0x1C1C , 7451 

17:52:17.418:
0x1C1C , -159 

17:52:18.073:
0x1C1C , 7474 

17:52:18.793:
0x1C
17:52:18.808:
1C , -159 

17:52:19.464:
0x1C1C , 7428 

17:52:20.200:
0x1C1C , -159 

17:52:20.872:
0x1C1C , 7437 

17:52:21.624:
0x1C1C , -159 

17:52:22.295:
0x1C1C , 7465 

17:52:23.047:
0x1C1C , -159 

17:52:24.678:
0x1C1C , -159 

17:52:25.302:
0x1C1C , 7474 

17:52:26.020:
0x1C1C , -159 

17:52:26.677:
0x1C1C , 7446 

17:52:27.397:
0x1C1C , -159 

17:52:28.132:
0x1C1C , -159 

17:52:28.788:
0x1C1C , 7487 

17:52:29.523:
0x1C1C , -159 

17:52:30.259:
0x1C1C , -159 

17:52:30.931:
0x1C1C , 7474 

17:52:31.682:
0x1C1C , -159 

17:52:32.354:
0x1C1C , 7492 

17:52:33.026:
0x
17:52:33.042:
1C1C , 7483 

17:52:34.577:
0x1C1C , 7506 

17:52:35.296:
0x1C1C , -159 

17:52:35.936:
0x1C1C , 7524 

17:52:36.656:
0x1C1C , -159 

17:52:37.296:
0x1C1C , 7442 

17:52:38.031:
0x1C1C , -159 

17:52:38.687:
0x1C1C , 7414 

17:52:39.422:
0x1C1C , -159 

17:52:40.094:
0x1C1C , 7469 

17:52:40.830:
0x1C1C , -159 

17:52:41.501:
0x1C1C , 7465 

17:52:42.253:
0x1C1C , -159 

17:52:42.941:
0x1C1C , 7419 

17:52:44.476:
0x1C1C , 7469 

17:52:45.195:
0x1C1C , -159 

17:52:45.835:
0x1C1C , 7428 

17:52:46.555:
0x1C1C , -159 

17:52:47.210:
0x1C1C , 7474 

17:52:47.930:
0x1C1C , -159 

17:52:48.586:
0x1C1C , 7460 

17:52:49.321:
0x1C1C , -159 

17:52:49.993:
0x1C1C , 7460 

17:52:50.744:
0x1C1C , -159 

17:52:51.480:
0x1C1C , -159 

17:52:52.167:
0x1C1C , 7451 

17:52:52.919:
0x1C1C , -159 

17:52:54.534:
0x1C1C , -159 

17:52:55.174:
0x1C1C , 7524 

17:52:55.814:
0x1C1C , 7451 

17:52:56.533:
0x1C1C , -159 

17:52:57.269:
0x1C1C , -159 

17:52:57.908:
0x1C1C , 7
17:52:57.924:
497 

17:52:58.644:
0x1C1C , -159 

17:52:59.316:
0x1C1C , 7497 

17:53:00.051:
0x1C1C , -159 

17:53:00.723:
0x1C1C , 7460 

17:53:01.474:
0x1C1C , -159 

17:53:02.146:
0x1C1C , 7455 

17:53:02.898:
0x1C1C , -159 

17:53:04.513:
0x1C1C , -
17:53:04.529:
159 

17:53:05.153:
0x1C1C , 7483 

17:53:05.872:
0x1C1C , -159 

17:53:06.512:
0x1C1C , 74
17:53:06.527:
83 

17:53:07.248:
0x1C1C , -159 

17:53:07.903:
0x1C1C , 7497 

17:53:08.639:
0x1C1C , -159 

17:53:09.295:
0x1C1C , 7506 

17:53:10.030:
0x1C1C , -159 

17:53:10.702:
0x1C1C , 7478 

17:53:11.374:
0x1C1C , 7501 

17:53:12.125:
0x1C1C , -159 

17:53:12.797:
0x1C1C , 7528 

17:53:14.428:
0x1C1C , -159 

17:53:15.067:
0x1C1C , 7446 

17:53:15.788:
0x1C1C , -159 

17:53:16.507:
0x1C1C , -159 

17:53:17.243:
0x1C1C , -159 

17:53:17.882:
0x1C1C , 7474 

17:53:18.618:
0x1C1C , -159 

17:53:19.274:
0x1C1C ,
17:53:19.289:
 7465 

17:53:19.944:
0x1C1C , 7483 

17:53:20.696:
0x1C1C , -159 

17:53:21.368:
0x1C1C , 7524 

17:53:22.120:
0x1C1C , -159 

17:53:22.792:
0x1C1C , 7492 

17:53:24.407:
0x1C1C , -159 
17:53:24.423:


17:53:25.127:
0x1C1C , -159 

17:53:25.766:
0x1C1C , 7460 

17:53:26.486:
0x1C1C , -159 

17:53:27.222:
0x1C1C , -159 

17:53:27.861:
0x
17:53:27.877:
1C1C , 7446 

17:53:28.597:
0x1C1C , -159 

17:53:29.348:
0x1C1C , -159 

17:53:30.084:
0x1C1C , -159 

17:53:30.756:
0x1C1C , 7455 

17:53:31.507:
0x1C1C , -159 

17:53:32.178:
0x1C1C , 7474 

17:53:32.931:
0x1C1C , -159 

17:53:34.546:
0x1C1C , -159 

17:53:35.185:
0x1C1C , 7501 

17:53:35.905:
0x1C1C , -159 

17:53:36.545:
0x1C1C , 7455 

17:53:37.280:
0x1C1C , -159 

17:53:37.936:
0x1C1C , 7478 

17:53:38.592:
0x1C1C , 7483 

17:53:39.327:
0x1C1C , -159 

17:53:39.983:
0x1C1C , 7455 

17:53:40.734:
0x1C1C , -159 

17:53:41.486:
0x1C1C , -159 

17:53:42.158:
0x1C1C , 7469 

17:53:42.909:
0x1C1C , -159 

17:53:44.540:
0x1C1C , -159 

17:53:45.180:
0x1C1C , 7451 

17:53:45.899:
0x1C1C , -159 

17:53:46.539:
0x1C1C , 7510 

17:53:47.275:
0x1C1C , -159 

17:53:47.914:
0x1C1C , 7423 

17:53:48.650:
0x1C1C , -159 

17:53:49.306:
0x1C1C , 746
17:53:49.322:
9 

17:53:50.057:
0x1C1C , -159 

17:53:50.729:
0x1C1C , 7465 

17:53:51.465:
0x1C1C , -15
17:53:51.481:
9 

17:53:52.152:
0x1C1C , 7455 

17:53:52.904:
0x1C1C , -159 

17:53:54.519:
0x1C1C , -159 

17:53:55.159:
0x1C1C , 7460 

17:53:55.798:
0x1C1C , 7442 

17:53:56.518:
0x1C1C , -159 

17:53:57.174:
0x1C1C , 7497 

17:53:57.892:
0x
17:53:57.909:
1C1C , -159 

17:53:58.629:
0x1C1C , -159 

17:53:59.381:
0x1C1C , -159 

17:54:00.036:
0x1C1C , 7419 

17:54:00.788:
0x1C1C , -159 

17:54:01.539:
0x1C1C , -159 

17:54:02.291:
0x1C1C , -159 

17:54:02.963:
0x1C1C , 7455 

17:54:04.513:
0x1C1C , 7510 

17:54:05.137:
0x1C1C , 7446 

17:54:05.857:
0x1C1C , -159 

17:54:06.513:
0x1C1C , 7451 

17:54:07.232:
0x1C1C , -159 

17:54:07.887:
0x1C1C , 7547 

17:54:08.624:
0x1C1C , -159 

17:54:09.279:
0x1C1C , 7460 

17:54:10.015:
0x1C1C , -159 

17:54:10.767:
0x1C1C , -159 

17:54:11.518:
0x1C1C , -159 

17:54:12.270:
0x1C1C , -159 

17:54:13.021:
0x1C1C , -159 

17:54:14.652:
0x1C1C , -159 

17:54:15.276:
0x1C1C , 7497 

17:54:15.996:
0x1C1C , -159 

17:54:16.651:
0x1C1C , 7478 

17:54:17.371:
0x1C1C , -159 

17:54:18.107:
0x1C1C , -159 

17:54:18.762:
0x1C1C , 7497 

17:54:19.498:
0x1C1C , -159 

17:54:20.233:
0x1C1C , -159 

17:54:20.905:
0x1C1C , 7455 

17:54:21.577:
0x1C1C , 7446 

17:54:22.328:
0x1C1C , -159 

17:54:23.000:
0x1
17:54:23.016:
C1C , 7474 

17:54:24.551:
0x1C1C , 7474 

17:54:25.271:
0x1C1C , -159 

17:54:25.990:
0x1C1C , -159 

17:54:26.630:
0x1C1C , 7465 

17:54:27.349:
0x1C1C , -159 

17:54:28.005:
0x1C1C , 7487 

17:54:28.660:
0x1C1C , 7478 

17:54:29.397:
0x1C1C , -159 

17:54:30.068:
0x1C1C , 7460 

17:54:30.804:
0x1C1C , -159 

17:54:31.475:
0x1C1C , 7437 

17:54:32.227:
0x1C1C , -159 

17:54:32.915:
0x1C1C , 7497 

17:54:34.450:
0x1C1C , 7423 

17:54:35.170:
0x1C1C , -159 

17:54:35.889:
0x1C1C , -159 

17:54:36.529:
0x1C1C , 7474 

17:54:37.249:
0x1
17:54:37.265:
C1C , -159 

17:54:37.904:
0x1C1C , 7446 

17:54:38.639:
0x1C1C , -159 

17:54:39.295:
0x1C1C , 7478 

17:54:40.047:
0x1C1C , -159 

17:54:40.783:
0x1C1C , -159 

17:54:41.454:
0x1C1C , 7460 

17:54:42.205:
0x1C
17:54:42.222:
1C , -159 

17:54:42.894:
0x1C1C , 7410 

17:54:44.429:
0x1C1C , 7501 

17:54:45.148:
0x1C1C , -159 

17:54:45.788:
0x1C1C , 7442 

17:54:46.508:
0x1C1C , -159 
