\BOOKMARK [1][-]{.1}{\376\377\000I\000n\000h\000a\000l\000t\000s\000v\000e\000r\000z\000e\000i\000c\000h\000n\000i\000s}{}% 1
\BOOKMARK [0][]{chapter*.4}{\376\377\000I\000n\000h\000a\000l\000t\000s\000v\000e\000r\000z\000e\000i\000c\000h\000n\000i\000s}{}% 2
\BOOKMARK [0][]{chapter*.5}{\376\377\000A\000b\000b\000i\000l\000d\000u\000n\000g\000s\000v\000e\000r\000z\000e\000i\000c\000h\000n\000i\000s}{}% 3
\BOOKMARK [0][]{chapter*.6}{\376\377\000T\000a\000b\000e\000l\000l\000e\000n\000v\000e\000r\000z\000e\000i\000c\000h\000n\000i\000s}{}% 4
\BOOKMARK [0][]{chapter.1}{\376\377\0001\000\040\000E\000i\000n\000l\000e\000i\000t\000u\000n\000g}{}% 5
\BOOKMARK [0][]{chapter.2}{\376\377\0002\000\040\000T\000h\000e\000o\000r\000e\000t\000i\000s\000c\000h\000e\000r\000\040\000H\000i\000n\000t\000e\000r\000g\000r\000u\000n\000d}{}% 6
\BOOKMARK [1][-]{section.2.1}{\376\377\0002\000.\0001\000\040\000A\000t\000e\000m\000m\000e\000c\000h\000a\000n\000i\000s\000m\000u\000s\000\040\000u\000n\000d\000\040\000-\000f\000r\000e\000q\000u\000e\000n\000z}{chapter.2}% 7
\BOOKMARK [1][-]{section.2.2}{\376\377\0002\000.\0002\000\040\000I\000n\000e\000r\000t\000i\000a\000l\000s\000e\000n\000s\000o\000r\000e\000n}{chapter.2}% 8
\BOOKMARK [2][-]{subsection.2.2.1}{\376\377\0002\000.\0002\000.\0001\000\040\000D\000r\000e\000h\000r\000a\000t\000e\000n\000s\000e\000n\000s\000o\000r\000e\000n}{section.2.2}% 9
\BOOKMARK [2][-]{subsection.2.2.2}{\376\377\0002\000.\0002\000.\0002\000\040\000B\000e\000s\000c\000h\000l\000e\000u\000n\000i\000g\000u\000n\000g\000s\000s\000e\000n\000s\000o\000r\000e\000n}{section.2.2}% 10
\BOOKMARK [1][-]{section.2.3}{\376\377\0002\000.\0003\000\040\000S\000i\000g\000n\000a\000l\000v\000e\000r\000a\000r\000b\000e\000i\000t\000u\000n\000g}{chapter.2}% 11
\BOOKMARK [2][-]{subsection.2.3.1}{\376\377\0002\000.\0003\000.\0001\000\040\000S\000a\000v\000i\000t\000z\000k\000y\000-\000G\000o\000l\000a\000y\000-\000F\000i\000l\000t\000e\000r}{section.2.3}% 12
\BOOKMARK [2][-]{subsection.2.3.2}{\376\377\0002\000.\0003\000.\0002\000\040\000B\000a\000n\000d\000p\000a\000s\000s\000-\000F\000i\000l\000t\000e\000r}{section.2.3}% 13
\BOOKMARK [2][-]{subsection.2.3.3}{\376\377\0002\000.\0003\000.\0003\000\040\000S\000e\000n\000s\000o\000r\000d\000a\000t\000e\000n\000f\000u\000s\000i\000o\000n}{section.2.3}% 14
\BOOKMARK [2][-]{subsection.2.3.4}{\376\377\0002\000.\0003\000.\0004\000\040\000K\000o\000m\000p\000l\000e\000m\000e\000n\000t\000\344\000r\000-\000F\000i\000l\000t\000e\000r}{section.2.3}% 15
\BOOKMARK [2][-]{subsection.2.3.5}{\376\377\0002\000.\0003\000.\0005\000\040\000K\000a\000l\000m\000a\000n\000-\000F\000i\000l\000t\000e\000r}{section.2.3}% 16
\BOOKMARK [2][-]{subsection.2.3.6}{\376\377\0002\000.\0003\000.\0006\000\040\000S\000c\000h\000n\000e\000l\000l\000e\000\040\000F\000o\000u\000r\000i\000e\000r\000-\000T\000r\000a\000n\000s\000f\000o\000r\000m\000a\000t\000i\000o\000n}{section.2.3}% 17
\BOOKMARK [1][-]{section.2.4}{\376\377\0002\000.\0004\000\040\000F\000e\000h\000l\000e\000r\000r\000e\000c\000h\000n\000u\000n\000g}{chapter.2}% 18
\BOOKMARK [0][]{chapter.3}{\376\377\0003\000\040\000S\000t\000a\000n\000d\000\040\000d\000e\000r\000\040\000T\000e\000c\000h\000n\000i\000k}{}% 19
\BOOKMARK [1][-]{section.3.1}{\376\377\0003\000.\0001\000\040\000D\000r\000e\000h\000r\000a\000t\000e\000n\000b\000a\000s\000i\000e\000r\000t\000e\000\040\000A\000t\000e\000m\000f\000r\000e\000q\000u\000e\000n\000z\000a\000n\000a\000l\000y\000s\000e}{chapter.3}% 20
\BOOKMARK [1][-]{section.3.2}{\376\377\0003\000.\0002\000\040\000B\000e\000s\000c\000h\000l\000e\000u\000n\000i\000g\000u\000n\000g\000s\000b\000a\000s\000i\000e\000r\000t\000e\000\040\000A\000t\000e\000m\000f\000r\000e\000q\000u\000e\000n\000z\000a\000n\000a\000l\000y\000s\000e}{chapter.3}% 21
\BOOKMARK [1][-]{section.3.3}{\376\377\0003\000.\0003\000\040\000D\000r\000e\000h\000r\000a\000t\000e\000n\000-\000\040\000u\000n\000d\000\040\000b\000e\000s\000c\000h\000l\000e\000u\000n\000i\000g\000u\000n\000g\000s\000b\000a\000s\000i\000e\000r\000t\000e\000\040\000A\000t\000e\000m\000f\000r\000e\000q\000u\000e\000n\000z\000a\000n\000a\000l\000y\000s\000e}{chapter.3}% 22
\BOOKMARK [0][]{chapter.4}{\376\377\0004\000\040\000S\000y\000s\000t\000e\000m\000e\000n\000t\000w\000i\000c\000k\000l\000u\000n\000g}{}% 23
\BOOKMARK [1][-]{section.4.1}{\376\377\0004\000.\0001\000\040\000A\000n\000f\000o\000r\000d\000e\000r\000u\000n\000g\000e\000n\000\040\000a\000n\000\040\000d\000a\000s\000\040\000S\000y\000s\000t\000e\000m}{chapter.4}% 24
\BOOKMARK [2][-]{subsection.4.1.1}{\376\377\0004\000.\0001\000.\0001\000\040\000N\000\366\000t\000i\000g\000e\000\040\000A\000u\000f\000l\000\366\000s\000u\000n\000g}{section.4.1}% 25
\BOOKMARK [2][-]{subsection.4.1.2}{\376\377\0004\000.\0001\000.\0002\000\040\000G\000r\000\366\000\337\000e}{section.4.1}% 26
\BOOKMARK [2][-]{subsection.4.1.3}{\376\377\0004\000.\0001\000.\0003\000\040\000P\000o\000s\000i\000t\000i\000o\000n\000\040\000a\000m\000\040\000B\000r\000u\000s\000t\000k\000o\000r\000b}{section.4.1}% 27
\BOOKMARK [2][-]{subsection.4.1.4}{\376\377\0004\000.\0001\000.\0004\000\040\000R\000o\000t\000a\000t\000i\000o\000n\000s\000-\000\040\000u\000n\000d\000\040\000T\000r\000a\000n\000s\000l\000a\000t\000i\000o\000n\000s\000b\000e\000w\000e\000g\000u\000n\000g\000e\000n}{section.4.1}% 28
\BOOKMARK [1][-]{section.4.2}{\376\377\0004\000.\0002\000\040\000V\000e\000r\000w\000e\000n\000d\000e\000t\000e\000\040\000I\000C\000s}{chapter.4}% 29
\BOOKMARK [2][-]{subsection.4.2.1}{\376\377\0004\000.\0002\000.\0001\000\040\000S\000T\000M\0003\0002\000F\0004\0000\0005\000R\000G}{section.4.2}% 30
\BOOKMARK [2][-]{subsection.4.2.2}{\376\377\0004\000.\0002\000.\0002\000\040\000M\000P\000U\0009\0002\0005\0000}{section.4.2}% 31
\BOOKMARK [2][-]{subsection.4.2.3}{\376\377\0004\000.\0002\000.\0003\000\040\000\050\000B\000l\000u\000e\000t\000o\000o\000t\000h\000-\000M\000o\000d\000u\000l\000\051}{section.4.2}% 32
\BOOKMARK [1][-]{section.4.3}{\376\377\0004\000.\0003\000\040\000P\000l\000a\000t\000i\000n\000e\000n\000d\000e\000s\000i\000g\000n}{chapter.4}% 33
\BOOKMARK [1][-]{section.4.4}{\376\377\0004\000.\0004\000\040\000K\000a\000l\000i\000b\000r\000i\000e\000r\000u\000n\000g}{chapter.4}% 34
\BOOKMARK [0][]{chapter.5}{\376\377\0005\000\040\000M\000e\000s\000s\000a\000u\000f\000b\000a\000u\000\040\000u\000n\000d\000\040\000-\000d\000u\000r\000c\000h\000f\000\374\000h\000r\000u\000n\000g}{}% 35
\BOOKMARK [1][-]{section.5.1}{\376\377\0005\000.\0001\000\040\000M\000e\000c\000h\000a\000n\000i\000s\000c\000h\000e\000r\000\040\000B\000r\000u\000s\000t\000k\000o\000r\000b}{chapter.5}% 36
\BOOKMARK [2][-]{subsection.5.1.1}{\376\377\0005\000.\0001\000.\0001\000\040\000V\000e\000r\000s\000a\000t\000z}{section.5.1}% 37
\BOOKMARK [2][-]{subsection.5.1.2}{\376\377\0005\000.\0001\000.\0002\000\040\000W\000i\000n\000k\000e\000l\000\040\000p\000r\000o\000\040\000F\000r\000e\000q\000u\000e\000n\000z}{section.5.1}% 38
\BOOKMARK [2][-]{subsection.5.1.3}{\376\377\0005\000.\0001\000.\0003\000\040\000Z\000e\000n\000t\000r\000i\000p\000e\000t\000a\000l\000k\000r\000\344\000f\000t\000e\000\040\000u\000n\000d\000\040\000E\000r\000d\000b\000e\000s\000c\000h\000l\000e\000u\000n\000i\000g\000u\000n\000g}{section.5.1}% 39
\BOOKMARK [1][-]{section.5.2}{\376\377\0005\000.\0002\000\040\000K\000a\000l\000i\000b\000r\000i\000e\000r\000u\000n\000g}{chapter.5}% 40
\BOOKMARK [2][-]{subsection.5.2.1}{\376\377\0005\000.\0002\000.\0001\000\040\000K\000a\000l\000i\000b\000r\000i\000e\000r\000u\000n\000g\000\040\000a\000n\000\040\000e\000i\000n\000e\000m\000\040\000H\000o\000l\000z\000b\000a\000l\000k\000e\000n}{section.5.2}% 41
\BOOKMARK [2][-]{subsection.5.2.2}{\376\377\0005\000.\0002\000.\0002\000\040\000V\000e\000r\000g\000l\000e\000i\000c\000h\000\040\000d\000e\000r\000\040\000K\000a\000l\000i\000b\000r\000i\000e\000r\000u\000n\000g\000\040\000m\000i\000t\000\040\000R\000e\000f\000e\000r\000e\000n\000z\000s\000y\000s\000t\000e\000m}{section.5.2}% 42
\BOOKMARK [2][-]{subsection.5.2.3}{\376\377\0005\000.\0002\000.\0003\000\040\000K\000a\000l\000i\000b\000r\000i\000e\000r\000u\000n\000g\000\040\000a\000n\000\040\000e\000i\000n\000e\000r\000\040\000T\000e\000s\000t\000p\000e\000r\000s\000o\000n}{section.5.2}% 43
\BOOKMARK [0][]{chapter.6}{\376\377\0006\000\040\000E\000r\000g\000e\000b\000n\000i\000s\000s\000e\000\040\000u\000n\000d\000\040\000D\000i\000s\000k\000u\000s\000s\000i\000o\000n}{}% 44
\BOOKMARK [0][]{chapter.7}{\376\377\0007\000\040\000F\000a\000z\000i\000t\000\040\000u\000n\000d\000\040\000A\000u\000s\000b\000l\000i\000c\000k}{}% 45
\BOOKMARK [0][]{chapter*.14}{\376\377\000D\000a\000n\000k\000s\000a\000g\000u\000n\000g}{}% 46
\BOOKMARK [0][]{appendix.A}{\376\377\000A\000\040\000A\000n\000h\000a\000n\000g}{}% 47
\BOOKMARK [0][]{chapter*.15}{\376\377\000L\000i\000t\000e\000r\000a\000t\000u\000r\000v\000e\000r\000z\000e\000i\000c\000h\000n\000i\000s}{}% 48
