\BOOKMARK [0][]{abstract.0}{Abstract}{}% 1
\BOOKMARK [0][]{toc.0}{Contents}{}% 2
\BOOKMARK [0][]{nom.0}{Nomenclature}{}% 3
\BOOKMARK [0][]{chapter.1}{1 Introduction}{}% 4
\BOOKMARK [1][]{section.1.1}{1.1 Motivation}{chapter.1}% 5
\BOOKMARK [2][]{subsection.1.1.1}{1.1.1 Microfluidic Platform for Testing of Bacteria Adhesion Features}{section.1.1}% 6
\BOOKMARK [2][]{subsection.1.1.2}{1.1.2 Reusable and Resealable for High Pressure Applications}{section.1.1}% 7
\BOOKMARK [2][]{subsection.1.1.3}{1.1.3 Laser Rapid Prototyping for Flexible Channel Fast Fabrication}{section.1.1}% 8
\BOOKMARK [1][]{section.1.2}{1.2 Scope of This Work}{chapter.1}% 9
\BOOKMARK [2][]{subsection.1.2.1}{1.2.1 Aims}{section.1.2}% 10
\BOOKMARK [2][]{subsection.1.2.2}{1.2.2 Structure of This Work}{section.1.2}% 11
\BOOKMARK [0][]{chapter.2}{2 Literature Review}{}% 12
\BOOKMARK [1][]{section.2.1}{2.1 Microfluidic Platforms for Lab-on-a-chip Applications}{chapter.2}% 13
\BOOKMARK [1][]{section.2.2}{2.2 Laser Cutting Technology and Silicone Processing Technique}{chapter.2}% 14
\BOOKMARK [2][]{subsection.2.2.1}{2.2.1 Laser Cutting Technology}{section.2.2}% 15
\BOOKMARK [2][]{subsection.2.2.2}{2.2.2 Silicone Processing Technique}{section.2.2}% 16
\BOOKMARK [1][]{section.2.3}{2.3 Sealing and Packaging of High Pressure Microfluidic Systems}{chapter.2}% 17
\BOOKMARK [0][]{chapter.3}{3 Design and Fabrication}{}% 18
\BOOKMARK [1][]{section.3.1}{3.1 Nanofiltration Membranes}{chapter.3}% 19
\BOOKMARK [1][]{section.3.2}{3.2 Silicone Microchannels}{chapter.3}% 20
\BOOKMARK [2][]{subsection.3.2.1}{3.2.1 Advantages of Silicone Material}{section.3.2}% 21
\BOOKMARK [2][]{subsection.3.2.2}{3.2.2 Advantages of Laser Rapid Prototyping}{section.3.2}% 22
\BOOKMARK [1][]{section.3.3}{3.3 Silicone Casting}{chapter.3}% 23
\BOOKMARK [1][]{section.3.4}{3.4 Design and Fabrication of Silicone Microchannels}{chapter.3}% 24
\BOOKMARK [2][]{subsection.3.4.1}{3.4.1 Through-cut Microchannels}{section.3.4}% 25
\BOOKMARK [2][]{subsection.3.4.2}{3.4.2 Flip-chip Transferring of the Silicone Microchannel}{section.3.4}% 26
\BOOKMARK [2][]{subsection.3.4.3}{3.4.3 Characterization of the Through-cut Microchannel}{section.3.4}% 27
\BOOKMARK [2][]{subsection.3.4.4}{3.4.4 Microchannel with Variable Depth}{section.3.4}% 28
\BOOKMARK [1][]{section.3.5}{3.5 Design and Fabrication of the Chip Housing}{chapter.3}% 29
\BOOKMARK [2][]{subsection.3.5.1}{3.5.1 Housing Design 1}{section.3.5}% 30
\BOOKMARK [2][]{subsection.3.5.2}{3.5.2 Housing Design 2}{section.3.5}% 31
\BOOKMARK [2][]{subsection.3.5.3}{3.5.3 Housing Design 3}{section.3.5}% 32
\BOOKMARK [1][]{section.3.6}{3.6 Design of the Test Setup}{chapter.3}% 33
\BOOKMARK [0][]{chapter.4}{4 Packaging and Tests under High Pressure}{}% 34
\BOOKMARK [1][]{section.4.1}{4.1 Packaging of the Test Setup}{chapter.4}% 35
\BOOKMARK [1][]{section.4.2}{4.2 Packaging and Pressure Test of the Microfluidic Platform Housing}{chapter.4}% 36
\BOOKMARK [2][]{subsection.4.2.1}{4.2.1 Packaging Requirements}{section.4.2}% 37
\BOOKMARK [2][]{subsection.4.2.2}{4.2.2 Packaging and Pressure Test of Different Chip Housing Design}{section.4.2}% 38
\BOOKMARK [1][]{section.4.3}{4.3 Hydrodynamic Characterization of the Microchannel}{chapter.4}% 39
\BOOKMARK [2][]{subsection.4.3.1}{4.3.1 Calibration of the Pressure Sensor}{section.4.3}% 40
\BOOKMARK [2][]{subsection.4.3.2}{4.3.2 Cross Flow Rate Measurement}{section.4.3}% 41
\BOOKMARK [2][]{subsection.4.3.3}{4.3.3 Permeate Flux and Permeability Measurement of the NF Membrane}{section.4.3}% 42
\BOOKMARK [0][]{chapter.5}{5 Summary and Outlook}{}% 43
\BOOKMARK [1][]{section.5.1}{5.1 Summary of the Work}{chapter.5}% 44
\BOOKMARK [1][]{section.5.2}{5.2 Future Work}{chapter.5}% 45
\BOOKMARK [0][]{appendix.A}{A Mechanical Drawings}{}% 46
\BOOKMARK [1][]{section.A.1}{A.1 Silicone Casting Mould}{appendix.A}% 47
\BOOKMARK [1][]{section.A.2}{A.2 Laser Jig}{appendix.A}% 48
\BOOKMARK [1][]{section.A.3}{A.3 Housing Design 1}{appendix.A}% 49
\BOOKMARK [1][]{section.A.4}{A.4 Housing Design 2}{appendix.A}% 50
\BOOKMARK [1][]{section.A.5}{A.5 Housing Design 3}{appendix.A}% 51
\BOOKMARK [0][]{bib.0}{Bibliography}{}% 52
