0x2020 , 1151 
0x3E3E , 4742 
0x1C1C , 5775 
0x5A5A , 7269 
0x6E6E , 5923 
0x2020 , 1122 
0x3E3E , 4756 
0x1C1C , 5748 
0x5A5A , 7331 
0x6E6E , -796 
0x2020 , 1166 
0x3E3E , 4811 
0x1C1C , -159 
0x5A5A , 7226 
0x6E6E , 5918 
0x2020 , 1146 
0x3E3E , 4886 
0x1C1C , 5780 
0x5A5A , 7259 
0x6E6E , 5923 
0x2020 , 1146 
0x3E3E , 4904 
0x1C1C , 5757 
0x5A5A , 7226 
0x6E6E , -796 
0x2020 , 1156 
0x3E3E , 4816 
0x1C1C , 5775 
0x5A5A , 7207 
0x6E6E , 5893 
0x2020 , 1156 
0x3E3E , 4900 
0x1C1C , 5762 
0x5A5A , 7207 
0x6E6E , -796 
0x2020 , 1107 
0x3E3E , 5034 
0x1C1C , 5784 
0x5A5A , 7192 
0x6E6E , 5943 
0x2020 , 1146 
0x3E3E , 4895 
0x1C1C , 5730 
0x5A5A , -339 
0x6E6E , -796 
0x2020 , 1151 
0x3E3E , 4719 
0x1C1C , 5816 
0x5A5A , -339 
0x6E6E , 5898 
0x2020 , 1171 
0x3E3E , 4751 
0x1C1C , 5825 
0x5A5A , 7254 
0x6E6E , 5878 
0x2020 , 1171 
0x3E3E , 4895 
0x1C1C , 5784 
0x5A5A , 7288 
0x6E6E , -796 
0x2020 , 1161 
0x3E3E , 4487 
0x1C1C , 5835 
0x5A5A , 7212 
0x6E6E , 5893 
0x2020 , 1171 
0x3E3E , 4440 
0x1C1C , 5844 
0x5A5A , 7316 
0x6E6E , 5878 
0x2020 , 1176 
0x3E3E , 4389 
0x1C1C , 5693 
0x5A5A , 7441 
0x6E6E , -796 
0x2020 , 1151 
0x3E3E , 4398 
0x1C1C , 5638 
0x5A5A , 7402 
0x6E6E , 6165 
0x2020 , 1186 
0x3E3E , 4278 
0x1C1C , 5529 
0x5A5A , 7402 
0x6E6E , -796 
0x2020 , 1250 
0x3E3E , 4092 
0x1C1C , 5300 
0x5A5A , 7474 
0x6E6E , 6467 
0x2020 , 1966 
0x3E3E , 3958 
0x1C1C , 5154 
0x5A5A , 7436 
0x6E6E , -796 
0x2020 , 2084 
0x3E3E , 3777 
0x1C1C , 5008 
0x5A5A , 7379 
0x6E6E , 6920 
0x2020 , 2217 
0x3E3E , 3758 
0x1C1C , 4867 
0x5A5A , 7412 
0x6E6E , -796 
0x2020 , 2464 
0x3E3E , 3688 
0x1C1C , 4785 
0x5A5A , 7383 
0x6E6E , 7062 
0x2020 , 2429 
0x3E3E , 3656 
0x1C1C , 4597 
0x5A5A , 7312 
0x6E6E , -796 
0x2020 , 2563 
0x3E3E , 3702 
0x1C1C , 4588 
0x5A5A , 7278 
0x6E6E , 7157 
0x2020 , 2893 
0x3E3E , 3577 
0x1C1C , 4383 
0x5A5A , 7164 
0x6E6E , -796 
0x2020 , 3115 
0x3E3E , 3521 
0x1C1C , 4045 
0x5A5A , 7150 
0x6E6E , 7364 
0x2020 , 3224 
0x3E3E , 3391 
0x1C1C , 3830 
0x5A5A , 7135 
0x6E6E , -796 
0x2020 , 3525 
0x3E3E , 3433 
0x1C1C , 3671 
0x5A5A , 6954 
0x6E6E , 7822 
0x2020 , 3564 
0x3E3E , 3354 
0x1C1C , 3515 
0x5A5A , 6811 
0x6E6E , -796 
0x2020 , 3683 
0x3E3E , 4180 
0x1C1C , 3324 
0x5A5A , 6639 
0x6E6E , 7379 
0x2020 , 3989 
0x3E3E , 4241 
0x1C1C , 3214 
0x5A5A , 6472 
0x6E6E , -796 
0x2020 , 4072 
0x3E3E , 4176 
0x1C1C , 3100 
0x5A5A , 6305 
0x6E6E , 7374 
0x2020 , 4595 
0x3E3E , 4584 
0x1C1C , 2894 
0x5A5A , 6076 
0x6E6E , -796 
0x2020 , 4832 
0x3E3E , 4403 
0x1C1C , 2867 
0x5A5A , 5943 
0x6E6E , 7449 
0x2020 , 4892 
0x3E3E , 4992 
0x1C1C , 2858 
0x5A5A , 5728 
0x6E6E , -796 
0x2020 , 5005 
0x3E3E , 5122 
0x1C1C , 2876 
0x5A5A , 5323 
0x6E6E , 7384 
0x2020 , 5326 
0x3E3E , 5354 
0x1C1C , 2812 
0x5A5A , 5194 
0x6E6E , -796 
0x2020 , 5592 
0x3E3E , 5526 
0x1C1C , 2835 
0x5A5A , 4970 
0x6E6E , 7273 
0x2020 , 5706 
0x3E3E , 5568 
0x1C1C , 2721 
0x5A5A , 4779 
0x6E6E , -796 
0x2020 , 5977 
0x3E3E , 6236 
0x1C1C , 2881 
0x5A5A , 4688 
0x6E6E , 7152 
0x2020 , 6140 
0x3E3E , 6018 
0x1C1C , 2917 
0x5A5A , 4464 
0x6E6E , -796 
0x2020 , 6406 
0x3E3E , 6292 
0x1C1C , 2999 
0x5A5A , 4249 
0x6E6E , 6941 
0x2020 , 5834 
0x3E3E , 6357 
0x1C1C , 3091 
0x5A5A , 4006 
0x6E6E , -796 
0x2020 , 6796 
0x3E3E , 6635 
0x1C1C , 3497 
0x5A5A , 3825 
0x6E6E , 6598 
0x2020 , 6811 
0x3E3E , 6844 
0x1C1C , 3725 
0x5A5A , 3686 
0x6E6E , -796 
0x2020 , 6752 
0x3E3E , 6960 
0x1C1C , 3908 
0x5A5A , 3424 
0x6E6E , 6145 
0x2020 , 6762 
0x3E3E , 7080 
0x1C1C , 4059 
0x5A5A , 3195 
0x6E6E , -796 
0x2020 , 6599 
0x3E3E , 7340 
0x1C1C , 4305 
0x5A5A , 2947 
0x6E6E , 5787 
0x2020 , 6885 
0x3E3E , -218 
0x1C1C , -159 
0x5A5A , -339 
0x6E6E , -796 
0x2020 , 6574 
0x3E3E , 7948 
0x1C1C , 4830 
0x5A5A , 2356 
0x6E6E , 5031 
0x2020 , 6599 
0x3E3E , 8111 
0x1C1C , 5132 
0x5A5A , 2179 
0x6E6E , -796 
0x2020 , 6707 
0x3E3E , 8343 
0x1C1C , 5447 
0x5A5A , 1950 
0x6E6E , 4664 
0x2020 , 6811 
0x3E3E , 8403 
0x1C1C , 5661 
0x5A5A , 1960 
0x6E6E , -796 
0x2020 , 6850 
0x3E3E , 8663 
0x1C1C , 5780 
0x5A5A , 1926 
0x6E6E , 4049 
0x2020 , 6520 
0x3E3E , 8700 
0x1C1C , 5885 
0x5A5A , 1993 
0x6E6E , -796 
0x2020 , 6485 
0x3E3E , 8681 
0x1C1C , 6118 
0x5A5A , 2069 
0x6E6E , 3470 
0x2020 , 6495 
0x3E3E , 8700 
0x1C1C , 6332 
0x5A5A , 2127 
0x6E6E , -796 
0x2020 , 6451 
0x3E3E , 8876 
0x1C1C , 6510 
0x5A5A , 2232 
0x6E6E , 2911 
0x2020 , 6283 
0x3E3E , -218 
0x1C1C , 6693 
0x5A5A , 2198 
0x6E6E , -796 
0x2020 , 6209 
0x3E3E , 8960 
0x1C1C , 6917 
0x5A5A , 2589 
0x6E6E , 2608 
0x2020 , 6100 
0x3E3E , 9113 
0x1C1C , 7127 
0x5A5A , 2990 
0x6E6E , -796 
0x2020 , 6021 
0x3E3E , 8974 
0x1C1C , 7350 
0x5A5A , 3505 
0x6E6E , 2160 
0x2020 , 5908 
0x3E3E , 8816 
0x1C1C , 7533 
0x5A5A , 3529 
0x6E6E , 1943 
0x2020 , 5750 
0x3E3E , -218 
0x1C1C , 7624 
0x5A5A , 4101 
0x6E6E , -796 
0x2020 , 5434 
0x3E3E , 8807 
0x1C1C , 7738 
0x5A5A , 4054 
0x6E6E , 1581 
0x2020 , 5291 
0x3E3E , 8830 
0x1C1C , 7830 
0x5A5A , 4278 
0x6E6E , -796 
0x2020 , 5193 
0x3E3E , 8742 
0x1C1C , 7930 
0x5A5A , 4765 
0x6E6E , 1581 
0x2020 , 4763 
0x3E3E , -218 
0x1C1C , 8044 
0x5A5A , 4144 
0x6E6E , -796 
0x2020 , 3994 
0x3E3E , 7874 
0x1C1C , 7702 
0x5A5A , 5156 
0x6E6E , 2165 
0x2020 , 3100 
0x3E3E , 7289 
0x1C1C , 7793 
0x5A5A , 6320 
0x6E6E , 3132 
0x2020 , 2854 
0x3E3E , 7113 
0x1C1C , 7766 
0x5A5A , 6506 
0x6E6E , -796 
0x2020 , 2617 
0x3E3E , 6904 
0x1C1C , 7752 
0x5A5A , 6649 
0x6E6E , 3535 
0x2020 , 2341 
0x3E3E , 6765 
0x1C1C , 7729 
0x5A5A , 6839 
0x6E6E , -796 
0x2020 , 2143 
0x3E3E , 6589 
0x1C1C , 7661 
0x5A5A , 6820 
0x6E6E , 4014 
0x2020 , 1896 
0x3E3E , 6398 
0x1C1C , 7592 
0x5A5A , 7035 
0x6E6E , -796 
0x2020 , 1758 
0x3E3E , 6199 
0x1C1C , 7492 
0x5A5A , 7231 
0x6E6E , 4346 
0x2020 , 1674 
0x3E3E , 6009 
0x1C1C , 7282 
0x5A5A , 7245 
0x6E6E , -796 
0x2020 , 1428 
0x3E3E , 5763 
0x1C1C , 7090 
0x5A5A , 7154 
0x6E6E , 4528 
0x2020 , 1290 
0x3E3E , 5577 
0x1C1C , 6894 
0x5A5A , 7102 
0x6E6E , -796 
0x2020 , 1127 
0x3E3E , 5405 
0x1C1C , 6716 
0x5A5A , 7150 
0x6E6E , 5238 
0x2020 , 1023 
0x3E3E , -218 
0x1C1C , 6446 
0x5A5A , 7183 
0x6E6E , -796 
0x2020 , 1048 
0x3E3E , 5057 
0x1C1C , 6282 
0x5A5A , 7250 
0x6E6E , 5485 
0x2020 , 1186 
0x3E3E , 4821 
0x1C1C , 6058 
0x5A5A , 7297 
0x6E6E , -796 
0x2020 , 1122 
0x3E3E , 4496 
0x1C1C , 5981 
0x5A5A , 7345 
0x6E6E , 5933 
0x2020 , 1112 
0x3E3E , 4477 
0x1C1C , 5748 
0x5A5A , 7441 
0x6E6E , -796 
0x2020 , 1092 
0x3E3E , 4171 
0x1C1C , 5634 
0x5A5A , 7488 
0x6E6E , 6230 
0x2020 , 1102 
0x3E3E , 4074 
0x1C1C , 5451 
0x5A5A , 7441 
0x6E6E , -796 
0x2020 , 1556 
0x3E3E , 3934 
0x1C1C , 5246 
0x5A5A , 7417 
0x6E6E , 6553 
0x2020 , 1359 
0x3E3E , 3786 
0x1C1C , 5081 
0x5A5A , 7421 
0x6E6E , -796 
0x2020 , 2079 
0x3E3E , 3549 
0x1C1C , 4903 
0x5A5A , 7283 
0x6E6E , 6976 
0x2020 , 2089 
0x3E3E , -218 
0x1C1C , 4652 
0x5A5A , 7522 
0x6E6E , -796 
0x2020 , 2518 
0x3E3E , 3494 
0x1C1C , 4483 
0x5A5A , 7336 
0x6E6E , 7203 
0x2020 , 2824 
0x3E3E , -218 
0x1C1C , 4191 
0x5A5A , 7393 
0x6E6E , -796 
0x2020 , 3076 
0x3E3E , 3396 
0x1C1C , 4077 
0x5A5A , 7293 
0x6E6E , 7439 
0x2020 , 3071 
0x3E3E , 3433 
0x1C1C , 3935 
0x5A5A , 7259 
0x6E6E , -796 
0x2020 , 3318 
0x3E3E , 3289 
0x1C1C , 3725 
0x5A5A , 7078 
0x6E6E , 7550 
0x2020 , 3549 
0x3E3E , -218 
0x1C1C , 3561 
0x5A5A , 6911 
0x6E6E , -796 
0x2020 , -688 
0x3E3E , 3498 
0x1C1C , 3392 
0x5A5A , 6682 
0x6E6E , 7555 
0x2020 , -688 
0x3E3E , 4282 
0x1C1C , 3196 
0x5A5A , 6534 
0x6E6E , -796 
0x2020 , -688 
0x3E3E , 4306 
0x1C1C , 3018 
0x5A5A , 6219 
0x6E6E , 7328 
0x2020 , 4645 
0x3E3E , 4296 
0x1C1C , 2954 
0x5A5A , 6067 
0x6E6E , -796 
0x2020 , 4916 
0x3E3E , 4435 
0x1C1C , 2830 
0x5A5A , 5909 
0x6E6E , 7359 
0x2020 , 4837 
0x3E3E , 4630 
0x1C1C , 2844 
0x5A5A , 5728 
0x6E6E , -796 
0x2020 , 4970 
0x3E3E , 5118 
0x1C1C , 2812 
0x5A5A , 5490 
0x6E6E , 7344 
0x2020 , 5326 
0x3E3E , -218 
0x1C1C , 2780 
0x5A5A , 5156 
0x6E6E , -796 
0x2020 , 5479 
0x3E3E , 5275 
0x1C1C , 2881 
0x5A5A , 4993 
0x6E6E , 7127 
0x2020 , 5656 
0x3E3E , -218 
0x1C1C , -159 
0x5A5A , 4855 
0x6E6E , -796 
0x2020 , 5913 
0x3E3E , 5851 
0x1C1C , 2904 
0x5A5A , 4626 
0x6E6E , 7082 
0x2020 , 6174 
0x3E3E , 6162 
0x1C1C , 3009 
0x5A5A , 4397 
0x6E6E , -796 
0x2020 , 5804 
0x3E3E , -218 
0x1C1C , 3040 
0x5A5A , 4106 
0x6E6E , 6759 
0x2020 , 6436 
0x3E3E , 6324 
0x1C1C , 3301 
0x5A5A , 3901 
0x6E6E , -796 
0x2020 , 6278 
0x3E3E , 6640 
0x1C1C , 3561 
0x5A5A , 3748 
0x6E6E , -796 
0x2020 , 6776 
0x3E3E , 6825 
0x1C1C , 3903 
0x5A5A , 3539 
0x6E6E , 6261 
0x2020 , 6436 
0x3E3E , -218 
0x1C1C , 3899 
0x5A5A , 3267 
0x6E6E , -796 
0x2020 , 6347 
0x3E3E , 7196 
0x1C1C , 4282 
0x5A5A , 3052 
0x6E6E , 5797 
0x2020 , 6559 
0x3E3E , 7368 
0x1C1C , 4410 
0x5A5A , 2842 
0x6E6E , -796 
0x2020 , 6500 
0x3E3E , 7544 
0x1C1C , 4606 
0x5A5A , 2675 
0x6E6E , 5414 
0x2020 , 7038 
0x3E3E , -218 
0x1C1C , 4670 
0x5A5A , 2399 
0x6E6E , -796 
0x2020 , 6510 
0x3E3E , 7967 
0x1C1C , 4894 
0x5A5A , 2260 
0x6E6E , 5016 
0x2020 , 6643 
0x3E3E , -218 
0x1C1C , 5232 
0x5A5A , 2108 
0x6E6E , -796 
0x2020 , 6826 
0x3E3E , -218 
0x1C1C , -159 
0x5A5A , -339 
0x6E6E , -796 
0x2020 , 6717 
0x3E3E , 8807 
0x1C1C , 6077 
0x5A5A , 1945 
0x6E6E , 3641 
0x2020 , 6589 
0x3E3E , 8811 
0x1C1C , 6195 
0x5A5A , -339 
0x6E6E , -796 
0x2020 , 6475 
0x3E3E , 9405 
0x1C1C , 6488 
0x5A5A , 2098 
0x6E6E , 3092 
0x2020 , 6401 
0x3E3E , 8950 
0x1C1C , 6583 
0x5A5A , -339 
0x6E6E , -796 
0x2020 , 6318 
0x3E3E , 8862 
0x1C1C , 6816 
0x5A5A , 2709 
0x6E6E , 2714 
0x2020 , 6160 
0x3E3E , 9113 
0x1C1C , 7067 
0x5A5A , 3124 
0x6E6E , -796 
0x2020 , 6076 
0x3E3E , 9090 
0x1C1C , 7241 
0x5A5A , 3400 
0x6E6E , 2190 
0x2020 , 5449 
0x3E3E , 8746 
0x1C1C , 7743 
0x5A5A , -339 
0x6E6E , 1551 
0x2020 , 5158 
0x3E3E , 8681 
0x1C1C , 7789 
0x5A5A , 4283 
0x6E6E , -796 
0x2020 , 5035 
0x3E3E , 8769 
0x1C1C , 7944 
0x5A5A , 4669 
0x6E6E , 1480 
0x2020 , 4719 
0x3E3E , -218 
0x1C1C , -159 
0x5A5A , -339 
0x6E6E , -796 
0x2020 , 4319 
0x3E3E , 8041 
0x1C1C , 7725 
0x5A5A , 4698 
0x6E6E , 1848 
0x2020 , 4023 
0x3E3E , 7957 
0x1C1C , 7652 
0x5A5A , 5075 
0x6E6E , -796 
0x2020 , 3697 
0x3E3E , 7660 
0x1C1C , 7688 
0x5A5A , 5709 
0x6E6E , 2412 
0x2020 , 3411 
0x3E3E , -218 
0x1C1C , 7707 
0x5A5A , 5967 
0x6E6E , -796 
0x2020 , 3081 
0x3E3E , 7271 
0x1C1C , 7675 
0x5A5A , 6334 
0x6E6E , 3006 
0x2020 , 2839 
0x3E3E , -218 
0x1C1C , 7711 
0x5A5A , 6458 
0x6E6E , -796 
0x2020 , 2390 
0x3E3E , 6742 
0x1C1C , 7652 
0x5A5A , 6601 
0x6E6E , 3510 
0x2020 , 2118 
0x3E3E , 6547 
0x1C1C , 7560 
0x5A5A , 6711 
0x6E6E , -796 
0x2020 , 1867 
0x3E3E , 6338 
0x1C1C , 7602 
0x5A5A , 6897 
0x6E6E , 4115 
0x2020 , 1669 
0x3E3E , -218 
0x1C1C , 7428 
0x5A5A , 7183 
0x6E6E , -796 
0x2020 , 1462 
0x3E3E , 5851 
0x1C1C , 7104 
0x5A5A , 7030 
0x6E6E , 4639 
0x2020 , 1359 
0x3E3E , 5596 
0x1C1C , 6894 
0x5A5A , 7068 
0x6E6E , -796 
0x2020 , -688 
0x3E3E , 5373 
0x1C1C , 6606 
0x5A5A , 7068 
0x6E6E , 5147 
0x2020 , 1097 
0x3E3E , 5243 
0x1C1C , 6442 
0x5A5A , 7145 
0x6E6E , -796 
0x2020 , 1077 
0x3E3E , 4923 
0x1C1C , 6177 
0x5A5A , 7183 
0x6E6E , 5586 
0x2020 , 1072 
0x3E3E , -218 
0x1C1C , 5962 
0x5A5A , 7283 
0x6E6E , -796 
0x2020 , 1043 
0x3E3E , 4255 
0x1C1C , 5821 
0x5A5A , 7312 
0x6E6E , 5928 
0x2020 , 964 
0x3E3E , -218 
0x1C1C , 5689 
0x5A5A , 7350 
0x6E6E , -796 
0x2020 , 1082 
0x3E3E , 4152 
0x1C1C , 5556 
0x5A5A , 7379 
0x6E6E , 6331 
0x2020 , 1240 
0x3E3E , 4064 
0x1C1C , 5310 
0x5A5A , 7450 
0x6E6E , -796 
0x2020 , 1882 
0x3E3E , 3781 
0x1C1C , 5182 
0x5A5A , 7412 
0x6E6E , 6633 
0x2020 , 2015 
0x3E3E , -218 
0x1C1C , 4990 
0x5A5A , 7412 
0x6E6E , -796 
0x2020 , 2133 
0x3E3E , 3568 
0x1C1C , 4990 
0x5A5A , 7369 
0x6E6E , 6956 
0x2020 , 2133 
0x3E3E , -218 
0x1C1C , -159 
0x5A5A , 7359 
0x6E6E , -796 
0x2020 , 2193 
0x3E3E , 3619 
0x1C1C , 4999 
0x5A5A , 7398 
0x6E6E , 6910 
0x2020 , 2202 
0x3E3E , -218 
0x1C1C , 4999 
0x5A5A , 7369 
0x6E6E , -796 
0x2020 , 2188 
0x3E3E , 3572 
0x1C1C , 4967 
0x5A5A , 7450 
0x6E6E , 6920 
0x2020 , 2064 
0x3E3E , -218 
0x1C1C , 4953 
0x5A5A , 7307 
0x6E6E , -796 
0x2020 , 2163 
0x3E3E , 3619 
0x1C1C , 4931 
0x5A5A , 7402 
0x6E6E , 6860 
0x2020 , 2104 
0x3E3E , -218 
0x1C1C , 4903 
0x5A5A , 7312 
0x6E6E , -796 
0x2020 , 2030 
0x3E3E , 3512 
0x1C1C , 4798 
0x5A5A , 7679 
0x6E6E , 7233 
0x2020 , 2952 
0x3E3E , 3336 
0x1C1C , 4200 
0x5A5A , 7293 
0x6E6E , 7434 
0x2020 , 3836 
0x3E3E , 3303 
0x1C1C , 3488 
0x5A5A , 6725 
0x6E6E , 7394 
0x2020 , 3841 
0x3E3E , 3800 
0x1C1C , 3273 
0x5A5A , 6611 
0x6E6E , -796 
0x2020 , 4181 
0x3E3E , 4199 
0x1C1C , 3168 
0x5A5A , 6367 
0x6E6E , 7318 
0x2020 , 4369 
0x3E3E , 4338 
0x1C1C , 3054 
0x5A5A , 6172 
0x6E6E , -796 
0x2020 , 4813 
0x3E3E , 4482 
0x1C1C , 2931 
0x5A5A , 6043 
0x6E6E , 7595 
0x2020 , 5015 
0x3E3E , 4357 
0x1C1C , 2803 
0x5A5A , 5757 
0x6E6E , -796 
0x2020 , 4872 
0x3E3E , 4918 
0x1C1C , 2739 
0x5A5A , 5556 
0x6E6E , 7434 
0x2020 , 5079 
0x3E3E , -218 
0x1C1C , -159 
0x5A5A , 5027 
0x6E6E , -796 
0x2020 , -688 
0x3E3E , 5554 
0x1C1C , 2767 
0x5A5A , 4998 
0x6E6E , 7334 
0x2020 , 5804 
0x3E3E , -218 
0x1C1C , 2890 
0x5A5A , 4679 
0x6E6E , -796 
0x2020 , 6140 
0x3E3E , 6264 
0x1C1C , 2990 
0x5A5A , 4335 
0x6E6E , 7006 
0x2020 , 6495 
0x3E3E , -218 
0x1C1C , 2945 
0x5A5A , 4092 
0x6E6E , -796 
0x2020 , 6278 
0x3E3E , 6384 
0x1C1C , 3187 
0x5A5A , 3954 
0x6E6E , 6669 
0x2020 , 6204 
0x3E3E , -218 
0x1C1C , 3524 
0x5A5A , 3753 
0x6E6E , -796 
0x2020 , 5977 
0x3E3E , 6895 
0x1C1C , 3812 
0x5A5A , 3481 
0x6E6E , 6250 
0x2020 , 6816 
0x3E3E , -218 
0x1C1C , 3876 
0x5A5A , 3252 
0x6E6E , -796 
0x2020 , 6401 
0x3E3E , 7229 
0x1C1C , 4241 
0x5A5A , 2966 
0x6E6E , 5782 
0x2020 , 6515 
0x3E3E , -218 
0x1C1C , 4629 
0x5A5A , 2723 
0x6E6E , -796 
0x2020 , 6554 
0x3E3E , 7795 
0x1C1C , 4926 
0x5A5A , 2456 
0x6E6E , 5258 
0x2020 , 6500 
0x3E3E , -218 
0x1C1C , 4940 
0x5A5A , 2174 
0x6E6E , -796 
0x2020 , 6633 
0x3E3E , 8180 
0x1C1C , 5419 
0x5A5A , 2012 
0x6E6E , 4820 
0x2020 , 6638 
0x3E3E , -218 
0x1C1C , 5579 
0x5A5A , 1879 
0x6E6E , -796 
0x2020 , 6885 
0x3E3E , 8626 
0x1C1C , 5871 
0x5A5A , 1817 
0x6E6E , 4220 
0x2020 , 6816 
0x3E3E , -218 
0x1C1C , 6063 
0x5A5A , 1683 
0x6E6E , -796 
0x2020 , 6846 
0x3E3E , 8677 
0x1C1C , 6305 
0x5A5A , 1735 
0x6E6E , 3596 
0x2020 , 6747 
0x3E3E , -218 
0x1C1C , 6382 
0x5A5A , 1812 
0x6E6E , -796 
0x2020 , 6771 
0x3E3E , 8751 
0x1C1C , 6565 
0x5A5A , 2041 
0x6E6E , 3062 
0x2020 , 6545 
0x3E3E , -218 
0x1C1C , 6702 
0x5A5A , 2103 
0x6E6E , -796 
0x2020 , 6367 
0x3E3E , 8955 
0x1C1C , 6908 
0x5A5A , 3033 
0x6E6E , 2583 
0x2020 , 6278 
0x3E3E , -218 
0x1C1C , 7154 
0x5A5A , 3271 
0x6E6E , -796 
0x2020 , 6184 
0x3E3E , 9094 
0x1C1C , 7268 
0x5A5A , 2899 
0x6E6E , 2069 
0x2020 , 5967 
0x3E3E , -218 
0x1C1C , 7574 
0x5A5A , 3648 
0x6E6E , -796 
0x2020 , 5750 
0x3E3E , 8997 
0x1C1C , 7743 
0x5A5A , 4059 
0x6E6E , 1561 
0x2020 , 5597 
0x3E3E , -218 
0x1C1C , 7848 
0x5A5A , 4163 
0x6E6E , -796 
0x2020 , 5217 
0x3E3E , 8779 
0x1C1C , 7939 
0x5A5A , 4469 
0x6E6E , 1410 
0x2020 , 5069 
0x3E3E , -218 
0x1C1C , 7948 
0x5A5A , 4669 
0x6E6E , -796 
0x2020 , 4665 
0x3E3E , 8579 
0x1C1C , 7994 
0x5A5A , 4536 
0x6E6E , 1671 
0x2020 , 4502 
0x3E3E , -218 
0x1C1C , 7958 
0x5A5A , 4717 
0x6E6E , -796 
0x2020 , 4082 
0x3E3E , 8055 
0x1C1C , 8341 
0x5A5A , 5008 
0x6E6E , -796 
0x2020 , 3707 
0x3E3E , 7818 
0x1C1C , 7871 
0x5A5A , 5862 
0x6E6E , 2226 
0x2020 , 3441 
0x3E3E , -218 
0x1C1C , 7784 
0x5A5A , 5747 
0x6E6E , -796 
0x2020 , 3145 
0x3E3E , 7382 
0x1C1C , 7834 
0x5A5A , 6367 
0x6E6E , 2744 
0x2020 , 2883 
0x3E3E , -218 
0x1C1C , 7880 
0x5A5A , 6639 
0x6E6E , -796 
0x2020 , 2489 
0x3E3E , 7006 
0x1C1C , 7780 
0x5A5A , 6739 
0x6E6E , 3475 
0x2020 , 2252 
0x3E3E , -218 
0x1C1C , 7743 
0x5A5A , 7026 
0x6E6E , -796 
0x2020 , 1778 
0x3E3E , -218 
0x1C1C , -159 
0x5A5A , -339 
0x6E6E , -796 
0x2020 , 1442 
0x3E3E , 6055 
0x1C1C , 7510 
0x5A5A , 7126 
0x6E6E , 4437 
0x2020 , 1285 
0x3E3E , 5828 
0x1C1C , 7346 
0x5A5A , -339 
0x6E6E , -796 
0x2020 , 1122 
0x3E3E , 5572 
0x1C1C , 7008 
0x5A5A , 7254 
0x6E6E , 4885 
0x2020 , 1008 
0x3E3E , 5419 
0x1C1C , 6839 
0x5A5A , -339 
0x6E6E , -796 
0x2020 , 801 
0x3E3E , 5261 
0x1C1C , 6739 
0x5A5A , 7526 
0x6E6E , 5439 
0x2020 , 712 
0x3E3E , 4978 
0x1C1C , 6519 
0x5A5A , -339 
0x6E6E , -796 
0x2020 , 836 
0x3E3E , 4746 
0x1C1C , 6227 
0x5A5A , 7536 
0x6E6E , 5732 
0x2020 , 939 
0x3E3E , 4644 
0x1C1C , 6040 
0x5A5A , -339 
0x6E6E , -796 
0x2020 , 998 
0x3E3E , 4412 
0x1C1C , 5789 
0x5A5A , 7331 
0x6E6E , 5898 
0x2020 , 974 
0x3E3E , 4426 
0x1C1C , 5716 
0x5A5A , -339 
0x6E6E , -796 
0x2020 , 1117 
0x3E3E , 4449 
0x1C1C , 5689 
0x5A5A , 7350 
0x6E6E , 5918 
0x2020 , 1092 
0x3E3E , 4477 
0x1C1C , 5675 
0x5A5A , -339 
0x6E6E , -796 
0x2020 , 1087 
0x3E3E , 4500 
0x1C1C , 5720 
0x5A5A , 7321 
0x6E6E , 5918 
0x2020 , 1092 
0x3E3E , 4454 
0x1C1C , 5647 
0x5A5A , -339 
0x6E6E , -796 
0x2020 , 1137 
0x3E3E , 4477 
0x1C1C , 5679 
0x5A5A , 7355 
0x6E6E , 6044 
0x2020 , 1161 
0x3E3E , 4542 
0x1C1C , 5707 
0x5A5A , -339 
0x6E6E , -796 
0x2020 , 1117 
0x3E3E , 4514 
0x1C1C , 5739 
0x5A5A , 7369 
0x6E6E , 6084 
0x2020 , 1087 
0x3E3E , 4593 
0x1C1C , 5720 
0x5A5A , 7383 
0x6E6E , -796 
0x2020 , 1058 
0x3E3E , 4542 
0x1C1C , 5725 
0x5A5A , 7326 
0x6E6E , 6064 
0x2020 , 1063 
0x3E3E , 4575 
0x1C1C , 5752 
0x5A5A , -339 
0x6E6E , -796 
0x2020 , 1097 
0x3E3E , 4547 
0x1C1C , 5689 
0x5A5A , 7302 
0x6E6E , 6034 
0x2020 , 1072 
0x3E3E , 4538 
0x1C1C , 5771 
0x5A5A , -339 
0x6E6E , -796 
0x2020 , 1048 
0x3E3E , 4533 
0x1C1C , 5803 
0x5A5A , 7364 
0x6E6E , 6079 
0x2020 , 1028 
0x3E3E , 4519 
0x1C1C , 5771 
0x5A5A , -339 
0x6E6E , -796 
0x2020 , 1053 
0x3E3E , 4542 
0x1C1C , 5757 
0x5A5A , 7417 
0x6E6E , 6094 
0x2020 , 1102 
0x3E3E , 4477 
0x1C1C , 5743 
0x5A5A , 7388 
0x6E6E , -796 
0x2020 , 1077 
0x3E3E , 4528 
0x1C1C , 5775 
0x5A5A , 7374 
0x6E6E , 6125 
0x2020 , 1067 
0x3E3E , 4514 
0x1C1C , 5784 
0x5A5A , -339 
0x6E6E , -796 
0x2020 , 1087 
0x3E3E , 4510 
0x1C1C , 5720 
0x5A5A , 7369 
0x6E6E , 6034 
0x2020 , 1053 
0x3E3E , 4482 
0x1C1C , 5771 
0x5A5A , 7474 
0x6E6E , -796 
