

15:23:06.052:
0x2020 , 2642 
0x3E3E , 7020 
0x1C1C , 7670 
0x5A5A , 6611 
0x6E6E , 3228 

15:23:06.755:
0x2020 , 2553 
0x3E3E , 7011 
0x1C1C , 7665 
0x5A5A , 6658 
0x6E6E , -796 

15:23:07.365:
0x2020 , 2607 
0x3E3E , 7048 
0x1C1C , 7679 
0x5A5A , 6634 
0x6E6E , 3243 

15:23:08.089:
0x2020 , 2533 
0x3E3E , 7053 
0x1C1C , 7665 
0x5A5A , 6587 
0x6E6E , -796 

15:23:08.699:
0x2020 , 2582 
0x3E3E , 6997 
0x1C1C , 7643 
0x5A5A , 6487 
0x6E6E , 3218 

15:23:09.419:
0x2020 , 2563 
0x3E3E , 7025 
0x1C1C , 7684 
0x5A5A , 6549 
0x6E6E , -796 

15:23:10.029:
0x2020 , 2498 
0x3E3E , 7002 
0x1C1C , 7661 
0x5A5A , 6510 
0x6E6E , 3213 

15:23:10.737:
0x2020 , 2484 
0x3E3E , 6974 
0x1C1C , 7624 
0x5A5A , 6501 
0x6E6E , -796 

15:23:11.346:
0x2020 , 2474 
0x3E3E , 7002 
0x1C1C , 7693 
0x5A5A , 6477 
0x6E6E , 3208 

15:23:12.749:
0x2020 , 2548 
0x3E3E , -218 
0x1C1C , -159 
0x5A5A , -339 
0x6E6E , -796 

15:23:13.335:
0x2020 , 2563 
0x3E3E , 6950 
0x1C1C , 7670 
0x5A5A , 6601 
0x6E6E , 3258 

15:23:15.316:
0x2020 , 2271 
0x3E3E , 6686 
0x1C1C , 7255 
0x5A5A , 6553 
0x6E6E , 3661 

15:23:16.019:
0x2020 , 2153 
0x3E3E , 6547 
0x1C1C , 7150 
0x5A5A , 6591 
0x6E6E , -796 

15:23:16.620:
0x2020 , 1921 
0x3E3E , 6315 
0x1C1C , 6908 
0x5A5A , 6692 
0x6E6E , 4236 

15:23:17.324:
0x2020 , 1773 
0x3E3E , 6143 
0x1C1C , 6702 
0x5A5A , 6668 
0x6E6E , -796 

15:23:17.949:
0x2020 , 1640 
0x3E3E , 5893 
0x1C1C , 6456 
0x5A5A , 6596 
0x6E6E , 4563 

15:23:18.637:
0x2020 , 1541 
0x3E3E , 5591 
0x1C1C , 6296 
0x5A5A , 6644 
0x6E6E , -796 

15:23:19.277:
0x2020 , 1581 
0x3E3E , 5424 
0x1C1C , 6099 
0x5A5A , 6835 
0x6E6E , 5152 

15:23:19.996:
0x2020 , 1517 
0x3E3E , 5224 
0x1C1C , 5953 
0x5A5A , 6949 
0x6E6E , -796 

15:23:20.590:
0x2020 , 1502 
0x3E3E , 4746 
0x1C1C , 5794 
0x5A5A , 7021 
0x6E6E , 5500 

15:23:22.003:
0x2020 , 1368 
0x3E3E , -218 
0x1C1C , -159 
0x5A5A , -339 
0x6E6E , -796 

15:23:22.581:
0x2020 , 1605 
0x3E3E , 4264 
0x1C1C , 5351 
0x5A5A , 7154 
0x6E6E , 6175 

15:23:23.263:
0x2020 , 1704 
0x3E3E , 4046 
0x1C1C , 5342 
0x5A5A , 7417 
0x6E6E , -796 

15:23:23.888:
0x2020 , 1763 
0x3E3E , 3846 
0x1C1C , 5168 
0x5A5A , 7269 
0x6E6E , 6573 

15:23:24.574:
0x2020 , 2158 
0x3E3E , 3665 
0x1C1C , 4903 
0x5A5A , 7379 
0x6E6E , -796 

15:23:25.175:
0x2020 , 2543 
0x3E3E , 3433 
0x1C1C , 4816 
0x5A5A , 7541 
0x6E6E , 7051 

15:23:25.982:
0x2020 , 2010 
0x3E3E , 3322 
0x1C1C , 4634 
0x5A5A , -339 
0x6E6E , -796 

15:23:26.591:
0x2020 , 2336 
0x3E3E , 3201 
0x1C1C , 4552 
0x5A5A , 7522 
0x6E6E , 7409 

15:23:27.403:
0x2020 , 2701 
0x3E3E , 3187 
0x1C1C , 4387 
0x5A5A , -339 
0x6E6E , -796 

15:23:27.997:
0x2020 , 2696 
0x3E3E , 3057 
0x1C1C , 4296 
0x5A5A , 7789 
0x6E6E , 7696 

15:23:28.825:
0x2020 , 2548 
0x3E3E , -218 
0x1C1C , 4383 
0x5A5A , 7612 
0x6E6E , -796 

15:23:29.419:
0x2020 , 2390 
0x3E3E , 3563 
0x1C1C , 4319 
0x5A5A , 7531 
0x6E6E , 7475 

15:23:30.091:
0x2020 , 2607 
0x3E3E , 3619 
0x1C1C , 4273 
0x5A5A , 7431 
0x6E6E , -796 

15:23:30.671:
0x2020 , 2809 
0x3E3E , 3777 
0x1C1C , 4068 
0x5A5A , 7250 
0x6E6E , 7439 

15:23:31.356:
0x2020 , 3071 
0x3E3E , 3916 
0x1C1C , 3922 
0x5A5A , 7130 
0x6E6E , -796 

15:23:31.986:
0x2020 , 3214 
0x3E3E , 3990 
0x1C1C , 3730 
0x5A5A , 6892 
0x6E6E , 7444 

15:23:32.658:
0x2020 , 3446 
0x3E3E , 3911 
0x1C1C , 3648 
0x5A5A , 6782 
0x6E6E , -796 

15:23:33.262:
0x2020 , 3535 
0x3E3E , 3842 
0x1C1C , 3488 
0x5A5A , 6572 
0x6E6E , 7354 

15:23:33.965:
0x2020 , 3633 
0x3E3E , 3846 
0x1C1C , 3383 
0x5A5A , 6472 
0x6E6E , -796 

15:23:34.606:
0x2020 , 3786 
0x3E3E , 3939 
0x1C1C , 3296 
0x5A5A , 6205 
0x6E6E , 7303 

15:23:35.296:
0x2020 , 3994 
0x3E3E , 4125 
0x1C1C , 3182 
0x5A5A , 6153 
0x6E6E , -796 

15:23:35.921:
0x2020 , 4443 
0x3E3E , 4282 
0x1C1C , 3072 
0x5A5A , 5952 
0x6E6E , 7263 

15:23:36.640:
0x2020 , 4699 
0x3E3E , 4454 
0x1C1C , 2935 
0x5A5A , 5843 
0x6E6E , -796 

15:23:37.247:
0x2020 , 4892 
0x3E3E , 4570 
0x1C1C , 2853 
0x5A5A , 5547 
0x6E6E , 7873 

15:23:37.919:
0x2020 , 4832 
0x3E3E , 4728 
0x1C1C , 2821 
0x5A5A , 5366 
0x6E6E , -796 

15:23:38.496:
0x2020 , 5262 
0x3E3E , 5461 
0x1C1C , 2725 
0x5A5A , 5170 
0x6E6E , 7626 

15:23:39.293:
0x2020 , 5563 
0x3E3E , 5493 
0x1C1C , 2762 
0x5A5A , -339 
0x6E6E , -796 

15:23:39.887:
0x2020 , 5864 
0x3E3E , 5614 
0x1C1C , 2735 
0x5A5A , 4998 
0x6E6E , 7550 

15:23:40.559:
0x2020 , 6017 
0x3E3E , 5739 
0x1C1C , 2735 
0x5A5A , 4893 
0x6E6E , -796 

15:23:41.284:
0x2020 , -688 
0x3E3E , 6083 
0x1C1C , 2748 
0x5A5A , 4707 
0x6E6E , 7535 

15:23:41.995:
0x2020 , 6303 
0x3E3E , 6106 
0x1C1C , 2735 
0x5A5A , 4631 
0x6E6E , -796 

15:23:42.604:
0x2020 , 6515 
0x3E3E , 6018 
0x1C1C , 2767 
0x5A5A , 4507 
0x6E6E , 7152 

15:23:43.401:
0x2020 , 6471 
0x3E3E , -218 
0x1C1C , 2999 
0x5A5A , 4559 
0x6E6E , -796 

15:23:44.011:
0x2020 , 6248 
0x3E3E , 6050 
0x1C1C , 3045 
0x5A5A , 4378 
0x6E6E , 6890 

15:23:44.731:
0x2020 , 6308 
0x3E3E , 6078 
0x1C1C , 3095 
0x5A5A , 4345 
0x6E6E , -796 

15:23:45.340:
0x2020 , 6214 
0x3E3E , 6189 
0x1C1C , 3543 
0x5A5A , 4140 
0x6E6E , 6558 

15:23:46.106:
0x2020 , 6140 
0x3E3E , 6329 
0x1C1C , 3639 
0x5A5A , -339 
0x6E6E , -796 

15:23:46.684:
0x2020 , 6209 
0x3E3E , 6556 
0x1C1C , 3803 
0x5A5A , 3706 
0x6E6E , 5963 

15:23:47.372:
0x2020 , 6549 
0x3E3E , 6649 
0x1C1C , 4040 
0x5A5A , 3524 
0x6E6E , -796 

15:23:47.981:
0x2020 , 5997 
0x3E3E , 6881 
0x1C1C , 4451 
0x5A5A , 3276 
0x6E6E , 5389 

15:23:48.684:
0x2020 , 5725 
0x3E3E , 7006 
0x1C1C , 4616 
0x5A5A , 3147 
0x6E6E , -796 

15:23:49.277:
0x2020 , 5819 
0x3E3E , 7298 
0x1C1C , 4890 
0x5A5A , 2923 
0x6E6E , 4785 

15:23:50.078:
0x2020 , 5883 
0x3E3E , 7461 
0x1C1C , 5118 
0x5A5A , -339 
0x6E6E , -796 

15:23:50.705:
0x2020 , 6002 
0x3E3E , 7781 
0x1C1C , 5675 
0x5A5A , 2637 
0x6E6E , 4029 

15:23:51.389:
0x2020 , 5799 
0x3E3E , 7967 
0x1C1C , 6049 
0x5A5A , 2589 
0x6E6E , -796 

15:23:52.124:
0x2020 , -688 
0x3E3E , 8078 
0x1C1C , 6351 
0x5A5A , 2456 
0x6E6E , 3334 

15:23:52.848:
0x2020 , 6041 
0x3E3E , 8398 
0x1C1C , 6319 
0x5A5A , 2461 
0x6E6E , -796 

15:23:53.426:
0x2020 , 6007 
0x3E3E , 8533 
0x1C1C , 6515 
0x5A5A , 2556 
0x6E6E , 2825 

15:23:54.191:
0x2020 , 6002 
0x3E3E , 8691 
0x1C1C , 6624 
0x5A5A , -339 
0x6E6E , -796 

15:23:54.775:
0x2020 , 6012 
0x3E3E , 8811 
0x1C1C , 6807 
0x5A5A , 3038 
0x6E6E , 2795 

15:23:55.463:
0x2020 , 5928 
0x3E3E , 8714 
0x1C1C , 7058 
0x5A5A , 2814 
0x6E6E , -796 

15:23:56.082:
0x2020 , 5785 
0x3E3E , 8723 
0x1C1C , 6926 
0x5A5A , 3162 
0x6E6E , 2634 

15:23:56.770:
0x2020 , 5755 
0x3E3E , 8486 
0x1C1C , 7017 
0x5A5A , 3295 
0x6E6E , -796 

15:23:57.366:
0x2020 , 5345 
0x3E3E , 8398 
0x1C1C , 6958 
0x5A5A , 3753 
0x6E6E , 2321 

15:23:58.070:
0x2020 , 4980 
0x3E3E , 8296 
0x1C1C , 7035 
0x5A5A , 4163 
0x6E6E , -796 

15:23:58.698:
0x2020 , 4857 
0x3E3E , 8059 
0x1C1C , 7163 
0x5A5A , 4469 
0x6E6E , 2462 

15:23:59.496:
0x2020 , 4635 
0x3E3E , 7948 
0x1C1C , 7241 
0x5A5A , -339 
0x6E6E , -796 

15:24:00.106:
0x2020 , 4112 
0x3E3E , 7753 
0x1C1C , 7364 
0x5A5A , 4784 
0x6E6E , 2503 

15:24:00.835:
0x2020 , 3919 
0x3E3E , 7651 
0x1C1C , 7286 
0x5A5A , 4827 
0x6E6E , -796 

15:24:01.429:
0x2020 , 3648 
0x3E3E , 7503 
0x1C1C , 7528 
0x5A5A , 5141 
0x6E6E , 2654 

15:24:02.195:
0x2020 , 3392 
0x3E3E , 7456 
0x1C1C , 7734 
0x5A5A , -339 
0x6E6E , -796 

15:24:02.773:
0x2020 , 3229 
0x3E3E , 7266 
0x1C1C , 7780 
0x5A5A , 6005 
0x6E6E , 2790 

15:24:03.638:
0x2020 , -688 
0x3E3E , 7210 
0x1C1C , 7912 
0x5A5A , -339 
0x6E6E , -796 

15:24:04.263:
0x2020 , 2681 
0x3E3E , 7085 
0x1C1C , 7958 
0x5A5A , 6644 
0x6E6E , 3465 

15:24:04.951:
0x2020 , 2528 
0x3E3E , 6992 
0x1C1C , 7898 
0x5A5A , 6692 
0x6E6E , -796 

15:24:05.543:
0x2020 , 2400 
0x3E3E , 6811 
0x1C1C , 7802 
0x5A5A , 6911 
0x6E6E , 3500 

15:24:06.355:
0x2020 , 2597 
0x3E3E , 6816 
0x1C1C , 7720 
0x5A5A , -339 
0x6E6E , -796 

15:24:06.981:
0x2020 , 2528 
0x3E3E , 6909 
0x1C1C , 7761 
0x5A5A , 6878 
0x6E6E , 3747 

15:24:07.777:
0x2020 , 2952 
0x3E3E , 6983 
0x1C1C , 7743 
0x5A5A , -339 
0x6E6E , -796 

15:24:08.387:
0x2020 , 2375 
0x3E3E , 7043 
0x1C1C , 7679 
0x5A5A , 6525 
0x6E6E , 3319 

15:24:09.106:
0x2020 , 2345 
0x3E3E , 6834 
0x1C1C , 7592 
0x5A5A , 6396 
0x6E6E , -796 

15:24:09.699:
0x2020 , 2390 
0x3E3E , 6853 
0x1C1C , 7697 
0x5A5A , 6382 
0x6E6E , 3510 

15:24:10.466:
0x2020 , 2345 
0x3E3E , 6825 
0x1C1C , 7588 
0x5A5A , -339 
0x6E6E , -796 

15:24:11.039:
0x2020 , 2291 
0x3E3E , 6728 
0x1C1C , 7688 
0x5A5A , 6358 
0x6E6E , 3702 

15:24:11.836:
0x2020 , 2138 
0x3E3E , 6514 
0x1C1C , 7524 
0x5A5A , -339 
0x6E6E , -796 

15:24:12.441:
0x2020 , 1966 
0x3E3E , 6199 
0x1C1C , 7369 
0x5A5A , 6424 
0x6E6E , 4377 

15:24:13.144:
0x2020 , 1867 
0x3E3E , 6055 
0x1C1C , 7200 
0x5A5A , 6367 
0x6E6E , -796 

15:24:13.731:
0x2020 , 1748 
0x3E3E , 5814 
0x1C1C , 6962 
0x5A5A , 6467 
0x6E6E , 4432 

15:24:14.544:
0x2020 , 1655 
0x3E3E , 5623 
0x1C1C , 6866 
0x5A5A , -339 
0x6E6E , -796 

15:24:15.153:
0x2020 , 1556 
0x3E3E , 5373 
0x1C1C , 6711 
0x5A5A , 6568 
0x6E6E , 5147 

15:24:15.842:
0x2020 , 1591 
0x3E3E , 5220 
0x1C1C , 6478 
0x5A5A , 6587 
0x6E6E , -796 

15:24:16.475:
0x2020 , 1517 
0x3E3E , 4932 
0x1C1C , 6337 
0x5A5A , 6649 
0x6E6E , 5606 

15:24:17.303:
0x2020 , 1457 
0x3E3E , 4709 
0x1C1C , 6177 
0x5A5A , -339 
0x6E6E , -796 

15:24:17.881:
0x2020 , 1576 
0x3E3E , 4473 
0x1C1C , 6104 
0x5A5A , 6816 
0x6E6E , 6024 

15:24:18.569:
0x2020 , 1591 
0x3E3E , 4306 
0x1C1C , 6017 
0x5A5A , 6830 
0x6E6E , -796 

15:24:19.147:
0x2020 , 1773 
0x3E3E , 4129 
0x1C1C , 5958 
0x5A5A , 6954 
0x6E6E , 6371 

15:24:19.822:
0x2020 , 1773 
0x3E3E , 3883 
0x1C1C , 5853 
0x5A5A , 7026 
0x6E6E , -796 

15:24:20.449:
0x2020 , 1813 
0x3E3E , 3874 
0x1C1C , 5775 
0x5A5A , 7068 
0x6E6E , 6643 

15:24:21.231:
0x2020 , 1995 
0x3E3E , 3828 
0x1C1C , 5684 
0x5A5A , -339 
0x6E6E , -796 

15:24:21.817:
0x2020 , 1961 
0x3E3E , 3661 
0x1C1C , 5524 
0x5A5A , 7135 
0x6E6E , 6810 

15:24:22.528:
0x2020 , 2439 
0x3E3E , 3489 
0x1C1C , 5177 
0x5A5A , 7212 
0x6E6E , -796 

15:24:23.163:
0x2020 , 2059 
0x3E3E , 3313 
0x1C1C , 4848 
0x5A5A , 7350 
0x6E6E , 7278 

15:24:24.600:
0x2020 , 2405 
0x3E3E , -218 
0x1C1C , -159 
0x5A5A , -339 
0x6E6E , -796 

15:24:25.210:
0x2020 , 2449 
0x3E3E , 3062 
0x1C1C , 4597 
0x5A5A , -339 
0x6E6E , 7424 

15:24:26.035:
0x2020 , 2291 
0x3E3E , -218 
0x1C1C , 4438 
0x5A5A , 7417 
0x6E6E , -796 

15:24:26.622:
0x2020 , 2271 
0x3E3E , 3795 
0x1C1C , 4333 
0x5A5A , 7493 
0x6E6E , 7323 

15:24:27.388:
0x2020 , 2410 
0x3E3E , -218 
0x1C1C , 4218 
0x5A5A , 7569 
0x6E6E , -796 

15:24:27.953:
0x2020 , 2642 
0x3E3E , 3679 
0x1C1C , 4045 
0x5A5A , 7316 
0x6E6E , 7328 

15:24:28.750:
0x2020 , 2794 
0x3E3E , -218 
0x1C1C , 3926 
0x5A5A , 7231 
0x6E6E , -796 

15:24:29.359:
0x2020 , 2987 
0x3E3E , 3665 
0x1C1C , 3734 
0x5A5A , 6983 
0x6E6E , 7273 

15:24:30.141:
0x2020 , 3253 
0x3E3E , -218 
0x1C1C , 3607 
0x5A5A , 6849 
0x6E6E , -796 

15:24:30.734:
0x2020 , 3322 
0x3E3E , 3698 
0x1C1C , 3566 
0x5A5A , 6897 
0x6E6E , 7243 

15:24:31.547:
0x2020 , 3505 
0x3E3E , -218 
0x1C1C , 3470 
0x5A5A , 6701 
0x6E6E , -796 

15:24:32.156:
0x2020 , 3589 
0x3E3E , 3962 
0x1C1C , 3410 
0x5A5A , 6549 
0x6E6E , 7107 

15:24:33.589:
0x2020 , 3885 
0x3E3E , -218 
0x1C1C , -159 
0x5A5A , -339 
0x6E6E , -796 

15:24:34.200:
0x2020 , 4151 
0x3E3E , 4663 
0x1C1C , 3314 
0x5A5A , 5971 
0x6E6E , 6986 

15:24:35.028:
0x2020 , 4403 
0x3E3E , 4760 
0x1C1C , 3086 
0x5A5A , -339 
0x6E6E , -796 

15:24:35.621:
0x2020 , 4615 
0x3E3E , 4384 
0x1C1C , 3228 
0x5A5A , 5623 
0x6E6E , 6926 

15:24:36.293:
0x2020 , 4822 
0x3E3E , 5043 
0x1C1C , 3232 
0x5A5A , 5456 
0x6E6E , -796 

15:24:37.690:
0x2020 , 5104 
0x3E3E , -218 
0x1C1C , -159 
0x5A5A , -339 
0x6E6E , -796 

15:24:38.300:
0x2020 , 5533 
0x3E3E , 5373 
0x1C1C , 2986 
0x5A5A , 5032 
0x6E6E , 7117 

15:24:39.087:
0x2020 , 5785 
0x3E3E , -218 
0x1C1C , 2849 
0x5A5A , 4812 
0x6E6E , -796 

15:24:39.696:
0x2020 , 6002 
0x3E3E , 5670 
0x1C1C , 2885 
0x5A5A , 4755 
0x6E6E , 7137 

15:24:40.559:
0x2020 , 6105 
0x3E3E , -218 
0x1C1C , -159 
0x5A5A , 4540 
0x6E6E , -796 

15:24:41.152:
0x2020 , 6091 
0x3E3E , 5846 
0x1C1C , 3045 
0x5A5A , 4817 
0x6E6E , 7036 

15:24:41.966:
0x2020 , 6086 
0x3E3E , -218 
0x1C1C , 2881 
0x5A5A , 4478 
0x6E6E , -796 

15:24:42.591:
0x2020 , 6046 
0x3E3E , 5934 
0x1C1C , 2794 
0x5A5A , 4516 
0x6E6E , 7258 

15:24:43.372:
0x2020 , 6036 
0x3E3E , -218 
0x1C1C , 2716 
0x5A5A , 4474 
0x6E6E , -796 

15:24:44.028:
0x2020 , 5982 
0x3E3E , 5971 
0x1C1C , 3109 
0x5A5A , 4268 
0x6E6E , 6860 

15:24:44.796:
0x2020 , 5903 
0x3E3E , -218 
0x1C1C , 3319 
0x5A5A , 3963 
0x6E6E , -796 

15:24:45.468:
0x2020 , -688 
0x3E3E , 6296 
0x1C1C , 3602 
0x5A5A , 3787 
0x6E6E , 6190 

15:24:46.291:
0x2020 , 5804 
0x3E3E , -218 
0x1C1C , -159 
0x5A5A , 3620 
0x6E6E , -796 

15:24:46.901:
0x2020 , 5799 
0x3E3E , 6616 
0x1C1C , 4159 
0x5A5A , 3510 
0x6E6E , 5636 

15:24:47.684:
0x2020 , 5696 
0x3E3E , -218 
0x1C1C , 4492 
0x5A5A , 3248 
0x6E6E , -796 

15:24:48.294:
0x2020 , 5627 
0x3E3E , 7002 
0x1C1C , 4862 
0x5A5A , 3114 
0x6E6E , 5127 

15:24:49.059:
0x2020 , 5632 
0x3E3E , -218 
0x1C1C , 4899 
0x5A5A , 3085 
0x6E6E , -796 

15:24:49.684:
0x2020 , 5646 
0x3E3E , 7479 
0x1C1C , 5282 
0x5A5A , 2976 
0x6E6E , 4442 

15:24:50.481:
0x2020 , 5676 
0x3E3E , -218 
0x1C1C , 5821 
0x5A5A , 2895 
0x6E6E , -796 

15:24:51.110:
0x2020 , 5775 
0x3E3E , 7721 
0x1C1C , 5816 
0x5A5A , 2957 
0x6E6E , 3918 

15:24:51.954:
0x2020 , 5765 
0x3E3E , -218 
0x1C1C , -159 
0x5A5A , 2718 
0x6E6E , -796 

15:24:52.600:
0x2020 , 5809 
0x3E3E , 8064 
0x1C1C , 6159 
0x5A5A , 2709 
0x6E6E , 3329 

15:24:53.366:
0x2020 , 5888 
0x3E3E , -218 
0x1C1C , 6337 
0x5A5A , 2666 
0x6E6E , -796 

15:24:53.950:
0x2020 , 6026 
0x3E3E , 8264 
0x1C1C , 6497 
0x5A5A , 2690 
0x6E6E , 3016 

15:24:54.699:
0x2020 , 5992 
0x3E3E , -218 
0x1C1C , 6652 
0x5A5A , 2818 
0x6E6E , -796 

15:24:55.325:
0x2020 , 6081 
0x3E3E , 8482 
0x1C1C , 6729 
0x5A5A , 2732 
0x6E6E , 2780 

15:24:56.098:
0x2020 , 6056 
0x3E3E , -218 
0x1C1C , 7035 
0x5A5A , 2713 
0x6E6E , -796 

15:24:56.714:
0x2020 , 6184 
0x3E3E , 8496 
0x1C1C , 6725 
0x5A5A , 2971 
0x6E6E , 2482 

15:24:57.466:
0x2020 , 6130 
0x3E3E , -218 
0x1C1C , 6930 
0x5A5A , 3062 
0x6E6E , -796 

15:24:58.107:
0x2020 , 6086 
0x3E3E , 8426 
0x1C1C , 6908 
0x5A5A , 3143 
0x6E6E , 2422 

15:24:58.905:
0x2020 , 5923 
0x3E3E , -218 
0x1C1C , 7108 
0x5A5A , 3252 
0x6E6E , -796 

15:24:59.530:
0x2020 , 5785 
0x3E3E , 8375 
0x1C1C , 6885 
0x5A5A , 3343 
0x6E6E , 2387 

15:25:00.420:
0x2020 , 5410 
0x3E3E , -218 
0x1C1C , -159 
0x5A5A , 3753 
0x6E6E , -796 

15:25:01.029:
0x2020 , 5326 
0x3E3E , 8162 
0x1C1C , 7081 
0x5A5A , 3939 
0x6E6E , 2588 

15:25:01.808:
0x2020 , 5247 
0x3E3E , -218 
0x1C1C , 7054 
0x5A5A , 4192 
0x6E6E , -796 

15:25:02.487:
0x2020 , -688 
0x3E3E , 8055 
0x1C1C , 7040 
0x5A5A , 4388 
0x6E6E , 2598 

15:25:03.240:
0x2020 , 4660 
0x3E3E , -218 
0x1C1C , 7045 
0x5A5A , 4564 
0x6E6E , -796 

15:25:03.860:
0x2020 , 4571 
0x3E3E , 7902 
0x1C1C , 7072 
0x5A5A , 4822 
0x6E6E , 2634 

15:25:04.626:
0x2020 , 4452 
0x3E3E , -218 
0x1C1C , 7118 
0x5A5A , 4874 
0x6E6E , -796 

15:25:05.235:
0x2020 , 4048 
0x3E3E , 7665 
0x1C1C , 7200 
0x5A5A , 4822 
0x6E6E , 2588 

15:25:06.012:
0x2020 , 3845 
0x3E3E , -218 
0x1C1C , 7250 
0x5A5A , 5189 
0x6E6E , -796 

15:25:06.637:
0x2020 , 3609 
0x3E3E , 7373 
0x1C1C , 7401 
0x5A5A , 5623 
0x6E6E , 2845 

15:25:07.428:
0x2020 , 3495 
0x3E3E , -218 
0x1C1C , 7382 
0x5A5A , 5952 
0x6E6E , -796 

15:25:08.055:
0x2020 , 3209 
0x3E3E , 7247 
0x1C1C , 7515 
0x5A5A , 6210 
0x6E6E , 3248 

15:25:08.842:
0x2020 , 3036 
0x3E3E , -218 
0x1C1C , 7556 
0x5A5A , 6391 
0x6E6E , -796 

15:25:09.481:
0x2020 , 2691 
0x3E3E , 7150 
0x1C1C , 7638 
0x5A5A , 6448 
0x6E6E , 3480 

15:25:10.247:
0x2020 , 2716 
0x3E3E , -218 
0x1C1C , 7661 
0x5A5A , 6549 
0x6E6E , -796 

15:25:10.840:
0x2020 , 2449 
0x3E3E , 7141 
0x1C1C , 7656 
0x5A5A , 6539 
0x6E6E , 3233 

15:25:11.528:
0x2020 , 2380 
0x3E3E , 7076 
0x1C1C , 7624 
0x5A5A , 6458 
0x6E6E , -796 

15:25:12.106:
0x2020 , 2345 
0x3E3E , 6932 
0x1C1C , 7656 
0x5A5A , 6334 
0x6E6E , 3223 

15:25:12.965:
0x2020 , 2370 
0x3E3E , -218 
0x1C1C , -159 
0x5A5A , 6320 
0x6E6E , -796 

15:25:13.575:
0x2020 , 2296 
0x3E3E , 6742 
0x1C1C , 7556 
0x5A5A , 6324 
0x6E6E , 3515 

15:25:14.356:
0x2020 , 2247 
0x3E3E , 6691 
0x1C1C , -159 
0x5A5A , 6367 
0x6E6E , -796 

15:25:14.972:
0x2020 , 2286 
0x3E3E , 6774 
0x1C1C , 7588 
0x5A5A , 6401 
0x6E6E , 3440 

15:25:15.855:
0x2020 , 2267 
0x3E3E , -218 
0x1C1C , -159 
0x5A5A , 6343 
0x6E6E , -796 

15:25:16.497:
0x2020 , 2306 
0x3E3E , 6867 
0x1C1C , 7720 
0x5A5A , 6377 
0x6E6E , 3268 

15:25:17.278:
0x2020 , 2419 
0x3E3E , 6853 
0x1C1C , -159 
0x5A5A , 6310 
0x6E6E , -796 

15:25:17.934:
0x2020 , 2385 
0x3E3E , 6830 
0x1C1C , 7597 
0x5A5A , 6329 
0x6E6E , 3581 

15:25:18.700:
0x2020 , 2341 
0x3E3E , -218 
0x1C1C , 7483 
0x5A5A , 6315 
0x6E6E , -796 

15:25:19.294:
0x2020 , 2345 
0x3E3E , 6793 
0x1C1C , 8268 
0x5A5A , 6320 
0x6E6E , 3686 

15:25:19.966:
0x2020 , 2286 
0x3E3E , 6765 
0x1C1C , 8264 
0x5A5A , 6424 
0x6E6E , -796 

15:25:20.544:
0x2020 , 2331 
0x3E3E , 6756 
0x1C1C , 8099 
0x5A5A , 6424 
0x6E6E , 3757 

15:25:21.981:
0x2020 , 2306 
0x3E3E , -218 
0x1C1C , -159 
0x5A5A , -339 
0x6E6E , -796 

15:25:22.591:
0x2020 , 2321 
0x3E3E , 6765 
0x1C1C , 7624 
0x5A5A , 6420 
0x6E6E , 3727 

15:25:23.357:
0x2020 , 2207 
0x3E3E , 6691 
0x1C1C , 7866 
0x5A5A , -339 
0x6E6E , -796 

15:25:24.002:
0x2020 , 2054 
0x3E3E , 6477 
0x1C1C , 7656 
0x5A5A , 6372 
0x6E6E , 3999 

15:25:24.851:
0x2020 , 1970 
0x3E3E , 6292 
0x1C1C , -159 
0x5A5A , -339 
0x6E6E , -796 

15:25:25.476:
0x2020 , 1852 
0x3E3E , 6060 
0x1C1C , 7268 
0x5A5A , 6420 
0x6E6E , 4447 

15:25:26.252:
0x2020 , 1827 
0x3E3E , 5939 
0x1C1C , 7172 
0x5A5A , -339 
0x6E6E , -796 

15:25:26.909:
0x2020 , 1719 
0x3E3E , 5777 
0x1C1C , 6935 
0x5A5A , 6472 
0x6E6E , 4644 

15:25:27.674:
0x2020 , 1689 
0x3E3E , 5674 
0x1C1C , 6898 
0x5A5A , -339 
0x6E6E , -796 

15:25:28.268:
0x2020 , 1556 
0x3E3E , 5433 
0x1C1C , 6798 
0x5A5A , 6453 
0x6E6E , 5041 

15:25:29.018:
0x2020 , 1512 
0x3E3E , 5336 
0x1C1C , 6757 
0x5A5A , -339 
0x6E6E , -796 

15:25:29.636:
0x2020 , 1517 
0x3E3E , 5183 
0x1C1C , 6597 
0x5A5A , 6587 
0x6E6E , 5319 

15:25:30.403:
0x2020 , 1526 
0x3E3E , 5053 
0x1C1C , 6437 
0x5A5A , -339 
0x6E6E , -796 

15:25:31.024:
0x2020 , 1423 
0x3E3E , 4816 
0x1C1C , 6328 
0x5A5A , 6692 
0x6E6E , 5646 

15:25:31.790:
0x2020 , 1368 
0x3E3E , 4640 
0x1C1C , 6209 
0x5A5A , -339 
0x6E6E , -796 

15:25:32.421:
0x2020 , 2118 
0x3E3E , 4435 
0x1C1C , 6099 
0x5A5A , 6816 
0x6E6E , 6039 

15:25:33.108:
0x2020 , 1778 
0x3E3E , 4296 
0x1C1C , 5967 
0x5A5A , 6811 
0x6E6E , -796 

15:25:33.733:
0x2020 , 1906 
0x3E3E , 4069 
0x1C1C , 5935 
0x5A5A , 6916 
0x6E6E , 6412 

15:25:34.530:
0x2020 , 2005 
0x3E3E , 3879 
0x1C1C , 5775 
0x5A5A , -339 
0x6E6E , -796 

15:25:35.171:
0x2020 , 1892 
0x3E3E , 3656 
0x1C1C , 5584 
0x5A5A , 7197 
0x6E6E , 6870 

15:25:35.939:
0x2020 , 1906 
0x3E3E , 3586 
0x1C1C , 5479 
0x5A5A , -339 
0x6E6E , -796 

15:25:36.526:
0x2020 , 2178 
0x3E3E , 3438 
0x1C1C , 5401 
0x5A5A , 7188 
0x6E6E , 7031 

15:25:37.215:
0x2020 , 1901 
0x3E3E , 3350 
0x1C1C , 5323 
0x5A5A , -339 
0x6E6E , -796 

15:25:37.793:
0x2020 , 2094 
0x3E3E , 3229 
0x1C1C , 5282 
0x5A5A , -339 
0x6E6E , 7409 

15:25:38.590:
0x2020 , 2049 
0x3E3E , 3127 
0x1C1C , 5173 
0x5A5A , -339 
0x6E6E , -796 

15:25:39.199:
0x2020 , 1995 
0x3E3E , 3030 
0x1C1C , 4789 
0x5A5A , 7436 
0x6E6E , 7208 

15:25:39.965:
0x2020 , 2212 
0x3E3E , 3173 
0x1C1C , 4456 
0x5A5A , -339 
0x6E6E , -796 

15:25:40.593:
0x2020 , 2350 
0x3E3E , 3262 
0x1C1C , 4314 
0x5A5A , 7669 
0x6E6E , 7389 

15:25:41.393:
0x2020 , 2424 
0x3E3E , 3489 
0x1C1C , 4273 
0x5A5A , -339 
0x6E6E , -796 

15:25:42.018:
0x2020 , 2498 
0x3E3E , 3234 
0x1C1C , 4182 
0x5A5A , 7622 
0x6E6E , 7465 

15:25:42.721:
0x2020 , 2671 
0x3E3E , 3076 
0x1C1C , 4004 
0x5A5A , 7388 
0x6E6E , -796 

15:25:43.339:
0x2020 , 2864 
0x3E3E , 3094 
0x1C1C , 3876 
0x5A5A , 7293 
0x6E6E , 7424 

15:25:44.121:
0x2020 , 3002 
0x3E3E , 3113 
0x1C1C , 3730 
0x5A5A , -339 
0x6E6E , -796 

15:25:44.717:
0x2020 , 3194 
0x3E3E , 3183 
0x1C1C , 3584 
0x5A5A , 7102 
0x6E6E , 7369 

15:25:45.389:
0x2020 , 3377 
0x3E3E , 3238 
0x1C1C , 3515 
0x5A5A , 6954 
0x6E6E , -796 

15:25:45.988:
0x2020 , 3441 
0x3E3E , 3424 
0x1C1C , 3479 
0x5A5A , 6792 
0x6E6E , 7323 

15:25:46.769:
0x2020 , 3599 
0x3E3E , 3614 
0x1C1C , 3419 
0x5A5A , -339 
0x6E6E , -796 

15:25:47.379:
0x2020 , 3732 
0x3E3E , 3786 
0x1C1C , 3346 
0x5A5A , 6405 
0x6E6E , 7147 

15:25:48.082:
0x2020 , 3994 
0x3E3E , 3981 
0x1C1C , 3241 
0x5A5A , 6258 
0x6E6E , -796 

15:25:48.676:
0x2020 , 4176 
0x3E3E , 4148 
0x1C1C , 3250 
0x5A5A , 6038 
0x6E6E , 7082 

15:25:49.613:
0x2020 , 4319 
0x3E3E , -218 
0x1C1C , -159 
0x5A5A , -339 
0x6E6E , -796 

15:25:50.340:
0x2020 , -688 
0x3E3E , 4760 
0x1C1C , 2958 
0x5A5A , 5642 
0x6E6E , 7031 

15:25:51.126:
0x2020 , 4753 
0x3E3E , 4454 
0x1C1C , 3488 
0x5A5A , -339 
0x6E6E , -796 

15:25:51.778:
0x2020 , 4956 
0x3E3E , 5192 
0x1C1C , 3209 
0x5A5A , 5261 
0x6E6E , 7016 

15:25:52.606:
0x2020 , 5188 
0x3E3E , -218 
0x1C1C , 3127 
0x5A5A , -339 
0x6E6E , -796 

15:25:53.201:
0x2020 , 5518 
0x3E3E , 5173 
0x1C1C , 2981 
0x5A5A , 4960 
0x6E6E , 7172 

15:25:54.076:
0x2020 , 5735 
0x3E3E , 5266 
0x1C1C , -159 
0x5A5A , -339 
0x6E6E , -796 

15:25:54.658:
0x2020 , 5883 
0x3E3E , 5401 
0x1C1C , 2881 
0x5A5A , 4741 
0x6E6E , 7122 

15:25:55.345:
0x2020 , 5987 
0x3E3E , 5484 
0x1C1C , 2899 
0x5A5A , 4893 
0x6E6E , -796 

15:25:55.965:
0x2020 , 6017 
0x3E3E , 5716 
0x1C1C , 2639 
0x5A5A , 4683 
0x6E6E , 7117 

15:25:56.738:
0x2020 , 6026 
0x3E3E , 5879 
0x1C1C , 2547 
0x5A5A , -339 
0x6E6E , -796 

15:25:57.371:
0x2020 , 6012 
0x3E3E , 5846 
0x1C1C , 2461 
0x5A5A , 4631 
0x6E6E , 7323 

15:25:58.168:
0x2020 , 6066 
0x3E3E , 5832 
0x1C1C , 2483 
0x5A5A , -339 
0x6E6E , -796 

15:25:58.794:
0x2020 , 6105 
0x3E3E , 5897 
0x1C1C , 2689 
0x5A5A , 4373 
0x6E6E , 7117 

15:25:59.575:
0x2020 , 6036 
0x3E3E , -218 
0x1C1C , 3059 
0x5A5A , 4121 
0x6E6E , -796 

15:26:00.215:
0x2020 , 5957 
0x3E3E , 6264 
0x1C1C , 3333 
0x5A5A , 3944 
0x6E6E , 6422 

15:26:01.061:
0x2020 , 5829 
0x3E3E , -218 
0x1C1C , 3483 
0x5A5A , -339 
0x6E6E , -796 

15:26:01.641:
0x2020 , 5844 
0x3E3E , 6524 
0x1C1C , 3712 
0x5A5A , 3605 
0x6E6E , 5928 

15:26:02.344:
0x2020 , 5735 
0x3E3E , 6570 
0x1C1C , 3849 
0x5A5A , 3443 
0x6E6E , -796 

15:26:02.954:
0x2020 , 5943 
0x3E3E , 6612 
0x1C1C , 3967 
0x5A5A , 3295 
0x6E6E , 5686 

15:26:03.729:
0x2020 , 5908 
0x3E3E , 6695 
0x1C1C , 4241 
0x5A5A , -339 
0x6E6E , -796 

15:26:04.339:
0x2020 , 5691 
0x3E3E , 6867 
0x1C1C , 4570 
0x5A5A , 3124 
0x6E6E , 5253 

15:26:05.105:
0x2020 , 5770 
0x3E3E , 6964 
0x1C1C , 4794 
0x5A5A , -339 
0x6E6E , -796 

15:26:05.732:
0x2020 , 5795 
0x3E3E , 7238 
0x1C1C , 5241 
0x5A5A , 2895 
0x6E6E , 4754 

15:26:06.523:
0x2020 , 5967 
0x3E3E , 7535 
0x1C1C , 5442 
0x5A5A , -339 
0x6E6E , -796 

15:26:07.148:
0x2020 , 5829 
0x3E3E , 7572 
0x1C1C , 5625 
0x5A5A , 2656 
0x6E6E , 4195 

15:26:07.930:
0x2020 , 5987 
0x3E3E , 7823 
0x1C1C , 5903 
0x5A5A , -339 
0x6E6E , -796 

15:26:08.586:
0x2020 , 5947 
0x3E3E , 7948 
0x1C1C , 6109 
0x5A5A , 2575 
0x6E6E , 3440 

15:26:09.351:
0x2020 , 6031 
0x3E3E , 8718 
0x1C1C , 6296 
0x5A5A , -339 
0x6E6E , -796 

15:26:09.930:
0x2020 , 6051 
0x3E3E , 8240 
0x1C1C , 6529 
0x5A5A , 2890 
0x6E6E , 2966 

15:26:10.680:
0x2020 , 6061 
0x3E3E , 8291 
0x1C1C , 6624 
0x5A5A , -339 
0x6E6E , -796 

15:26:11.305:
0x2020 , 6130 
0x3E3E , 8412 
0x1C1C , 6885 
0x5A5A , 2928 
0x6E6E , 2699 

15:26:12.086:
0x2020 , 6056 
0x3E3E , 8459 
0x1C1C , 7099 
0x5A5A , -339 
0x6E6E , -796 

15:26:12.686:
0x2020 , 6332 
0x3E3E , 8514 
0x1C1C , 6830 
0x5A5A , 2871 
0x6E6E , 2513 

15:26:13.452:
0x2020 , 6170 
0x3E3E , 8561 
0x1C1C , 6885 
0x5A5A , -339 
0x6E6E , -796 

15:26:14.095:
0x2020 , 5893 
0x3E3E , 8500 
0x1C1C , 6898 
0x5A5A , 3186 
0x6E6E , 2538 

15:26:14.782:
0x2020 , 5809 
0x3E3E , 8370 
0x1C1C , 6898 
0x5A5A , 3124 
0x6E6E , -796 

15:26:15.407:
0x2020 , 5637 
0x3E3E , 8305 
0x1C1C , 6994 
0x5A5A , 3386 
0x6E6E , 2422 

15:26:16.206:
0x2020 , 5439 
0x3E3E , 8282 
0x1C1C , 7035 
0x5A5A , -339 
0x6E6E , -796 

15:26:16.847:
0x2020 , 5217 
0x3E3E , 7962 
0x1C1C , 6939 
0x5A5A , 4135 
0x6E6E , 2634 

15:26:17.678:
0x2020 , 4946 
0x3E3E , -218 
0x1C1C , 6949 
0x5A5A , -339 
0x6E6E , -796 

15:26:18.277:
0x2020 , 4610 
0x3E3E , 7739 
0x1C1C , 7026 
0x5A5A , 4578 
0x6E6E , 2573 

15:26:19.043:
0x2020 , 4398 
0x3E3E , -218 
0x1C1C , 7076 
0x5A5A , 4626 
0x6E6E , -796 

15:26:19.637:
0x2020 , 4477 
0x3E3E , 7646 
0x1C1C , 7140 
0x5A5A , 4722 
0x6E6E , 2598 

15:26:20.516:
0x2020 , 4408 
0x3E3E , 7619 
0x1C1C , -159 
0x5A5A , -339 
0x6E6E , -796 

15:26:21.112:
0x2020 , 4521 
0x3E3E , 7735 
0x1C1C , 7086 
0x5A5A , 4717 
0x6E6E , 2634 

15:26:22.013:
0x2020 , 4541 
0x3E3E , -218 
0x1C1C , 7159 
0x5A5A , -339 
0x6E6E , -796 

15:26:22.671:
0x2020 , 4364 
0x3E3E , 7554 
0x1C1C , 7072 
0x5A5A , -339 
0x6E6E , -796 

15:26:23.483:
0x2020 , 4186 
0x3E3E , -218 
0x1C1C , 7259 
0x5A5A , 4970 
0x6E6E , -796 

15:26:24.108:
0x2020 , 3831 
0x3E3E , 7294 
0x1C1C , 7204 
0x5A5A , 5432 
0x6E6E , 3132 

15:26:24.884:
0x2020 , 3599 
0x3E3E , 7234 
0x1C1C , 7259 
0x5A5A , -339 
0x6E6E , -796 

15:26:25.605:
0x2020 , -688 
0x3E3E , 7155 
0x1C1C , 7428 
0x5A5A , 5938 
0x6E6E , 3309 

15:26:26.392:
0x2020 , 3357 
0x3E3E , 7062 
0x1C1C , 7414 
0x5A5A , -339 
0x6E6E , -796 

15:26:27.773:
0x2020 , 3293 
0x3E3E , -218 
0x1C1C , -159 
0x5A5A , -339 
0x6E6E , -796 

15:26:29.736:
0x2020 , 2888 
0x3E3E , 6890 
0x1C1C , 7629 
0x5A5A , 6553 
0x6E6E , 3399 

15:26:30.549:
0x2020 , 2607 
0x3E3E , -218 
0x1C1C , 7551 
0x5A5A , 6329 
0x6E6E , -796 

15:26:31.955:
0x2020 , 2316 
0x3E3E , -218 
0x1C1C , -159 
0x5A5A , -339 
0x6E6E , -796 

15:26:32.562:
0x2020 , 2271 
0x3E3E , 6834 
0x1C1C , 7620 
0x5A5A , 6448 
0x6E6E , 3414 

15:26:33.434:
0x2020 , 2267 
0x3E3E , -218 
0x1C1C , 7560 
0x5A5A , -339 
0x6E6E , -796 

15:26:34.082:
0x2020 , 2281 
0x3E3E , 6821 
0x1C1C , 7570 
0x5A5A , 6415 
0x6E6E , 3566 

15:26:34.785:
0x2020 , 2286 
0x3E3E , 6783 
0x1C1C , 7547 
0x5A5A , 6482 
0x6E6E , -796 

15:26:35.399:
0x2020 , 2321 
0x3E3E , 6881 
0x1C1C , 7638 
0x5A5A , 6415 
0x6E6E , 3530 

15:26:36.290:
0x2020 , 2296 
0x3E3E , 6811 
0x1C1C , -159 
0x5A5A , -339 
0x6E6E , -796 

15:26:36.899:
0x2020 , 2345 
0x3E3E , 6751 
0x1C1C , 7629 
0x5A5A , 6448 
0x6E6E , 3606 

15:26:37.750:
0x2020 , 2306 
0x3E3E , 6793 
0x1C1C , -159 
0x5A5A , -339 
0x6E6E , -796 

15:26:38.438:
0x2020 , 2321 
0x3E3E , -218 
0x1C1C , 7780 
0x5A5A , 6396 
0x6E6E , 3742 

15:26:39.214:
0x2020 , 2311 
0x3E3E , -218 
0x1C1C , 7812 
0x5A5A , 6391 
0x6E6E , -796 

15:26:39.808:
0x2020 , 2341 
0x3E3E , 6797 
0x1C1C , 7611 
0x5A5A , 6424 
0x6E6E , 3722 

15:26:40.578:
0x2020 , 2296 
0x3E3E , 6793 
0x1C1C , 7547 
0x5A5A , -339 
0x6E6E , -796 

15:26:41.177:
0x2020 , 2291 
0x3E3E , 6783 
0x1C1C , 7574 
0x5A5A , 6444 
0x6E6E , 3651 

15:26:41.994:
0x2020 , 2296 
0x3E3E , 6797 
0x1C1C , 7570 
0x5A5A , -339 
0x6E6E , -796 

15:26:42.619:
0x2020 , 2311 
0x3E3E , 6825 
0x1C1C , 7519 
0x5A5A , 6382 
0x6E6E , 3702 