

15:29:34.386:
0x2020 , 2237 
0x3E3E , 6853 
0x1C1C , 8186 
0x5A5A , 6653 
0x6E6E , 3737 

15:29:35.091:
0x2020 , 2247 
0x3E3E , 6839 
0x1C1C , 7889 
0x5A5A , 6534 
0x6E6E , -796 

15:29:35.700:
0x2020 , 2267 
0x3E3E , 6844 
0x1C1C , 7780 
0x5A5A , 6601 
0x6E6E , 3767 

15:29:36.382:
0x2020 , 2267 
0x3E3E , 6862 
0x1C1C , 7798 
0x5A5A , 6582 
0x6E6E , -796 

15:29:36.976:
0x2020 , 2222 
0x3E3E , 6830 
0x1C1C , 7716 
0x5A5A , 6558 
0x6E6E , 3833 

15:29:37.742:
0x2020 , 2217 
0x3E3E , 6830 
0x1C1C , 7770 
0x5A5A , -339 
0x6E6E , -796 

15:29:38.335:
0x2020 , 2212 
0x3E3E , 6825 
0x1C1C , 7684 
0x5A5A , 6515 
0x6E6E , 3888 

15:29:39.039:
0x2020 , 2242 
0x3E3E , 6816 
0x1C1C , 7638 
0x5A5A , 6553 
0x6E6E , -796 

15:29:39.648:
0x2020 , 2227 
0x3E3E , 6797 
0x1C1C , 7602 
0x5A5A , 6572 
0x6E6E , 3762 

15:29:40.367:
0x2020 , 2267 
0x3E3E , 6793 
0x1C1C , 7592 
0x5A5A , 6539 
0x6E6E , -796 

15:29:40.945:
0x2020 , 2193 
0x3E3E , 6797 
0x1C1C , 7606 
0x5A5A , 6525 
0x6E6E , 3918 

15:29:41.768:
0x2020 , 2252 
0x3E3E , 6807 
0x1C1C , 7588 
0x5A5A , -339 
0x6E6E , -796 

15:29:42.455:
0x2020 , -688 
0x3E3E , 6760 
0x1C1C , 7588 
0x5A5A , 6487 
0x6E6E , 3848 

15:29:43.189:
0x2020 , 2237 
0x3E3E , 6821 
0x1C1C , 7624 
0x5A5A , 6563 
0x6E6E , -796 

15:29:43.798:
0x2020 , 2262 
0x3E3E , 6807 
0x1C1C , 7656 
0x5A5A , 6515 
0x6E6E , 3883 

15:29:44.480:
0x2020 , 2247 
0x3E3E , 6793 
0x1C1C , 7638 
0x5A5A , 6496 
0x6E6E , -796 

15:29:45.073:
0x2020 , 2232 
0x3E3E , 6774 
0x1C1C , 7656 
0x5A5A , 6510 
0x6E6E , 3807 

15:29:45.776:
0x2020 , 2212 
0x3E3E , 6774 
0x1C1C , 7734 
0x5A5A , 6510 
0x6E6E , -796 

15:29:46.349:
0x2020 , 2257 
0x3E3E , 6742 
0x1C1C , 7976 
0x5A5A , 6539 
0x6E6E , 3555 

15:29:47.048:
0x2020 , 2271 
0x3E3E , 6756 
0x1C1C , 7903 
0x5A5A , 6563 
0x6E6E , -796 

15:29:47.642:
0x2020 , 2326 
0x3E3E , 6783 
0x1C1C , 7862 
0x5A5A , 6572 
0x6E6E , 3550 

15:29:48.364:
0x2020 , 2360 
0x3E3E , 6811 
0x1C1C , 7812 
0x5A5A , 6577 
0x6E6E , -796 

15:29:48.976:
0x2020 , 2286 
0x3E3E , 6783 
0x1C1C , 7889 
0x5A5A , 6577 
0x6E6E , 3520 

15:29:49.669:
0x2020 , 2316 
0x3E3E , 6732 
0x1C1C , 7866 
0x5A5A , 6606 
0x6E6E , -796 

15:29:50.294:
0x2020 , 2321 
0x3E3E , 6783 
0x1C1C , 7816 
0x5A5A , 6568 
0x6E6E , 3550 

15:29:51.028:
0x2020 , 2262 
0x3E3E , 6756 
0x1C1C , 7939 
0x5A5A , 6525 
0x6E6E , -796 

15:29:51.630:
0x2020 , 2262 
0x3E3E , 6811 
0x1C1C , 7862 
0x5A5A , 6558 
0x6E6E , 3510 

15:29:52.412:
0x2020 , 2276 
0x3E3E , 6756 
0x1C1C , 7903 
0x5A5A , -339 
0x6E6E , -796 

15:29:52.990:
0x2020 , 2197 
0x3E3E , 6834 
0x1C1C , 7775 
0x5A5A , 6525 
0x6E6E , 3742 

15:29:53.693:
0x2020 , 2222 
0x3E3E , 6858 
0x1C1C , 7693 
0x5A5A , 6515 
0x6E6E , -796 

15:29:54.287:
0x2020 , 2247 
0x3E3E , 6825 
0x1C1C , 7647 
0x5A5A , 6520 
0x6E6E , 3767 

15:29:54.963:
0x2020 , 2237 
0x3E3E , 6839 
0x1C1C , 7679 
0x5A5A , 6553 
0x6E6E , -796 

15:29:55.559:
0x2020 , 2242 
0x3E3E , 6811 
0x1C1C , 7638 
0x5A5A , 6525 
0x6E6E , 3827 

15:29:56.287:
0x2020 , 2316 
0x3E3E , 6779 
0x1C1C , 7807 
0x5A5A , 6496 
0x6E6E , -796 

15:29:56.896:
0x2020 , 2326 
0x3E3E , 6802 
0x1C1C , 7839 
0x5A5A , 6558 
0x6E6E , 3545 

15:29:57.695:
0x2020 , 2336 
0x3E3E , 6774 
0x1C1C , 7926 
0x5A5A , -339 
0x6E6E , -796 

15:29:58.320:
0x2020 , 2267 
0x3E3E , 6765 
0x1C1C , 7912 
0x5A5A , 6582 
0x6E6E , 3525 

15:29:59.023:
0x2020 , 2380 
0x3E3E , 6807 
0x1C1C , 7738 
0x5A5A , 6563 
0x6E6E , -796 

15:30:00.449:
0x2020 , 2262 
0x3E3E , -218 
0x1C1C , -159 
0x5A5A , -339 
0x6E6E , -796 

15:30:01.058:
0x2020 , 2276 
0x3E3E , 6834 
0x1C1C , 7602 
0x5A5A , 6444 
0x6E6E , 3812 

15:30:01.740:
0x2020 , 2301 
0x3E3E , 6807 
0x1C1C , 7615 
0x5A5A , 6496 
0x6E6E , -796 

15:30:02.324:
0x2020 , 2237 
0x3E3E , 6802 
0x1C1C , 7629 
0x5A5A , 6515 
0x6E6E , 3787 

15:30:02.997:
0x2020 , 2311 
0x3E3E , 6821 
0x1C1C , 7629 
0x5A5A , 6563 
0x6E6E , -796 

15:30:03.622:
0x2020 , 2281 
0x3E3E , 6793 
0x1C1C , 7602 
0x5A5A , 6506 
0x6E6E , 3858 

15:30:04.326:
0x2020 , 2217 
0x3E3E , 6746 
0x1C1C , 7812 
0x5A5A , 6510 
0x6E6E , -796 

15:30:04.919:
0x2020 , 2202 
0x3E3E , 6672 
0x1C1C , 8076 
0x5A5A , 6491 
0x6E6E , 3853 

15:30:05.716:
0x2020 , 2257 
0x3E3E , -218 
0x1C1C , 8209 
0x5A5A , 6429 
0x6E6E , -796 

15:30:06.334:
0x2020 , 2138 
0x3E3E , 6537 
0x1C1C , 7871 
0x5A5A , 6377 
0x6E6E , 4089 

15:30:07.022:
0x2020 , 2049 
0x3E3E , 6384 
0x1C1C , 7707 
0x5A5A , 6405 
0x6E6E , -796 

15:30:08.468:
0x2020 , 1818 
0x3E3E , -218 
0x1C1C , -159 
0x5A5A , -339 
0x6E6E , -796 

15:30:09.124:
0x2020 , 1630 
0x3E3E , 5749 
0x1C1C , 7054 
0x5A5A , 6453 
0x6E6E , 4538 

15:30:09.782:
0x2020 , 1566 
0x3E3E , 5591 
0x1C1C , 6917 
0x5A5A , 6515 
0x6E6E , -796 

15:30:10.362:
0x2020 , 1467 
0x3E3E , 5322 
0x1C1C , 6611 
0x5A5A , 6539 
0x6E6E , 5102 

15:30:11.160:
0x2020 , 1521 
0x3E3E , 5150 
0x1C1C , 6624 
0x5A5A , -339 
0x6E6E , -796 

15:30:11.759:
0x2020 , 1521 
0x3E3E , 4937 
0x1C1C , 6346 
0x5A5A , 6706 
0x6E6E , 5596 

15:30:12.423:
0x2020 , 1497 
0x3E3E , 4649 
0x1C1C , 6277 
0x5A5A , 6768 
0x6E6E , -796 

15:30:13.032:
0x2020 , 1625 
0x3E3E , 4394 
0x1C1C , 5962 
0x5A5A , 6811 
0x6E6E , 6074 

15:30:13.813:
0x2020 , 1709 
0x3E3E , 4199 
0x1C1C , 5871 
0x5A5A , -339 
0x6E6E , -796 

15:30:14.438:
0x2020 , 1605 
0x3E3E , 4004 
0x1C1C , 5666 
0x5A5A , 6978 
0x6E6E , 6523 

15:30:15.142:
0x2020 , 1793 
0x3E3E , 3846 
0x1C1C , 5643 
0x5A5A , 7073 
0x6E6E , -796 

15:30:15.782:
0x2020 , 1734 
0x3E3E , 3730 
0x1C1C , 5588 
0x5A5A , 7049 
0x6E6E , 6779 

15:30:16.569:
0x2020 , 1892 
0x3E3E , 3591 
0x1C1C , 5419 
0x5A5A , -339 
0x6E6E , -796 

15:30:17.216:
0x2020 , 2183 
0x3E3E , 3405 
0x1C1C , 5369 
0x5A5A , 7169 
0x6E6E , 7051 

15:30:17.982:
0x2020 , 2118 
0x3E3E , 3243 
0x1C1C , 5223 
0x5A5A , -339 
0x6E6E , -796 

15:30:20.486:
0x2020 , 2252 
0x3E3E , 3248 
0x1C1C , 4419 
0x5A5A , 7684 
0x6E6E , 7369 

15:30:21.195:
0x2020 , 2306 
0x3E3E , 3368 
0x1C1C , 4415 
0x5A5A , 7674 
0x6E6E , -796 

15:30:21.757:
0x2020 , 2370 
0x3E3E , 3257 
0x1C1C , 4383 
0x5A5A , 7555 
0x6E6E , 7203 

15:30:22.462:
0x2020 , 2449 
0x3E3E , 3354 
0x1C1C , 4310 
0x5A5A , 7603 
0x6E6E , -796 

15:30:23.071:
0x2020 , 2597 
0x3E3E , 3396 
0x1C1C , 4173 
0x5A5A , 7436 
0x6E6E , 7198 

15:30:23.856:
0x2020 , 2691 
0x3E3E , 3378 
0x1C1C , 4054 
0x5A5A , -339 
0x6E6E , -796 

15:30:24.482:
0x2020 , 2933 
0x3E3E , 3531 
0x1C1C , 3808 
0x5A5A , 7006 
0x6E6E , 7192 

15:30:25.278:
0x2020 , 3155 
0x3E3E , -218 
0x1C1C , 3675 
0x5A5A , 6773 
0x6E6E , -796 

15:30:25.904:
0x2020 , 3436 
0x3E3E , 3865 
0x1C1C , 3561 
0x5A5A , 6630 
0x6E6E , 7082 

15:30:26.681:
0x2020 , 3574 
0x3E3E , 3930 
0x1C1C , 3410 
0x5A5A , -339 
0x6E6E , -796 

15:30:27.337:
0x2020 , 3845 
0x3E3E , 4282 
0x1C1C , 3305 
0x5A5A , 6253 
0x6E6E , 7001 

15:30:28.087:
0x2020 , 4013 
0x3E3E , 4343 
0x1C1C , 3109 
0x5A5A , -339 
0x6E6E , -796 

15:30:28.681:
0x2020 , 4359 
0x3E3E , 4616 
0x1C1C , 3159 
0x5A5A , 6210 
0x6E6E , 6981 

15:30:29.368:
0x2020 , 4571 
0x3E3E , 5067 
0x1C1C , 3123 
0x5A5A , 5699 
0x6E6E , -796 

15:30:29.942:
0x2020 , 4778 
0x3E3E , 4974 
0x1C1C , 3123 
0x5A5A , 5318 
0x6E6E , 7092 

15:30:30.742:
0x2020 , 4906 
0x3E3E , 5326 
0x1C1C , 3319 
0x5A5A , -339 
0x6E6E , -796 

15:30:31.354:
0x2020 , 5597 
0x3E3E , 5350 
0x1C1C , 2972 
0x5A5A , 4955 
0x6E6E , 7087 

15:30:32.230:
0x2020 , 5854 
0x3E3E , 5442 
0x1C1C , -159 
0x5A5A , -339 
0x6E6E , -796 

15:30:32.823:
0x2020 , 6041 
0x3E3E , 5716 
0x1C1C , 2794 
0x5A5A , 4741 
0x6E6E , 7218 

15:30:33.636:
0x2020 , 6234 
0x3E3E , -218 
0x1C1C , 2762 
0x5A5A , 4578 
0x6E6E , -796 

15:30:34.258:
0x2020 , 6204 
0x3E3E , 5925 
0x1C1C , 2666 
0x5A5A , 4774 
0x6E6E , 7223 

15:30:35.046:
0x2020 , 6100 
0x3E3E , 5902 
0x1C1C , 2799 
0x5A5A , -339 
0x6E6E , -796 

15:30:35.687:
0x2020 , 6110 
0x3E3E , 5939 
0x1C1C , 3132 
0x5A5A , 4540 
0x6E6E , 7233 

15:30:36.339:
0x2020 , 6115 
0x3E3E , 5939 
0x1C1C , 2744 
0x5A5A , 4626 
0x6E6E , -796 

15:30:36.942:
0x2020 , 6081 
0x3E3E , 5925 
0x1C1C , 2680 
0x5A5A , 4636 
0x6E6E , 7318 

15:30:37.641:
0x2020 , 6086 
0x3E3E , 5902 
0x1C1C , 2684 
0x5A5A , 4626 
0x6E6E , -796 

15:30:38.233:
0x2020 , 6071 
0x3E3E , 5920 
0x1C1C , 2684 
0x5A5A , 4626 
0x6E6E , 7374 

15:30:39.014:
0x2020 , 6031 
0x3E3E , 5851 
0x1C1C , 2666 
0x5A5A , -339 
0x6E6E , -796 

15:30:39.623:
0x2020 , 6021 
0x3E3E , 5883 
0x1C1C , 2830 
0x5A5A , 4521 
0x6E6E , 7233 

15:30:40.327:
0x2020 , 6021 
0x3E3E , 5953 
0x1C1C , 2922 
0x5A5A , 4507 
0x6E6E , -796 

15:30:40.920:
0x2020 , 6061 
0x3E3E , 5967 
0x1C1C , 2967 
0x5A5A , 4421 
0x6E6E , 7107 

15:30:41.730:
0x2020 , 5982 
0x3E3E , 5953 
0x1C1C , 3141 
0x5A5A , -339 
0x6E6E , -796 

15:30:42.355:
0x2020 , 5938 
0x3E3E , 6073 
0x1C1C , 3159 
0x5A5A , 4159 
0x6E6E , 6618 

15:30:43.136:
0x2020 , 5893 
0x3E3E , -218 
0x1C1C , 3693 
0x5A5A , 3872 
0x6E6E , -796 

15:30:43.777:
0x2020 , 5854 
0x3E3E , 6408 
0x1C1C , 3931 
0x5A5A , 3725 
0x6E6E , 6104 

15:30:44.548:
0x2020 , 5790 
0x3E3E , 6537 
0x1C1C , 4118 
0x5A5A , -339 
0x6E6E , -796 

15:30:45.131:
0x2020 , 5770 
0x3E3E , 6714 
0x1C1C , 4410 
0x5A5A , 3376 
0x6E6E , 5555 

15:30:45.826:
0x2020 , 5735 
0x3E3E , 6821 
0x1C1C , 4620 
0x5A5A , 3181 
0x6E6E , -796 

15:30:46.399:
0x2020 , 5730 
0x3E3E , 7062 
0x1C1C , 4739 
0x5A5A , 3114 
0x6E6E , 5157 

15:30:47.274:
0x2020 , 5642 
0x3E3E , -218 
0x1C1C , 4899 
0x5A5A , -339 
0x6E6E , -796 

15:30:47.870:
0x2020 , 5686 
0x3E3E , 7350 
0x1C1C , 5552 
0x5A5A , 2909 
0x6E6E , 4382 

15:30:48.652:
0x2020 , 5701 
0x3E3E , 7498 
0x1C1C , 5725 
0x5A5A , -339 
0x6E6E , -796 

15:30:49.290:
0x2020 , 5725 
0x3E3E , 7772 
0x1C1C , 5958 
0x5A5A , 2856 
0x6E6E , 3848 

15:30:50.087:
0x2020 , 5795 
0x3E3E , 7869 
0x1C1C , 6200 
0x5A5A , -339 
0x6E6E , -796 

15:30:50.712:
0x2020 , 5893 
0x3E3E , 8152 
0x1C1C , 6378 
0x5A5A , 2747 
0x6E6E , 3173 

15:30:51.665:
0x2020 , 5943 
0x3E3E , -218 
0x1C1C , -159 
0x5A5A , -339 
0x6E6E , -796 

15:30:52.263:
0x2020 , 6041 
0x3E3E , 8505 
0x1C1C , 6734 
0x5A5A , 2852 
0x6E6E , 2770 

15:30:53.060:
0x2020 , 6110 
0x3E3E , 8537 
0x1C1C , 6962 
0x5A5A , -339 
0x6E6E , -796 

15:30:53.639:
0x2020 , 6174 
0x3E3E , 8496 
0x1C1C , 6967 
0x5A5A , 2942 
0x6E6E , 2568 

15:30:54.326:
0x2020 , 6520 
0x3E3E , 8505 
0x1C1C , 6780 
0x5A5A , 2995 
0x6E6E , -796 

15:30:54.904:
0x2020 , 6219 
0x3E3E , 8505 
0x1C1C , 6702 
0x5A5A , 2575 
0x6E6E , 2613 

15:30:55.703:
0x2020 , 6096 
0x3E3E , 8556 
0x1C1C , 6816 
0x5A5A , -339 
0x6E6E , -796 

15:30:56.307:
0x2020 , 6017 
0x3E3E , 8537 
0x1C1C , 6816 
0x5A5A , 3114 
0x6E6E , 2624 

15:30:57.087:
0x2020 , 6066 
0x3E3E , 8510 
0x1C1C , 6921 
0x5A5A , -339 
0x6E6E , -796 

15:30:57.709:
0x2020 , 5928 
0x3E3E , 8505 
0x1C1C , 6807 
0x5A5A , 3014 
0x6E6E , 2553 

15:30:58.511:
0x2020 , 5735 
0x3E3E , 8431 
0x1C1C , 6857 
0x5A5A , -339 
0x6E6E , -796 

15:30:59.136:
0x2020 , 5617 
0x3E3E , 8138 
0x1C1C , 6894 
0x5A5A , 3553 
0x6E6E , 2402 

15:30:59.841:
0x2020 , 5350 
0x3E3E , 8032 
0x1C1C , 6866 
0x5A5A , 3987 
0x6E6E , -796 

15:31:02.166:
0x2020 , 4265 
0x3E3E , 7716 
0x1C1C , 7017 
0x5A5A , 4741 
0x6E6E , 2719 

15:31:02.932:
0x2020 , 4329 
0x3E3E , 7605 
0x1C1C , 7067 
0x5A5A , -339 
0x6E6E , -796 

15:31:03.520:
0x2020 , 4171 
0x3E3E , 7359 
0x1C1C , 7218 
0x5A5A , 5084 
0x6E6E , 2624 

15:31:04.270:
0x2020 , 3929 
0x3E3E , 7266 
0x1C1C , 7195 
0x5A5A , -339 
0x6E6E , -796 

15:31:04.895:
0x2020 , 3643 
0x3E3E , 7285 
0x1C1C , 7200 
0x5A5A , 5599 
0x6E6E , 2659 

15:31:05.668:
0x2020 , 3500 
0x3E3E , 7169 
0x1C1C , 7396 
0x5A5A , -339 
0x6E6E , -796 

15:31:06.279:
0x2020 , 3313 
0x3E3E , 7099 
0x1C1C , 7506 
0x5A5A , 6200 
0x6E6E , 3021 

15:31:07.051:
0x2020 , 3100 
0x3E3E , 7053 
0x1C1C , 7606 
0x5A5A , -339 
0x6E6E , -796 

15:31:07.674:
0x2020 , 2962 
0x3E3E , 7006 
0x1C1C , 7697 
0x5A5A , 6639 
0x6E6E , 3203 

15:31:08.471:
0x2020 , 2760 
0x3E3E , 6974 
0x1C1C , 7652 
0x5A5A , -339 
0x6E6E , -796 

15:31:09.099:
0x2020 , 2637 
0x3E3E , 7099 
0x1C1C , 7661 
0x5A5A , 6563 
0x6E6E , 3510 

15:31:09.802:
0x2020 , 2439 
0x3E3E , 7136 
0x1C1C , 7647 
0x5A5A , 6544 
0x6E6E , -796 

15:31:10.419:
0x2020 , 2321 
0x3E3E , 6876 
0x1C1C , 7624 
0x5A5A , 6463 
0x6E6E , 3430 

15:31:11.199:
0x2020 , 2262 
0x3E3E , 6742 
0x1C1C , 7579 
0x5A5A , -339 
0x6E6E , -796 

15:31:11.792:
0x2020 , 2242 
0x3E3E , 6728 
0x1C1C , 7688 
0x5A5A , 6410 
0x6E6E , 3666 

15:31:12.482:
0x2020 , 2267 
0x3E3E , 6709 
0x1C1C , 7670 
0x5A5A , 6472 
0x6E6E , -796 

15:31:13.075:
0x2020 , 2188 
0x3E3E , 6607 
0x1C1C , 7707 
0x5A5A , 6439 
0x6E6E , 3938 

15:31:13.861:
0x2020 , 2104 
0x3E3E , 6454 
0x1C1C , 7620 
0x5A5A , -339 
0x6E6E , -796 

15:31:14.462:
0x2020 , 1926 
0x3E3E , 6208 
0x1C1C , 7364 
0x5A5A , 6396 
0x6E6E , 4467 

15:31:15.229:
0x2020 , 1818 
0x3E3E , 6027 
0x1C1C , 7241 
0x5A5A , -339 
0x6E6E , -796 

15:31:15.854:
0x2020 , 1665 
0x3E3E , 5814 
0x1C1C , 7086 
0x5A5A , 6510 
0x6E6E , 4356 

15:31:16.652:
0x2020 , 1595 
0x3E3E , 5628 
0x1C1C , 6839 
0x5A5A , -339 
0x6E6E , -796 

15:31:17.277:
0x2020 , 1447 
0x3E3E , 5354 
0x1C1C , 6656 
0x5A5A , 6563 
0x6E6E , 5016 

15:31:18.060:
0x2020 , 1442 
0x3E3E , 5178 
0x1C1C , 6583 
0x5A5A , -339 
0x6E6E , -796 

15:31:18.716:
0x2020 , 1403 
0x3E3E , 4983 
0x1C1C , 6351 
0x5A5A , 6682 
0x6E6E , 5480 

15:31:19.465:
0x2020 , 1378 
0x3E3E , 4779 
0x1C1C , 6382 
0x5A5A , -339 
0x6E6E , -796 

15:31:20.059:
0x2020 , 1383 
0x3E3E , 4445 
0x1C1C , 6236 
0x5A5A , 6863 
0x6E6E , 5888 

15:31:20.748:
0x2020 , 1556 
0x3E3E , 4338 
0x1C1C , 5994 
0x5A5A , 6925 
0x6E6E , -796 

15:31:21.341:
0x2020 , 1605 
0x3E3E , 4032 
0x1C1C , 5921 
0x5A5A , 6987 
0x6E6E , 6291 

15:31:22.123:
0x2020 , 1650 
0x3E3E , 3791 
0x1C1C , 5716 
0x5A5A , -339 
0x6E6E , -796 

15:31:22.732:
0x2020 , 1753 
0x3E3E , 3582 
0x1C1C , 5027 
0x5A5A , 7126 
0x6E6E , 6830 

15:31:23.435:
0x2020 , 1813 
0x3E3E , 3382 
0x1C1C , 4826 
0x5A5A , 7197 
0x6E6E , -796 

15:31:24.013:
0x2020 , 2064 
0x3E3E , 3197 
0x1C1C , 5319 
0x5A5A , 7503 
0x6E6E , 7323 

15:31:24.837:
0x2020 , 2158 
0x3E3E , 3011 
0x1C1C , 4972 
0x5A5A , -339 
0x6E6E , -796 

15:31:25.462:
0x2020 , 2474 
0x3E3E , 2927 
0x1C1C , 5205 
0x5A5A , -339 
0x6E6E , 7192 

15:31:26.233:
0x2020 , 2464 
0x3E3E , 3187 
0x1C1C , 4451 
0x5A5A , -339 
0x6E6E , -796 

15:31:26.842:
0x2020 , 2306 
0x3E3E , 3572 
0x1C1C , 4387 
0x5A5A , 7445 
0x6E6E , 7298 

15:31:27.622:
0x2020 , 2247 
0x3E3E , 3368 
0x1C1C , 4401 
0x5A5A , -339 
0x6E6E , -796 

15:31:28.200:
0x2020 , 2267 
0x3E3E , 3192 
0x1C1C , 4401 
0x5A5A , 7774 
0x6E6E , 7344 

15:31:28.966:
0x2020 , 2212 
0x3E3E , 3215 
0x1C1C , 4351 
0x5A5A , -339 
0x6E6E , -796 

15:31:29.591:
0x2020 , 2444 
0x3E3E , 3294 
0x1C1C , 4196 
0x5A5A , 7488 
0x6E6E , 7253 

15:31:30.365:
0x2020 , 2553 
0x3E3E , 3373 
0x1C1C , 4077 
0x5A5A , -339 
0x6E6E , -796 

15:31:30.975:
0x2020 , 2814 
0x3E3E , 3387 
0x1C1C , 3876 
0x5A5A , 7121 
0x6E6E , 7157 

15:31:31.848:
0x2020 , 3061 
0x3E3E , -218 
0x1C1C , 3675 
0x5A5A , -339 
0x6E6E , -796 

15:31:32.441:
0x2020 , 3367 
0x3E3E , 3726 
0x1C1C , 3570 
0x5A5A , 6639 
0x6E6E , 7011 

15:31:33.262:
0x2020 , 3446 
0x3E3E , 3675 
0x1C1C , 3474 
0x5A5A , -339 
0x6E6E , -796 

15:31:33.887:
0x2020 , 3589 
0x3E3E , 3879 
0x1C1C , 3360 
0x5A5A , 6429 
0x6E6E , 7031 

15:31:34.669:
0x2020 , 3811 
0x3E3E , 4064 
0x1C1C , 3301 
0x5A5A , -339 
0x6E6E , -796 

15:31:35.310:
0x2020 , 4038 
0x3E3E , 4352 
0x1C1C , 3241 
0x5A5A , 6277 
0x6E6E , 6976 

15:31:35.966:
0x2020 , 4265 
0x3E3E , 4482 
0x1C1C , 3177 
0x5A5A , 6272 
0x6E6E , -796 

15:31:36.558:
0x2020 , 4595 
0x3E3E , 4913 
0x1C1C , 2935 
0x5A5A , 5967 
0x6E6E , 7036 

15:31:37.261:
0x2020 , 4808 
0x3E3E , 4700 
0x1C1C , 2954 
0x5A5A , 5475 
0x6E6E , -796 

15:31:37.949:
0x2020 , -688 
0x3E3E , 4422 
0x1C1C , 3351 
0x5A5A , 5313 
0x6E6E , 7112 

15:31:38.730:
0x2020 , 4862 
0x3E3E , 5145 
0x1C1C , 3031 
0x5A5A , -339 
0x6E6E , -796 

15:31:39.339:
0x2020 , 5390 
0x3E3E , 5261 
0x1C1C , 3255 
0x5A5A , 5098 
0x6E6E , 7021 

15:31:40.214:
0x2020 , 5725 
0x3E3E , 5340 
0x1C1C , -159 
0x5A5A , -339 
0x6E6E , -796 

15:31:40.792:
0x2020 , 5957 
0x3E3E , 5563 
0x1C1C , 2812 
0x5A5A , 4774 
0x6E6E , 7137 

15:31:41.508:
0x2020 , 6017 
0x3E3E , 5772 
0x1C1C , 2757 
0x5A5A , 4636 
0x6E6E , -796 

15:31:42.130:
0x2020 , 6170 
0x3E3E , 5804 
0x1C1C , 2844 
0x5A5A , 4497 
0x6E6E , 7177 

15:31:42.927:
0x2020 , 6145 
0x3E3E , 5851 
0x1C1C , 2584 
0x5A5A , -339 
0x6E6E , -796 

15:31:43.576:
0x2020 , 6120 
0x3E3E , 5814 
0x1C1C , 2698 
0x5A5A , 4493 
0x6E6E , 7132 

15:31:44.342:
0x2020 , 6140 
0x3E3E , 5879 
0x1C1C , 2967 
0x5A5A , -339 
0x6E6E , -796 

15:31:44.936:
0x2020 , 6071 
0x3E3E , 5888 
0x1C1C , 2707 
0x5A5A , 4621 
0x6E6E , 7233 

15:31:45.623:
0x2020 , 6076 
0x3E3E , 5781 
0x1C1C , 2698 
0x5A5A , 4540 
0x6E6E , -796 

15:31:46.220:
0x2020 , 6021 
0x3E3E , 5828 
0x1C1C , 3018 
0x5A5A , 4397 
0x6E6E , 7051 

15:31:47.064:
0x2020 , 5952 
0x3E3E , -218 
0x1C1C , 3050 
0x5A5A , -339 
0x6E6E , -796 

15:31:47.668:
0x2020 , 5854 
0x3E3E , 6166 
0x1C1C , 3597 
0x5A5A , 3954 
0x6E6E , 6437 

15:31:48.388:
0x2020 , 5686 
0x3E3E , 6254 
0x1C1C , 3721 
0x5A5A , 3844 
0x6E6E , -796 

15:31:48.982:
0x2020 , 5696 
0x3E3E , 6500 
0x1C1C , 3944 
0x5A5A , 3677 
0x6E6E , 5802 

15:31:49.796:
0x2020 , 5661 
0x3E3E , 6575 
0x1C1C , 4259 
0x5A5A , -339 
0x6E6E , -796 

15:31:50.421:
0x2020 , 5592 
0x3E3E , 6746 
0x1C1C , 4606 
0x5A5A , 3319 
0x6E6E , 5354 

15:31:51.314:
0x2020 , 5548 
0x3E3E , -218 
0x1C1C , 5004 
0x5A5A , -339 
0x6E6E , -796 

15:31:51.915:
0x2020 , 5602 
0x3E3E , 7159 
0x1C1C , 4816 
0x5A5A , 3047 
0x6E6E , 4785 

15:31:52.772:
0x2020 , 5701 
0x3E3E , -218 
0x1C1C , 5734 
0x5A5A , -339 
0x6E6E , -796 

15:31:53.366:
0x2020 , 5642 
0x3E3E , 7605 
0x1C1C , 5771 
0x5A5A , 2880 
0x6E6E , 4105 

15:31:54.132:
0x2020 , 5720 
0x3E3E , 7762 
0x1C1C , 6063 
0x5A5A , -339 
0x6E6E , -796 

15:31:54.744:
0x2020 , 5755 
0x3E3E , 8032 
0x1C1C , 6314 
0x5A5A , 2704 
0x6E6E , 3379 

15:31:55.425:
0x2020 , 5947 
0x3E3E , 8175 
0x1C1C , 6510 
0x5A5A , 2651 
0x6E6E , -796 

15:31:56.034:
0x2020 , 5947 
0x3E3E , 8333 
0x1C1C , 6656 
0x5A5A , 2618 
0x6E6E , 2986 

15:31:56.925:
0x2020 , 6012 
0x3E3E , -218 
0x1C1C , 6889 
0x5A5A , -339 
0x6E6E , -796 

15:31:57.519:
0x2020 , 6322 
0x3E3E , 8491 
0x1C1C , 6853 
0x5A5A , 2923 
0x6E6E , 2528 

15:31:58.394:
0x2020 , 6219 
0x3E3E , -218 
0x1C1C , 6734 
0x5A5A , -339 
0x6E6E , -796 

15:31:59.019:
0x2020 , 6026 
0x3E3E , 8533 
0x1C1C , 6725 
0x5A5A , 2990 
0x6E6E , 2588 

15:31:59.925:
0x2020 , 5869 
0x3E3E , -218 
0x1C1C , 6793 
0x5A5A , -339 
0x6E6E , -796 

15:32:00.543:
0x2020 , 5661 
0x3E3E , 8250 
0x1C1C , 6798 
0x5A5A , 3238 
0x6E6E , 2447 

15:32:01.320:
0x2020 , 5439 
0x3E3E , 8148 
0x1C1C , 6876 
0x5A5A , -339 
0x6E6E , -796 

15:32:01.917:
0x2020 , 5242 
0x3E3E , 8032 
0x1C1C , 6789 
0x5A5A , 4183 
0x6E6E , 2654 

15:32:02.669:
0x2020 , 4911 
0x3E3E , 7869 
0x1C1C , 6898 
0x5A5A , -339 
0x6E6E , -796 

15:32:03.289:
0x2020 , 4586 
0x3E3E , 7651 
0x1C1C , 6953 
0x5A5A , 4612 
0x6E6E , 2991 

15:32:03.961:
0x2020 , 4329 
0x3E3E , 7503 
0x1C1C , 7035 
0x5A5A , 4960 
0x6E6E , -796 

15:32:04.555:
0x2020 , 4304 
0x3E3E , 7470 
0x1C1C , 7040 
0x5A5A , 4717 
0x6E6E , 2618 

15:32:05.352:
0x2020 , 4102 
0x3E3E , 7326 
0x1C1C , 7172 
0x5A5A , -339 
0x6E6E , -796 

15:32:05.977:
0x2020 , 3821 
0x3E3E , 7340 
0x1C1C , 7200 
0x5A5A , 5633 
0x6E6E , 2744 

15:32:06.836:
0x2020 , 3697 
0x3E3E , -218 
0x1C1C , 7305 
0x5A5A , -339 
0x6E6E , -796 

15:32:07.461:
0x2020 , 3421 
0x3E3E , 7113 
0x1C1C , 7451 
0x5A5A , 6024 
0x6E6E , 2820 

15:32:08.372:
0x2020 , 3234 
0x3E3E , -218 
0x1C1C , 7483 
0x5A5A , -339 
0x6E6E , -796 

15:32:08.981:
0x2020 , 3051 
0x3E3E , 6904 
0x1C1C , 7620 
0x5A5A , 6549 
0x6E6E , 3072 

15:32:09.763:
0x2020 , 2725 
0x3E3E , 6881 
0x1C1C , 7647 
0x5A5A , -339 
0x6E6E , -796 

15:32:10.364:
0x2020 , 2543 
0x3E3E , 6955 
0x1C1C , 7643 
0x5A5A , 6472 
0x6E6E , 3440 

15:32:11.113:
0x2020 , 2350 
0x3E3E , 6941 
0x1C1C , 7629 
0x5A5A , -339 
0x6E6E , -796 

15:32:11.734:
0x2020 , 2311 
0x3E3E , 6816 
0x1C1C , 7620 
0x5A5A , 6487 
0x6E6E , 3606 

15:32:12.500:
0x2020 , 2262 
0x3E3E , 6756 
0x1C1C , 7611 
0x5A5A , -339 
0x6E6E , -796 

15:32:13.109:
0x2020 , 2207 
0x3E3E , 6658 
0x1C1C , 7670 
0x5A5A , 6386 
0x6E6E , 3722 

15:32:13.875:
0x2020 , 2123 
0x3E3E , 6537 
0x1C1C , 7602 
0x5A5A , -339 
0x6E6E , -796 

15:32:14.515:
0x2020 , 1995 
0x3E3E , 6282 
0x1C1C , 7437 
0x5A5A , 6362 
0x6E6E , 4291 

15:32:15.198:
0x2020 , 1847 
0x3E3E , 6050 
0x1C1C , 7191 
0x5A5A , 6510 
0x6E6E , -796 

15:32:15.931:
0x2020 , 1669 
0x3E3E , 5823 
0x1C1C , 6930 
0x5A5A , -339 
0x6E6E , 4961 

15:32:16.649:
0x2020 , 1531 
0x3E3E , 5572 
0x1C1C , 6789 
0x5A5A , 6534 
0x6E6E , -796 

15:32:17.446:
0x2020 , -688 
0x3E3E , 5248 
0x1C1C , 6606 
0x5A5A , 6515 
0x6E6E , -796 

15:32:18.040:
0x2020 , 1408 
0x3E3E , 5043 
0x1C1C , 6711 
0x5A5A , 6601 
0x6E6E , 5424 

15:32:18.790:
0x2020 , 1393 
0x3E3E , 4770 
0x1C1C , 6204 
0x5A5A , -339 
0x6E6E , -796 

15:32:19.384:
0x2020 , 1418 
0x3E3E , 4449 
0x1C1C , 6131 
0x5A5A , 6682 
0x6E6E , 5893 

15:32:20.181:
0x2020 , 1689 
0x3E3E , 4250 
0x1C1C , 5944 
0x5A5A , -339 
0x6E6E , -796 

15:32:20.772:
0x2020 , 1679 
0x3E3E , 3934 
0x1C1C , 5762 
0x5A5A , 6959 
0x6E6E , 6452 

15:32:21.555:
0x2020 , 1768 
0x3E3E , 3637 
0x1C1C , 5223 
0x5A5A , -339 
0x6E6E , -796 

15:32:22.148:
0x2020 , 1808 
0x3E3E , 3359 
0x1C1C , 5214 
0x5A5A , 7274 
0x6E6E , 7097 

15:32:22.957:
0x2020 , 2000 
0x3E3E , 3155 
0x1C1C , 5250 
0x5A5A , -339 
0x6E6E , -796 

15:32:23.585:
0x2020 , 2355 
0x3E3E , 2992 
0x1C1C , 4346 
0x5A5A , 7450 
0x6E6E , 7424 

15:32:24.382:
0x2020 , 2533 
0x3E3E , 2941 
0x1C1C , 4725 
0x5A5A , -339 
0x6E6E , -796 

15:32:24.992:
0x2020 , 2489 
0x3E3E , 3285 
0x1C1C , 4451 
0x5A5A , 7369 
0x6E6E , 7258 

15:32:25.882:
0x2020 , 2271 
0x3E3E , -218 
0x1C1C , 4378 
0x5A5A , -339 
0x6E6E , -796 

15:32:26.480:
0x2020 , 2252 
0x3E3E , 3336 
0x1C1C , 4296 
0x5A5A , 7674 
0x6E6E , 7223 

15:32:27.168:
0x2020 , 2474 
0x3E3E , 3294 
0x1C1C , 4136 
0x5A5A , 7469 
0x6E6E , -796 

15:32:27.730:
0x2020 , 2671 
0x3E3E , 3447 
0x1C1C , 3967 
0x5A5A , 7140 
0x6E6E , 7117 

15:32:28.530:
0x2020 , 2918 
0x3E3E , 3484 
0x1C1C , 3794 
0x5A5A , -339 
0x6E6E , -796 

15:32:29.140:
0x2020 , 3283 
0x3E3E , 3698 
0x1C1C , 3593 
0x5A5A , 6658 
0x6E6E , 6981 

15:32:29.901:
0x2020 , 3520 
0x3E3E , 3781 
0x1C1C , 3451 
0x5A5A , -339 
0x6E6E , -796 

15:32:30.514:
0x2020 , 3895 
0x3E3E , 3999 
0x1C1C , 3209 
0x5A5A , 6429 
0x6E6E , 6900 

15:32:31.216:
0x2020 , 4063 
0x3E3E , 4287 
0x1C1C , 3223 
0x5A5A , 6372 
0x6E6E , -796 

15:32:31.842:
0x2020 , 4709 
0x3E3E , 4593 
0x1C1C , 3022 
0x5A5A , 5552 
0x6E6E , 6981 

15:32:32.651:
0x2020 , 4887 
0x3E3E , 4301 
0x1C1C , 2963 
0x5A5A , -339 
0x6E6E , -796 

15:32:33.244:
0x2020 , 4827 
0x3E3E , 4751 
0x1C1C , 3360 
0x5A5A , 5232 
0x6E6E , 7041 

15:32:34.077:
0x2020 , 5286 
0x3E3E , 5377 
0x1C1C , -159 
0x5A5A , 5051 
0x6E6E , -796 

15:32:34.670:
0x2020 , 5770 
0x3E3E , 5410 
0x1C1C , 2908 
0x5A5A , 4869 
0x6E6E , 7051 

15:32:35.592:
0x2020 , 6036 
0x3E3E , -218 
0x1C1C , -159 
0x5A5A , -339 
0x6E6E , -796 

15:32:36.290:
0x2020 , 6115 
0x3E3E , 5841 
0x1C1C , -159 
0x5A5A , 4507 
0x6E6E , 7067 

15:32:36.962:
0x2020 , 6145 
0x3E3E , 5971 
0x1C1C , 2602 
0x5A5A , 4612 
0x6E6E , -796 

15:32:37.576:
0x2020 , 6096 
0x3E3E , 5916 
0x1C1C , 3036 
0x5A5A , 4493 
0x6E6E , 7258 

15:32:38.342:
0x2020 , 6051 
0x3E3E , 5860 
0x1C1C , 2776 
0x5A5A , -339 
0x6E6E , -796 

15:32:38.949:
0x2020 , 6007 
0x3E3E , 5934 
0x1C1C , 2780 
0x5A5A , 4502 
0x6E6E , 7167 

15:32:39.762:
0x2020 , 5982 
0x3E3E , -218 
0x1C1C , 3209 
0x5A5A , 4225 
0x6E6E , -796 

15:32:40.387:
0x2020 , 5819 
0x3E3E , 6162 
0x1C1C , 3534 
0x5A5A , 3958 
0x6E6E , 6543 

15:32:41.184:
0x2020 , 5839 
0x3E3E , 6329 
0x1C1C , 3734 
0x5A5A , -339 
0x6E6E , -796 

15:32:41.793:
0x2020 , 5765 
0x3E3E , 6542 
0x1C1C , 4036 
0x5A5A , 3515 
0x6E6E , 5752 

15:32:42.617:
0x2020 , 5642 
0x3E3E , 6714 
0x1C1C , 4470 
0x5A5A , -339 
0x6E6E , -796 

15:32:43.200:
0x2020 , 5676 
0x3E3E , 7025 
0x1C1C , 4940 
0x5A5A , 3147 
0x6E6E , 5102 

15:32:44.059:
0x2020 , 5676 
0x3E3E , -218 
0x1C1C , 4935 
0x5A5A , -339 
0x6E6E , -796 

15:32:44.637:
0x2020 , 5760 
0x3E3E , 7489 
0x1C1C , 5794 
0x5A5A , 2866 
0x6E6E , 4130 

15:32:45.427:
0x2020 , 5720 
0x3E3E , 7735 
0x1C1C , 6022 
0x5A5A , -339 
0x6E6E , -796 

15:32:46.021:
0x2020 , 5873 
0x3E3E , 7999 
0x1C1C , 6401 
0x5A5A , 2766 
0x6E6E , 3329 

15:32:46.810:
0x2020 , 5977 
0x3E3E , -218 
0x1C1C , 6542 
0x5A5A , 2599 
0x6E6E , -796 

15:32:47.404:
0x2020 , 6036 
0x3E3E , 8421 
0x1C1C , 6793 
0x5A5A , 2923 
0x6E6E , 2734 

15:32:48.216:
0x2020 , 6194 
0x3E3E , 8445 
0x1C1C , 6976 
0x5A5A , -339 
0x6E6E , -796 

15:32:48.820:
0x2020 , 6130 
0x3E3E , 8463 
0x1C1C , 6743 
0x5A5A , 2866 
0x6E6E , 2639 

15:32:49.630:
0x2020 , 5903 
0x3E3E , 8477 
0x1C1C , 6739 
0x5A5A , -339 
0x6E6E , -796 

15:32:50.238:
0x2020 , 5706 
0x3E3E , 8301 
0x1C1C , 6857 
0x5A5A , 3114 
0x6E6E , 2503 

15:32:51.129:
0x2020 , 5720 
0x3E3E , -218 
0x1C1C , 6780 
0x5A5A , -339 
0x6E6E , -796 

15:32:51.732:
0x2020 , 5247 
0x3E3E , 8055 
0x1C1C , 6834 
0x5A5A , 4221 
0x6E6E , 2563 

15:32:52.482:
0x2020 , 5617 
0x3E3E , 7911 
0x1C1C , 7063 
0x5A5A , -339 
0x6E6E , -796 

15:32:53.076:
0x2020 , 4383 
0x3E3E , 7702 
0x1C1C , 7054 
0x5A5A , 4931 
0x6E6E , 2825 

15:32:53.873:
0x2020 , 4290 
0x3E3E , 7475 
0x1C1C , 7058 
0x5A5A , -339 
0x6E6E , -796 

15:32:54.467:
0x2020 , 3964 
0x3E3E , 7326 
0x1C1C , 7168 
0x5A5A , 5423 
0x6E6E , 2734 

15:32:55.874:
0x2020 , 3456 
0x3E3E , -218 
0x1C1C , -159 
0x5A5A , -339 
0x6E6E , -796 

15:32:56.484:
0x2020 , 3204 
0x3E3E , 7011 
0x1C1C , 7592 
0x5A5A , 6339 
0x6E6E , 3117 

15:32:57.294:
0x2020 , 2691 
0x3E3E , -218 
0x1C1C , 7661 
0x5A5A , 6735 
0x6E6E , -796 

15:32:57.919:
0x2020 , 2622 
0x3E3E , 6793 
0x1C1C , 7688 
0x5A5A , 6768 
0x6E6E , 3319 

15:32:58.717:
0x2020 , 2622 
0x3E3E , -218 
0x1C1C , 7606 
0x5A5A , 6701 
0x6E6E , -796 

15:32:59.320:
0x2020 , 2553 
0x3E3E , 6853 
0x1C1C , 7665 
0x5A5A , 6787 
0x6E6E , 3465 

15:33:00.148:
0x2020 , 2602 
0x3E3E , -218 
0x1C1C , 7675 
0x5A5A , 6773 
0x6E6E , -796 

15:33:00.733:
0x2020 , 2582 
0x3E3E , 6909 
0x1C1C , 7665 
0x5A5A , 6730 
0x6E6E , 3384 

15:33:01.478:
0x2020 , 2592 
0x3E3E , -218 
0x1C1C , 7638 
0x5A5A , 6744 
0x6E6E , -796 

15:33:02.072:
0x2020 , 2424 
0x3E3E , 7215 
0x1C1C , 7597 
0x5A5A , 6520 
0x6E6E , 3596 

15:33:02.932:
0x2020 , 2410 
0x3E3E , -218 
0x1C1C , -159 
0x5A5A , 6472 
0x6E6E , -796 

15:33:03.555:
0x2020 , 2257 
0x3E3E , 6904 
0x1C1C , 7588 
0x5A5A , 6444 
0x6E6E , 3550 

15:33:04.339:
0x2020 , 2252 
0x3E3E , -218 
0x1C1C , 7629 
0x5A5A , 6434 
0x6E6E , -796 

15:33:04.933:
0x2020 , 2286 
0x3E3E , 6937 
0x1C1C , 7528 
0x5A5A , 6415 
0x6E6E , 3389 

15:33:05.818:
0x2020 , 2276 
0x3E3E , -218 
0x1C1C , -159 
0x5A5A , 6424 
0x6E6E , -796 

15:33:06.453:
0x2020 , 2281 
0x3E3E , 6918 
0x1C1C , 7661 
0x5A5A , 6453 
0x6E6E , 3228 

15:33:07.250:
0x2020 , 2267 
0x3E3E , -218 
0x1C1C , 7633 
0x5A5A , 6391 
0x6E6E , -796 

15:33:07.860:
0x2020 , 2291 
0x3E3E , 6904 
0x1C1C , 7670 
0x5A5A , 6367 
0x6E6E , 3253 

15:33:08.750:
0x2020 , 2257 
0x3E3E , -218 
0x1C1C , -159 
0x5A5A , 6410 
0x6E6E , -796 

15:33:09.349:
0x2020 , 2301 
0x3E3E , 6946 
0x1C1C , 7633 
0x5A5A , 6439 
0x6E6E , 3253 

15:33:10.115:
0x2020 , 2276 
0x3E3E , -218 
0x1C1C , 7629 
0x5A5A , 6372 
0x6E6E , -796 

15:33:10.693:
0x2020 , 2291 
0x3E3E , 6927 
0x1C1C , 7597 
0x5A5A , 6448 
0x6E6E , 3294 

15:33:11.481:
0x2020 , 2321 
0x3E3E , -218 
0x1C1C , 7570 
0x5A5A , 6420 
0x6E6E , -796 

15:33:12.090:
0x2020 , 2291 
0x3E3E , 6946 
0x1C1C , 7606 
0x5A5A , 6463 
0x6E6E , 3218 

15:33:12.967:
0x2020 , 2311 
0x3E3E , -218 
0x1C1C , -159 
0x5A5A , 6415 
0x6E6E , -796 

15:33:13.545:
0x2020 , 2281 
0x3E3E , 6830 
0x1C1C , 7570 
0x5A5A , 6444 
0x6E6E , 3379 

15:33:14.357:
0x2020 , 2276 
0x3E3E , -218 
0x1C1C , 7579 
0x5A5A , 6377 
0x6E6E , -796 

15:33:14.982:
0x2020 , 2276 
0x3E3E , 6816 
0x1C1C , 7629 
0x5A5A , 6415 
0x6E6E , 3661 

15:33:15.775:
0x2020 , 2188 
0x3E3E , -218 
0x1C1C , 7684 
0x5A5A , 6444 
0x6E6E , -796 

15:33:16.377:
0x2020 , 2069 
0x3E3E , 6723 
0x1C1C , 7684 
0x5A5A , 6606 
0x6E6E , 3893 

15:33:17.208:
0x2020 , 2123 
0x3E3E , -218 
0x1C1C , 7465 
0x5A5A , 6353 
0x6E6E , -796 

15:33:17.786:
0x2020 , 2227 
0x3E3E , 6686 
0x1C1C , 7442 
0x5A5A , 6444 
0x6E6E , 3666 

15:33:18.559:
0x2020 , 2222 
0x3E3E , -218 
0x1C1C , 7556 
0x5A5A , 6444 
0x6E6E , -796 

15:33:19.137:
0x2020 , 2227 
0x3E3E , 6742 
0x1C1C , 7574 
0x5A5A , 6434 
0x6E6E , 3691 

15:33:19.935:
0x2020 , 2242 
0x3E3E , -218 
0x1C1C , 7560 
0x5A5A , 6439 
0x6E6E , -796 

15:33:20.529:
0x2020 , 2222 
0x3E3E , 6769 
0x1C1C , 7629 
0x5A5A , 6429 
0x6E6E , 3732 

15:33:21.317:
0x2020 , 2222 
0x3E3E , -218 
0x1C1C , 7665 
0x5A5A , 6448 
0x6E6E , -796 

15:33:21.910:
0x2020 , 2173 
0x3E3E , 6737 
0x1C1C , 7633 
0x5A5A , 6401 
0x6E6E , 3707 

15:33:22.723:
0x2020 , 2212 
0x3E3E , -218 
0x1C1C , 7624 
0x5A5A , 6424 
0x6E6E , -796 

15:33:23.332:
0x2020 , 2188 
0x3E3E , 6746 
0x1C1C , 7624 
0x5A5A , 6472 
0x6E6E , 3702 

15:33:24.138:
0x2020 , 2212 
0x3E3E , -218 
0x1C1C , 7492 
0x5A5A , 6405 
0x6E6E , -796 

15:33:24.743:
0x2020 , 2227 
0x3E3E , 6760 
0x1C1C , 7478 
0x5A5A , 6448 
0x6E6E , 3702 

15:33:25.567:
0x2020 , 2217 
0x3E3E , -218 
0x1C1C , 7592 
0x5A5A , 6382 
0x6E6E , -796 

15:33:26.146:
0x2020 , 2232 
0x3E3E , 6728 
0x1C1C , 7455 
0x5A5A , 6386 
0x6E6E , 3717 

15:33:26.920:
0x2020 , 2306 
0x3E3E , -218 
0x1C1C , 7401 
0x5A5A , 6420 
0x6E6E , -796 

15:33:27.545:
0x2020 , 2232 
0x3E3E , 6737 
0x1C1C , 7638 
0x5A5A , 6444 
0x6E6E , 3873 

15:33:28.326:
0x2020 , 2232 
0x3E3E , -218 
0x1C1C , 7565 
0x5A5A , 6444 
0x6E6E , -796 

15:33:28.936:
0x2020 , 2252 
0x3E3E , 6705 
0x1C1C , 7560 
0x5A5A , 6458 
0x6E6E , 3853 

15:33:29.804:
0x2020 , 2252 
0x3E3E , -218 
0x1C1C , 7602 
0x5A5A , -339 
0x6E6E , -796 

15:33:30.398:
0x2020 , 2252 
0x3E3E , 6718 
0x1C1C , 7524 
0x5A5A , 6458 
0x6E6E , 3827 

15:33:31.851:
0x2020 , 2237 
0x3E3E , -218 
0x1C1C , -159 
0x5A5A , -339 
0x6E6E , -796 

15:33:32.468:
0x2020 , 2286 
0x3E3E , 6691 
0x1C1C , 7579 
0x5A5A , 6453 
0x6E6E , 3833 

15:33:33.263:
0x2020 , 2242 
0x3E3E , 6714 
0x1C1C , 7547 
0x5A5A , -339 
0x6E6E , -796 

15:33:33.864:
0x2020 , 2257 
0x3E3E , 6728 
0x1C1C , 7551 
0x5A5A , 6415 
0x6E6E , 3833 