

15:15:01.503:
0x2020 , 1151 
0x3E3E , 4742 
0x1C1C , 5775 
0x5A5A , 7269 
0x6E6E , 5923 

15:15:02.214:
0x2020 , 1122 
0x3E3E , 4756 
0x1C1C , 5748 
0x5A5A , 7331 
0x6E6E , -796 

15:15:02.897:
0x2020 , 1166 
0x3E3E , 4811 
0x1C1C , -159 
0x5A5A , 7226 
0x6E6E , 5918 

15:15:03.491:
0x2020 , 1146 
0x3E3E , 4886 
0x1C1C , 5780 
0x5A5A , 7259 
0x6E6E , 5923 

15:15:04.194:
0x2020 , 1146 
0x3E3E , 4904 
0x1C1C , 5757 
0x5A5A , 7226 
0x6E6E , -796 

15:15:04.785:
0x2020 , 1156 
0x3E3E , 4816 
0x1C1C , 5775 
0x5A5A , 7207 
0x6E6E , 5893 

15:15:05.490:
0x2020 , 1156 
0x3E3E , 4900 
0x1C1C , 5762 
0x5A5A , 7207 
0x6E6E , -796 

15:15:06.115:
0x2020 , 1107 
0x3E3E , 5034 
0x1C1C , 5784 
0x5A5A , 7192 
0x6E6E , 5943 

15:15:06.919:
0x2020 , 1146 
0x3E3E , 4895 
0x1C1C , 5730 
0x5A5A , -339 
0x6E6E , -796 

15:15:07.636:
0x2020 , 1151 
0x3E3E , 4719 
0x1C1C , 5816 
0x5A5A , -339 
0x6E6E , 5898 

15:15:08.245:
0x2020 , 1171 
0x3E3E , 4751 
0x1C1C , 5825 
0x5A5A , 7254 
0x6E6E , 5878 

15:15:08.917:
0x2020 , 1171 
0x3E3E , 4895 
0x1C1C , 5784 
0x5A5A , 7288 
0x6E6E , -796 

15:15:09.511:
0x2020 , 1161 
0x3E3E , 4487 
0x1C1C , 5835 
0x5A5A , 7212 
0x6E6E , 5893 

15:15:10.104:
0x2020 , 1171 
0x3E3E , 4440 
0x1C1C , 5844 
0x5A5A , 7316 
0x6E6E , 5878 

15:15:10.808:
0x2020 , 1176 
0x3E3E , 4389 
0x1C1C , 5693 
0x5A5A , 7441 
0x6E6E , -796 

15:15:11.414:
0x2020 , 1151 
0x3E3E , 4398 
0x1C1C , 5638 
0x5A5A , 7402 
0x6E6E , 6165 

15:15:12.117:
0x2020 , 1186 
0x3E3E , 4278 
0x1C1C , 5529 
0x5A5A , 7402 
0x6E6E , -796 

15:15:12.695:
0x2020 , 1250 
0x3E3E , 4092 
0x1C1C , 5300 
0x5A5A , 7474 
0x6E6E , 6467 

15:15:13.405:
0x2020 , 1966 
0x3E3E , 3958 
0x1C1C , 5154 
0x5A5A , 7436 
0x6E6E , -796 

15:15:14.046:
0x2020 , 2084 
0x3E3E , 3777 
0x1C1C , 5008 
0x5A5A , 7379 
0x6E6E , 6920 

15:15:14.747:
0x2020 , 2217 
0x3E3E , 3758 
0x1C1C , 4867 
0x5A5A , 7412 
0x6E6E , -796 

15:15:15.353:
0x2020 , 2464 
0x3E3E , 3688 
0x1C1C , 4785 
0x5A5A , 7383 
0x6E6E , 7062 

15:15:16.073:
0x2020 , 2429 
0x3E3E , 3656 
0x1C1C , 4597 
0x5A5A , 7312 
0x6E6E , -796 

15:15:16.681:
0x2020 , 2563 
0x3E3E , 3702 
0x1C1C , 4588 
0x5A5A , 7278 
0x6E6E , 7157 

15:15:17.369:
0x2020 , 2893 
0x3E3E , 3577 
0x1C1C , 4383 
0x5A5A , 7164 
0x6E6E , -796 

15:15:17.931:
0x2020 , 3115 
0x3E3E , 3521 
0x1C1C , 4045 
0x5A5A , 7150 
0x6E6E , 7364 

15:15:18.619:
0x2020 , 3224 
0x3E3E , 3391 
0x1C1C , 3830 
0x5A5A , 7135 
0x6E6E , -796 

15:15:19.244:
0x2020 , 3525 
0x3E3E , 3433 
0x1C1C , 3671 
0x5A5A , 6954 
0x6E6E , 7822 

15:15:19.947:
0x2020 , 3564 
0x3E3E , 3354 
0x1C1C , 3515 
0x5A5A , 6811 
0x6E6E , -796 

15:15:20.528:
0x2020 , 3683 
0x3E3E , 4180 
0x1C1C , 3324 
0x5A5A , 6639 
0x6E6E , 7379 

15:15:21.230:
0x2020 , 3989 
0x3E3E , 4241 
0x1C1C , 3214 
0x5A5A , 6472 
0x6E6E , -796 

15:15:21.871:
0x2020 , 4072 
0x3E3E , 4176 
0x1C1C , 3100 
0x5A5A , 6305 
0x6E6E , 7374 

15:15:22.558:
0x2020 , 4595 
0x3E3E , 4584 
0x1C1C , 2894 
0x5A5A , 6076 
0x6E6E , -796 

15:15:23.183:
0x2020 , 4832 
0x3E3E , 4403 
0x1C1C , 2867 
0x5A5A , 5943 
0x6E6E , 7449 

15:15:23.918:
0x2020 , 4892 
0x3E3E , 4992 
0x1C1C , 2858 
0x5A5A , 5728 
0x6E6E , -796 

15:15:24.512:
0x2020 , 5005 
0x3E3E , 5122 
0x1C1C , 2876 
0x5A5A , 5323 
0x6E6E , 7384 

15:15:25.184:
0x2020 , 5326 
0x3E3E , 5354 
0x1C1C , 2812 
0x5A5A , 5194 
0x6E6E , -796 

15:15:25.763:
0x2020 , 5592 
0x3E3E , 5526 
0x1C1C , 2835 
0x5A5A , 4970 
0x6E6E , 7273 

15:15:26.450:
0x2020 , 5706 
0x3E3E , 5568 
0x1C1C , 2721 
0x5A5A , 4779 
0x6E6E , -796 

15:15:27.075:
0x2020 , 5977 
0x3E3E , 6236 
0x1C1C , 2881 
0x5A5A , 4688 
0x6E6E , 7152 

15:15:27.766:
0x2020 , 6140 
0x3E3E , 6018 
0x1C1C , 2917 
0x5A5A , 4464 
0x6E6E , -796 

15:15:28.355:
0x2020 , 6406 
0x3E3E , 6292 
0x1C1C , 2999 
0x5A5A , 4249 
0x6E6E , 6941 

15:15:29.058:
0x2020 , 5834 
0x3E3E , 6357 
0x1C1C , 3091 
0x5A5A , 4006 
0x6E6E , -796 

15:15:29.694:
0x2020 , 6796 
0x3E3E , 6635 
0x1C1C , 3497 
0x5A5A , 3825 
0x6E6E , 6598 

15:15:30.382:
0x2020 , 6811 
0x3E3E , 6844 
0x1C1C , 3725 
0x5A5A , 3686 
0x6E6E , -796 

15:15:31.023:
0x2020 , 6752 
0x3E3E , 6960 
0x1C1C , 3908 
0x5A5A , 3424 
0x6E6E , 6145 

15:15:31.743:
0x2020 , 6762 
0x3E3E , 7080 
0x1C1C , 4059 
0x5A5A , 3195 
0x6E6E , -796 

15:15:32.337:
0x2020 , 6599 
0x3E3E , 7340 
0x1C1C , 4305 
0x5A5A , 2947 
0x6E6E , 5787 

15:15:33.741:
0x2020 , 6885 
0x3E3E , -218 
0x1C1C , -159 
0x5A5A , -339 
0x6E6E , -796 

15:15:34.324:
0x2020 , 6574 
0x3E3E , 7948 
0x1C1C , 4830 
0x5A5A , 2356 
0x6E6E , 5031 

15:15:35.012:
0x2020 , 6599 
0x3E3E , 8111 
0x1C1C , 5132 
0x5A5A , 2179 
0x6E6E , -796 

15:15:35.636:
0x2020 , 6707 
0x3E3E , 8343 
0x1C1C , 5447 
0x5A5A , 1950 
0x6E6E , 4664 

15:15:36.324:
0x2020 , 6811 
0x3E3E , 8403 
0x1C1C , 5661 
0x5A5A , 1960 
0x6E6E , -796 

15:15:36.926:
0x2020 , 6850 
0x3E3E , 8663 
0x1C1C , 5780 
0x5A5A , 1926 
0x6E6E , 4049 

15:15:37.629:
0x2020 , 6520 
0x3E3E , 8700 
0x1C1C , 5885 
0x5A5A , 1993 
0x6E6E , -796 

15:15:38.254:
0x2020 , 6485 
0x3E3E , 8681 
0x1C1C , 6118 
0x5A5A , 2069 
0x6E6E , 3470 

15:15:38.941:
0x2020 , 6495 
0x3E3E , 8700 
0x1C1C , 6332 
0x5A5A , 2127 
0x6E6E , -796 

15:15:39.581:
0x2020 , 6451 
0x3E3E , 8876 
0x1C1C , 6510 
0x5A5A , 2232 
0x6E6E , 2911 

15:15:40.403:
0x2020 , 6283 
0x3E3E , -218 
0x1C1C , 6693 
0x5A5A , 2198 
0x6E6E , -796 

15:15:40.982:
0x2020 , 6209 
0x3E3E , 8960 
0x1C1C , 6917 
0x5A5A , 2589 
0x6E6E , 2608 

15:15:41.666:
0x2020 , 6100 
0x3E3E , 9113 
0x1C1C , 7127 
0x5A5A , 2990 
0x6E6E , -796 

15:15:42.245:
0x2020 , 6021 
0x3E3E , 8974 
0x1C1C , 7350 
0x5A5A , 3505 
0x6E6E , 2160 

15:15:42.855:
0x2020 , 5908 
0x3E3E , 8816 
0x1C1C , 7533 
0x5A5A , 3529 
0x6E6E , 1943 

15:15:43.636:
0x2020 , 5750 
0x3E3E , -218 
0x1C1C , 7624 
0x5A5A , 4101 
0x6E6E , -796 

15:15:44.245:
0x2020 , 5434 
0x3E3E , 8807 
0x1C1C , 7738 
0x5A5A , 4054 
0x6E6E , 1581 

15:15:44.948:
0x2020 , 5291 
0x3E3E , 8830 
0x1C1C , 7830 
0x5A5A , 4278 
0x6E6E , -796 

15:15:45.530:
0x2020 , 5193 
0x3E3E , 8742 
0x1C1C , 7930 
0x5A5A , 4765 
0x6E6E , 1581 

15:15:46.342:
0x2020 , 4763 
0x3E3E , -218 
0x1C1C , 8044 
0x5A5A , 4144 
0x6E6E , -796 

15:15:48.375:
0x2020 , 3994 
0x3E3E , 7874 
0x1C1C , 7702 
0x5A5A , 5156 
0x6E6E , 2165 

15:15:50.372:
0x2020 , 3100 
0x3E3E , 7289 
0x1C1C , 7793 
0x5A5A , 6320 
0x6E6E , 3132 

15:15:51.061:
0x2020 , 2854 
0x3E3E , 7113 
0x1C1C , 7766 
0x5A5A , 6506 
0x6E6E , -796 

15:15:51.629:
0x2020 , 2617 
0x3E3E , 6904 
0x1C1C , 7752 
0x5A5A , 6649 
0x6E6E , 3535 

15:15:52.325:
0x2020 , 2341 
0x3E3E , 6765 
0x1C1C , 7729 
0x5A5A , 6839 
0x6E6E , -796 

15:15:52.937:
0x2020 , 2143 
0x3E3E , 6589 
0x1C1C , 7661 
0x5A5A , 6820 
0x6E6E , 4014 

15:15:53.625:
0x2020 , 1896 
0x3E3E , 6398 
0x1C1C , 7592 
0x5A5A , 7035 
0x6E6E , -796 

15:15:54.219:
0x2020 , 1758 
0x3E3E , 6199 
0x1C1C , 7492 
0x5A5A , 7231 
0x6E6E , 4346 

15:15:54.922:
0x2020 , 1674 
0x3E3E , 6009 
0x1C1C , 7282 
0x5A5A , 7245 
0x6E6E , -796 

15:15:55.561:
0x2020 , 1428 
0x3E3E , 5763 
0x1C1C , 7090 
0x5A5A , 7154 
0x6E6E , 4528 

15:15:56.245:
0x2020 , 1290 
0x3E3E , 5577 
0x1C1C , 6894 
0x5A5A , 7102 
0x6E6E , -796 

15:15:56.886:
0x2020 , 1127 
0x3E3E , 5405 
0x1C1C , 6716 
0x5A5A , 7150 
0x6E6E , 5238 

15:15:57.714:
0x2020 , 1023 
0x3E3E , -218 
0x1C1C , 6446 
0x5A5A , 7183 
0x6E6E , -796 

15:15:58.292:
0x2020 , 1048 
0x3E3E , 5057 
0x1C1C , 6282 
0x5A5A , 7250 
0x6E6E , 5485 

15:15:58.979:
0x2020 , 1186 
0x3E3E , 4821 
0x1C1C , 6058 
0x5A5A , 7297 
0x6E6E , -796 

15:15:59.547:
0x2020 , 1122 
0x3E3E , 4496 
0x1C1C , 5981 
0x5A5A , 7345 
0x6E6E , 5933 

15:16:00.231:
0x2020 , 1112 
0x3E3E , 4477 
0x1C1C , 5748 
0x5A5A , 7441 
0x6E6E , -796 

15:16:00.860:
0x2020 , 1092 
0x3E3E , 4171 
0x1C1C , 5634 
0x5A5A , 7488 
0x6E6E , 6230 

15:16:01.552:
0x2020 , 1102 
0x3E3E , 4074 
0x1C1C , 5451 
0x5A5A , 7441 
0x6E6E , -796 

15:16:02.135:
0x2020 , 1556 
0x3E3E , 3934 
0x1C1C , 5246 
0x5A5A , 7417 
0x6E6E , 6553 

15:16:02.851:
0x2020 , 1359 
0x3E3E , 3786 
0x1C1C , 5081 
0x5A5A , 7421 
0x6E6E , -796 

15:16:03.479:
0x2020 , 2079 
0x3E3E , 3549 
0x1C1C , 4903 
0x5A5A , 7283 
0x6E6E , 6976 

15:16:04.276:
0x2020 , 2089 
0x3E3E , -218 
0x1C1C , 4652 
0x5A5A , 7522 
0x6E6E , -796 

15:16:04.886:
0x2020 , 2518 
0x3E3E , 3494 
0x1C1C , 4483 
0x5A5A , 7336 
0x6E6E , 7203 

15:16:05.713:
0x2020 , 2824 
0x3E3E , -218 
0x1C1C , 4191 
0x5A5A , 7393 
0x6E6E , -796 

15:16:06.302:
0x2020 , 3076 
0x3E3E , 3396 
0x1C1C , 4077 
0x5A5A , 7293 
0x6E6E , 7439 

15:16:06.974:
0x2020 , 3071 
0x3E3E , 3433 
0x1C1C , 3935 
0x5A5A , 7259 
0x6E6E , -796 

15:16:07.558:
0x2020 , 3318 
0x3E3E , 3289 
0x1C1C , 3725 
0x5A5A , 7078 
0x6E6E , 7550 

15:16:08.357:
0x2020 , 3549 
0x3E3E , -218 
0x1C1C , 3561 
0x5A5A , 6911 
0x6E6E , -796 

15:16:09.023:
0x2020 , -688 
0x3E3E , 3498 
0x1C1C , 3392 
0x5A5A , 6682 
0x6E6E , 7555 

15:16:09.803:
0x2020 , -688 
0x3E3E , 4282 
0x1C1C , 3196 
0x5A5A , 6534 
0x6E6E , -796 

15:16:10.526:
0x2020 , -688 
0x3E3E , 4306 
0x1C1C , 3018 
0x5A5A , 6219 
0x6E6E , 7328 

15:16:11.229:
0x2020 , 4645 
0x3E3E , 4296 
0x1C1C , 2954 
0x5A5A , 6067 
0x6E6E , -796 

15:16:11.839:
0x2020 , 4916 
0x3E3E , 4435 
0x1C1C , 2830 
0x5A5A , 5909 
0x6E6E , 7359 

15:16:12.526:
0x2020 , 4837 
0x3E3E , 4630 
0x1C1C , 2844 
0x5A5A , 5728 
0x6E6E , -796 

15:16:13.167:
0x2020 , 4970 
0x3E3E , 5118 
0x1C1C , 2812 
0x5A5A , 5490 
0x6E6E , 7344 

15:16:13.989:
0x2020 , 5326 
0x3E3E , -218 
0x1C1C , 2780 
0x5A5A , 5156 
0x6E6E , -796 

15:16:14.567:
0x2020 , 5479 
0x3E3E , 5275 
0x1C1C , 2881 
0x5A5A , 4993 
0x6E6E , 7127 

15:16:15.433:
0x2020 , 5656 
0x3E3E , -218 
0x1C1C , -159 
0x5A5A , 4855 
0x6E6E , -796 

15:16:15.996:
0x2020 , 5913 
0x3E3E , 5851 
0x1C1C , 2904 
0x5A5A , 4626 
0x6E6E , 7082 

15:16:16.684:
0x2020 , 6174 
0x3E3E , 6162 
0x1C1C , 3009 
0x5A5A , 4397 
0x6E6E , -796 

15:16:17.381:
0x2020 , 5804 
0x3E3E , -218 
0x1C1C , 3040 
0x5A5A , 4106 
0x6E6E , 6759 

15:16:18.068:
0x2020 , 6436 
0x3E3E , 6324 
0x1C1C , 3301 
0x5A5A , 3901 
0x6E6E , -796 

15:16:18.788:
0x2020 , 6278 
0x3E3E , 6640 
0x1C1C , 3561 
0x5A5A , 3748 
0x6E6E , -796 

15:16:19.413:
0x2020 , 6776 
0x3E3E , 6825 
0x1C1C , 3903 
0x5A5A , 3539 
0x6E6E , 6261 

15:16:20.204:
0x2020 , 6436 
0x3E3E , -218 
0x1C1C , 3899 
0x5A5A , 3267 
0x6E6E , -796 

15:16:20.818:
0x2020 , 6347 
0x3E3E , 7196 
0x1C1C , 4282 
0x5A5A , 3052 
0x6E6E , 5797 

15:16:21.536:
0x2020 , 6559 
0x3E3E , 7368 
0x1C1C , 4410 
0x5A5A , 2842 
0x6E6E , -796 

15:16:22.138:
0x2020 , 6500 
0x3E3E , 7544 
0x1C1C , 4606 
0x5A5A , 2675 
0x6E6E , 5414 

15:16:22.935:
0x2020 , 7038 
0x3E3E , -218 
0x1C1C , 4670 
0x5A5A , 2399 
0x6E6E , -796 

15:16:23.527:
0x2020 , 6510 
0x3E3E , 7967 
0x1C1C , 4894 
0x5A5A , 2260 
0x6E6E , 5016 

15:16:24.273:
0x2020 , 6643 
0x3E3E , -218 
0x1C1C , 5232 
0x5A5A , 2108 
0x6E6E , -796 

15:16:27.070:
0x2020 , 6826 
0x3E3E , -218 
0x1C1C , -159 
0x5A5A , -339 
0x6E6E , -796 

15:16:27.679:
0x2020 , 6717 
0x3E3E , 8807 
0x1C1C , 6077 
0x5A5A , 1945 
0x6E6E , 3641 

15:16:28.465:
0x2020 , 6589 
0x3E3E , 8811 
0x1C1C , 6195 
0x5A5A , -339 
0x6E6E , -796 

15:16:29.076:
0x2020 , 6475 
0x3E3E , 9405 
0x1C1C , 6488 
0x5A5A , 2098 
0x6E6E , 3092 

15:16:29.889:
0x2020 , 6401 
0x3E3E , 8950 
0x1C1C , 6583 
0x5A5A , -339 
0x6E6E , -796 

15:16:30.513:
0x2020 , 6318 
0x3E3E , 8862 
0x1C1C , 6816 
0x5A5A , 2709 
0x6E6E , 2714 

15:16:31.230:
0x2020 , 6160 
0x3E3E , 9113 
0x1C1C , 7067 
0x5A5A , 3124 
0x6E6E , -796 

15:16:31.830:
0x2020 , 6076 
0x3E3E , 9090 
0x1C1C , 7241 
0x5A5A , 3400 
0x6E6E , 2190 

15:16:34.368:
0x2020 , 5449 
0x3E3E , 8746 
0x1C1C , 7743 
0x5A5A , -339 
0x6E6E , 1551 

15:16:35.056:
0x2020 , 5158 
0x3E3E , 8681 
0x1C1C , 7789 
0x5A5A , 4283 
0x6E6E , -796 

15:16:35.632:
0x2020 , 5035 
0x3E3E , 8769 
0x1C1C , 7944 
0x5A5A , 4669 
0x6E6E , 1480 

15:16:37.070:
0x2020 , 4719 
0x3E3E , -218 
0x1C1C , -159 
0x5A5A , -339 
0x6E6E , -796 

15:16:37.667:
0x2020 , 4319 
0x3E3E , 8041 
0x1C1C , 7725 
0x5A5A , 4698 
0x6E6E , 1848 

15:16:38.355:
0x2020 , 4023 
0x3E3E , 7957 
0x1C1C , 7652 
0x5A5A , 5075 
0x6E6E , -796 

15:16:38.948:
0x2020 , 3697 
0x3E3E , 7660 
0x1C1C , 7688 
0x5A5A , 5709 
0x6E6E , 2412 

15:16:39.763:
0x2020 , 3411 
0x3E3E , -218 
0x1C1C , 7707 
0x5A5A , 5967 
0x6E6E , -796 

15:16:40.372:
0x2020 , 3081 
0x3E3E , 7271 
0x1C1C , 7675 
0x5A5A , 6334 
0x6E6E , 3006 

15:16:41.185:
0x2020 , 2839 
0x3E3E , -218 
0x1C1C , 7711 
0x5A5A , 6458 
0x6E6E , -796 

15:16:41.779:
0x2020 , 2390 
0x3E3E , 6742 
0x1C1C , 7652 
0x5A5A , 6601 
0x6E6E , 3510 

15:16:42.510:
0x2020 , 2118 
0x3E3E , 6547 
0x1C1C , 7560 
0x5A5A , 6711 
0x6E6E , -796 

15:16:43.104:
0x2020 , 1867 
0x3E3E , 6338 
0x1C1C , 7602 
0x5A5A , 6897 
0x6E6E , 4115 

15:16:43.854:
0x2020 , 1669 
0x3E3E , -218 
0x1C1C , 7428 
0x5A5A , 7183 
0x6E6E , -796 

15:16:44.449:
0x2020 , 1462 
0x3E3E , 5851 
0x1C1C , 7104 
0x5A5A , 7030 
0x6E6E , 4639 

15:16:45.137:
0x2020 , 1359 
0x3E3E , 5596 
0x1C1C , 6894 
0x5A5A , 7068 
0x6E6E , -796 

15:16:45.825:
0x2020 , -688 
0x3E3E , 5373 
0x1C1C , 6606 
0x5A5A , 7068 
0x6E6E , 5147 

15:16:46.528:
0x2020 , 1097 
0x3E3E , 5243 
0x1C1C , 6442 
0x5A5A , 7145 
0x6E6E , -796 

15:16:47.134:
0x2020 , 1077 
0x3E3E , 4923 
0x1C1C , 6177 
0x5A5A , 7183 
0x6E6E , 5586 

15:16:47.946:
0x2020 , 1072 
0x3E3E , -218 
0x1C1C , 5962 
0x5A5A , 7283 
0x6E6E , -796 

15:16:48.556:
0x2020 , 1043 
0x3E3E , 4255 
0x1C1C , 5821 
0x5A5A , 7312 
0x6E6E , 5928 

15:16:49.353:
0x2020 , 964 
0x3E3E , -218 
0x1C1C , 5689 
0x5A5A , 7350 
0x6E6E , -796 

15:16:49.969:
0x2020 , 1082 
0x3E3E , 4152 
0x1C1C , 5556 
0x5A5A , 7379 
0x6E6E , 6331 

15:16:50.687:
0x2020 , 1240 
0x3E3E , 4064 
0x1C1C , 5310 
0x5A5A , 7450 
0x6E6E , -796 

15:16:51.295:
0x2020 , 1882 
0x3E3E , 3781 
0x1C1C , 5182 
0x5A5A , 7412 
0x6E6E , 6633 

15:16:52.045:
0x2020 , 2015 
0x3E3E , -218 
0x1C1C , 4990 
0x5A5A , 7412 
0x6E6E , -796 

15:16:52.637:
0x2020 , 2133 
0x3E3E , 3568 
0x1C1C , 4990 
0x5A5A , 7369 
0x6E6E , 6956 

15:16:53.487:
0x2020 , 2133 
0x3E3E , -218 
0x1C1C , -159 
0x5A5A , 7359 
0x6E6E , -796 

15:16:54.096:
0x2020 , 2193 
0x3E3E , 3619 
0x1C1C , 4999 
0x5A5A , 7398 
0x6E6E , 6910 

15:16:54.865:
0x2020 , 2202 
0x3E3E , -218 
0x1C1C , 4999 
0x5A5A , 7369 
0x6E6E , -796 

15:16:55.475:
0x2020 , 2188 
0x3E3E , 3572 
0x1C1C , 4967 
0x5A5A , 7450 
0x6E6E , 6920 

15:16:56.272:
0x2020 , 2064 
0x3E3E , -218 
0x1C1C , 4953 
0x5A5A , 7307 
0x6E6E , -796 

15:16:56.897:
0x2020 , 2163 
0x3E3E , 3619 
0x1C1C , 4931 
0x5A5A , 7402 
0x6E6E , 6860 

15:16:57.693:
0x2020 , 2104 
0x3E3E , -218 
0x1C1C , 4903 
0x5A5A , 7312 
0x6E6E , -796 

15:16:58.294:
0x2020 , 2030 
0x3E3E , 3512 
0x1C1C , 4798 
0x5A5A , 7679 
0x6E6E , 7233 

15:17:00.895:
0x2020 , 2952 
0x3E3E , 3336 
0x1C1C , 4200 
0x5A5A , 7293 
0x6E6E , 7434 

15:17:03.406:
0x2020 , 3836 
0x3E3E , 3303 
0x1C1C , 3488 
0x5A5A , 6725 
0x6E6E , 7394 

15:17:04.094:
0x2020 , 3841 
0x3E3E , 3800 
0x1C1C , 3273 
0x5A5A , 6611 
0x6E6E , -796 

15:17:04.662:
0x2020 , 4181 
0x3E3E , 4199 
0x1C1C , 3168 
0x5A5A , 6367 
0x6E6E , 7318 

15:17:05.349:
0x2020 , 4369 
0x3E3E , 4338 
0x1C1C , 3054 
0x5A5A , 6172 
0x6E6E , -796 

15:17:05.974:
0x2020 , 4813 
0x3E3E , 4482 
0x1C1C , 2931 
0x5A5A , 6043 
0x6E6E , 7595 

15:17:06.652:
0x2020 , 5015 
0x3E3E , 4357 
0x1C1C , 2803 
0x5A5A , 5757 
0x6E6E , -796 

15:17:07.261:
0x2020 , 4872 
0x3E3E , 4918 
0x1C1C , 2739 
0x5A5A , 5556 
0x6E6E , 7434 

15:17:08.136:
0x2020 , 5079 
0x3E3E , -218 
0x1C1C , -159 
0x5A5A , 5027 
0x6E6E , -796 

15:17:08.823:
0x2020 , -688 
0x3E3E , 5554 
0x1C1C , 2767 
0x5A5A , 4998 
0x6E6E , 7334 

15:17:09.620:
0x2020 , 5804 
0x3E3E , -218 
0x1C1C , 2890 
0x5A5A , 4679 
0x6E6E , -796 

15:17:10.248:
0x2020 , 6140 
0x3E3E , 6264 
0x1C1C , 2990 
0x5A5A , 4335 
0x6E6E , 7006 

15:17:11.064:
0x2020 , 6495 
0x3E3E , -218 
0x1C1C , 2945 
0x5A5A , 4092 
0x6E6E , -796 

15:17:11.657:
0x2020 , 6278 
0x3E3E , 6384 
0x1C1C , 3187 
0x5A5A , 3954 
0x6E6E , 6669 

15:17:12.409:
0x2020 , 6204 
0x3E3E , -218 
0x1C1C , 3524 
0x5A5A , 3753 
0x6E6E , -796 

15:17:13.003:
0x2020 , 5977 
0x3E3E , 6895 
0x1C1C , 3812 
0x5A5A , 3481 
0x6E6E , 6250 

15:17:13.793:
0x2020 , 6816 
0x3E3E , -218 
0x1C1C , 3876 
0x5A5A , 3252 
0x6E6E , -796 

15:17:14.387:
0x2020 , 6401 
0x3E3E , 7229 
0x1C1C , 4241 
0x5A5A , 2966 
0x6E6E , 5782 

15:17:15.168:
0x2020 , 6515 
0x3E3E , -218 
0x1C1C , 4629 
0x5A5A , 2723 
0x6E6E , -796 

15:17:15.762:
0x2020 , 6554 
0x3E3E , 7795 
0x1C1C , 4926 
0x5A5A , 2456 
0x6E6E , 5258 

15:17:16.583:
0x2020 , 6500 
0x3E3E , -218 
0x1C1C , 4940 
0x5A5A , 2174 
0x6E6E , -796 

15:17:17.192:
0x2020 , 6633 
0x3E3E , 8180 
0x1C1C , 5419 
0x5A5A , 2012 
0x6E6E , 4820 

15:17:18.000:
0x2020 , 6638 
0x3E3E , -218 
0x1C1C , 5579 
0x5A5A , 1879 
0x6E6E , -796 

15:17:18.596:
0x2020 , 6885 
0x3E3E , 8626 
0x1C1C , 5871 
0x5A5A , 1817 
0x6E6E , 4220 

15:17:19.417:
0x2020 , 6816 
0x3E3E , -218 
0x1C1C , 6063 
0x5A5A , 1683 
0x6E6E , -796 

15:17:20.011:
0x2020 , 6846 
0x3E3E , 8677 
0x1C1C , 6305 
0x5A5A , 1735 
0x6E6E , 3596 

15:17:20.780:
0x2020 , 6747 
0x3E3E , -218 
0x1C1C , 6382 
0x5A5A , 1812 
0x6E6E , -796 

15:17:21.358:
0x2020 , 6771 
0x3E3E , 8751 
0x1C1C , 6565 
0x5A5A , 2041 
0x6E6E , 3062 

15:17:22.139:
0x2020 , 6545 
0x3E3E , -218 
0x1C1C , 6702 
0x5A5A , 2103 
0x6E6E , -796 

15:17:22.746:
0x2020 , 6367 
0x3E3E , 8955 
0x1C1C , 6908 
0x5A5A , 3033 
0x6E6E , 2583 

15:17:23.512:
0x2020 , 6278 
0x3E3E , -218 
0x1C1C , 7154 
0x5A5A , 3271 
0x6E6E , -796 

15:17:24.123:
0x2020 , 6184 
0x3E3E , 9094 
0x1C1C , 7268 
0x5A5A , 2899 
0x6E6E , 2069 

15:17:24.937:
0x2020 , 5967 
0x3E3E , -218 
0x1C1C , 7574 
0x5A5A , 3648 
0x6E6E , -796 

15:17:25.554:
0x2020 , 5750 
0x3E3E , 8997 
0x1C1C , 7743 
0x5A5A , 4059 
0x6E6E , 1561 

15:17:26.356:
0x2020 , 5597 
0x3E3E , -218 
0x1C1C , 7848 
0x5A5A , 4163 
0x6E6E , -796 

15:17:26.957:
0x2020 , 5217 
0x3E3E , 8779 
0x1C1C , 7939 
0x5A5A , 4469 
0x6E6E , 1410 

15:17:27.781:
0x2020 , 5069 
0x3E3E , -218 
0x1C1C , 7948 
0x5A5A , 4669 
0x6E6E , -796 

15:17:28.374:
0x2020 , 4665 
0x3E3E , 8579 
0x1C1C , 7994 
0x5A5A , 4536 
0x6E6E , 1671 

15:17:29.140:
0x2020 , 4502 
0x3E3E , -218 
0x1C1C , 7958 
0x5A5A , 4717 
0x6E6E , -796 

15:17:29.812:
0x2020 , 4082 
0x3E3E , 8055 
0x1C1C , 8341 
0x5A5A , 5008 
0x6E6E , -796 

15:17:30.422:
0x2020 , 3707 
0x3E3E , 7818 
0x1C1C , 7871 
0x5A5A , 5862 
0x6E6E , 2226 

15:17:31.188:
0x2020 , 3441 
0x3E3E , -218 
0x1C1C , 7784 
0x5A5A , 5747 
0x6E6E , -796 

15:17:31.797:
0x2020 , 3145 
0x3E3E , 7382 
0x1C1C , 7834 
0x5A5A , 6367 
0x6E6E , 2744 

15:17:32.563:
0x2020 , 2883 
0x3E3E , -218 
0x1C1C , 7880 
0x5A5A , 6639 
0x6E6E , -796 

15:17:33.201:
0x2020 , 2489 
0x3E3E , 7006 
0x1C1C , 7780 
0x5A5A , 6739 
0x6E6E , 3475 

15:17:33.998:
0x2020 , 2252 
0x3E3E , -218 
0x1C1C , 7743 
0x5A5A , 7026 
0x6E6E , -796 

15:17:35.412:
0x2020 , 1778 
0x3E3E , -218 
0x1C1C , -159 
0x5A5A , -339 
0x6E6E , -796 

15:17:36.039:
0x2020 , 1442 
0x3E3E , 6055 
0x1C1C , 7510 
0x5A5A , 7126 
0x6E6E , 4437 

15:17:36.867:
0x2020 , 1285 
0x3E3E , 5828 
0x1C1C , 7346 
0x5A5A , -339 
0x6E6E , -796 

15:17:37.449:
0x2020 , 1122 
0x3E3E , 5572 
0x1C1C , 7008 
0x5A5A , 7254 
0x6E6E , 4885 

15:17:38.213:
0x2020 , 1008 
0x3E3E , 5419 
0x1C1C , 6839 
0x5A5A , -339 
0x6E6E , -796 

15:17:38.799:
0x2020 , 801 
0x3E3E , 5261 
0x1C1C , 6739 
0x5A5A , 7526 
0x6E6E , 5439 

15:17:39.596:
0x2020 , 712 
0x3E3E , 4978 
0x1C1C , 6519 
0x5A5A , -339 
0x6E6E , -796 

15:17:40.202:
0x2020 , 836 
0x3E3E , 4746 
0x1C1C , 6227 
0x5A5A , 7536 
0x6E6E , 5732 

15:17:40.971:
0x2020 , 939 
0x3E3E , 4644 
0x1C1C , 6040 
0x5A5A , -339 
0x6E6E , -796 

15:17:41.574:
0x2020 , 998 
0x3E3E , 4412 
0x1C1C , 5789 
0x5A5A , 7331 
0x6E6E , 5898 

15:17:42.385:
0x2020 , 974 
0x3E3E , 4426 
0x1C1C , 5716 
0x5A5A , -339 
0x6E6E , -796 

15:17:42.989:
0x2020 , 1117 
0x3E3E , 4449 
0x1C1C , 5689 
0x5A5A , 7350 
0x6E6E , 5918 

15:17:43.793:
0x2020 , 1092 
0x3E3E , 4477 
0x1C1C , 5675 
0x5A5A , -339 
0x6E6E , -796 

15:17:44.402:
0x2020 , 1087 
0x3E3E , 4500 
0x1C1C , 5720 
0x5A5A , 7321 
0x6E6E , 5918 

15:17:45.221:
0x2020 , 1092 
0x3E3E , 4454 
0x1C1C , 5647 
0x5A5A , -339 
0x6E6E , -796 

15:17:45.815:
0x2020 , 1137 
0x3E3E , 4477 
0x1C1C , 5679 
0x5A5A , 7355 
0x6E6E , 6044 

15:17:46.581:
0x2020 , 1161 
0x3E3E , 4542 
0x1C1C , 5707 
0x5A5A , -339 
0x6E6E , -796 

15:17:47.163:
0x2020 , 1117 
0x3E3E , 4514 
0x1C1C , 5739 
0x5A5A , 7369 
0x6E6E , 6084 

15:17:47.837:
0x2020 , 1087 
0x3E3E , 4593 
0x1C1C , 5720 
0x5A5A , 7383 
0x6E6E , -796 

15:17:48.464:
0x2020 , 1058 
0x3E3E , 4542 
0x1C1C , 5725 
0x5A5A , 7326 
0x6E6E , 6064 

15:17:49.237:
0x2020 , 1063 
0x3E3E , 4575 
0x1C1C , 5752 
0x5A5A , -339 
0x6E6E , -796 

15:17:49.846:
0x2020 , 1097 
0x3E3E , 4547 
0x1C1C , 5689 
0x5A5A , 7302 
0x6E6E , 6034 

15:17:50.652:
0x2020 , 1072 
0x3E3E , 4538 
0x1C1C , 5771 
0x5A5A , -339 
0x6E6E , -796 

15:17:51.262:
0x2020 , 1048 
0x3E3E , 4533 
0x1C1C , 5803 
0x5A5A , 7364 
0x6E6E , 6079 

15:17:52.058:
0x2020 , 1028 
0x3E3E , 4519 
0x1C1C , 5771 
0x5A5A , -339 
0x6E6E , -796 

15:17:52.668:
0x2020 , 1053 
0x3E3E , 4542 
0x1C1C , 5757 
0x5A5A , 7417 
0x6E6E , 6094 

15:17:53.387:
0x2020 , 1102 
0x3E3E , 4477 
0x1C1C , 5743 
0x5A5A , 7388 
0x6E6E , -796 

15:17:54.004:
0x2020 , 1077 
0x3E3E , 4528 
0x1C1C , 5775 
0x5A5A , 7374 
0x6E6E , 6125 

15:17:54.755:
0x2020 , 1067 
0x3E3E , 4514 
0x1C1C , 5784 
0x5A5A , -339 
0x6E6E , -796 

15:17:55.332:
0x2020 , 1087 
0x3E3E , 4510 
0x1C1C , 5720 
0x5A5A , 7369 
0x6E6E , 6034 

15:17:56.033:
0x2020 , 1053 
0x3E3E , 4482 
0x1C1C , 5771 
0x5A5A , 7474 
0x6E6E , -796 

15:23:06.052:
0x2020 , 2642 
0x3E3E , 7020 
0x1C1C , 7670 
0x5A5A , 6611 
0x6E6E , 3228 

15:23:06.755:
0x2020 , 2553 
0x3E3E , 7011 
0x1C1C , 7665 
0x5A5A , 6658 
0x6E6E , -796 

15:23:07.365:
0x2020 , 2607 
0x3E3E , 7048 
0x1C1C , 7679 
0x5A5A , 6634 
0x6E6E , 3243 

15:23:08.089:
0x2020 , 2533 
0x3E3E , 7053 
0x1C1C , 7665 
0x5A5A , 6587 
0x6E6E , -796 

15:23:08.699:
0x2020 , 2582 
0x3E3E , 6997 
0x1C1C , 7643 
0x5A5A , 6487 
0x6E6E , 3218 

15:23:09.419:
0x2020 , 2563 
0x3E3E , 7025 
0x1C1C , 7684 
0x5A5A , 6549 
0x6E6E , -796 

15:23:10.029:
0x2020 , 2498 
0x3E3E , 7002 
0x1C1C , 7661 
0x5A5A , 6510 
0x6E6E , 3213 

15:23:10.737:
0x2020 , 2484 
0x3E3E , 6974 
0x1C1C , 7624 
0x5A5A , 6501 
0x6E6E , -796 

15:23:11.346:
0x2020 , 2474 
0x3E3E , 7002 
0x1C1C , 7693 
0x5A5A , 6477 
0x6E6E , 3208 

15:23:12.749:
0x2020 , 2548 
0x3E3E , -218 
0x1C1C , -159 
0x5A5A , -339 
0x6E6E , -796 

15:23:13.335:
0x2020 , 2563 
0x3E3E , 6950 
0x1C1C , 7670 
0x5A5A , 6601 
0x6E6E , 3258 

15:23:15.316:
0x2020 , 2271 
0x3E3E , 6686 
0x1C1C , 7255 
0x5A5A , 6553 
0x6E6E , 3661 

15:23:16.019:
0x2020 , 2153 
0x3E3E , 6547 
0x1C1C , 7150 
0x5A5A , 6591 
0x6E6E , -796 

15:23:16.620:
0x2020 , 1921 
0x3E3E , 6315 
0x1C1C , 6908 
0x5A5A , 6692 
0x6E6E , 4236 

15:23:17.324:
0x2020 , 1773 
0x3E3E , 6143 
0x1C1C , 6702 
0x5A5A , 6668 
0x6E6E , -796 

15:23:17.949:
0x2020 , 1640 
0x3E3E , 5893 
0x1C1C , 6456 
0x5A5A , 6596 
0x6E6E , 4563 

15:23:18.637:
0x2020 , 1541 
0x3E3E , 5591 
0x1C1C , 6296 
0x5A5A , 6644 
0x6E6E , -796 

15:23:19.277:
0x2020 , 1581 
0x3E3E , 5424 
0x1C1C , 6099 
0x5A5A , 6835 
0x6E6E , 5152 

15:23:19.996:
0x2020 , 1517 
0x3E3E , 5224 
0x1C1C , 5953 
0x5A5A , 6949 
0x6E6E , -796 

15:23:20.590:
0x2020 , 1502 
0x3E3E , 4746 
0x1C1C , 5794 
0x5A5A , 7021 
0x6E6E , 5500 

15:23:22.003:
0x2020 , 1368 
0x3E3E , -218 
0x1C1C , -159 
0x5A5A , -339 
0x6E6E , -796 

15:23:22.581:
0x2020 , 1605 
0x3E3E , 4264 
0x1C1C , 5351 
0x5A5A , 7154 
0x6E6E , 6175 

15:23:23.263:
0x2020 , 1704 
0x3E3E , 4046 
0x1C1C , 5342 
0x5A5A , 7417 
0x6E6E , -796 

15:23:23.888:
0x2020 , 1763 
0x3E3E , 3846 
0x1C1C , 5168 
0x5A5A , 7269 
0x6E6E , 6573 

15:23:24.574:
0x2020 , 2158 
0x3E3E , 3665 
0x1C1C , 4903 
0x5A5A , 7379 
0x6E6E , -796 

15:23:25.175:
0x2020 , 2543 
0x3E3E , 3433 
0x1C1C , 4816 
0x5A5A , 7541 
0x6E6E , 7051 

15:23:25.982:
0x2020 , 2010 
0x3E3E , 3322 
0x1C1C , 4634 
0x5A5A , -339 
0x6E6E , -796 

15:23:26.591:
0x2020 , 2336 
0x3E3E , 3201 
0x1C1C , 4552 
0x5A5A , 7522 
0x6E6E , 7409 

15:23:27.403:
0x2020 , 2701 
0x3E3E , 3187 
0x1C1C , 4387 
0x5A5A , -339 
0x6E6E , -796 

15:23:27.997:
0x2020 , 2696 
0x3E3E , 3057 
0x1C1C , 4296 
0x5A5A , 7789 
0x6E6E , 7696 

15:23:28.825:
0x2020 , 2548 
0x3E3E , -218 
0x1C1C , 4383 
0x5A5A , 7612 
0x6E6E , -796 

15:23:29.419:
0x2020 , 2390 
0x3E3E , 3563 
0x1C1C , 4319 
0x5A5A , 7531 
0x6E6E , 7475 

15:23:30.091:
0x2020 , 2607 
0x3E3E , 3619 
0x1C1C , 4273 
0x5A5A , 7431 
0x6E6E , -796 

15:23:30.671:
0x2020 , 2809 
0x3E3E , 3777 
0x1C1C , 4068 
0x5A5A , 7250 
0x6E6E , 7439 

15:23:31.356:
0x2020 , 3071 
0x3E3E , 3916 
0x1C1C , 3922 
0x5A5A , 7130 
0x6E6E , -796 

15:23:31.986:
0x2020 , 3214 
0x3E3E , 3990 
0x1C1C , 3730 
0x5A5A , 6892 
0x6E6E , 7444 

15:23:32.658:
0x2020 , 3446 
0x3E3E , 3911 
0x1C1C , 3648 
0x5A5A , 6782 
0x6E6E , -796 

15:23:33.262:
0x2020 , 3535 
0x3E3E , 3842 
0x1C1C , 3488 
0x5A5A , 6572 
0x6E6E , 7354 

15:23:33.965:
0x2020 , 3633 
0x3E3E , 3846 
0x1C1C , 3383 
0x5A5A , 6472 
0x6E6E , -796 

15:23:34.606:
0x2020 , 3786 
0x3E3E , 3939 
0x1C1C , 3296 
0x5A5A , 6205 
0x6E6E , 7303 

15:23:35.296:
0x2020 , 3994 
0x3E3E , 4125 
0x1C1C , 3182 
0x5A5A , 6153 
0x6E6E , -796 

15:23:35.921:
0x2020 , 4443 
0x3E3E , 4282 
0x1C1C , 3072 
0x5A5A , 5952 
0x6E6E , 7263 

15:23:36.640:
0x2020 , 4699 
0x3E3E , 4454 
0x1C1C , 2935 
0x5A5A , 5843 
0x6E6E , -796 

15:23:37.247:
0x2020 , 4892 
0x3E3E , 4570 
0x1C1C , 2853 
0x5A5A , 5547 
0x6E6E , 7873 

15:23:37.919:
0x2020 , 4832 
0x3E3E , 4728 
0x1C1C , 2821 
0x5A5A , 5366 
0x6E6E , -796 

15:23:38.496:
0x2020 , 5262 
0x3E3E , 5461 
0x1C1C , 2725 
0x5A5A , 5170 
0x6E6E , 7626 

15:23:39.293:
0x2020 , 5563 
0x3E3E , 5493 
0x1C1C , 2762 
0x5A5A , -339 
0x6E6E , -796 

15:23:39.887:
0x2020 , 5864 
0x3E3E , 5614 
0x1C1C , 2735 
0x5A5A , 4998 
0x6E6E , 7550 

15:23:40.559:
0x2020 , 6017 
0x3E3E , 5739 
0x1C1C , 2735 
0x5A5A , 4893 
0x6E6E , -796 

15:23:41.284:
0x2020 , -688 
0x3E3E , 6083 
0x1C1C , 2748 
0x5A5A , 4707 
0x6E6E , 7535 

15:23:41.995:
0x2020 , 6303 
0x3E3E , 6106 
0x1C1C , 2735 
0x5A5A , 4631 
0x6E6E , -796 

15:23:42.604:
0x2020 , 6515 
0x3E3E , 6018 
0x1C1C , 2767 
0x5A5A , 4507 
0x6E6E , 7152 

15:23:43.401:
0x2020 , 6471 
0x3E3E , -218 
0x1C1C , 2999 
0x5A5A , 4559 
0x6E6E , -796 

15:23:44.011:
0x2020 , 6248 
0x3E3E , 6050 
0x1C1C , 3045 
0x5A5A , 4378 
0x6E6E , 6890 

15:23:44.731:
0x2020 , 6308 
0x3E3E , 6078 
0x1C1C , 3095 
0x5A5A , 4345 
0x6E6E , -796 

15:23:45.340:
0x2020 , 6214 
0x3E3E , 6189 
0x1C1C , 3543 
0x5A5A , 4140 
0x6E6E , 6558 

15:23:46.106:
0x2020 , 6140 
0x3E3E , 6329 
0x1C1C , 3639 
0x5A5A , -339 
0x6E6E , -796 

15:23:46.684:
0x2020 , 6209 
0x3E3E , 6556 
0x1C1C , 3803 
0x5A5A , 3706 
0x6E6E , 5963 

15:23:47.372:
0x2020 , 6549 
0x3E3E , 6649 
0x1C1C , 4040 
0x5A5A , 3524 
0x6E6E , -796 

15:23:47.981:
0x2020 , 5997 
0x3E3E , 6881 
0x1C1C , 4451 
0x5A5A , 3276 
0x6E6E , 5389 

15:23:48.684:
0x2020 , 5725 
0x3E3E , 7006 
0x1C1C , 4616 
0x5A5A , 3147 
0x6E6E , -796 

15:23:49.277:
0x2020 , 5819 
0x3E3E , 7298 
0x1C1C , 4890 
0x5A5A , 2923 
0x6E6E , 4785 

15:23:50.078:
0x2020 , 5883 
0x3E3E , 7461 
0x1C1C , 5118 
0x5A5A , -339 
0x6E6E , -796 

15:23:50.705:
0x2020 , 6002 
0x3E3E , 7781 
0x1C1C , 5675 
0x5A5A , 2637 
0x6E6E , 4029 

15:23:51.389:
0x2020 , 5799 
0x3E3E , 7967 
0x1C1C , 6049 
0x5A5A , 2589 
0x6E6E , -796 

15:23:52.124:
0x2020 , -688 
0x3E3E , 8078 
0x1C1C , 6351 
0x5A5A , 2456 
0x6E6E , 3334 

15:23:52.848:
0x2020 , 6041 
0x3E3E , 8398 
0x1C1C , 6319 
0x5A5A , 2461 
0x6E6E , -796 

15:23:53.426:
0x2020 , 6007 
0x3E3E , 8533 
0x1C1C , 6515 
0x5A5A , 2556 
0x6E6E , 2825 

15:23:54.191:
0x2020 , 6002 
0x3E3E , 8691 
0x1C1C , 6624 
0x5A5A , -339 
0x6E6E , -796 

15:23:54.775:
0x2020 , 6012 
0x3E3E , 8811 
0x1C1C , 6807 
0x5A5A , 3038 
0x6E6E , 2795 

15:23:55.463:
0x2020 , 5928 
0x3E3E , 8714 
0x1C1C , 7058 
0x5A5A , 2814 
0x6E6E , -796 

15:23:56.082:
0x2020 , 5785 
0x3E3E , 8723 
0x1C1C , 6926 
0x5A5A , 3162 
0x6E6E , 2634 

15:23:56.770:
0x2020 , 5755 
0x3E3E , 8486 
0x1C1C , 7017 
0x5A5A , 3295 
0x6E6E , -796 

15:23:57.366:
0x2020 , 5345 
0x3E3E , 8398 
0x1C1C , 6958 
0x5A5A , 3753 
0x6E6E , 2321 

15:23:58.070:
0x2020 , 4980 
0x3E3E , 8296 
0x1C1C , 7035 
0x5A5A , 4163 
0x6E6E , -796 

15:23:58.698:
0x2020 , 4857 
0x3E3E , 8059 
0x1C1C , 7163 
0x5A5A , 4469 
0x6E6E , 2462 

15:23:59.496:
0x2020 , 4635 
0x3E3E , 7948 
0x1C1C , 7241 
0x5A5A , -339 
0x6E6E , -796 

15:24:00.106:
0x2020 , 4112 
0x3E3E , 7753 
0x1C1C , 7364 
0x5A5A , 4784 
0x6E6E , 2503 

15:24:00.835:
0x2020 , 3919 
0x3E3E , 7651 
0x1C1C , 7286 
0x5A5A , 4827 
0x6E6E , -796 

15:24:01.429:
0x2020 , 3648 
0x3E3E , 7503 
0x1C1C , 7528 
0x5A5A , 5141 
0x6E6E , 2654 

15:24:02.195:
0x2020 , 3392 
0x3E3E , 7456 
0x1C1C , 7734 
0x5A5A , -339 
0x6E6E , -796 

15:24:02.773:
0x2020 , 3229 
0x3E3E , 7266 
0x1C1C , 7780 
0x5A5A , 6005 
0x6E6E , 2790 

15:24:03.638:
0x2020 , -688 
0x3E3E , 7210 
0x1C1C , 7912 
0x5A5A , -339 
0x6E6E , -796 

15:24:04.263:
0x2020 , 2681 
0x3E3E , 7085 
0x1C1C , 7958 
0x5A5A , 6644 
0x6E6E , 3465 

15:24:04.951:
0x2020 , 2528 
0x3E3E , 6992 
0x1C1C , 7898 
0x5A5A , 6692 
0x6E6E , -796 

15:24:05.543:
0x2020 , 2400 
0x3E3E , 6811 
0x1C1C , 7802 
0x5A5A , 6911 
0x6E6E , 3500 

15:24:06.355:
0x2020 , 2597 
0x3E3E , 6816 
0x1C1C , 7720 
0x5A5A , -339 
0x6E6E , -796 

15:24:06.981:
0x2020 , 2528 
0x3E3E , 6909 
0x1C1C , 7761 
0x5A5A , 6878 
0x6E6E , 3747 

15:24:07.777:
0x2020 , 2952 
0x3E3E , 6983 
0x1C1C , 7743 
0x5A5A , -339 
0x6E6E , -796 

15:24:08.387:
0x2020 , 2375 
0x3E3E , 7043 
0x1C1C , 7679 
0x5A5A , 6525 
0x6E6E , 3319 

15:24:09.106:
0x2020 , 2345 
0x3E3E , 6834 
0x1C1C , 7592 
0x5A5A , 6396 
0x6E6E , -796 

15:24:09.699:
0x2020 , 2390 
0x3E3E , 6853 
0x1C1C , 7697 
0x5A5A , 6382 
0x6E6E , 3510 

15:24:10.466:
0x2020 , 2345 
0x3E3E , 6825 
0x1C1C , 7588 
0x5A5A , -339 
0x6E6E , -796 

15:24:11.039:
0x2020 , 2291 
0x3E3E , 6728 
0x1C1C , 7688 
0x5A5A , 6358 
0x6E6E , 3702 

15:24:11.836:
0x2020 , 2138 
0x3E3E , 6514 
0x1C1C , 7524 
0x5A5A , -339 
0x6E6E , -796 

15:24:12.441:
0x2020 , 1966 
0x3E3E , 6199 
0x1C1C , 7369 
0x5A5A , 6424 
0x6E6E , 4377 

15:24:13.144:
0x2020 , 1867 
0x3E3E , 6055 
0x1C1C , 7200 
0x5A5A , 6367 
0x6E6E , -796 

15:24:13.731:
0x2020 , 1748 
0x3E3E , 5814 
0x1C1C , 6962 
0x5A5A , 6467 
0x6E6E , 4432 

15:24:14.544:
0x2020 , 1655 
0x3E3E , 5623 
0x1C1C , 6866 
0x5A5A , -339 
0x6E6E , -796 

15:24:15.153:
0x2020 , 1556 
0x3E3E , 5373 
0x1C1C , 6711 
0x5A5A , 6568 
0x6E6E , 5147 

15:24:15.842:
0x2020 , 1591 
0x3E3E , 5220 
0x1C1C , 6478 
0x5A5A , 6587 
0x6E6E , -796 

15:24:16.475:
0x2020 , 1517 
0x3E3E , 4932 
0x1C1C , 6337 
0x5A5A , 6649 
0x6E6E , 5606 

15:24:17.303:
0x2020 , 1457 
0x3E3E , 4709 
0x1C1C , 6177 
0x5A5A , -339 
0x6E6E , -796 

15:24:17.881:
0x2020 , 1576 
0x3E3E , 4473 
0x1C1C , 6104 
0x5A5A , 6816 
0x6E6E , 6024 

15:24:18.569:
0x2020 , 1591 
0x3E3E , 4306 
0x1C1C , 6017 
0x5A5A , 6830 
0x6E6E , -796 

15:24:19.147:
0x2020 , 1773 
0x3E3E , 4129 
0x1C1C , 5958 
0x5A5A , 6954 
0x6E6E , 6371 

15:24:19.822:
0x2020 , 1773 
0x3E3E , 3883 
0x1C1C , 5853 
0x5A5A , 7026 
0x6E6E , -796 

15:24:20.449:
0x2020 , 1813 
0x3E3E , 3874 
0x1C1C , 5775 
0x5A5A , 7068 
0x6E6E , 6643 

15:24:21.231:
0x2020 , 1995 
0x3E3E , 3828 
0x1C1C , 5684 
0x5A5A , -339 
0x6E6E , -796 

15:24:21.817:
0x2020 , 1961 
0x3E3E , 3661 
0x1C1C , 5524 
0x5A5A , 7135 
0x6E6E , 6810 

15:24:22.528:
0x2020 , 2439 
0x3E3E , 3489 
0x1C1C , 5177 
0x5A5A , 7212 
0x6E6E , -796 

15:24:23.163:
0x2020 , 2059 
0x3E3E , 3313 
0x1C1C , 4848 
0x5A5A , 7350 
0x6E6E , 7278 

15:24:24.600:
0x2020 , 2405 
0x3E3E , -218 
0x1C1C , -159 
0x5A5A , -339 
0x6E6E , -796 

15:24:25.210:
0x2020 , 2449 
0x3E3E , 3062 
0x1C1C , 4597 
0x5A5A , -339 
0x6E6E , 7424 

15:24:26.035:
0x2020 , 2291 
0x3E3E , -218 
0x1C1C , 4438 
0x5A5A , 7417 
0x6E6E , -796 

15:24:26.622:
0x2020 , 2271 
0x3E3E , 3795 
0x1C1C , 4333 
0x5A5A , 7493 
0x6E6E , 7323 

15:24:27.388:
0x2020 , 2410 
0x3E3E , -218 
0x1C1C , 4218 
0x5A5A , 7569 
0x6E6E , -796 

15:24:27.953:
0x2020 , 2642 
0x3E3E , 3679 
0x1C1C , 4045 
0x5A5A , 7316 
0x6E6E , 7328 

15:24:28.750:
0x2020 , 2794 
0x3E3E , -218 
0x1C1C , 3926 
0x5A5A , 7231 
0x6E6E , -796 

15:24:29.359:
0x2020 , 2987 
0x3E3E , 3665 
0x1C1C , 3734 
0x5A5A , 6983 
0x6E6E , 7273 

15:24:30.141:
0x2020 , 3253 
0x3E3E , -218 
0x1C1C , 3607 
0x5A5A , 6849 
0x6E6E , -796 

15:24:30.734:
0x2020 , 3322 
0x3E3E , 3698 
0x1C1C , 3566 
0x5A5A , 6897 
0x6E6E , 7243 

15:24:31.547:
0x2020 , 3505 
0x3E3E , -218 
0x1C1C , 3470 
0x5A5A , 6701 
0x6E6E , -796 

15:24:32.156:
0x2020 , 3589 
0x3E3E , 3962 
0x1C1C , 3410 
0x5A5A , 6549 
0x6E6E , 7107 

15:24:33.589:
0x2020 , 3885 
0x3E3E , -218 
0x1C1C , -159 
0x5A5A , -339 
0x6E6E , -796 

15:24:34.200:
0x2020 , 4151 
0x3E3E , 4663 
0x1C1C , 3314 
0x5A5A , 5971 
0x6E6E , 6986 

15:24:35.028:
0x2020 , 4403 
0x3E3E , 4760 
0x1C1C , 3086 
0x5A5A , -339 
0x6E6E , -796 

15:24:35.621:
0x2020 , 4615 
0x3E3E , 4384 
0x1C1C , 3228 
0x5A5A , 5623 
0x6E6E , 6926 

15:24:36.293:
0x2020 , 4822 
0x3E3E , 5043 
0x1C1C , 3232 
0x5A5A , 5456 
0x6E6E , -796 

15:24:37.690:
0x2020 , 5104 
0x3E3E , -218 
0x1C1C , -159 
0x5A5A , -339 
0x6E6E , -796 

15:24:38.300:
0x2020 , 5533 
0x3E3E , 5373 
0x1C1C , 2986 
0x5A5A , 5032 
0x6E6E , 7117 

15:24:39.087:
0x2020 , 5785 
0x3E3E , -218 
0x1C1C , 2849 
0x5A5A , 4812 
0x6E6E , -796 

15:24:39.696:
0x2020 , 6002 
0x3E3E , 5670 
0x1C1C , 2885 
0x5A5A , 4755 
0x6E6E , 7137 

15:24:40.559:
0x2020 , 6105 
0x3E3E , -218 
0x1C1C , -159 
0x5A5A , 4540 
0x6E6E , -796 

15:24:41.152:
0x2020 , 6091 
0x3E3E , 5846 
0x1C1C , 3045 
0x5A5A , 4817 
0x6E6E , 7036 

15:24:41.966:
0x2020 , 6086 
0x3E3E , -218 
0x1C1C , 2881 
0x5A5A , 4478 
0x6E6E , -796 

15:24:42.591:
0x2020 , 6046 
0x3E3E , 5934 
0x1C1C , 2794 
0x5A5A , 4516 
0x6E6E , 7258 

15:24:43.372:
0x2020 , 6036 
0x3E3E , -218 
0x1C1C , 2716 
0x5A5A , 4474 
0x6E6E , -796 

15:24:44.028:
0x2020 , 5982 
0x3E3E , 5971 
0x1C1C , 3109 
0x5A5A , 4268 
0x6E6E , 6860 

15:24:44.796:
0x2020 , 5903 
0x3E3E , -218 
0x1C1C , 3319 
0x5A5A , 3963 
0x6E6E , -796 

15:24:45.468:
0x2020 , -688 
0x3E3E , 6296 
0x1C1C , 3602 
0x5A5A , 3787 
0x6E6E , 6190 

15:24:46.291:
0x2020 , 5804 
0x3E3E , -218 
0x1C1C , -159 
0x5A5A , 3620 
0x6E6E , -796 

15:24:46.901:
0x2020 , 5799 
0x3E3E , 6616 
0x1C1C , 4159 
0x5A5A , 3510 
0x6E6E , 5636 

15:24:47.684:
0x2020 , 5696 
0x3E3E , -218 
0x1C1C , 4492 
0x5A5A , 3248 
0x6E6E , -796 

15:24:48.294:
0x2020 , 5627 
0x3E3E , 7002 
0x1C1C , 4862 
0x5A5A , 3114 
0x6E6E , 5127 

15:24:49.059:
0x2020 , 5632 
0x3E3E , -218 
0x1C1C , 4899 
0x5A5A , 3085 
0x6E6E , -796 

15:24:49.684:
0x2020 , 5646 
0x3E3E , 7479 
0x1C1C , 5282 
0x5A5A , 2976 
0x6E6E , 4442 

15:24:50.481:
0x2020 , 5676 
0x3E3E , -218 
0x1C1C , 5821 
0x5A5A , 2895 
0x6E6E , -796 

15:24:51.110:
0x2020 , 5775 
0x3E3E , 7721 
0x1C1C , 5816 
0x5A5A , 2957 
0x6E6E , 3918 

15:24:51.954:
0x2020 , 5765 
0x3E3E , -218 
0x1C1C , -159 
0x5A5A , 2718 
0x6E6E , -796 

15:24:52.600:
0x2020 , 5809 
0x3E3E , 8064 
0x1C1C , 6159 
0x5A5A , 2709 
0x6E6E , 3329 

15:24:53.366:
0x2020 , 5888 
0x3E3E , -218 
0x1C1C , 6337 
0x5A5A , 2666 
0x6E6E , -796 

15:24:53.950:
0x2020 , 6026 
0x3E3E , 8264 
0x1C1C , 6497 
0x5A5A , 2690 
0x6E6E , 3016 

15:24:54.699:
0x2020 , 5992 
0x3E3E , -218 
0x1C1C , 6652 
0x5A5A , 2818 
0x6E6E , -796 

15:24:55.325:
0x2020 , 6081 
0x3E3E , 8482 
0x1C1C , 6729 
0x5A5A , 2732 
0x6E6E , 2780 

15:24:56.098:
0x2020 , 6056 
0x3E3E , -218 
0x1C1C , 7035 
0x5A5A , 2713 
0x6E6E , -796 

15:24:56.714:
0x2020 , 6184 
0x3E3E , 8496 
0x1C1C , 6725 
0x5A5A , 2971 
0x6E6E , 2482 

15:24:57.466:
0x2020 , 6130 
0x3E3E , -218 
0x1C1C , 6930 
0x5A5A , 3062 
0x6E6E , -796 

15:24:58.107:
0x2020 , 6086 
0x3E3E , 8426 
0x1C1C , 6908 
0x5A5A , 3143 
0x6E6E , 2422 

15:24:58.905:
0x2020 , 5923 
0x3E3E , -218 
0x1C1C , 7108 
0x5A5A , 3252 
0x6E6E , -796 

15:24:59.530:
0x2020 , 5785 
0x3E3E , 8375 
0x1C1C , 6885 
0x5A5A , 3343 
0x6E6E , 2387 

15:25:00.420:
0x2020 , 5410 
0x3E3E , -218 
0x1C1C , -159 
0x5A5A , 3753 
0x6E6E , -796 

15:25:01.029:
0x2020 , 5326 
0x3E3E , 8162 
0x1C1C , 7081 
0x5A5A , 3939 
0x6E6E , 2588 

15:25:01.808:
0x2020 , 5247 
0x3E3E , -218 
0x1C1C , 7054 
0x5A5A , 4192 
0x6E6E , -796 

15:25:02.487:
0x2020 , -688 
0x3E3E , 8055 
0x1C1C , 7040 
0x5A5A , 4388 
0x6E6E , 2598 

15:25:03.240:
0x2020 , 4660 
0x3E3E , -218 
0x1C1C , 7045 
0x5A5A , 4564 
0x6E6E , -796 

15:25:03.860:
0x2020 , 4571 
0x3E3E , 7902 
0x1C1C , 7072 
0x5A5A , 4822 
0x6E6E , 2634 

15:25:04.626:
0x2020 , 4452 
0x3E3E , -218 
0x1C1C , 7118 
0x5A5A , 4874 
0x6E6E , -796 

15:25:05.235:
0x2020 , 4048 
0x3E3E , 7665 
0x1C1C , 7200 
0x5A5A , 4822 
0x6E6E , 2588 

15:25:06.012:
0x2020 , 3845 
0x3E3E , -218 
0x1C1C , 7250 
0x5A5A , 5189 
0x6E6E , -796 

15:25:06.637:
0x2020 , 3609 
0x3E3E , 7373 
0x1C1C , 7401 
0x5A5A , 5623 
0x6E6E , 2845 

15:25:07.428:
0x2020 , 3495 
0x3E3E , -218 
0x1C1C , 7382 
0x5A5A , 5952 
0x6E6E , -796 

15:25:08.055:
0x2020 , 3209 
0x3E3E , 7247 
0x1C1C , 7515 
0x5A5A , 6210 
0x6E6E , 3248 

15:25:08.842:
0x2020 , 3036 
0x3E3E , -218 
0x1C1C , 7556 
0x5A5A , 6391 
0x6E6E , -796 

15:25:09.481:
0x2020 , 2691 
0x3E3E , 7150 
0x1C1C , 7638 
0x5A5A , 6448 
0x6E6E , 3480 

15:25:10.247:
0x2020 , 2716 
0x3E3E , -218 
0x1C1C , 7661 
0x5A5A , 6549 
0x6E6E , -796 

15:25:10.840:
0x2020 , 2449 
0x3E3E , 7141 
0x1C1C , 7656 
0x5A5A , 6539 
0x6E6E , 3233 

15:25:11.528:
0x2020 , 2380 
0x3E3E , 7076 
0x1C1C , 7624 
0x5A5A , 6458 
0x6E6E , -796 

15:25:12.106:
0x2020 , 2345 
0x3E3E , 6932 
0x1C1C , 7656 
0x5A5A , 6334 
0x6E6E , 3223 

15:25:12.965:
0x2020 , 2370 
0x3E3E , -218 
0x1C1C , -159 
0x5A5A , 6320 
0x6E6E , -796 

15:25:13.575:
0x2020 , 2296 
0x3E3E , 6742 
0x1C1C , 7556 
0x5A5A , 6324 
0x6E6E , 3515 

15:25:14.356:
0x2020 , 2247 
0x3E3E , 6691 
0x1C1C , -159 
0x5A5A , 6367 
0x6E6E , -796 

15:25:14.972:
0x2020 , 2286 
0x3E3E , 6774 
0x1C1C , 7588 
0x5A5A , 6401 
0x6E6E , 3440 

15:25:15.855:
0x2020 , 2267 
0x3E3E , -218 
0x1C1C , -159 
0x5A5A , 6343 
0x6E6E , -796 

15:25:16.497:
0x2020 , 2306 
0x3E3E , 6867 
0x1C1C , 7720 
0x5A5A , 6377 
0x6E6E , 3268 

15:25:17.278:
0x2020 , 2419 
0x3E3E , 6853 
0x1C1C , -159 
0x5A5A , 6310 
0x6E6E , -796 

15:25:17.934:
0x2020 , 2385 
0x3E3E , 6830 
0x1C1C , 7597 
0x5A5A , 6329 
0x6E6E , 3581 

15:25:18.700:
0x2020 , 2341 
0x3E3E , -218 
0x1C1C , 7483 
0x5A5A , 6315 
0x6E6E , -796 

15:25:19.294:
0x2020 , 2345 
0x3E3E , 6793 
0x1C1C , 8268 
0x5A5A , 6320 
0x6E6E , 3686 

15:25:19.966:
0x2020 , 2286 
0x3E3E , 6765 
0x1C1C , 8264 
0x5A5A , 6424 
0x6E6E , -796 

15:25:20.544:
0x2020 , 2331 
0x3E3E , 6756 
0x1C1C , 8099 
0x5A5A , 6424 
0x6E6E , 3757 

15:25:21.981:
0x2020 , 2306 
0x3E3E , -218 
0x1C1C , -159 
0x5A5A , -339 
0x6E6E , -796 

15:25:22.591:
0x2020 , 2321 
0x3E3E , 6765 
0x1C1C , 7624 
0x5A5A , 6420 
0x6E6E , 3727 

15:25:23.357:
0x2020 , 2207 
0x3E3E , 6691 
0x1C1C , 7866 
0x5A5A , -339 
0x6E6E , -796 

15:25:24.002:
0x2020 , 2054 
0x3E3E , 6477 
0x1C1C , 7656 
0x5A5A , 6372 
0x6E6E , 3999 

15:25:24.851:
0x2020 , 1970 
0x3E3E , 6292 
0x1C1C , -159 
0x5A5A , -339 
0x6E6E , -796 

15:25:25.476:
0x2020 , 1852 
0x3E3E , 6060 
0x1C1C , 7268 
0x5A5A , 6420 
0x6E6E , 4447 

15:25:26.252:
0x2020 , 1827 
0x3E3E , 5939 
0x1C1C , 7172 
0x5A5A , -339 
0x6E6E , -796 

15:25:26.909:
0x2020 , 1719 
0x3E3E , 5777 
0x1C1C , 6935 
0x5A5A , 6472 
0x6E6E , 4644 

15:25:27.674:
0x2020 , 1689 
0x3E3E , 5674 
0x1C1C , 6898 
0x5A5A , -339 
0x6E6E , -796 

15:25:28.268:
0x2020 , 1556 
0x3E3E , 5433 
0x1C1C , 6798 
0x5A5A , 6453 
0x6E6E , 5041 

15:25:29.018:
0x2020 , 1512 
0x3E3E , 5336 
0x1C1C , 6757 
0x5A5A , -339 
0x6E6E , -796 

15:25:29.636:
0x2020 , 1517 
0x3E3E , 5183 
0x1C1C , 6597 
0x5A5A , 6587 
0x6E6E , 5319 

15:25:30.403:
0x2020 , 1526 
0x3E3E , 5053 
0x1C1C , 6437 
0x5A5A , -339 
0x6E6E , -796 

15:25:31.024:
0x2020 , 1423 
0x3E3E , 4816 
0x1C1C , 6328 
0x5A5A , 6692 
0x6E6E , 5646 

15:25:31.790:
0x2020 , 1368 
0x3E3E , 4640 
0x1C1C , 6209 
0x5A5A , -339 
0x6E6E , -796 

15:25:32.421:
0x2020 , 2118 
0x3E3E , 4435 
0x1C1C , 6099 
0x5A5A , 6816 
0x6E6E , 6039 

15:25:33.108:
0x2020 , 1778 
0x3E3E , 4296 
0x1C1C , 5967 
0x5A5A , 6811 
0x6E6E , -796 

15:25:33.733:
0x2020 , 1906 
0x3E3E , 4069 
0x1C1C , 5935 
0x5A5A , 6916 
0x6E6E , 6412 

15:25:34.530:
0x2020 , 2005 
0x3E3E , 3879 
0x1C1C , 5775 
0x5A5A , -339 
0x6E6E , -796 

15:25:35.171:
0x2020 , 1892 
0x3E3E , 3656 
0x1C1C , 5584 
0x5A5A , 7197 
0x6E6E , 6870 

15:25:35.939:
0x2020 , 1906 
0x3E3E , 3586 
0x1C1C , 5479 
0x5A5A , -339 
0x6E6E , -796 

15:25:36.526:
0x2020 , 2178 
0x3E3E , 3438 
0x1C1C , 5401 
0x5A5A , 7188 
0x6E6E , 7031 

15:25:37.215:
0x2020 , 1901 
0x3E3E , 3350 
0x1C1C , 5323 
0x5A5A , -339 
0x6E6E , -796 

15:25:37.793:
0x2020 , 2094 
0x3E3E , 3229 
0x1C1C , 5282 
0x5A5A , -339 
0x6E6E , 7409 

15:25:38.590:
0x2020 , 2049 
0x3E3E , 3127 
0x1C1C , 5173 
0x5A5A , -339 
0x6E6E , -796 

15:25:39.199:
0x2020 , 1995 
0x3E3E , 3030 
0x1C1C , 4789 
0x5A5A , 7436 
0x6E6E , 7208 

15:25:39.965:
0x2020 , 2212 
0x3E3E , 3173 
0x1C1C , 4456 
0x5A5A , -339 
0x6E6E , -796 

15:25:40.593:
0x2020 , 2350 
0x3E3E , 3262 
0x1C1C , 4314 
0x5A5A , 7669 
0x6E6E , 7389 

15:25:41.393:
0x2020 , 2424 
0x3E3E , 3489 
0x1C1C , 4273 
0x5A5A , -339 
0x6E6E , -796 

15:25:42.018:
0x2020 , 2498 
0x3E3E , 3234 
0x1C1C , 4182 
0x5A5A , 7622 
0x6E6E , 7465 

15:25:42.721:
0x2020 , 2671 
0x3E3E , 3076 
0x1C1C , 4004 
0x5A5A , 7388 
0x6E6E , -796 

15:25:43.339:
0x2020 , 2864 
0x3E3E , 3094 
0x1C1C , 3876 
0x5A5A , 7293 
0x6E6E , 7424 

15:25:44.121:
0x2020 , 3002 
0x3E3E , 3113 
0x1C1C , 3730 
0x5A5A , -339 
0x6E6E , -796 

15:25:44.717:
0x2020 , 3194 
0x3E3E , 3183 
0x1C1C , 3584 
0x5A5A , 7102 
0x6E6E , 7369 

15:25:45.389:
0x2020 , 3377 
0x3E3E , 3238 
0x1C1C , 3515 
0x5A5A , 6954 
0x6E6E , -796 

15:25:45.988:
0x2020 , 3441 
0x3E3E , 3424 
0x1C1C , 3479 
0x5A5A , 6792 
0x6E6E , 7323 

15:25:46.769:
0x2020 , 3599 
0x3E3E , 3614 
0x1C1C , 3419 
0x5A5A , -339 
0x6E6E , -796 

15:25:47.379:
0x2020 , 3732 
0x3E3E , 3786 
0x1C1C , 3346 
0x5A5A , 6405 
0x6E6E , 7147 

15:25:48.082:
0x2020 , 3994 
0x3E3E , 3981 
0x1C1C , 3241 
0x5A5A , 6258 
0x6E6E , -796 

15:25:48.676:
0x2020 , 4176 
0x3E3E , 4148 
0x1C1C , 3250 
0x5A5A , 6038 
0x6E6E , 7082 

15:25:49.613:
0x2020 , 4319 
0x3E3E , -218 
0x1C1C , -159 
0x5A5A , -339 
0x6E6E , -796 

15:25:50.340:
0x2020 , -688 
0x3E3E , 4760 
0x1C1C , 2958 
0x5A5A , 5642 
0x6E6E , 7031 

15:25:51.126:
0x2020 , 4753 
0x3E3E , 4454 
0x1C1C , 3488 
0x5A5A , -339 
0x6E6E , -796 

15:25:51.778:
0x2020 , 4956 
0x3E3E , 5192 
0x1C1C , 3209 
0x5A5A , 5261 
0x6E6E , 7016 

15:25:52.606:
0x2020 , 5188 
0x3E3E , -218 
0x1C1C , 3127 
0x5A5A , -339 
0x6E6E , -796 

15:25:53.201:
0x2020 , 5518 
0x3E3E , 5173 
0x1C1C , 2981 
0x5A5A , 4960 
0x6E6E , 7172 

15:25:54.076:
0x2020 , 5735 
0x3E3E , 5266 
0x1C1C , -159 
0x5A5A , -339 
0x6E6E , -796 

15:25:54.658:
0x2020 , 5883 
0x3E3E , 5401 
0x1C1C , 2881 
0x5A5A , 4741 
0x6E6E , 7122 

15:25:55.345:
0x2020 , 5987 
0x3E3E , 5484 
0x1C1C , 2899 
0x5A5A , 4893 
0x6E6E , -796 

15:25:55.965:
0x2020 , 6017 
0x3E3E , 5716 
0x1C1C , 2639 
0x5A5A , 4683 
0x6E6E , 7117 

15:25:56.738:
0x2020 , 6026 
0x3E3E , 5879 
0x1C1C , 2547 
0x5A5A , -339 
0x6E6E , -796 

15:25:57.371:
0x2020 , 6012 
0x3E3E , 5846 
0x1C1C , 2461 
0x5A5A , 4631 
0x6E6E , 7323 

15:25:58.168:
0x2020 , 6066 
0x3E3E , 5832 
0x1C1C , 2483 
0x5A5A , -339 
0x6E6E , -796 

15:25:58.794:
0x2020 , 6105 
0x3E3E , 5897 
0x1C1C , 2689 
0x5A5A , 4373 
0x6E6E , 7117 

15:25:59.575:
0x2020 , 6036 
0x3E3E , -218 
0x1C1C , 3059 
0x5A5A , 4121 
0x6E6E , -796 

15:26:00.215:
0x2020 , 5957 
0x3E3E , 6264 
0x1C1C , 3333 
0x5A5A , 3944 
0x6E6E , 6422 

15:26:01.061:
0x2020 , 5829 
0x3E3E , -218 
0x1C1C , 3483 
0x5A5A , -339 
0x6E6E , -796 

15:26:01.641:
0x2020 , 5844 
0x3E3E , 6524 
0x1C1C , 3712 
0x5A5A , 3605 
0x6E6E , 5928 

15:26:02.344:
0x2020 , 5735 
0x3E3E , 6570 
0x1C1C , 3849 
0x5A5A , 3443 
0x6E6E , -796 

15:26:02.954:
0x2020 , 5943 
0x3E3E , 6612 
0x1C1C , 3967 
0x5A5A , 3295 
0x6E6E , 5686 

15:26:03.729:
0x2020 , 5908 
0x3E3E , 6695 
0x1C1C , 4241 
0x5A5A , -339 
0x6E6E , -796 

15:26:04.339:
0x2020 , 5691 
0x3E3E , 6867 
0x1C1C , 4570 
0x5A5A , 3124 
0x6E6E , 5253 

15:26:05.105:
0x2020 , 5770 
0x3E3E , 6964 
0x1C1C , 4794 
0x5A5A , -339 
0x6E6E , -796 

15:26:05.732:
0x2020 , 5795 
0x3E3E , 7238 
0x1C1C , 5241 
0x5A5A , 2895 
0x6E6E , 4754 

15:26:06.523:
0x2020 , 5967 
0x3E3E , 7535 
0x1C1C , 5442 
0x5A5A , -339 
0x6E6E , -796 

15:26:07.148:
0x2020 , 5829 
0x3E3E , 7572 
0x1C1C , 5625 
0x5A5A , 2656 
0x6E6E , 4195 

15:26:07.930:
0x2020 , 5987 
0x3E3E , 7823 
0x1C1C , 5903 
0x5A5A , -339 
0x6E6E , -796 

15:26:08.586:
0x2020 , 5947 
0x3E3E , 7948 
0x1C1C , 6109 
0x5A5A , 2575 
0x6E6E , 3440 

15:26:09.351:
0x2020 , 6031 
0x3E3E , 8718 
0x1C1C , 6296 
0x5A5A , -339 
0x6E6E , -796 

15:26:09.930:
0x2020 , 6051 
0x3E3E , 8240 
0x1C1C , 6529 
0x5A5A , 2890 
0x6E6E , 2966 

15:26:10.680:
0x2020 , 6061 
0x3E3E , 8291 
0x1C1C , 6624 
0x5A5A , -339 
0x6E6E , -796 

15:26:11.305:
0x2020 , 6130 
0x3E3E , 8412 
0x1C1C , 6885 
0x5A5A , 2928 
0x6E6E , 2699 

15:26:12.086:
0x2020 , 6056 
0x3E3E , 8459 
0x1C1C , 7099 
0x5A5A , -339 
0x6E6E , -796 

15:26:12.686:
0x2020 , 6332 
0x3E3E , 8514 
0x1C1C , 6830 
0x5A5A , 2871 
0x6E6E , 2513 

15:26:13.452:
0x2020 , 6170 
0x3E3E , 8561 
0x1C1C , 6885 
0x5A5A , -339 
0x6E6E , -796 

15:26:14.095:
0x2020 , 5893 
0x3E3E , 8500 
0x1C1C , 6898 
0x5A5A , 3186 
0x6E6E , 2538 

15:26:14.782:
0x2020 , 5809 
0x3E3E , 8370 
0x1C1C , 6898 
0x5A5A , 3124 
0x6E6E , -796 

15:26:15.407:
0x2020 , 5637 
0x3E3E , 8305 
0x1C1C , 6994 
0x5A5A , 3386 
0x6E6E , 2422 

15:26:16.206:
0x2020 , 5439 
0x3E3E , 8282 
0x1C1C , 7035 
0x5A5A , -339 
0x6E6E , -796 

15:26:16.847:
0x2020 , 5217 
0x3E3E , 7962 
0x1C1C , 6939 
0x5A5A , 4135 
0x6E6E , 2634 

15:26:17.678:
0x2020 , 4946 
0x3E3E , -218 
0x1C1C , 6949 
0x5A5A , -339 
0x6E6E , -796 

15:26:18.277:
0x2020 , 4610 
0x3E3E , 7739 
0x1C1C , 7026 
0x5A5A , 4578 
0x6E6E , 2573 

15:26:19.043:
0x2020 , 4398 
0x3E3E , -218 
0x1C1C , 7076 
0x5A5A , 4626 
0x6E6E , -796 

15:26:19.637:
0x2020 , 4477 
0x3E3E , 7646 
0x1C1C , 7140 
0x5A5A , 4722 
0x6E6E , 2598 

15:26:20.516:
0x2020 , 4408 
0x3E3E , 7619 
0x1C1C , -159 
0x5A5A , -339 
0x6E6E , -796 

15:26:21.112:
0x2020 , 4521 
0x3E3E , 7735 
0x1C1C , 7086 
0x5A5A , 4717 
0x6E6E , 2634 

15:26:22.013:
0x2020 , 4541 
0x3E3E , -218 
0x1C1C , 7159 
0x5A5A , -339 
0x6E6E , -796 

15:26:22.671:
0x2020 , 4364 
0x3E3E , 7554 
0x1C1C , 7072 
0x5A5A , -339 
0x6E6E , -796 

15:26:23.483:
0x2020 , 4186 
0x3E3E , -218 
0x1C1C , 7259 
0x5A5A , 4970 
0x6E6E , -796 

15:26:24.108:
0x2020 , 3831 
0x3E3E , 7294 
0x1C1C , 7204 
0x5A5A , 5432 
0x6E6E , 3132 

15:26:24.884:
0x2020 , 3599 
0x3E3E , 7234 
0x1C1C , 7259 
0x5A5A , -339 
0x6E6E , -796 

15:26:25.605:
0x2020 , -688 
0x3E3E , 7155 
0x1C1C , 7428 
0x5A5A , 5938 
0x6E6E , 3309 

15:26:26.392:
0x2020 , 3357 
0x3E3E , 7062 
0x1C1C , 7414 
0x5A5A , -339 
0x6E6E , -796 

15:26:27.773:
0x2020 , 3293 
0x3E3E , -218 
0x1C1C , -159 
0x5A5A , -339 
0x6E6E , -796 

15:26:29.736:
0x2020 , 2888 
0x3E3E , 6890 
0x1C1C , 7629 
0x5A5A , 6553 
0x6E6E , 3399 

15:26:30.549:
0x2020 , 2607 
0x3E3E , -218 
0x1C1C , 7551 
0x5A5A , 6329 
0x6E6E , -796 

15:26:31.955:
0x2020 , 2316 
0x3E3E , -218 
0x1C1C , -159 
0x5A5A , -339 
0x6E6E , -796 

15:26:32.562:
0x2020 , 2271 
0x3E3E , 6834 
0x1C1C , 7620 
0x5A5A , 6448 
0x6E6E , 3414 

15:26:33.434:
0x2020 , 2267 
0x3E3E , -218 
0x1C1C , 7560 
0x5A5A , -339 
0x6E6E , -796 

15:26:34.082:
0x2020 , 2281 
0x3E3E , 6821 
0x1C1C , 7570 
0x5A5A , 6415 
0x6E6E , 3566 

15:26:34.785:
0x2020 , 2286 
0x3E3E , 6783 
0x1C1C , 7547 
0x5A5A , 6482 
0x6E6E , -796 

15:26:35.399:
0x2020 , 2321 
0x3E3E , 6881 
0x1C1C , 7638 
0x5A5A , 6415 
0x6E6E , 3530 

15:26:36.290:
0x2020 , 2296 
0x3E3E , 6811 
0x1C1C , -159 
0x5A5A , -339 
0x6E6E , -796 

15:26:36.899:
0x2020 , 2345 
0x3E3E , 6751 
0x1C1C , 7629 
0x5A5A , 6448 
0x6E6E , 3606 

15:26:37.750:
0x2020 , 2306 
0x3E3E , 6793 
0x1C1C , -159 
0x5A5A , -339 
0x6E6E , -796 

15:26:38.438:
0x2020 , 2321 
0x3E3E , -218 
0x1C1C , 7780 
0x5A5A , 6396 
0x6E6E , 3742 

15:26:39.214:
0x2020 , 2311 
0x3E3E , -218 
0x1C1C , 7812 
0x5A5A , 6391 
0x6E6E , -796 

15:26:39.808:
0x2020 , 2341 
0x3E3E , 6797 
0x1C1C , 7611 
0x5A5A , 6424 
0x6E6E , 3722 

15:26:40.578:
0x2020 , 2296 
0x3E3E , 6793 
0x1C1C , 7547 
0x5A5A , -339 
0x6E6E , -796 

15:26:41.177:
0x2020 , 2291 
0x3E3E , 6783 
0x1C1C , 7574 
0x5A5A , 6444 
0x6E6E , 3651 

15:26:41.994:
0x2020 , 2296 
0x3E3E , 6797 
0x1C1C , 7570 
0x5A5A , -339 
0x6E6E , -796 

15:26:42.619:
0x2020 , 2311 
0x3E3E , 6825 
0x1C1C , 7519 
0x5A5A , 6382 
0x6E6E , 3702 

15:29:34.386:
0x2020 , 2237 
0x3E3E , 6853 
0x1C1C , 8186 
0x5A5A , 6653 
0x6E6E , 3737 

15:29:35.091:
0x2020 , 2247 
0x3E3E , 6839 
0x1C1C , 7889 
0x5A5A , 6534 
0x6E6E , -796 

15:29:35.700:
0x2020 , 2267 
0x3E3E , 6844 
0x1C1C , 7780 
0x5A5A , 6601 
0x6E6E , 3767 

15:29:36.382:
0x2020 , 2267 
0x3E3E , 6862 
0x1C1C , 7798 
0x5A5A , 6582 
0x6E6E , -796 

15:29:36.976:
0x2020 , 2222 
0x3E3E , 6830 
0x1C1C , 7716 
0x5A5A , 6558 
0x6E6E , 3833 

15:29:37.742:
0x2020 , 2217 
0x3E3E , 6830 
0x1C1C , 7770 
0x5A5A , -339 
0x6E6E , -796 

15:29:38.335:
0x2020 , 2212 
0x3E3E , 6825 
0x1C1C , 7684 
0x5A5A , 6515 
0x6E6E , 3888 

15:29:39.039:
0x2020 , 2242 
0x3E3E , 6816 
0x1C1C , 7638 
0x5A5A , 6553 
0x6E6E , -796 

15:29:39.648:
0x2020 , 2227 
0x3E3E , 6797 
0x1C1C , 7602 
0x5A5A , 6572 
0x6E6E , 3762 

15:29:40.367:
0x2020 , 2267 
0x3E3E , 6793 
0x1C1C , 7592 
0x5A5A , 6539 
0x6E6E , -796 

15:29:40.945:
0x2020 , 2193 
0x3E3E , 6797 
0x1C1C , 7606 
0x5A5A , 6525 
0x6E6E , 3918 

15:29:41.768:
0x2020 , 2252 
0x3E3E , 6807 
0x1C1C , 7588 
0x5A5A , -339 
0x6E6E , -796 

15:29:42.455:
0x2020 , -688 
0x3E3E , 6760 
0x1C1C , 7588 
0x5A5A , 6487 
0x6E6E , 3848 

15:29:43.189:
0x2020 , 2237 
0x3E3E , 6821 
0x1C1C , 7624 
0x5A5A , 6563 
0x6E6E , -796 

15:29:43.798:
0x2020 , 2262 
0x3E3E , 6807 
0x1C1C , 7656 
0x5A5A , 6515 
0x6E6E , 3883 

15:29:44.480:
0x2020 , 2247 
0x3E3E , 6793 
0x1C1C , 7638 
0x5A5A , 6496 
0x6E6E , -796 

15:29:45.073:
0x2020 , 2232 
0x3E3E , 6774 
0x1C1C , 7656 
0x5A5A , 6510 
0x6E6E , 3807 

15:29:45.776:
0x2020 , 2212 
0x3E3E , 6774 
0x1C1C , 7734 
0x5A5A , 6510 
0x6E6E , -796 

15:29:46.349:
0x2020 , 2257 
0x3E3E , 6742 
0x1C1C , 7976 
0x5A5A , 6539 
0x6E6E , 3555 

15:29:47.048:
0x2020 , 2271 
0x3E3E , 6756 
0x1C1C , 7903 
0x5A5A , 6563 
0x6E6E , -796 

15:29:47.642:
0x2020 , 2326 
0x3E3E , 6783 
0x1C1C , 7862 
0x5A5A , 6572 
0x6E6E , 3550 

15:29:48.364:
0x2020 , 2360 
0x3E3E , 6811 
0x1C1C , 7812 
0x5A5A , 6577 
0x6E6E , -796 

15:29:48.976:
0x2020 , 2286 
0x3E3E , 6783 
0x1C1C , 7889 
0x5A5A , 6577 
0x6E6E , 3520 

15:29:49.669:
0x2020 , 2316 
0x3E3E , 6732 
0x1C1C , 7866 
0x5A5A , 6606 
0x6E6E , -796 

15:29:50.294:
0x2020 , 2321 
0x3E3E , 6783 
0x1C1C , 7816 
0x5A5A , 6568 
0x6E6E , 3550 

15:29:51.028:
0x2020 , 2262 
0x3E3E , 6756 
0x1C1C , 7939 
0x5A5A , 6525 
0x6E6E , -796 

15:29:51.630:
0x2020 , 2262 
0x3E3E , 6811 
0x1C1C , 7862 
0x5A5A , 6558 
0x6E6E , 3510 

15:29:52.412:
0x2020 , 2276 
0x3E3E , 6756 
0x1C1C , 7903 
0x5A5A , -339 
0x6E6E , -796 

15:29:52.990:
0x2020 , 2197 
0x3E3E , 6834 
0x1C1C , 7775 
0x5A5A , 6525 
0x6E6E , 3742 

15:29:53.693:
0x2020 , 2222 
0x3E3E , 6858 
0x1C1C , 7693 
0x5A5A , 6515 
0x6E6E , -796 

15:29:54.287:
0x2020 , 2247 
0x3E3E , 6825 
0x1C1C , 7647 
0x5A5A , 6520 
0x6E6E , 3767 

15:29:54.963:
0x2020 , 2237 
0x3E3E , 6839 
0x1C1C , 7679 
0x5A5A , 6553 
0x6E6E , -796 

15:29:55.559:
0x2020 , 2242 
0x3E3E , 6811 
0x1C1C , 7638 
0x5A5A , 6525 
0x6E6E , 3827 

15:29:56.287:
0x2020 , 2316 
0x3E3E , 6779 
0x1C1C , 7807 
0x5A5A , 6496 
0x6E6E , -796 

15:29:56.896:
0x2020 , 2326 
0x3E3E , 6802 
0x1C1C , 7839 
0x5A5A , 6558 
0x6E6E , 3545 

15:29:57.695:
0x2020 , 2336 
0x3E3E , 6774 
0x1C1C , 7926 
0x5A5A , -339 
0x6E6E , -796 

15:29:58.320:
0x2020 , 2267 
0x3E3E , 6765 
0x1C1C , 7912 
0x5A5A , 6582 
0x6E6E , 3525 

15:29:59.023:
0x2020 , 2380 
0x3E3E , 6807 
0x1C1C , 7738 
0x5A5A , 6563 
0x6E6E , -796 

15:30:00.449:
0x2020 , 2262 
0x3E3E , -218 
0x1C1C , -159 
0x5A5A , -339 
0x6E6E , -796 

15:30:01.058:
0x2020 , 2276 
0x3E3E , 6834 
0x1C1C , 7602 
0x5A5A , 6444 
0x6E6E , 3812 

15:30:01.740:
0x2020 , 2301 
0x3E3E , 6807 
0x1C1C , 7615 
0x5A5A , 6496 
0x6E6E , -796 

15:30:02.324:
0x2020 , 2237 
0x3E3E , 6802 
0x1C1C , 7629 
0x5A5A , 6515 
0x6E6E , 3787 

15:30:02.997:
0x2020 , 2311 
0x3E3E , 6821 
0x1C1C , 7629 
0x5A5A , 6563 
0x6E6E , -796 

15:30:03.622:
0x2020 , 2281 
0x3E3E , 6793 
0x1C1C , 7602 
0x5A5A , 6506 
0x6E6E , 3858 

15:30:04.326:
0x2020 , 2217 
0x3E3E , 6746 
0x1C1C , 7812 
0x5A5A , 6510 
0x6E6E , -796 

15:30:04.919:
0x2020 , 2202 
0x3E3E , 6672 
0x1C1C , 8076 
0x5A5A , 6491 
0x6E6E , 3853 

15:30:05.716:
0x2020 , 2257 
0x3E3E , -218 
0x1C1C , 8209 
0x5A5A , 6429 
0x6E6E , -796 

15:30:06.334:
0x2020 , 2138 
0x3E3E , 6537 
0x1C1C , 7871 
0x5A5A , 6377 
0x6E6E , 4089 

15:30:07.022:
0x2020 , 2049 
0x3E3E , 6384 
0x1C1C , 7707 
0x5A5A , 6405 
0x6E6E , -796 

15:30:08.468:
0x2020 , 1818 
0x3E3E , -218 
0x1C1C , -159 
0x5A5A , -339 
0x6E6E , -796 

15:30:09.124:
0x2020 , 1630 
0x3E3E , 5749 
0x1C1C , 7054 
0x5A5A , 6453 
0x6E6E , 4538 

15:30:09.782:
0x2020 , 1566 
0x3E3E , 5591 
0x1C1C , 6917 
0x5A5A , 6515 
0x6E6E , -796 

15:30:10.362:
0x2020 , 1467 
0x3E3E , 5322 
0x1C1C , 6611 
0x5A5A , 6539 
0x6E6E , 5102 

15:30:11.160:
0x2020 , 1521 
0x3E3E , 5150 
0x1C1C , 6624 
0x5A5A , -339 
0x6E6E , -796 

15:30:11.759:
0x2020 , 1521 
0x3E3E , 4937 
0x1C1C , 6346 
0x5A5A , 6706 
0x6E6E , 5596 

15:30:12.423:
0x2020 , 1497 
0x3E3E , 4649 
0x1C1C , 6277 
0x5A5A , 6768 
0x6E6E , -796 

15:30:13.032:
0x2020 , 1625 
0x3E3E , 4394 
0x1C1C , 5962 
0x5A5A , 6811 
0x6E6E , 6074 

15:30:13.813:
0x2020 , 1709 
0x3E3E , 4199 
0x1C1C , 5871 
0x5A5A , -339 
0x6E6E , -796 

15:30:14.438:
0x2020 , 1605 
0x3E3E , 4004 
0x1C1C , 5666 
0x5A5A , 6978 
0x6E6E , 6523 

15:30:15.142:
0x2020 , 1793 
0x3E3E , 3846 
0x1C1C , 5643 
0x5A5A , 7073 
0x6E6E , -796 

15:30:15.782:
0x2020 , 1734 
0x3E3E , 3730 
0x1C1C , 5588 
0x5A5A , 7049 
0x6E6E , 6779 

15:30:16.569:
0x2020 , 1892 
0x3E3E , 3591 
0x1C1C , 5419 
0x5A5A , -339 
0x6E6E , -796 

15:30:17.216:
0x2020 , 2183 
0x3E3E , 3405 
0x1C1C , 5369 
0x5A5A , 7169 
0x6E6E , 7051 

15:30:17.982:
0x2020 , 2118 
0x3E3E , 3243 
0x1C1C , 5223 
0x5A5A , -339 
0x6E6E , -796 

15:30:20.486:
0x2020 , 2252 
0x3E3E , 3248 
0x1C1C , 4419 
0x5A5A , 7684 
0x6E6E , 7369 

15:30:21.195:
0x2020 , 2306 
0x3E3E , 3368 
0x1C1C , 4415 
0x5A5A , 7674 
0x6E6E , -796 

15:30:21.757:
0x2020 , 2370 
0x3E3E , 3257 
0x1C1C , 4383 
0x5A5A , 7555 
0x6E6E , 7203 

15:30:22.462:
0x2020 , 2449 
0x3E3E , 3354 
0x1C1C , 4310 
0x5A5A , 7603 
0x6E6E , -796 

15:30:23.071:
0x2020 , 2597 
0x3E3E , 3396 
0x1C1C , 4173 
0x5A5A , 7436 
0x6E6E , 7198 

15:30:23.856:
0x2020 , 2691 
0x3E3E , 3378 
0x1C1C , 4054 
0x5A5A , -339 
0x6E6E , -796 

15:30:24.482:
0x2020 , 2933 
0x3E3E , 3531 
0x1C1C , 3808 
0x5A5A , 7006 
0x6E6E , 7192 

15:30:25.278:
0x2020 , 3155 
0x3E3E , -218 
0x1C1C , 3675 
0x5A5A , 6773 
0x6E6E , -796 

15:30:25.904:
0x2020 , 3436 
0x3E3E , 3865 
0x1C1C , 3561 
0x5A5A , 6630 
0x6E6E , 7082 

15:30:26.681:
0x2020 , 3574 
0x3E3E , 3930 
0x1C1C , 3410 
0x5A5A , -339 
0x6E6E , -796 

15:30:27.337:
0x2020 , 3845 
0x3E3E , 4282 
0x1C1C , 3305 
0x5A5A , 6253 
0x6E6E , 7001 

15:30:28.087:
0x2020 , 4013 
0x3E3E , 4343 
0x1C1C , 3109 
0x5A5A , -339 
0x6E6E , -796 

15:30:28.681:
0x2020 , 4359 
0x3E3E , 4616 
0x1C1C , 3159 
0x5A5A , 6210 
0x6E6E , 6981 

15:30:29.368:
0x2020 , 4571 
0x3E3E , 5067 
0x1C1C , 3123 
0x5A5A , 5699 
0x6E6E , -796 

15:30:29.942:
0x2020 , 4778 
0x3E3E , 4974 
0x1C1C , 3123 
0x5A5A , 5318 
0x6E6E , 7092 

15:30:30.742:
0x2020 , 4906 
0x3E3E , 5326 
0x1C1C , 3319 
0x5A5A , -339 
0x6E6E , -796 

15:30:31.354:
0x2020 , 5597 
0x3E3E , 5350 
0x1C1C , 2972 
0x5A5A , 4955 
0x6E6E , 7087 

15:30:32.230:
0x2020 , 5854 
0x3E3E , 5442 
0x1C1C , -159 
0x5A5A , -339 
0x6E6E , -796 

15:30:32.823:
0x2020 , 6041 
0x3E3E , 5716 
0x1C1C , 2794 
0x5A5A , 4741 
0x6E6E , 7218 

15:30:33.636:
0x2020 , 6234 
0x3E3E , -218 
0x1C1C , 2762 
0x5A5A , 4578 
0x6E6E , -796 

15:30:34.258:
0x2020 , 6204 
0x3E3E , 5925 
0x1C1C , 2666 
0x5A5A , 4774 
0x6E6E , 7223 

15:30:35.046:
0x2020 , 6100 
0x3E3E , 5902 
0x1C1C , 2799 
0x5A5A , -339 
0x6E6E , -796 

15:30:35.687:
0x2020 , 6110 
0x3E3E , 5939 
0x1C1C , 3132 
0x5A5A , 4540 
0x6E6E , 7233 

15:30:36.339:
0x2020 , 6115 
0x3E3E , 5939 
0x1C1C , 2744 
0x5A5A , 4626 
0x6E6E , -796 

15:30:36.942:
0x2020 , 6081 
0x3E3E , 5925 
0x1C1C , 2680 
0x5A5A , 4636 
0x6E6E , 7318 

15:30:37.641:
0x2020 , 6086 
0x3E3E , 5902 
0x1C1C , 2684 
0x5A5A , 4626 
0x6E6E , -796 

15:30:38.233:
0x2020 , 6071 
0x3E3E , 5920 
0x1C1C , 2684 
0x5A5A , 4626 
0x6E6E , 7374 

15:30:39.014:
0x2020 , 6031 
0x3E3E , 5851 
0x1C1C , 2666 
0x5A5A , -339 
0x6E6E , -796 

15:30:39.623:
0x2020 , 6021 
0x3E3E , 5883 
0x1C1C , 2830 
0x5A5A , 4521 
0x6E6E , 7233 

15:30:40.327:
0x2020 , 6021 
0x3E3E , 5953 
0x1C1C , 2922 
0x5A5A , 4507 
0x6E6E , -796 

15:30:40.920:
0x2020 , 6061 
0x3E3E , 5967 
0x1C1C , 2967 
0x5A5A , 4421 
0x6E6E , 7107 

15:30:41.730:
0x2020 , 5982 
0x3E3E , 5953 
0x1C1C , 3141 
0x5A5A , -339 
0x6E6E , -796 

15:30:42.355:
0x2020 , 5938 
0x3E3E , 6073 
0x1C1C , 3159 
0x5A5A , 4159 
0x6E6E , 6618 

15:30:43.136:
0x2020 , 5893 
0x3E3E , -218 
0x1C1C , 3693 
0x5A5A , 3872 
0x6E6E , -796 

15:30:43.777:
0x2020 , 5854 
0x3E3E , 6408 
0x1C1C , 3931 
0x5A5A , 3725 
0x6E6E , 6104 

15:30:44.548:
0x2020 , 5790 
0x3E3E , 6537 
0x1C1C , 4118 
0x5A5A , -339 
0x6E6E , -796 

15:30:45.131:
0x2020 , 5770 
0x3E3E , 6714 
0x1C1C , 4410 
0x5A5A , 3376 
0x6E6E , 5555 

15:30:45.826:
0x2020 , 5735 
0x3E3E , 6821 
0x1C1C , 4620 
0x5A5A , 3181 
0x6E6E , -796 

15:30:46.399:
0x2020 , 5730 
0x3E3E , 7062 
0x1C1C , 4739 
0x5A5A , 3114 
0x6E6E , 5157 

15:30:47.274:
0x2020 , 5642 
0x3E3E , -218 
0x1C1C , 4899 
0x5A5A , -339 
0x6E6E , -796 

15:30:47.870:
0x2020 , 5686 
0x3E3E , 7350 
0x1C1C , 5552 
0x5A5A , 2909 
0x6E6E , 4382 

15:30:48.652:
0x2020 , 5701 
0x3E3E , 7498 
0x1C1C , 5725 
0x5A5A , -339 
0x6E6E , -796 

15:30:49.290:
0x2020 , 5725 
0x3E3E , 7772 
0x1C1C , 5958 
0x5A5A , 2856 
0x6E6E , 3848 

15:30:50.087:
0x2020 , 5795 
0x3E3E , 7869 
0x1C1C , 6200 
0x5A5A , -339 
0x6E6E , -796 

15:30:50.712:
0x2020 , 5893 
0x3E3E , 8152 
0x1C1C , 6378 
0x5A5A , 2747 
0x6E6E , 3173 

15:30:51.665:
0x2020 , 5943 
0x3E3E , -218 
0x1C1C , -159 
0x5A5A , -339 
0x6E6E , -796 

15:30:52.263:
0x2020 , 6041 
0x3E3E , 8505 
0x1C1C , 6734 
0x5A5A , 2852 
0x6E6E , 2770 

15:30:53.060:
0x2020 , 6110 
0x3E3E , 8537 
0x1C1C , 6962 
0x5A5A , -339 
0x6E6E , -796 

15:30:53.639:
0x2020 , 6174 
0x3E3E , 8496 
0x1C1C , 6967 
0x5A5A , 2942 
0x6E6E , 2568 

15:30:54.326:
0x2020 , 6520 
0x3E3E , 8505 
0x1C1C , 6780 
0x5A5A , 2995 
0x6E6E , -796 

15:30:54.904:
0x2020 , 6219 
0x3E3E , 8505 
0x1C1C , 6702 
0x5A5A , 2575 
0x6E6E , 2613 

15:30:55.703:
0x2020 , 6096 
0x3E3E , 8556 
0x1C1C , 6816 
0x5A5A , -339 
0x6E6E , -796 

15:30:56.307:
0x2020 , 6017 
0x3E3E , 8537 
0x1C1C , 6816 
0x5A5A , 3114 
0x6E6E , 2624 

15:30:57.087:
0x2020 , 6066 
0x3E3E , 8510 
0x1C1C , 6921 
0x5A5A , -339 
0x6E6E , -796 

15:30:57.709:
0x2020 , 5928 
0x3E3E , 8505 
0x1C1C , 6807 
0x5A5A , 3014 
0x6E6E , 2553 

15:30:58.511:
0x2020 , 5735 
0x3E3E , 8431 
0x1C1C , 6857 
0x5A5A , -339 
0x6E6E , -796 

15:30:59.136:
0x2020 , 5617 
0x3E3E , 8138 
0x1C1C , 6894 
0x5A5A , 3553 
0x6E6E , 2402 

15:30:59.841:
0x2020 , 5350 
0x3E3E , 8032 
0x1C1C , 6866 
0x5A5A , 3987 
0x6E6E , -796 

15:31:02.166:
0x2020 , 4265 
0x3E3E , 7716 
0x1C1C , 7017 
0x5A5A , 4741 
0x6E6E , 2719 

15:31:02.932:
0x2020 , 4329 
0x3E3E , 7605 
0x1C1C , 7067 
0x5A5A , -339 
0x6E6E , -796 

15:31:03.520:
0x2020 , 4171 
0x3E3E , 7359 
0x1C1C , 7218 
0x5A5A , 5084 
0x6E6E , 2624 

15:31:04.270:
0x2020 , 3929 
0x3E3E , 7266 
0x1C1C , 7195 
0x5A5A , -339 
0x6E6E , -796 

15:31:04.895:
0x2020 , 3643 
0x3E3E , 7285 
0x1C1C , 7200 
0x5A5A , 5599 
0x6E6E , 2659 

15:31:05.668:
0x2020 , 3500 
0x3E3E , 7169 
0x1C1C , 7396 
0x5A5A , -339 
0x6E6E , -796 

15:31:06.279:
0x2020 , 3313 
0x3E3E , 7099 
0x1C1C , 7506 
0x5A5A , 6200 
0x6E6E , 3021 

15:31:07.051:
0x2020 , 3100 
0x3E3E , 7053 
0x1C1C , 7606 
0x5A5A , -339 
0x6E6E , -796 

15:31:07.674:
0x2020 , 2962 
0x3E3E , 7006 
0x1C1C , 7697 
0x5A5A , 6639 
0x6E6E , 3203 

15:31:08.471:
0x2020 , 2760 
0x3E3E , 6974 
0x1C1C , 7652 
0x5A5A , -339 
0x6E6E , -796 

15:31:09.099:
0x2020 , 2637 
0x3E3E , 7099 
0x1C1C , 7661 
0x5A5A , 6563 
0x6E6E , 3510 

15:31:09.802:
0x2020 , 2439 
0x3E3E , 7136 
0x1C1C , 7647 
0x5A5A , 6544 
0x6E6E , -796 

15:31:10.419:
0x2020 , 2321 
0x3E3E , 6876 
0x1C1C , 7624 
0x5A5A , 6463 
0x6E6E , 3430 

15:31:11.199:
0x2020 , 2262 
0x3E3E , 6742 
0x1C1C , 7579 
0x5A5A , -339 
0x6E6E , -796 

15:31:11.792:
0x2020 , 2242 
0x3E3E , 6728 
0x1C1C , 7688 
0x5A5A , 6410 
0x6E6E , 3666 

15:31:12.482:
0x2020 , 2267 
0x3E3E , 6709 
0x1C1C , 7670 
0x5A5A , 6472 
0x6E6E , -796 

15:31:13.075:
0x2020 , 2188 
0x3E3E , 6607 
0x1C1C , 7707 
0x5A5A , 6439 
0x6E6E , 3938 

15:31:13.861:
0x2020 , 2104 
0x3E3E , 6454 
0x1C1C , 7620 
0x5A5A , -339 
0x6E6E , -796 

15:31:14.462:
0x2020 , 1926 
0x3E3E , 6208 
0x1C1C , 7364 
0x5A5A , 6396 
0x6E6E , 4467 

15:31:15.229:
0x2020 , 1818 
0x3E3E , 6027 
0x1C1C , 7241 
0x5A5A , -339 
0x6E6E , -796 

15:31:15.854:
0x2020 , 1665 
0x3E3E , 5814 
0x1C1C , 7086 
0x5A5A , 6510 
0x6E6E , 4356 

15:31:16.652:
0x2020 , 1595 
0x3E3E , 5628 
0x1C1C , 6839 
0x5A5A , -339 
0x6E6E , -796 

15:31:17.277:
0x2020 , 1447 
0x3E3E , 5354 
0x1C1C , 6656 
0x5A5A , 6563 
0x6E6E , 5016 

15:31:18.060:
0x2020 , 1442 
0x3E3E , 5178 
0x1C1C , 6583 
0x5A5A , -339 
0x6E6E , -796 

15:31:18.716:
0x2020 , 1403 
0x3E3E , 4983 
0x1C1C , 6351 
0x5A5A , 6682 
0x6E6E , 5480 

15:31:19.465:
0x2020 , 1378 
0x3E3E , 4779 
0x1C1C , 6382 
0x5A5A , -339 
0x6E6E , -796 

15:31:20.059:
0x2020 , 1383 
0x3E3E , 4445 
0x1C1C , 6236 
0x5A5A , 6863 
0x6E6E , 5888 

15:31:20.748:
0x2020 , 1556 
0x3E3E , 4338 
0x1C1C , 5994 
0x5A5A , 6925 
0x6E6E , -796 

15:31:21.341:
0x2020 , 1605 
0x3E3E , 4032 
0x1C1C , 5921 
0x5A5A , 6987 
0x6E6E , 6291 

15:31:22.123:
0x2020 , 1650 
0x3E3E , 3791 
0x1C1C , 5716 
0x5A5A , -339 
0x6E6E , -796 

15:31:22.732:
0x2020 , 1753 
0x3E3E , 3582 
0x1C1C , 5027 
0x5A5A , 7126 
0x6E6E , 6830 

15:31:23.435:
0x2020 , 1813 
0x3E3E , 3382 
0x1C1C , 4826 
0x5A5A , 7197 
0x6E6E , -796 

15:31:24.013:
0x2020 , 2064 
0x3E3E , 3197 
0x1C1C , 5319 
0x5A5A , 7503 
0x6E6E , 7323 

15:31:24.837:
0x2020 , 2158 
0x3E3E , 3011 
0x1C1C , 4972 
0x5A5A , -339 
0x6E6E , -796 

15:31:25.462:
0x2020 , 2474 
0x3E3E , 2927 
0x1C1C , 5205 
0x5A5A , -339 
0x6E6E , 7192 

15:31:26.233:
0x2020 , 2464 
0x3E3E , 3187 
0x1C1C , 4451 
0x5A5A , -339 
0x6E6E , -796 

15:31:26.842:
0x2020 , 2306 
0x3E3E , 3572 
0x1C1C , 4387 
0x5A5A , 7445 
0x6E6E , 7298 

15:31:27.622:
0x2020 , 2247 
0x3E3E , 3368 
0x1C1C , 4401 
0x5A5A , -339 
0x6E6E , -796 

15:31:28.200:
0x2020 , 2267 
0x3E3E , 3192 
0x1C1C , 4401 
0x5A5A , 7774 
0x6E6E , 7344 

15:31:28.966:
0x2020 , 2212 
0x3E3E , 3215 
0x1C1C , 4351 
0x5A5A , -339 
0x6E6E , -796 

15:31:29.591:
0x2020 , 2444 
0x3E3E , 3294 
0x1C1C , 4196 
0x5A5A , 7488 
0x6E6E , 7253 

15:31:30.365:
0x2020 , 2553 
0x3E3E , 3373 
0x1C1C , 4077 
0x5A5A , -339 
0x6E6E , -796 

15:31:30.975:
0x2020 , 2814 
0x3E3E , 3387 
0x1C1C , 3876 
0x5A5A , 7121 
0x6E6E , 7157 

15:31:31.848:
0x2020 , 3061 
0x3E3E , -218 
0x1C1C , 3675 
0x5A5A , -339 
0x6E6E , -796 

15:31:32.441:
0x2020 , 3367 
0x3E3E , 3726 
0x1C1C , 3570 
0x5A5A , 6639 
0x6E6E , 7011 

15:31:33.262:
0x2020 , 3446 
0x3E3E , 3675 
0x1C1C , 3474 
0x5A5A , -339 
0x6E6E , -796 

15:31:33.887:
0x2020 , 3589 
0x3E3E , 3879 
0x1C1C , 3360 
0x5A5A , 6429 
0x6E6E , 7031 

15:31:34.669:
0x2020 , 3811 
0x3E3E , 4064 
0x1C1C , 3301 
0x5A5A , -339 
0x6E6E , -796 

15:31:35.310:
0x2020 , 4038 
0x3E3E , 4352 
0x1C1C , 3241 
0x5A5A , 6277 
0x6E6E , 6976 

15:31:35.966:
0x2020 , 4265 
0x3E3E , 4482 
0x1C1C , 3177 
0x5A5A , 6272 
0x6E6E , -796 

15:31:36.558:
0x2020 , 4595 
0x3E3E , 4913 
0x1C1C , 2935 
0x5A5A , 5967 
0x6E6E , 7036 

15:31:37.261:
0x2020 , 4808 
0x3E3E , 4700 
0x1C1C , 2954 
0x5A5A , 5475 
0x6E6E , -796 

15:31:37.949:
0x2020 , -688 
0x3E3E , 4422 
0x1C1C , 3351 
0x5A5A , 5313 
0x6E6E , 7112 

15:31:38.730:
0x2020 , 4862 
0x3E3E , 5145 
0x1C1C , 3031 
0x5A5A , -339 
0x6E6E , -796 

15:31:39.339:
0x2020 , 5390 
0x3E3E , 5261 
0x1C1C , 3255 
0x5A5A , 5098 
0x6E6E , 7021 

15:31:40.214:
0x2020 , 5725 
0x3E3E , 5340 
0x1C1C , -159 
0x5A5A , -339 
0x6E6E , -796 

15:31:40.792:
0x2020 , 5957 
0x3E3E , 5563 
0x1C1C , 2812 
0x5A5A , 4774 
0x6E6E , 7137 

15:31:41.508:
0x2020 , 6017 
0x3E3E , 5772 
0x1C1C , 2757 
0x5A5A , 4636 
0x6E6E , -796 

15:31:42.130:
0x2020 , 6170 
0x3E3E , 5804 
0x1C1C , 2844 
0x5A5A , 4497 
0x6E6E , 7177 

15:31:42.927:
0x2020 , 6145 
0x3E3E , 5851 
0x1C1C , 2584 
0x5A5A , -339 
0x6E6E , -796 

15:31:43.576:
0x2020 , 6120 
0x3E3E , 5814 
0x1C1C , 2698 
0x5A5A , 4493 
0x6E6E , 7132 

15:31:44.342:
0x2020 , 6140 
0x3E3E , 5879 
0x1C1C , 2967 
0x5A5A , -339 
0x6E6E , -796 

15:31:44.936:
0x2020 , 6071 
0x3E3E , 5888 
0x1C1C , 2707 
0x5A5A , 4621 
0x6E6E , 7233 

15:31:45.623:
0x2020 , 6076 
0x3E3E , 5781 
0x1C1C , 2698 
0x5A5A , 4540 
0x6E6E , -796 

15:31:46.220:
0x2020 , 6021 
0x3E3E , 5828 
0x1C1C , 3018 
0x5A5A , 4397 
0x6E6E , 7051 

15:31:47.064:
0x2020 , 5952 
0x3E3E , -218 
0x1C1C , 3050 
0x5A5A , -339 
0x6E6E , -796 

15:31:47.668:
0x2020 , 5854 
0x3E3E , 6166 
0x1C1C , 3597 
0x5A5A , 3954 
0x6E6E , 6437 

15:31:48.388:
0x2020 , 5686 
0x3E3E , 6254 
0x1C1C , 3721 
0x5A5A , 3844 
0x6E6E , -796 

15:31:48.982:
0x2020 , 5696 
0x3E3E , 6500 
0x1C1C , 3944 
0x5A5A , 3677 
0x6E6E , 5802 

15:31:49.796:
0x2020 , 5661 
0x3E3E , 6575 
0x1C1C , 4259 
0x5A5A , -339 
0x6E6E , -796 

15:31:50.421:
0x2020 , 5592 
0x3E3E , 6746 
0x1C1C , 4606 
0x5A5A , 3319 
0x6E6E , 5354 

15:31:51.314:
0x2020 , 5548 
0x3E3E , -218 
0x1C1C , 5004 
0x5A5A , -339 
0x6E6E , -796 

15:31:51.915:
0x2020 , 5602 
0x3E3E , 7159 
0x1C1C , 4816 
0x5A5A , 3047 
0x6E6E , 4785 

15:31:52.772:
0x2020 , 5701 
0x3E3E , -218 
0x1C1C , 5734 
0x5A5A , -339 
0x6E6E , -796 

15:31:53.366:
0x2020 , 5642 
0x3E3E , 7605 
0x1C1C , 5771 
0x5A5A , 2880 
0x6E6E , 4105 

15:31:54.132:
0x2020 , 5720 
0x3E3E , 7762 
0x1C1C , 6063 
0x5A5A , -339 
0x6E6E , -796 

15:31:54.744:
0x2020 , 5755 
0x3E3E , 8032 
0x1C1C , 6314 
0x5A5A , 2704 
0x6E6E , 3379 

15:31:55.425:
0x2020 , 5947 
0x3E3E , 8175 
0x1C1C , 6510 
0x5A5A , 2651 
0x6E6E , -796 

15:31:56.034:
0x2020 , 5947 
0x3E3E , 8333 
0x1C1C , 6656 
0x5A5A , 2618 
0x6E6E , 2986 

15:31:56.925:
0x2020 , 6012 
0x3E3E , -218 
0x1C1C , 6889 
0x5A5A , -339 
0x6E6E , -796 

15:31:57.519:
0x2020 , 6322 
0x3E3E , 8491 
0x1C1C , 6853 
0x5A5A , 2923 
0x6E6E , 2528 

15:31:58.394:
0x2020 , 6219 
0x3E3E , -218 
0x1C1C , 6734 
0x5A5A , -339 
0x6E6E , -796 

15:31:59.019:
0x2020 , 6026 
0x3E3E , 8533 
0x1C1C , 6725 
0x5A5A , 2990 
0x6E6E , 2588 

15:31:59.925:
0x2020 , 5869 
0x3E3E , -218 
0x1C1C , 6793 
0x5A5A , -339 
0x6E6E , -796 

15:32:00.543:
0x2020 , 5661 
0x3E3E , 8250 
0x1C1C , 6798 
0x5A5A , 3238 
0x6E6E , 2447 

15:32:01.320:
0x2020 , 5439 
0x3E3E , 8148 
0x1C1C , 6876 
0x5A5A , -339 
0x6E6E , -796 

15:32:01.917:
0x2020 , 5242 
0x3E3E , 8032 
0x1C1C , 6789 
0x5A5A , 4183 
0x6E6E , 2654 

15:32:02.669:
0x2020 , 4911 
0x3E3E , 7869 
0x1C1C , 6898 
0x5A5A , -339 
0x6E6E , -796 

15:32:03.289:
0x2020 , 4586 
0x3E3E , 7651 
0x1C1C , 6953 
0x5A5A , 4612 
0x6E6E , 2991 

15:32:03.961:
0x2020 , 4329 
0x3E3E , 7503 
0x1C1C , 7035 
0x5A5A , 4960 
0x6E6E , -796 

15:32:04.555:
0x2020 , 4304 
0x3E3E , 7470 
0x1C1C , 7040 
0x5A5A , 4717 
0x6E6E , 2618 

15:32:05.352:
0x2020 , 4102 
0x3E3E , 7326 
0x1C1C , 7172 
0x5A5A , -339 
0x6E6E , -796 

15:32:05.977:
0x2020 , 3821 
0x3E3E , 7340 
0x1C1C , 7200 
0x5A5A , 5633 
0x6E6E , 2744 

15:32:06.836:
0x2020 , 3697 
0x3E3E , -218 
0x1C1C , 7305 
0x5A5A , -339 
0x6E6E , -796 

15:32:07.461:
0x2020 , 3421 
0x3E3E , 7113 
0x1C1C , 7451 
0x5A5A , 6024 
0x6E6E , 2820 

15:32:08.372:
0x2020 , 3234 
0x3E3E , -218 
0x1C1C , 7483 
0x5A5A , -339 
0x6E6E , -796 

15:32:08.981:
0x2020 , 3051 
0x3E3E , 6904 
0x1C1C , 7620 
0x5A5A , 6549 
0x6E6E , 3072 

15:32:09.763:
0x2020 , 2725 
0x3E3E , 6881 
0x1C1C , 7647 
0x5A5A , -339 
0x6E6E , -796 

15:32:10.364:
0x2020 , 2543 
0x3E3E , 6955 
0x1C1C , 7643 
0x5A5A , 6472 
0x6E6E , 3440 

15:32:11.113:
0x2020 , 2350 
0x3E3E , 6941 
0x1C1C , 7629 
0x5A5A , -339 
0x6E6E , -796 

15:32:11.734:
0x2020 , 2311 
0x3E3E , 6816 
0x1C1C , 7620 
0x5A5A , 6487 
0x6E6E , 3606 

15:32:12.500:
0x2020 , 2262 
0x3E3E , 6756 
0x1C1C , 7611 
0x5A5A , -339 
0x6E6E , -796 

15:32:13.109:
0x2020 , 2207 
0x3E3E , 6658 
0x1C1C , 7670 
0x5A5A , 6386 
0x6E6E , 3722 

15:32:13.875:
0x2020 , 2123 
0x3E3E , 6537 
0x1C1C , 7602 
0x5A5A , -339 
0x6E6E , -796 

15:32:14.515:
0x2020 , 1995 
0x3E3E , 6282 
0x1C1C , 7437 
0x5A5A , 6362 
0x6E6E , 4291 

15:32:15.198:
0x2020 , 1847 
0x3E3E , 6050 
0x1C1C , 7191 
0x5A5A , 6510 
0x6E6E , -796 

15:32:15.931:
0x2020 , 1669 
0x3E3E , 5823 
0x1C1C , 6930 
0x5A5A , -339 
0x6E6E , 4961 

15:32:16.649:
0x2020 , 1531 
0x3E3E , 5572 
0x1C1C , 6789 
0x5A5A , 6534 
0x6E6E , -796 

15:32:17.446:
0x2020 , -688 
0x3E3E , 5248 
0x1C1C , 6606 
0x5A5A , 6515 
0x6E6E , -796 

15:32:18.040:
0x2020 , 1408 
0x3E3E , 5043 
0x1C1C , 6711 
0x5A5A , 6601 
0x6E6E , 5424 

15:32:18.790:
0x2020 , 1393 
0x3E3E , 4770 
0x1C1C , 6204 
0x5A5A , -339 
0x6E6E , -796 

15:32:19.384:
0x2020 , 1418 
0x3E3E , 4449 
0x1C1C , 6131 
0x5A5A , 6682 
0x6E6E , 5893 

15:32:20.181:
0x2020 , 1689 
0x3E3E , 4250 
0x1C1C , 5944 
0x5A5A , -339 
0x6E6E , -796 

15:32:20.772:
0x2020 , 1679 
0x3E3E , 3934 
0x1C1C , 5762 
0x5A5A , 6959 
0x6E6E , 6452 

15:32:21.555:
0x2020 , 1768 
0x3E3E , 3637 
0x1C1C , 5223 
0x5A5A , -339 
0x6E6E , -796 

15:32:22.148:
0x2020 , 1808 
0x3E3E , 3359 
0x1C1C , 5214 
0x5A5A , 7274 
0x6E6E , 7097 

15:32:22.957:
0x2020 , 2000 
0x3E3E , 3155 
0x1C1C , 5250 
0x5A5A , -339 
0x6E6E , -796 

15:32:23.585:
0x2020 , 2355 
0x3E3E , 2992 
0x1C1C , 4346 
0x5A5A , 7450 
0x6E6E , 7424 

15:32:24.382:
0x2020 , 2533 
0x3E3E , 2941 
0x1C1C , 4725 
0x5A5A , -339 
0x6E6E , -796 

15:32:24.992:
0x2020 , 2489 
0x3E3E , 3285 
0x1C1C , 4451 
0x5A5A , 7369 
0x6E6E , 7258 

15:32:25.882:
0x2020 , 2271 
0x3E3E , -218 
0x1C1C , 4378 
0x5A5A , -339 
0x6E6E , -796 

15:32:26.480:
0x2020 , 2252 
0x3E3E , 3336 
0x1C1C , 4296 
0x5A5A , 7674 
0x6E6E , 7223 

15:32:27.168:
0x2020 , 2474 
0x3E3E , 3294 
0x1C1C , 4136 
0x5A5A , 7469 
0x6E6E , -796 

15:32:27.730:
0x2020 , 2671 
0x3E3E , 3447 
0x1C1C , 3967 
0x5A5A , 7140 
0x6E6E , 7117 

15:32:28.530:
0x2020 , 2918 
0x3E3E , 3484 
0x1C1C , 3794 
0x5A5A , -339 
0x6E6E , -796 

15:32:29.140:
0x2020 , 3283 
0x3E3E , 3698 
0x1C1C , 3593 
0x5A5A , 6658 
0x6E6E , 6981 

15:32:29.901:
0x2020 , 3520 
0x3E3E , 3781 
0x1C1C , 3451 
0x5A5A , -339 
0x6E6E , -796 

15:32:30.514:
0x2020 , 3895 
0x3E3E , 3999 
0x1C1C , 3209 
0x5A5A , 6429 
0x6E6E , 6900 

15:32:31.216:
0x2020 , 4063 
0x3E3E , 4287 
0x1C1C , 3223 
0x5A5A , 6372 
0x6E6E , -796 

15:32:31.842:
0x2020 , 4709 
0x3E3E , 4593 
0x1C1C , 3022 
0x5A5A , 5552 
0x6E6E , 6981 

15:32:32.651:
0x2020 , 4887 
0x3E3E , 4301 
0x1C1C , 2963 
0x5A5A , -339 
0x6E6E , -796 

15:32:33.244:
0x2020 , 4827 
0x3E3E , 4751 
0x1C1C , 3360 
0x5A5A , 5232 
0x6E6E , 7041 

15:32:34.077:
0x2020 , 5286 
0x3E3E , 5377 
0x1C1C , -159 
0x5A5A , 5051 
0x6E6E , -796 

15:32:34.670:
0x2020 , 5770 
0x3E3E , 5410 
0x1C1C , 2908 
0x5A5A , 4869 
0x6E6E , 7051 

15:32:35.592:
0x2020 , 6036 
0x3E3E , -218 
0x1C1C , -159 
0x5A5A , -339 
0x6E6E , -796 

15:32:36.290:
0x2020 , 6115 
0x3E3E , 5841 
0x1C1C , -159 
0x5A5A , 4507 
0x6E6E , 7067 

15:32:36.962:
0x2020 , 6145 
0x3E3E , 5971 
0x1C1C , 2602 
0x5A5A , 4612 
0x6E6E , -796 

15:32:37.576:
0x2020 , 6096 
0x3E3E , 5916 
0x1C1C , 3036 
0x5A5A , 4493 
0x6E6E , 7258 

15:32:38.342:
0x2020 , 6051 
0x3E3E , 5860 
0x1C1C , 2776 
0x5A5A , -339 
0x6E6E , -796 

15:32:38.949:
0x2020 , 6007 
0x3E3E , 5934 
0x1C1C , 2780 
0x5A5A , 4502 
0x6E6E , 7167 

15:32:39.762:
0x2020 , 5982 
0x3E3E , -218 
0x1C1C , 3209 
0x5A5A , 4225 
0x6E6E , -796 

15:32:40.387:
0x2020 , 5819 
0x3E3E , 6162 
0x1C1C , 3534 
0x5A5A , 3958 
0x6E6E , 6543 

15:32:41.184:
0x2020 , 5839 
0x3E3E , 6329 
0x1C1C , 3734 
0x5A5A , -339 
0x6E6E , -796 

15:32:41.793:
0x2020 , 5765 
0x3E3E , 6542 
0x1C1C , 4036 
0x5A5A , 3515 
0x6E6E , 5752 

15:32:42.617:
0x2020 , 5642 
0x3E3E , 6714 
0x1C1C , 4470 
0x5A5A , -339 
0x6E6E , -796 

15:32:43.200:
0x2020 , 5676 
0x3E3E , 7025 
0x1C1C , 4940 
0x5A5A , 3147 
0x6E6E , 5102 

15:32:44.059:
0x2020 , 5676 
0x3E3E , -218 
0x1C1C , 4935 
0x5A5A , -339 
0x6E6E , -796 

15:32:44.637:
0x2020 , 5760 
0x3E3E , 7489 
0x1C1C , 5794 
0x5A5A , 2866 
0x6E6E , 4130 

15:32:45.427:
0x2020 , 5720 
0x3E3E , 7735 
0x1C1C , 6022 
0x5A5A , -339 
0x6E6E , -796 

15:32:46.021:
0x2020 , 5873 
0x3E3E , 7999 
0x1C1C , 6401 
0x5A5A , 2766 
0x6E6E , 3329 

15:32:46.810:
0x2020 , 5977 
0x3E3E , -218 
0x1C1C , 6542 
0x5A5A , 2599 
0x6E6E , -796 

15:32:47.404:
0x2020 , 6036 
0x3E3E , 8421 
0x1C1C , 6793 
0x5A5A , 2923 
0x6E6E , 2734 

15:32:48.216:
0x2020 , 6194 
0x3E3E , 8445 
0x1C1C , 6976 
0x5A5A , -339 
0x6E6E , -796 

15:32:48.820:
0x2020 , 6130 
0x3E3E , 8463 
0x1C1C , 6743 
0x5A5A , 2866 
0x6E6E , 2639 

15:32:49.630:
0x2020 , 5903 
0x3E3E , 8477 
0x1C1C , 6739 
0x5A5A , -339 
0x6E6E , -796 

15:32:50.238:
0x2020 , 5706 
0x3E3E , 8301 
0x1C1C , 6857 
0x5A5A , 3114 
0x6E6E , 2503 

15:32:51.129:
0x2020 , 5720 
0x3E3E , -218 
0x1C1C , 6780 
0x5A5A , -339 
0x6E6E , -796 

15:32:51.732:
0x2020 , 5247 
0x3E3E , 8055 
0x1C1C , 6834 
0x5A5A , 4221 
0x6E6E , 2563 

15:32:52.482:
0x2020 , 5617 
0x3E3E , 7911 
0x1C1C , 7063 
0x5A5A , -339 
0x6E6E , -796 

15:32:53.076:
0x2020 , 4383 
0x3E3E , 7702 
0x1C1C , 7054 
0x5A5A , 4931 
0x6E6E , 2825 

15:32:53.873:
0x2020 , 4290 
0x3E3E , 7475 
0x1C1C , 7058 
0x5A5A , -339 
0x6E6E , -796 

15:32:54.467:
0x2020 , 3964 
0x3E3E , 7326 
0x1C1C , 7168 
0x5A5A , 5423 
0x6E6E , 2734 

15:32:55.874:
0x2020 , 3456 
0x3E3E , -218 
0x1C1C , -159 
0x5A5A , -339 
0x6E6E , -796 

15:32:56.484:
0x2020 , 3204 
0x3E3E , 7011 
0x1C1C , 7592 
0x5A5A , 6339 
0x6E6E , 3117 

15:32:57.294:
0x2020 , 2691 
0x3E3E , -218 
0x1C1C , 7661 
0x5A5A , 6735 
0x6E6E , -796 

15:32:57.919:
0x2020 , 2622 
0x3E3E , 6793 
0x1C1C , 7688 
0x5A5A , 6768 
0x6E6E , 3319 

15:32:58.717:
0x2020 , 2622 
0x3E3E , -218 
0x1C1C , 7606 
0x5A5A , 6701 
0x6E6E , -796 

15:32:59.320:
0x2020 , 2553 
0x3E3E , 6853 
0x1C1C , 7665 
0x5A5A , 6787 
0x6E6E , 3465 

15:33:00.148:
0x2020 , 2602 
0x3E3E , -218 
0x1C1C , 7675 
0x5A5A , 6773 
0x6E6E , -796 

15:33:00.733:
0x2020 , 2582 
0x3E3E , 6909 
0x1C1C , 7665 
0x5A5A , 6730 
0x6E6E , 3384 

15:33:01.478:
0x2020 , 2592 
0x3E3E , -218 
0x1C1C , 7638 
0x5A5A , 6744 
0x6E6E , -796 

15:33:02.072:
0x2020 , 2424 
0x3E3E , 7215 
0x1C1C , 7597 
0x5A5A , 6520 
0x6E6E , 3596 

15:33:02.932:
0x2020 , 2410 
0x3E3E , -218 
0x1C1C , -159 
0x5A5A , 6472 
0x6E6E , -796 

15:33:03.555:
0x2020 , 2257 
0x3E3E , 6904 
0x1C1C , 7588 
0x5A5A , 6444 
0x6E6E , 3550 

15:33:04.339:
0x2020 , 2252 
0x3E3E , -218 
0x1C1C , 7629 
0x5A5A , 6434 
0x6E6E , -796 

15:33:04.933:
0x2020 , 2286 
0x3E3E , 6937 
0x1C1C , 7528 
0x5A5A , 6415 
0x6E6E , 3389 

15:33:05.818:
0x2020 , 2276 
0x3E3E , -218 
0x1C1C , -159 
0x5A5A , 6424 
0x6E6E , -796 

15:33:06.453:
0x2020 , 2281 
0x3E3E , 6918 
0x1C1C , 7661 
0x5A5A , 6453 
0x6E6E , 3228 

15:33:07.250:
0x2020 , 2267 
0x3E3E , -218 
0x1C1C , 7633 
0x5A5A , 6391 
0x6E6E , -796 

15:33:07.860:
0x2020 , 2291 
0x3E3E , 6904 
0x1C1C , 7670 
0x5A5A , 6367 
0x6E6E , 3253 

15:33:08.750:
0x2020 , 2257 
0x3E3E , -218 
0x1C1C , -159 
0x5A5A , 6410 
0x6E6E , -796 

15:33:09.349:
0x2020 , 2301 
0x3E3E , 6946 
0x1C1C , 7633 
0x5A5A , 6439 
0x6E6E , 3253 

15:33:10.115:
0x2020 , 2276 
0x3E3E , -218 
0x1C1C , 7629 
0x5A5A , 6372 
0x6E6E , -796 

15:33:10.693:
0x2020 , 2291 
0x3E3E , 6927 
0x1C1C , 7597 
0x5A5A , 6448 
0x6E6E , 3294 

15:33:11.481:
0x2020 , 2321 
0x3E3E , -218 
0x1C1C , 7570 
0x5A5A , 6420 
0x6E6E , -796 

15:33:12.090:
0x2020 , 2291 
0x3E3E , 6946 
0x1C1C , 7606 
0x5A5A , 6463 
0x6E6E , 3218 

15:33:12.967:
0x2020 , 2311 
0x3E3E , -218 
0x1C1C , -159 
0x5A5A , 6415 
0x6E6E , -796 

15:33:13.545:
0x2020 , 2281 
0x3E3E , 6830 
0x1C1C , 7570 
0x5A5A , 6444 
0x6E6E , 3379 

15:33:14.357:
0x2020 , 2276 
0x3E3E , -218 
0x1C1C , 7579 
0x5A5A , 6377 
0x6E6E , -796 

15:33:14.982:
0x2020 , 2276 
0x3E3E , 6816 
0x1C1C , 7629 
0x5A5A , 6415 
0x6E6E , 3661 

15:33:15.775:
0x2020 , 2188 
0x3E3E , -218 
0x1C1C , 7684 
0x5A5A , 6444 
0x6E6E , -796 

15:33:16.377:
0x2020 , 2069 
0x3E3E , 6723 
0x1C1C , 7684 
0x5A5A , 6606 
0x6E6E , 3893 

15:33:17.208:
0x2020 , 2123 
0x3E3E , -218 
0x1C1C , 7465 
0x5A5A , 6353 
0x6E6E , -796 

15:33:17.786:
0x2020 , 2227 
0x3E3E , 6686 
0x1C1C , 7442 
0x5A5A , 6444 
0x6E6E , 3666 

15:33:18.559:
0x2020 , 2222 
0x3E3E , -218 
0x1C1C , 7556 
0x5A5A , 6444 
0x6E6E , -796 

15:33:19.137:
0x2020 , 2227 
0x3E3E , 6742 
0x1C1C , 7574 
0x5A5A , 6434 
0x6E6E , 3691 

15:33:19.935:
0x2020 , 2242 
0x3E3E , -218 
0x1C1C , 7560 
0x5A5A , 6439 
0x6E6E , -796 

15:33:20.529:
0x2020 , 2222 
0x3E3E , 6769 
0x1C1C , 7629 
0x5A5A , 6429 
0x6E6E , 3732 

15:33:21.317:
0x2020 , 2222 
0x3E3E , -218 
0x1C1C , 7665 
0x5A5A , 6448 
0x6E6E , -796 

15:33:21.910:
0x2020 , 2173 
0x3E3E , 6737 
0x1C1C , 7633 
0x5A5A , 6401 
0x6E6E , 3707 

15:33:22.723:
0x2020 , 2212 
0x3E3E , -218 
0x1C1C , 7624 
0x5A5A , 6424 
0x6E6E , -796 

15:33:23.332:
0x2020 , 2188 
0x3E3E , 6746 
0x1C1C , 7624 
0x5A5A , 6472 
0x6E6E , 3702 

15:33:24.138:
0x2020 , 2212 
0x3E3E , -218 
0x1C1C , 7492 
0x5A5A , 6405 
0x6E6E , -796 

15:33:24.743:
0x2020 , 2227 
0x3E3E , 6760 
0x1C1C , 7478 
0x5A5A , 6448 
0x6E6E , 3702 

15:33:25.567:
0x2020 , 2217 
0x3E3E , -218 
0x1C1C , 7592 
0x5A5A , 6382 
0x6E6E , -796 

15:33:26.146:
0x2020 , 2232 
0x3E3E , 6728 
0x1C1C , 7455 
0x5A5A , 6386 
0x6E6E , 3717 

15:33:26.920:
0x2020 , 2306 
0x3E3E , -218 
0x1C1C , 7401 
0x5A5A , 6420 
0x6E6E , -796 

15:33:27.545:
0x2020 , 2232 
0x3E3E , 6737 
0x1C1C , 7638 
0x5A5A , 6444 
0x6E6E , 3873 

15:33:28.326:
0x2020 , 2232 
0x3E3E , -218 
0x1C1C , 7565 
0x5A5A , 6444 
0x6E6E , -796 

15:33:28.936:
0x2020 , 2252 
0x3E3E , 6705 
0x1C1C , 7560 
0x5A5A , 6458 
0x6E6E , 3853 

15:33:29.804:
0x2020 , 2252 
0x3E3E , -218 
0x1C1C , 7602 
0x5A5A , -339 
0x6E6E , -796 

15:33:30.398:
0x2020 , 2252 
0x3E3E , 6718 
0x1C1C , 7524 
0x5A5A , 6458 
0x6E6E , 3827 

15:33:31.851:
0x2020 , 2237 
0x3E3E , -218 
0x1C1C , -159 
0x5A5A , -339 
0x6E6E , -796 

15:33:32.468:
0x2020 , 2286 
0x3E3E , 6691 
0x1C1C , 7579 
0x5A5A , 6453 
0x6E6E , 3833 

15:33:33.263:
0x2020 , 2242 
0x3E3E , 6714 
0x1C1C , 7547 
0x5A5A , -339 
0x6E6E , -796 

15:33:33.864:
0x2020 , 2257 
0x3E3E , 6728 
0x1C1C , 7551 
0x5A5A , 6415 
0x6E6E , 3833 