timeref	est_sendtime	pos_x	pos_y	vel_x	vel_y	sigma	valid	senderGuid	receiver_unix_time
5442.744068000	5442.661070135	3.294	11.477	0.002	0.007	0.948806	1	4294967295	1508337640
5443.644288000	5443.561111483	18.642	19.736	0.013	0.016	0.272995	1	4294967295	1508337641
5443.944332000	5443.861087054	15.953	19.828	0.006	0.011	0.404164	1	4294967295	1508337641
5444.243884000	5444.161071316	16.063	19.415	0.002	-0.000	0.350317	1	4294967295	1508337642
5444.542019000	5444.461066553	15.484	19.594	-0.008	-0.007	0.429553	1	4294967295	1508337642
5444.842278000	5444.761063127	15.213	19.680	-0.016	-0.012	0.341944	1	4294967295	1508337642
5445.141860000	5445.061059394	15.010	19.743	-0.025	-0.019	0.345471	1	4294967295	1508337643
5445.442021000	5445.361056605	14.863	19.791	-0.033	-0.025	0.304726	1	4294967295	1508337643
5445.741764000	5445.661053852	14.729	19.833	-0.041	-0.031	0.301801	1	4294967295	1508337643
5446.030428000	5445.961075713	14.333	20.273	-0.032	0.004	0.570589	1	4294967295	1508337643
5446.330411000	5446.261091939	13.977	20.637	-0.031	0.030	0.554352	1	4294967295	1508337644
5446.630483000	5446.561101186	13.610	20.942	-0.043	0.041	0.504661	1	4294967295	1508337644
5446.930440000	5446.861110687	13.324	21.192	-0.052	0.054	0.564514	1	4294967295	1508337644
5447.230371000	5447.161139895	12.698	21.823	-0.061	0.106	0.561219	1	4294967295	1508337645
5448.430358000	5448.361144365	12.305	22.013	-0.103	0.083	0.291065	1	4294967295	1508337646
5449.030301000	5448.961195802	11.585	22.695	-0.142	0.152	0.531174	1	4294967295	1508337646
5449.330241000	5449.261236098	10.823	23.285	-0.201	0.200	0.218941	1	4294967295	1508337647
5449.630187000	5449.561288369	10.272	23.866	-0.229	0.272	0.527557	1	4294967295	1508337647
5449.930189000	5449.861302935	9.492	24.273	-0.311	0.278	0.185704	1	4294967295	1508337647
5450.230179000	5450.161329599	8.945	24.704	-0.353	0.321	0.358013	1	4294967295	1508337648
5450.541455000	5450.461320762	8.643	24.642	-0.393	0.259	0.488077	1	4294967295	1508337648
5450.830111000	5450.761341100	7.835	24.970	-0.479	0.258	0.170203	1	4294967295	1508337648
5451.130067000	5451.061363364	7.053	25.252	-0.559	0.253	0.166577	1	4294967295	1508337649
5451.430040000	5451.361387105	6.300	25.488	-0.634	0.244	0.168448	1	4294967295	1508337649
5451.729977000	5451.661411652	5.578	25.681	-0.702	0.230	0.172290	1	4294967295	1508337649
5452.030020000	5451.961423788	5.604	25.366	-0.678	0.139	0.537733	1	4294967295	1508337649
5452.329979000	5452.261442014	5.404	25.198	-0.680	0.077	0.491901	1	4294967295	1508337650
5452.929912000	5452.861468480	4.934	25.081	-0.686	0.024	0.479781	1	4294967295	1508337650
5453.229887000	5453.161454942	5.237	24.810	-0.619	-0.026	0.389361	1	4294967295	1508337651
5453.543253000	5453.461438823	5.598	24.422	-0.543	-0.110	0.388219	1	4294967295	1508337651
5453.829902000	5453.761450631	5.349	24.272	-0.550	-0.152	0.247146	1	4294967295	1508337651
5454.129894000	5454.061456226	5.290	24.192	-0.536	-0.156	0.266408	1	4294967295	1508337652
5454.429881000	5454.361461531	5.237	24.132	-0.522	-0.153	0.245632	1	4294967295	1508337652
5454.729875000	5454.661474825	4.923	24.146	-0.544	-0.141	0.436105	1	4294967295	1508337652
5455.043156000	5454.961472345	5.121	24.004	-0.496	-0.155	0.279396	1	4294967295	1508337652
5455.329835000	5455.261475755	5.009	24.090	-0.496	-0.110	0.171052	1	4294967295	1508337653
5455.629819000	5455.561482057	4.783	24.169	-0.509	-0.076	0.242786	1	4294967295	1508337653
5455.929787000	5455.861489236	4.529	24.253	-0.525	-0.046	0.242444	1	4294967295	1508337653
5456.229773000	5456.161495788	4.358	24.343	-0.529	-0.013	0.208615	1	4294967295	1508337654
5456.543109000	5456.461503221	4.513	24.173	-0.487	-0.051	0.441637	1	4294967295	1508337654
5456.829745000	5456.761509744	4.351	24.278	-0.491	-0.015	0.199907	1	4294967295	1508337654
5457.129761000	5457.061517908	4.354	24.243	-0.472	-0.017	0.260675	1	4294967295	1508337655
5457.429686000	5457.361525700	4.366	24.217	-0.453	-0.017	0.247496	1	4294967295	1508337655
5457.729629000	5457.661519596	4.217	24.354	-0.456	0.024	0.205413	1	4294967295	1508337655
5458.029621000	5457.961514171	4.070	24.478	-0.458	0.058	0.170078	1	4294967295	1508337655
5458.329592000	5458.261509453	3.926	24.587	-0.459	0.085	0.148843	1	4294967295	1508337656
5458.629570000	5458.561504923	3.479	24.823	-0.497	0.137	0.134936	1	4294967295	1508337656
5458.940916000	5458.861496628	3.692	24.763	-0.452	0.118	0.164354	1	4294967295	1508337656
5459.229541000	5459.161529607	3.791	24.505	-0.424	0.042	0.260781	1	4294967295	1508337657
5459.544253000	5459.461539580	4.397	24.163	-0.335	-0.039	0.259795	1	4294967295	1508337657
5459.829494000	5459.761554663	4.547	24.027	-0.305	-0.067	0.195699	1	4294967295	1508337657
5460.129462000	5460.061603483	5.379	23.901	-0.190	-0.065	0.135861	1	4294967295	1508337658
5460.429449000	5460.361661478	6.201	23.767	-0.080	-0.066	0.155931	1	4294967295	1508337658
5460.729436000	5460.661719026	6.790	23.619	-0.003	-0.081	0.119088	1	4294967295	1508337658
5461.029404000	5460.961776537	7.108	23.497	0.037	-0.095	0.240682	1	4294967295	1508337658
5461.329388000	5461.261844533	7.324	23.264	0.060	-0.145	0.168975	1	4294967295	1508337659
5461.629303000	5461.561867005	7.170	23.092	0.033	-0.190	0.152021	1	4294967295	1508337659
5461.944212000	5461.861901939	7.375	22.770	0.049	-0.264	0.096370	1	4294967295	1508337659
5462.229119000	5462.161972767	7.684	22.643	0.092	-0.260	0.234703	1	4294967295	1508337660
5462.528885000	5462.462046895	8.111	22.437	0.146	-0.276	0.224145	1	4294967295	1508337660
5462.828543000	5462.762129539	8.643	22.214	0.214	-0.290	0.210256	1	4294967295	1508337660
5463.128248000	5463.062213210	9.137	22.023	0.277	-0.294	0.275493	1	4294967295	1508337661
5463.428112000	5463.362236223	9.245	21.921	0.281	-0.295	0.358170	1	4294967295	1508337661
5463.727715000	5463.662328475	9.896	21.671	0.365	-0.308	0.239694	1	4294967295	1508337661
5464.027479000	5463.962427978	10.650	21.374	0.460	-0.327	0.280736	1	4294967295	1508337661
5464.327214000	5464.262519288	11.413	21.133	0.557	-0.329	0.221623	1	4294967295	1508337662
5464.626919000	5464.562602122	12.106	20.883	0.638	-0.339	0.189751	1	4294967295	1508337662
5464.926758000	5464.862677352	12.670	20.641	0.695	-0.353	0.195334	1	4294967295	1508337662
5465.226452000	5465.162692637	12.901	20.494	0.696	-0.362	0.231715	1	4294967295	1508337663
5465.526391000	5465.462767053	13.472	20.229	0.751	-0.380	0.174498	1	4294967295	1508337663
5465.826141000	5465.762843869	14.084	19.937	0.810	-0.402	0.135678	1	4294967295	1508337663
5466.146748000	5466.062924484	14.591	19.598	0.842	-0.441	0.079929	1	4294967295	1508337664
5466.426058000	5466.362980978	14.910	19.343	0.846	-0.465	0.163412	1	4294967295	1508337664
5466.726068000	5466.663041993	15.387	18.997	0.873	-0.502	0.208692	1	4294967295	1508337664
5467.026272000	5466.963101332	15.845	18.629	0.893	-0.543	0.217660	1	4294967295	1508337664
5467.326513000	5467.263159075	16.063	18.255	0.864	-0.595	0.209293	1	4294967295	1508337665
5467.626725000	5467.563236323	16.434	17.805	0.863	-0.651	0.216203	1	4294967295	1508337665
5467.926999000	5467.863253620	16.466	17.561	0.809	-0.676	0.225228	1	4294967295	1508337665
5468.227473000	5468.163333456	16.841	17.112	0.815	-0.722	0.274947	1	4294967295	1508337666
5468.527810000	5468.463415029	17.203	16.633	0.817	-0.772	0.278467	1	4294967295	1508337666
5468.828318000	5468.763526304	17.724	15.934	0.834	-0.858	0.298852	1	4294967295	1508337666
5469.128491000	5469.063635390	18.212	15.234	0.845	-0.939	0.308311	1	4294967295	1508337667
5469.429062000	5469.363701965	18.651	14.699	0.864	-0.981	0.482875	1	4294967295	1508337667
5469.729379000	5469.663778605	18.937	14.128	0.843	-1.036	0.343543	1	4294967295	1508337667
5470.029847000	5469.963830033	19.139	13.721	0.822	-1.058	0.288560	1	4294967295	1508337667
5470.330209000	5470.263910643	19.512	13.097	0.824	-1.111	0.330741	1	4294967295	1508337668
5470.630686000	5470.563980417	19.747	12.530	0.799	-1.157	0.355510	1	4294967295	1508337668
5470.931058000	5470.864049195	19.856	12.073	0.756	-1.185	0.356589	1	4294967295	1508337668
5471.231578000	5471.164115330	20.040	11.562	0.732	-1.215	0.406014	1	4294967295	1508337669
5471.531872000	5471.464188138	20.229	10.971	0.703	-1.259	0.400666	1	4294967295	1508337669
5471.832519000	5471.764253113	20.576	10.292	0.712	-1.307	0.587394	1	4294967295	1508337669
5472.132526000	5472.064356050	20.551	9.836	0.645	-1.328	0.401876	1	4294967295	1508337670
5472.432894000	5472.364449333	20.715	9.166	0.614	-1.377	0.500153	1	4294967295	1508337670
5472.733185000	5472.664542851	20.907	8.488	0.595	-1.422	0.612176	1	4294967295	1508337670
5473.033435000	5472.964657390	20.923	7.859	0.535	-1.461	0.535819	1	4294967295	1508337670
5473.333612000	5473.264716207	21.085	7.330	0.532	-1.475	0.616604	1	4294967295	1508337671
5473.633833000	5473.564833005	21.079	6.703	0.473	-1.509	0.562341	1	4294967295	1508337671
5473.933995000	5473.864987879	21.209	5.866	0.448	-1.569	0.623087	1	4294967295	1508337671
5474.234112000	5474.165150167	21.347	4.988	0.428	-1.632	0.566302	1	4294967295	1508337672
5474.534157000	5474.465294882	21.386	4.233	0.391	-1.673	0.546393	1	4294967295	1508337672
5474.834239000	5474.765360847	21.629	3.476	0.416	-1.710	0.538444	1	4294967295	1508337672
5475.133652000	5475.065295390	21.339	3.564	0.323	-1.622	0.354818	1	4294967295	1508337673
5475.434342000	5475.365332871	21.594	2.906	0.365	-1.646	0.446490	1	4294967295	1508337673
5475.734357000	5475.665416176	21.626	2.346	0.344	-1.654	0.372694	1	4294967295	1508337673
5476.034225000	5475.965454221	21.711	1.951	0.349	-1.637	0.423119	1	4294967295	1508337673
5476.334182000	5476.265538321	21.662	1.560	0.314	-1.619	0.357931	1	4294967295	1508337674
5476.633996000	5476.565629234	21.604	1.155	0.278	-1.604	0.323893	1	4294967295	1508337674
5476.933765000	5476.865737181	21.667	0.519	0.276	-1.624	0.362644	1	4294967295	1508337674
5477.233614000	5477.165758233	21.763	0.203	0.289	-1.598	0.366035	1	4294967295	1508337675
5477.533548000	5477.465731461	21.961	0.007	0.331	-1.560	0.406092	1	4294967295	1508337675
5477.833373000	5477.765756355	22.027	-0.203	0.330	-1.521	0.423731	1	4294967295	1508337675
5478.133165000	5478.065782121	22.092	-0.373	0.328	-1.478	0.449679	1	4294967295	1508337676
5478.424339000	5478.365757427	22.007	0.011	0.283	-1.353	0.423606	1	4294967295	1508337676
5478.732639000	5478.665781279	22.091	-0.021	0.290	-1.300	0.513647	1	4294967295	1508337676
5479.032272000	5478.965814151	22.156	-0.004	0.291	-1.241	0.510766	1	4294967295	1508337676
5479.331900000	5479.265923431	22.033	-0.217	0.239	-1.209	0.441333	1	4294967295	1508337677
5479.631465000	5479.566019032	21.938	-0.363	0.198	-1.171	0.476986	1	4294967295	1508337677
5479.931137000	5479.866052795	22.065	-0.708	0.222	-1.173	0.618816	1	4294967295	1508337677
5480.230772000	5480.166138894	21.988	-0.770	0.186	-1.127	0.560146	1	4294967295	1508337678
5480.539554000	5480.466266260	21.534	-0.790	0.043	-1.060	0.410631	1	4294967295	1508337678
5480.829736000	5480.766294259	21.673	-0.569	0.080	-0.994	0.769373	1	4294967295	1508337678
5481.129337000	5481.066321373	21.859	-0.191	0.127	-0.912	0.411234	1	4294967295	1508337679
5481.428975000	5481.366390509	21.896	0.006	0.129	-0.850	0.597186	1	4294967295	1508337679
5481.728526000	5481.666461811	21.949	0.270	0.134	-0.784	0.598685	1	4294967295	1508337679
5482.028030000	5481.966535302	21.708	-0.219	0.060	-0.804	0.443262	1	4294967295	1508337679
5482.327674000	5482.266591656	21.885	0.271	0.104	-0.718	0.785427	1	4294967295	1508337680
5482.627994000	5482.566679416	21.952	1.170	0.109	-0.580	0.717314	1	4294967295	1508337680
5482.944332000	5482.866798178	21.927	1.932	0.090	-0.462	0.579980	1	4294967295	1508337680
5483.228896000	5483.166851061	21.694	1.854	0.017	-0.446	0.559115	1	4294967295	1508337681
5483.529436000	5483.466897713	21.487	1.875	-0.044	-0.421	0.395100	1	4294967295	1508337681
5483.829790000	5483.767048255	21.539	3.025	-0.025	-0.269	0.706172	1	4294967295	1508337681
5484.130339000	5484.067226765	21.535	4.158	-0.021	-0.124	0.616375	1	4294967295	1508337682
5484.446145000	5484.367404363	21.423	5.024	-0.043	-0.015	0.508697	1	4294967295	1508337682
5484.746321000	5484.667579165	21.270	5.785	-0.073	0.077	0.479511	1	4294967295	1508337682
5485.024254000	5484.967745870	21.185	6.510	-0.079	0.161	0.275172	1	4294967295	1508337682
5485.324232000	5485.267897338	21.071	7.129	-0.092	0.229	0.233034	1	4294967295	1508337683
5485.624033000	5485.568032346	20.932	7.653	-0.110	0.284	0.201262	1	4294967295	1508337683
5485.924086000	5485.868188230	20.815	8.369	-0.115	0.361	0.098252	1	4294967295	1508337683
5486.224001000	5486.168301191	20.675	8.869	-0.131	0.409	0.123664	1	4294967295	1508337684
5486.524157000	5486.468337696	20.589	9.146	-0.139	0.427	0.248468	1	4294967295	1508337684
5486.824189000	5486.768400253	20.513	9.475	-0.139	0.453	0.122243	1	4294967295	1508337684
5487.124447000	5487.068416868	20.406	9.627	-0.156	0.452	0.203377	1	4294967295	1508337685
5487.424542000	5487.368548501	20.185	10.049	-0.186	0.483	0.153750	1	4294967295	1508337685
5487.725017000	5487.668623388	20.019	10.306	-0.207	0.493	0.123974	1	4294967295	1508337685
5488.025230000	5487.968648099	19.918	10.395	-0.218	0.482	0.176861	1	4294967295	1508337685
5488.325729000	5488.268658698	19.820	10.428	-0.231	0.461	0.223299	1	4294967295	1508337686
5488.625993000	5488.568658964	19.742	10.403	-0.241	0.431	0.225589	1	4294967295	1508337686
5488.926591000	5488.868661362	19.680	10.355	-0.247	0.400	0.235415	1	4294967295	1508337686
5489.226858000	5489.168684272	19.593	10.379	-0.253	0.381	0.180363	1	4294967295	1508337687
5489.527363000	5489.468702721	19.526	10.354	-0.257	0.355	0.308611	1	4294967295	1508337687
5489.827765000	5489.768718519	19.509	10.354	-0.245	0.342	0.533716	1	4294967295	1508337687
5490.128307000	5490.068820077	19.212	10.202	-0.311	0.266	0.367489	1	4294967295	1508337688
5490.428451000	5490.368923192	18.935	10.038	-0.366	0.197	0.479906	1	4294967295	1508337688
5490.729049000	5490.669019938	18.691	10.006	-0.398	0.167	0.495941	1	4294967295	1508337688
5491.029455000	5490.969093060	18.521	9.915	-0.414	0.135	0.609268	1	4294967295	1508337688
5491.329895000	5491.269142929	18.496	9.792	-0.393	0.115	0.616767	1	4294967295	1508337689
5491.630144000	5491.569213028	18.306	9.903	-0.401	0.127	0.603352	1	4294967295	1508337689
5491.930629000	5491.869241949	18.284	10.087	-0.364	0.170	0.706519	1	4294967295	1508337689
5492.231254000	5492.169280733	18.290	9.931	-0.343	0.141	0.461218	1	4294967295	1508337690
5492.531852000	5492.469280965	18.448	9.665	-0.295	0.102	0.758330	1	4294967295	1508337690
5492.831857000	5492.769393799	18.349	9.213	-0.317	0.009	0.473948	1	4294967295	1508337690
5493.132321000	5493.069507361	18.277	8.812	-0.326	-0.065	0.586220	1	4294967295	1508337691
5493.432305000	5493.369621214	18.223	8.446	-0.327	-0.124	0.619907	1	4294967295	1508337691
5493.732786000	5493.669756746	18.012	8.216	-0.357	-0.165	0.690671	1	4294967295	1508337691
5494.032588000	5493.969867658	17.982	7.939	-0.342	-0.198	0.694625	1	4294967295	1508337691
5494.332854000	5494.270046920	17.912	7.578	-0.337	-0.246	0.769463	1	4294967295	1508337692
5494.632920000	5494.570235862	17.867	7.207	-0.324	-0.290	0.721173	1	4294967295	1508337692
5494.932976000	5494.870345225	17.838	7.090	-0.296	-0.285	0.718562	1	4294967295	1508337692
5495.232939000	5495.170442408	18.195	6.934	-0.165	-0.262	1.043543	1	4294967295	1508337693
5497.032415000	5496.970352266	18.110	7.190	-0.087	-0.141	0.541524	1	4294967295	1508337694
5497.332290000	5497.270320081	18.065	8.110	-0.053	0.006	0.511026	1	4294967295	1508337695
5497.632131000	5497.570264243	17.857	9.243	-0.051	0.172	0.506019	1	4294967295	1508337695
5497.931876000	5497.870238317	17.621	9.591	-0.096	0.208	0.672131	1	4294967295	1508337695
5498.231543000	5498.170250830	17.621	9.828	-0.077	0.237	0.915144	1	4294967295	1508337696
5498.531197000	5498.470268508	17.433	11.113	-0.052	0.419	0.431386	1	4294967295	1508337696
5498.830805000	5498.770320108	17.131	12.318	-0.065	0.576	0.515124	1	4294967295	1508337696
5499.130573000	5499.070412423	16.754	13.386	-0.104	0.702	0.328638	1	4294967295	1508337697
5499.430259000	5499.370537795	16.333	14.296	-0.160	0.797	0.246135	1	4294967295	1508337697
5499.729724000	5499.670651795	15.884	15.429	-0.206	0.924	0.383593	1	4294967295	1508337697
5500.029239000	5499.970777748	15.439	16.343	-0.260	1.012	0.528262	1	4294967295	1508337697
5500.328778000	5500.270902334	15.010	17.070	-0.316	1.067	0.513703	1	4294967295	1508337698
5500.628446000	5500.571018467	14.596	17.663	-0.372	1.099	0.523994	1	4294967295	1508337698
5501.227488000	5501.171192544	13.771	18.388	-0.499	1.075	0.365673	1	4294967295	1508337699
5501.527086000	5501.471317435	13.106	18.754	-0.606	1.051	0.298895	1	4294967295	1508337699
5501.826687000	5501.771373071	12.740	19.063	-0.643	1.038	0.325249	1	4294967295	1508337699
5502.126099000	5502.071413015	12.397	19.309	-0.677	1.014	0.282203	1	4294967295	1508337700
5502.425662000	5502.371441083	12.073	19.514	-0.706	0.983	0.259692	1	4294967295	1508337700
5502.725089000	5502.671454719	11.778	19.665	-0.729	0.944	0.183447	1	4294967295	1508337700
5503.324190000	5503.271447813	11.347	19.958	-0.741	0.880	0.264115	1	4294967295	1508337701
5503.623873000	5503.571420973	11.147	19.972	-0.748	0.820	0.238168	1	4294967295	1508337701
5503.923433000	5503.871393763	10.974	19.972	-0.750	0.763	0.270563	1	4294967295	1508337701
5504.223242000	5504.171367275	10.827	19.963	-0.747	0.708	0.316819	1	4294967295	1508337702
5505.422839000	5505.371350086	10.136	20.724	-0.718	0.699	0.096241	1	4294967295	1508337703
5505.722835000	5505.671335691	10.124	20.828	-0.691	0.686	0.077464	1	4294967295	1508337703
5506.023001000	5505.971323485	10.128	20.922	-0.662	0.672	0.080667	1	4294967295	1508337703
5506.322985000	5506.271313986	10.138	20.997	-0.634	0.655	0.068121	1	4294967295	1508337704
5506.623373000	5506.571366683	10.052	20.812	-0.631	0.569	0.537581	1	4294967295	1508337704
5506.923565000	5506.871422766	10.002	20.653	-0.621	0.498	0.500922	1	4294967295	1508337704
5507.223914000	5507.171483060	9.977	20.517	-0.607	0.439	0.481940	1	4294967295	1508337705
5507.524178000	5507.471551533	9.940	20.386	-0.594	0.386	0.574530	1	4294967295	1508337705
5507.824771000	5507.771689329	9.898	19.837	-0.603	0.231	0.387960	1	4294967295	1508337705
5508.125130000	5508.071883773	9.501	19.286	-0.666	0.064	0.321129	1	4294967295	1508337706
5508.425671000	5508.371960397	9.431	18.826	-0.670	-0.048	0.193653	1	4294967295	1508337706
5508.726069000	5508.672042679	8.965	18.521	-0.728	-0.141	0.145618	1	4294967295	1508337706
5509.026666000	5508.972156785	8.956	18.051	-0.714	-0.231	0.195763	1	4294967295	1508337706
5509.326871000	5509.272305112	8.693	17.639	-0.736	-0.315	0.163379	1	4294967295	1508337707
5509.627448000	5509.572455659	8.376	17.335	-0.756	-0.367	0.268667	1	4294967295	1508337707
5509.927818000	5509.872649378	8.299	16.812	-0.747	-0.452	0.351405	1	4294967295	1508337707
5510.228245000	5510.173027947	9.006	16.085	-0.617	-0.511	0.503163	1	4294967295	1508337708
5510.528670000	5510.473403690	9.819	15.417	-0.471	-0.544	0.561445	1	4294967295	1508337708
5510.829159000	5510.773785077	10.487	14.785	-0.352	-0.579	0.617293	1	4294967295	1508337708
5511.129500000	5511.074152523	11.017	14.195	-0.257	-0.615	0.655583	1	4294967295	1508337709
5511.429889000	5511.374493136	11.436	13.655	-0.181	-0.646	0.650835	1	4294967295	1508337709
5511.730350000	5511.674797689	11.754	13.168	-0.121	-0.672	0.675187	1	4294967295	1508337709
5512.030701000	5511.975116273	11.977	12.688	-0.077	-0.701	0.607579	1	4294967295	1508337709
5512.330884000	5512.275346890	12.153	12.374	-0.034	-0.694	0.577414	1	4294967295	1508337710
5512.631018000	5512.575565913	12.109	12.117	-0.031	-0.690	0.721589	1	4294967295	1508337710
5512.931091000	5512.875783195	11.897	11.815	-0.067	-0.710	0.901780	1	4294967295	1508337710
5513.231301000	5513.175999841	11.740	11.519	-0.089	-0.722	0.991351	1	4294967295	1508337711
5513.531389000	5513.476143051	11.593	11.392	-0.097	-0.695	1.095488	1	4294967295	1508337711
5513.831351000	5513.776215913	11.426	11.411	-0.101	-0.642	1.235473	1	4294967295	1508337711
5514.131455000	5514.076182808	11.190	12.028	-0.071	-0.463	1.048117	1	4294967295	1508337712
5514.431413000	5514.376140616	10.812	12.822	-0.068	-0.269	1.110665	1	4294967295	1508337712
5514.731361000	5514.676146818	10.331	13.585	-0.099	-0.103	0.772850	1	4294967295	1508337712
5515.031732000	5514.976320798	9.917	13.658	-0.172	-0.088	0.330573	1	4294967295	1508337712
5515.331021000	5515.276393617	9.376	14.536	-0.203	0.091	0.997660	1	4294967295	1508337713
5515.630897000	5515.576623511	8.802	15.102	-0.263	0.198	0.744571	1	4294967295	1508337713
5515.930694000	5515.876915463	8.218	15.564	-0.329	0.281	0.699851	1	4294967295	1508337713
5516.230373000	5516.177253091	7.629	15.929	-0.398	0.342	0.579784	1	4294967295	1508337714
5516.541803000	5516.477387923	7.409	15.873	-0.425	0.310	0.253696	1	4294967295	1508337714
5516.842372000	5516.777519993	7.173	15.863	-0.448	0.289	0.256719	1	4294967295	1508337714
5517.142917000	5517.077716706	6.794	15.830	-0.498	0.261	0.237942	1	4294967295	1508337715
5517.443423000	5517.377836284	6.513	15.886	-0.520	0.258	0.147887	1	4294967295	1508337715
5517.743943000	5517.677956840	6.206	15.957	-0.546	0.257	0.169848	1	4294967295	1508337715
5518.044589000	5517.978095662	5.831	16.019	-0.582	0.252	0.100421	1	4294967295	1508337715
5518.327612000	5518.278452099	5.171	16.351	-0.647	0.322	0.625533	1	4294967295	1508337716
5518.626983000	5518.578731398	4.611	16.656	-0.694	0.381	0.517587	1	4294967295	1508337716
5518.926579000	5518.878958806	4.100	16.883	-0.736	0.415	0.406955	1	4294967295	1508337716
5519.226060000	5519.179171771	3.620	17.028	-0.773	0.426	0.240371	1	4294967295	1508337717
5519.525637000	5519.479321451	3.238	17.155	-0.793	0.432	0.210878	1	4294967295	1508337717
5519.824999000	5519.779416621	2.941	17.255	-0.800	0.429	0.104603	1	4294967295	1508337717
5520.124588000	5520.079467434	2.733	17.346	-0.794	0.424	0.084943	1	4294967295	1508337718
5520.423990000	5520.379497344	2.567	17.405	-0.781	0.410	0.107024	1	4294967295	1508337718
5520.723537000	5520.679502211	2.471	17.450	-0.759	0.393	0.116427	1	4294967295	1508337718
5521.023012000	5520.979536961	2.302	17.533	-0.749	0.388	0.103564	1	4294967295	1508337718
5521.344958000	5521.279493104	2.388	17.526	-0.701	0.358	0.269779	1	4294967295	1508337719
5521.622314000	5521.579456225	2.591	17.554	-0.637	0.343	0.088482	1	4294967295	1508337719
5521.922009000	5521.879414661	2.678	17.628	-0.595	0.339	0.129142	1	4294967295	1508337719
5522.243842000	5522.179438475	2.860	17.546	-0.538	0.295	0.385881	1	4294967295	1508337720
5522.543434000	5522.479477439	3.102	17.440	-0.475	0.250	0.411105	1	4294967295	1508337720
5522.842849000	5522.779539418	3.395	17.302	-0.408	0.203	0.409965	1	4294967295	1508337720
5523.144017000	5523.079554356	3.910	17.323	-0.314	0.207	0.375215	1	4294967295	1508337721
5523.443656000	5523.379582315	4.093	17.430	-0.273	0.229	0.309282	1	4294967295	1508337721
5523.721499000	5523.679666450	4.432	17.329	-0.211	0.197	0.262931	1	4294967295	1508337721
5524.021762000	5523.979685365	4.585	17.477	-0.179	0.229	0.404284	1	4294967295	1508337721
5524.321984000	5524.279873855	4.877	17.188	-0.127	0.153	0.304846	1	4294967295	1508337722
5524.622434000	5524.580071977	5.157	16.897	-0.080	0.084	0.253514	1	4294967295	1508337722
5524.922765000	5524.880280896	5.432	16.603	-0.036	0.021	0.213069	1	4294967295	1508337722
5525.223337000	5525.180479086	5.503	16.275	-0.025	-0.051	0.272991	1	4294967295	1508337723
5525.523722000	5525.480572888	5.246	15.966	-0.063	-0.131	0.362274	1	4294967295	1508337723
5525.824224000	5525.780795966	5.396	15.662	-0.040	-0.179	0.387067	1	4294967295	1508337723
5526.124624000	5526.080890014	5.399	15.742	-0.031	-0.132	0.201564	1	4294967295	1508337724
5526.425253000	5526.381048192	5.622	15.604	0.004	-0.138	0.196058	1	4294967295	1508337724
5526.725734000	5526.681129685	5.382	15.351	-0.037	-0.197	0.554848	1	4294967295	1508337724
5527.030472000	5526.981322386	5.841	14.986	0.027	-0.249	0.144939	1	4294967295	1508337724
5527.337594000	5527.281475664	6.124	14.621	0.060	-0.305	0.303671	1	4294967295	1508337725
5527.635327000	5527.581728344	6.305	14.045	0.071	-0.410	0.305723	1	4294967295	1508337725
5527.934588000	5527.881986612	6.484	13.477	0.082	-0.501	0.270639	1	4294967295	1508337725
5528.233816000	5528.182254764	6.652	12.920	0.092	-0.582	0.281820	1	4294967295	1508337726
5528.528543000	5528.482585731	6.590	12.774	0.091	-0.546	0.597338	1	4294967295	1508337726
5528.828642000	5528.782836249	6.303	12.708	0.056	-0.510	0.498626	1	4294967295	1508337726
5529.128925000	5529.083168356	6.079	12.647	0.034	-0.465	0.673473	1	4294967295	1508337727
5529.429438000	5529.383455863	5.607	12.660	-0.025	-0.419	0.586403	1	4294967295	1508337727
5529.732765000	5529.683674192	5.732	12.277	-0.011	-0.461	0.313213	1	4294967295	1508337727
5530.032934000	5529.983913508	5.695	11.882	-0.026	-0.509	0.236208	1	4294967295	1508337727
5530.333120000	5530.284153341	5.621	11.536	-0.041	-0.542	0.173928	1	4294967295	1508337728
5530.633363000	5530.584399111	5.520	11.241	-0.057	-0.559	0.174846	1	4294967295	1508337728
5531.229628000	5531.184524197	5.386	11.104	-0.054	-0.500	0.197986	1	4294967295	1508337729
5532.136503000	5532.084549214	4.771	10.984	-0.133	-0.443	0.466801	1	4294967295	1508337730
5532.429781000	5532.385169895	3.240	11.894	-0.313	-0.209	1.056638	1	4294967295	1508337730
5532.729708000	5532.685973825	1.879	12.348	-0.480	-0.069	0.971966	1	4294967295	1508337730
5533.029406000	5532.986813141	0.757	12.444	-0.621	-0.008	0.670494	1	4294967295	1508337730
5533.329259000	5533.287618689	-0.201	12.371	-0.737	0.015	0.505029	1	4294967295	1508337731
5533.628870000	5533.588282381	-0.955	12.326	-0.816	0.045	0.339098	1	4294967295	1508337731
5533.928620000	5533.888817356	-1.586	12.247	-0.876	0.059	0.219196	1	4294967295	1508337731
5534.228267000	5534.189237135	-2.119	12.151	-0.918	0.062	0.153115	1	4294967295	1508337732
5534.527916000	5534.489543372	-2.572	12.076	-0.947	0.063	0.129963	1	4294967295	1508337732
5534.827517000	5534.789747300	-2.949	12.028	-0.962	0.064	0.181583	1	4294967295	1508337732
5535.127179000	5535.089874704	-3.261	12.008	-0.965	0.065	0.122893	1	4294967295	1508337733
5535.426682000	5535.389938704	-3.510	12.009	-0.956	0.067	0.176633	1	4294967295	1508337733
5535.726121000	5535.689960642	-3.238	12.527	-0.870	0.217	0.736099	1	4294967295	1508337733
5536.025536000	5535.990012078	-3.329	12.516	-0.833	0.198	0.296294	1	4294967295	1508337733
5536.325029000	5536.290052737	-3.376	12.513	-0.790	0.180	0.213221	1	4294967295	1508337734
5536.644566000	5536.590124487	-3.449	12.507	-0.755	0.166	0.128058	1	4294967295	1508337734
5536.944300000	5536.890204329	-3.482	12.492	-0.714	0.151	0.138379	1	4294967295	1508337734
5537.524810000	5537.490184433	-3.582	12.724	-0.659	0.179	0.428524	1	4294967295	1508337735
5538.426423000	5538.390211791	-3.655	13.018	-0.574	0.200	0.520977	1	4294967295	1508337736
5538.726855000	5538.690265813	-3.248	13.190	-0.478	0.217	0.568019	1	4294967295	1508337736
5539.027268000	5538.990358929	-2.763	13.346	-0.373	0.229	0.606480	1	4294967295	1508337736
5539.320454000	5539.290471677	-1.775	13.477	-0.186	0.220	0.416783	1	4294967295	1508337737
5539.620405000	5539.590760366	-1.057	13.276	-0.043	0.149	0.400815	1	4294967295	1508337737
5539.920328000	5539.891250943	-0.264	12.851	0.110	0.039	0.389392	1	4294967295	1508337737
5540.220467000	5540.191797551	0.482	12.451	0.242	-0.050	0.474579	1	4294967295	1508337738
5540.520451000	5540.492448328	1.278	12.043	0.369	-0.126	0.413220	1	4294967295	1508337738
5540.820546000	5540.793060170	1.905	11.716	0.456	-0.168	0.357951	1	4294967295	1508337738
5541.139002000	5541.093722659	2.572	11.296	0.545	-0.228	0.570841	1	4294967295	1508337739
5541.438262000	5541.394507210	3.328	10.659	0.648	-0.337	0.397357	1	4294967295	1508337739
5541.737356000	5541.695313553	4.050	9.941	0.737	-0.454	0.355343	1	4294967295	1508337739
5542.036656000	5541.995486348	4.181	9.344	0.725	-0.575	0.303639	1	4294967295	1508337739
5542.329922000	5542.296318234	5.059	8.666	0.830	-0.652	0.196997	1	4294967295	1508337740
5542.635084000	5542.597012210	5.595	7.999	0.873	-0.724	0.129948	1	4294967295	1508337740
5542.934171000	5542.897597095	6.011	7.393	0.893	-0.780	0.265817	1	4294967295	1508337740
5543.229881000	5543.198011265	6.425	6.885	0.914	-0.818	0.126005	1	4294967295	1508337741
5543.529935000	5543.498473032	6.952	6.229	0.951	-0.888	0.153832	1	4294967295	1508337741
5543.829446000	5543.798737653	7.168	5.647	0.929	-0.951	0.128922	1	4294967295	1508337741
5544.129263000	5544.098942942	7.333	5.117	0.900	-0.999	0.208325	1	4294967295	1508337742
5544.431396000	5544.399245245	7.376	4.479	0.845	-1.064	0.194633	1	4294967295	1508337742
5544.731129000	5544.699477693	7.406	3.949	0.795	-1.102	0.188990	1	4294967295	1508337742
5545.033184000	5544.999857760	7.238	3.308	0.703	-1.155	0.204843	1	4294967295	1508337742
5545.332638000	5545.300177078	7.094	2.846	0.630	-1.163	0.145967	1	4294967295	1508337743
5545.632077000	5545.600476351	6.946	2.402	0.561	-1.168	0.272003	1	4294967295	1508337743
5545.931780000	5545.900777544	6.788	2.020	0.496	-1.158	0.240442	1	4294967295	1508337743
5546.231542000	5546.201067012	6.824	1.637	0.482	-1.144	0.408851	1	4294967295	1508337744
5546.531437000	5546.501353468	6.577	1.415	0.410	-1.101	0.258651	1	4294967295	1508337744
5547.131752000	5547.101444492	6.359	0.849	0.308	-1.085	0.277226	1	4294967295	1508337745
5547.432100000	5547.401969477	5.994	0.761	0.241	-1.002	0.476687	1	4294967295	1508337745
5549.220754000	5549.202775088	5.765	-0.510	0.165	-0.863	0.753613	1	4294967295	1508337747
5549.819843000	5549.804081857	5.022	-0.405	0.080	-0.687	0.842131	1	4294967295	1508337747
5550.128134000	5550.107059347	3.410	-0.549	-0.085	-0.542	0.523369	1	4294967295	1508337748
5553.722756000	5553.708338661	2.765	-2.204	-0.066	-0.472	0.480029	1	4294967295	1508337751
5554.022138000	5554.009452350	2.604	-1.642	-0.030	-0.353	0.335761	1	4294967295	1508337751
5554.321678000	5554.310606922	2.449	-0.722	0.009	-0.190	0.228819	1	4294967295	1508337752
5557.319221000	5557.311331950	3.020	0.442	0.125	0.033	0.264286	1	4294967295	1508337755
5558.220013000	5558.211379531	3.391	1.084	0.170	0.115	0.253767	1	4294967295	1508337756
5558.820755000	5558.811105134	3.603	1.122	0.181	0.117	0.117480	1	4294967295	1508337756
5559.121181000	5559.110850218	3.690	1.077	0.179	0.111	0.054249	1	4294967295	1508337757
5560.323275000	5560.310475716	3.809	0.588	0.142	0.015	0.085177	1	4294967295	1508337758
5560.623705000	5560.610206572	3.673	0.348	0.099	-0.028	0.091009	1	4294967295	1508337758
5560.924188000	5560.910026777	3.521	0.193	0.059	-0.058	0.096385	1	4294967295	1508337758
5561.224611000	5561.209897606	3.346	0.076	0.016	-0.082	0.109872	1	4294967295	1508337759
5561.525093000	5561.509811950	3.162	-0.024	-0.025	-0.103	0.116285	1	4294967295	1508337759
5561.825467000	5561.809736285	2.956	-0.113	-0.069	-0.121	0.164400	1	4294967295	1508337759
5562.125973000	5562.109685886	2.731	-0.194	-0.115	-0.137	0.200369	1	4294967295	1508337760
5562.426311000	5562.409647827	2.487	-0.250	-0.163	-0.144	0.187162	1	4294967295	1508337760
5562.726651000	5562.709616682	2.232	-0.299	-0.210	-0.149	0.156600	1	4294967295	1508337760
5563.327278000	5563.309582895	1.847	-0.386	-0.270	-0.151	0.164357	1	4294967295	1508337761
5563.627928000	5563.609561471	1.538	-0.428	-0.323	-0.153	0.129125	1	4294967295	1508337761
5565.727871000	5565.709598117	0.571	-0.483	-0.378	-0.102	0.211271	1	4294967295	1508337763
5566.027547000	5566.009661902	0.316	-0.208	-0.404	-0.043	0.142711	1	4294967295	1508337763
5566.327377000	5566.309733845	0.107	0.111	-0.419	0.020	0.102809	1	4294967295	1508337764
5566.927009000	5566.909829695	-0.183	0.576	-0.422	0.104	0.039260	1	4294967295	1508337764
5567.226537000	5567.209898784	-0.332	1.047	-0.420	0.185	0.005017	1	4294967295	1508337765
5567.526238000	5567.509938366	-0.421	1.460	-0.407	0.251	0.080520	1	4294967295	1508337765
5567.825824000	5567.809955698	-0.481	1.838	-0.387	0.308	0.100808	1	4294967295	1508337765
5568.125485000	5568.109963693	-0.514	2.192	-0.363	0.358	0.126729	1	4294967295	1508337766
5569.023882000	5569.009969513	-0.563	2.768	-0.296	0.408	0.228020	1	4294967295	1508337766
5569.622773000	5569.609967161	-0.356	3.189	-0.204	0.447	0.201361	1	4294967295	1508337767
5570.221765000	5570.209971501	-0.028	3.563	-0.097	0.474	0.191980	1	4294967295	1508337768
5570.521136000	5570.509969720	0.338	3.734	-0.003	0.484	0.203378	1	4294967295	1508337768
5570.820602000	5570.809968551	0.667	3.897	0.076	0.491	0.212252	1	4294967295	1508337768
5571.419672000	5571.409989869	1.102	4.085	0.167	0.471	0.168295	1	4294967295	1508337769
5571.719141000	5571.709991456	1.477	4.103	0.243	0.446	0.178811	1	4294967295	1508337769
5572.018862000	5572.010068955	1.890	4.082	0.320	0.416	0.078204	1	4294967295	1508337769
5572.318387000	5572.310084579	2.229	4.049	0.376	0.382	0.077815	1	4294967295	1508337770
5572.618358000	5572.610093532	2.530	3.990	0.420	0.343	0.075856	1	4294967295	1508337770
5572.918059000	5572.910082761	2.814	3.919	0.458	0.302	0.178091	1	4294967295	1508337770
5573.218155000	5573.210066328	3.068	3.831	0.486	0.260	0.187255	1	4294967295	1508337771
5573.818268000	5573.810047492	3.367	3.652	0.489	0.183	0.224743	1	4294967295	1508337771
5574.118303000	5574.109985157	3.456	3.638	0.477	0.164	0.137071	1	4294967295	1508337772
5574.418719000	5574.409948370	3.529	3.594	0.461	0.142	0.162844	1	4294967295	1508337772
5574.718939000	5574.709938201	3.658	3.187	0.457	0.043	0.160928	1	4294967295	1508337772
5575.019506000	5575.009924250	3.756	2.823	0.446	-0.040	0.135974	1	4294967295	1508337772
5575.319882000	5575.309894902	3.827	2.487	0.429	-0.112	0.123575	1	4294967295	1508337773
5575.620326000	5575.609848082	3.858	2.180	0.404	-0.174	0.122231	1	4294967295	1508337773
5575.920831000	5575.909778552	3.828	1.936	0.366	-0.219	0.114893	1	4294967295	1508337773
5576.221301000	5576.209752627	3.724	1.834	0.314	-0.229	0.143316	1	4294967295	1508337774
5576.521978000	5576.509761436	3.701	1.787	0.286	-0.225	0.067803	1	4294967295	1508337774
5577.123000000	5577.109779682	3.524	1.526	0.201	-0.251	0.158639	1	4294967295	1508337775
5577.423476000	5577.409727973	3.306	1.141	0.130	-0.316	0.212231	1	4294967295	1508337775
5577.724250000	5577.709533578	3.116	0.538	0.066	-0.428	0.088337	1	4294967295	1508337775
5578.024574000	5578.009356845	2.814	0.126	-0.020	-0.494	0.131977	1	4294967295	1508337775
5578.325044000	5578.309212788	2.528	-0.126	-0.096	-0.521	0.143551	1	4294967295	1508337776
5578.625458000	5578.609080960	2.240	-0.305	-0.167	-0.529	0.133312	1	4294967295	1508337776
5578.925896000	5578.908964180	1.954	-0.432	-0.232	-0.525	0.101857	1	4294967295	1508337776
5579.226335000	5579.208896569	1.714	-0.484	-0.278	-0.500	0.133056	1	4294967295	1508337777
5579.526461000	5579.508814028	1.413	-0.511	-0.338	-0.471	0.107332	1	4294967295	1508337777
5579.826778000	5579.808739822	1.113	-0.508	-0.393	-0.435	0.126076	1	4294967295	1508337777
5580.126913000	5580.108703254	0.903	-0.536	-0.418	-0.409	0.174708	1	4294967295	1508337778
5580.427016000	5580.408669894	0.693	-0.530	-0.442	-0.376	0.208060	1	4294967295	1508337778
5580.727159000	5580.708605398	0.390	-0.408	-0.488	-0.315	0.096320	1	4294967295	1508337778
5581.027116000	5581.008542966	0.112	-0.279	-0.524	-0.257	0.074739	1	4294967295	1508337778
5581.327008000	5581.308516153	-0.142	-0.071	-0.550	-0.184	0.119128	1	4294967295	1508337779
5581.626784000	5581.608536756	-0.336	0.080	-0.557	-0.131	0.128025	1	4294967295	1508337779
5581.926528000	5581.908475953	-0.540	0.275	-0.568	-0.072	0.095927	1	4294967295	1508337779
5582.226268000	5582.208480959	-0.706	0.583	-0.567	0.010	0.114219	1	4294967295	1508337780
5582.526101000	5582.508499547	-0.850	0.890	-0.560	0.086	0.107714	1	4294967295	1508337780
5582.836044000	5582.808542391	-1.031	1.152	-0.563	0.144	0.140457	1	4294967295	1508337780
5583.125397000	5583.108548561	-1.092	1.458	-0.536	0.209	0.111008	1	4294967295	1508337781
5583.424967000	5583.408555693	-1.124	1.761	-0.504	0.268	0.088799	1	4294967295	1508337781
5583.738494000	5583.708619538	-1.217	2.014	-0.490	0.310	0.101141	1	4294967295	1508337781
5584.024061000	5584.008639625	-1.157	2.299	-0.438	0.356	0.135159	1	4294967295	1508337781
5584.323649000	5584.308637727	-1.092	2.590	-0.390	0.401	0.141156	1	4294967295	1508337782
5584.623171000	5584.608662510	-0.961	2.869	-0.329	0.439	0.117488	1	4294967295	1508337782
5584.922418000	5584.908656699	-0.820	3.070	-0.270	0.454	0.201746	1	4294967295	1508337782
5585.221894000	5585.208662885	-0.645	3.274	-0.207	0.468	0.198598	1	4294967295	1508337783
5585.521269000	5585.508689130	-0.413	3.539	-0.135	0.497	0.161037	1	4294967295	1508337783
5585.820742000	5585.808713784	-0.156	3.788	-0.062	0.519	0.153449	1	4294967295	1508337783
5586.142445000	5586.108785632	0.005	3.978	-0.017	0.527	0.080537	1	4294967295	1508337784
5586.419503000	5586.408775807	0.310	4.144	0.060	0.526	0.164497	1	4294967295	1508337784
5586.718952000	5586.708760125	0.624	4.286	0.134	0.519	0.140583	1	4294967295	1508337784
5587.018317000	5587.008737253	0.944	4.395	0.205	0.505	0.139998	1	4294967295	1508337784
5587.342318000	5587.308779441	1.169	4.436	0.247	0.478	0.126473	1	4294967295	1508337785
5587.617475000	5587.608763620	1.450	4.537	0.299	0.466	0.187856	1	4294967295	1508337785
5587.917494000	5587.908742778	1.778	4.403	0.360	0.399	0.125660	1	4294967295	1508337785
5588.217180000	5588.208725649	2.094	4.267	0.413	0.336	0.157765	1	4294967295	1508337786
5588.517161000	5588.508719468	2.390	4.100	0.457	0.271	0.119847	1	4294967295	1508337786
5588.840474000	5588.808757420	2.619	3.901	0.480	0.203	0.102554	1	4294967295	1508337786
5589.139682000	5589.108804588	2.788	3.758	0.486	0.154	0.126839	1	4294967295	1508337787
5589.438982000	5589.408846171	2.942	3.578	0.487	0.099	0.153691	1	4294967295	1508337787
5589.738328000	5589.708885483	3.079	3.358	0.483	0.038	0.146099	1	4294967295	1508337787
5590.037614000	5590.008919798	3.197	3.108	0.473	-0.027	0.148983	1	4294967295	1508337787
5590.318167000	5590.308918532	3.300	2.839	0.460	-0.094	0.142297	1	4294967295	1508337788
5590.618798000	5590.608913466	3.406	2.637	0.449	-0.139	0.201609	1	4294967295	1508337788
5590.919251000	5590.908871251	3.520	2.201	0.436	-0.241	0.217475	1	4294967295	1508337788
5591.219845000	5591.208870251	3.532	1.995	0.403	-0.276	0.165650	1	4294967295	1508337789
5591.520325000	5591.508860383	3.505	1.766	0.363	-0.316	0.168001	1	4294967295	1508337789
5591.820980000	5591.808856597	3.530	1.538	0.339	-0.350	0.415932	1	4294967295	1508337789
5592.121431000	5592.108852881	3.478	1.414	0.301	-0.358	0.259642	1	4294967295	1508337790
5592.421992000	5592.408851288	3.391	1.279	0.257	-0.368	0.276929	1	4294967295	1508337790
5592.722539000	5592.708748383	3.235	0.816	0.191	-0.460	0.178831	1	4294967295	1508337790
5593.022921000	5593.008585658	3.002	0.465	0.112	-0.522	0.119556	1	4294967295	1508337790
5593.323423000	5593.308467154	2.740	0.206	0.036	-0.555	0.191597	1	4294967295	1508337791
5593.623781000	5593.608345857	2.472	-0.007	-0.036	-0.575	0.170769	1	4294967295	1508337791
5593.924280000	5593.908227891	2.215	-0.184	-0.100	-0.583	0.136597	1	4294967295	1508337791
5594.225069000	5594.208166967	2.059	-0.383	-0.133	-0.593	0.149554	1	4294967295	1508337792
5594.525250000	5594.508108672	1.806	-0.519	-0.186	-0.587	0.139495	1	4294967295	1508337792
5594.825340000	5594.808023379	1.473	-0.616	-0.256	-0.573	0.101711	1	4294967295	1508337792
5595.125746000	5595.107950640	1.166	-0.671	-0.314	-0.548	0.142385	1	4294967295	1508337793
5595.425806000	5595.407920374	0.997	-0.796	-0.333	-0.540	0.154722	1	4294967295	1508337793
5595.725900000	5595.707887116	0.815	-0.902	-0.355	-0.527	0.125264	1	4294967295	1508337793
5596.025953000	5596.007853582	0.637	-0.987	-0.373	-0.511	0.070085	1	4294967295	1508337793
5596.325990000	5596.307815322	0.453	-1.050	-0.391	-0.490	0.079051	1	4294967295	1508337794
5596.625973000	5596.607784467	0.277	-1.086	-0.406	-0.465	0.086255	1	4294967295	1508337794
5597.225510000	5597.207695287	0.012	-0.884	-0.407	-0.359	0.333476	1	4294967295	1508337795
5597.525297000	5597.507618763	-0.111	-0.562	-0.403	-0.264	0.291544	1	4294967295	1508337795
5597.825109000	5597.807542252	-0.362	-0.090	-0.429	-0.145	0.075783	1	4294967295	1508337795
5598.124690000	5598.107435592	-0.588	0.256	-0.450	-0.060	0.078783	1	4294967295	1508337796
5598.424496000	5598.407472773	-0.756	0.665	-0.452	0.033	0.134445	1	4294967295	1508337796
5598.724178000	5598.707505669	-0.864	1.037	-0.440	0.112	0.120773	1	4294967295	1508337796
5599.023827000	5599.007543572	-0.925	1.381	-0.419	0.180	0.094800	1	4294967295	1508337796
5599.323420000	5599.307577860	-0.934	1.700	-0.388	0.238	0.117812	1	4294967295	1508337797
5599.623011000	5599.607609707	-0.899	1.997	-0.349	0.287	0.189589	1	4294967295	1508337797
5599.922602000	5599.907710183	-0.767	2.365	-0.288	0.348	0.178753	1	4294967295	1508337797
5600.820786000	5600.807738643	-0.746	2.890	-0.222	0.392	0.279471	1	4294967295	1508337798
5601.120266000	5601.107706042	-0.485	3.150	-0.144	0.424	0.221655	1	4294967295	1508337799
5601.419605000	5601.407727591	-0.173	3.394	-0.058	0.450	0.102014	1	4294967295	1508337799
5601.719091000	5601.707749507	0.152	3.613	0.026	0.470	0.113071	1	4294967295	1508337799
5602.018623000	5602.007783580	0.439	3.868	0.095	0.495	0.175427	1	4294967295	1508337799
5602.317910000	5602.307798579	0.739	4.088	0.162	0.512	0.211290	1	4294967295	1508337800
5602.617461000	5602.607804488	1.046	4.281	0.226	0.521	0.199659	1	4294967295	1508337800
5602.916915000	5602.907782067	1.431	4.282	0.303	0.487	0.091320	1	4294967295	1508337800
5603.216721000	5603.207762690	1.783	4.264	0.366	0.451	0.093451	1	4294967295	1508337801
5603.523123000	5603.507788797	2.021	4.231	0.396	0.414	0.210600	1	4294967295	1508337801
5603.816117000	5603.807764068	2.353	4.161	0.447	0.371	0.105114	1	4294967295	1508337801
5604.115865000	5604.107745979	2.666	4.066	0.489	0.325	0.099476	1	4294967295	1508337802
5604.415958000	5604.407723644	2.929	3.948	0.516	0.277	0.129410	1	4294967295	1508337802
5604.715969000	5604.707707482	3.200	3.844	0.542	0.235	0.227430	1	4294967295	1508337802
5605.015936000	5605.007685336	3.398	3.662	0.549	0.179	0.211864	1	4294967295	1508337802
5605.616559000	5605.607666790	3.634	3.672	0.527	0.156	0.218233	1	4294967295	1508337803
5605.917027000	5605.907661138	3.757	3.305	0.516	0.067	0.160446	1	4294967295	1508337803
5606.217284000	5606.207651577	3.857	2.961	0.500	-0.012	0.141990	1	4294967295	1508337804
5606.517901000	5606.507672003	3.929	2.374	0.477	-0.137	0.227865	1	4294967295	1508337804
5606.818296000	5606.807639760	3.942	1.928	0.443	-0.226	0.170706	1	4294967295	1508337804
5607.118861000	5607.107598108	3.973	1.635	0.416	-0.278	0.133394	1	4294967295	1508337805
5607.419317000	5607.407542172	3.969	1.363	0.384	-0.323	0.121209	1	4294967295	1508337805
5607.719809000	5607.707456736	4.080	1.072	0.379	-0.370	0.184521	1	4294967295	1508337805
5608.020392000	5608.007355494	3.993	0.782	0.330	-0.416	0.143966	1	4294967295	1508337805
5608.320849000	5608.307226209	3.708	0.400	0.237	-0.484	0.131884	1	4294967295	1508337806
5608.621407000	5608.607110588	3.476	0.112	0.163	-0.524	0.136109	1	4294967295	1508337806
5608.921856000	5608.907002658	3.255	-0.132	0.097	-0.551	0.120609	1	4294967295	1508337806
5609.222462000	5609.206903869	3.033	-0.348	0.035	-0.568	0.108268	1	4294967295	1508337807
5609.522778000	5609.506815708	2.842	-0.561	-0.016	-0.583	0.074762	1	4294967295	1508337807
5609.823280000	5609.806727217	2.539	-0.734	-0.091	-0.586	0.094254	1	4294967295	1508337807
5610.123628000	5610.106641624	2.255	-0.866	-0.157	-0.579	0.088799	1	4294967295	1508337808
5610.724139000	5610.706589677	2.036	-1.209	-0.190	-0.580	0.129906	1	4294967295	1508337808
5611.024147000	5611.006491038	1.811	-1.342	-0.236	-0.572	0.104157	1	4294967295	1508337808
5611.324094000	5611.306403158	1.631	-1.426	-0.266	-0.552	0.103848	1	4294967295	1508337809
5611.623938000	5611.606378413	1.403	-1.405	-0.304	-0.505	0.062594	1	4294967295	1508337809
5611.923711000	5611.906345097	1.210	-1.374	-0.330	-0.460	0.080304	1	4294967295	1508337809
5612.223328000	5612.206222321	1.091	-1.269	-0.337	-0.401	0.203868	1	4294967295	1508337810
5612.522940000	5612.506120459	0.997	-1.164	-0.336	-0.346	0.265602	1	4294967295	1508337810
5613.120092000	5613.106180742	0.691	-1.106	-0.358	-0.283	0.145799	1	4294967295	1508337811
5613.419753000	5613.406227841	0.527	-0.954	-0.368	-0.227	0.150697	1	4294967295	1508337811
5613.719720000	5613.706245505	0.454	-0.803	-0.357	-0.175	0.070428	1	4294967295	1508337811
5614.020140000	5614.006315609	0.435	-0.742	-0.333	-0.149	0.101355	1	4294967295	1508337811
5614.319568000	5614.306339196	0.421	-0.542	-0.312	-0.092	0.064208	1	4294967295	1508337812
5614.933035000	5614.906394672	0.357	-0.150	-0.284	0.008	0.198001	1	4294967295	1508337812
5617.619371000	5617.606346996	0.314	0.791	-0.164	0.162	0.248976	1	4294967295	1508337815
5617.919400000	5617.906264509	0.755	1.121	-0.080	0.207	0.130518	1	4294967295	1508337815
5618.219396000	5618.206214059	0.939	1.349	-0.044	0.236	0.115067	1	4294967295	1508337816
5618.519346000	5618.506159022	1.073	1.500	-0.018	0.250	0.128504	1	4294967295	1508337816
5618.819359000	5618.806089591	1.205	1.598	0.008	0.253	0.062220	1	4294967295	1508337816
5619.119364000	5619.106025038	1.303	1.673	0.027	0.251	0.048535	1	4294967295	1508337817
5619.419418000	5619.405962477	1.373	1.731	0.040	0.246	0.041877	1	4294967295	1508337817
5619.719471000	5619.705922710	1.445	1.770	0.053	0.236	0.045547	1	4294967295	1508337817
5620.019444000	5620.006008659	1.727	1.928	0.107	0.256	0.491551	1	4294967295	1508337817
5620.319574000	5620.306049594	1.916	2.049	0.141	0.267	0.366124	1	4294967295	1508337818
5620.619660000	5620.606067935	2.060	2.126	0.163	0.265	0.287034	1	4294967295	1508337818
5620.919791000	5620.906074766	2.169	2.179	0.177	0.258	0.225519	1	4294967295	1508337818
5621.218576000	5621.206065025	2.328	2.297	0.202	0.268	0.240720	1	4294967295	1508337819
5621.519598000	5621.506059695	2.404	2.313	0.206	0.250	0.152342	1	4294967295	1508337819
5621.819509000	5621.806076707	2.498	2.443	0.214	0.265	0.165146	1	4294967295	1508337819
5622.119464000	5622.106071570	2.535	2.444	0.207	0.244	0.111823	1	4294967295	1508337820
5622.419456000	5622.406069083	2.563	2.472	0.198	0.232	0.114239	1	4294967295	1508337820
5622.719403000	5622.706065813	2.587	2.491	0.190	0.218	0.106729	1	4294967295	1508337820
5623.019408000	5623.006032839	2.514	2.444	0.157	0.187	0.075669	1	4294967295	1508337820
5623.319336000	5623.306028822	2.536	2.460	0.150	0.176	0.117455	1	4294967295	1508337821
5623.619359000	5623.606025253	2.553	2.469	0.143	0.164	0.112556	1	4294967295	1508337821
5623.919360000	5623.906010325	2.589	2.415	0.140	0.137	0.092501	1	4294967295	1508337821
5624.219345000	5624.205997209	2.619	2.368	0.136	0.114	0.089336	1	4294967295	1508337822
5624.519323000	5624.505933824	2.541	2.368	0.106	0.102	0.101151	1	4294967295	1508337822
5624.819290000	5624.805877708	2.478	2.365	0.082	0.091	0.110630	1	4294967295	1508337822
5625.119229000	5625.105806424	2.340	2.302	0.039	0.064	0.058553	1	4294967295	1508337823
5625.419195000	5625.405770095	2.296	2.317	0.025	0.061	0.167555	1	4294967295	1508337823
5625.719187000	5625.705762069	2.330	2.353	0.032	0.065	0.181963	1	4294967295	1508337823
5626.032402000	5626.005682405	2.269	2.303	0.012	0.044	0.174605	1	4294967295	1508337823
5626.319152000	5626.305635838	2.147	2.238	-0.021	0.021	0.078931	1	4294967295	1508337824
5626.619134000	5626.605576609	2.042	2.161	-0.048	-0.003	0.065854	1	4294967295	1508337824
5626.919087000	5626.905513849	1.915	2.053	-0.079	-0.033	0.061526	1	4294967295	1508337824
5627.219030000	5627.205457733	1.828	1.998	-0.097	-0.047	0.064233	1	4294967295	1508337825
5627.519011000	5627.505398317	1.740	1.913	-0.113	-0.067	0.065245	1	4294967295	1508337825
5627.818972000	5627.805340197	1.668	1.845	-0.124	-0.082	0.033636	1	4294967295	1508337825
5628.119049000	5628.105298728	1.612	1.821	-0.130	-0.084	0.051022	1	4294967295	1508337826
5628.419115000	5628.405250560	1.559	1.782	-0.135	-0.089	0.014555	1	4294967295	1508337826
5628.719005000	5628.705201951	1.509	1.751	-0.138	-0.092	0.026496	1	4294967295	1508337826
5629.019224000	5629.005198156	1.570	1.816	-0.112	-0.069	0.507000	1	4294967295	1508337826
5629.319305000	5629.305202014	1.616	1.900	-0.092	-0.042	0.485388	1	4294967295	1508337827
5629.619334000	5629.605223539	1.665	1.971	-0.071	-0.019	0.472673	1	4294967295	1508337827
5629.919296000	5629.905216919	1.702	2.035	-0.056	-0.002	0.429594	1	4294967295	1508337827
5630.219407000	5630.205209063	1.733	2.088	-0.044	0.012	0.414315	1	4294967295	1508337828
5630.519326000	5630.505197279	1.765	2.136	-0.032	0.023	0.394201	1	4294967295	1508337828
5630.819296000	5630.805203089	1.815	2.163	-0.016	0.028	0.371281	1	4294967295	1508337828
5631.119266000	5631.105188295	1.841	2.203	-0.008	0.035	0.357558	1	4294967295	1508337829
5631.419167000	5631.405170266	1.865	2.241	-0.002	0.042	0.345120	1	4294967295	1508337829
5631.719093000	5631.705141129	1.885	2.241	0.003	0.037	0.329130	1	4294967295	1508337829
5632.019071000	5632.005145614	1.918	2.249	0.012	0.037	0.326362	1	4294967295	1508337829
5632.319000000	5632.305147690	1.971	2.236	0.025	0.030	0.347272	1	4294967295	1508337830
5632.618993000	5632.605124499	1.971	2.252	0.023	0.031	0.292790	1	4294967295	1508337830
5632.919001000	5632.905108450	1.986	2.305	0.025	0.042	0.293289	1	4294967295	1508337830
5633.218895000	5633.205078810	1.940	2.228	0.010	0.017	0.050333	1	4294967295	1508337831
5633.532099000	5633.505069793	1.998	2.245	0.024	0.020	0.342580	1	4294967295	1508337831
5633.818929000	5633.805062607	2.063	2.206	0.039	0.008	0.286504	1	4294967295	1508337831
5634.118902000	5634.105062871	2.145	2.203	0.057	0.006	0.277776	1	4294967295	1508337832
5634.431868000	5634.405009807	2.119	2.141	0.045	-0.013	0.072183	1	4294967295	1508338338
