0x1C1C , 4141 
0x3E3E , 4089 
0x4D4D , 4165 
0x6E6E , 4150 
0x1C1C , 3766 
0x3E3E , 3874 
0x4D4D , 3564 
0x6E6E , 4197 
0x1C1C , 3180 
0x3E3E , 3742 
0x4D4D , 3780 
0x6E6E , 4488 
0x1C1C , 3025 
0x3E3E , 4413 
0x4D4D , 3996 
0x6E6E , 4601 
0x1C1C , 3559 
0x3E3E , 3428 
0x4D4D , 3728 
0x6E6E , 5046 
0x1C1C , 3916 
0x3E3E , 3025 
0x4D4D , 4014 
0x6E6E , 5276 
0x1C1C , 3921 
0x3E3E , 3015 
0x4D4D , 3334 
0x6E6E , 5393 
0x1C1C , 4052 
0x3E3E , 2725 
0x4D4D , 3264 
0x6E6E , 5389 
0x1C1C , 4202 
0x3E3E , 2603 
0x4D4D , 3058 
0x6E6E , 5501 
0x1C1C , 4240 
0x3E3E , 2467 
0x4D4D , 3597 
0x6E6E , 5529 
0x1C1C , 4357 
0x3E3E , 2251 
0x4D4D , 2997 
0x6E6E , 5642 
0x1C1C , 4535 
0x3E3E , 2016 
0x4D4D , 3123 
0x6E6E , 5731 
0x1C1C , 4624 
0x3E3E , 1904 
0x4D4D , 2786 
0x6E6E , 5801 
0x1C1C , 4699 
0x3E3E , 1805 
0x4D4D , 2682 
0x6E6E , 5839 
0x1C1C , 4826 
0x3E3E , 1918 
0x4D4D , 2424 
0x6E6E , 5736 
0x1C1C , 4967 
0x3E3E , 1927 
0x4D4D , 2260 
0x6E6E , 5797 
0x1C1C , 4981 
0x3E3E , 2012 
0x4D4D , 2171 
0x6E6E , 5759 
0x1C1C , 5098 
0x3E3E , 2035 
0x4D4D , 0 
0x6E6E , 0 
0x1C1C , 0 
0x3E3E , 0 
0x4D4D , 1744 
0x6E6E , 0 
0x1C1C , 0 
0x3E3E , 0 
0x4D4D , 1599 
0x6E6E , 0 
0x1C1C , 5314 
0x3E3E , 2457 
0x4D4D , 1594 
0x6E6E , 5581 
0x1C1C , 5304 
0x3E3E , 2551 
0x4D4D , 1552 
0x6E6E , 5637 
0x1C1C , 5417 
0x3E3E , 2828 
0x4D4D , 1533 
0x6E6E , 5562 
0x1C1C , 5619 
0x3E3E , 2711 
0x4D4D , 1575 
0x6E6E , 5548 
0x1C1C , 5604 
0x3E3E , 2912 
0x4D4D , 1547 
0x6E6E , 5642 
0x1C1C , 6191 
0x3E3E , 3039 
0x4D4D , 1590 
0x6E6E , 5661 
0x1C1C , 6083 
0x3E3E , 3151 
0x4D4D , 1697 
0x6E6E , 5665 
0x1C1C , 5614 
0x3E3E , 3231 
0x4D4D , 1829 
0x6E6E , 5567 
0x1C1C , 5529 
0x3E3E , 3386 
0x4D4D , 2030 
0x6E6E , 4990 
0x1C1C , 5553 
0x3E3E , 3686 
0x4D4D , 2134 
0x6E6E , 5375 
0x1C1C , 5619 
0x3E3E , 3700 
0x4D4D , 2124 
0x6E6E , 5304 
0x1C1C , 5450 
0x3E3E , 3405 
0x4D4D , 2044 
0x6E6E , 5093 
0x1C1C , 5464 
0x3E3E , 3630 
0x4D4D , 2049 
0x6E6E , 4938 
0x1C1C , 5501 
0x3E3E , 4122 
0x4D4D , 2115 
0x6E6E , 5121 
0x1C1C , 5422 
0x3E3E , 3297 
0x4D4D , 1777 
0x6E6E , 5121 
0x1C1C , 5426 
0x3E3E , 4080 
0x4D4D , 1688 
0x6E6E , 5131 
0x1C1C , 5492 
0x3E3E , 3630 
0x4D4D , 2274 
0x6E6E , 5220 
0x1C1C , 5398 
0x3E3E , 3517 
0x4D4D , 2223 
0x6E6E , 5126 
0x1C1C , 5468 
0x3E3E , 3428 
0x4D4D , 2120 
0x6E6E , 4938 
0x1C1C , 5407 
0x3E3E , 3536 
0x4D4D , 2274 
0x6E6E , 5042 
0x1C1C , 5534 
0x3E3E , 3733 
0x4D4D , 2059 
0x6E6E , 4882 
0x1C1C , 5553 
0x3E3E , 3972 
0x4D4D , 2138 
0x6E6E , 4831 
0x1C1C , 5581 
0x3E3E , 4141 
0x4D4D , 2288 
0x6E6E , 4512 
0x1C1C , 5595 
0x3E3E , 4380 
0x4D4D , 2382 
0x6E6E , 4455 
0x1C1C , 5769 
0x3E3E , 4240 
0x4D4D , 2504 
0x6E6E , 4413 
0x1C1C , 5928 
0x3E3E , 4535 
0x4D4D , 2631 
0x6E6E , 4296 
0x1C1C , 5670 
0x3E3E , 4704 
0x4D4D , 2696 
0x6E6E , 4094 
0x1C1C , 5440 
0x3E3E , 4737 
0x4D4D , 2856 
0x6E6E , 3972 
0x1C1C , 5234 
0x3E3E , 4915 
0x4D4D , 3039 
0x6E6E , 3869 
0x1C1C , 5173 
0x3E3E , 4953 
0x4D4D , 3100 
0x6E6E , 3817 
0x1C1C , 5093 
0x3E3E , 5023 
0x4D4D , 3208 
0x6E6E , 3667 
0x1C1C , 5140 
0x3E3E , 4999 
0x4D4D , 3325 
0x6E6E , 3550 
0x1C1C , 5178 
0x3E3E , 4985 
0x4D4D , 3480 
0x6E6E , 3522 
0x1C1C , 5150 
0x3E3E , 5023 
0x4D4D , 3531 
0x6E6E , 3405 
0x1C1C , 5121 
0x3E3E , 5046 
0x4D4D , 3625 
0x6E6E , 3377 
0x1C1C , 4995 
0x3E3E , 5215 
0x4D4D , 3789 
0x6E6E , 3175 
0x1C1C , 4859 
0x3E3E , 5281 
0x4D4D , 3907 
0x6E6E , 3086 
0x1C1C , 4760 
0x3E3E , 5370 
0x4D4D , 4000 
0x6E6E , 2926 
0x1C1C , 4690 
0x3E3E , 0 
0x4D4D , 4160 
0x6E6E , 2823 
0x1C1C , 4657 
0x3E3E , 0 
0x4D4D , 4343 
0x6E6E , 2734 
0x1C1C , 4521 
0x3E3E , 5694 
0x4D4D , 4455 
0x6E6E , 2575 
0x1C1C , 4596 
0x3E3E , 5703 
0x4D4D , 4563 
0x6E6E , 2340 
0x1C1C , 4549 
0x3E3E , 5806 
0x4D4D , 4685 
0x6E6E , 2218 
0x1C1C , 4488 
0x3E3E , 5886 
0x4D4D , 4788 
0x6E6E , 2082 
0x1C1C , 4460 
0x3E3E , 6059 
0x4D4D , 5032 
0x6E6E , 1815 
0x1C1C , 4329 
0x3E3E , 6130 
0x4D4D , 5131 
0x6E6E , 1777 
0x1C1C , 4179 
0x3E3E , 6238 
0x4D4D , 5257 
0x6E6E , 1580 
0x1C1C , 4108 
0x3E3E , 6228 
0x4D4D , 5295 
0x6E6E , 1524 
0x1C1C , 3935 
0x3E3E , 6247 
0x4D4D , 5450 
0x6E6E , 1421 
0x1C1C , 3789 
0x3E3E , 6308 
0x4D4D , 5417 
0x6E6E , 1402 
0x1C1C , 3836 
0x3E3E , 6275 
0x4D4D , 5422 
0x6E6E , 1416 
0x1C1C , 3864 
0x3E3E , 6261 
0x4D4D , 5459 
0x6E6E , 1425 
0x1C1C , 3850 
0x3E3E , 6271 
0x4D4D , 5544 
0x6E6E , 1378 
0x1C1C , 3939 
0x3E3E , 6219 
0x4D4D , 5398 
0x6E6E , 1613 
0x1C1C , 4099 
0x3E3E , 6468 
0x4D4D , 5192 
0x6E6E , 1627 
0x1C1C , 3916 
0x3E3E , 6331 
0x4D4D , 5347 
0x6E6E , 1604 
0x1C1C , 3719 
0x3E3E , 6346 
0x4D4D , 5300 
0x6E6E , 1604 
0x1C1C , 3677 
0x3E3E , 6327 
0x4D4D , 5248 
0x6E6E , 1618 
0x1C1C , 3644 
0x3E3E , 6303 
0x4D4D , 5215 
0x6E6E , 1655 
0x1C1C , 3503 
0x3E3E , 6214 
0x4D4D , 5154 
0x6E6E , 1693 
0x1C1C , 3325 
0x3E3E , 6092 
0x4D4D , 5511 
0x6E6E , 1796 
0x1C1C , 3048 
0x3E3E , 5942 
0x4D4D , 5905 
0x6E6E , 2124 
0x1C1C , 2790 
0x3E3E , 5900 
0x4D4D , 5651 
0x6E6E , 2349 
0x1C1C , 0 
0x3E3E , 0 
0x4D4D , 0 
0x6E6E , 0 
0x1C1C , 2340 
0x3E3E , 0 
0x4D4D , 0 
0x6E6E , 0 
0x1C1C , 0 
0x3E3E , 0 
0x4D4D , 5731 
0x6E6E , 0 
0x1C1C , 0 
0x3E3E , 5778 
0x4D4D , 5778 
0x6E6E , 0 
0x1C1C , 1993 
0x3E3E , 5637 
0x4D4D , 5740 
0x6E6E , 2983 
0x1C1C , 2059 
0x3E3E , 5647 
0x4D4D , 5717 
0x6E6E , 3156 
0x1C1C , 2204 
0x3E3E , 5562 
0x4D4D , 5698 
0x6E6E , 3217 
0x1C1C , 0 
0x3E3E , 0 
0x4D4D , 0 
0x6E6E , 0 
0x1C1C , 1772 
0x3E3E , 5450 
0x4D4D , 5506 
0x6E6E , 3766 
0x1C1C , 1768 
0x3E3E , 5801 
0x4D4D , 5379 
0x6E6E , 3869 
0x1C1C , 1824 
0x3E3E , 5375 
0x4D4D , 5192 
0x6E6E , 3827 
0x1C1C , 1913 
0x3E3E , 5281 
0x4D4D , 5046 
0x6E6E , 3996 
0x1C1C , 2002 
0x3E3E , 0 
0x4D4D , 0 
0x6E6E , 0 
0x1C1C , 0 
0x3E3E , 0 
0x4D4D , 0 
0x6E6E , 0 
0x1C1C , 0 
0x3E3E , 0 
0x4D4D , 5028 
0x6E6E , 0 
0x1C1C , 0 
0x3E3E , 4713 
0x4D4D , 4582 
0x6E6E , 0 
0x1C1C , 2640 
0x3E3E , 4699 
0x4D4D , 5107 
0x6E6E , 3761 
0x1C1C , 3011 
0x3E3E , 4671 
0x4D4D , 5103 
0x6E6E , 3653 
0x1C1C , 2795 
0x3E3E , 4559 
0x4D4D , 4568 
0x6E6E , 3653 
0x1C1C , 2828 
0x3E3E , 4587 
0x4D4D , 4512 
0x6E6E , 3597 
0x1C1C , 2968 
0x3E3E , 4605 
0x4D4D , 4859 
0x6E6E , 3574 
0x1C1C , 3105 
0x3E3E , 4554 
0x4D4D , 4849 
0x6E6E , 3597 
0x1C1C , 3306 
0x3E3E , 4404 
0x4D4D , 4648 
0x6E6E , 3733 
0x1C1C , 3044 
0x3E3E , 4263 
0x4D4D , 4582 
0x6E6E , 3907 
0x1C1C , 3217 
0x3E3E , 4160 
0x4D4D , 4362 
0x6E6E , 3996 
0x1C1C , 3222 
0x3E3E , 3963 
0x4D4D , 4263 
0x6E6E , 4244 
0x1C1C , 3222 
0x3E3E , 4071 
0x4D4D , 3705 
0x6E6E , 4343 
0x1C1C , 3344 
0x3E3E , 4075 
0x4D4D , 3639 
0x6E6E , 4329 
0x1C1C , 3269 
0x3E3E , 4019 
0x4D4D , 3606 
0x6E6E , 4226 
0x1C1C , 3208 
0x3E3E , 4010 
0x4D4D , 3583 
0x6E6E , 4244 
0x1C1C , 3208 
0x3E3E , 4038 
0x4D4D , 3555 
0x6E6E , 4211 
0x1C1C , 3442 
0x3E3E , 4169 
0x4D4D , 3639 
0x6E6E , 4150 
