0x1C1C , 3574 
0x3E3E , 4024 
0x4D4D , 3939 
0x6E6E , 3864 
0x1C1C , 3419 
0x3E3E , 3860 
0x4D4D , 4038 
0x6E6E , 4047 
0x1C1C , 2912 
0x3E3E , 3892 
0x4D4D , 4376 
0x6E6E , 4451 
0x1C1C , 3039 
0x3E3E , 3832 
0x4D4D , 4226 
0x6E6E , 4779 
0x1C1C , 3334 
0x3E3E , 3391 
0x4D4D , 4005 
0x6E6E , 5079 
0x1C1C , 3541 
0x3E3E , 3128 
0x4D4D , 3752 
0x6E6E , 5154 
0x1C1C , 3888 
0x3E3E , 2945 
0x4D4D , 3611 
0x6E6E , 5304 
0x1C1C , 4188 
0x3E3E , 2448 
0x4D4D , 3170 
0x6E6E , 5431 
0x1C1C , 4315 
0x3E3E , 2256 
0x4D4D , 2800 
0x6E6E , 5576 
0x1C1C , 4544 
0x3E3E , 2077 
0x4D4D , 2725 
0x6E6E , 5698 
0x1C1C , 4816 
0x3E3E , 2298 
0x4D4D , 2166 
0x6E6E , 5740 
0x1C1C , 5112 
0x3E3E , 2054 
0x4D4D , 1951 
0x6E6E , 5834 
0x1C1C , 5229 
0x3E3E , 2753 
0x4D4D , 1955 
0x6E6E , 5572 
0x1C1C , 5253 
0x3E3E , 2870 
0x4D4D , 2284 
0x6E6E , 5389 
0x1C1C , 5234 
0x3E3E , 3105 
0x4D4D , 2312 
0x6E6E , 5225 
0x1C1C , 5262 
0x3E3E , 3264 
0x4D4D , 2162 
0x6E6E , 4915 
0x1C1C , 5300 
0x3E3E , 3494 
0x4D4D , 2274 
0x6E6E , 4859 
0x1C1C , 5286 
0x3E3E , 3761 
0x4D4D , 2331 
0x6E6E , 4877 
0x1C1C , 5328 
0x3E3E , 4019 
0x4D4D , 2457 
0x6E6E , 4760 
0x1C1C , 5300 
0x3E3E , 4207 
0x4D4D , 2678 
0x6E6E , 4268 
0x1C1C , 5323 
0x3E3E , 4437 
0x4D4D , 2818 
0x6E6E , 4202 
0x1C1C , 5103 
0x3E3E , 4666 
0x4D4D , 2983 
0x6E6E , 3864 
0x1C1C , 5065 
0x3E3E , 4999 
0x4D4D , 3231 
0x6E6E , 3550 
0x1C1C , 4962 
0x3E3E , 5135 
0x4D4D , 3564 
0x6E6E , 3330 
0x1C1C , 5023 
0x3E3E , 5426 
0x4D4D , 3714 
0x6E6E , 3194 
0x1C1C , 4718 
0x3E3E , 6177 
0x4D4D , 4043 
0x6E6E , 2875 
0x1C1C , 4713 
0x3E3E , 6167 
0x4D4D , 4418 
0x6E6E , 2603 
0x1C1C , 4559 
0x3E3E , 6055 
0x4D4D , 4676 
0x6E6E , 2467 
0x1C1C , 4371 
0x3E3E , 6195 
0x4D4D , 4770 
0x6E6E , 2195 
0x1C1C , 4160 
0x3E3E , 6285 
0x4D4D , 4962 
0x6E6E , 2101 
0x1C1C , 4005 
0x3E3E , 6374 
0x4D4D , 5332 
0x6E6E , 1960 
0x1C1C , 3616 
0x3E3E , 6360 
0x4D4D , 5506 
0x6E6E , 1655 
0x1C1C , 3325 
0x3E3E , 6468 
0x4D4D , 5797 
0x6E6E , 1491 
0x1C1C , 2983 
0x3E3E , 6486 
0x4D4D , 6252 
0x6E6E , 1726 
0x1C1C , 2790 
0x3E3E , 0 
0x4D4D , 6125 
0x6E6E , 1974 
0x1C1C , 2467 
0x3E3E , 0 
0x4D4D , 6214 
0x6E6E , 2359 
0x1C1C , 2185 
0x3E3E , 6116 
0x4D4D , 5604 
0x6E6E , 2584 
0x1C1C , 2129 
0x3E3E , 5534 
0x4D4D , 5403 
0x6E6E , 2992 
0x1C1C , 1984 
0x3E3E , 5361 
0x4D4D , 5422 
0x6E6E , 3320 
0x1C1C , 1984 
0x3E3E , 5304 
0x4D4D , 5483 
0x6E6E , 3625 
0x1C1C , 1974 
0x3E3E , 5178 
0x4D4D , 5464 
0x6E6E , 3864 
0x1C1C , 2077 
0x3E3E , 5046 
0x4D4D , 5318 
0x6E6E , 3986 
0x1C1C , 2143 
0x3E3E , 4765 
0x4D4D , 4957 
0x6E6E , 4150 
0x1C1C , 2251 
0x3E3E , 4563 
0x4D4D , 4760 
0x6E6E , 4310 
0x1C1C , 2443 
0x3E3E , 4277 
0x4D4D , 4469 
0x6E6E , 4455 
0x1C1C , 2837 
0x3E3E , 4146 
0x4D4D , 4352 
0x6E6E , 4802 
0x1C1C , 3330 
0x3E3E , 4437 
0x4D4D , 4197 
0x6E6E , 4183 
0x1C1C , 3292 
0x3E3E , 4305 
0x4D4D , 3986 
0x6E6E , 4099 
0x1C1C , 3386 
0x3E3E , 4132 
0x4D4D , 4404 
0x6E6E , 3982 
0x1C1C , 3330 
0x3E3E , 4263 
0x4D4D , 4282 
0x6E6E , 3907 
0x1C1C , 3353 
0x3E3E , 4291 
0x4D4D , 4150 
0x6E6E , 3953 
0x1C1C , 3264 
0x3E3E , 4282 
0x4D4D , 4446 
0x6E6E , 3925 
0x1C1C , 3334 
0x3E3E , 4272 
0x4D4D , 3808 
0x6E6E , 3902 
0x1C1C , 3287 
0x3E3E , 4343 
0x4D4D , 3794 
0x6E6E , 3916 
