

13:55:01.504:
0x2020 , 4519 
0x3E3E , 5823 
0x1C1C , 4894 
0x5A5A , 4717 
0x6E6E , 5258 

13:55:02.506:
0x2020 , 4553 
0x3E3E , 5777 
0x1C1C , 5004 
0x5A5A , 4750 
0x6E6E , 5273 

13:55:03.629:
0x2020 , 4534 
0x3E3E , 5777 
0x1C1C , 5150 
0x5A5A , 4769 
0x6E6E , 5293 

13:55:04.729:
0x2020 , 4563 
0x3E3E , 5786 
0x1C1C , 5063 
0x5A5A , 4736 
0x6E6E , 5298 

13:55:05.832:
0x2020 , 4558 
0x3E3E , 5809 
0x1C1C , 4931 
0x5A5A , 4765 
0x6E6E , 5268 

13:55:06.933:
0x2020 , 4514 
0x3E3E , 5790 
0x1C1C , 5049 
0x5A5A , 4765 
0x6E6E , 5273 

13:55:08.052:
0x2020 , 4529 
0x3E3E , 5804 
0x1C1C , 4899 
0x5A5A , 4760 
0x6E6E , 5233 

13:55:09.169:
0x2020 , 4548 
0x3E3E , 5758 
0x1C1C , 5022 
0x5A5A , 4755 
0x6E6E , 5223 

13:55:10.271:
0x2020 , 4568 
0x3E3E , 5823 
0x1C1C , 5054 
0x5A5A , 4736 
0x6E6E , 5298 

13:55:11.356:
0x2020 , 4514 
0x3E3E , 5753 
0x1C1C , 4985 
0x5A5A , 4736 
0x6E6E , 5298 

13:55:12.457:
0x2020 , 4553 
0x3E3E , 5795 
0x1C1C , 5068 
0x5A5A , 4745 
0x6E6E , 5273 

13:55:19.530:
0x2020 , 4514 
0x3E3E , 5790 
0x1C1C , 4995 
0x5A5A , 4774 
0x6E6E , 5273 

13:55:20.216:
0x2020 , 4558 
0x3E3E , 5777 
0x1C1C , 5049 
0x5A5A , 4726 
0x6E6E , 5308 

13:55:20.954:
0x2020 , 4539 
0x3E3E , 5739 
0x1C1C , 5100 
0x5A5A , 4731 
0x6E6E , 5258 

13:55:21.718:
0x2020 , 4592 
0x3E3E , 5790 
0x1C1C , 5068 
0x5A5A , 4760 
0x6E6E , 5243 

13:55:22.488:
0x2020 , 4510 
0x3E3E , 5809 
0x1C1C , 4990 
0x5A5A , 4702 
0x6E6E , 5273 

13:55:23.273:
0x2020 , 4534 
0x3E3E , 5772 
0x1C1C , 4981 
0x5A5A , 4717 
0x6E6E , 5223 

13:55:24.076:
0x2020 , 4534 
0x3E3E , 5800 
0x1C1C , 4926 
0x5A5A , 4755 
0x6E6E , 5263 

13:55:24.861:
0x2020 , 4558 
0x3E3E , 5781 
0x1C1C , 5086 
0x5A5A , 4722 
0x6E6E , 5283 

13:55:25.640:
0x2020 , 4553 
0x3E3E , 5772 
0x1C1C , 5058 
0x5A5A , 4745 
0x6E6E , 5278 

13:55:26.394:
0x2020 , 4548 
0x3E3E , 5777 
0x1C1C , 5122 
0x5A5A , 4745 
0x6E6E , 5303 

13:55:27.143:
0x2020 , 4558 
0x3E3E , 5790 
0x1C1C , 4999 
0x5A5A , 4750 
0x6E6E , 5258 

13:55:27.928:
0x2020 , 4495 
0x3E3E , 5772 
0x1C1C , 5100 
0x5A5A , 4760 
0x6E6E , 5293 

13:55:28.729:
0x2020 , 4592 
0x3E3E , 5795 
0x1C1C , 5127 
0x5A5A , 4712 
0x6E6E , 5268 

13:55:29.468:
0x2020 , 4563 
0x3E3E , 5772 
0x1C1C , 5008 
0x5A5A , 4712 
0x6E6E , 5258 

13:55:30.248:
0x2020 , 4553 
0x3E3E , 5781 
0x1C1C , 4885 
0x5A5A , 4726 
0x6E6E , 5263 

13:55:31.034:
0x2020 , 4548 
0x3E3E , 5800 
0x1C1C , 5081 
0x5A5A , 4707 
0x6E6E , 5258 

13:55:31.819:
0x2020 , 4524 
0x3E3E , 5781 
0x1C1C , 5072 
0x5A5A , 4722 
0x6E6E , 5288 

13:55:32.573:
0x2020 , 4539 
0x3E3E , 5763 
0x1C1C , 5077 
0x5A5A , 4683 
0x6E6E , 5278 

13:55:33.375:
0x2020 , 4490 
0x3E3E , 5814 
0x1C1C , 5118 
0x5A5A , 4736 
0x6E6E , 5308 

13:55:34.155:
0x2020 , 4534 
0x3E3E , 5749 
0x1C1C , 4967 
0x5A5A , 4736 
0x6E6E , 5248 

13:55:34.940:
0x2020 , 4524 
0x3E3E , 5753 
0x1C1C , 5017 
0x5A5A , 4755 
0x6E6E , 5273 

13:55:35.756:
0x2020 , 4573 
0x3E3E , 5814 
0x1C1C , 5077 
0x5A5A , 4741 
0x6E6E , 5278 

13:55:36.479:
0x2020 , 4558 
0x3E3E , 5809 
0x1C1C , 4963 
0x5A5A , 4731 
0x6E6E , 5253 

13:55:37.227:
0x2020 , 4573 
0x3E3E , 5753 
0x1C1C , 4894 
0x5A5A , 4760 
0x6E6E , 5258 

13:55:38.012:
0x2020 , 4524 
0x3E3E , 5800 
0x1C1C , 5068 
0x5A5A , 4688 
0x6E6E , 5293 

13:55:38.781:
0x2020 , 4548 
0x3E3E , 5795 
0x1C1C , 5090 
0x5A5A , 4698 
0x6E6E , 5283 

13:55:39.561:
0x2020 , 4519 
0x3E3E , 5804 
0x1C1C , 5077 
0x5A5A , 4726 
0x6E6E , 5198 

13:55:40.331:
0x2020 , 4539 
0x3E3E , 5758 
0x1C1C , 5173 
0x5A5A , 4717 
0x6E6E , 5283 

13:55:41.101:
0x2020 , 4548 
0x3E3E , 5772 
0x1C1C , 4949 
0x5A5A , 4722 
0x6E6E , 5258 

13:55:41.886:
0x2020 , 4539 
0x3E3E , 5786 
0x1C1C , -159 
0x5A5A , 4688 
0x6E6E , 5278 

13:55:43.004:
0x2020 , -291 
0x3E3E , -218 
0x1C1C , 5100 
0x5A5A , -339 
0x6E6E , -796 

13:55:43.767:
0x2020 , 4505 
0x3E3E , 5772 
0x1C1C , 5017 
0x5A5A , -339 
0x6E6E , -796 

13:55:44.390:
0x2020 , 4534 
0x3E3E , 5777 
0x1C1C , 4821 
0x5A5A , 4736 
0x6E6E , 5268 

13:55:44.991:
0x2020 , 4495 
0x3E3E , 5767 
0x1C1C , 5013 
0x5A5A , 4722 
0x6E6E , 5293 

13:55:45.723:
0x2020 , 4577 
0x3E3E , 5753 
0x1C1C , 5054 
0x5A5A , 4698 
0x6E6E , 5218 

13:55:46.492:
0x2020 , 4534 
0x3E3E , 5739 
0x1C1C , 4981 
0x5A5A , 4741 
0x6E6E , 5283 

13:55:47.294:
0x2020 , 4456 
0x3E3E , 5767 
0x1C1C , 4990 
0x5A5A , 4707 
0x6E6E , 5293 

13:55:48.042:
0x2020 , 4529 
0x3E3E , 5749 
0x1C1C , 4999 
0x5A5A , 4736 
0x6E6E , 5213 

13:55:48.812:
0x2020 , 4524 
0x3E3E , 5758 
0x1C1C , 5100 
0x5A5A , 4722 
0x6E6E , 5268 

13:55:49.576:
0x2020 , 4597 
0x3E3E , 5804 
0x1C1C , 5072 
0x5A5A , 4707 
0x6E6E , 5258 

13:55:50.345:
0x2020 , 4558 
0x3E3E , 5781 
0x1C1C , 4926 
0x5A5A , 4717 
0x6E6E , 5238 

13:55:51.130:
0x2020 , 4592 
0x3E3E , 5763 
0x1C1C , 4976 
0x5A5A , 4712 
0x6E6E , 5308 

13:55:51.931:
0x2020 , 4510 
0x3E3E , 5777 
0x1C1C , 5122 
0x5A5A , 4755 
0x6E6E , 5203 

13:55:52.679:
0x2020 , 4529 
0x3E3E , 5744 
0x1C1C , 4999 
0x5A5A , 4736 
0x6E6E , 5283 

13:55:53.498:
0x2020 , 4480 
0x3E3E , 5753 
0x1C1C , 4862 
0x5A5A , 4702 
0x6E6E , 5273 

13:55:54.240:
0x2020 , 4558 
0x3E3E , 5777 
0x1C1C , 5054 
0x5A5A , 4784 
0x6E6E , 5278 

13:55:54.966:
0x2020 , 4519 
0x3E3E , 5753 
0x1C1C , 4963 
0x5A5A , 4736 
0x6E6E , 5193 

13:55:55.751:
0x2020 , 4519 
0x3E3E , 5744 
0x1C1C , 5063 
0x5A5A , 4736 
0x6E6E , 5278 

13:55:56.536:
0x2020 , 4558 
0x3E3E , 5763 
0x1C1C , 5017 
0x5A5A , 4736 
0x6E6E , 5293 

13:55:57.305:
0x2020 , 4529 
0x3E3E , 5795 
0x1C1C , 5017 
0x5A5A , 4760 
0x6E6E , 5243 

13:55:58.106:
0x2020 , 4548 
0x3E3E , 5786 
0x1C1C , 5095 
0x5A5A , 4745 
0x6E6E , 5288 

13:55:58.854:
0x2020 , 4548 
0x3E3E , 5777 
0x1C1C , 5068 
0x5A5A , 4736 
0x6E6E , 5273 

13:55:59.639:
0x2020 , 4524 
0x3E3E , 5809 
0x1C1C , 5068 
0x5A5A , 4707 
0x6E6E , 5278 

13:56:00.425:
0x2020 , 4577 
0x3E3E , 5790 
0x1C1C , -159 
0x5A5A , 4755 
0x6E6E , 5278 

13:56:01.589:
0x2020 , -291 
0x3E3E , -218 
0x1C1C , 4935 
0x5A5A , -339 
0x6E6E , -796 

13:56:02.343:
0x2020 , 4514 
0x3E3E , 5777 
0x1C1C , 4899 
0x5A5A , -339 
0x6E6E , -796 

13:56:02.975:
0x2020 , 4563 
0x3E3E , 5781 
0x1C1C , -159 
0x5A5A , 4693 
0x6E6E , 5288 

13:56:03.946:
0x2020 , -291 
0x3E3E , -218 
0x1C1C , 4976 
0x5A5A , -339 
0x6E6E , -796 

13:56:04.663:
0x2020 , 4500 
0x3E3E , 5763 
0x1C1C , 5068 
0x5A5A , -339 
0x6E6E , -796 

13:56:05.317:
0x2020 , 4543 
0x3E3E , 5758 
0x1C1C , 5086 
0x5A5A , 4669 
0x6E6E , -796 

13:56:05.912:
0x2020 , 4587 
0x3E3E , 5809 
0x1C1C , 5013 
0x5A5A , 4736 
0x6E6E , 5188 

13:56:06.635:
0x2020 , 4539 
0x3E3E , 5804 
0x1C1C , 4953 
0x5A5A , 4717 
0x6E6E , 5248 

13:56:07.383:
0x2020 , 4539 
0x3E3E , 5800 
0x1C1C , 5036 
0x5A5A , 4702 
0x6E6E , 5253 

13:56:08.169:
0x2020 , 4485 
0x3E3E , 5772 
0x1C1C , 4940 
0x5A5A , 4679 
0x6E6E , 5218 

13:56:08.923:
0x2020 , 4446 
0x3E3E , 5781 
0x1C1C , 4890 
0x5A5A , 4722 
0x6E6E , 5273 

13:56:09.723:
0x2020 , 4539 
0x3E3E , 5795 
0x1C1C , 4912 
0x5A5A , 4702 
0x6E6E , 5278 

13:56:10.488:
0x2020 , 4573 
0x3E3E , 5744 
0x1C1C , 4940 
0x5A5A , 4726 
0x6E6E , 5278 

13:56:11.258:
0x2020 , 4573 
0x3E3E , 5777 
0x1C1C , 4912 
0x5A5A , 4736 
0x6E6E , 5288 

13:56:12.059:
0x2020 , 4534 
0x3E3E , 5744 
0x1C1C , 5045 
0x5A5A , 4683 
0x6E6E , 5238 

13:56:12.806:
0x2020 , 4514 
0x3E3E , 5712 
0x1C1C , 4990 
0x5A5A , 4741 
0x6E6E , 5298 

13:56:13.560:
0x2020 , 4510 
0x3E3E , 5790 
0x1C1C , 4999 
0x5A5A , 4698 
0x6E6E , 5243 

13:56:14.293:
0x2020 , 4476 
0x3E3E , 5795 
0x1C1C , 5036 
0x5A5A , 4702 
0x6E6E , 5263 

13:56:15.094:
0x2020 , 4548 
0x3E3E , 5781 
0x1C1C , 4899 
0x5A5A , 4717 
0x6E6E , 5263 

13:56:15.863:
0x2020 , 4519 
0x3E3E , 5763 
0x1C1C , 4880 
0x5A5A , 4717 
0x6E6E , 5258 

13:56:16.664:
0x2020 , 4539 
0x3E3E , 5800 
0x1C1C , 5159 
0x5A5A , 4722 
0x6E6E , 5278 

13:56:17.412:
0x2020 , 4471 
0x3E3E , 5739 
0x1C1C , 4976 
0x5A5A , 4679 
0x6E6E , 5268 

13:56:18.213:
0x2020 , 4524 
0x3E3E , 5753 
0x1C1C , 5058 
0x5A5A , 4722 
0x6E6E , 5203 

13:56:18.968:
0x2020 , 4539 
0x3E3E , 5753 
0x1C1C , 4995 
0x5A5A , 4722 
0x6E6E , 5288 

13:56:19.737:
0x2020 , 4490 
0x3E3E , 5814 
0x1C1C , 5004 
0x5A5A , 4698 
0x6E6E , 5308 

13:56:20.517:
0x2020 , 4543 
0x3E3E , 5763 
0x1C1C , 4908 
0x5A5A , 4755 
0x6E6E , 5193 

13:56:21.286:
0x2020 , 4514 
0x3E3E , 5818 
0x1C1C , 4953 
0x5A5A , 4702 
0x6E6E , 5288 

13:56:22.173:
0x2020 , 4534 
0x3E3E , 5795 
0x1C1C , 4985 
0x5A5A , 4726 
0x6E6E , 5253 

13:56:22.805:
0x2020 , 4524 
0x3E3E , 5767 
0x1C1C , 4995 
0x5A5A , 4688 
0x6E6E , 5258 

13:56:23.574:
0x2020 , 4543 
0x3E3E , 5790 
0x1C1C , 5045 
0x5A5A , 4702 
0x6E6E , 5253 

13:56:24.338:
0x2020 , 4514 
0x3E3E , 5767 
0x1C1C , 4862 
0x5A5A , 4674 
0x6E6E , 5238 

13:56:25.124:
0x2020 , 4563 
0x3E3E , 5744 
0x1C1C , 4985 
0x5A5A , 4736 
0x6E6E , 5233 

13:56:25.925:
0x2020 , 4519 
0x3E3E , 5795 
0x1C1C , 5077 
0x5A5A , 4745 
0x6E6E , 5208 

13:56:26.695:
0x2020 , 4553 
0x3E3E , 5772 
0x1C1C , 4976 
0x5A5A , 4717 
0x6E6E , 5228 

13:56:27.480:
0x2020 , 4510 
0x3E3E , 5795 
0x1C1C , 5100 
0x5A5A , 4707 
0x6E6E , 5268 

13:56:28.296:
0x2020 , 4490 
0x3E3E , 5790 
0x1C1C , 5045 
0x5A5A , 4741 
0x6E6E , 5188 

13:56:29.051:
0x2020 , 4514 
0x3E3E , 5786 
0x1C1C , 4963 
0x5A5A , 4726 
0x6E6E , 5268 

13:56:29.815:
0x2020 , 4519 
0x3E3E , 5814 
0x1C1C , 5036 
0x5A5A , 4707 
0x6E6E , 5283 

13:56:30.585:
0x2020 , 4534 
0x3E3E , 5763 
0x1C1C , -159 
0x5A5A , 4712 
0x6E6E , 5278 

13:56:31.755:
0x2020 , -291 
0x3E3E , -218 
0x1C1C , 5022 
0x5A5A , -339 
0x6E6E , -796 

13:56:32.472:
0x2020 , 4529 
0x3E3E , 5763 
0x1C1C , 4990 
0x5A5A , -339 
0x6E6E , -796 

13:56:33.136:
0x2020 , 4461 
0x3E3E , 5786 
0x1C1C , 5090 
0x5A5A , 4683 
0x6E6E , -796 

13:56:33.721:
0x2020 , 4563 
0x3E3E , 5800 
0x1C1C , 4949 
0x5A5A , 4683 
0x6E6E , 5198 

13:56:34.437:
0x2020 , 4553 
0x3E3E , 5777 
0x1C1C , 4949 
0x5A5A , 4726 
0x6E6E , 5258 

13:56:35.206:
0x2020 , 4505 
0x3E3E , 5712 
0x1C1C , 4958 
0x5A5A , 4717 
0x6E6E , 5278 

13:56:35.976:
0x2020 , 4689 
0x3E3E , 5772 
0x1C1C , 5118 
0x5A5A , 4722 
0x6E6E , 5248 

13:56:36.761:
0x2020 , 4568 
0x3E3E , 5772 
0x1C1C , 4931 
0x5A5A , 4712 
0x6E6E , 5308 

13:56:37.540:
0x2020 , 4519 
0x3E3E , 5828 
0x1C1C , 5054 
0x5A5A , 4741 
0x6E6E , 5288 

13:56:38.326:
0x2020 , 4495 
0x3E3E , 5781 
0x1C1C , 4958 
0x5A5A , 4726 
0x6E6E , 5243 

13:56:39.064:
0x2020 , 4524 
0x3E3E , 5800 
0x1C1C , 5013 
0x5A5A , 4722 
0x6E6E , 5273 

13:56:39.843:
0x2020 , 4524 
0x3E3E , 5772 
0x1C1C , 4903 
0x5A5A , 4722 
0x6E6E , 5273 

13:56:40.644:
0x2020 , 4524 
0x3E3E , 5772 
0x1C1C , 4963 
0x5A5A , 4707 
0x6E6E , 5273 

13:56:41.384:
0x2020 , 4529 
0x3E3E , 5790 
0x1C1C , 5090 
0x5A5A , 4736 
0x6E6E , 5268 

13:56:42.131:
0x2020 , 4519 
0x3E3E , 5790 
0x1C1C , 4940 
0x5A5A , 4731 
0x6E6E , 5283 

13:56:42.932:
0x2020 , 4519 
0x3E3E , 5772 
0x1C1C , 5004 
0x5A5A , 4726 
0x6E6E , 5278 

13:56:43.718:
0x2020 , 4543 
0x3E3E , 5790 
0x1C1C , 4894 
0x5A5A , 4741 
0x6E6E , 5263 

13:56:44.487:
0x2020 , 4534 
0x3E3E , 5851 
0x1C1C , 5109 
0x5A5A , 4688 
0x6E6E , 5273 

13:56:45.273:
0x2020 , 4524 
0x3E3E , 5753 
0x1C1C , 4976 
0x5A5A , 4722 
0x6E6E , 5303 

13:56:46.036:
0x2020 , 4466 
0x3E3E , 5772 
0x1C1C , -159 
0x5A5A , 4722 
0x6E6E , 5288 

13:56:47.207:
0x2020 , -291 
0x3E3E , -218 
0x1C1C , 5008 
0x5A5A , -339 
0x6E6E , -796 

13:56:47.955:
0x2020 , 4543 
0x3E3E , 5772 
0x1C1C , 4972 
0x5A5A , -339 
0x6E6E , -796 

13:56:48.577:
0x2020 , 4471 
0x3E3E , 5758 
0x1C1C , 5040 
0x5A5A , 4702 
0x6E6E , 5278 

13:56:49.157:
0x2020 , 4543 
0x3E3E , 5763 
0x1C1C , 5077 
0x5A5A , 4698 
0x6E6E , 5253 

13:56:49.977:
0x2020 , 4534 
0x3E3E , 5749 
0x1C1C , 4995 
0x5A5A , 4707 
0x6E6E , 5283 

13:56:50.695:
0x2020 , 4539 
0x3E3E , 5790 
0x1C1C , 5040 
0x5A5A , 4707 
0x6E6E , 5278 

13:56:51.443:
0x2020 , 4568 
0x3E3E , 5781 
0x1C1C , 4899 
0x5A5A , 4722 
0x6E6E , 5278 

13:56:52.244:
0x2020 , 4573 
0x3E3E , 5832 
0x1C1C , 5017 
0x5A5A , 4707 
0x6E6E , 5293 

13:56:52.999:
0x2020 , 4524 
0x3E3E , 5790 
0x1C1C , 4944 
0x5A5A , 4765 
0x6E6E , 5293 

13:56:53.763:
0x2020 , 4510 
0x3E3E , 5777 
0x1C1C , 4899 
0x5A5A , 4693 
0x6E6E , 5278 

13:56:54.564:
0x2020 , 4490 
0x3E3E , 5753 
0x1C1C , 5104 
0x5A5A , 4750 
0x6E6E , 5293 

13:56:55.319:
0x2020 , 4456 
0x3E3E , 5763 
0x1C1C , 5132 
0x5A5A , 4693 
0x6E6E , 5288 

13:56:56.088:
0x2020 , 4524 
0x3E3E , 5777 
0x1C1C , 5058 
0x5A5A , 4722 
0x6E6E , 5278 

13:56:56.889:
0x2020 , 4539 
0x3E3E , 5772 
0x1C1C , 5058 
0x5A5A , 4736 
0x6E6E , 5238 

13:56:57.637:
0x2020 , 4524 
0x3E3E , 5800 
0x1C1C , 5031 
0x5A5A , 4750 
0x6E6E , 5203 

13:56:58.407:
0x2020 , 4510 
0x3E3E , 5809 
0x1C1C , 5031 
0x5A5A , 4722 
0x6E6E , 5268 

13:56:59.186:
0x2020 , 4519 
0x3E3E , 5753 
0x1C1C , 4908 
0x5A5A , 4717 
0x6E6E , 5238 

13:56:59.925:
0x2020 , 4505 
0x3E3E , 5721 
0x1C1C , 5063 
0x5A5A , 4688 
0x6E6E , 5258 

13:57:00.696:
0x2020 , 4495 
0x3E3E , 5818 
0x1C1C , 4967 
0x5A5A , 4717 
0x6E6E , 5273 

13:57:01.475:
0x2020 , 4573 
0x3E3E , 5758 
0x1C1C , 5154 
0x5A5A , 4688 
0x6E6E , 5248 

13:57:02.260:
0x2020 , 4519 
0x3E3E , 5767 
0x1C1C , 5063 
0x5A5A , 4741 
0x6E6E , 5258 

13:57:03.030:
0x2020 , 4539 
0x3E3E , 5781 
0x1C1C , 4922 
0x5A5A , 4712 
0x6E6E , 5223 

13:57:03.800:
0x2020 , 4519 
0x3E3E , 5739 
0x1C1C , 5004 
0x5A5A , 4707 
0x6E6E , 5243 

13:57:04.596:
0x2020 , 4519 
0x3E3E , 5777 
0x1C1C , 4867 
0x5A5A , 4726 
0x6E6E , 5273 

13:57:05.333:
0x2020 , 4476 
0x3E3E , 5772 
0x1C1C , 5072 
0x5A5A , 4736 
0x6E6E , 5278 

13:57:06.119:
0x2020 , 4519 
0x3E3E , 5790 
0x1C1C , 4990 
0x5A5A , 4726 
0x6E6E , 5243 

13:57:06.904:
0x2020 , 4524 
0x3E3E , 5818 
0x1C1C , 5090 
0x5A5A , 4722 
0x6E6E , 5288 

13:57:07.701:
0x2020 , 4553 
0x3E3E , 5888 
0x1C1C , 4944 
0x5A5A , 4726 
0x6E6E , 5238 

13:57:08.438:
0x2020 , 4573 
0x3E3E , 5684 
0x1C1C , 5118 
0x5A5A , 4717 
0x6E6E , 5273 

13:57:09.287:
0x2020 , 4505 
0x3E3E , -218 
0x1C1C , 4963 
0x5A5A , 4726 
0x6E6E , 5233 

13:57:09.957:
0x2020 , 4563 
0x3E3E , 5777 
0x1C1C , 5132 
0x5A5A , 4707 
0x6E6E , 5238 

13:57:10.827:
0x2020 , 4500 
0x3E3E , 5800 
0x1C1C , -159 
0x5A5A , 4712 
0x6E6E , 5268 

13:57:11.576:
0x2020 , 4539 
0x3E3E , 5763 
0x1C1C , -159 
0x5A5A , 4674 
0x6E6E , 5228 

13:57:12.276:
0x2020 , 4534 
0x3E3E , 5786 
0x1C1C , 5027 
0x5A5A , 4698 
0x6E6E , 5273 

13:57:13.046:
0x2020 , 4529 
0x3E3E , 5753 
0x1C1C , 4981 
0x5A5A , 4726 
0x6E6E , 5253 

13:57:13.833:
0x2020 , 4510 
0x3E3E , 5772 
0x1C1C , 4944 
0x5A5A , 4750 
0x6E6E , 5283 

13:57:14.734:
0x2020 , 4587 
0x3E3E , 5763 
0x1C1C , 4999 
0x5A5A , -339 
0x6E6E , 5258 

13:57:15.419:
0x2020 , 4495 
0x3E3E , 5809 
0x1C1C , 5004 
0x5A5A , 4817 
0x6E6E , 5268 

13:57:16.182:
0x2020 , 4534 
0x3E3E , 5753 
0x1C1C , 5095 
0x5A5A , 4717 
0x6E6E , 5268 

13:57:16.967:
0x2020 , 4543 
0x3E3E , 5753 
0x1C1C , 4940 
0x5A5A , 4760 
0x6E6E , 5258 

13:57:17.753:
0x2020 , 4524 
0x3E3E , 5800 
0x1C1C , 5036 
0x5A5A , 4745 
0x6E6E , 5273 

13:57:18.454:
0x2020 , 4558 
0x3E3E , 5772 
0x1C1C , 5031 
0x5A5A , 4736 
0x6E6E , 5248 

13:57:19.254:
0x2020 , 4539 
0x3E3E , 5763 
0x1C1C , 5008 
0x5A5A , 4702 
0x6E6E , 5208 