

14:01:03.466:
0x2020 , 4529 
0x3E3E , 5790 
0x1C1C , 5045 
0x5A5A , 4741 
0x6E6E , 5238 

14:01:04.149:
0x2020 , 4500 
0x3E3E , 5786 
0x1C1C , 4935 
0x5A5A , 4769 
0x6E6E , 5198 

14:01:05.686:
0x2020 , 4529 
0x3E3E , 5749 
0x1C1C , 5004 
0x5A5A , 4760 
0x6E6E , 5268 

14:01:06.472:
0x2020 , 4573 
0x3E3E , 5777 
0x1C1C , 5122 
0x5A5A , 4726 
0x6E6E , 5278 

14:01:07.236:
0x2020 , 4543 
0x3E3E , 5772 
0x1C1C , 5072 
0x5A5A , 4741 
0x6E6E , 5243 

14:01:07.990:
0x2020 , 4514 
0x3E3E , 5777 
0x1C1C , 5081 
0x5A5A , 4750 
0x6E6E , 5263 

14:01:08.776:
0x2020 , 4529 
0x3E3E , 5781 
0x1C1C , 4944 
0x5A5A , 4698 
0x6E6E , 5263 

14:01:09.561:
0x2020 , 4553 
0x3E3E , 5772 
0x1C1C , 5127 
0x5A5A , 4722 
0x6E6E , 5283 

14:01:10.324:
0x2020 , 4568 
0x3E3E , 5786 
0x1C1C , 5058 
0x5A5A , 4750 
0x6E6E , 5198 

14:01:11.110:
0x2020 , 4563 
0x3E3E , 5809 
0x1C1C , 5049 
0x5A5A , 4760 
0x6E6E , 5293 

14:01:11.865:
0x2020 , 4500 
0x3E3E , 5804 
0x1C1C , 4976 
0x5A5A , 4717 
0x6E6E , 5253 

14:01:12.629:
0x2020 , 4582 
0x3E3E , 5790 
0x1C1C , 5008 
0x5A5A , 4722 
0x6E6E , 5278 

14:01:13.399:
0x2020 , 4529 
0x3E3E , 5786 
0x1C1C , 5090 
0x5A5A , 4722 
0x6E6E , 5273 

14:01:14.184:
0x2020 , 4563 
0x3E3E , 5777 
0x1C1C , 5027 
0x5A5A , 4679 
0x6E6E , 5263 

14:01:14.969:
0x2020 , 4539 
0x3E3E , 5795 
0x1C1C , 5036 
0x5A5A , 4745 
0x6E6E , 5258 

14:01:15.749:
0x2020 , 4519 
0x3E3E , 5814 
0x1C1C , 5031 
0x5A5A , 4726 
0x6E6E , 5288 

14:01:16.535:
0x2020 , 4534 
0x3E3E , 5763 
0x1C1C , 5077 
0x5A5A , 4755 
0x6E6E , 5248 

14:01:17.352:
0x2020 , 4510 
0x3E3E , 5809 
0x1C1C , 5031 
0x5A5A , 4722 
0x6E6E , 5288 

14:01:18.122:
0x2020 , 4480 
0x3E3E , 5763 
0x1C1C , 5013 
0x5A5A , 4717 
0x6E6E , 5243 

14:01:18.893:
0x2020 , 4539 
0x3E3E , 5763 
0x1C1C , 5036 
0x5A5A , 4774 
0x6E6E , 5193 

14:01:19.678:
0x2020 , 4485 
0x3E3E , 5823 
0x1C1C , 5090 
0x5A5A , 4731 
0x6E6E , 5253 

14:01:20.427:
0x2020 , 4490 
0x3E3E , 5814 
0x1C1C , 4985 
0x5A5A , 4750 
0x6E6E , 5273 

14:01:21.196:
0x2020 , 4543 
0x3E3E , 5790 
0x1C1C , 4812 
0x5A5A , 4693 
0x6E6E , 5268 

14:01:21.944:
0x2020 , 4539 
0x3E3E , 5735 
0x1C1C , 4899 
0x5A5A , 4750 
0x6E6E , 5178 

14:01:22.745:
0x2020 , 4534 
0x3E3E , 5855 
0x1C1C , 5127 
0x5A5A , 4722 
0x6E6E , 5288 

14:01:23.498:
0x2020 , 4524 
0x3E3E , 5790 
0x1C1C , 4985 
0x5A5A , 4765 
0x6E6E , 5273 

14:01:24.299:
0x2020 , 4514 
0x3E3E , 5786 
0x1C1C , 4967 
0x5A5A , 4712 
0x6E6E , 5233 

14:01:25.084:
0x2020 , 4539 
0x3E3E , 5795 
0x1C1C , 5090 
0x5A5A , 4726 
0x6E6E , 5258 

14:01:25.847:
0x2020 , 4476 
0x3E3E , 5828 
0x1C1C , 4922 
0x5A5A , 4750 
0x6E6E , -796 

14:01:27.018:
0x2020 , -291 
0x3E3E , -218 
0x1C1C , -159 
0x5A5A , -339 
0x6E6E , 5253 

14:01:27.703:
0x2020 , 4529 
0x3E3E , 5767 
0x1C1C , 5077 
0x5A5A , -339 
0x6E6E , 5238 

14:01:28.266:
0x2020 , 4500 
0x3E3E , 5781 
0x1C1C , 4963 
0x5A5A , 4731 
0x6E6E , 5253 

14:01:29.020:
0x2020 , 4534 
0x3E3E , 5772 
0x1C1C , 5068 
0x5A5A , 4717 
0x6E6E , 5258 

14:01:29.768:
0x2020 , 4534 
0x3E3E , 5781 
0x1C1C , 5036 
0x5A5A , 4726 
0x6E6E , 5303 

14:01:30.507:
0x2020 , 4519 
0x3E3E , 5809 
0x1C1C , 5122 
0x5A5A , 4722 
0x6E6E , 5233 

14:01:31.270:
0x2020 , 4568 
0x3E3E , 5753 
0x1C1C , 4953 
0x5A5A , 4707 
0x6E6E , 5253 

14:01:32.124:
0x2020 , 4495 
0x3E3E , 5777 
0x1C1C , -159 
0x5A5A , -339 
0x6E6E , 5198 

14:01:33.257:
0x2020 , -291 
0x3E3E , -218 
0x1C1C , -159 
0x5A5A , -339 
0x6E6E , -796 

14:01:34.010:
0x2020 , 4529 
0x3E3E , 5758 
0x1C1C , 5113 
0x5A5A , -339 
0x6E6E , -796 

14:01:34.694:
0x2020 , 4529 
0x3E3E , 5781 
0x1C1C , 5054 
0x5A5A , 4736 
0x6E6E , -796 

14:01:35.296:
0x2020 , 4534 
0x3E3E , 5781 
0x1C1C , 4885 
0x5A5A , 4741 
0x6E6E , 5278 

14:01:35.944:
0x2020 , 4505 
0x3E3E , 5804 
0x1C1C , 5027 
0x5A5A , 4731 
0x6E6E , 5213 

14:01:36.714:
0x2020 , 4534 
0x3E3E , 5767 
0x1C1C , 5049 
0x5A5A , 4688 
0x6E6E , 5248 

14:01:37.499:
0x2020 , 4524 
0x3E3E , 5753 
0x1C1C , 4967 
0x5A5A , 4707 
0x6E6E , 5288 

14:01:38.247:
0x2020 , 4490 
0x3E3E , 5763 
0x1C1C , 4995 
0x5A5A , 4707 
0x6E6E , 5208 

14:01:39.017:
0x2020 , 4510 
0x3E3E , 5818 
0x1C1C , 4958 
0x5A5A , 4717 
0x6E6E , 5238 

14:01:39.780:
0x2020 , 4534 
0x3E3E , 5758 
0x1C1C , 5022 
0x5A5A , 4702 
0x6E6E , 5273 

14:01:40.566:
0x2020 , 4539 
0x3E3E , 5804 
0x1C1C , 5004 
0x5A5A , 4741 
0x6E6E , -796 

14:01:41.720:
0x2020 , -291 
0x3E3E , -218 
0x1C1C , -159 
0x5A5A , -339 
0x6E6E , 5198 

14:01:42.352:
0x2020 , 4534 
0x3E3E , 5739 
0x1C1C , 4985 
0x5A5A , -339 
0x6E6E , 5193 

14:01:42.937:
0x2020 , 4514 
0x3E3E , 5809 
0x1C1C , 5017 
0x5A5A , 4722 
0x6E6E , 5183 

14:01:43.707:
0x2020 , 4529 
0x3E3E , 5786 
0x1C1C , 4953 
0x5A5A , 4726 
0x6E6E , 5228 

14:01:44.487:
0x2020 , 4529 
0x3E3E , 5777 
0x1C1C , 4935 
0x5A5A , 4731 
0x6E6E , 5268 

14:01:45.257:
0x2020 , 4519 
0x3E3E , 5809 
0x1C1C , 5177 
0x5A5A , 4736 
0x6E6E , -796 

14:01:46.427:
0x2020 , -291 
0x3E3E , -218 
0x1C1C , -159 
0x5A5A , -339 
0x6E6E , 5213 

14:01:47.129:
0x2020 , 4573 
0x3E3E , 5744 
0x1C1C , 4944 
0x5A5A , -339 
0x6E6E , 5253 

14:01:47.730:
0x2020 , 4490 
0x3E3E , 5753 
0x1C1C , 4976 
0x5A5A , 4731 
0x6E6E , 5238 

14:01:48.378:
0x2020 , 4534 
0x3E3E , 5712 
0x1C1C , 5095 
0x5A5A , 4736 
0x6E6E , 5273 

14:01:49.116:
0x2020 , 4500 
0x3E3E , 5818 
0x1C1C , 5109 
0x5A5A , 4788 
0x6E6E , 5263 

14:01:49.895:
0x2020 , 4548 
0x3E3E , 5786 
0x1C1C , 5022 
0x5A5A , 4717 
0x6E6E , 5258 

14:01:50.696:
0x2020 , 4510 
0x3E3E , 5800 
0x1C1C , 5045 
0x5A5A , 4750 
0x6E6E , 5283 

14:01:51.481:
0x2020 , 4514 
0x3E3E , 5721 
0x1C1C , 5077 
0x5A5A , 4688 
0x6E6E , 5238 

14:01:52.266:
0x2020 , 4558 
0x3E3E , 5818 
0x1C1C , 4985 
0x5A5A , 4712 
0x6E6E , 5233 

14:01:53.037:
0x2020 , 4529 
0x3E3E , 5777 
0x1C1C , 4949 
0x5A5A , 4722 
0x6E6E , 5293 

14:01:53.822:
0x2020 , 4524 
0x3E3E , 5795 
0x1C1C , 5086 
0x5A5A , 4702 
0x6E6E , 5218 

14:01:54.621:
0x2020 , 4568 
0x3E3E , 5763 
0x1C1C , 5058 
0x5A5A , 4702 
0x6E6E , 5303 

14:01:55.386:
0x2020 , 4480 
0x3E3E , 5786 
0x1C1C , 4912 
0x5A5A , 4707 
0x6E6E , 5268 

14:01:56.156:
0x2020 , 4534 
0x3E3E , 5781 
0x1C1C , 4917 
0x5A5A , 4745 
0x6E6E , 5288 

14:01:56.958:
0x2020 , 4510 
0x3E3E , 5818 
0x1C1C , 4890 
0x5A5A , 4726 
0x6E6E , 5268 

14:01:57.728:
0x2020 , 4539 
0x3E3E , 5758 
0x1C1C , 4940 
0x5A5A , 4712 
0x6E6E , 5268 

14:01:58.476:
0x2020 , 4558 
0x3E3E , 5832 
0x1C1C , 4995 
0x5A5A , 4679 
0x6E6E , 5228 

14:01:59.262:
0x2020 , 4485 
0x3E3E , 5749 
0x1C1C , 4876 
0x5A5A , 4698 
0x6E6E , 5263 

14:02:00.047:
0x2020 , 4500 
0x3E3E , 5795 
0x1C1C , 5027 
0x5A5A , 4688 
0x6E6E , 5278 

14:02:00.794:
0x2020 , 4543 
0x3E3E , 5730 
0x1C1C , 4999 
0x5A5A , 4660 
0x6E6E , 5263 

14:02:01.565:
0x2020 , 4514 
0x3E3E , 5767 
0x1C1C , 4876 
0x5A5A , 4693 
0x6E6E , 5293 

14:02:02.366:
0x2020 , 4519 
0x3E3E , 5800 
0x1C1C , 5113 
0x5A5A , 4750 
0x6E6E , 5268 

14:02:03.134:
0x2020 , 4510 
0x3E3E , 5841 
0x1C1C , 5049 
0x5A5A , 4731 
0x6E6E , 5258 