

15:58:39.529:
0x2020 , 4553 
0x3E3E , 6120 
0x1C1C , 4867 
0x5A5A , 4392 
0x6E6E , 5273 

15:58:40.083:
0x2020 , 4553 
0x3E3E , 6143 
0x1C1C , 4880 
0x5A5A , 4416 
0x6E6E , 5178 

15:58:40.652:
0x2020 , 4529 
0x3E3E , 6101 
0x1C1C , 4844 
0x5A5A , 4426 
0x6E6E , 5253 

15:58:41.247:
0x2020 , 4543 
0x3E3E , 6092 
0x1C1C , 4912 
0x5A5A , 4569 
0x6E6E , 5172 

15:58:41.816:
0x2020 , 4534 
0x3E3E , 6125 
0x1C1C , 4899 
0x5A5A , 4516 
0x6E6E , 5087 

15:58:42.369:
0x2020 , 4262 
0x3E3E , 6120 
0x1C1C , 4903 
0x5A5A , 4450 
0x6E6E , 5263 

15:58:42.970:
0x2020 , 4330 
0x3E3E , 6171 
0x1C1C , 4912 
0x5A5A , 4397 
0x6E6E , 5273 

15:58:43.555:
0x2020 , 4611 
0x3E3E , 6101 
0x1C1C , 4949 
0x5A5A , 4412 
0x6E6E , 5198 

15:58:44.156:
0x2020 , 4611 
0x3E3E , 6120 
0x1C1C , 4944 
0x5A5A , 4412 
0x6E6E , 5183 

15:58:44.719:
0x2020 , 4466 
0x3E3E , 6222 
0x1C1C , 4953 
0x5A5A , 4402 
0x6E6E , 5258 

15:58:45.335:
0x2020 , 4592 
0x3E3E , 6134 
0x1C1C , 4890 
0x5A5A , 4478 
0x6E6E , 5203 

15:58:45.940:
0x2020 , 4325 
0x3E3E , 6199 
0x1C1C , 4876 
0x5A5A , 5041 
0x6E6E , 5157 

15:58:46.553:
0x2020 , 4403 
0x3E3E , 5990 
0x1C1C , 5145 
0x5A5A , 4960 
0x6E6E , 4926 

15:58:47.090:
0x2020 , 4485 
0x3E3E , 6046 
0x1C1C , 4812 
0x5A5A , 4893 
0x6E6E , 5535 

15:58:47.676:
0x2020 , 4248 
0x3E3E , 5916 
0x1C1C , 4739 
0x5A5A , 5022 
0x6E6E , 5525 

15:58:48.239:
0x2020 , 4267 
0x3E3E , 5883 
0x1C1C , 4675 
0x5A5A , 5051 
0x6E6E , 5505 

15:58:48.824:
0x2020 , 4228 
0x3E3E , 5869 
0x1C1C , 4725 
0x5A5A , 4946 
0x6E6E , 5505 

15:58:49.378:
0x2020 , 4219 
0x3E3E , 5869 
0x1C1C , 4748 
0x5A5A , 4946 
0x6E6E , 5555 

15:58:49.979:
0x2020 , 4252 
0x3E3E , 5869 
0x1C1C , 4780 
0x5A5A , 4936 
0x6E6E , 5545 

15:58:50.564:
0x2020 , 4228 
0x3E3E , 5953 
0x1C1C , 4748 
0x5A5A , 4936 
0x6E6E , 5545 

15:58:51.162:
0x2020 , 4194 
0x3E3E , 5860 
0x1C1C , 4730 
0x5A5A , 4898 
0x6E6E , 5475 

15:58:51.728:
0x2020 , 4257 
0x3E3E , 5855 
0x1C1C , 4757 
0x5A5A , 4750 
0x6E6E , 5520 

15:58:52.329:
0x2020 , 4262 
0x3E3E , 5869 
0x1C1C , 4798 
0x5A5A , 5008 
0x6E6E , 5510 

15:58:52.945:
0x2020 , 4379 
0x3E3E , 5957 
0x1C1C , 4803 
0x5A5A , 4741 
0x6E6E , 5475 

15:58:53.615:
0x2020 , 4146 
0x3E3E , 5967 
0x1C1C , 4894 
0x5A5A , -339 
0x6E6E , 5253 

15:58:54.284:
0x2020 , 3947 
0x3E3E , 5962 
0x1C1C , 4972 
0x5A5A , -339 
0x6E6E , 5394 

15:59:03.983:
0x2020 , -291 
0x3E3E , -218 
0x1C1C , -159 
0x5A5A , -339 
0x6E6E , -796 

15:59:04.562:
0x2020 , 2468 
0x3E3E , 5039 
0x1C1C , 5958 
0x5A5A , 7130 
0x6E6E , 5923 

15:59:05.116:
0x2020 , 2264 
0x3E3E , 5025 
0x1C1C , 5816 
0x5A5A , 6754 
0x6E6E , 6044 

15:59:05.800:
0x2020 , 2531 
0x3E3E , -218 
0x1C1C , 5766 
0x5A5A , 6315 
0x6E6E , 6104 

15:59:06.401:
0x2020 , 2681 
0x3E3E , 5210 
0x1C1C , 5711 
0x5A5A , 5971 
0x6E6E , 5842 

15:59:06.986:
0x2020 , 2938 
0x3E3E , 5127 
0x1C1C , 5419 
0x5A5A , 5738 
0x6E6E , 6029 

15:59:07.564:
0x2020 , 3384 
0x3E3E , 5698 
0x1C1C , 5351 
0x5A5A , 5461 
0x6E6E , 5656 

15:59:08.334:
0x2020 , 3544 
0x3E3E , -218 
0x1C1C , -159 
0x5A5A , -339 
0x6E6E , 5596 

15:59:09.020:
0x2020 , 3903 
0x3E3E , 6018 
0x1C1C , 5136 
0x5A5A , -339 
0x6E6E , 5167 

15:59:09.651:
0x2020 , 4505 
0x3E3E , 6138 
0x1C1C , 5186 
0x5A5A , 4493 
0x6E6E , 5112 

15:59:10.190:
0x2020 , 4505 
0x3E3E , 6213 
0x1C1C , 5173 
0x5A5A , 4598 
0x6E6E , 5102 

15:59:10.769:
0x2020 , 4878 
0x3E3E , 6435 
0x1C1C , 4739 
0x5A5A , 4488 
0x6E6E , 5238 

15:59:11.338:
0x2020 , 4980 
0x3E3E , 6440 
0x1C1C , 4406 
0x5A5A , 4612 
0x6E6E , 5787 

15:59:11.924:
0x2020 , 4873 
0x3E3E , 5660 
0x1C1C , 4150 
0x5A5A , 4731 
0x6E6E , 6774 

15:59:12.472:
0x2020 , 4776 
0x3E3E , 5206 
0x1C1C , 4013 
0x5A5A , 4893 
0x6E6E , 6815 

15:59:13.072:
0x2020 , 4563 
0x3E3E , 5016 
0x1C1C , 3903 
0x5A5A , 5075 
0x6E6E , 6467 

15:59:13.657:
0x2020 , 4543 
0x3E3E , 4876 
0x1C1C , 3798 
0x5A5A , 5599 
0x6E6E , 7731 

15:59:14.327:
0x2020 , 4379 
0x3E3E , -218 
0x1C1C , 3798 
0x5A5A , 5862 
0x6E6E , 7243 

15:59:14.858:
0x2020 , 0 
0x3E3E , 0 
0x1C1C , 0 
0x5A5A , 0 
0x6E6E , 0 

15:59:17.900:
0x2020 , -291 
0x3E3E , -218 
0x1C1C , -159 
0x5A5A , -339 
0x6E6E , -796 

15:59:18.579:
0x2020 , 2977 
0x3E3E , 2705 
0x1C1C , 4579 
0x5A5A , -339 
0x6E6E , 8417 

15:59:19.149:
0x2020 , 2434 
0x3E3E , 2765 
0x1C1C , 5017 
0x5A5A , 8037 
0x6E6E , 8215 

15:59:19.734:
0x2020 , 2109 
0x3E3E , 3030 
0x1C1C , 5282 
0x5A5A , 8242 
0x6E6E , 8160 

15:59:21.183:
0x2020 , -291 
0x3E3E , -218 
0x1C1C , -159 
0x5A5A , -339 
0x6E6E , -796 

15:59:21.853:
0x2020 , 1619 
0x3E3E , -218 
0x1C1C , 5771 
0x5A5A , 6964 
0x6E6E , 6739 

15:59:22.438:
0x2020 , 1963 
0x3E3E , 4830 
0x1C1C , 5689 
0x5A5A , 6711 
0x6E6E , 6422 

15:59:23.006:
0x2020 , 2376 
0x3E3E , 4969 
0x1C1C , 5625 
0x5A5A , 6305 
0x6E6E , 6281 

15:59:23.608:
0x2020 , 2667 
0x3E3E , 5080 
0x1C1C , 5661 
0x5A5A , 5871 
0x6E6E , 6034 

15:59:24.208:
0x2020 , 3142 
0x3E3E , 5299 
0x1C1C , 5570 
0x5A5A , 5633 
0x6E6E , 5978 

15:59:24.772:
0x2020 , 3409 
0x3E3E , 5540 
0x1C1C , 4798 
0x5A5A , 5389 
0x6E6E , 6442 

15:59:25.389:
0x2020 , 3588 
0x3E3E , 5693 
0x1C1C , 5200 
0x5A5A , 5098 
0x6E6E , 5460 

15:59:25.989:
0x2020 , 3821 
0x3E3E , 6189 
0x1C1C , 4990 
0x5A5A , 4850 
0x6E6E , 5515 

15:59:26.590:
0x2020 , 4189 
0x3E3E , 6134 
0x1C1C , 4985 
0x5A5A , 4655 
0x6E6E , 5253 

15:59:27.143:
0x2020 , 4398 
0x3E3E , 6180 
0x1C1C , 5077 
0x5A5A , 4426 
0x6E6E , 5208 

15:59:27.729:
0x2020 , 4859 
0x3E3E , 6292 
0x1C1C , 5004 
0x5A5A , 4598 
0x6E6E , 5258 

15:59:28.292:
0x2020 , 5218 
0x3E3E , 6148 
0x1C1C , 4880 
0x5A5A , 4392 
0x6E6E , 5802 

15:59:28.877:
0x2020 , 5247 
0x3E3E , 6305 
0x1C1C , 4177 
0x5A5A , 4383 
0x6E6E , 5822 

15:59:29.431:
0x2020 , 5334 
0x3E3E , 6268 
0x1C1C , 4063 
0x5A5A , 4345 
0x6E6E , 6089 

15:59:30.031:
0x2020 , 5407 
0x3E3E , 6143 
0x1C1C , 3826 
0x5A5A , 4545 
0x6E6E , 6386 

15:59:30.617:
0x2020 , 5475 
0x3E3E , 5350 
0x1C1C , 3588 
0x5A5A , 4755 
0x6E6E , 6659 

15:59:31.212:
0x2020 , 5441 
0x3E3E , 5271 
0x1C1C , 3196 
0x5A5A , 4855 
0x6E6E , 6865 

15:59:31.781:
0x2020 , 5450 
0x3E3E , 5090 
0x1C1C , 3091 
0x5A5A , 5003 
0x6E6E , 6981 

15:59:32.366:
0x2020 , 5504 
0x3E3E , 5002 
0x1C1C , 2762 
0x5A5A , 5275 
0x6E6E , 7444 

15:59:33.067:
0x2020 , 5416 
0x3E3E , -218 
0x1C1C , 2525 
0x5A5A , 5490 
0x6E6E , 7480 

15:59:33.683:
0x2020 , 5339 
0x3E3E , 4514 
0x1C1C , 2246 
0x5A5A , 5771 
0x6E6E , 7963 

15:59:34.237:
0x2020 , 5329 
0x3E3E , 4329 
0x1C1C , 2168 
0x5A5A , 6167 
0x6E6E , 8190 

15:59:34.822:
0x2020 , 5276 
0x3E3E , 3939 
0x1C1C , 2082 
0x5A5A , 6572 
0x6E6E , 8321 

15:59:35.385:
0x2020 , 5286 
0x3E3E , 3795 
0x1C1C , 2054 
0x5A5A , 6849 
0x6E6E , 8492 

15:59:35.954:
0x2020 , 5164 
0x3E3E , 3577 
0x1C1C , 2287 
0x5A5A , 6534 
0x6E6E , 8568 

15:59:36.525:
0x2020 , 4956 
0x3E3E , 3786 
0x1C1C , 2520 
0x5A5A , 6944 
0x6E6E , 8492 

15:59:37.125:
0x2020 , 4364 
0x3E3E , 3262 
0x1C1C , 3086 
0x5A5A , 7054 
0x6E6E , 8981 

15:59:37.704:
0x2020 , 4301 
0x3E3E , 3020 
0x1C1C , 3360 
0x5A5A , 7006 
0x6E6E , 8734 

15:59:38.289:
0x2020 , 3952 
0x3E3E , 3252 
0x1C1C , 3607 
0x5A5A , 6959 
0x6E6E , 7933 

15:59:38.874:
0x2020 , 3932 
0x3E3E , 3568 
0x1C1C , 3844 
0x5A5A , 6854 
0x6E6E , 7883 

15:59:39.460:
0x2020 , 3729 
0x3E3E , 3558 
0x1C1C , 3821 
0x5A5A , 7130 
0x6E6E , 7349 

15:59:40.092:
0x2020 , 3675 
0x3E3E , 4278 
0x1C1C , 3967 
0x5A5A , 6281 
0x6E6E , 7112 

15:59:40.692:
0x2020 , 3743 
0x3E3E , 4468 
0x1C1C , 3976 
0x5A5A , 6930 
0x6E6E , 6855 

15:59:41.230:
0x2020 , 3758 
0x3E3E , 4728 
0x1C1C , 4186 
0x5A5A , 6009 
0x6E6E , 6412 

15:59:41.828:
0x2020 , 3777 
0x3E3E , 4774 
0x1C1C , 4415 
0x5A5A , 5833 
0x6E6E , 6200 

15:59:42.395:
0x2020 , 3966 
0x3E3E , 4992 
0x1C1C , 4524 
0x5A5A , 5742 
0x6E6E , 5873 

15:59:42.965:
0x2020 , 3923 
0x3E3E , 5215 
0x1C1C , 4821 
0x5A5A , 5609 
0x6E6E , 5706 

15:59:43.532:
0x2020 , 4058 
0x3E3E , 5568 
0x1C1C , 4912 
0x5A5A , 5284 
0x6E6E , 5389 

15:59:44.131:
0x2020 , 4180 
0x3E3E , 6101 
0x1C1C , 5049 
0x5A5A , 5246 
0x6E6E , 5203 

15:59:44.714:
0x2020 , 4451 
0x3E3E , 6222 
0x1C1C , 5072 
0x5A5A , 4345 
0x6E6E , 5072 

15:59:45.299:
0x2020 , 4674 
0x3E3E , 6486 
0x1C1C , 4922 
0x5A5A , 4292 
0x6E6E , 5178 

15:59:45.869:
0x2020 , 5319 
0x3E3E , 6774 
0x1C1C , 4958 
0x5A5A , 3892 
0x6E6E , 5052 

15:59:46.471:
0x2020 , 5392 
0x3E3E , 6872 
0x1C1C , 4926 
0x5A5A , 3868 
0x6E6E , 5117 

15:59:47.087:
0x2020 , 5552 
0x3E3E , 6816 
0x1C1C , 4826 
0x5A5A , 3415 
0x6E6E , 5319 

15:59:47.756:
0x2020 , -291 
0x3E3E , 7020 
0x1C1C , 4794 
0x5A5A , 3496 
0x6E6E , 5319 

15:59:48.404:
0x2020 , -291 
0x3E3E , 7011 
0x1C1C , 4584 
0x5A5A , 3405 
0x6E6E , 5631 

15:59:49.074:
0x2020 , -291 
0x3E3E , 7006 
0x1C1C , 4406 
0x5A5A , 3300 
0x6E6E , 5863 

15:59:49.643:
0x2020 , 6537 
0x3E3E , 7090 
0x1C1C , 3520 
0x5A5A , 3167 
0x6E6E , 6276 

15:59:52.178:
0x2020 , 7143 
0x3E3E , 6305 
0x1C1C , 2693 
0x5A5A , 4221 
0x6E6E , 7520 

15:59:52.726:
0x2020 , 6391 
0x3E3E , 6083 
0x1C1C , 2456 
0x5A5A , 4521 
0x6E6E , 7792 

15:59:53.327:
0x2020 , 7109 
0x3E3E , 5860 
0x1C1C , 2223 
0x5A5A , 4693 
0x6E6E , 8049 

15:59:54.797:
0x2020 , -291 
0x3E3E , -218 
0x1C1C , -159 
0x5A5A , -339 
0x6E6E , -796 

15:59:55.398:
0x2020 , 6018 
0x3E3E , 5248 
0x1C1C , 1575 
0x5A5A , 5771 
0x6E6E , 8401 

15:59:56.915:
0x2020 , -291 
0x3E3E , -218 
0x1C1C , -159 
0x5A5A , -339 
0x6E6E , -796 

15:59:57.485:
0x2020 , 5174 
0x3E3E , 4083 
0x1C1C , 2817 
0x5A5A , 5843 
0x6E6E , 8109 

15:59:58.102:
0x2020 , 4941 
0x3E3E , 4259 
0x1C1C , 2872 
0x5A5A , 5919 
0x6E6E , 7233 

15:59:58.718:
0x2020 , 4723 
0x3E3E , 4055 
0x1C1C , 3497 
0x5A5A , 6095 
0x6E6E , 6971 

15:59:59.256:
0x2020 , 4408 
0x3E3E , 4087 
0x1C1C , 3671 
0x5A5A , 5862 
0x6E6E , 7132 

15:59:59.835:
0x2020 , 4248 
0x3E3E , 4259 
0x1C1C , 3812 
0x5A5A , 5747 
0x6E6E , 6739 

16:00:00.405:
0x2020 , 4092 
0x3E3E , 4667 
0x1C1C , 3666 
0x5A5A , 5566 
0x6E6E , 6442 

16:00:00.990:
0x2020 , 3947 
0x3E3E , 4895 
0x1C1C , 4433 
0x5A5A , 5523 
0x6E6E , 6210 

16:00:01.538:
0x2020 , 4073 
0x3E3E , 5071 
0x1C1C , 4520 
0x5A5A , 5480 
0x6E6E , 5953 

16:00:02.139:
0x2020 , 4063 
0x3E3E , 5698 
0x1C1C , 5136 
0x5A5A , 5423 
0x6E6E , 5591 

16:00:02.724:
0x2020 , 4146 
0x3E3E , 5934 
0x1C1C , 5086 
0x5A5A , 5261 
0x6E6E , 5324 

16:00:03.325:
0x2020 , 4398 
0x3E3E , 6194 
0x1C1C , 5145 
0x5A5A , 4311 
0x6E6E , 5077 

16:00:03.895:
0x2020 , 4631 
0x3E3E , 6496 
0x1C1C , 5255 
0x5A5A , 4140 
0x6E6E , 4895 

16:00:04.480:
0x2020 , 4927 
0x3E3E , -218 
0x1C1C , 5346 
0x5A5A , 4020 
0x6E6E , 4759 

16:00:05.112:
0x2020 , 5087 
0x3E3E , 7150 
0x1C1C , 5337 
0x5A5A , 3491 
0x6E6E , 4684 

16:00:05.781:
0x2020 , 5368 
0x3E3E , -218 
0x1C1C , 5360 
0x5A5A , 3152 
0x6E6E , 4508 

16:00:06.344:
0x2020 , 5644 
0x3E3E , 7572 
0x1C1C , 5383 
0x5A5A , 2904 
0x6E6E , 4351 

16:00:06.930:
0x2020 , 5683 
0x3E3E , 7892 
0x1C1C , 5360 
0x5A5A , 2775 
0x6E6E , 4286 

16:00:07.646:
0x2020 , -291 
0x3E3E , 8254 
0x1C1C , 5342 
0x5A5A , -339 
0x6E6E , -796 

16:00:08.668:
0x2020 , -291 
0x3E3E , -218 
0x1C1C , -159 
0x5A5A , -339 
0x6E6E , -796 

16:00:09.348:
0x2020 , 7463 
0x3E3E , 7957 
0x1C1C , 5168 
0x5A5A , 1893 
0x6E6E , -796 

16:00:09.917:
0x2020 , 7516 
0x3E3E , 7688 
0x1C1C , 4310 
0x5A5A , 2108 
0x6E6E , 6084 

16:00:10.518:
0x2020 , 7667 
0x3E3E , 445 
0x1C1C , 4045 
0x5A5A , 2394 
0x6E6E , 6427 

16:00:11.103:
0x2020 , 7725 
0x3E3E , 7229 
0x1C1C , 3894 
0x5A5A , 2828 
0x6E6E , 6754 

16:00:11.688:
0x2020 , 7638 
0x3E3E , 6788 
0x1C1C , 3433 
0x5A5A , 3090 
0x6E6E , 7147 

16:00:12.305:
0x2020 , 6610 
0x3E3E , 6723 
0x1C1C , 3187 
0x5A5A , 3634 
0x6E6E , 7268 

16:00:12.905:
0x2020 , 7196 
0x3E3E , 6644 
0x1C1C , 3013 
0x5A5A , -339 
0x6E6E , 7434 

16:00:13.506:
0x2020 , 6333 
0x3E3E , 6616 
0x1C1C , 2771 
0x5A5A , 4297 
0x6E6E , 7313 

16:00:14.053:
0x2020 , 5998 
0x3E3E , 6547 
0x1C1C , 2598 
0x5A5A , 4526 
0x6E6E , 7278 

16:00:14.638:
0x2020 , 6071 
0x3E3E , 6231 
0x1C1C , 2561 
0x5A5A , 4698 
0x6E6E , 7334 

16:00:15.208:
0x2020 , 5499 
0x3E3E , 5749 
0x1C1C , 2575 
0x5A5A , 4841 
0x6E6E , 7364 

16:00:15.777:
0x2020 , 5281 
0x3E3E , 5419 
0x1C1C , 2657 
0x5A5A , 5079 
0x6E6E , 7278 

16:00:16.340:
0x2020 , 4898 
0x3E3E , 5192 
0x1C1C , 2986 
0x5A5A , 5189 
0x6E6E , 7067 

16:00:16.941:
0x2020 , 5101 
0x3E3E , 4983 
0x1C1C , 3351 
0x5A5A , 5265 
0x6E6E , 7067 

16:00:17.526:
0x2020 , 4961 
0x3E3E , 4918 
0x1C1C , 3757 
0x5A5A , 5137 
0x6E6E , 6759 

16:00:18.111:
0x2020 , 4529 
0x3E3E , 5016 
0x1C1C , 4365 
0x5A5A , 5189 
0x6E6E , 6487 

16:00:18.681:
0x2020 , 4160 
0x3E3E , 5206 
0x1C1C , -159 
0x5A5A , 5609 
0x6E6E , 5792 

16:00:19.661:
0x2020 , -291 
0x3E3E , -218 
0x1C1C , 4972 
0x5A5A , -339 
0x6E6E , -796 

16:00:20.431:
0x2020 , 4383 
0x3E3E , 6338 
0x1C1C , 5273 
0x5A5A , -339 
0x6E6E , -796 

16:00:21.101:
0x2020 , 4704 
0x3E3E , 6663 
0x1C1C , 5337 
0x5A5A , 4674 
0x6E6E , -796 

16:00:21.664:
0x2020 , 4980 
0x3E3E , 7011 
0x1C1C , 5588 
0x5A5A , 4493 
0x6E6E , 4316 

16:00:22.248:
0x2020 , 5150 
0x3E3E , 7201 
0x1C1C , 5520 
0x5A5A , 4211 
0x6E6E , 4195 

16:00:22.818:
0x2020 , 5397 
0x3E3E , 7595 
0x1C1C , 5570 
0x5A5A , 3372 
0x6E6E , 4089 

16:00:23.403:
0x2020 , 5911 
0x3E3E , 7874 
0x1C1C , 5488 
0x5A5A , 3701 
0x6E6E , 4099 

16:00:23.951:
0x2020 , 6139 
0x3E3E , 8143 
0x1C1C , 5419 
0x5A5A , 3748 
0x6E6E , 4150 

16:00:24.551:
0x2020 , 6459 
0x3E3E , 8278 
0x1C1C , 5378 
0x5A5A , 2475 
0x6E6E , 4215 

16:00:25.221:
0x2020 , 6716 
0x3E3E , -218 
0x1C1C , 5684 
0x5A5A , 2198 
0x6E6E , 4200 

16:00:25.806:
0x2020 , 6876 
0x3E3E , 8254 
0x1C1C , 5771 
0x5A5A , 2437 
0x6E6E , 4266 

16:00:26.391:
0x2020 , 7017 
0x3E3E , 8189 
0x1C1C , -159 
0x5A5A , 2165 
0x6E6E , 4341 

16:00:27.371:
0x2020 , -291 
0x3E3E , -218 
0x1C1C , -159 
0x5A5A , -339 
0x6E6E , -796 

16:00:28.141:
0x2020 , 6745 
0x3E3E , 8412 
0x1C1C , 6255 
0x5A5A , -339 
0x6E6E , -796 

16:00:28.810:
0x2020 , -291 
0x3E3E , 8301 
0x1C1C , 6209 
0x5A5A , 2713 
0x6E6E , 3787 

16:00:29.373:
0x2020 , 5974 
0x3E3E , 7878 
0x1C1C , 6150 
0x5A5A , 2914 
0x6E6E , 3576 

16:00:29.958:
0x2020 , 5882 
0x3E3E , 7855 
0x1C1C , 6168 
0x5A5A , 3100 
0x6E6E , 3470 

16:00:31.414:
0x2020 , -291 
0x3E3E , -218 
0x1C1C , -159 
0x5A5A , -339 
0x6E6E , -796 

16:00:32.015:
0x2020 , 5378 
0x3E3E , 7238 
0x1C1C , 5506 
0x5A5A , 3667 
0x6E6E , 4346 

16:00:33.499:
0x2020 , -291 
0x3E3E , -218 
0x1C1C , -159 
0x5A5A , -339 
0x6E6E , -796 

16:00:34.049:
0x2020 , 4456 
0x3E3E , 6292 
0x1C1C , -159 
0x5A5A , 4435 
0x6E6E , 5747 

16:00:35.019:
0x2020 , -291 
0x3E3E , -218 
0x1C1C , 4479 
0x5A5A , -339 
0x6E6E , -796 

16:00:35.782:
0x2020 , 3811 
0x3E3E , 5354 
0x1C1C , 4652 
0x5A5A , -339 
0x6E6E , -796 

16:00:36.467:
0x2020 , 3564 
0x3E3E , 5480 
0x1C1C , 4976 
0x5A5A , 5432 
0x6E6E , -796 

16:00:37.036:
0x2020 , 3549 
0x3E3E , 5507 
0x1C1C , 5383 
0x5A5A , -339 
0x6E6E , 5520 

16:00:37.652:
0x2020 , 3510 
0x3E3E , 5591 
0x1C1C , 5730 
0x5A5A , 6668 
0x6E6E , 5515 

16:00:38.254:
0x2020 , 3287 
0x3E3E , 5804 
0x1C1C , 6141 
0x5A5A , 6043 
0x6E6E , 5364 

16:00:38.907:
0x2020 , 3011 
0x3E3E , 6329 
0x1C1C , 6378 
0x5A5A , -339 
0x6E6E , 4926 

16:00:39.571:
0x2020 , 2657 
0x3E3E , -218 
0x1C1C , 6629 
0x5A5A , 6973 
0x6E6E , 4931 

16:00:40.309:
0x2020 , 2637 
0x3E3E , 6217 
0x1C1C , -159 
0x5A5A , -339 
0x6E6E , -796 

16:00:41.243:
0x2020 , -291 
0x3E3E , -218 
0x1C1C , -159 
0x5A5A , -339 
0x6E6E , -796 

16:00:41.975:
0x2020 , 2153 
0x3E3E , 6041 
0x1C1C , 6853 
0x5A5A , -339 
0x6E6E , -796 

16:00:42.744:
0x2020 , 1784 
0x3E3E , 5707 
0x1C1C , 6816 
0x5A5A , -339 
0x6E6E , -796 

16:00:43.414:
0x2020 , 2109 
0x3E3E , 5489 
0x1C1C , 6533 
0x5A5A , -339 
0x6E6E , 5893 

16:00:43.993:
0x2020 , 2046 
0x3E3E , 4997 
0x1C1C , 6355 
0x5A5A , 7111 
0x6E6E , 5943 

16:00:44.594:
0x2020 , 2075 
0x3E3E , 5220 
0x1C1C , 6122 
0x5A5A , 7068 
0x6E6E , 6074 

16:00:45.213:
0x2020 , 2148 
0x3E3E , 5071 
0x1C1C , 5739 
0x5A5A , 6983 
0x6E6E , 6054 

16:00:45.814:
0x2020 , 2652 
0x3E3E , 4862 
0x1C1C , 5670 
0x5A5A , 6682 
0x6E6E , 6220 

16:00:46.417:
0x2020 , 2928 
0x3E3E , 4672 
0x1C1C , 5328 
0x5A5A , 6372 
0x6E6E , 6361 

16:00:47.065:
0x2020 , 3147 
0x3E3E , -218 
0x1C1C , -159 
0x5A5A , 5924 
0x6E6E , 6341 

16:00:47.982:
0x2020 , -291 
0x3E3E , -218 
0x1C1C , 5154 
0x5A5A , -339 
0x6E6E , -796 

16:00:48.721:
0x2020 , 3472 
0x3E3E , 6222 
0x1C1C , -159 
0x5A5A , -339 
0x6E6E , -796 

16:00:49.637:
0x2020 , -291 
0x3E3E , -218 
0x1C1C , 4702 
0x5A5A , -339 
0x6E6E , -796 

16:00:50.386:
0x2020 , 4442 
0x3E3E , 6078 
0x1C1C , 4725 
0x5A5A , -339 
0x6E6E , -796 

16:00:51.054:
0x2020 , 4393 
0x3E3E , 6148 
0x1C1C , 4789 
0x5A5A , 4440 
0x6E6E , -796 

16:00:51.670:
0x2020 , 4432 
0x3E3E , 6120 
0x1C1C , 4812 
0x5A5A , 4426 
0x6E6E , 5233 

16:00:52.256:
0x2020 , 4476 
0x3E3E , 6092 
0x1C1C , 4835 
0x5A5A , 4335 
0x6E6E , 5107 

16:00:52.941:
0x2020 , 4587 
0x3E3E , -218 
0x1C1C , 4748 
0x5A5A , 4369 
0x6E6E , 5092 

16:00:53.626:
0x2020 , 4616 
0x3E3E , -218 
0x1C1C , 4739 
0x5A5A , 4330 
0x6E6E , 5213 

16:00:54.226:
0x2020 , 4539 
0x3E3E , 6092 
0x1C1C , -159 
0x5A5A , 4369 
0x6E6E , 5369 

16:00:55.175:
0x2020 , -291 
0x3E3E , -218 
0x1C1C , 4785 
0x5A5A , -339 
0x6E6E , -796 

16:00:55.907:
0x2020 , 4417 
0x3E3E , 6087 
0x1C1C , 4565 
0x5A5A , -339 
0x6E6E , -796 

16:00:56.560:
0x2020 , 4383 
0x3E3E , 6087 
0x1C1C , 4652 
0x5A5A , 4412 
0x6E6E , -796 

16:00:57.145:
0x2020 , 4379 
0x3E3E , 6069 
0x1C1C , 4743 
0x5A5A , 4392 
0x6E6E , 5303 

16:00:57.709:
0x2020 , 4359 
0x3E3E , 6087 
0x1C1C , 4762 
0x5A5A , 4412 
0x6E6E , 5258 

16:00:58.278:
0x2020 , 4364 
0x3E3E , 6064 
0x1C1C , 4762 
0x5A5A , 4364 
0x6E6E , 5253 

16:00:58.880:
0x2020 , 4189 
0x3E3E , 6073 
0x1C1C , 4848 
0x5A5A , 4397 
0x6E6E , 5424 