16:05:24.483:
0x2020 , 4228 
0x3E3E , 6022 
0x1C1C , 4684 
0x5A5A , 5003 
0x6E6E , 5314 

16:05:25.052:
0x2020 , 4
16:05:25.083:
175 
0x3E3E , 5971 
0x1C1C , 4753 
0x5A5A , 4655 
0x6E6E , 5500 

16:05:25.685:
0x2020 , 4185 
0x3E3E , 5990 
0x1C1C , 4867 
0x5A5A , 4989 
0x6E6E , 5369 

16:05:26.285:
0x2020 , 4175 
0x3E3E , 6013 
0x1C1C , 4748 
0x5A5A , 4879 
0x6E6E , 5011 

16:05:26.833:
0x2020 , 4223 
0x3E3E , 5920 

16:05:26.852:
0x1C1C , 4721 
0x5A5A , 4431 
0x6E6E , 5152 

16:05:27.417:
0x2020 , 4102 
0x3E3E , 5981 
0x1C1C , 4716 
0x5A5A , 4765 
0x6E6E , 5283 

16:05:27.987:
0x2020 , 4185 
0x3E3E , 6009 
0x1C1C , 4698 
0x5A5A , 4855 
0x6E6E , 5349 

16:05:30.475:
0x2020 , 4209 
0x3E3E , 5957 
0x1C1C , 4698 
0x5A
16:05:30.491:
5A , 4974 
0x6E6E , 5384 

16:05:31.060:
0x2020 , 4257 
0x3E3E , 5897 
0x1C1
16:05:31.076:
C , 4716 
0x5A5A , 4965 
0x6E6E , 5419 

16:05:31.662:
0x2020 , 4262 
0x3E3E , 6101 
0x1C1C , 4698 
0x5A5A , 5051 
0x6E6E , 6820 

16:05:32.241:
0x2020 , 4020 
0x3E3E , 5660 
0x1C1C , 4707 
0x5A5A , 5318 
0x6E6E , 5535 

16:05:32.826:
0x2020 , 3889 
0x3E3E , 5767 
0x1C1C , 4862 
0x5A5A , 5227 
0x6E6E , 5550 

16:05:33.411:
0x2020 , 3719 
0x3E3E , 5962 
0x1C1C , 5022
16:05:33.426:
 
0x5A5A , 5432 
0x6E6E , 5319 

16:05:34.028:
0x2020 , 3496 
0x3E3E , 5851 
0x1C1C , 5223 
0x5A5A , 5542 
0x6E6E , 5041 

16:05:34.629:
0x2020 , 3331 
0x3E3E , 6162 
0x1C1C , 5479 
0x5A5A , 5881 
0x6E6E , 5359 

16:05:35.229:
0x2020 , 3152 
0x3E3E , 5985 
0x1C1C , 5547 
0x5A5A , 6157 
0x6E6E , 5097 

16:05:35.767:
0x2020 , 3108 
0x3E3E , 5837 

16:05:35.783:
0x1C1C , 5908 
0x5A5A , 6057 
0x6E6E , 5172 

16:05:36.364:
0x2020 , 2831 
0x3E3E , 5944 
0x1C1C , 6067 
0x5A5A , 6091 
0x6E6E , 5107 

16:05:36.932:
0x2020 , 2909 
0x3E3E , 5897 
0x1C1C , 6296 
0x5A5A , 6520 
0x6E6E , 5052 

16:05:37.501:
0x2020 , 2768 
0x3E3E , 5855 
0x1C1C , 6510 
0x5A5A , 6968 
0x6E6E , 5092 

16:05:38.067:
0x2020 , 2657 
0x3E3E , 5957 
0x1C1C 
16:05:38.070:
, 6634 
0x5A5A , 6839 
0x6E6E , 5419 

16:05:39.551:
0x2020 , -291 
0x3E3E , -218 
0x1C
16:05:39.570:
1C , -159 
0x5A5A , -339 
0x6E6E , -796 

16:05:40.151:
0x2020 , 2574 
0x3E3E , 6106 
0x1C1C , 7095 
0x5A5A , 7173 
0x6E6E , 5666 

16:05:40.737:
0x2020 , 2565 
0x3E3E , 6125 
0x1C1C , 7054 
0x5A5A , 7212 
0x6E6E , 5727 

16:05:41.422:
0x2020 , 2414 
0x3E3E , -218 
0x1C1C , 6953 
0x5A5A , 7321 
0x6E6E , 5686 

16:05:41.992:
0x2020 , 2332 

16:05:42.023:
0x3E3E , 5619 
0x1C1C , 6816 
0x5A5A , 7383 
0x6E6E , 5787 

16:05:42.624:
0x2020 , 2371 
0x3E3E , 5442 
0x1C1C , 6629 
0x5A5A , 7326 
0x6E6E , 6029 

16:05:43.225:
0x2020 , 2361 
0x3E3E , 5614 
0x1C1C , 6474 
0x5A5A , 7159 
0x6E6E , 6019 

16:05:43.777:
0x2020 , 2191 
0x3E3E , 4862 

16:05:43.779:
0x1C1C , 6241 
0x5A5A , 7264 
0x6E6E , 6160 

16:05:44.358:
0x2020 , 2070 
0x3E3E , 4876 
0x1C1C , 6104 
0x5A5A , 7369 
0x6E6E , 6336 

16:05:44.927:
0x2020 , 2109 
0x3E3E , 4505 
0x1C1C , 5985 
0x5A5A , 7293 
0x6E6E , 6412 

16:05:45.497:
0x2020 , 2119 
0x3E3E , 5206 
0x1C1C , 5794 
0x5A5A , 7312 
0x6E6E , 6593 

16:05:46.061:
0x2020 , 2206 
0x3E3E , 4106 
0x1C1C 
16:05:46.081:
, 5625 
0x5A5A , 7212 
0x6E6E , 6885 

16:05:46.662:
0x2020 , 2153 
0x3E3E , 4449 
0x1C1C , 5383 
0x5A5A , 7321 
0x6E6E , 7031 

16:05:47.247:
0x2020 , 2143 
0x3E3E , 4528 
0x1C1C , 5191 
0x5A5A , 7336 
0x6E6E , 7041 

16:05:47.832:
0x2020 , 2099 
0x3E3E , 3985 
0x1C1C , 5127 
0x5A5A , 7254 
0x6E6E , 7273 

16:05:48.401:
0x2020 , 2380 
0x3E3E , 4222 
0x1C1C , 48
16:05:48.432:
53 
0x5A5A , 7340 
0x6E6E , 7384 

16:05:49.018:
0x2020 , 2778 
0x3E3E , 3572 
0x1C1C , 4739 
0x5A5A , 7169 
0x6E6E , 7555 

16:05:49.619:
0x2020 , 2657 
0x3E3E , 3489 
0x1C1C , 5031 
0x5A5A , 7030 
0x6E6E , 7706 

16:05:50.235:
0x2020 , 2696 
0x3E3E , 3470 
0x1C1C , 4716 
0x5A5A , 6897 
0x6E6E , 7651 

16:05:50.767:
0x2020 , 2671 
0x3E3E , 3647 
0x1
16:05:50.789:
C1C , 4588 
0x5A5A , 6634 
0x6E6E , 7535 

16:05:51.352:
0x2020 , 2856 
0x3E3E , 3656 
0x1C1C , 4470 
0x5A5A , 6558 
0x6E6E , 7198 

16:05:52.808:
0x2020 , -291 
0x3E3E ,
16:05:52.823:
 -218 
0x1C1C , -159 
0x5A5A , -339 
0x6E6E , -796 

16:05:53.393:
0x2020 , 3530 
0x3E3E , 5048 
0x1C1C , 
16:05:53.409:
4652 
0x5A5A , 6210 
0x6E6E , 6392 

16:05:53.973:
0x2020 , 3714 
0x3E3E
16:05:53.989:
 , 5062 
0x1C1C , 4570 
0x5A5A , 5943 
0x6E6E , 6195 

16:05:54.572:
0x2020 , 4097 
0x3E3E , 5526 
0x1C1C , 4675 
0x5A5A , 5299 
0x6E6E , 5983 

16:05:55.158:
0x2020 , 4233 
0x3E3E , 5600 
0x1C1C , 4812 
0x5A5A , 5332 
0x6E6E , 5822 

16:05:55.742:
0x2020 , 4427 
0x3E3E , 6241 
0x1C1C , 4693 
0x5A5A , 4884 
0x6E6E , 5570 

16:05:56.327:
0x2020 , 4577 
0x3E3E , 6264 
0x1C1C , 4844 
16:05:56.343:

0x5A5A , 4803 
0x6E6E , 5575 

16:05:56.928:
0x2020 , 4752 
0x3E3E , 6324 
0x1C1C , 4926 
0x5A5A , 4578 
0x6E6E , 5505 

16:05:57.528:
0x2020 , 4776 
0x3E3E , 6231 
0x1C1C , 4995 
0x5A5A , 4683 
0x6E6E , 5485 

16:05:58.145:
0x2020 , 5218 
0x3E3E , 6222 
0x1C1C , 5191 
0x5A5A , 4688 
0x6E6E , 5550 

16:05:58.677:
0x2020 , 5150 
0x3E3E , 6148 
0x1C1
16:05:58.699:
C , 5027 
0x5A5A , 4745 
0x6E6E , 5575 

16:05:59.262:
0x2020 , 5106 
0x3E3E , 6027 
0x1C1C , 5058 
0x5A5A , 5008 
0x6E6E , 5742 

16:05:59.831:
0x2020 , 4893 
0x3E3E , 5874 
0x1C1C , 4963 
0x5A5A , 5098 
0x6E6E , 5853 

16:06:00.416:
0x2020 , 4907 
0x3E3E , 5767 
0x1C1C , 4757 
0x5A5A , 4970 
0x6E6E , 5752 

16:06:00.979:
0x2020 , 4961 
0x3E3E , 5428 
0x1C1C , 
16:06:00.996:
4515 
0x5A5A , 5122 
0x6E6E , 5938 

16:06:04.402:
0x2020 , -291 
0x3E3E , -218 
0x1C1C , -159 
0x5A5A , -339 
0x6E6E , -796 

16:06:04.985:
0x2020 , 4359 
0x3E3E , 4315 
0x1C1C , 3511 
0x5A5A , 5747 
0x6E6E , 7495 

16:06:05.570:
0x2020 , 4301 
0x3E3E , 4162 
0x1C1C , 3374 
0x5A5A , 6033 
0x6E6E , 7565 

16:06:06.140:
0x2020 , 4257 
0x3E3E , 3925 
0x1C1C , 3246
16:06:06.156:
 
0x5A5A , 6148 
0x6E6E , 7595 

16:06:06.757:
0x2020 , 4364 
0x3E3E , 3860 
0x1C1C , 3104 
0x5A5A , 6272 
0x6E6E , 7802 

16:06:07.358:
0x2020 , 4539 
0x3E3E , 3791 
0x1C1C , 2967 
0x5A5A , 6415 
0x6E6E , 8024 

16:06:07.959:
0x2020 , 4708 
0x3E3E , 3888 
0x1C1C , 2666 
0x5A5A , 6296 
0x6E6E , 8064 

16:06:08.512:
0x2020 , 4883 
0x3E3E , 3916 
0x1C1C ,
16:06:08.528:
 3109 
0x5A5A , 6243 
0x6E6E , 8059 

16:06:09.091:
0x2020 , 4723 
0x3E3E , 4134 
0x1C1C , 2776 
0x5A5A , 6081 
0x6E6E , 8029 

16:06:09.660:
0x2020 , 4694 
0x3E3E , 4375 
0x1C1C , 2748 
0x5A5A , 5995 
0x6E6E , 7847 

16:06:10.230:
0x2020 , 4854 
0x3E3E , 4728 
0x1C1C , -159 
0x5A5A , 5809 
0x6E6E , 7807 

16:06:11.146:
0x2020 , -291 
0x3E3E , -
16:06:11.162:
218 
0x1C1C , 2579 
0x5A5A , -339 
0x6E6E , -796 

16:06:11.932:
0x2020 , 5237 
0x3E3E , 4542 
0x1C1C , 3173 
0x5A5A , -339 
0x6E6E , -796 

16:06:12.580:
0x2020 , 5281 
0x3E3E , 4756 
0x1C1
16:06:12.595:
C , 3054 
0x5A5A , 5680 
0x6E6E , -796 

16:06:13.181:
0x2020 , 5053 
0x3E3E , 4784 
0x1C1C , 3438 
0x5A5A 
16:06:13.196:
, 5938 
0x6E6E , 6850 

16:06:13.766:
0x2020 , 5310 
0x3E3E , 5238 
0x1C1C , 3867
16:06:13.781:
 
0x5A5A , 5189 
0x6E6E , 6548 

16:06:14.382:
0x2020 , 5058 
0x3E3E , 5433 
0x1C1C , 4337 
0x5A5A , 5127 
0x6E6E , 6356 

16:06:14.983:
0x2020 , 5004 
0x3E3E , 5558 
0x1C1C , 4214 
0x5A5A , 5008 
0x6E6E , 6271 

16:06:15.584:
0x2020 , 4776 
0x3E3E , 5684 
0x1C1C , 4520 
0x5A5A , 5117 
0x6E6E , 5903 

16:06:16.122:
0x2020 , 4752 
0x3E3E , 5897 

16:06:16.138:
0x1C1C , 4753 
0x5A5A , 5141 
0x6E6E , 5732 

16:06:16.722:
0x2020 , 4849 
0x3E3E , 6032 
0x1C1C , 4830 
0x5A5A , 5222 
0x6E6E , 5701 

16:06:17.286:
0x2020 , 4922 
0x3E3E , 6092 
0x1C1C , 4880 
0x5A5A , 5132 
0x6E6E , 5530 

16:06:17.856:
0x2020 , 4888 
0x3E3E , 6166 
0x1C1C , 4803 
0x5A5A , 4722 
0x6E6E , 5581 

16:06:18.425:
0x2020 , 5028 
0x3E3E , 6157 
0x1C1C , 5068 
16:06:18.441:

0x5A5A , 4726 
0x6E6E , 5676 

16:06:19.026:
0x2020 , 5247 
0x3E3E , 6050 
0x1C1C , 4853 
0x5A5A , 4784 
0x6E6E , 5777 

16:06:19.605:
0x2020 , 5256 
0x3E3E , 6208 
0x1C1C , 4739 
0x5A5A , 4788 
0x6E6E , 5752 

16:06:20.191:
0x2020 , 5130 
0x3E3E , 5781 
0x1C1C , 4488 
0x5A5A , 4578 
0x6E6E , 5842 

16:06:20.776:
0x2020 , 5383 
0x3E3E , 5642 
0x1C1C , 4305 
16:06:20.791:

0x5A5A , 4607 
0x6E6E , 6109 

16:06:21.377:
0x2020 , 5441 
0x3E3E , 5702 
0x1C1C , 4063 
0x5A5A , 4612 
0x6E6E , 6271 

16:06:21.993:
0x2020 , 5669 
0x3E3E , 5781 
0x1C1C , 3913 
0x5A5A , 4593 
0x6E6E , 6507 

16:06:22.595:
0x2020 , 5625 
0x3E3E , 5749 
0x1C1C , 3524 
0x5A5A , 4807 
0x6E6E , 6915 

16:06:23.133:
0x2020 , 6144 
0x3E3E , 5484 

16:06:23.149:
0x1C1C , 3365 
0x5A5A , 4598 
0x6E6E , 7162 

16:06:23.711:
0x2020 , 6168 
0x3E3E , 5326 
0x1C1C , 3123 
0x5A5A , 4750 
0x6E6E , 7233 

16:06:24.296:
0x2020 , 5892 
0x3E3E , 5340 
0x1C1C , 2739 
0x5A5A , 4722 
0x6E6E , 7535 

16:06:24.866:
0x2020 , 6343 
0x3E3E , 5192 
0x1C1C , 2351 
0x5A5A , 4827 
0x6E6E , 7716 

16:06:25.431:
0x2020 , 6377 
0x3E3E , 5609 
0x1
16:06:25.435:
C1C , 2228 
0x5A5A , 4722 
0x6E6E , 7742 

16:06:27.969:
0x2020 , 6925 
0x3E3E , 6254 
0x1C1C , 3292 
0x5A5A , 4254 
0x6E6E , 7248 

16:06:28.554:
0x2020 , 7027 
0x3E3E , 6519 
0x1C1C , 3223 
0x5A5A , 3729 
0x6E6E , 7067 

16:06:29.139:
0x2020 , 7206 
0x3E3E , 6783 
0x1C1C , 3200 
0x5A5A , 3543 
0x6E6E , 7243 

16:06:29.718:
0x2020 , 7128 
0x3E3E , 6895 
0x1C1C , 4095 
0
16:06:29.736:
x5A5A , 3057 
0x6E6E , 6991 

16:06:30.303:
0x2020 
16:06:30.335:
, 6799 
0x3E3E , 6858 
0x1C1C , 3643 
0x5A5A , 2885 
0x6E6E , 6638 

16:06:30.936:
0x2020 , 6629 
0x3E3E , 7173 
0x1C1C , 3725 
0x5A5A , 2957 
0x6E6E , 6381 

16:06:31.540:
0x2020 , 6605 
0x3E3E , 7039 
0x1C1C , 3634 
0x5A5A , 3000 
0x6E6E , 6427 

16:06:32.074:
0x2020 , 6571 
0x3E3E , 6941 
0x1
16:06:32.090:
C1C , 4018 
0x5A5A , 3157 
0x6E6E , 6235 

16:06:32.659:
0x2020 , 6454 
0x3E3E , 6997 
0x1C1C , 3853 
0x5A5A , 3095 
0x6E6E , 6205 

16:06:33.240:
0x2020 , 6493 
0x3E3E , 6876 
0x1C1C , 4013 
0x5A5A , 3453 
0x6E6E , 6084 

16:06:33.807:
0x2020 , 6711 
0x3E3E , 6728 
0x1C1C , 4045 
0x5A5A , 3629 
0x6E6E , 5923 

16:06:34.361:
0x2020 , 6042 
0x3E3E , 6514 
0x1C1C ,
16:06:34.377:
 4091 
0x5A5A , 3768 
0x6E6E , 5853 

16:06:34.962:
0x2020 , 5543 
0x3E3E , 6338 
0x1C1C , 4173 
0x5A5A , 3648 
0x6E6E , 5923 

16:06:35.626:
0x2020 , 5290 
0x3E3E , -218 
0x1C1C 
16:06:35.644:
, 4159 
0x5A5A , 3839 
0x6E6E , 5863 

16:06:36.211:
0x2020 , 5048 
0x3E3E , 6041 
0x1C1C , 4237 
0x5A5A , 42
16:06:36.227:
54 
0x6E6E , 5722 

16:06:36.812:
0x2020 , 5062 
0x3E3E , 5985 
0x1C1C , 4529 

16:06:36.827:
0x5A5A , 4559 
0x6E6E , 5560 

16:06:37.398:
0
16:06:37.413:
x2020 , 4733 
0x3E3E , 6473 
0x1C1C , 4597 
0x5A5A , 4936 
0x6E6E , 5711 

16:06:38.014:
0x2020 , 4679 
0x3E3E , 6482 
0x1C1C , 4844 
0x5A5A , 5194 
0x6E6E , 5505 

16:06:38.630:
0x2020 , 4500 
0x3E3E , 6129 
0x1C1C , 4803 
0x5A5A , 5132 
0x6E6E , 5586 

16:06:39.168:
0x2020 , 4175 
0x3E3E , 616
16:06:39.184:
2 
0x1C1C , 4848 
0x5A5A , 5113 
0x6E6E , 5374 

16:06:39.753:
0x2020 , 4408 
0x3E3E , 5749 
0x1C1C , 4890 
0x5A5A , 5032 
0x6E6E , 5671 

16:06:41.472:
0x2020 , 4956 
0x3E3E , 5554 
0x1C1C , 4648 
0x5A5A , 4722 
0x6E6E , 5978 

16:06:42.036:
0x2020 , 4902 
0x3E3E , 5600 
0x1C1C
16:06:42.058:
 , 4433 
0x5A5A , 4679 
0x6E6E , 6064 

16:06:42.636:
0x2020 , 5266 
0x3E3E , 5730 
0x1C1C , 4072 
0x5A5A , 4640 
0x6E6E , 6235 

16:06:43.221:
0x2020 , 5159 
0x3E3E , 5447 
0x1C1C , 3794 
0x5A5A , 4497 
0x6E6E , 6467 

16:06:43.807:
0x2020 , 5494 
0x3E3E , 5596 
0x1C1C , 3570 
0x5A5A , 4540 
0x6E6E , 6608 

16:06:44.392:
0x2020 , 5620 
0x3E3E , 5619 
0x1C1C 
16:06:44.408:
, 3447 
0x5A5A , 4497 
0x6E6E , 6905 

16:06:47.028:
0x2020 , -291 
0x3E3E , 5665 
0x1C1C , 2648 
0x5A5A , 4326 
0x6E6E , 7394 

16:06:49.551:
0x2020 , 7259 
0x3E3E , 6728 
0x1C1C , 3328 
0x5A5A 
16:06:49.569:
, 3300 
0x6E6E , 7062 

16:06:50.169:
0x2020 , 7434 
0x3E3E , 7053 
0x1C1C , 3346 
0x5A5A , 3539 
0x6E6E , 7288 

16:06:50.717:
0x2020 , 7541 
0x3E3E , 7331 
16:06:50.733:

0x1C1C , 3821 
0x5A5A , 3376 
0x6E6E , 7112 

16:06:51.287:
0x2020 , 7400 
0x3E3E , 7442 
0x1C1C , 3890 
0x5A5A , 3195 
0x6E6E , 6905 

16:06:51.871:
0x2020 , 7468 
0x3E3E , 7419 
0x1C1C , 4141 
0x5A5A , 3195 
0x6E6E , 6699 

16:06:52.434:
0x2020 , 6876 
0x3E3E , 7530 
0x1C1C , 3753 
0x5A5A , 3229 
0x6E6E , 6638 

16:06:53.004:
0x2020 , 6668 
0x3E3E , 7382 
0x1C1C , 4100 
16:06:53.020:

0x5A5A , 3243 
0x6E6E , 6281 

16:06:53.605:
0x2020 , 6435 
0x3E3E , 7280 
0x1C1C , 4451 
0x5A5A , 3248 
0x6E6E , 5948 

16:06:54.190:
0x2020 , 6100 
0x3E3E , 7303 
0x1C1C , 4602 
0x5A5A , 3434 
0x6E6E , 5742 

16:06:54.837:
0x2020 , 5737 
0x3E3E , 7085 
0x1C1C , 45
16:06:54.853:
70 
0x5A5A , 3333 
0x6E6E , 5439 

16:06:55.538:
0x2020 , 5431 
0x3E3E , -218 
0x1C1C , 4492 
0x5A5A , 3543 
0x6E6E , 5419 

16:06:56.108:
0x2020 , 503
16:06:56.140:
3 
0x3E3E , 6333 
0x1C1C , 4506 
0x5A5A , 4178 
0x6E6E , 5298 

16:06:56.740:
0x2020 , 4747 
0x3E3E , 6296 
0x1C1C , 4506 
0x5A5A , 4416 
0x6E6E , 5339 

16:06:57.341:
0x2020 , 4490 
0x3E3E , 6157 
0x1C1C , 4506 
0x5A5A , 4183 
0x6E6E , 5268 

16:06:57.879:
0x2020 , 4301 
0x3E3E , 5995 

16:06:57.895:
0x1C1C , 4620 
0x5A5A , 4760 
0x6E6E , 5314 

16:06:58.478:
0x2020 , 4248 
0x3E3E , 5920 
0x1C1C , 4675 
0x5A5A , 4779 
0x6E6E , 5308 

16:06:59.044:
0x2020 , 4252 
0x3E3E , 6009 
0x1C1C , 4625 
0x5A5A , 4679 
0x6E6E , 5228 

16:06:59.613:
0x2020 , 4005 
0x3E3E , 5651 
0x1C1C , 4721 
0x5A5A , 4784 
0x6E6E , 5238 

16:07:00.182:
0x2020 , 3952 
0x3E3E , 5693 
0x1C1C
16:07:00.183:
 , 4789 
0x5A5A , 4970 
0x6E6E , 5243 

16:07:00.783:
0x2020 , 3627 
0x3E3E , 5493 
0x1C1C , 4885 
0x5A5A , 5275 
0x6E6E , 5072 

16:07:01.362:
0x2020 , 3409 
0x3E3E , 5507 
0x1C1C , 5081 
0x5A5A , 5633 
0x6E6E , 5837 

16:07:01.947:
0x2020 , 3622 
0x3E3E , 5048 
0x1C1C , 5227 
0x5A5A , 5947 
0x6E6E , 6054 

16:07:02.532:
0x2020 , 3069 
0x3E3E , 4598 
0x1C1C 
16:07:02.548:
, 5305 
0x5A5A , 6238 
0x6E6E , 6311 

16:07:04.034:
0x2020 , -291 
0x3E3E , -218 
0x1C1C , -159 
16:07:04.050:

0x5A5A , -339 
0x6E6E , -796 

16:07:06.891:
0x2020 
16:07:06.907:
, -291 
0x3E3E , -218 
0x1C1C , -159 
0x5A5A , -339 
0x6E6E , -796 

16:07:07.755:
0x2020 , 3472 
16:07:07.792:

0x3E3E , -218 
0x1C1C , -159 
0x5A5A , 6506 
0x6E6E , -796 

16:07:08.440:
0x2020 , 3826 
0x3E3E , 4231 
0x1C1C , 3967 
0x5A5A , 6057 
0x6E6E , -796 

16:07:08.994:
0x2020 , 4325 
0x3E3E , 4830 
0x1C1C , 4579 
0x5A5A , 5661 
0x6E6E , 6472 

16:07:10.458:
0x2020 , -291 
0x3E3E , 
16:07:10.474:
-218 
0x1C1C , -159 
0x5A5A , -339 
0x6E6E , -796 

16:07:11.027:
0x2020 , 4510 
0x3E3E , 6375 
0x1C
16:07:11.043:
1C , 4967 
0x5A5A , 4831 
0x6E6E , 5409 

16:07:11.612:
0x2020 , 4442 
0
16:07:11.628:
x3E3E , 6157 
0x1C1C , 4844 
0x5A5A , 5003 
0x6E6E , 5243 

16:07:12.197:
0x2020 , 4534 
0x3E3E , 5
16:07:12.197:
999 
0x1C1C , 4803 
0x5A5A , 4869 
0x6E6E , 5203 

16:07:12.798:
0x2020 , 4505 
0x3E3E , 6143 
0x1C1C , 4944 
0x5A5A , 4841 
0x6E6E , 5188 

16:07:13.377:
0x2020 , 4645 
0x3E3E , 6106 
0x1C1C , 4899 
0x5A5A , 4287 
0x6E6E , 5303 

16:07:13.963:
0x2020 , 4514 
0x3E3E , 6069 
0x1C1C , 4
16:07:13.978:
794 
0x5A5A , 4435 
0x6E6E , 5238 

16:07:14.579:
0x2020 , 4500 
0x3E3E , 6055 
0x1C1C , 4862 
0x5A5A , 4431 
0x6E6E , 5203 

16:07:15.179:
0x2020 , 4466 
0x3E3E , 6046 
0x1C1C , 4981 
0x5A5A , 4388 
0x6E6E , 5288 

16:07:15.780:
0x2020 , 4514 
0x3E3E , 6022 
0x1C1C , 4890 
0x5A5A , 4407 
0x6E6E , 5243 

16:07:16.334:
0x2020 , 4568 
0x3E3E , 6078 

16:07:16.349:
0x1C1C , 4894 
0x5A5A , 4435 
0x6E6E , 5248 

16:07:16.919:
0x2020 , 4514 
0x3E3E , 6064 
0x1C1C , 4871 
0x5A5A , 4421 
0x6E6E , 5268 

16:07:17.481:
0x2020 , 4524 
0x3E3E , 6036 
0x1C1C , 4862 
0x5A5A , 4412 
0x6E6E , 5314 

16:07:18.066:
0x2020 , 4165 
0x3E3E , 6073 
0x1C1C , 4876 
0x5A5A , 4445 
0x6E6E , 5298 

16:07:18.621:
0x2020 , 4514 
0x3E3E , 60
16:07:18.637:
83 
0x1C1C , 4862 
0x5A5A , 4407 
0x6E6E , 5359 

16:07:19.222:
0x2020 , 4456 
0x3E3E , 6055 
0x1C1C , 4862 
0x5A5A , 4392 
0x6E6E , 5354 

16:07:19.807:
0x2020 , 4490 
0x3E3E , 6022 
0x1C1C , 4912 
0x5A5A , 4392 
0x6E6E , 5344 

16:07:20.403:
0x2020 , 4427 
0x3E3E , 6046 
0x1C1C , 4858 
0x5A5A , 4354 
0x6E6E , 5359 

16:07:20.971:
0x2020 , 4398 
0x3E3E , 6060 
0x1C1C , 4894 
16:07:20.987:

0x5A5A , 4407 
0x6E6E , 5354 

16:07:21.556:
0x202
16:07:21.588:
0 , 4437 
0x3E3E , 6069 
0x1C1C , 4985 
0x5A5A , 4350 
0x6E6E , 5359 

16:07:22.188:
0x2020 , 4388 
0x3E3E , 6060 
0x1C1C , 4876 
0x5A5A , 4330 
0x6E6E , 5339 

16:07:22.789:
0x2020 , 4408 
0x3E3E , 6064 
0x1C1C , 4940 
0x5A5A , 4407 
0x6E6E , 5344 

16:07:23.327:
0x2020 , 4383 
0x3E3E , 6092 
0x1C1C , -15
16:07:23.343:
9 
0x5A5A , 4402 
0x6E6E , 5374 
