0x2020 , 4228 
0x3E3E , 6022 
0x1C1C , 4684 
0x5A5A , 5003 
0x6E6E , 5314 
0x2020 , 4175 
0x3E3E , 5971 
0x1C1C , 4753 
0x5A5A , 4655 
0x6E6E , 5500 
0x2020 , 4185 
0x3E3E , 5990 
0x1C1C , 4867 
0x5A5A , 4989 
0x6E6E , 5369 
0x2020 , 4175 
0x3E3E , 6013 
0x1C1C , 4748 
0x5A5A , 4879 
0x6E6E , 5011 
0x2020 , 4223 
0x3E3E , 5920 
0x1C1C , 4721 
0x5A5A , 4431 
0x6E6E , 5152 
0x2020 , 4102 
0x3E3E , 5981 
0x1C1C , 4716 
0x5A5A , 4765 
0x6E6E , 5283 
0x2020 , 4185 
0x3E3E , 6009 
0x1C1C , 4698 
0x5A5A , 4855 
0x6E6E , 5349 
0x2020 , 4209 
0x3E3E , 5957 
0x1C1C , 4698 
0x5A5A , 4974 
0x6E6E , 5384 
0x2020 , 4257 
0x3E3E , 5897 
0x1C1C , 4716 
0x5A5A , 4965 
0x6E6E , 5419 
0x2020 , 4262 
0x3E3E , 6101 
0x1C1C , 4698 
0x5A5A , 5051 
0x6E6E , 6820 
0x2020 , 4020 
0x3E3E , 5660 
0x1C1C , 4707 
0x5A5A , 5318 
0x6E6E , 5535 
0x2020 , 3889 
0x3E3E , 5767 
0x1C1C , 4862 
0x5A5A , 5227 
0x6E6E , 5550 
0x2020 , 3719 
0x3E3E , 5962 
0x1C1C , 5022 
0x5A5A , 5432 
0x6E6E , 5319 
0x2020 , 3496 
0x3E3E , 5851 
0x1C1C , 5223 
0x5A5A , 5542 
0x6E6E , 5041 
0x2020 , 3331 
0x3E3E , 6162 
0x1C1C , 5479 
0x5A5A , 5881 
0x6E6E , 5359 
0x2020 , 3152 
0x3E3E , 5985 
0x1C1C , 5547 
0x5A5A , 6157 
0x6E6E , 5097 
0x2020 , 3108 
0x3E3E , 5837 
0x1C1C , 5908 
0x5A5A , 6057 
0x6E6E , 5172 
0x2020 , 2831 
0x3E3E , 5944 
0x1C1C , 6067 
0x5A5A , 6091 
0x6E6E , 5107 
0x2020 , 2909 
0x3E3E , 5897 
0x1C1C , 6296 
0x5A5A , 6520 
0x6E6E , 5052 
0x2020 , 2768 
0x3E3E , 5855 
0x1C1C , 6510 
0x5A5A , 6968 
0x6E6E , 5092 
0x2020 , 2657 
0x3E3E , 5957 
0x1C1C , 6634 
0x5A5A , 6839 
0x6E6E , 5419 
0x2020 , -291 
0x3E3E , -218 
0x1C1C , -159 
0x5A5A , -339 
0x6E6E , -796 
0x2020 , 2574 
0x3E3E , 6106 
0x1C1C , 7095 
0x5A5A , 7173 
0x6E6E , 5666 
0x2020 , 2565 
0x3E3E , 6125 
0x1C1C , 7054 
0x5A5A , 7212 
0x6E6E , 5727 
0x2020 , 2414 
0x3E3E , -218 
0x1C1C , 6953 
0x5A5A , 7321 
0x6E6E , 5686 
0x2020 , 2332 
0x3E3E , 5619 
0x1C1C , 6816 
0x5A5A , 7383 
0x6E6E , 5787 
0x2020 , 2371 
0x3E3E , 5442 
0x1C1C , 6629 
0x5A5A , 7326 
0x6E6E , 6029 
0x2020 , 2361 
0x3E3E , 5614 
0x1C1C , 6474 
0x5A5A , 7159 
0x6E6E , 6019 
0x2020 , 2191 
0x3E3E , 4862 
0x1C1C , 6241 
0x5A5A , 7264 
0x6E6E , 6160 
0x2020 , 2070 
0x3E3E , 4876 
0x1C1C , 6104 
0x5A5A , 7369 
0x6E6E , 6336 
0x2020 , 2109 
0x3E3E , 4505 
0x1C1C , 5985 
0x5A5A , 7293 
0x6E6E , 6412 
0x2020 , 2119 
0x3E3E , 5206 
0x1C1C , 5794 
0x5A5A , 7312 
0x6E6E , 6593 
0x2020 , 2206 
0x3E3E , 4106 
0x1C1C , 5625 
0x5A5A , 7212 
0x6E6E , 6885 
0x2020 , 2153 
0x3E3E , 4449 
0x1C1C , 5383 
0x5A5A , 7321 
0x6E6E , 7031 
0x2020 , 2143 
0x3E3E , 4528 
0x1C1C , 5191 
0x5A5A , 7336 
0x6E6E , 7041 
0x2020 , 2099 
0x3E3E , 3985 
0x1C1C , 5127 
0x5A5A , 7254 
0x6E6E , 7273 
0x2020 , 2380 
0x3E3E , 4222 
0x1C1C , 4853 
0x5A5A , 7340 
0x6E6E , 7384 
0x2020 , 2778 
0x3E3E , 3572 
0x1C1C , 4739 
0x5A5A , 7169 
0x6E6E , 7555 
0x2020 , 2657 
0x3E3E , 3489 
0x1C1C , 5031 
0x5A5A , 7030 
0x6E6E , 7706 
0x2020 , 2696 
0x3E3E , 3470 
0x1C1C , 4716 
0x5A5A , 6897 
0x6E6E , 7651 
0x2020 , 2671 
0x3E3E , 3647 
0x1C1C , 4588 
0x5A5A , 6634 
0x6E6E , 7535 
0x2020 , 2856 
0x3E3E , 3656 
0x1C1C , 4470 
0x5A5A , 6558 
0x6E6E , 7198 
0x2020 , -291 
0x3E3E , -218 
0x1C1C , -159 
0x5A5A , -339 
0x6E6E , -796 
0x2020 , 3530 
0x3E3E , 5048 
0x1C1C , 4652 
0x5A5A , 6210 
0x6E6E , 6392 
0x2020 , 3714 
0x3E3E , 5062 
0x1C1C , 4570 
0x5A5A , 5943 
0x6E6E , 6195 
0x2020 , 4097 
0x3E3E , 5526 
0x1C1C , 4675 
0x5A5A , 5299 
0x6E6E , 5983 
0x2020 , 4233 
0x3E3E , 5600 
0x1C1C , 4812 
0x5A5A , 5332 
0x6E6E , 5822 
0x2020 , 4427 
0x3E3E , 6241 
0x1C1C , 4693 
0x5A5A , 4884 
0x6E6E , 5570 
0x2020 , 4577 
0x3E3E , 6264 
0x1C1C , 4844 
0x5A5A , 4803 
0x6E6E , 5575 
0x2020 , 4752 
0x3E3E , 6324 
0x1C1C , 4926 
0x5A5A , 4578 
0x6E6E , 5505 
0x2020 , 4776 
0x3E3E , 6231 
0x1C1C , 4995 
0x5A5A , 4683 
0x6E6E , 5485 
0x2020 , 5218 
0x3E3E , 6222 
0x1C1C , 5191 
0x5A5A , 4688 
0x6E6E , 5550 
0x2020 , 5150 
0x3E3E , 6148 
0x1C1C , 5027 
0x5A5A , 4745 
0x6E6E , 5575 
0x2020 , 5106 
0x3E3E , 6027 
0x1C1C , 5058 
0x5A5A , 5008 
0x6E6E , 5742 
0x2020 , 4893 
0x3E3E , 5874 
0x1C1C , 4963 
0x5A5A , 5098 
0x6E6E , 5853 
0x2020 , 4907 
0x3E3E , 5767 
0x1C1C , 4757 
0x5A5A , 4970 
0x6E6E , 5752 
0x2020 , 4961 
0x3E3E , 5428 
0x1C1C , 4515 
0x5A5A , 5122 
0x6E6E , 5938 
0x2020 , -291 
0x3E3E , -218 
0x1C1C , -159 
0x5A5A , -339 
0x6E6E , -796 
0x2020 , 4359 
0x3E3E , 4315 
0x1C1C , 3511 
0x5A5A , 5747 
0x6E6E , 7495 
0x2020 , 4301 
0x3E3E , 4162 
0x1C1C , 3374 
0x5A5A , 6033 
0x6E6E , 7565 
0x2020 , 4257 
0x3E3E , 3925 
0x1C1C , 3246 
0x5A5A , 6148 
0x6E6E , 7595 
0x2020 , 4364 
0x3E3E , 3860 
0x1C1C , 3104 
0x5A5A , 6272 
0x6E6E , 7802 
0x2020 , 4539 
0x3E3E , 3791 
0x1C1C , 2967 
0x5A5A , 6415 
0x6E6E , 8024 
0x2020 , 4708 
0x3E3E , 3888 
0x1C1C , 2666 
0x5A5A , 6296 
0x6E6E , 8064 
0x2020 , 4883 
0x3E3E , 3916 
0x1C1C , 3109 
0x5A5A , 6243 
0x6E6E , 8059 
0x2020 , 4723 
0x3E3E , 4134 
0x1C1C , 2776 
0x5A5A , 6081 
0x6E6E , 8029 
0x2020 , 4694 
0x3E3E , 4375 
0x1C1C , 2748 
0x5A5A , 5995 
0x6E6E , 7847 
0x2020 , 4854 
0x3E3E , 4728 
0x1C1C , -159 
0x5A5A , 5809 
0x6E6E , 7807 
0x2020 , -291 
0x3E3E , -218 
0x1C1C , 2579 
0x5A5A , -339 
0x6E6E , -796 
0x2020 , 5237 
0x3E3E , 4542 
0x1C1C , 3173 
0x5A5A , -339 
0x6E6E , -796 
0x2020 , 5281 
0x3E3E , 4756 
0x1C1C , 3054 
0x5A5A , 5680 
0x6E6E , -796 
0x2020 , 5053 
0x3E3E , 4784 
0x1C1C , 3438 
0x5A5A , 5938 
0x6E6E , 6850 
0x2020 , 5310 
0x3E3E , 5238 
0x1C1C , 3867 
0x5A5A , 5189 
0x6E6E , 6548 
0x2020 , 5058 
0x3E3E , 5433 
0x1C1C , 4337 
0x5A5A , 5127 
0x6E6E , 6356 
0x2020 , 5004 
0x3E3E , 5558 
0x1C1C , 4214 
0x5A5A , 5008 
0x6E6E , 6271 
0x2020 , 4776 
0x3E3E , 5684 
0x1C1C , 4520 
0x5A5A , 5117 
0x6E6E , 5903 
0x2020 , 4752 
0x3E3E , 5897 
0x1C1C , 4753 
0x5A5A , 5141 
0x6E6E , 5732 
0x2020 , 4849 
0x3E3E , 6032 
0x1C1C , 4830 
0x5A5A , 5222 
0x6E6E , 5701 
0x2020 , 4922 
0x3E3E , 6092 
0x1C1C , 4880 
0x5A5A , 5132 
0x6E6E , 5530 
0x2020 , 4888 
0x3E3E , 6166 
0x1C1C , 4803 
0x5A5A , 4722 
0x6E6E , 5581 
0x2020 , 5028 
0x3E3E , 6157 
0x1C1C , 5068 
0x5A5A , 4726 
0x6E6E , 5676 
0x2020 , 5247 
0x3E3E , 6050 
0x1C1C , 4853 
0x5A5A , 4784 
0x6E6E , 5777 
0x2020 , 5256 
0x3E3E , 6208 
0x1C1C , 4739 
0x5A5A , 4788 
0x6E6E , 5752 
0x2020 , 5130 
0x3E3E , 5781 
0x1C1C , 4488 
0x5A5A , 4578 
0x6E6E , 5842 
0x2020 , 5383 
0x3E3E , 5642 
0x1C1C , 4305 
0x5A5A , 4607 
0x6E6E , 6109 
0x2020 , 5441 
0x3E3E , 5702 
0x1C1C , 4063 
0x5A5A , 4612 
0x6E6E , 6271 
0x2020 , 5669 
0x3E3E , 5781 
0x1C1C , 3913 
0x5A5A , 4593 
0x6E6E , 6507 
0x2020 , 5625 
0x3E3E , 5749 
0x1C1C , 3524 
0x5A5A , 4807 
0x6E6E , 6915 
0x2020 , 6144 
0x3E3E , 5484 
0x1C1C , 3365 
0x5A5A , 4598 
0x6E6E , 7162 
0x2020 , 6168 
0x3E3E , 5326 
0x1C1C , 3123 
0x5A5A , 4750 
0x6E6E , 7233 
0x2020 , 5892 
0x3E3E , 5340 
0x1C1C , 2739 
0x5A5A , 4722 
0x6E6E , 7535 
0x2020 , 6343 
0x3E3E , 5192 
0x1C1C , 2351 
0x5A5A , 4827 
0x6E6E , 7716 
0x2020 , 6377 
0x3E3E , 5609 
0x1C1C , 2228 
0x5A5A , 4722 
0x6E6E , 7742 
0x2020 , 6925 
0x3E3E , 6254 
0x1C1C , 3292 
0x5A5A , 4254 
0x6E6E , 7248 
0x2020 , 7027 
0x3E3E , 6519 
0x1C1C , 3223 
0x5A5A , 3729 
0x6E6E , 7067 
0x2020 , 7206 
0x3E3E , 6783 
0x1C1C , 3200 
0x5A5A , 3543 
0x6E6E , 7243 
0x2020 , 7128 
0x3E3E , 6895 
0x1C1C , 4095 
0x5A5A , 3057 
0x6E6E , 6991 
0x2020 , 6799 
0x3E3E , 6858 
0x1C1C , 3643 
0x5A5A , 2885 
0x6E6E , 6638 
0x2020 , 6629 
0x3E3E , 7173 
0x1C1C , 3725 
0x5A5A , 2957 
0x6E6E , 6381 
0x2020 , 6605 
0x3E3E , 7039 
0x1C1C , 3634 
0x5A5A , 3000 
0x6E6E , 6427 
0x2020 , 6571 
0x3E3E , 6941 
0x1C1C , 4018 
0x5A5A , 3157 
0x6E6E , 6235 
0x2020 , 6454 
0x3E3E , 6997 
0x1C1C , 3853 
0x5A5A , 3095 
0x6E6E , 6205 
0x2020 , 6493 
0x3E3E , 6876 
0x1C1C , 4013 
0x5A5A , 3453 
0x6E6E , 6084 
0x2020 , 6711 
0x3E3E , 6728 
0x1C1C , 4045 
0x5A5A , 3629 
0x6E6E , 5923 
0x2020 , 6042 
0x3E3E , 6514 
0x1C1C , 4091 
0x5A5A , 3768 
0x6E6E , 5853 
0x2020 , 5543 
0x3E3E , 6338 
0x1C1C , 4173 
0x5A5A , 3648 
0x6E6E , 5923 
0x2020 , 5290 
0x3E3E , -218 
0x1C1C , 4159 
0x5A5A , 3839 
0x6E6E , 5863 
0x2020 , 5048 
0x3E3E , 6041 
0x1C1C , 4237 
0x5A5A , 4254 
0x6E6E , 5722 
0x2020 , 5062 
0x3E3E , 5985 
0x1C1C , 4529 
0x5A5A , 4559 
0x6E6E , 5560 
0x2020 , 4733 
0x3E3E , 6473 
0x1C1C , 4597 
0x5A5A , 4936 
0x6E6E , 5711 
0x2020 , 4679 
0x3E3E , 6482 
0x1C1C , 4844 
0x5A5A , 5194 
0x6E6E , 5505 
0x2020 , 4500 
0x3E3E , 6129 
0x1C1C , 4803 
0x5A5A , 5132 
0x6E6E , 5586 
0x2020 , 4175 
0x3E3E , 6162 
0x1C1C , 4848 
0x5A5A , 5113 
0x6E6E , 5374 
0x2020 , 4408 
0x3E3E , 5749 
0x1C1C , 4890 
0x5A5A , 5032 
0x6E6E , 5671 
0x2020 , 4956 
0x3E3E , 5554 
0x1C1C , 4648 
0x5A5A , 4722 
0x6E6E , 5978 
0x2020 , 4902 
0x3E3E , 5600 
0x1C1C , 4433 
0x5A5A , 4679 
0x6E6E , 6064 
0x2020 , 5266 
0x3E3E , 5730 
0x1C1C , 4072 
0x5A5A , 4640 
0x6E6E , 6235 
0x2020 , 5159 
0x3E3E , 5447 
0x1C1C , 3794 
0x5A5A , 4497 
0x6E6E , 6467 
0x2020 , 5494 
0x3E3E , 5596 
0x1C1C , 3570 
0x5A5A , 4540 
0x6E6E , 6608 
0x2020 , 5620 
0x3E3E , 5619 
0x1C1C , 3447 
0x5A5A , 4497 
0x6E6E , 6905 
0x2020 , -291 
0x3E3E , 5665 
0x1C1C , 2648 
0x5A5A , 4326 
0x6E6E , 7394 
0x2020 , 7259 
0x3E3E , 6728 
0x1C1C , 3328 
0x5A5A , 3300 
0x6E6E , 7062 
0x2020 , 7434 
0x3E3E , 7053 
0x1C1C , 3346 
0x5A5A , 3539 
0x6E6E , 7288 
0x2020 , 7541 
0x3E3E , 7331 
0x1C1C , 3821 
0x5A5A , 3376 
0x6E6E , 7112 
0x2020 , 7400 
0x3E3E , 7442 
0x1C1C , 3890 
0x5A5A , 3195 
0x6E6E , 6905 
0x2020 , 7468 
0x3E3E , 7419 
0x1C1C , 4141 
0x5A5A , 3195 
0x6E6E , 6699 
0x2020 , 6876 
0x3E3E , 7530 
0x1C1C , 3753 
0x5A5A , 3229 
0x6E6E , 6638 
0x2020 , 6668 
0x3E3E , 7382 
0x1C1C , 4100 
0x5A5A , 3243 
0x6E6E , 6281 
0x2020 , 6435 
0x3E3E , 7280 
0x1C1C , 4451 
0x5A5A , 3248 
0x6E6E , 5948 
0x2020 , 6100 
0x3E3E , 7303 
0x1C1C , 4602 
0x5A5A , 3434 
0x6E6E , 5742 
0x2020 , 5737 
0x3E3E , 7085 
0x1C1C , 4570 
0x5A5A , 3333 
0x6E6E , 5439 
0x2020 , 5431 
0x3E3E , -218 
0x1C1C , 4492 
0x5A5A , 3543 
0x6E6E , 5419 
0x2020 , 5033 
0x3E3E , 6333 
0x1C1C , 4506 
0x5A5A , 4178 
0x6E6E , 5298 
0x2020 , 4747 
0x3E3E , 6296 
0x1C1C , 4506 
0x5A5A , 4416 
0x6E6E , 5339 
0x2020 , 4490 
0x3E3E , 6157 
0x1C1C , 4506 
0x5A5A , 4183 
0x6E6E , 5268 
0x2020 , 4301 
0x3E3E , 5995 
0x1C1C , 4620 
0x5A5A , 4760 
0x6E6E , 5314 
0x2020 , 4248 
0x3E3E , 5920 
0x1C1C , 4675 
0x5A5A , 4779 
0x6E6E , 5308 
0x2020 , 4252 
0x3E3E , 6009 
0x1C1C , 4625 
0x5A5A , 4679 
0x6E6E , 5228 
0x2020 , 4005 
0x3E3E , 5651 
0x1C1C , 4721 
0x5A5A , 4784 
0x6E6E , 5238 
0x2020 , 3952 
0x3E3E , 5693 
0x1C1C , 4789 
0x5A5A , 4970 
0x6E6E , 5243 
0x2020 , 3627 
0x3E3E , 5493 
0x1C1C , 4885 
0x5A5A , 5275 
0x6E6E , 5072 
0x2020 , 3409 
0x3E3E , 5507 
0x1C1C , 5081 
0x5A5A , 5633 
0x6E6E , 5837 
0x2020 , 3622 
0x3E3E , 5048 
0x1C1C , 5227 
0x5A5A , 5947 
0x6E6E , 6054 
0x2020 , 3069 
0x3E3E , 4598 
0x1C1C , 5305 
0x5A5A , 6238 
0x6E6E , 6311 
0x2020 , -291 
0x3E3E , -218 
0x1C1C , -159 
0x5A5A , -339 
0x6E6E , -796 
0x2020 , -291 
0x3E3E , -218 
0x1C1C , -159 
0x5A5A , -339 
0x6E6E , -796 
0x2020 , 3472 
0x3E3E , -218 
0x1C1C , -159 
0x5A5A , 6506 
0x6E6E , -796 
0x2020 , 3826 
0x3E3E , 4231 
0x1C1C , 3967 
0x5A5A , 6057 
0x6E6E , -796 
0x2020 , 4325 
0x3E3E , 4830 
0x1C1C , 4579 
0x5A5A , 5661 
0x6E6E , 6472 
0x2020 , -291 
0x3E3E , -218 
0x1C1C , -159 
0x5A5A , -339 
0x6E6E , -796 
0x2020 , 4510 
0x3E3E , 6375 
0x1C1C , 4967 
0x5A5A , 4831 
0x6E6E , 5409 
0x2020 , 4442 
0x3E3E , 6157 
0x1C1C , 4844 
0x5A5A , 5003 
0x6E6E , 5243 
0x2020 , 4534 
0x3E3E , 5999 
0x1C1C , 4803 
0x5A5A , 4869 
0x6E6E , 5203 
0x2020 , 4505 
0x3E3E , 6143 
0x1C1C , 4944 
0x5A5A , 4841 
0x6E6E , 5188 
0x2020 , 4645 
0x3E3E , 6106 
0x1C1C , 4899 
0x5A5A , 4287 
0x6E6E , 5303 
0x2020 , 4514 
0x3E3E , 6069 
0x1C1C , 4794 
0x5A5A , 4435 
0x6E6E , 5238 
0x2020 , 4500 
0x3E3E , 6055 
0x1C1C , 4862 
0x5A5A , 4431 
0x6E6E , 5203 
0x2020 , 4466 
0x3E3E , 6046 
0x1C1C , 4981 
0x5A5A , 4388 
0x6E6E , 5288 
0x2020 , 4514 
0x3E3E , 6022 
0x1C1C , 4890 
0x5A5A , 4407 
0x6E6E , 5243 
0x2020 , 4568 
0x3E3E , 6078 
0x1C1C , 4894 
0x5A5A , 4435 
0x6E6E , 5248 
0x2020 , 4514 
0x3E3E , 6064 
0x1C1C , 4871 
0x5A5A , 4421 
0x6E6E , 5268 
0x2020 , 4524 
0x3E3E , 6036 
0x1C1C , 4862 
0x5A5A , 4412 
0x6E6E , 5314 
0x2020 , 4165 
0x3E3E , 6073 
0x1C1C , 4876 
0x5A5A , 4445 
0x6E6E , 5298 
0x2020 , 4514 
0x3E3E , 6083 
0x1C1C , 4862 
0x5A5A , 4407 
0x6E6E , 5359 
0x2020 , 4456 
0x3E3E , 6055 
0x1C1C , 4862 
0x5A5A , 4392 
0x6E6E , 5354 
0x2020 , 4490 
0x3E3E , 6022 
0x1C1C , 4912 
0x5A5A , 4392 
0x6E6E , 5344 
0x2020 , 4427 
0x3E3E , 6046 
0x1C1C , 4858 
0x5A5A , 4354 
0x6E6E , 5359 
0x2020 , 4398 
0x3E3E , 6060 
0x1C1C , 4894 
0x5A5A , 4407 
0x6E6E , 5354 
0x2020 , 4437 
0x3E3E , 6069 
0x1C1C , 4985 
0x5A5A , 4350 
0x6E6E , 5359 
0x2020 , 4388 
0x3E3E , 6060 
0x1C1C , 4876 
0x5A5A , 4330 
0x6E6E , 5339 
0x2020 , 4408 
0x3E3E , 6064 
0x1C1C , 4940 
0x5A5A , 4407 
0x6E6E , 5344 
0x2020 , 4383 
0x3E3E , 6092 
0x1C1C , -159 
0x5A5A , 4402 
0x6E6E , 5374 
