14:41:41.050:
0x2020 , 4243 
0x3E3E , 5902 
0x1C1C , 4702 
0x5
14:41:41.066:
A5A , 4993 
0x6E6E , 5530 

14:41:41.644:
0x2020 , 4257 
0x3E3E , 5897 
0x1C1C , 4
14:41:41.651:
716 
0x5A5A , 5132 
0x6E6E , 5510 

14:41:42.252:
0x2020 , 4272 
0x3E3E , 5883 
0x1C1C , 4698 
0x5A5A , 5117 
0x6E6E , 5586 

14:41:42.853:
0x2020 , 4277 
0x3E3E , 6018 
0x1C1C , 4757 
0x5A5A , 5070 
0x6E6E , 5223 

14:41:43.454:
0x2020 , 4272 
0x3E3E , 5967 
0x1C1C , 4748 
0x5A5A , 4874 
0x6E6E , 5470 

14:41:44.001:
0x2020 , 4243 
0x3E3E , 5893 
0x1C
14:41:44.017:
1C , 4730 
0x5A5A , 5075 
0x6E6E , 5349 

14:41:44.587:
0x2020 , 4345 
0x3E3E , 5939 
0x1C1C , 4721 
0x5A5A , 4760 
0x6E6E , 5273 

14:41:45.219:
0x2020 , -291 
0x3E3E , 5916 

14:41:45.234:
0x1C1C , 4698 
0x5A5A , 4912 
0x6E6E , 5308 

14:41:45.804:
0x2020 , 4252 
0x3E3E , 6176 
0x1C1C , 4794 

14:41:45.820:
0x5A5A , 4850 
0x6E6E , 5288 

14:41:46.373:
0x2020 , 4233 
0x3E3E , 58
14:41:46.389:
55 
0x1C1C , 4908 
0x5A5A , 4798 
0x6E6E , 5319 

14:41:46.974:
0x2020 , 4286 
0x3E3E , 5841 
0x1C1C , 4981 
0x5A5A , 4745 
0x6E6E , 5263 

14:41:47.559:
0x2020 , 4248 
0x3E3E , 6092 
0x1C1C , 4725 
0x5A5A , 4836 
0x6E6E , 5273 

14:41:48.160:
0x2020 , 4335 
0x3E3E , 5855 
0x1C1C , 4985 
0x5A5A , 5027 
0x6E6E , 5278 

14:41:48.724:
0x2020 , 4282 
0x3E3E , 5832 
0x1C1C , 500
14:41:48.740:
8 
0x5A5A , 5084 
0x6E6E , 5303 

14:41:49.341:
0x2020 , 4252 
0x3E3E , 5851 
0x1C1C , 4985 
0x5A5A , 4955 
0x6E6E , 5283 

14:41:49.941:
0x2020 , 4267 
0x3E3E , 5893 
0x1C1C , 4935 
0x5A5A , 4712 
0x6E6E , 5339 

14:41:50.542:
0x2020 , 4257 
0x3E3E , 5804 
0x1C1C , 4949 
0x5A5A , 4955 
0x6E6E , 5334 

14:41:51.096:
0x2020 , 4228 
0x3E3E , 6231 

14:41:51.112:
0x1C1C , 4953 
0x5A5A , 4765 
0x6E6E , 5394 

14:41:51.682:
0x2020 , 4180 
0x3E3E , 5883 
0x1C1C , 5004 
0x5A5A , 4774 
0x6E6E , 5873 

14:41:52.246:
0x2020 , 4189 
0x3E3E , 5893 
0x1C1C , 4949 
0x5A5A , 4965 
0x6E6E , 5374 

14:41:52.815:
0x2020 , 4122 
0x3E3E , 5832 
0x1C1C , 5086 
0x5A5A , 5027 
0x6E6E , 5510 

14:41:53.385:
0x2020 , 4029 
0x3E3E , 6018 
0x1C1C ,
14:41:53.400:
 5136 
0x5A5A , 5222 
0x6E6E , 5903 

14:41:53.986:
0x2020 , 3995 
0x3E3E , 5990 
0x1C1C , 5209 
0x5A5A , 4860 
0x6E6E , 6024 

14:41:54.571:
0x2020 , 3845 
0x3E3E , 6120 
0x1C1C , 5259 
0x5A5A , 5351 
0x6E6E , 5394 

14:41:55.151:
0x2020 , 3685 
0x3E3E , 5944 
0x1C1C , 5474 
0x5A5A , 5413 
0x6E6E , 5354 

14:41:55.736:
0x2020 , 3559 
0x3E3E , 5934 
0x1C1C ,
14:41:55.751:
 5515 
0x5A5A , 5475 
0x6E6E , 5369 

14:41:56.352:
0x2020 , 3447 
0x3E3E , 5860 
0x1C1C , 5679 
0x5A5A , 5428 
0x6E6E , 5319 

14:41:57.022:
0x2020 , 3312 
0x3E3E , 5985 
0x1C1C 
14:41:57.037:
, 5711 
0x5A5A , -339 
0x6E6E , 5314 

14:41:57.738:
0x2020 , 3239 
0x3E3E , 6013 
0x1C1C , 5862 
0x5A5A , -339 
0x6E6E , 5319 

14:41:58.276:
0x2020 , 3152 
0x3E3E , 5962 
0x1C1C , 60
14:41:58.291:
31 
0x5A5A , 6162 
0x6E6E , 5263 

14:41:58.855:
0x2020 , 3001 
0x3E3E , 5995 
0x1C1C , 6182 
0x5A5A , 6372 
0x6E6E , 5208 

14:41:59.424:
0x2020 , 2865 
0x3E3E , 5957 
0x1C1C , 6346 
0x5A5A , 6477 
0x6E6E , 5178 

14:42:00.010:
0x2020 , 2691 
0x3E3E , 5944 
0x1C1C , 6492 
0x5A5A , 6568 
0x6E6E , 5183 

14:42:00.558:
0x2020 , 2623 
0x3E3E , 5957 
0x1C1
14:42:00.580:
C , 6524 
0x5A5A , 6553 
0x6E6E , 5198 

14:42:01.158:
0x2020 , 2477 
0x3E3E , 6064 
0x1C1C , 6743 
0x5A5A , 6549 
0x6E6E , 5142 

14:42:01.743:
0x2020 , 2439 
0x3E3E , 6060 
0x1C1C , 6825 
0x5A5A , 6730 
0x6E6E , 5228 

14:42:02.345:
0x2020 , 2366 
0x3E3E , 6036 
0x1C1C , 6679 
0x5A5A , 6820 
0x6E6E , 5263 

14:42:02.914:
0x2020 , 2259 
0x3E3E , 6134 
0x1C1C , 6807 
14:42:02.930:

0x5A5A , 6935 
0x6E6E , 5243 

14:42:09.894:
0x2020 , -291 
0x3E3E , -218 
0x1C1C , -159 
0x5A5A , -339 
0x6E6E , -796 

14:42:10.442:
0x2020 , 2128 
0x3E3
14:42:10.457:
E , 4691 
0x1C1C , 5931 
0x5A5A , 7321 
0x6E6E , 6568 

14:42:11.028:
0x2020 , 2056 
0x3E3E , 4487 
0x1C1C , 5784 
0x5A5A , 7407 
0x6E6E , 6588 

14:42:11.596:
0x2020 , 2109 
0x3E3E , 4584 
0x1C1C , 5652 
0x5A5A , 7479 
0x6E6E , 6820 

14:42:12.176:
0x2020 , 2089 
0x3E3E , 4473 
0x1C1C , -159 
0x5A5A , 7455 
0x6E6E , 6941 

14:42:14.079:
0x2020 , 2347 
0x3E3E , 3907 
0x1C1C , 5227 
0x5A5A , -339 
0x6E6E , -796 

14:42:14.664:
0x2020 , 2400 
0x3E3E , 3749 
0x1C1C , 5058 
0x5A5A , 7436 
0x6E6E , 7520 

14:42:15.234:
0x2020 , 2744 
0x3E3E , 3582 
0x1C1C , 4835 
0x5A5A 
14:42:15.249:
, 7450 
0x6E6E , 7595 

14:42:15.835:
0x2020 , 2671 
0x3E3E , 3855 
0x1C1C , 4579 
14:42:15.850:

0x5A5A , 7340 
0x6E6E , 7641 

14:42:16.420:
0x
14:42:16.452:
2020 , 2928 
0x3E3E , 3614 
0x1C1C , 4470 
0x5A5A , 7302 
0x6E6E , -796 

14:42:17.406:
0x2020 , -291 
0x3E3E , -218 
0x1C1C , -159 
0x5A5A , -339 
0x6E6E , 7817 

14:42:18.070:
0x2020 
14:42:18.103:
, 3224 
0x3E3E , 3633 
0x1C1C , 4008 
0x5A5A , -339 
0x6E6E , 7908 

14:42:18.639:
0x2020 , 3326 
0x3E3E , 3503 
0x1C1C , 3
14:42:18.654:
899 
0x5A5A , 6902 
0x6E6E , 8039 

14:42:19.224:
0x2020 , 4083 
0x3E3E , 3424 
0x1C1C , 3826 
0x5A5A , 6735 
0x6E6E , 8059 

14:42:19.788:
0x2020 , 4141 
0x3E3E , 3670 
0x1C1C , 3543 
0x5A5A , 6663 
0x6E6E , 8054 

14:42:20.373:
0x2020 , 4185 
0x3E3E , 3628 
0x1C1C , 3383 
0x5A5A , 6525 
0x6E6E , 8190 

14:42:20.926:
0x2020 , 4316 
0x3E3E , 3777 
0x1C1C , 3009
14:42:20.942:
 
0x5A5A , 6487 
0x6E6E , 8205 

14:42:21.527:
0x2020 , 4573 
0x3E3E , 3907 
0x1C1C , 3045 
0x5A5A , 6439 
0x6E6E , 8180 

14:42:22.112:
0x2020 , 4660 
0x3E3E , 3958 
0x1C1C , 3351 
0x5A5A , 6291 
0x6E6E , 8225 

14:42:22.710:
0x2020 , 4767 
0x3E3E , 3828 
0x1C1C , 3200 
0x5A5A , 6300 
0x6E6E , 8150 

14:42:23.278:
0x2020 , 4878 
0x3E3E , 4343 
0x1C1C , 3095 

14:42:23.293:
0x5A5A , 6248 
0x6E6E , 8215 

14:42:23.863:
0x2
14:42:23.894:
020 , 5033 
0x3E3E , 4199 
0x1C1C , 2776 
0x5A5A , 6048 
0x6E6E , 8129 

14:42:24.496:
0x2020 , 5184 
0x3E3E , 4250 
0x1C1C , 2739 
0x5A5A , 5823 
0x6E6E , 8195 

14:42:25.096:
0x2020 , 5344 
0x3E3E , 4366 
0x1C1C , 2310 
0x5A5A , 5728 
0x6E6E , 8014 

14:42:25.635:
0x2020 , 5455 
0x3E3E , 4621 

14:42:25.650:
0x1C1C , 2278 
0x5A5A , 5571 
0x6E6E , 8024 

14:42:26.220:
0x2020 , 5576 
0x3E3E , 4732 
0x1C1C , 2210 
0x5A5A , 5437 
0x6E6E , 8215 

14:42:26.799:
0x2020 , 5659 
0x3E3E , 4742 
0x1C1C , 2150 
0x5A5A , 5423 
0x6E6E , 8124 

14:42:27.369:
0x2020 , 5863 
0x3E3E , 5071 
0x1C1C , 2082 
0x5A5A , 5304 
0x6E6E , 7862 

14:42:27.938:
0x2020 , 5843 
0x3E3E , 5308 
0x1C1C , 2127 
14:42:27.953:

0x5A5A , 5098 
0x6E6E , 7928 

14:42:28.523:
0x2020 , 6023 
0x3E3E , 5619 
0x1C1C , 2347 
0x5A5A , 5036 
0x6E6E , 7978 

14:42:29.123:
0x2020 , 6188 
0x3E3E , 5698 
0x1C1C , 2442 
0x5A5A , 4884 
0x6E6E , 7938 

14:42:29.703:
0x2020 , 6362 
0x3E3E , 5596 
0x1C1C , 2579 
0x5A5A , 4765 
0x6E6E , 7742 

14:42:30.272:
0x2020 , 6449 
0x3E3E , 5656 
0x1C1C , 2511 
14:42:30.288:

0x5A5A , 4493 
0x6E6E , 7772 

14:42:30.874:
0x
14:42:30.889:
2020 , 6527 
0x3E3E , 5865 
0x1C1C , 2899 
0x5A5A , 4340 
0x6E6E , 7601 

14:42:31.491:
0x2020 , 6629 
0x3E3E , 5920 
0x1C1C , 3095 
0x5A5A , 4202 
0x6E6E , 7565 

14:42:32.107:
0x2020 , 6716 
0x3E3E , 6083 
0x1C1C , 3164 
0x5A5A , 3930 
0x6E6E , 7389 

14:42:32.646:
0x2020 , 6823 
0x3E3E , 6241 
0x
14:42:32.661:
1C1C , 3123 
0x5A5A , 3868 
0x6E6E , 7334 

14:42:33.231:
0x2020 , 6813 
0x3E3E , 6380 
0x1C1C , 3296 
0x5A5A , 3729 
0x6E6E , 7208 

14:42:33.795:
0x2020 , 6881 
0x3E3E , 6570 
0x1C1C , 3374 
0x5A5A , 3534 
0x6E6E , 7137 

14:42:34.380:
0x2020 , 6968 
0x3E3E , 6677 
0x1C1C , 3611 
0x5A5A , 3305 
0x6E6E , 7021 

14:42:34.933:
0x2020 , 7075 
0x3E3E , 6769 
0x1C1C , 3794 
14:42:34.949:

0x5A5A , 3109 
0x6E6E , 6885 

14:42:35.534:
0x2020 , 7094 
0x3E3E , 6867 
0x1C1C , 3913 
0x5A5A , 3758 
0x6E6E , 6810 

14:42:36.113:
0x2020 , 7119 
0x3E3E , 6909 
0x1C1C , 3871 
0x5A5A , 3677 
0x6E6E , 6709 

14:42:36.714:
0x2020 , 7201 
0x3E3E , 7006 
0x1C1C , -159 
0x5A5A , 3333 
0x6E6E , 6563 

14:42:37.701:
0x2020 , -291 
0x3E3E , -218 
0x1C1C , 4150 
0x5A5A , -339 
0x6E6E , -796 

14:42:38.455:
0x2
14:42:38.486:
020 , 7196 
0x3E3E , 7192 
0x1C1C , 4305 
0x5A5A , -339 
0x6E6E , -796 

14:42:39.156:
0x2020 , 7187 
0x3E3E , 7387 
0x1C1C , 4419
14:42:39.171:
 
0x5A5A , 2866 
0x6E6E , -796 

14:42:39.773:
0x2020 , 7216 
0x3E3E , 7438 
0x1C1C , 4396 
0x5A5A , 2790 
0x6E6E , 5963 

14:42:40.321:
0x2020 , 7250 
0x3E3E , 7530 
0x1C1
14:42:40.342:
C , 4447 
0x5A5A , 2804 
0x6E6E , 5737 

14:42:40.906:
0x2020 , 7167 
0x3E3E , 7646 
0x1C1C , 4511 
0x5A5A , 2899 
0x6E6E , 5999 

14:42:41.476:
0x2020 , 7313 
0x3E3E , 7725 
0x1C1C , 4593 
0x5A5A , 2413 
0x6E6E , 5379 

14:42:42.045:
0x2020 , 7308 
0x3E3E , 7800 
0x1C1C , 4985 
0x5A5A , 2446 
0x6E6E , 5198 

14:42:42.609:
0x2020 , 7240 
0x3E3E , 7865 

14:42:42.624:
0x1C1C , 5584 
0x5A5A , 2298 
0x6E6E , 5681 

14:42:43.210:
0x2020 , 7298 
0x3E3E , 7981 
0x1C1C , 5620 
0x5A5A , 2127 
0x6E6E , 4815 

14:42:43.795:
0x2020 , 7124 
0x3E3E , 8036 
0x1C1C , 5730 
0x5A5A , 2003 
0x6E6E , 4669 

14:42:44.381:
0x2020 , 7167 
0x3E3E , 8162 
0x1C1C , 5816 
0x5A5A , 1969 
0x6E6E , 4649 

14:42:44.966:
0x2020 , 7187 
0x3E3E , 8240 
0x1C1C , 5944
14:42:44.981:
 
0x5A5A , 1941 
0x6E6E , 4417 

14:42:45.568:
0x2020 , 7148 
0x3E3E , 8454 
0x1C1C , 6122 
0x5A5A , 1941 
0x6E6E , 4795 

14:42:46.168:
0x2020 , 7235 
0x3E3E , 8751 
0x1C1C , 6177 
0x5A5A , 2103 
0x6E6E , 4800 

14:42:46.785:
0x2020 , 6828 
0x3E3E , 8445 
0x1C1C , 6172 
0x5A5A , 2360 
0x6E6E , 4326 

14:42:47.316:
0x2020 , 7148 
0x3E3E , 8505 
0
14:42:47.332:
x1C1C , 6319 
0x5A5A , 2351 
0x6E6E , 4382 

14:42:49.034:
0x2020 , 6682 
0x3E3E , 9294 
0x1
14:42:49.056:
C1C , 6474 
0x5A5A , 2780 
0x6E6E , 3792 

14:42:49.604:
0x2020 , 6517 
0x3E3E , 8728 
0x1C1C , 6583 
0
14:42:49.619:
x5A5A , 2804 
0x6E6E , 3495 

14:42:50.189:
0x2020 , 6479 
0x3E3E , 8816 
0
14:42:50.205:
x1C1C , 6766 
0x5A5A , 2918 
0x6E6E , 3339 

14:42:50.790:
0x2020 , 6425 
0x3E3E , 8755 
0x1C1C , 6679 
0x5A5A , 3052 
0x6E6E , 3218 

14:42:51.375:
0x2020 , 6328 
0x3E3E , 8783 
0x1C1C , 6720 
0x5A5A , 3338 
0x6E6E , 3027 

14:42:51.960:
0x2020 , 6236 
0x3E3E , 8598 
0x1C1C , 6971 
0x5A5A , 3520 
0x6E6E , 2810 

14:42:52.539:
0x2020 , 6091 
0x3E3E , 8635 
0x1C1C , 70
14:42:52.560:
76 
0x5A5A , 3562 
0x6E6E , 2744 

14:42:53.159:
0x2020 , 5955 
0x3E3E , 8588 
0x1C1C , 7063 
0x5A5A , 3763 
0x6E6E , 2629 

14:42:53.761:
0x2020 , 5882 
0x3E3E , 8547 
0x1C1C , 7236 
0x5A5A , 3830 
0x6E6E , 2528 

14:42:54.363:
0x2020 , 5683 
0x3E3E , 8547 
0x1C1C , 7277 
0x5A5A , 3977 
0x6E6E , 2482 

14:42:54.895:
0x2020 , 5518 
0x3E3E , 8528 

14:42:54.911:
0x1C1C , 7218 
0x5A5A , 4178 
0x6E6E , 2437 

14:42:55.480:
0x2020 , 5475 
0x3E3E , 8449 
0x1C1C , 7250 
0x5A5A , 4230 
0x6E6E , 2417 

14:42:56.064:
0x2020 , 5329 
0x3E3E , 8356 
0x1C1C , 7296 
0x5A5A , 4340 
0x6E6E , 2654 

14:42:56.629:
0x2020 , 5184 
0x3E3E , 8254 
0x1C1C , 7346 
0x5A5A , 4516 
0x6E6E , 2855 

14:42:57.198:
0x2020 , 4956 
0x3E3E , 8050 
0x1C1C ,
14:42:57.214:
 7300 
0x5A5A , 4683 
0x6E6E , 2916 

14:42:57.784:
0x2020 , 4873 
0x3E3E , 8018 
0x1C1C , 7401 
0x5A5A , 4779 
0x6E6E , 3072 

14:42:58.369:
0x2020 , 4689 
0x3E3E , 7971 
0x1C1C , 7305 
0x5A5A , 4960 
0x6E6E , 3198 

14:42:58.971:
0x2020 , 4582 
0x3E3E , 7855 
0x1C1C , 7401 
0x5A5A , 5046 
0x6E6E , 3183 

14:42:59.534:
0x2020 , 4364 
0x3E3E , 7776 
0x1C1C , 7341 

14:42:59.550:
0x5A5A , 5199 
0x6E6E , 3283 

14:43:00.135:
0x2020 , 4
14:43:00.151:
238 
0x3E3E , 7716 
0x1C1C , 7282 
0x5A5A , 5342 
0x6E6E , 3550 

14:43:00.752:
0x2020 , 4049 
0x3E3E , 7619 
0x1C1C , -159 
0x5A5A , 5599 
0x6E6E , 3752 

14:43:01.707:
0x2020 , -291 
0x3E3E , -218 
0x1C1C , 7159 
0x5A5A , -339 
0x6E6E , -796 

14:43:02.440:
0x2020 , 3661 
0x3E3E , 7354 

14:43:02.455:
0x1C1C , 7200 
0x5A5A , -339 
0x6E6E , -796 

14:43:03.094:
0x2020 , 3409 
0x3E3E , 7289 
0x1C1C
14:43:03.109:
 , 7200 
0x5A5A , 6148 
0x6E6E , -796 

14:43:03.678:
0x2020 , 3297 
0x3E3E , 7127 
0x1C1C , 7241 
0x5A5A , 6277 
0x6E6E , 4175 

14:43:04.258:
0x2020 , 3224 
0x3E3E , 7034 
0x1C1C , 7204 
0x5A5A , 6372 
0x6E6E , 4276 

14:43:04.811:
0x2020 , 3055 
0x3E3E , 6932 
0x1C1C , 72
14:43:04.826:
23 
0x5A5A , 6382 
0x6E6E , 4467 

14:43:05.412:
0x2020 , 2822 
0x3E3E , 6807 
0x1C1C , 7186 
0x5A5A , 6458 
0x6E6E , 4563 

14:43:12.054:
0x2020 , 1721 
0x3E3E , 4667 
0x1C1C , 6150 
0x5A5A , 7231 
0x6E6E , 6185 

14:43:12.624:
0x2020 , 1992 
0x3E3E , 4779 
0x1C1C , 6017 
14:43:12.640:

0x5A5A , 7293 
0x6E6E , 6371 

14:43:13.241:
0x2020 , 1959 
0x3E3E , 4988 
0x1C1C , 5839 
0x5A5A , 7293 
0x6E6E , 6538 

14:43:13.841:
0x2020 , 1842 
0x3E3E , 4765 
0x1C1C , 5620 
0x5A5A , 7254 
0x6E6E , 6694 

14:43:14.458:
0x2020 , 2395 
0x3E3E , 4074 
0x1C1C , 5506 
0x5A5A , 7240 
0x6E6E , 6920 

14:43:14.996:
0x2020 , 2342 
0x3E3E , 4473 
0x1
14:43:15.011:
C1C , 5305 
0x5A5A , 7226 
0x6E6E , 7016 

14:43:15.575:
0x2020 , 2400 
0x3E3E , 4171 
0x1C1C , 5278 
0x5A5A , 7379 
0x6E6E , 7208 

14:43:16.144:
0x2020 , 2541 
0x3E3E , 3995 
0x1C1C , 5031 
0x5A5A , 7345 
0x6E6E , 7364 

14:43:16.729:
0x2020 , 2870 
0x3E3E , 3702 
0x1C1C , 4894 
0x5A5A , 7350 
0x6E6E , 7515 

14:43:17.277:
0x2020 , 2730 
0x3E3E , 3675 
0x1C1
14:43:17.299:
C , 4743 
0x5A5A , 7350 
0x6E6E , 7550 

14:43:17.878:
0x2020 , 2841 
0x3E3E , 3600 
0x1C1C , 4606 
0x5A5A , 7202 
0x6E6E , 7661 

14:43:18.478:
0x2020 , 3190 
0x3E3E , 3549 
0x1C1C , 4456 
0x5A5A , 7154 
0x6E6E , 7782 

14:43:19.063:
0x2020 , 3607 
0x3E3E , 3494 
0x1C1C , 4501 
0x5A5A , 6992 
0x6E6E , 7988 

14:43:19.633:
0x2020 , 3898 
0x3E3E , 3442 
0x1C1C , 455
14:43:19.648:
2 
0x5A5A , 6983 
0x6E6E , 8059 

14:43:20.249:
0x2020 , 3903 
0x3E3E , 3415 
0x1C1C , 3903 
0x5A5A , 6854 
0x6E6E , 8134 

14:43:20.851:
0x2020 , 4160 
0x3E3E , 3456 
0x1C1C , 4072 
0x5A5A , 6730 
0x6E6E , 8245 

14:43:21.451:
0x2020 , 4131 
0x3E3E , 3577 
0x1C1C , 3849 
0x5A5A , 6658 
0x6E6E , 8235 

14:43:22.005:
0x2020 , 4403 
0x3E3E , 3758 
0
14:43:22.021:
x1C1C , 3716 
0x5A5A , 6572 
0x6E6E , 8220 

14:43:22.584:
0x2020 , 4490 
0x3E3E , 3869 
0x1C1C , 3383 
0x5A5A , 6515 
0x6E6E , 8265 

14:43:23.154:
0x2020 , 4631 
0x3E3E , 4009 
0x1C1C , 3305 
0x5A5A , 6477 
0x6E6E , 8356 

14:43:23.725:
0x2020 , 4781 
0x3E3E , 4143 
0x1C1C , 3145 
0x5A5A , 6420 
0x6E6E , 8296 

14:43:24.288:
0x2020 , 4975 
0x3E3E , 4004 
0x1C1C 
14:43:24.310:
, 2830 
0x5A5A , 6348 
0x6E6E , 8240 

14:43:24.890:
0x2020 , 5116 
0x3E3E , 4255 
0x1C1C , 2712 
0x5A5A , 6153 
0x6E6E , 8276 

14:43:25.475:
0x2020 , 5164 
0x3E3E , 4278 
0x1C1C , 2493 
0x5A5A , 5933 
0x6E6E , 8734 

14:43:26.060:
0x2020 , 5426 
0x3E3E , 4357 
0x1C1C , 2292 
0x5A5A , 5847 
0x6E6E , 8225 

14:43:26.645:
0x2020 , 5572 
0x3E3E , 4709 
0x1C1C , -159 
0
14:43:26.661:
x5A5A , 5633 
0x6E6E , 8155 

14:43:27.614:
0x2020 , -291 
0x3E3E , -218 
0x1C1C , 1954 
0x5A5A , -339 
0x6E6E , -796 

14:43:28.378:
0x2020 , 5998 
0x3E3E , 5391 
0x1C1C , 1945 
0x5A5A , -339 
0x6E6E , -796 

14:43:29.063:
0x2020 , 6173 

14:43:29.079:
0x3E3E , 5716 
0x1C1C , 2273 
0x5A5A , 4903 
0x6E6E , -796 

14:43:29.616:
0x2020 , 6416 
0x3E3E , 5294 
0x1C1C , 2420 
0x5A
14:43:29.632:
5A , 4707 
0x6E6E , 7757 

14:43:30.180:
0
14:43:30.213:
x2020 , 6357 
0x3E3E , 5517 
0x1C1C , 2767 
0x5A5A , 4364 
0x6E6E , 7721 

14:43:30.780:
0x2020 , 6440 
0x3E3E , 5651 
0x1C1C , 2858 
0x5A5A , 4879 
0x6E6E , 7515 

14:43:31.350:
0x2020 , 6474 
0x3E3E , 5637 
0x1C1C , 2967 
0x5A5A , 4712 
0x6E6E , 7349 

14:43:31.916:
0x2020 , 6377 
0x3E3E , 5637 

14:43:31.919:
0x1C1C , 3063 
0x5A5A , 4722 
0x6E6E , 7570 

14:43:32.517:
0x2020 , 6212 
0x3E3E , 5637 
0x1C1C , 3091 
0x5A5A , 4335 
0x6E6E , 7399 

14:43:33.098:
0x2020 , 6163 
0x3E3E , 6009 
0x1C1C , -159 
0x5A5A , 4273 
0x6E6E , 7253 

14:43:34.037:
0x2020 , -291 
0x3E3E , -218 
0x1C1C , 3219 
0x5A5A , -339 
0x6E6E , -796 

14:43:34.785:
0x2020 , 5407 
0x3E3E , 5893 

14:43:34.801:
0x1C1C , 3387 
0x5A5A , -339 
0x6E6E , -796 

14:43:35.471:
0x2020 , 5256 
0x3E3E , 5679 
0x1C1C , 3497 

14:43:35.486:
0x5A5A , 4321 
0x6E6E , -796 

14:43:36.087:
0x2020 , 4956 
0x3E3E , 5419 
0x1C1C , 3693 
0x5A5A , 4388 
0x6E6E , 6467 

14:43:36.703:
0x2020 , 4854 
0x3E3E , 5670 
0x1C1C , 3844 
0x5A5A , 4474 
0x6E6E , 6397 

14:43:37.242:
0x2020 , 5315 
0x3E3E , 5753 
0
14:43:37.257:
x1C1C , 4004 
0x5A5A , 4607 
0x6E6E , 6185 

14:43:37.827:
0x2020 , 5193 
0x3E3E , 6380 
0x1C1C , 4209 
0x5A5A , 4679 
0x6E6E , 6200 

14:43:38.390:
0x2020 , 4985 
0x3E3E , 6431 
0x1C1C , 4328 
0x5A5A , 4702 
0x6E6E , 5732 

14:43:38.976:
0x2020 , 4922 
0x3E3E , 5628 
0x1C1C , 4543 
0x5A5A , 4750 
0x6E6E , 5842 

14:43:39.530:
0x2020 , 4834 
0x3E3E , 5957 
0x1C1C , 474
14:43:39.546:
3 
0x5A5A , 4855 
0x6E6E , 5752 

14:43:40.130:
0x2020 , 4796 
0x3E3E , 6018 
0x1C1C , 4789 
0x5A5A , 4817 
0x6E6E , 5742 

14:43:40.724:
0x2020 , 4767 
0x3E3E , 5976 
0x1C1C , 4721 
0x5A5A , 4788 
0x6E6E , 5641 

14:43:41.310:
0x2020 , 4461 
0x3E3E , 5874 
0x1C1C , 4753 
0x5A5A , 4774 
0x6E6E , 5444 

14:43:41.879:
0x2020 , 4311 
0x3E3E , 6013 
0x1C1C , 47
14:43:41.894:
25 
0x5A5A , 4736 
0x6E6E , 5329 

14:43:42.495:
0x2020 , 4262 
0x3E3E , 6565 
0x1C1C , 4940 
0x5A5A , 4822 
0x6E6E , 5419 

14:43:43.096:
0x2020 , 4277 
0x3E3E , 5930 
0x1C1C , 4876 
0x5A5A , 4769 
0x6E6E , 5434 

14:43:43.696:
0x2020 , 4267 
0x3E3E , 6301 
0x1C1C , -159 
0x5A5A , 5075 
0x6E6E , 5283 

14:43:44.598:
0x2020 , -291 
0x3E3E , -218 

14:43:44.613:
0x1C1C , -159 
0x5A5A , -339 
0x6E6E , -796 

14:43:45.435:
0x2020 , 4233 
0x3E3E , 5944 
0
14:43:45.436:
x1C1C , -159 
0x5A5A , -339 
0x6E6E , -796 

14:43:46.085:
0x2020 , 4277 
14:43:46.101:

0x3E3E , 5967 
0x1C1C , 4721 
0x5A5A , 4974 
0x6E6E , -796 

14:43:46.686:
0x2020 , 4306 
0x3E3E , 5920 
0x1C1C , 4666 
0x5A5A , 4784 
0x6E6E , 5842 

14:43:47.240:
0x2020 , 4316 
0x3E3E , 5869 
0x1C1C , 4657 
0x
14:43:47.256:
5A5A , 4936 
0x6E6E , -796 

14:43:48.188:
0x2020 , -291 
0x3E3E , -218 
0x1C1C , -159 
0x5A5A , -339 
0x6E6E , 5288 

14:43:48.841:
0x2020 , 4291 
0x3E3E , 5897 
0x1C1C ,
14:43:48.857:
 4657 
0x5A5A , -339 
0x6E6E , 5379 

14:43:49.442:
0x2020 , 4277 
0x3E3E , 5948 
0x1C1C , 4680 
0x5A5A , 4807
14:43:49.458:
 
0x6E6E , 5424 

14:43:50.022:
0x2020 , 4291 
0x3E3E , 5925 
0x1C1C , 4638 

14:43:50.044:
0x5A5A , 4889 
0x6E6E , 5389 

14:43:50.622:
0x2020 
14:43:50.644:
, 4286 
0x3E3E , 5930 
0x1C1C , 4680 
0x5A5A , 5027 
0x6E6E , 5329 
