0x2020 , 4243 
0x3E3E , 5902 
0x1C1C , 4702 
0x5A5A , 4993 
0x6E6E , 5530 
0x2020 , 4257 
0x3E3E , 5897 
0x1C1C , 4716 
0x5A5A , 5132 
0x6E6E , 5510 
0x2020 , 4272 
0x3E3E , 5883 
0x1C1C , 4698 
0x5A5A , 5117 
0x6E6E , 5586 
0x2020 , 4277 
0x3E3E , 6018 
0x1C1C , 4757 
0x5A5A , 5070 
0x6E6E , 5223 
0x2020 , 4272 
0x3E3E , 5967 
0x1C1C , 4748 
0x5A5A , 4874 
0x6E6E , 5470 
0x2020 , 4243 
0x3E3E , 5893 
0x1C1C , 4730 
0x5A5A , 5075 
0x6E6E , 5349 
0x2020 , 4345 
0x3E3E , 5939 
0x1C1C , 4721 
0x5A5A , 4760 
0x6E6E , 5273 
0x2020 , -291 
0x3E3E , 5916 
0x1C1C , 4698 
0x5A5A , 4912 
0x6E6E , 5308 
0x2020 , 4252 
0x3E3E , 6176 
0x1C1C , 4794 
0x5A5A , 4850 
0x6E6E , 5288 
0x2020 , 4233 
0x3E3E , 5855 
0x1C1C , 4908 
0x5A5A , 4798 
0x6E6E , 5319 
0x2020 , 4286 
0x3E3E , 5841 
0x1C1C , 4981 
0x5A5A , 4745 
0x6E6E , 5263 
0x2020 , 4248 
0x3E3E , 6092 
0x1C1C , 4725 
0x5A5A , 4836 
0x6E6E , 5273 
0x2020 , 4335 
0x3E3E , 5855 
0x1C1C , 4985 
0x5A5A , 5027 
0x6E6E , 5278 
0x2020 , 4282 
0x3E3E , 5832 
0x1C1C , 5008 
0x5A5A , 5084 
0x6E6E , 5303 
0x2020 , 4252 
0x3E3E , 5851 
0x1C1C , 4985 
0x5A5A , 4955 
0x6E6E , 5283 
0x2020 , 4267 
0x3E3E , 5893 
0x1C1C , 4935 
0x5A5A , 4712 
0x6E6E , 5339 
0x2020 , 4257 
0x3E3E , 5804 
0x1C1C , 4949 
0x5A5A , 4955 
0x6E6E , 5334 
0x2020 , 4228 
0x3E3E , 6231 
0x1C1C , 4953 
0x5A5A , 4765 
0x6E6E , 5394 
0x2020 , 4180 
0x3E3E , 5883 
0x1C1C , 5004 
0x5A5A , 4774 
0x6E6E , 5873 
0x2020 , 4189 
0x3E3E , 5893 
0x1C1C , 4949 
0x5A5A , 4965 
0x6E6E , 5374 
0x2020 , 4122 
0x3E3E , 5832 
0x1C1C , 5086 
0x5A5A , 5027 
0x6E6E , 5510 
0x2020 , 4029 
0x3E3E , 6018 
0x1C1C , 5136 
0x5A5A , 5222 
0x6E6E , 5903 
0x2020 , 3995 
0x3E3E , 5990 
0x1C1C , 5209 
0x5A5A , 4860 
0x6E6E , 6024 
0x2020 , 3845 
0x3E3E , 6120 
0x1C1C , 5259 
0x5A5A , 5351 
0x6E6E , 5394 
0x2020 , 3685 
0x3E3E , 5944 
0x1C1C , 5474 
0x5A5A , 5413 
0x6E6E , 5354 
0x2020 , 3559 
0x3E3E , 5934 
0x1C1C , 5515 
0x5A5A , 5475 
0x6E6E , 5369 
0x2020 , 3447 
0x3E3E , 5860 
0x1C1C , 5679 
0x5A5A , 5428 
0x6E6E , 5319 
0x2020 , 3312 
0x3E3E , 5985 
0x1C1C , 5711 
0x5A5A , -339 
0x6E6E , 5314 
0x2020 , 3239 
0x3E3E , 6013 
0x1C1C , 5862 
0x5A5A , -339 
0x6E6E , 5319 
0x2020 , 3152 
0x3E3E , 5962 
0x1C1C , 6031 
0x5A5A , 6162 
0x6E6E , 5263 
0x2020 , 3001 
0x3E3E , 5995 
0x1C1C , 6182 
0x5A5A , 6372 
0x6E6E , 5208 
0x2020 , 2865 
0x3E3E , 5957 
0x1C1C , 6346 
0x5A5A , 6477 
0x6E6E , 5178 
0x2020 , 2691 
0x3E3E , 5944 
0x1C1C , 6492 
0x5A5A , 6568 
0x6E6E , 5183 
0x2020 , 2623 
0x3E3E , 5957 
0x1C1C , 6524 
0x5A5A , 6553 
0x6E6E , 5198 
0x2020 , 2477 
0x3E3E , 6064 
0x1C1C , 6743 
0x5A5A , 6549 
0x6E6E , 5142 
0x2020 , 2439 
0x3E3E , 6060 
0x1C1C , 6825 
0x5A5A , 6730 
0x6E6E , 5228 
0x2020 , 2366 
0x3E3E , 6036 
0x1C1C , 6679 
0x5A5A , 6820 
0x6E6E , 5263 
0x2020 , 2259 
0x3E3E , 6134 
0x1C1C , 6807 
0x5A5A , 6935 
0x6E6E , 5243 
num_of_tries to send the NodeID: 2
num_of_tries to send the NodeID: 3
num_of_tries to send the NodeID: 4
ACK of Tag receivement from nodeID is missing! 
num_of_tries to send the NodeID: 2
num_of_tries to send the NodeID: 3
num_of_tries to send the NodeID: 4
ACK of Tag receivement from nodeID is missing! 
0x2020 , -291 
0x3E3E , -218 
0x1C1C , -159 
0x5A5A , -339 
0x6E6E , -796 
0x2020 , 2128 
0x3E3E , 4691 
0x1C1C , 5931 
0x5A5A , 7321 
0x6E6E , 6568 
0x2020 , 2056 
0x3E3E , 4487 
0x1C1C , 5784 
0x5A5A , 7407 
0x6E6E , 6588 
0x2020 , 2109 
0x3E3E , 4584 
0x1C1C , 5652 
0x5A5A , 7479 
0x6E6E , 6820 
0x2020 , 2089 
0x3E3E , 4473 
0x1C1C , -159 
0x5A5A , 7455 
0x6E6E , 6941 
0x2020 , 2347 
0x3E3E , 3907 
0x1C1C , 5227 
0x5A5A , -339 
0x6E6E , -796 
0x2020 , 2400 
0x3E3E , 3749 
0x1C1C , 5058 
0x5A5A , 7436 
0x6E6E , 7520 
0x2020 , 2744 
0x3E3E , 3582 
0x1C1C , 4835 
0x5A5A , 7450 
0x6E6E , 7595 
0x2020 , 2671 
0x3E3E , 3855 
0x1C1C , 4579 
0x5A5A , 7340 
0x6E6E , 7641 
0x2020 , 2928 
0x3E3E , 3614 
0x1C1C , 4470 
0x5A5A , 7302 
0x6E6E , -796 
0x2020 , -291 
0x3E3E , -218 
0x1C1C , -159 
0x5A5A , -339 
0x6E6E , 7817 
0x2020 , 3224 
0x3E3E , 3633 
0x1C1C , 4008 
0x5A5A , -339 
0x6E6E , 7908 
0x2020 , 3326 
0x3E3E , 3503 
0x1C1C , 3899 
0x5A5A , 6902 
0x6E6E , 8039 
0x2020 , 4083 
0x3E3E , 3424 
0x1C1C , 3826 
0x5A5A , 6735 
0x6E6E , 8059 
0x2020 , 4141 
0x3E3E , 3670 
0x1C1C , 3543 
0x5A5A , 6663 
0x6E6E , 8054 
0x2020 , 4185 
0x3E3E , 3628 
0x1C1C , 3383 
0x5A5A , 6525 
0x6E6E , 8190 
0x2020 , 4316 
0x3E3E , 3777 
0x1C1C , 3009 
0x5A5A , 6487 
0x6E6E , 8205 
0x2020 , 4573 
0x3E3E , 3907 
0x1C1C , 3045 
0x5A5A , 6439 
0x6E6E , 8180 
0x2020 , 4660 
0x3E3E , 3958 
0x1C1C , 3351 
0x5A5A , 6291 
0x6E6E , 8225 
0x2020 , 4767 
0x3E3E , 3828 
0x1C1C , 3200 
0x5A5A , 6300 
0x6E6E , 8150 
0x2020 , 4878 
0x3E3E , 4343 
0x1C1C , 3095 
0x5A5A , 6248 
0x6E6E , 8215 
0x2020 , 5033 
0x3E3E , 4199 
0x1C1C , 2776 
0x5A5A , 6048 
0x6E6E , 8129 
0x2020 , 5184 
0x3E3E , 4250 
0x1C1C , 2739 
0x5A5A , 5823 
0x6E6E , 8195 
0x2020 , 5344 
0x3E3E , 4366 
0x1C1C , 2310 
0x5A5A , 5728 
0x6E6E , 8014 
0x2020 , 5455 
0x3E3E , 4621 
0x1C1C , 2278 
0x5A5A , 5571 
0x6E6E , 8024 
0x2020 , 5576 
0x3E3E , 4732 
0x1C1C , 2210 
0x5A5A , 5437 
0x6E6E , 8215 
0x2020 , 5659 
0x3E3E , 4742 
0x1C1C , 2150 
0x5A5A , 5423 
0x6E6E , 8124 
0x2020 , 5863 
0x3E3E , 5071 
0x1C1C , 2082 
0x5A5A , 5304 
0x6E6E , 7862 
0x2020 , 5843 
0x3E3E , 5308 
0x1C1C , 2127 
0x5A5A , 5098 
0x6E6E , 7928 
0x2020 , 6023 
0x3E3E , 5619 
0x1C1C , 2347 
0x5A5A , 5036 
0x6E6E , 7978 
0x2020 , 6188 
0x3E3E , 5698 
0x1C1C , 2442 
0x5A5A , 4884 
0x6E6E , 7938 
0x2020 , 6362 
0x3E3E , 5596 
0x1C1C , 2579 
0x5A5A , 4765 
0x6E6E , 7742 
0x2020 , 6449 
0x3E3E , 5656 
0x1C1C , 2511 
0x5A5A , 4493 
0x6E6E , 7772 
0x2020 , 6527 
0x3E3E , 5865 
0x1C1C , 2899 
0x5A5A , 4340 
0x6E6E , 7601 
0x2020 , 6629 
0x3E3E , 5920 
0x1C1C , 3095 
0x5A5A , 4202 
0x6E6E , 7565 
0x2020 , 6716 
0x3E3E , 6083 
0x1C1C , 3164 
0x5A5A , 3930 
0x6E6E , 7389 
0x2020 , 6823 
0x3E3E , 6241 
0x1C1C , 3123 
0x5A5A , 3868 
0x6E6E , 7334 
0x2020 , 6813 
0x3E3E , 6380 
0x1C1C , 3296 
0x5A5A , 3729 
0x6E6E , 7208 
0x2020 , 6881 
0x3E3E , 6570 
0x1C1C , 3374 
0x5A5A , 3534 
0x6E6E , 7137 
0x2020 , 6968 
0x3E3E , 6677 
0x1C1C , 3611 
0x5A5A , 3305 
0x6E6E , 7021 
0x2020 , 7075 
0x3E3E , 6769 
0x1C1C , 3794 
0x5A5A , 3109 
0x6E6E , 6885 
0x2020 , 7094 
0x3E3E , 6867 
0x1C1C , 3913 
0x5A5A , 3758 
0x6E6E , 6810 
0x2020 , 7119 
0x3E3E , 6909 
0x1C1C , 3871 
0x5A5A , 3677 
0x6E6E , 6709 
0x2020 , 7201 
0x3E3E , 7006 
0x1C1C , -159 
0x5A5A , 3333 
0x6E6E , 6563 
0x2020 , -291 
0x3E3E , -218 
0x1C1C , 4150 
0x5A5A , -339 
0x6E6E , -796 
0x2020 , 7196 
0x3E3E , 7192 
0x1C1C , 4305 
0x5A5A , -339 
0x6E6E , -796 
0x2020 , 7187 
0x3E3E , 7387 
0x1C1C , 4419 
0x5A5A , 2866 
0x6E6E , -796 
0x2020 , 7216 
0x3E3E , 7438 
0x1C1C , 4396 
0x5A5A , 2790 
0x6E6E , 5963 
0x2020 , 7250 
0x3E3E , 7530 
0x1C1C , 4447 
0x5A5A , 2804 
0x6E6E , 5737 
0x2020 , 7167 
0x3E3E , 7646 
0x1C1C , 4511 
0x5A5A , 2899 
0x6E6E , 5999 
0x2020 , 7313 
0x3E3E , 7725 
0x1C1C , 4593 
0x5A5A , 2413 
0x6E6E , 5379 
0x2020 , 7308 
0x3E3E , 7800 
0x1C1C , 4985 
0x5A5A , 2446 
0x6E6E , 5198 
0x2020 , 7240 
0x3E3E , 7865 
0x1C1C , 5584 
0x5A5A , 2298 
0x6E6E , 5681 
0x2020 , 7298 
0x3E3E , 7981 
0x1C1C , 5620 
0x5A5A , 2127 
0x6E6E , 4815 
0x2020 , 7124 
0x3E3E , 8036 
0x1C1C , 5730 
0x5A5A , 2003 
0x6E6E , 4669 
0x2020 , 7167 
0x3E3E , 8162 
0x1C1C , 5816 
0x5A5A , 1969 
0x6E6E , 4649 
0x2020 , 7187 
0x3E3E , 8240 
0x1C1C , 5944 
0x5A5A , 1941 
0x6E6E , 4417 
0x2020 , 7148 
0x3E3E , 8454 
0x1C1C , 6122 
0x5A5A , 1941 
0x6E6E , 4795 
0x2020 , 7235 
0x3E3E , 8751 
0x1C1C , 6177 
0x5A5A , 2103 
0x6E6E , 4800 
0x2020 , 6828 
0x3E3E , 8445 
0x1C1C , 6172 
0x5A5A , 2360 
0x6E6E , 4326 
0x2020 , 7148 
0x3E3E , 8505 
0x1C1C , 6319 
0x5A5A , 2351 
0x6E6E , 4382 
0x2020 , 6682 
0x3E3E , 9294 
0x1C1C , 6474 
0x5A5A , 2780 
0x6E6E , 3792 
0x2020 , 6517 
0x3E3E , 8728 
0x1C1C , 6583 
0x5A5A , 2804 
0x6E6E , 3495 
0x2020 , 6479 
0x3E3E , 8816 
0x1C1C , 6766 
0x5A5A , 2918 
0x6E6E , 3339 
0x2020 , 6425 
0x3E3E , 8755 
0x1C1C , 6679 
0x5A5A , 3052 
0x6E6E , 3218 
0x2020 , 6328 
0x3E3E , 8783 
0x1C1C , 6720 
0x5A5A , 3338 
0x6E6E , 3027 
0x2020 , 6236 
0x3E3E , 8598 
0x1C1C , 6971 
0x5A5A , 3520 
0x6E6E , 2810 
0x2020 , 6091 
0x3E3E , 8635 
0x1C1C , 7076 
0x5A5A , 3562 
0x6E6E , 2744 
0x2020 , 5955 
0x3E3E , 8588 
0x1C1C , 7063 
0x5A5A , 3763 
0x6E6E , 2629 
0x2020 , 5882 
0x3E3E , 8547 
0x1C1C , 7236 
0x5A5A , 3830 
0x6E6E , 2528 
0x2020 , 5683 
0x3E3E , 8547 
0x1C1C , 7277 
0x5A5A , 3977 
0x6E6E , 2482 
0x2020 , 5518 
0x3E3E , 8528 
0x1C1C , 7218 
0x5A5A , 4178 
0x6E6E , 2437 
0x2020 , 5475 
0x3E3E , 8449 
0x1C1C , 7250 
0x5A5A , 4230 
0x6E6E , 2417 
0x2020 , 5329 
0x3E3E , 8356 
0x1C1C , 7296 
0x5A5A , 4340 
0x6E6E , 2654 
0x2020 , 5184 
0x3E3E , 8254 
0x1C1C , 7346 
0x5A5A , 4516 
0x6E6E , 2855 
0x2020 , 4956 
0x3E3E , 8050 
0x1C1C , 7300 
0x5A5A , 4683 
0x6E6E , 2916 
0x2020 , 4873 
0x3E3E , 8018 
0x1C1C , 7401 
0x5A5A , 4779 
0x6E6E , 3072 
0x2020 , 4689 
0x3E3E , 7971 
0x1C1C , 7305 
0x5A5A , 4960 
0x6E6E , 3198 
0x2020 , 4582 
0x3E3E , 7855 
0x1C1C , 7401 
0x5A5A , 5046 
0x6E6E , 3183 
0x2020 , 4364 
0x3E3E , 7776 
0x1C1C , 7341 
0x5A5A , 5199 
0x6E6E , 3283 
0x2020 , 4238 
0x3E3E , 7716 
0x1C1C , 7282 
0x5A5A , 5342 
0x6E6E , 3550 
0x2020 , 4049 
0x3E3E , 7619 
0x1C1C , -159 
0x5A5A , 5599 
0x6E6E , 3752 
0x2020 , -291 
0x3E3E , -218 
0x1C1C , 7159 
0x5A5A , -339 
0x6E6E , -796 
0x2020 , 3661 
0x3E3E , 7354 
0x1C1C , 7200 
0x5A5A , -339 
0x6E6E , -796 
0x2020 , 3409 
0x3E3E , 7289 
0x1C1C , 7200 
0x5A5A , 6148 
0x6E6E , -796 
0x2020 , 3297 
0x3E3E , 7127 
0x1C1C , 7241 
0x5A5A , 6277 
0x6E6E , 4175 
0x2020 , 3224 
0x3E3E , 7034 
0x1C1C , 7204 
0x5A5A , 6372 
0x6E6E , 4276 
0x2020 , 3055 
0x3E3E , 6932 
0x1C1C , 7223 
0x5A5A , 6382 
0x6E6E , 4467 
0x2020 , 2822 
0x3E3E , 6807 
0x1C1C , 7186 
0x5A5A , 6458 
0x6E6E , 4563 
0x2020 , 1721 
0x3E3E , 4667 
0x1C1C , 6150 
0x5A5A , 7231 
0x6E6E , 6185 
0x2020 , 1992 
0x3E3E , 4779 
0x1C1C , 6017 
0x5A5A , 7293 
0x6E6E , 6371 
0x2020 , 1959 
0x3E3E , 4988 
0x1C1C , 5839 
0x5A5A , 7293 
0x6E6E , 6538 
0x2020 , 1842 
0x3E3E , 4765 
0x1C1C , 5620 
0x5A5A , 7254 
0x6E6E , 6694 
0x2020 , 2395 
0x3E3E , 4074 
0x1C1C , 5506 
0x5A5A , 7240 
0x6E6E , 6920 
0x2020 , 2342 
0x3E3E , 4473 
0x1C1C , 5305 
0x5A5A , 7226 
0x6E6E , 7016 
0x2020 , 2400 
0x3E3E , 4171 
0x1C1C , 5278 
0x5A5A , 7379 
0x6E6E , 7208 
0x2020 , 2541 
0x3E3E , 3995 
0x1C1C , 5031 
0x5A5A , 7345 
0x6E6E , 7364 
0x2020 , 2870 
0x3E3E , 3702 
0x1C1C , 4894 
0x5A5A , 7350 
0x6E6E , 7515 
0x2020 , 2730 
0x3E3E , 3675 
0x1C1C , 4743 
0x5A5A , 7350 
0x6E6E , 7550 
0x2020 , 2841 
0x3E3E , 3600 
0x1C1C , 4606 
0x5A5A , 7202 
0x6E6E , 7661 
0x2020 , 3190 
0x3E3E , 3549 
0x1C1C , 4456 
0x5A5A , 7154 
0x6E6E , 7782 
0x2020 , 3607 
0x3E3E , 3494 
0x1C1C , 4501 
0x5A5A , 6992 
0x6E6E , 7988 
0x2020 , 3898 
0x3E3E , 3442 
0x1C1C , 4552 
0x5A5A , 6983 
0x6E6E , 8059 
0x2020 , 3903 
0x3E3E , 3415 
0x1C1C , 3903 
0x5A5A , 6854 
0x6E6E , 8134 
0x2020 , 4160 
0x3E3E , 3456 
0x1C1C , 4072 
0x5A5A , 6730 
0x6E6E , 8245 
0x2020 , 4131 
0x3E3E , 3577 
0x1C1C , 3849 
0x5A5A , 6658 
0x6E6E , 8235 
0x2020 , 4403 
0x3E3E , 3758 
0x1C1C , 3716 
0x5A5A , 6572 
0x6E6E , 8220 
0x2020 , 4490 
0x3E3E , 3869 
0x1C1C , 3383 
0x5A5A , 6515 
0x6E6E , 8265 
0x2020 , 4631 
0x3E3E , 4009 
0x1C1C , 3305 
0x5A5A , 6477 
0x6E6E , 8356 
0x2020 , 4781 
0x3E3E , 4143 
0x1C1C , 3145 
0x5A5A , 6420 
0x6E6E , 8296 
0x2020 , 4975 
0x3E3E , 4004 
0x1C1C , 2830 
0x5A5A , 6348 
0x6E6E , 8240 
0x2020 , 5116 
0x3E3E , 4255 
0x1C1C , 2712 
0x5A5A , 6153 
0x6E6E , 8276 
0x2020 , 5164 
0x3E3E , 4278 
0x1C1C , 2493 
0x5A5A , 5933 
0x6E6E , 8734 
0x2020 , 5426 
0x3E3E , 4357 
0x1C1C , 2292 
0x5A5A , 5847 
0x6E6E , 8225 
0x2020 , 5572 
0x3E3E , 4709 
0x1C1C , -159 
0x5A5A , 5633 
0x6E6E , 8155 
0x2020 , -291 
0x3E3E , -218 
0x1C1C , 1954 
0x5A5A , -339 
0x6E6E , -796 
0x2020 , 5998 
0x3E3E , 5391 
0x1C1C , 1945 
0x5A5A , -339 
0x6E6E , -796 
0x2020 , 6173 
0x3E3E , 5716 
0x1C1C , 2273 
0x5A5A , 4903 
0x6E6E , -796 
0x2020 , 6416 
0x3E3E , 5294 
0x1C1C , 2420 
0x5A5A , 4707 
0x6E6E , 7757 
0x2020 , 6357 
0x3E3E , 5517 
0x1C1C , 2767 
0x5A5A , 4364 
0x6E6E , 7721 
0x2020 , 6440 
0x3E3E , 5651 
0x1C1C , 2858 
0x5A5A , 4879 
0x6E6E , 7515 
0x2020 , 6474 
0x3E3E , 5637 
0x1C1C , 2967 
0x5A5A , 4712 
0x6E6E , 7349 
0x2020 , 6377 
0x3E3E , 5637 
0x1C1C , 3063 
0x5A5A , 4722 
0x6E6E , 7570 
0x2020 , 6212 
0x3E3E , 5637 
0x1C1C , 3091 
0x5A5A , 4335 
0x6E6E , 7399 
0x2020 , 6163 
0x3E3E , 6009 
0x1C1C , -159 
0x5A5A , 4273 
0x6E6E , 7253 
0x2020 , -291 
0x3E3E , -218 
0x1C1C , 3219 
0x5A5A , -339 
0x6E6E , -796 
0x2020 , 5407 
0x3E3E , 5893 
0x1C1C , 3387 
0x5A5A , -339 
0x6E6E , -796 
0x2020 , 5256 
0x3E3E , 5679 
0x1C1C , 3497 
0x5A5A , 4321 
0x6E6E , -796 
0x2020 , 4956 
0x3E3E , 5419 
0x1C1C , 3693 
0x5A5A , 4388 
0x6E6E , 6467 
0x2020 , 4854 
0x3E3E , 5670 
0x1C1C , 3844 
0x5A5A , 4474 
0x6E6E , 6397 
0x2020 , 5315 
0x3E3E , 5753 
0x1C1C , 4004 
0x5A5A , 4607 
0x6E6E , 6185 
0x2020 , 5193 
0x3E3E , 6380 
0x1C1C , 4209 
0x5A5A , 4679 
0x6E6E , 6200 
0x2020 , 4985 
0x3E3E , 6431 
0x1C1C , 4328 
0x5A5A , 4702 
0x6E6E , 5732 
0x2020 , 4922 
0x3E3E , 5628 
0x1C1C , 4543 
0x5A5A , 4750 
0x6E6E , 5842 
0x2020 , 4834 
0x3E3E , 5957 
0x1C1C , 4743 
0x5A5A , 4855 
0x6E6E , 5752 
0x2020 , 4796 
0x3E3E , 6018 
0x1C1C , 4789 
0x5A5A , 4817 
0x6E6E , 5742 
0x2020 , 4767 
0x3E3E , 5976 
0x1C1C , 4721 
0x5A5A , 4788 
0x6E6E , 5641 
0x2020 , 4461 
0x3E3E , 5874 
0x1C1C , 4753 
0x5A5A , 4774 
0x6E6E , 5444 
0x2020 , 4311 
0x3E3E , 6013 
0x1C1C , 4725 
0x5A5A , 4736 
0x6E6E , 5329 
0x2020 , 4262 
0x3E3E , 6565 
0x1C1C , 4940 
0x5A5A , 4822 
0x6E6E , 5419 
0x2020 , 4277 
0x3E3E , 5930 
0x1C1C , 4876 
0x5A5A , 4769 
0x6E6E , 5434 
0x2020 , 4267 
0x3E3E , 6301 
0x1C1C , -159 
0x5A5A , 5075 
0x6E6E , 5283 
0x2020 , -291 
0x3E3E , -218 
0x1C1C , -159 
0x5A5A , -339 
0x6E6E , -796 
0x2020 , 4233 
0x3E3E , 5944 
0x1C1C , -159 
0x5A5A , -339 
0x6E6E , -796 
0x2020 , 4277 
0x3E3E , 5967 
0x1C1C , 4721 
0x5A5A , 4974 
0x6E6E , -796 
0x2020 , 4306 
0x3E3E , 5920 
0x1C1C , 4666 
0x5A5A , 4784 
0x6E6E , 5842 
0x2020 , 4316 
0x3E3E , 5869 
0x1C1C , 4657 
0x5A5A , 4936 
0x6E6E , -796 
0x2020 , -291 
0x3E3E , -218 
0x1C1C , -159 
0x5A5A , -339 
0x6E6E , 5288 
0x2020 , 4291 
0x3E3E , 5897 
0x1C1C , 4657 
0x5A5A , -339 
0x6E6E , 5379 
0x2020 , 4277 
0x3E3E , 5948 
0x1C1C , 4680 
0x5A5A , 4807 
0x6E6E , 5424 
0x2020 , 4291 
0x3E3E , 5925 
0x1C1C , 4638 
0x5A5A , 4889 
0x6E6E , 5389 
0x2020 , 4286 
0x3E3E , 5930 
0x1C1C , 4680 
0x5A5A , 5027 
0x6E6E , 5329 
