14:47:52.843:
0x2020 , 4185 
0x3E3E , 5985 
0x1C1C , 4702 
0x5A5A , 4536 
0x6E6E , 5606 

14:47:53.390:
0x2020 , 4199 
0x3E3E , 5995 
0x1C1
14:47:53.406:
C , 4702 
0x5A5A , 4483 
0x6E6E , 5444 

14:47:53.975:
0x2020 , 4209 
0x3E3E , 5995 
0x1C1C , 4730 
0x5A5A , 4531 
0x6E6E , 5298 

14:47:54.544:
0x2020 , 4199 
0x3E3E , 5999 
0x1C1C , 4666 
0x5A5A , 4550 
0x6E6E , 5455 

14:47:55.114:
0x2020 , 4175 
0x3E3E , 5995 
0x1C1C , 4693 
0x5A5A , 4574 
0x6E6E , 5480 

14:47:55.677:
0x2020 , 4175 
0x3E3E , 5939 
0
14:47:55.693:
x1C1C , 4698 
0x5A5A , 4421 
0x6E6E , 5601 

14:47:56.415:
0x2020 , -291 
0x3
14:47:56.431:
E3E , 5902 
0x1C1C , 4689 
0x5A5A , -339 
0x6E6E , 5298 

14:47:57.032:
0x2020 , 4165 
0x3E3E , 5995 
0x1C1C , -159 
0x5A5A , 4574 
0x6E6E , 5334 

14:47:57.965:
0x2020 , -291 
0x3E3E , -218 
0x1C1C , 4689 
0x5A5A , -339 
0x6E6E , -796 

14:47:58.720:
0x2020 , 4306 
0x3E3E , 5869 
0x1C1C
14:47:58.735:
 , 4730 
0x5A5A , -339 
0x6E6E , -796 

14:47:59.417:
0x2020 , 4374 
0x3E3E , 6445 
0x1C1C , 4812 

14:47:59.421:
0x5A5A , 4884 
0x6E6E , -796 

14:48:00.021:
0x2020 , 4393 
0x3E3E , 5758 
0x1C1C , 5163 
0x5A5A , 4846 
0x6E6E , 5505 

14:48:00.637:
0x2020 , 4408 
0x3E3E , 5883 
0x1C1C , 5036 
0x5A5A , 4922 
0x6E6E , 5560 

14:48:01.169:
0x2020 , 4257 
0x3E3E , 5860 
0x1C1
14:48:01.184:
C , 5008 
0x5A5A , 4850 
0x6E6E , 5550 

14:48:01.754:
0x2020 , 4199 
0x3E3E , 5888 
0x1C1C , 4990 
0x5A5A , 4850 
0x6E6E , 5545 

14:48:02.402:
0x2020 , -291 
0x3E3E , 5902 
0x1C1C , -159 
14:48:02.423:

0x5A5A , 4917 
0x6E6E , 5470 

14:48:03.325:
0x2020 , -291 
0x3E3E , -218 
0x1C1C , 4876 

14:48:03.341:
0x5A5A , -339 
0x6E6E , -796 

14:48:04.073:
0x2020 , 3991 
0x3E3E , 59
14:48:04.088:
71 
0x1C1C , 4922 
0x5A5A , -339 
0x6E6E , -796 

14:48:04.743:
0x2020 , 3865 
0x3E3E , 5916 
0x1C1C
14:48:04.759:
 , 5132 
0x5A5A , 4879 
0x6E6E , -796 

14:48:05.359:
0x2020 , 3690 
0x3E3E , 6050 
0x1C1C , 5255 
0x5A5A , 5337 
0x6E6E , 5213 

14:48:05.945:
0x2020 , 3569 
0x3E3E , 6022 
0x1C1C , 5488 
0x5A5A , 5399 
0x6E6E , 5384 

14:48:06.527:
0x2020 , 3428 
0x3E3E , 5874 
0x1C1C , 5451 
14:48:06.530:

0x5A5A , 5475 
0x6E6E , 5349 

14:48:07.109:
0x
14:48:07.130:
2020 , 3249 
0x3E3E , 5944 
0x1C1C , 5766 
0x5A5A , 5719 
0x6E6E , 5379 

14:48:08.629:
0x2020 , -291 
0x3E3E , -218 

14:48:08.632:
0x1C1C , -159 
0x5A5A , -339 
0x6E6E , -796 

14:48:09.233:
0x2020 , 3098 
0x3E3E , 5990 
0x1C1C , 6058 
0x5A5A ,
14:48:09.248:
 5852 
0x6E6E , 5188 

14:48:09.796:
0x2020 , 3045 
0x3E3E , 6101 
0x1
14:48:09.811:
C1C , 6004 
0x5A5A , 5943 
0x6E6E , 5188 

14:48:10.366:
0x2020 , 3030 
0x3E3E , 6092 
0x1C1C , 6067 
0x5A5A , 6009 
0x6E6E , 5132 

14:48:10.935:
0x2020 , 3021 
0x3E3E , 6009 
0x1C1C , 6036 
0x5A5A , 6024 
0x6E6E , 5152 

14:48:11.515:
0x2020 , 2851 
0x3E3E , 6106 
0x1C1C , 6182 
0x5A5A , 6196 
0x6E6E , 5021 

14:48:12.084:
0x2020 , 2831 
0x3E3E , 6013 
0x1C1C , 6227 
14:48:12.100:

0x5A5A , 6277 
0x6E6E , 5016 

14:48:12.670:
0x2020 , 2744 
0x3E3E , 6050 
0x1C1C , 6328 
0x5A5A , 6367 
0x6E6E , 5172 

14:48:29.413:
0x2020 , -291 
0x3E3E , -218 
0x1C1C , -159 
0x5A5A , -339 
0x6E6E , -796 

14:48:29.983:
0x2020 , 219
14:48:30.015:
6 
0x3E3E , 4092 
0x1C1C , 5698 
0x5A5A , 7192 
0x6E6E , 6628 

14:48:30.584:
0x2020 , 1954 
0x3E3E ,
14:48:30.600:
 4203 
0x1C1C , 5611 
0x5A5A , 7264 
0x6E6E , 6638 

14:48:31.216:
0x2020 , 2123 
0x3E3E , 4357 
0x1C1C , 5520 
0x5A5A , 7588 
0x6E6E , 6759 

14:48:31.817:
0x2020 , 2201 
0x3E3E , 4505 
0x1C1C , 5501 
0x5A5A , 7603 
0x6E6E , 6885 

14:48:32.366:
0x2020 , 2225 
0x3E3E , 4500 
0x1C1C
14:48:32.372:
 , 5360 
0x5A5A , 7455 
0x6E6E , -796 

14:48:33.289:
0x2020 , -291 
0x3E3E , -218 
0x1C1C , -159 
0x5A5A , -339 
0x6E6E , -796 

14:48:34.221:
0x2020 , -291 
0x3E3E , -218 
0x1C1C , -159 
0x5A5A , -339 
0x6E6E , -796 

14:48:34.774:
0x2020 , 2414 
0x3E3E , 4166 
0x1C
14:48:34.790:
1C , 5173 
0x5A5A , 7359 
0x6E6E , 7218 

14:48:35.354:
0x2020 , 2444 
0x
14:48:35.376:
3E3E , 4078 
0x1C1C , 5031 
0x5A5A , 7383 
0x6E6E , 7288 

14:48:35.939:
0x2020 , 2444 
0x3E3E ,
14:48:35.954:
 4152 
0x1C1C , 5004 
0x5A5A , 7278 
0x6E6E , 7429 

14:48:36.540:
0x2020 , 2507 
0x3E3E , 3981 
0x1C1C , 4972 
0x5A5A , 7345 
0x6E6E , 7465 

14:48:37.125:
0x2020 , 2473 
0x3E3E , 3684 
0x1C1C , 4985 
0x5A5A , 7369 
0x6E6E , 7480 

14:48:37.709:
0x2020 , 2647 
0x3E3E , 3619 
0x1C1C 
14:48:37.724:
, 4908 
0x5A5A , 7407 
0x6E6E , 7565 

14:48:38.325:
0x2020 , 2633 
0x3E3E , 3846 
0x1C1C , 4766 
0x5A5A , 7417 
0x6E6E , 7611 

14:48:38.926:
0x2020 , 3030 
0x3E3E , 3591 
0x1C1C , 4757 
0x5A5A , 7364 
0x6E6E , 7666 

14:48:39.527:
0x2020 , 2909 
0x3E3E , 4046 
0x1C1C , 4648 
0x5A5A , 7364 
0x6E6E , -796 

14:48:40.429:
0x2020 , -291 
0x3E3E
14:48:40.445:
 , -218 
0x1C1C , -159 
0x5A5A , -339 
0x6E6E , 7691 

14:48:41.082:
0x2020 , 3176 
0x3E3E , 3433 

14:48:41.098:
0x1C1C , 4323 
0x5A5A , -339 
0x6E6E , 7686 

14:48:41.661:
0x2020 , 3074 
0x3E3E , 3419 
0x1C1C , 4333 
0x5A5A , 7078 
0x6E6E , 7822 

14:48:42.245:
0x2020 , 3166 
0x3E3E , 3670 
0x1C1C , 4406 
0x5A5A , 7197 
0x6E6E , 7817 

14:48:42.800:
0x2020 , 3142 
0x3E3E , 3758 

14:48:42.815:
0x1C1C , 4415 
0x5A5A , 7111 
0x6E6E , 7767 

14:48:43.401:
0x2020 , 3122 
0x3E3E , 3415 
0x1C1C , 4725 
0x5A5A , 6930 
0x6E6E , 7726 

14:48:43.986:
0x2020 , 3200 
0x3E3E , 3257 
0x1C1C , 4460 
0x5A5A , 6863 
0x6E6E , 7888 

14:48:44.649:
0x2020 , 3210
14:48:44.665:
 
0x3E3E , 3637 
0x1C1C , 4237 
0x5A5A , -339 
0x6E6E , 8039 

14:48:45.234:
0x2020 , 3409 
0x3E3E , 3531 
0x1C1C , 4123 
0x5A5A , 6
14:48:45.250:
763 
0x6E6E , 8114 

14:48:45.835:
0x2020 , 3525 
0x3
14:48:45.850:
E3E , 3396 
0x1C1C , 4008 
0x5A5A , 6725 
0x6E6E , -796 

14:48:46.805:
0x2020 , -291 
0x3E3E , -218 
0x1C1C , -159 
0x5A5A , -339 
0x6E6E , 8150 

14:48:47.507:
0x2020 , 3777 
0x3E3E , 3350 
0x1C1C , 3739 
0x5A5A , -339 
0x6E6E , 8240 

14:48:48.039:
0x2020 , 4063 
0x3E3E , 3452 
0x1C1C , 
14:48:48.054:
3666 
0x5A5A , 6725 
0x6E6E , -796 

14:48:48.991:
0x2020 , -291 
0x3E3E , -218 
0x1C1C , -159 
0x5A5A , -339 
0x6E6E , 8029 

14:48:49.625:
0x2020 , 4248 
0x3E3E , 3619 
0
14:48:49.641:
x1C1C , 3305 
0x5A5A , -339 
0x6E6E , 8140 

14:48:50.195:
0x2020 , 4277 
0x3E3E , 3758 
0x1C1C , -159 
0x5A5A , 65
14:48:50.211:
10 
0x6E6E , 8175 

14:48:51.698:
0x2020 , -291 
0x3E3E , -218 
0x1C1C , -159 
0x5A5A , -339 
0x6E6E , -796 

14:48:52.430:
0
14:48:52.461:
x2020 , 4592 
0x3E3E , 4083 
0x1C1C , 2986 
0x5A5A , -339 
0x6E6E , -796 

14:48:53.046:
0x2020 , 4670 
0x3E3E , 4078 
0x1C1C , 2862 
0x5A5A , 6358 
0x6E6E , 8104 

14:48:53.631:
0x2020 , 4801 
0x3E3E , 4101 
0x1C1C , 2799 
0x5A5A , 6291 
0x6E6E , 8104 

14:48:54.200:
0x2020 , 4839 
0x3E3E , 4139 
0x1C1C
14:48:54.216:
 , 2830 
0x5A5A , 6267 
0x6E6E , 8150 

14:48:54.817:
0x2020 , 4927 
0x3E3E , 4176 
0x1C1C , 2684 
0x5A5A , 6243 
0x6E6E , 8089 

14:48:56.597:
0x2020 , -291 
0x3E3E , -218 
0x1C1C , -159 
0x5A5A , -339 
0x6E6E , -796 

14:48:57.201:
0x2020 , 5310 
0x3E3E , 4306 
0x1C1C , -159 
0x5A5A , 5771 
0x6E6E , 8119 

14:48:58.084:
0x2020 , -291 
0x3E3E
14:48:58.106:
 , -218 
0x1C1C , 2155 
0x5A5A , -339 
0x6E6E , -796 

14:48:58.853:
0x2020 , 5416 
0x3E3E , 4477 
0x1C1C , 2114 
0x5A5A , -339 
0x6E6E , -796 

14:48:59.486:
0x2020 , 5460 
0x3E3E , 4658 

14:48:59.507:
0x1C1C , 2127 
0x5A5A , 5838 
0x6E6E , -796 

14:49:00.071:
0x2020 , 5606 
0x3E3E , 4626 
0x1C1C , 2050 
0x5A5A 
14:49:00.086:
, 5342 
0x6E6E , -796 

14:49:01.110:
0x2020 , -291 
0x3E3E , -218 
0x1C1C , -159 
0x5A5A , -339 
0x6E6E , -796 

14:49:01.773:
0x2020 , 5887 
0x3E3E , 4946 
0x1C1C , 2036 
0x5A5A , -339 
0x6E6E , 7908 

14:49:02.359:
0x2020 , 5984 
0x3E3E , 4969 
0x1C1C , 2054 
0x5A5A , 4855 
0x6E6E , -796 

14:49:03.360:
0x2020 , -291 
0x3E3E , -
14:49:03.376:
218 
0x1C1C , -159 
0x5A5A , -339 
0x6E6E , 7842 

14:49:04.130:
0x2020 ,
14:49:04.162:
 6241 
0x3E3E , -218 
0x1C1C , 2452 
0x5A5A , -339 
0x6E6E , 7767 

14:49:04.732:
0x2020 , 6260 
0x3E3E , 
14:49:04.747:
5312 
0x1C1C , 2602 
0x5A5A , 5366 
0x6E6E , 7777 

14:49:05.348:
0x2020 , 6391 
0x3E3E , 5517 
0x1C1C , 2657 
0x5A5A , 5175 
0x6E6E , 7696 

14:49:05.949:
0x2020 , 6498 
0x3E3E , 5535 
0x1C1C , 2789 
0x5A5A , 4984 
0x6E6E , 7626 

14:49:06.497:
0x2020 , 6537 
0x3E3E , 5772 
0x1C
14:49:06.519:
1C , 2648 
0x5A5A , 4889 
0x6E6E , 7500 

14:49:07.082:
0x2020 , 6663 
0x3E3E , 5869 
0x1C1C , 3100 
0x5A5A , 4760 
0x6E6E , -796 

14:49:07.898:
0x2020 , -291 
0x3E3E , 5962 

14:49:07.920:
0x1C1C , -159 
0x5A5A , -339 
0x6E6E , 7394 

14:49:08.583:
0x2020 , 6799 
0x3E3E , 6120 
0x1C1C , 2885 
0x5A5A , -339 
0x6E6E , 7243 

14:49:09.137:
0x2020 , 6896 
0x3E3E , 6245 
0x1C1C , 3027 

14:49:09.152:
0x5A5A , 4221 
0x6E6E , -796 

14:49:09.985:
0x2020 , -291 
0x3E3E , 6319 
0x1C1C , -159 
0x5A5A ,
14:49:10.000:
 -339 
0x6E6E , 7253 

14:49:10.653:
0x2020 , 6920 
0x3E3E , 6426 
0x1C1C
14:49:10.669:
 , 3164 
0x5A5A , -339 
0x6E6E , 6890 

14:49:11.254:
0x2020 , 6983 
0x3E3E , 6551 
0x1C1C , 3342 
0x5A5
14:49:11.270:
A , 3734 
0x6E6E , 6895 

14:49:11.839:
0x2020 , 7056 
0x3E3E , 6607 
0x1C1C , 
14:49:11.855:
3415 
0x5A5A , 3691 
0x6E6E , 7308 

14:49:12.457:
0x2020 , 7075 
0x3E3E , 6839 
0x1C1C , 3607 
0x5A5A , 3591 
0x6E6E , 6749 

14:49:13.057:
0x2020 , 7051 
0x3E3E , 6872 
0x1C1C , -159 
0x5A5A , 3505 
0x6E6E , 6800 

14:49:14.024:
0x2020 , -291 
0x3E3E , -218 
0x1C1C , 3935 
0x5A5A , -339 
0x6E6E , -796 

14:49:14.728:
0x2020 , 7104 
0x3E3E , 707
14:49:14.744:
1 
0x1C1C , 4150 
0x5A5A , -339 
0x6E6E , -796 

14:49:15.392:
0x2020 , 7274 
0x3E3E , 7206 
0
14:49:15.408:
x1C1C , 4132 
0x5A5A , 2747 
0x6E6E , -796 

14:49:15.978:
0x2020 , 7099 
0x3E3E , 7312 
0x1C1C , 4118 
0x5A5A , 2594 
0x6E6E , 6684 

14:49:16.547:
0x2020 , 7022 
0x3E3E , 7363 
0x1C1C , 4109 
0x5A5A , 2561 
0x6E6E , 6608 

14:49:17.110:
0x2020 , 7225 
0x3E3E , 7461 
0x1C1C , 42
14:49:17.132:
18 
0x5A5A , 2556 
0x6E6E , 6482 

14:49:17.711:
0x2020 , 7298 
0x3E3E , 7577 
0x1C1C , 4278 
0x5A5A , 2408 
0x6E6E , 6336 

14:49:18.295:
0x2020 , 7022 
0x3E3E , 7698 
0x1C1C , 4460 
0x5A5A , 2456 
0x6E6E , 6225 

14:49:18.896:
0x2020 , 6930 
0x3E3E , 7767 
0x1C1C , 4529 
0x5A5A , 2322 
0x6E6E , -796 

14:49:19.930:
0x2020 , -291 
0x3E3E , -218 
0x1C1C , -159 
0x5A5A , -339 
0x6E6E , -796 

14:49:20.613:
0x2020 , 6828 
0x3E3E , 7888 
0x1C1C , 4748 
0x5A5A , -339 
0x6E6E , 5717 

14:49:21.214:
0x2020 , 6755 
0x3E3E , 7916 
0x1C1C , 4931 
0x5A5A , 2155 
0x6E6E , 5616 

14:49:21.884:
0x2020 , 
14:49:21.899:
6867 
0x3E3E , 8036 
0x1C1C , 4949 
0x5A5A , -339 
0x6E6E , 5475 

14:49:22.453:
0x2020 , 6789 
0x3E3E , 8036 
0x1C1C , -159 
0x5A5A 
14:49:22.469:
, 2275 
0x6E6E , 5319 

14:49:23.385:
0x2020 , -291 
0x3E3E , -218 
0x1C1C , 5268 
0x5A5A , -339 
0x6E6E , -796 

14:49:24.017:
0x2020 , 6944 
0x3E3E , 8301 

14:49:24.039:
0x1C1C , 5351 
0x5A5A , 2241 
0x6E6E , -796 

14:49:24.702:
0x2020 , 6862 
0x3E3E , 8848 
0x1C1C , -159 
0x5A5A , 2298 
0x6E6E , -796 

14:49:25.619:
0x2020 , -291 
0x3E3E , -218 
14:49:25.639:

0x1C1C , 5752 
0x5A5A , -339 
0x6E6E , -796 

14:49:26.389:
0x2020 , 6803 
0x3E3E , 9062 
0x1C1C , 5816 
0x5A5A , -339 
0x6E6E , -796 

14:49:27.043:
0x2020 , 6716 
0x3E3E , 8208 
0x1
14:49:27.059:
C1C , 5990 
0x5A5A , 2351 
0x6E6E , -796 

14:49:27.644:
0x2020 , 6663 
0x3E3E , 8779 
0x1C1C , 6067 
0x5A5A ,
14:49:27.660:
 2494 
0x6E6E , 4099 

14:49:28.239:
0x2020 , 6673 
0x3E3E , 8542 
0x1C1C , 61
14:49:28.245:
72 
0x5A5A , 2112 
0x6E6E , 3888 

14:49:28.845:
0x2020 , 6571 
0x3E3E , 8510 
0x1C1C , 6204 
0x5A5A , 2146 
0x6E6E , 3737 

14:49:29.446:
0x2020 , 6542 
0x3E3E , 8496 
0x1C1C , 6341 
0x5A5A , 2565 
0x6E6E , 3616 

14:49:30.047:
0x2020 , 6527 
0x3E3E , 8570 
0x1C1C , 6410 
0x5A5A , 2666 
0x6E6E , 3364 

14:49:30.595:
0x2020 , 6483 
0x3E3E , 8561 
0x
14:49:30.611:
1C1C , 6542 
0x5A5A , 2880 
0x6E6E , 3258 

14:49:31.181:
0x2020 , 6386 
0x3E3E , 8612 
0x1C1C , 6538 
0x5A5A , 2952 
0x6E6E , 3208 

14:49:31.751:
0x2020 , 6246 
0x3E3E , 8394 
0x1C1C , 6597 
0x5A5A , 3100 
0x6E6E , 3057 

14:49:32.330:
0x2020 , 6265 
0x3E3E , 8519 
0x1C1C , -159 
0x5A5A , 3214 
0x6E6E , 2931 

14:49:32.799:
0x2020 , 0 
0x3E3E , 0 
0x1C1C , 0 
0x5A5A , 0 
0x6E6E , 0 

14:49:33.631:
0x2020 , 0 
0x3E3E , 0 
0x1C1C , 0 
0x5A5A , 0 
0x6E6E , 0 

14:49:34.554:
0x2020 , 5732 
0x3E3E , 8431 
0x1C1C , 6985 
0x5A5A , 3658 
0x6E6E , 2538 

14:49:35.154:
0x2020 , 5717 
0x3E3E , 8454 
0x1C1C , 7099 
0x5A5A , 3782 
0x6E6E , 2538 

14:49:35.718:
0x2020 , 5635 
0x3E3E , 8343 
0x1C1C , 7195 

14:49:35.734:
0x5A5A , 3963 
0x6E6E , 2493 

14:49:36.319:
0x2
14:49:36.335:
020 , 5475 
0x3E3E , 8338 
0x1C1C , 7259 
0x5A5A , 4121 
0x6E6E , 2558 

14:49:36.936:
0x2020 , 5295 
0x3E3E , 8333 
0x1C1C , 7241 
0x5A5A , 4249 
0x6E6E , 2467 

14:49:37.537:
0x2020 , 5256 
0x3E3E , 8189 
0x1C1C , 7355 
0x5A5A , 4350 
0x6E6E , 2760 

14:49:38.090:
0x2020 , 5625 
0x3E3E , 8199 

14:49:38.106:
0x1C1C , 7131 
0x5A5A , 4416 
0x6E6E , 2780 

14:49:38.676:
0x2020 , 5412 
0x3E3E , 8064 
0x1C1C , 7323 
0x5A5A , 4583 
0x6E6E , 2739 

14:49:40.395:
0x2020 , 5208 
0x3E3E , 7795 
0x1C1C , 7729 
0x5A5A , 4965 
0x6E6E , 2936 

14:49:40.962:
0x2020 , 4849 
0x3E3E , 7753 
0x1C1C , 741
14:49:40.965:
0 
0x5A5A , 5075 
0x6E6E , 3258 

14:49:41.561:
0x2020 , 4776 
0x3E3E , 7730 
0x1C1C , 7410 
0x5A5A , 5175 
0x6E6E , 3052 

14:49:42.143:
0x2020 , 4723 
0x3E3E , 7558 
0x1C1C , 7378 
0x5A5A , 5370 
0x6E6E , 3102 

14:49:42.728:
0x2020 , 4519 
0x3E3E , 7493 
0x1C1C , 7360 
0x5A5A , 5490 
0x6E6E , 2996 

14:49:43.298:
0x2020 , 4427 
0x3E3E , 7470 
0x1C1C , 7387 

14:49:43.313:
0x5A5A , 5604 
0x6E6E , 3324 

14:49:43.915:
0x2020 , 4233 
0x3E3E , 7285 
0x1C1C , 7364 
0x5A5A , 5738 
0x6E6E , 3636 

14:49:44.516:
0x2020 , 4073 
0x3E3E , 7215 
0x1C1C , 7305 
0x5A5A , 5795 
0x6E6E , 3782 

14:49:45.133:
0x2020 , 3981 
0x3E3E , 7127 
0x1C1C , 7387 
0x5A5A , 5933 
0x6E6E , 3853 

14:49:45.671:
0x2020 , 3855 
0x3E3E , 6890 
0x1C1C 
14:49:45.686:
, 7337 
0x5A5A , 6057 
0x6E6E , 3979 

14:49:46.249:
0x2020 , 3501 
0x3E3E , 7122 
0x1C1C , 7391 
0x5A5A , 6196 
0x6E6E , -796 

14:49:47.173:
0x2020 , -291 
0x3E3E , -218 
0x1C1C , -159 
0x5A5A , -339 
0x6E6E , 4195 

14:49:47.821:
0x20
14:49:47.837:
20 , 3166 
0x3E3E , 7076 
0x1C1C , 7236 
0x5A5A , -339 
0x6E6E , 4306 

14:49:59.433:
0x2020 , 2123 
0x3E3E , 4282 
0x1C1C , 5419 
0x5A5A , 7545 
0x6E6E , 6764 

14:50:00.018:
0x2020 , 2356 
0x3E3E , 4064 
0x1C1C , 5944 
0x5A5A , 7159 
0x6E6E , 6910 

14:50:00.603:
0x2020 , 2022 
0x3E3E , 3948 
0x1C1C , 4922 
0x5A5A , 7140 
0x6E6E , 7062 

14:50:01.188:
0x2020 , 2390 
0x3E3E , 3837 
0x1C1C , 49
14:50:01.204:
40 
0x5A5A , 7226 
0x6E6E , 7182 

14:50:01.789:
0x2020 , 2594 
0x3E3E , 3675 
0x1C1C , 5538 
0x5A5A , 7068 
0x6E6E , 7349 

14:50:02.389:
0x2020 , 3011 
0x3E3E , 3596 
0x1C1C , 5346 
0x5A5A , 7097 
0x6E6E , -796 

14:50:03.238:
0x202
14:50:03.269:
0 , -291 
0x3E3E , 3563 
0x1C1C , -159 
0x5A5A , -339 
0x6E6E , 7671 

14:50:03.924:
0x2020 , 2948 
0x3E3E , 3480 
0x1C1C , 4912 
0x5A5A , -339 
0x6E6E , 7802 

14:50:04.455:
0x2020 
14:50:04.492:
, 3045 
0x3E3E , 3698 
0x1C1C , 4794 
0x5A5A , 7016 
0x6E6E , 7933 

14:50:05.125:
0x2020 , 3428 
0x3E3E , 3415 
0x1C1C
14:50:05.141:
 , 4606 
0x5A5A , -339 
0x6E6E , 7988 

14:50:05.694:
0x2020 , 3190 
0x3E3E , 3804 
0x1C1C , 4447 
0x5A5
14:50:05.710:
A , 6983 
0x6E6E , 8059 

14:50:06.274:
0x2020 , 3278 
0x3E3E , 3656 

14:50:06.296:
0x1C1C , 4246 
0x5A5A , 6968 
0x6E6E , 8089 

14:50:06.874:
0x2020 , 3443 
0x3E3E , 3563 
0x1C1C , 4177 
0x5A5A , 6940 
0x6E6E , 8059 

14:50:07.459:
0x2020 , 3540 
0x3E3E , 3447 
0x1C1C , 3986 
0x5A5A , 6725 
0x6E6E , 8059 

14:50:08.045:
0x2020 , 3515 
0x3E3E , 3461 
0x1C1C , 3876 
0x5A5A , 6735 
0x6E6E , 8044 

14:50:08.561:
0x2020 , 0 
0x3E3E , 0 
0x1C1C , 0 
0x5A5A , 0 
0x6E6E , 0 

14:50:09.831:
0x2020 , -291 
0x3E3E , -218 
0x1C1C , 3410 
0x5A5A , -339 
0x6E6E , -796 

14:50:10.618:
0x2020 , 4461 
0x3E3E , 3758 
0x1C1C , 3314 
0x5A5A , -339 
0x6E6E , -796 

14:50:11.281:
0x2020 ,
14:50:11.303:
 4524 
0x3E3E , 3971 
0x1C1C , 3031 
0x5A5A , 6396 
0x6E6E , -796 

14:50:11.851:
0x2020 , 4607 
0x3E3E , 4180 
0x1C1C , 28
14:50:11.866:
53 
0x5A5A , 6305 
0x6E6E , 7993 

14:50:12.436:
0x2020 , 4830 
0x3E3E , 3920 
0x1C1C , 2799 
0x5A5A , 6186 
0x6E6E , 8059 

14:50:13.005:
0x2020 , 4883 
0x3E3E , 4273 
0x1C1C , 2712 
0x5A5A , 6200 
0x6E6E , 8094 

14:50:13.669:
0x2020 , 5038 
0x3E3E , 4203 
0x1C1C , 2515 
0x5A5A , -339 
0x6E6E , 8074 

14:50:14.223:
0x2020 , 5208 
0x3E3E , 4273 
0x1C1C , 
14:50:14.238:
2356 
0x5A5A , 5914 
0x6E6E , 8145 

14:50:14.824:
0x2020 , 5315 
0x3E3E , 4380 
0x1C1C , 2246 
0x5A5A , 5819 
0x6E6E , 8099 

14:50:15.408:
0x2020 , 5349 
0x3E3E , 4445 
0x1C1C , 2105 
0x5A5A , 5571 
0x6E6E , 8109 

14:50:16.008:
0x2020 , 5518 
0x3E3E , 4510 
0x1C1C , 2031 
0x5A5A , 5499 
0x6E6E , 8099 

14:50:16.688:
0x2020 , 5562 
0x3E3E , 4519 
0x1C1C , 2009 
0x5A5A , -339 
0x6E6E , 8114 

14:50:17.257:
0x2020 , 5804 
14:50:17.273:

0x3E3E , 4779 
0x1C1C , 1958 
0x5A5A , 5575 
0x6E6E , 8004 

14:50:17.873:
0x2020 , 5824 
0x3E3E , 4913 
0x1C1C , 2009 
0x5A5A , 5027 
0x6E6E , 8019 

14:50:18.491:
0x2020 , 6013 
0x3E3E , 4913 
0x1C1C , 2063 
0x5A5A , 5671 
0x6E6E , 7978 

14:50:19.028:
0x2020 , 6217 
0x3E3E , 5178 

14:50:19.044:
0x1C1C , 2237 
0x5A5A , 5532 
0x6E6E , 7797 

14:50:19.613:
0x2020 , 6207 
0x3E3E , 5261 
0x1C1C , 2643 
0x5A5A , 5342 
0x6E6E , 7797 

14:50:20.177:
0x2020 , 6260 
0x3E3E , 5308 
0x1C1C , 1981 
0x5A5A , 5246 
0x6E6E , 7706 

14:50:20.862:
0x2020 , 6260 
0x3E3E , 5424 
0x1C1C , -159 
0x5A5A , -339 
0x6E6E , -796 

14:50:21.879:
0x2020 , -291 
0x3E3E , -218 
0x1C1C , -159 
0x5A5A , -339 
0x6E6E , -796 

14:50:22.449:
0x20
14:50:22.465:
20 , 6537 
0x3E3E , 5688 
0x1C1C , 2844 
0x5A5A , 4664 
0x6E6E , 7807 

14:50:23.051:
0x2020 , 6202 
0x3E3E , 5679 
0x1C1C , 2712 
0x5A5A , 4402 
0x6E6E , 7656 

14:50:23.635:
0x2020 , 5960 
0x3E3E , 5721 
0x1C1C , 2762 
0x5A5A , 4345 
0x6E6E , 7515 

14:50:24.320:
0x2020 , -291 
0x3E3E , 6301 
0x1C1C , 2753 
0x5A5A , 4330 
0x6E6E , 7369 

14:50:24.899:
0x2020 , 5867 

14:50:24.921:
0x3E3E , 6222 
0x1C1C , 2876 
0x5A5A , 4421 
0x6E6E , -796 

14:50:25.938:
0x2020 , -291 
0x3E3E , -218 
0x1C1C , -159 

14:50:25.954:
0x5A5A , -339 
0x6E6E , -796 

14:50:26.639:
0
14:50:26.654:
x2020 , 5518 
0x3E3E , 6087 
0x1C1C , 3159 
0x5A5A , -339 
0x6E6E , 6795 

14:50:27.202:
0x2020 , 5373 
0x3E3E , 5999 
0x1C1C 
14:50:27.221:
, 3319 
0x5A5A , 4149 
0x6E6E , 6764 

14:50:27.855:
0x2020 , 5174 
0x3E3E , 5841 
0x1C1C , 3397 

14:50:27.871:
0x5A5A , -339 
0x6E6E , 6477 

14:50:28.441:
0x2020 , 5106 
0x3E3E , 5948 
0x1C1C , 3442 
0x5A5A , 4617 
0x6E6E , 6417 

14:50:29.021:
0x2020 , 4995 
0x3E3E , 6120 
0x1C1C , 3620 
0x5A5A , 4636 
0x6E6E , 6225 

14:50:29.574:
0x2020 , 4810 
0x3E3E , 6194 
0x1C1C , 3
14:50:29.589:
753 
0x5A5A , 4702 
0x6E6E , 6034 

14:50:30.175:
0x2020 , 4713 
0x3E3E , 5596 
0x1C1C , 3867 
0x5A5A , 4812 
0x6E6E , 6109 

14:50:30.761:
0x2020 , 4650 
0x3E3E , 5628 
0x1C1C , 3908 
0x5A5A , 4707 
0x6E6E , 5822 

14:50:31.345:
0x2020 , 4587 
0x3E3E , 5777 
0x1C1C , 4100 
0x5A5A , 4674 
0x6E6E , 5752 

14:50:31.930:
0x2020 , 4422 
0x3E3E , 5893 
0x1C1C , 4223
14:50:31.946:
 
0x5A5A , 4893 
0x6E6E , 5732 

14:50:32.531:
0x2020 , 4359 
0x3E3E , 5897 
0x1C1C , 4346 
0x5A5A , 4788 
0x6E6E , 5661 

14:50:33.147:
0x2020 , 4296 
0x3E3E , 5883 
0x1C1C , 4506 
0x5A5A , 4760 
0x6E6E , 5455 

14:50:33.749:
0x2020 , 4199 
0x3E3E , 5967 
0x1C1C , 4689 
0x5A5A , 4674 
0x6E6E , 5389 

14:50:34.281:
0x2020 , 4252 
0x3E3E , 5851 
0x
14:50:34.297:
1C1C , 4780 
0x5A5A , 4655 
0x6E6E , 5329 

14:50:34.867:
0x2020 , 4214 
0x3E3E , 5893 
0x1C1C , 4711 
0x5A5A , 4955 
0x6E6E , 5379 

14:50:35.436:
0x2020 , 4311 
0x3E3E , 6533 
0x1C1C , -159 
0x5A5A , 4750 
0x6E6E , 5465 

14:50:36.354:
0x2020 , -291 
0x3E3E , -218 
0x1C1C , 5214 
0x5A5A , 
14:50:36.369:
-339 
0x6E6E , -796 
