0x2020 , 4248 
0x3E3E , 6036 
0x1C1C , 4725 
0x5A5A , 4893 
0x6E6E , 5399 
0x2020 , 4214 
0x3E3E , 5916 
0x1C1C , 4734 
0x5A5A , -339 
0x6E6E , 5379 
0x2020 , 4316 
0x3E3E , 6027 
0x1C1C , 4753 
0x5A5A , 4865 
0x6E6E , 5389 
0x2020 , 4214 
0x3E3E , 6046 
0x1C1C , 4771 
0x5A5A , -339 
0x6E6E , 5228 
0x2020 , 4272 
0x3E3E , 6018 
0x1C1C , 4707 
0x5A5A , 4812 
0x6E6E , 5379 
0x2020 , 4330 
0x3E3E , 5934 
0x1C1C , 4675 
0x5A5A , -339 
0x6E6E , 5465 
0x2020 , 4456 
0x3E3E , 5999 
0x1C1C , 4798 
0x5A5A , 4889 
0x6E6E , 5450 
0x2020 , 4316 
0x3E3E , 5944 
0x1C1C , 4798 
0x5A5A , -339 
0x6E6E , 5359 
0x2020 , 4374 
0x3E3E , 6022 
0x1C1C , 4780 
0x5A5A , 4827 
0x6E6E , 5404 
0x2020 , 4354 
0x3E3E , 5990 
0x1C1C , 4803 
0x5A5A , -339 
0x6E6E , 5369 
0x2020 , 4296 
0x3E3E , 5888 
0x1C1C , 4721 
0x5A5A , 4793 
0x6E6E , 6215 
0x2020 , 4286 
0x3E3E , 5985 
0x1C1C , 4730 
0x5A5A , 4750 
0x6E6E , 5581 
0x2020 , 4301 
0x3E3E , 6092 
0x1C1C , 4807 
0x5A5A , 4803 
0x6E6E , 5359 
0x2020 , 4146 
0x3E3E , 6022 
0x1C1C , 4912 
0x5A5A , -339 
0x6E6E , 5288 
0x2020 , 3758 
0x3E3E , 6036 
0x1C1C , 5109 
0x5A5A , 5084 
0x6E6E , 5293 
0x2020 , 3462 
0x3E3E , 6018 
0x1C1C , 5392 
0x5A5A , -339 
0x6E6E , 5308 
0x2020 , 3171 
0x3E3E , 6143 
0x1C1C , 5634 
0x5A5A , 5871 
0x6E6E , 5263 
0x2020 , 2933 
0x3E3E , 5897 
0x1C1C , -159 
0x5A5A , -339 
0x6E6E , -796 
0x2020 , -291 
0x3E3E , -218 
0x1C1C , -159 
0x5A5A , -339 
0x6E6E , -796 
0x2020 , 2225 
0x3E3E , 5725 
0x1C1C , 6424 
0x5A5A , -339 
0x6E6E , -796 
0x2020 , 1871 
0x3E3E , 5572 
0x1C1C , 6478 
0x5A5A , 7026 
0x6E6E , -796 
0x2020 , 2250 
0x3E3E , 5326 
0x1C1C , 6551 
0x5A5A , 7164 
0x6E6E , 5722 
0x2020 , 1774 
0x3E3E , 5285 
0x1C1C , 6387 
0x5A5A , -339 
0x6E6E , 6180 
0x2020 , 1677 
0x3E3E , 5336 
0x1C1C , 6131 
0x5A5A , 7407 
0x6E6E , 6371 
0x2020 , 1808 
0x3E3E , 4848 
0x1C1C , 5944 
0x5A5A , -339 
0x6E6E , 6664 
0x2020 , 1920 
0x3E3E , 4417 
0x1C1C , 5634 
0x5A5A , 7402 
0x6E6E , 6860 
0x2020 , 2216 
0x3E3E , 4157 
0x1C1C , 5291 
0x5A5A , 7431 
0x6E6E , 7082 
0x2020 , 2516 
0x3E3E , 3846 
0x1C1C , 4976 
0x5A5A , 7321 
0x6E6E , 7495 
0x2020 , 2579 
0x3E3E , 3702 
0x1C1C , 4880 
0x5A5A , 7107 
0x6E6E , 7636 
0x2020 , 2933 
0x3E3E , 3633 
0x1C1C , 4963 
0x5A5A , -339 
0x6E6E , 7752 
0x2020 , 2948 
0x3E3E , 4092 
0x1C1C , 4643 
0x5A5A , 6668 
0x6E6E , 7510 
0x2020 , 3055 
0x3E3E , -218 
0x1C1C , 4264 
0x5A5A , -339 
0x6E6E , 6996 
0x2020 , 3394 
0x3E3E , 4621 
0x1C1C , 4177 
0x5A5A , 6343 
0x6E6E , 6830 
0x2020 , 3724 
0x3E3E , 5447 
0x1C1C , 4228 
0x5A5A , -339 
0x6E6E , 6422 
0x2020 , 3961 
0x3E3E , 5512 
0x1C1C , 4291 
0x5A5A , 5699 
0x6E6E , 6094 
0x2020 , 4136 
0x3E3E , 5364 
0x1C1C , 4442 
0x5A5A , 5461 
0x6E6E , 5868 
0x2020 , 4243 
0x3E3E , 5976 
0x1C1C , 4775 
0x5A5A , 5227 
0x6E6E , 5510 
0x2020 , 4301 
0x3E3E , 6166 
0x1C1C , 4949 
0x5A5A , -339 
0x6E6E , 5223 
0x2020 , 4757 
0x3E3E , 6547 
0x1C1C , 5031 
0x5A5A , 4827 
0x6E6E , 4926 
0x2020 , 5111 
0x3E3E , -218 
0x1C1C , -159 
0x5A5A , -339 
0x6E6E , 4659 
0x2020 , 5504 
0x3E3E , 7271 
0x1C1C , 5337 
0x5A5A , 4001 
0x6E6E , 4639 
0x2020 , -291 
0x3E3E , -218 
0x1C1C , -159 
0x5A5A , -339 
0x6E6E , -796 
0x2020 , -291 
0x3E3E , -218 
0x1C1C , 6090 
0x5A5A , 2117 
0x6E6E , 3863 
0x2020 , -291 
0x3E3E , 9025 
0x1C1C , 6072 
0x5A5A , 1893 
0x6E6E , 4261 
0x2020 , 7366 
0x3E3E , 8537 
0x1C1C , 5428 
0x5A5A , 1626 
0x6E6E , 4880 
0x2020 , 7487 
0x3E3E , 8268 
0x1C1C , 5237 
0x5A5A , 1592 
0x6E6E , 5092 
0x2020 , 7604 
0x3E3E , 8213 
0x1C1C , 4999 
0x5A5A , 1788 
0x6E6E , 5555 
0x2020 , 7628 
0x3E3E , 8115 
0x1C1C , 4707 
0x5A5A , 1960 
0x6E6E , 5727 
0x2020 , 7647 
0x3E3E , 7809 
0x1C1C , 4410 
0x5A5A , 2270 
0x6E6E , 6165 
0x2020 , 7638 
0x3E3E , 7558 
0x1C1C , 4145 
0x5A5A , 2718 
0x6E6E , 6477 
0x2020 , 7550 
0x3E3E , 7210 
0x1C1C , 3798 
0x5A5A , -339 
0x6E6E , 6603 
0x2020 , 6842 
0x3E3E , 7039 
0x1C1C , -159 
0x5A5A , 3329 
0x6E6E , 6840 
0x2020 , -291 
0x3E3E , -218 
0x1C1C , 3374 
0x5A5A , -339 
0x6E6E , -796 
0x2020 , 5809 
0x3E3E , 6528 
0x1C1C , 3387 
0x5A5A , -339 
0x6E6E , -796 
0x2020 , 5431 
0x3E3E , 5948 
0x1C1C , 3680 
0x5A5A , 3772 
0x6E6E , -796 
0x2020 , 5722 
0x3E3E , 6398 
0x1C1C , 3908 
0x5A5A , 4144 
0x6E6E , 6104 
0x2020 , 5392 
0x3E3E , 6482 
0x1C1C , 4196 
0x5A5A , -339 
0x6E6E , 5822 
0x2020 , 4801 
0x3E3E , 6853 
0x1C1C , 4442 
0x5A5A , 4698 
0x6E6E , 5656 
0x2020 , 4413 
0x3E3E , 6417 
0x1C1C , 4785 
0x5A5A , -339 
0x6E6E , 5339 
0x2020 , 3957 
0x3E3E , 6055 
0x1C1C , 5090 
0x5A5A , 5117 
0x6E6E , 5394 
0x2020 , 3559 
0x3E3E , -218 
0x1C1C , 5351 
0x5A5A , 5294 
0x6E6E , 5374 
0x2020 , 3336 
0x3E3E , 6143 
0x1C1C , 5679 
0x5A5A , 5447 
0x6E6E , 5339 
0x2020 , 3006 
0x3E3E , -218 
0x1C1C , 6067 
0x5A5A , 5981 
0x6E6E , 5102 
0x2020 , 2667 
0x3E3E , 6189 
0x1C1C , 6291 
0x5A5A , -339 
0x6E6E , 4951 
0x2020 , 2468 
0x3E3E , 5971 
0x1C1C , 6602 
0x5A5A , 6553 
0x6E6E , 5178 
0x2020 , 2269 
0x3E3E , 6018 
0x1C1C , 6638 
0x5A5A , -339 
0x6E6E , 5278 
0x2020 , 1934 
0x3E3E , 5828 
0x1C1C , 6739 
0x5A5A , 7116 
0x6E6E , 5581 
0x2020 , 1803 
0x3E3E , 5563 
0x1C1C , 6757 
0x5A5A , -339 
0x6E6E , 5978 
0x2020 , 2094 
0x3E3E , 5234 
0x1C1C , 6488 
0x5A5A , 7173 
0x6E6E , 5928 
0x2020 , 1886 
0x3E3E , 5057 
0x1C1C , 6154 
0x5A5A , 7240 
0x6E6E , 6195 
0x2020 , 1900 
0x3E3E , 4983 
0x1C1C , 5894 
0x5A5A , -339 
0x6E6E , 6523 
0x2020 , 1978 
0x3E3E , 4496 
0x1C1C , 5529 
0x5A5A , 7345 
0x6E6E , 6855 
0x2020 , 2332 
0x3E3E , 4231 
0x1C1C , 5264 
0x5A5A , 7383 
0x6E6E , 7097 
0x2020 , 2380 
0x3E3E , 3948 
0x1C1C , 4894 
0x5A5A , 7417 
0x6E6E , 7434 
0x2020 , 2584 
0x3E3E , 3702 
0x1C1C , 4428 
0x5A5A , 6987 
0x6E6E , 7691 
0x2020 , 2705 
0x3E3E , 3791 
0x1C1C , 4762 
0x5A5A , -339 
0x6E6E , 7505 
0x2020 , 2938 
0x3E3E , 4162 
0x1C1C , 4511 
0x5A5A , 6520 
0x6E6E , 7344 
0x2020 , 3147 
0x3E3E , 4426 
0x1C1C , 4269 
0x5A5A , -339 
0x6E6E , 6729 
0x2020 , 3452 
0x3E3E , 5108 
0x1C1C , 4291 
0x5A5A , 6229 
0x6E6E , 6407 
0x2020 , 3928 
0x3E3E , 5461 
0x1C1C , 4360 
0x5A5A , -339 
0x6E6E , 5858 
0x2020 , 4199 
0x3E3E , 5916 
0x1C1C , 4570 
0x5A5A , 5356 
0x6E6E , 5570 
0x2020 , 4442 
0x3E3E , 6157 
0x1C1C , -159 
0x5A5A , -339 
0x6E6E , -796 
0x2020 , -291 
0x3E3E , -218 
0x1C1C , -159 
0x5A5A , -339 
0x6E6E , 4734 
0x2020 , 5625 
0x3E3E , 7563 
0x1C1C , 5250 
0x5A5A , 3348 
0x6E6E , 4628 
0x2020 , 5897 
0x3E3E , -218 
0x1C1C , 5456 
0x5A5A , -339 
0x6E6E , -796 
0x2020 , 6197 
0x3E3E , 8426 
0x1C1C , 5739 
0x5A5A , 3186 
0x6E6E , 4054 
0x2020 , -291 
0x3E3E , 8927 
0x1C1C , 6191 
0x5A5A , 2208 
0x6E6E , 3822 
0x2020 , -291 
0x3E3E , 8950 
0x1C1C , 6214 
0x5A5A , -339 
0x6E6E , 4130 
0x2020 , 7482 
0x3E3E , 8454 
0x1C1C , 5976 
0x5A5A , 1621 
0x6E6E , 4840 
0x2020 , 7570 
0x3E3E , 8500 
0x1C1C , 5483 
0x5A5A , 1540 
0x6E6E , 5016 
0x2020 , 7638 
0x3E3E , 8278 
0x1C1C , 5109 
0x5A5A , 1640 
0x6E6E , 5329 
0x2020 , 7613 
0x3E3E , 8087 
0x1C1C , 4821 
0x5A5A , 1845 
0x6E6E , 5782 
0x2020 , 7633 
0x3E3E , 7855 
0x1C1C , 4424 
0x5A5A , 2384 
0x6E6E , 6024 
0x2020 , 7613 
0x3E3E , 7646 
0x1C1C , 4145 
0x5A5A , 2503 
0x6E6E , 6407 
0x2020 , 7536 
0x3E3E , 7387 
0x1C1C , 3839 
0x5A5A , -339 
0x6E6E , 6593 
0x2020 , 7230 
0x3E3E , 7011 
0x1C1C , 3314 
0x5A5A , 3400 
0x6E6E , 6784 
0x2020 , 6367 
0x3E3E , 6250 
0x1C1C , 3351 
0x5A5A , -339 
0x6E6E , 6860 
0x2020 , 5974 
0x3E3E , 6886 
0x1C1C , 3474 
0x5A5A , 3954 
0x6E6E , 6689 
0x2020 , 5523 
0x3E3E , 6111 
0x1C1C , 3616 
0x5A5A , 3853 
0x6E6E , 6472 
0x2020 , 5179 
0x3E3E , 6551 
0x1C1C , 3844 
0x5A5A , -339 
0x6E6E , 6120 
0x2020 , 4704 
0x3E3E , 6468 
0x1C1C , 4196 
0x5A5A , 4378 
0x6E6E , 5842 
0x2020 , 4573 
0x3E3E , 6821 
0x1C1C , 4456 
0x5A5A , -339 
0x6E6E , 5701 
0x2020 , 4189 
0x3E3E , -218 
0x1C1C , 4926 
0x5A5A , 5060 
0x6E6E , 5409 
0x2020 , 3661 
0x3E3E , 6203 
0x1C1C , 5195 
0x5A5A , 5222 
0x6E6E , 5379 
0x2020 , -291 
0x3E3E , 6073 
0x1C1C , 5689 
0x5A5A , -339 
0x6E6E , 5439 
0x2020 , 3137 
0x3E3E , 6185 
0x1C1C , 6022 
0x5A5A , -339 
0x6E6E , 4946 
0x2020 , 2754 
0x3E3E , 5883 
0x1C1C , 6291 
0x5A5A , -339 
0x6E6E , 4946 
0x2020 , 2550 
0x3E3E , 6004 
0x1C1C , 6483 
0x5A5A , 6539 
0x6E6E , 5031 
0x2020 , 2259 
0x3E3E , 5971 
0x1C1C , 6725 
0x5A5A , -339 
0x6E6E , 5424 
0x2020 , 2308 
0x3E3E , 5869 
0x1C1C , 6958 
0x5A5A , 7078 
0x6E6E , 5696 
0x2020 , 2056 
0x3E3E , 6250 
0x1C1C , 6871 
0x5A5A , -339 
0x6E6E , 5586 
0x2020 , 1735 
0x3E3E , 5855 
0x1C1C , 6670 
0x5A5A , 7278 
0x6E6E , 5747 
0x2020 , 1774 
0x3E3E , 5368 
0x1C1C , 6351 
0x5A5A , 7316 
0x6E6E , 5938 
0x2020 , 1895 
0x3E3E , 5229 
0x1C1C , 6113 
0x5A5A , -339 
0x6E6E , 6245 
0x2020 , 1973 
0x3E3E , 4519 
0x1C1C , 5748 
0x5A5A , 7402 
0x6E6E , 6628 
0x2020 , 2099 
0x3E3E , 4032 
0x1C1C , 5944 
0x5A5A , -339 
0x6E6E , 7001 
0x2020 , 2123 
0x3E3E , 3637 
0x1C1C , 5383 
0x5A5A , 7226 
0x6E6E , 7485 
0x2020 , 2550 
0x3E3E , 3679 
0x1C1C , 4862 
0x5A5A , -339 
0x6E6E , 7721 
0x2020 , 2705 
0x3E3E , 3721 
0x1C1C , 4575 
0x5A5A , 6816 
0x6E6E , 7500 
0x2020 , 2972 
0x3E3E , 4190 
0x1C1C , 4241 
0x5A5A , -339 
0x6E6E , 7238 
0x2020 , 3287 
0x3E3E , 4417 
0x1C1C , 4237 
0x5A5A , 6611 
0x6E6E , 6996 
0x2020 , 3612 
0x3E3E , 4667 
0x1C1C , 4273 
0x5A5A , -339 
0x6E6E , 6623 
0x2020 , 3831 
0x3E3E , 5002 
0x1C1C , 4305 
0x5A5A , 5609 
0x6E6E , 6553 
0x2020 , 4112 
0x3E3E , 5489 
0x1C1C , 4611 
0x5A5A , 5385 
0x6E6E , 5752 
0x2020 , 4359 
0x3E3E , 5925 
0x1C1C , 4775 
0x5A5A , -339 
0x6E6E , 5324 
0x2020 , 4645 
0x3E3E , 6408 
0x1C1C , 4890 
0x5A5A , 4841 
0x6E6E , 4900 
0x2020 , 5189 
0x3E3E , 7512 
0x1C1C , 5095 
0x5A5A , -339 
0x6E6E , 4729 
0x2020 , 5785 
0x3E3E , 7943 
0x1C1C , 5437 
0x5A5A , 3338 
0x6E6E , 4518 
0x2020 , 5581 
0x3E3E , 8319 
0x1C1C , 5625 
0x5A5A , -339 
0x6E6E , 4220 
0x2020 , 6828 
0x3E3E , -218 
0x1C1C , -159 
0x5A5A , -339 
0x6E6E , -796 
0x2020 , -291 
0x3E3E , -218 
0x1C1C , -159 
0x5A5A , -339 
0x6E6E , -796 
0x2020 , 7434 
0x3E3E , 8231 
0x1C1C , 5889 
0x5A5A , 1693 
0x6E6E , -796 
0x2020 , 7410 
0x3E3E , 8087 
0x1C1C , 4839 
0x5A5A , 1850 
0x6E6E , 5354 
0x2020 , -291 
0x3E3E , -218 
0x1C1C , -159 
0x5A5A , -339 
0x6E6E , -796 
0x2020 , 7366 
0x3E3E , 7034 
0x1C1C , 3671 
0x5A5A , 3357 
0x6E6E , 6588 
0x2020 , 6479 
0x3E3E , 7034 
0x1C1C , 3419 
0x5A5A , -339 
0x6E6E , 6618 
0x2020 , 5979 
0x3E3E , 6886 
0x1C1C , 3543 
0x5A5A , 3667 
0x6E6E , 6432 
0x2020 , 5552 
0x3E3E , 6584 
0x1C1C , 3657 
0x5A5A , -339 
0x6E6E , 6256 
0x2020 , 5096 
0x3E3E , 6454 
0x1C1C , 3958 
0x5A5A , 4130 
0x6E6E , 5978 
0x2020 , 4602 
0x3E3E , 6547 
0x1C1C , 4232 
0x5A5A , -339 
0x6E6E , 5575 
0x2020 , -291 
0x3E3E , 6036 
0x1C1C , 4743 
0x5A5A , 4836 
0x6E6E , 5334 
0x2020 , 3743 
0x3E3E , 5999 
0x1C1C , 5081 
0x5A5A , -339 
0x6E6E , 5314 
0x2020 , 3253 
0x3E3E , 6092 
0x1C1C , 5510 
0x5A5A , 5418 
0x6E6E , 5228 
0x2020 , 2943 
0x3E3E , 6101 
0x1C1C , 5889 
0x5A5A , -339 
0x6E6E , 5041 
0x2020 , 1910 
0x3E3E , 6013 
0x1C1C , 6688 
0x5A5A , 7173 
0x6E6E , 5732 
0x2020 , 1837 
0x3E3E , 5428 
0x1C1C , 6414 
0x5A5A , 7278 
0x6E6E , 5958 
0x2020 , 1813 
0x3E3E , 5215 
0x1C1C , 6022 
0x5A5A , -339 
0x6E6E , 6286 
0x2020 , 1992 
0x3E3E , 4519 
0x1C1C , 5588 
0x5A5A , 7307 
0x6E6E , 6674 
0x2020 , 2056 
0x3E3E , 3958 
0x1C1C , 5109 
0x5A5A , -339 
0x6E6E , 7112 
0x2020 , 2657 
0x3E3E , 3517 
0x1C1C , 5232 
0x5A5A , 7154 
0x6E6E , 7595 
0x2020 , 2647 
0x3E3E , 3777 
0x1C1C , 4748 
0x5A5A , 6830 
0x6E6E , 7520 
0x2020 , 2875 
0x3E3E , 4129 
0x1C1C , 4392 
0x5A5A , -339 
0x6E6E , 7127 
0x2020 , 3205 
0x3E3E , 4459 
0x1C1C , 4337 
0x5A5A , 6487 
0x6E6E , 6789 
0x2020 , 3622 
0x3E3E , 5243 
0x1C1C , 4492 
0x5A5A , -339 
0x6E6E , 6286 
0x2020 , 4010 
0x3E3E , 5693 
0x1C1C , -159 
0x5A5A , 5451 
0x6E6E , 5596 
0x2020 , -291 
0x3E3E , -218 
0x1C1C , 4958 
0x5A5A , -339 
0x6E6E , -796 
0x2020 , 5198 
0x3E3E , 6890 
0x1C1C , 5195 
0x5A5A , 4297 
0x6E6E , -796 
0x2020 , 5717 
0x3E3E , 7303 
0x1C1C , 5437 
0x5A5A , 3648 
0x6E6E , -796 
0x2020 , 6105 
0x3E3E , 7920 
0x1C1C , 5684 
0x5A5A , 2947 
0x6E6E , 4125 
0x2020 , 6285 
0x3E3E , 8844 
0x1C1C , 5825 
0x5A5A , 2647 
0x6E6E , 3893 
0x2020 , 7119 
0x3E3E , 9043 
0x1C1C , 6236 
0x5A5A , -339 
0x6E6E , 4034 
0x2020 , 7482 
0x3E3E , 8454 
0x1C1C , 6036 
0x5A5A , 1788 
0x6E6E , 4729 
0x2020 , 7575 
0x3E3E , 8324 
0x1C1C , 5565 
0x5A5A , -339 
0x6E6E , 5238 
0x2020 , 7536 
0x3E3E , 8087 
0x1C1C , 4821 
0x5A5A , 1850 
0x6E6E , 5636 
0x2020 , 7555 
0x3E3E , 7795 
0x1C1C , 4506 
0x5A5A , -339 
0x6E6E , 6175 
0x2020 , 7424 
0x3E3E , 7452 
0x1C1C , 3935 
0x5A5A , 2909 
0x6E6E , 6568 
0x2020 , 7458 
0x3E3E , 7020 
0x1C1C , 3680 
0x5A5A , 3338 
0x6E6E , 6628 
0x2020 , 7177 
0x3E3E , 6811 
0x1C1C , 3260 
0x5A5A , -339 
0x6E6E , 6694 
0x2020 , 6328 
0x3E3E , 6537 
0x1C1C , 3419 
0x5A5A , 3701 
0x6E6E , 6528 
0x2020 , 5795 
0x3E3E , 6519 
0x1C1C , 3561 
0x5A5A , -339 
0x6E6E , 6316 
0x2020 , 5092 
0x3E3E , 6329 
0x1C1C , 3826 
0x5A5A , 4011 
0x6E6E , 6039 
0x2020 , 4679 
0x3E3E , 6449 
0x1C1C , 4132 
0x5A5A , -339 
0x6E6E , 5661 
0x2020 , 4330 
0x3E3E , 6064 
0x1C1C , 4556 
0x5A5A , 4803 
0x6E6E , 5414 
0x2020 , 4058 
0x3E3E , -218 
0x1C1C , 4976 
0x5A5A , -339 
0x6E6E , 5349 
0x2020 , 3428 
0x3E3E , 5990 
0x1C1C , 5442 
0x5A5A , 5366 
0x6E6E , 5178 
0x2020 , 3079 
0x3E3E , -218 
0x1C1C , 5903 
0x5A5A , -339 
0x6E6E , 5011 
0x2020 , 2516 
0x3E3E , 5920 
0x1C1C , 6387 
0x5A5A , 6506 
0x6E6E , 5097 
0x2020 , 2274 
0x3E3E , 5930 
0x1C1C , 6675 
0x5A5A , -339 
0x6E6E , 5308 
0x2020 , 2041 
0x3E3E , 5656 
0x1C1C , 6784 
0x5A5A , 7064 
0x6E6E , 5878 
0x2020 , 1905 
0x3E3E , 5906 
0x1C1C , 6588 
0x5A5A , -339 
0x6E6E , 5812 
0x2020 , 1837 
0x3E3E , 5220 
0x1C1C , 6150 
0x5A5A , 7336 
0x6E6E , 6185 
0x2020 , 1823 
0x3E3E , 4709 
0x1C1C , 5816 
0x5A5A , -339 
0x6E6E , 6608 
0x2020 , 2031 
0x3E3E , 3985 
0x1C1C , 5268 
0x5A5A , 7455 
0x6E6E , 7051 
0x2020 , 2468 
0x3E3E , 3661 
0x1C1C , 5456 
0x5A5A , -339 
0x6E6E , 7580 
0x2020 , 2744 
0x3E3E , 3735 
0x1C1C , 5186 
0x5A5A , 6816 
0x6E6E , 7711 
0x2020 , 2909 
0x3E3E , 4050 
0x1C1C , 4392 
0x5A5A , -339 
0x6E6E , 7223 
0x2020 , 3244 
0x3E3E , 4454 
0x1C1C , 4173 
0x5A5A , 6572 
0x6E6E , 6865 
0x2020 , 3709 
0x3E3E , -218 
0x1C1C , 4291 
0x5A5A , -339 
0x6E6E , 6371 
0x2020 , 3971 
0x3E3E , 5540 
0x1C1C , 4474 
0x5A5A , 5408 
0x6E6E , 5888 
0x2020 , 4228 
0x3E3E , 5786 
0x1C1C , 4565 
0x5A5A , -339 
0x6E6E , 5485 
0x2020 , 4616 
0x3E3E , 6101 
0x1C1C , 4753 
0x5A5A , 4917 
0x6E6E , 5283 
0x2020 , 4645 
0x3E3E , 6138 
0x1C1C , 4816 
0x5A5A , -339 
0x6E6E , 5243 
0x2020 , 4699 
0x3E3E , 6185 
0x1C1C , 4743 
0x5A5A , 4941 
0x6E6E , 5218 
0x2020 , 4704 
0x3E3E , 6254 
0x1C1C , 4789 
0x5A5A , -339 
0x6E6E , 5213 
0x2020 , 4694 
0x3E3E , 6236 
0x1C1C , 4775 
0x5A5A , 4941 
0x6E6E , 5198 
0x2020 , 4718 
0x3E3E , 6199 
0x1C1C , 4780 
0x5A5A , -339 
0x6E6E , 5213 
0x2020 , 4548 
0x3E3E , 6171 
0x1C1C , 4798 
0x5A5A , 4335 
0x6E6E , 5389 
0x2020 , 4577 
0x3E3E , 6125 
0x1C1C , 4867 
0x5A5A , -339 
0x6E6E , 5832 
0x2020 , 4587 
0x3E3E , 6185 
0x1C1C , 4858 
0x5A5A , 4421 
0x6E6E , 5389 
0x2020 , 4553 
0x3E3E , 6162 
0x1C1C , 4862 
0x5A5A , -339 
0x6E6E , 5314 
0x2020 , 4539 
0x3E3E , 6176 
0x1C1C , 4853 
0x5A5A , 4416 
0x6E6E , 5339 
0x2020 , 4587 
0x3E3E , 6171 
0x1C1C , 4803 
0x5A5A , -339 
0x6E6E , 5268 
0x2020 , 4539 
0x3E3E , 6166 
0x1C1C , 4871 
0x5A5A , 4412 
0x6E6E , 5374 
0x2020 , 4621 
0x3E3E , 6176 
0x1C1C , 4871 
0x5A5A , -339 
0x6E6E , 5510 
0x2020 , 4582 
0x3E3E , 6203 
0x1C1C , 4876 
0x5A5A , 4407 
0x6E6E , 5409 
0x2020 , 4607 
0x3E3E , 6180 
0x1C1C , 4885 
0x5A5A , -339 
0x6E6E , 5319 
0x2020 , 4568 
0x3E3E , 6231 
0x1C1C , 4885 
0x5A5A , 4402 
0x6E6E , 5399 
0x2020 , 4631 
0x3E3E , 6208 
0x1C1C , 4871 
0x5A5A , -339 
0x6E6E , 5278 
