

15:25:08.817:
0x2020 , 4248 
0x3E3E , 6036 
0x1C1C , 4725 
0x5A5A , 4893 
0x6E6E , 5399 

15:25:09.471:
0x2020 , 4214 
0x3E3E , 5916 
0x1C1C , 4734 
0x5A5A , -339 
0x6E6E , 5379 

15:25:10.040:
0x2020 , 4316 
0x3E3E , 6027 
0x1C1C , 4753 
0x5A5A , 4865 
0x6E6E , 5389 

15:25:10.720:
0x2020 , 4214 
0x3E3E , 6046 
0x1C1C , 4771 
0x5A5A , -339 
0x6E6E , 5228 

15:25:11.289:
0x2020 , 4272 
0x3E3E , 6018 
0x1C1C , 4707 
0x5A5A , 4812 
0x6E6E , 5379 

15:25:11.959:
0x2020 , 4330 
0x3E3E , 5934 
0x1C1C , 4675 
0x5A5A , -339 
0x6E6E , 5465 

15:25:12.575:
0x2020 , 4456 
0x3E3E , 5999 
0x1C1C , 4798 
0x5A5A , 4889 
0x6E6E , 5450 

15:25:13.245:
0x2020 , 4316 
0x3E3E , 5944 
0x1C1C , 4798 
0x5A5A , -339 
0x6E6E , 5359 

15:25:13.824:
0x2020 , 4374 
0x3E3E , 6022 
0x1C1C , 4780 
0x5A5A , 4827 
0x6E6E , 5404 

15:25:14.526:
0x2020 , 4354 
0x3E3E , 5990 
0x1C1C , 4803 
0x5A5A , -339 
0x6E6E , 5369 

15:25:15.148:
0x2020 , 4296 
0x3E3E , 5888 
0x1C1C , 4721 
0x5A5A , 4793 
0x6E6E , 6215 

15:25:15.681:
0x2020 , 4286 
0x3E3E , 5985 
0x1C1C , 4730 
0x5A5A , 4750 
0x6E6E , 5581 

15:25:16.265:
0x2020 , 4301 
0x3E3E , 6092 
0x1C1C , 4807 
0x5A5A , 4803 
0x6E6E , 5359 

15:25:16.914:
0x2020 , 4146 
0x3E3E , 6022 
0x1C1C , 4912 
0x5A5A , -339 
0x6E6E , 5288 

15:25:17.484:
0x2020 , 3758 
0x3E3E , 6036 
0x1C1C , 5109 
0x5A5A , 5084 
0x6E6E , 5293 

15:25:18.170:
0x2020 , 3462 
0x3E3E , 6018 
0x1C1C , 5392 
0x5A5A , -339 
0x6E6E , 5308 

15:25:18.755:
0x2020 , 3171 
0x3E3E , 6143 
0x1C1C , 5634 
0x5A5A , 5871 
0x6E6E , 5263 

15:25:19.519:
0x2020 , 2933 
0x3E3E , 5897 
0x1C1C , -159 
0x5A5A , -339 
0x6E6E , -796 

15:25:20.458:
0x2020 , -291 
0x3E3E , -218 
0x1C1C , -159 
0x5A5A , -339 
0x6E6E , -796 

15:25:21.207:
0x2020 , 2225 
0x3E3E , 5725 
0x1C1C , 6424 
0x5A5A , -339 
0x6E6E , -796 

15:25:21.892:
0x2020 , 1871 
0x3E3E , 5572 
0x1C1C , 6478 
0x5A5A , 7026 
0x6E6E , -796 

15:25:22.508:
0x2020 , 2250 
0x3E3E , 5326 
0x1C1C , 6551 
0x5A5A , 7164 
0x6E6E , 5722 

15:25:23.178:
0x2020 , 1774 
0x3E3E , 5285 
0x1C1C , 6387 
0x5A5A , -339 
0x6E6E , 6180 

15:25:23.758:
0x2020 , 1677 
0x3E3E , 5336 
0x1C1C , 6131 
0x5A5A , 7407 
0x6E6E , 6371 

15:25:24.411:
0x2020 , 1808 
0x3E3E , 4848 
0x1C1C , 5944 
0x5A5A , -339 
0x6E6E , 6664 

15:25:24.996:
0x2020 , 1920 
0x3E3E , 4417 
0x1C1C , 5634 
0x5A5A , 7402 
0x6E6E , 6860 

15:25:25.566:
0x2020 , 2216 
0x3E3E , 4157 
0x1C1C , 5291 
0x5A5A , 7431 
0x6E6E , 7082 

15:25:26.129:
0x2020 , 2516 
0x3E3E , 3846 
0x1C1C , 4976 
0x5A5A , 7321 
0x6E6E , 7495 

15:25:26.731:
0x2020 , 2579 
0x3E3E , 3702 
0x1C1C , 4880 
0x5A5A , 7107 
0x6E6E , 7636 

15:25:27.385:
0x2020 , 2933 
0x3E3E , 3633 
0x1C1C , 4963 
0x5A5A , -339 
0x6E6E , 7752 

15:25:27.986:
0x2020 , 2948 
0x3E3E , 4092 
0x1C1C , 4643 
0x5A5A , 6668 
0x6E6E , 7510 

15:25:28.750:
0x2020 , 3055 
0x3E3E , -218 
0x1C1C , 4264 
0x5A5A , -339 
0x6E6E , 6996 

15:25:29.351:
0x2020 , 3394 
0x3E3E , 4621 
0x1C1C , 4177 
0x5A5A , 6343 
0x6E6E , 6830 

15:25:30.036:
0x2020 , 3724 
0x3E3E , 5447 
0x1C1C , 4228 
0x5A5A , -339 
0x6E6E , 6422 

15:25:30.652:
0x2020 , 3961 
0x3E3E , 5512 
0x1C1C , 4291 
0x5A5A , 5699 
0x6E6E , 6094 

15:25:31.191:
0x2020 , 4136 
0x3E3E , 5364 
0x1C1C , 4442 
0x5A5A , 5461 
0x6E6E , 5868 

15:25:31.775:
0x2020 , 4243 
0x3E3E , 5976 
0x1C1C , 4775 
0x5A5A , 5227 
0x6E6E , 5510 

15:25:32.424:
0x2020 , 4301 
0x3E3E , 6166 
0x1C1C , 4949 
0x5A5A , -339 
0x6E6E , 5223 

15:25:32.993:
0x2020 , 4757 
0x3E3E , 6547 
0x1C1C , 5031 
0x5A5A , 4827 
0x6E6E , 4926 

15:25:33.741:
0x2020 , 5111 
0x3E3E , -218 
0x1C1C , -159 
0x5A5A , -339 
0x6E6E , 4659 

15:25:34.342:
0x2020 , 5504 
0x3E3E , 7271 
0x1C1C , 5337 
0x5A5A , 4001 
0x6E6E , 4639 

15:25:35.813:
0x2020 , -291 
0x3E3E , -218 
0x1C1C , -159 
0x5A5A , -339 
0x6E6E , -796 

15:25:36.514:
0x2020 , -291 
0x3E3E , -218 
0x1C1C , 6090 
0x5A5A , 2117 
0x6E6E , 3863 

15:25:37.200:
0x2020 , -291 
0x3E3E , 9025 
0x1C1C , 6072 
0x5A5A , 1893 
0x6E6E , 4261 

15:25:37.780:
0x2020 , 7366 
0x3E3E , 8537 
0x1C1C , 5428 
0x5A5A , 1626 
0x6E6E , 4880 

15:25:38.401:
0x2020 , 7487 
0x3E3E , 8268 
0x1C1C , 5237 
0x5A5A , 1592 
0x6E6E , 5092 

15:25:39.003:
0x2020 , 7604 
0x3E3E , 8213 
0x1C1C , 4999 
0x5A5A , 1788 
0x6E6E , 5555 

15:25:39.550:
0x2020 , 7628 
0x3E3E , 8115 
0x1C1C , 4707 
0x5A5A , 1960 
0x6E6E , 5727 

15:25:40.135:
0x2020 , 7647 
0x3E3E , 7809 
0x1C1C , 4410 
0x5A5A , 2270 
0x6E6E , 6165 

15:25:40.704:
0x2020 , 7638 
0x3E3E , 7558 
0x1C1C , 4145 
0x5A5A , 2718 
0x6E6E , 6477 

15:25:41.336:
0x2020 , 7550 
0x3E3E , 7210 
0x1C1C , 3798 
0x5A5A , -339 
0x6E6E , 6603 

15:25:41.921:
0x2020 , 6842 
0x3E3E , 7039 
0x1C1C , -159 
0x5A5A , 3329 
0x6E6E , 6840 

15:25:42.869:
0x2020 , -291 
0x3E3E , -218 
0x1C1C , 3374 
0x5A5A , -339 
0x6E6E , -796 

15:25:43.639:
0x2020 , 5809 
0x3E3E , 6528 
0x1C1C , 3387 
0x5A5A , -339 
0x6E6E , -796 

15:25:44.293:
0x2020 , 5431 
0x3E3E , 5948 
0x1C1C , 3680 
0x5A5A , 3772 
0x6E6E , -796 

15:25:44.894:
0x2020 , 5722 
0x3E3E , 6398 
0x1C1C , 3908 
0x5A5A , 4144 
0x6E6E , 6104 

15:25:45.595:
0x2020 , 5392 
0x3E3E , 6482 
0x1C1C , 4196 
0x5A5A , -339 
0x6E6E , 5822 

15:25:46.196:
0x2020 , 4801 
0x3E3E , 6853 
0x1C1C , 4442 
0x5A5A , 4698 
0x6E6E , 5656 

15:25:46.860:
0x2020 , 4413 
0x3E3E , 6417 
0x1C1C , 4785 
0x5A5A , -339 
0x6E6E , 5339 

15:25:47.429:
0x2020 , 3957 
0x3E3E , 6055 
0x1C1C , 5090 
0x5A5A , 5117 
0x6E6E , 5394 

15:25:48.094:
0x2020 , 3559 
0x3E3E , -218 
0x1C1C , 5351 
0x5A5A , 5294 
0x6E6E , 5374 

15:25:48.763:
0x2020 , 3336 
0x3E3E , 6143 
0x1C1C , 5679 
0x5A5A , 5447 
0x6E6E , 5339 

15:25:49.417:
0x2020 , 3006 
0x3E3E , -218 
0x1C1C , 6067 
0x5A5A , 5981 
0x6E6E , 5102 

15:25:50.080:
0x2020 , 2667 
0x3E3E , 6189 
0x1C1C , 6291 
0x5A5A , -339 
0x6E6E , 4951 

15:25:50.650:
0x2020 , 2468 
0x3E3E , 5971 
0x1C1C , 6602 
0x5A5A , 6553 
0x6E6E , 5178 

15:25:51.320:
0x2020 , 2269 
0x3E3E , 6018 
0x1C1C , 6638 
0x5A5A , -339 
0x6E6E , 5278 

15:25:51.921:
0x2020 , 1934 
0x3E3E , 5828 
0x1C1C , 6739 
0x5A5A , 7116 
0x6E6E , 5581 

15:25:52.606:
0x2020 , 1803 
0x3E3E , 5563 
0x1C1C , 6757 
0x5A5A , -339 
0x6E6E , 5978 

15:25:53.184:
0x2020 , 2094 
0x3E3E , 5234 
0x1C1C , 6488 
0x5A5A , 7173 
0x6E6E , 5928 

15:25:53.806:
0x2020 , 1886 
0x3E3E , 5057 
0x1C1C , 6154 
0x5A5A , 7240 
0x6E6E , 6195 

15:25:54.486:
0x2020 , 1900 
0x3E3E , 4983 
0x1C1C , 5894 
0x5A5A , -339 
0x6E6E , 6523 

15:25:55.055:
0x2020 , 1978 
0x3E3E , 4496 
0x1C1C , 5529 
0x5A5A , 7345 
0x6E6E , 6855 

15:25:55.640:
0x2020 , 2332 
0x3E3E , 4231 
0x1C1C , 5264 
0x5A5A , 7383 
0x6E6E , 7097 

15:25:56.210:
0x2020 , 2380 
0x3E3E , 3948 
0x1C1C , 4894 
0x5A5A , 7417 
0x6E6E , 7434 

15:25:56.773:
0x2020 , 2584 
0x3E3E , 3702 
0x1C1C , 4428 
0x5A5A , 6987 
0x6E6E , 7691 

15:25:57.443:
0x2020 , 2705 
0x3E3E , 3791 
0x1C1C , 4762 
0x5A5A , -339 
0x6E6E , 7505 

15:25:58.011:
0x2020 , 2938 
0x3E3E , 4162 
0x1C1C , 4511 
0x5A5A , 6520 
0x6E6E , 7344 

15:25:58.675:
0x2020 , 3147 
0x3E3E , 4426 
0x1C1C , 4269 
0x5A5A , -339 
0x6E6E , 6729 

15:25:59.275:
0x2020 , 3452 
0x3E3E , 5108 
0x1C1C , 4291 
0x5A5A , 6229 
0x6E6E , 6407 

15:25:59.977:
0x2020 , 3928 
0x3E3E , 5461 
0x1C1C , 4360 
0x5A5A , -339 
0x6E6E , 5858 

15:26:00.546:
0x2020 , 4199 
0x3E3E , 5916 
0x1C1C , 4570 
0x5A5A , 5356 
0x6E6E , 5570 

15:26:01.348:
0x2020 , 4442 
0x3E3E , 6157 
0x1C1C , -159 
0x5A5A , -339 
0x6E6E , -796 

15:26:02.296:
0x2020 , -291 
0x3E3E , -218 
0x1C1C , -159 
0x5A5A , -339 
0x6E6E , 4734 

15:26:02.850:
0x2020 , 5625 
0x3E3E , 7563 
0x1C1C , 5250 
0x5A5A , 3348 
0x6E6E , 4628 

15:26:03.615:
0x2020 , 5897 
0x3E3E , -218 
0x1C1C , 5456 
0x5A5A , -339 
0x6E6E , -796 

15:26:04.183:
0x2020 , 6197 
0x3E3E , 8426 
0x1C1C , 5739 
0x5A5A , 3186 
0x6E6E , 4054 

15:26:04.753:
0x2020 , -291 
0x3E3E , 8927 
0x1C1C , 6191 
0x5A5A , 2208 
0x6E6E , 3822 

15:26:05.501:
0x2020 , -291 
0x3E3E , 8950 
0x1C1C , 6214 
0x5A5A , -339 
0x6E6E , 4130 

15:26:06.055:
0x2020 , 7482 
0x3E3E , 8454 
0x1C1C , 5976 
0x5A5A , 1621 
0x6E6E , 4840 

15:26:06.670:
0x2020 , 7570 
0x3E3E , 8500 
0x1C1C , 5483 
0x5A5A , 1540 
0x6E6E , 5016 

15:26:07.256:
0x2020 , 7638 
0x3E3E , 8278 
0x1C1C , 5109 
0x5A5A , 1640 
0x6E6E , 5329 

15:26:07.826:
0x2020 , 7613 
0x3E3E , 8087 
0x1C1C , 4821 
0x5A5A , 1845 
0x6E6E , 5782 

15:26:08.442:
0x2020 , 7633 
0x3E3E , 7855 
0x1C1C , 4424 
0x5A5A , 2384 
0x6E6E , 6024 

15:26:09.043:
0x2020 , 7613 
0x3E3E , 7646 
0x1C1C , 4145 
0x5A5A , 2503 
0x6E6E , 6407 

15:26:09.728:
0x2020 , 7536 
0x3E3E , 7387 
0x1C1C , 3839 
0x5A5A , -339 
0x6E6E , 6593 

15:26:10.292:
0x2020 , 7230 
0x3E3E , 7011 
0x1C1C , 3314 
0x5A5A , 3400 
0x6E6E , 6784 

15:26:10.945:
0x2020 , 6367 
0x3E3E , 6250 
0x1C1C , 3351 
0x5A5A , -339 
0x6E6E , 6860 

15:26:11.530:
0x2020 , 5974 
0x3E3E , 6886 
0x1C1C , 3474 
0x5A5A , 3954 
0x6E6E , 6689 

15:26:12.109:
0x2020 , 5523 
0x3E3E , 6111 
0x1C1C , 3616 
0x5A5A , 3853 
0x6E6E , 6472 

15:26:12.763:
0x2020 , 5179 
0x3E3E , 6551 
0x1C1C , 3844 
0x5A5A , -339 
0x6E6E , 6120 

15:26:13.332:
0x2020 , 4704 
0x3E3E , 6468 
0x1C1C , 4196 
0x5A5A , 4378 
0x6E6E , 5842 

15:26:14.012:
0x2020 , 4573 
0x3E3E , 6821 
0x1C1C , 4456 
0x5A5A , -339 
0x6E6E , 5701 

15:26:14.697:
0x2020 , 4189 
0x3E3E , -218 
0x1C1C , 4926 
0x5A5A , 5060 
0x6E6E , 5409 

15:26:15.383:
0x2020 , 3661 
0x3E3E , 6203 
0x1C1C , 5195 
0x5A5A , 5222 
0x6E6E , 5379 

15:26:16.136:
0x2020 , -291 
0x3E3E , 6073 
0x1C1C , 5689 
0x5A5A , -339 
0x6E6E , 5439 

15:26:16.815:
0x2020 , 3137 
0x3E3E , 6185 
0x1C1C , 6022 
0x5A5A , -339 
0x6E6E , 4946 

15:26:17.537:
0x2020 , 2754 
0x3E3E , 5883 
0x1C1C , 6291 
0x5A5A , -339 
0x6E6E , 4946 

15:26:18.069:
0x2020 , 2550 
0x3E3E , 6004 
0x1C1C , 6483 
0x5A5A , 6539 
0x6E6E , 5031 

15:26:18.738:
0x2020 , 2259 
0x3E3E , 5971 
0x1C1C , 6725 
0x5A5A , -339 
0x6E6E , 5424 

15:26:19.317:
0x2020 , 2308 
0x3E3E , 5869 
0x1C1C , 6958 
0x5A5A , 7078 
0x6E6E , 5696 

15:26:19.956:
0x2020 , 2056 
0x3E3E , 6250 
0x1C1C , 6871 
0x5A5A , -339 
0x6E6E , 5586 

15:26:20.541:
0x2020 , 1735 
0x3E3E , 5855 
0x1C1C , 6670 
0x5A5A , 7278 
0x6E6E , 5747 

15:26:21.142:
0x2020 , 1774 
0x3E3E , 5368 
0x1C1C , 6351 
0x5A5A , 7316 
0x6E6E , 5938 

15:26:21.790:
0x2020 , 1895 
0x3E3E , 5229 
0x1C1C , 6113 
0x5A5A , -339 
0x6E6E , 6245 

15:26:22.391:
0x2020 , 1973 
0x3E3E , 4519 
0x1C1C , 5748 
0x5A5A , 7402 
0x6E6E , 6628 

15:26:23.092:
0x2020 , 2099 
0x3E3E , 4032 
0x1C1C , 5944 
0x5A5A , -339 
0x6E6E , 7001 

15:26:23.661:
0x2020 , 2123 
0x3E3E , 3637 
0x1C1C , 5383 
0x5A5A , 7226 
0x6E6E , 7485 

15:26:24.362:
0x2020 , 2550 
0x3E3E , 3679 
0x1C1C , 4862 
0x5A5A , -339 
0x6E6E , 7721 

15:26:24.979:
0x2020 , 2705 
0x3E3E , 3721 
0x1C1C , 4575 
0x5A5A , 6816 
0x6E6E , 7500 

15:26:25.626:
0x2020 , 2972 
0x3E3E , 4190 
0x1C1C , 4241 
0x5A5A , -339 
0x6E6E , 7238 

15:26:26.165:
0x2020 , 3287 
0x3E3E , 4417 
0x1C1C , 4237 
0x5A5A , 6611 
0x6E6E , 6996 

15:26:26.828:
0x2020 , 3612 
0x3E3E , 4667 
0x1C1C , 4273 
0x5A5A , -339 
0x6E6E , 6623 

15:26:27.413:
0x2020 , 3831 
0x3E3E , 5002 
0x1C1C , 4305 
0x5A5A , 5609 
0x6E6E , 6553 

15:26:27.982:
0x2020 , 4112 
0x3E3E , 5489 
0x1C1C , 4611 
0x5A5A , 5385 
0x6E6E , 5752 

15:26:28.652:
0x2020 , 4359 
0x3E3E , 5925 
0x1C1C , 4775 
0x5A5A , -339 
0x6E6E , 5324 

15:26:29.253:
0x2020 , 4645 
0x3E3E , 6408 
0x1C1C , 4890 
0x5A5A , 4841 
0x6E6E , 4900 

15:26:29.917:
0x2020 , 5189 
0x3E3E , 7512 
0x1C1C , 5095 
0x5A5A , -339 
0x6E6E , 4729 

15:26:30.518:
0x2020 , 5785 
0x3E3E , 7943 
0x1C1C , 5437 
0x5A5A , 3338 
0x6E6E , 4518 

15:26:31.218:
0x2020 , 5581 
0x3E3E , 8319 
0x1C1C , 5625 
0x5A5A , -339 
0x6E6E , 4220 

15:26:32.019:
0x2020 , 6828 
0x3E3E , -218 
0x1C1C , -159 
0x5A5A , -339 
0x6E6E , -796 

15:26:33.058:
0x2020 , -291 
0x3E3E , -218 
0x1C1C , -159 
0x5A5A , -339 
0x6E6E , -796 

15:26:33.736:
0x2020 , 7434 
0x3E3E , 8231 
0x1C1C , 5889 
0x5A5A , 1693 
0x6E6E , -796 

15:26:34.274:
0x2020 , 7410 
0x3E3E , 8087 
0x1C1C , 4839 
0x5A5A , 1850 
0x6E6E , 5354 

15:26:36.007:
0x2020 , -291 
0x3E3E , -218 
0x1C1C , -159 
0x5A5A , -339 
0x6E6E , -796 

15:26:36.592:
0x2020 , 7366 
0x3E3E , 7034 
0x1C1C , 3671 
0x5A5A , 3357 
0x6E6E , 6588 

15:26:37.278:
0x2020 , 6479 
0x3E3E , 7034 
0x1C1C , 3419 
0x5A5A , -339 
0x6E6E , 6618 

15:26:37.826:
0x2020 , 5979 
0x3E3E , 6886 
0x1C1C , 3543 
0x5A5A , 3667 
0x6E6E , 6432 

15:26:38.511:
0x2020 , 5552 
0x3E3E , 6584 
0x1C1C , 3657 
0x5A5A , -339 
0x6E6E , 6256 

15:26:39.112:
0x2020 , 5096 
0x3E3E , 6454 
0x1C1C , 3958 
0x5A5A , 4130 
0x6E6E , 5978 

15:26:39.797:
0x2020 , 4602 
0x3E3E , 6547 
0x1C1C , 4232 
0x5A5A , -339 
0x6E6E , 5575 

15:26:40.483:
0x2020 , -291 
0x3E3E , 6036 
0x1C1C , 4743 
0x5A5A , 4836 
0x6E6E , 5334 

15:26:41.164:
0x2020 , 3743 
0x3E3E , 5999 
0x1C1C , 5081 
0x5A5A , -339 
0x6E6E , 5314 

15:26:41.783:
0x2020 , 3253 
0x3E3E , 6092 
0x1C1C , 5510 
0x5A5A , 5418 
0x6E6E , 5228 

15:26:42.432:
0x2020 , 2943 
0x3E3E , 6101 
0x1C1C , 5889 
0x5A5A , -339 
0x6E6E , 5041 

15:26:44.919:
0x2020 , 1910 
0x3E3E , 6013 
0x1C1C , 6688 
0x5A5A , 7173 
0x6E6E , 5732 

15:26:45.489:
0x2020 , 1837 
0x3E3E , 5428 
0x1C1C , 6414 
0x5A5A , 7278 
0x6E6E , 5958 

15:26:46.137:
0x2020 , 1813 
0x3E3E , 5215 
0x1C1C , 6022 
0x5A5A , -339 
0x6E6E , 6286 

15:26:46.722:
0x2020 , 1992 
0x3E3E , 4519 
0x1C1C , 5588 
0x5A5A , 7307 
0x6E6E , 6674 

15:26:47.392:
0x2020 , 2056 
0x3E3E , 3958 
0x1C1C , 5109 
0x5A5A , -339 
0x6E6E , 7112 

15:26:47.993:
0x2020 , 2657 
0x3E3E , 3517 
0x1C1C , 5232 
0x5A5A , 7154 
0x6E6E , 7595 

15:26:48.578:
0x2020 , 2647 
0x3E3E , 3777 
0x1C1C , 4748 
0x5A5A , 6830 
0x6E6E , 7520 

15:26:49.257:
0x2020 , 2875 
0x3E3E , 4129 
0x1C1C , 4392 
0x5A5A , -339 
0x6E6E , 7127 

15:26:49.842:
0x2020 , 3205 
0x3E3E , 4459 
0x1C1C , 4337 
0x5A5A , 6487 
0x6E6E , 6789 

15:26:50.527:
0x2020 , 3622 
0x3E3E , 5243 
0x1C1C , 4492 
0x5A5A , -339 
0x6E6E , 6286 

15:26:51.144:
0x2020 , 4010 
0x3E3E , 5693 
0x1C1C , -159 
0x5A5A , 5451 
0x6E6E , 5596 

15:26:52.045:
0x2020 , -291 
0x3E3E , -218 
0x1C1C , 4958 
0x5A5A , -339 
0x6E6E , -796 

15:26:52.698:
0x2020 , 5198 
0x3E3E , 6890 
0x1C1C , 5195 
0x5A5A , 4297 
0x6E6E , -796 

15:26:53.362:
0x2020 , 5717 
0x3E3E , 7303 
0x1C1C , 5437 
0x5A5A , 3648 
0x6E6E , -796 

15:26:53.947:
0x2020 , 6105 
0x3E3E , 7920 
0x1C1C , 5684 
0x5A5A , 2947 
0x6E6E , 4125 

15:26:54.517:
0x2020 , 6285 
0x3E3E , 8844 
0x1C1C , 5825 
0x5A5A , 2647 
0x6E6E , 3893 

15:26:55.186:
0x2020 , 7119 
0x3E3E , 9043 
0x1C1C , 6236 
0x5A5A , -339 
0x6E6E , 4034 

15:26:55.788:
0x2020 , 7482 
0x3E3E , 8454 
0x1C1C , 6036 
0x5A5A , 1788 
0x6E6E , 4729 

15:26:56.436:
0x2020 , 7575 
0x3E3E , 8324 
0x1C1C , 5565 
0x5A5A , -339 
0x6E6E , 5238 

15:26:57.036:
0x2020 , 7536 
0x3E3E , 8087 
0x1C1C , 4821 
0x5A5A , 1850 
0x6E6E , 5636 

15:26:57.737:
0x2020 , 7555 
0x3E3E , 7795 
0x1C1C , 4506 
0x5A5A , -339 
0x6E6E , 6175 

15:26:58.338:
0x2020 , 7424 
0x3E3E , 7452 
0x1C1C , 3935 
0x5A5A , 2909 
0x6E6E , 6568 

15:26:58.955:
0x2020 , 7458 
0x3E3E , 7020 
0x1C1C , 3680 
0x5A5A , 3338 
0x6E6E , 6628 

15:26:59.592:
0x2020 , 7177 
0x3E3E , 6811 
0x1C1C , 3260 
0x5A5A , -339 
0x6E6E , 6694 

15:27:00.139:
0x2020 , 6328 
0x3E3E , 6537 
0x1C1C , 3419 
0x5A5A , 3701 
0x6E6E , 6528 

15:27:00.808:
0x2020 , 5795 
0x3E3E , 6519 
0x1C1C , 3561 
0x5A5A , -339 
0x6E6E , 6316 

15:27:01.390:
0x2020 , 5092 
0x3E3E , 6329 
0x1C1C , 3826 
0x5A5A , 4011 
0x6E6E , 6039 

15:27:02.057:
0x2020 , 4679 
0x3E3E , 6449 
0x1C1C , 4132 
0x5A5A , -339 
0x6E6E , 5661 

15:27:02.626:
0x2020 , 4330 
0x3E3E , 6064 
0x1C1C , 4556 
0x5A5A , 4803 
0x6E6E , 5414 

15:27:03.411:
0x2020 , 4058 
0x3E3E , -218 
0x1C1C , 4976 
0x5A5A , -339 
0x6E6E , 5349 

15:27:03.996:
0x2020 , 3428 
0x3E3E , 5990 
0x1C1C , 5442 
0x5A5A , 5366 
0x6E6E , 5178 

15:27:04.744:
0x2020 , 3079 
0x3E3E , -218 
0x1C1C , 5903 
0x5A5A , -339 
0x6E6E , 5011 

15:27:05.361:
0x2020 , 2516 
0x3E3E , 5920 
0x1C1C , 6387 
0x5A5A , 6506 
0x6E6E , 5097 

15:27:06.030:
0x2020 , 2274 
0x3E3E , 5930 
0x1C1C , 6675 
0x5A5A , -339 
0x6E6E , 5308 

15:27:06.663:
0x2020 , 2041 
0x3E3E , 5656 
0x1C1C , 6784 
0x5A5A , 7064 
0x6E6E , 5878 

15:27:07.301:
0x2020 , 1905 
0x3E3E , 5906 
0x1C1C , 6588 
0x5A5A , -339 
0x6E6E , 5812 

15:27:07.848:
0x2020 , 1837 
0x3E3E , 5220 
0x1C1C , 6150 
0x5A5A , 7336 
0x6E6E , 6185 

15:27:08.518:
0x2020 , 1823 
0x3E3E , 4709 
0x1C1C , 5816 
0x5A5A , -339 
0x6E6E , 6608 

15:27:09.098:
0x2020 , 2031 
0x3E3E , 3985 
0x1C1C , 5268 
0x5A5A , 7455 
0x6E6E , 7051 

15:27:09.767:
0x2020 , 2468 
0x3E3E , 3661 
0x1C1C , 5456 
0x5A5A , -339 
0x6E6E , 7580 

15:27:10.336:
0x2020 , 2744 
0x3E3E , 3735 
0x1C1C , 5186 
0x5A5A , 6816 
0x6E6E , 7711 

15:27:11.006:
0x2020 , 2909 
0x3E3E , 4050 
0x1C1C , 4392 
0x5A5A , -339 
0x6E6E , 7223 

15:27:11.623:
0x2020 , 3244 
0x3E3E , 4454 
0x1C1C , 4173 
0x5A5A , 6572 
0x6E6E , 6865 

15:27:12.371:
0x2020 , 3709 
0x3E3E , -218 
0x1C1C , 4291 
0x5A5A , -339 
0x6E6E , 6371 

15:27:12.988:
0x2020 , 3971 
0x3E3E , 5540 
0x1C1C , 4474 
0x5A5A , 5408 
0x6E6E , 5888 

15:27:13.658:
0x2020 , 4228 
0x3E3E , 5786 
0x1C1C , 4565 
0x5A5A , -339 
0x6E6E , 5485 

15:27:14.274:
0x2020 , 4616 
0x3E3E , 6101 
0x1C1C , 4753 
0x5A5A , 4917 
0x6E6E , 5283 

15:27:14.928:
0x2020 , 4645 
0x3E3E , 6138 
0x1C1C , 4816 
0x5A5A , -339 
0x6E6E , 5243 

15:27:15.476:
0x2020 , 4699 
0x3E3E , 6185 
0x1C1C , 4743 
0x5A5A , 4941 
0x6E6E , 5218 

15:27:16.129:
0x2020 , 4704 
0x3E3E , 6254 
0x1C1C , 4789 
0x5A5A , -339 
0x6E6E , 5213 

15:27:16.714:
0x2020 , 4694 
0x3E3E , 6236 
0x1C1C , 4775 
0x5A5A , 4941 
0x6E6E , 5198 

15:27:17.394:
0x2020 , 4718 
0x3E3E , 6199 
0x1C1C , 4780 
0x5A5A , -339 
0x6E6E , 5213 

15:27:17.979:
0x2020 , 4548 
0x3E3E , 6171 
0x1C1C , 4798 
0x5A5A , 4335 
0x6E6E , 5389 

15:27:18.633:
0x2020 , 4577 
0x3E3E , 6125 
0x1C1C , 4867 
0x5A5A , -339 
0x6E6E , 5832 

15:27:19.218:
0x2020 , 4587 
0x3E3E , 6185 
0x1C1C , 4858 
0x5A5A , 4421 
0x6E6E , 5389 

15:27:19.918:
0x2020 , 4553 
0x3E3E , 6162 
0x1C1C , 4862 
0x5A5A , -339 
0x6E6E , 5314 

15:27:20.497:
0x2020 , 4539 
0x3E3E , 6176 
0x1C1C , 4853 
0x5A5A , 4416 
0x6E6E , 5339 

15:27:21.198:
0x2020 , 4587 
0x3E3E , 6171 
0x1C1C , 4803 
0x5A5A , -339 
0x6E6E , 5268 

15:27:21.819:
0x2020 , 4539 
0x3E3E , 6166 
0x1C1C , 4871 
0x5A5A , 4412 
0x6E6E , 5374 

15:27:22.468:
0x2020 , 4621 
0x3E3E , 6176 
0x1C1C , 4871 
0x5A5A , -339 
0x6E6E , 5510 

15:27:23.022:
0x2020 , 4582 
0x3E3E , 6203 
0x1C1C , 4876 
0x5A5A , 4407 
0x6E6E , 5409 

15:27:23.670:
0x2020 , 4607 
0x3E3E , 6180 
0x1C1C , 4885 
0x5A5A , -339 
0x6E6E , 5319 

15:27:24.240:
0x2020 , 4568 
0x3E3E , 6231 
0x1C1C , 4885 
0x5A5A , 4402 
0x6E6E , 5399 

15:27:24.925:
0x2020 , 4631 
0x3E3E , 6208 
0x1C1C , 4871 
0x5A5A , -339 
0x6E6E , 5278 