

15:30:58.906:
0x2020 , 4543 
0x3E3E , 6036 
0x1C1C , 4858 
0x5A5A , 4860 
0x6E6E , 5490 

15:31:00.377:
0x2020 , -291 
0x3E3E , -218 
0x1C1C , -159 
0x5A5A , -339 
0x6E6E , -796 

15:31:00.909:
0x2020 , 4325 
0x3E3E , 5948 
0x1C1C , -159 
0x5A5A , 4741 
0x6E6E , 5460 

15:31:01.864:
0x2020 , -291 
0x3E3E , -218 
0x1C1C , 4666 
0x5A5A , -339 
0x6E6E , -796 

15:31:02.496:
0x2020 , 4243 
0x3E3E , 5869 
0x1C1C , 4684 
0x5A5A , 4788 
0x6E6E , -796 

15:31:03.181:
0x2020 , 4228 
0x3E3E , 5888 
0x1C1C , 4711 
0x5A5A , -339 
0x6E6E , 5444 

15:31:03.766:
0x2020 , 4248 
0x3E3E , 5902 
0x1C1C , 4730 
0x5A5A , 4931 
0x6E6E , 6039 

15:31:04.361:
0x2020 , 4257 
0x3E3E , 5893 
0x1C1C , 4702 
0x5A5A , 4836 
0x6E6E , 5581 

15:31:05.030:
0x2020 , 4272 
0x3E3E , 5976 
0x1C1C , 4757 
0x5A5A , -339 
0x6E6E , 5586 

15:31:05.616:
0x2020 , 4243 
0x3E3E , 5934 
0x1C1C , 4743 
0x5A5A , 4865 
0x6E6E , 5525 

15:31:06.316:
0x2020 , 4248 
0x3E3E , 5999 
0x1C1C , 4753 
0x5A5A , -339 
0x6E6E , 5384 

15:31:06.917:
0x2020 , 4233 
0x3E3E , 6060 
0x1C1C , 4748 
0x5A5A , 4836 
0x6E6E , 5379 

15:31:07.587:
0x2020 , 4243 
0x3E3E , 6069 
0x1C1C , 4734 
0x5A5A , -339 
0x6E6E , 5314 

15:31:08.150:
0x2020 , 4243 
0x3E3E , 5962 
0x1C1C , 4757 
0x5A5A , 4836 
0x6E6E , 5273 

15:31:08.820:
0x2020 , 4272 
0x3E3E , 6004 
0x1C1C , 4743 
0x5A5A , -339 
0x6E6E , 5334 

15:31:09.390:
0x2020 , 4301 
0x3E3E , 5962 
0x1C1C , 4753 
0x5A5A , 4774 
0x6E6E , 5384 

15:31:10.037:
0x2020 , 4257 
0x3E3E , 6004 
0x1C1C , 4734 
0x5A5A , -339 
0x6E6E , 5298 

15:31:10.607:
0x2020 , 4277 
0x3E3E , 5893 
0x1C1C , 4711 
0x5A5A , 4803 
0x6E6E , 5485 

15:31:11.292:
0x2020 , 4252 
0x3E3E , 5906 
0x1C1C , 4739 
0x5A5A , -339 
0x6E6E , 5228 

15:31:11.893:
0x2020 , 4155 
0x3E3E , 6060 
0x1C1C , 4780 
0x5A5A , 4631 
0x6E6E , 5303 

15:31:12.657:
0x2020 , 4204 
0x3E3E , 6087 
0x1C1C , -159 
0x5A5A , -339 
0x6E6E , -796 

15:31:13.579:
0x2020 , -291 
0x3E3E , -218 
0x1C1C , -159 
0x5A5A , -339 
0x6E6E , -796 

15:31:14.379:
0x2020 , 4165 
0x3E3E , 5897 
0x1C1C , 4894 
0x5A5A , -339 
0x6E6E , -796 

15:31:15.045:
0x2020 , 4141 
0x3E3E , 6073 
0x1C1C , 4903 
0x5A5A , 4497 
0x6E6E , -796 

15:31:15.730:
0x2020 , -291 
0x3E3E , 5902 
0x1C1C , 5040 
0x5A5A , 4550 
0x6E6E , 5223 

15:31:16.301:
0x2020 , 3961 
0x3E3E , 5855 
0x1C1C , 5090 
0x5A5A , 4664 
0x6E6E , 5303 

15:31:16.885:
0x2020 , 3874 
0x3E3E , 5879 
0x1C1C , 5168 
0x5A5A , 4702 
0x6E6E , 5480 

15:31:17.448:
0x2020 , 3763 
0x3E3E , 5976 
0x1C1C , 5278 
0x5A5A , 4822 
0x6E6E , 5308 

15:31:18.033:
0x2020 , 3622 
0x3E3E , 5888 
0x1C1C , 5323 
0x5A5A , 5657 
0x6E6E , 5213 

15:31:18.687:
0x2020 , 3540 
0x3E3E , 5957 
0x1C1C , 5520 
0x5A5A , -339 
0x6E6E , 5137 

15:31:19.366:
0x2020 , 3384 
0x3E3E , 5944 
0x1C1C , 5597 
0x5A5A , -339 
0x6E6E , -796 

15:31:20.305:
0x2020 , -291 
0x3E3E , -218 
0x1C1C , -159 
0x5A5A , 6205 
0x6E6E , -796 

15:31:20.953:
0x2020 , 3181 
0x3E3E , 6069 
0x1C1C , 5958 
0x5A5A , 6072 
0x6E6E , -796 

15:31:21.553:
0x2020 , 2972 
0x3E3E , 5865 
0x1C1C , 5981 
0x5A5A , 5752 
0x6E6E , 5082 

15:31:22.254:
0x2020 , 2885 
0x3E3E , 6083 
0x1C1C , 6223 
0x5A5A , -339 
0x6E6E , 5062 

15:31:22.854:
0x2020 , 2681 
0x3E3E , 6018 
0x1C1C , 6346 
0x5A5A , 6114 
0x6E6E , 5112 

15:31:23.524:
0x2020 , 2608 
0x3E3E , 5999 
0x1C1C , 6529 
0x5A5A , -339 
0x6E6E , 5062 

15:31:24.094:
0x2020 , 2463 
0x3E3E , 6050 
0x1C1C , 6634 
0x5A5A , 7073 
0x6E6E , 4956 

15:31:24.673:
0x2020 , 2347 
0x3E3E , 5953 
0x1C1C , 6780 
0x5A5A , 6868 
0x6E6E , 5137 

15:31:25.258:
0x2020 , 2264 
0x3E3E , 6078 
0x1C1C , 6885 
0x5A5A , 7111 
0x6E6E , 5208 

15:31:25.827:
0x2020 , 2157 
0x3E3E , 5976 
0x1C1C , 6880 
0x5A5A , 7116 
0x6E6E , 5354 

15:31:26.392:
0x2020 , 2419 
0x3E3E , 5962 
0x1C1C , 6981 
0x5A5A , 7183 
0x6E6E , 5661 

15:31:27.061:
0x2020 , 2036 
0x3E3E , 5841 
0x1C1C , 6967 
0x5A5A , -339 
0x6E6E , 5782 

15:31:27.662:
0x2020 , 1881 
0x3E3E , 6125 
0x1C1C , 6898 
0x5A5A , 7231 
0x6E6E , 5706 

15:31:28.247:
0x2020 , 1672 
0x3E3E , 5976 
0x1C1C , 6748 
0x5A5A , 7307 
0x6E6E , 6014 

15:31:28.817:
0x2020 , 1512 
0x3E3E , 5814 
0x1C1C , 6574 
0x5A5A , 7307 
0x6E6E , 5989 

15:31:29.417:
0x2020 , 1338 
0x3E3E , 5415 
0x1C1C , 6469 
0x5A5A , 7398 
0x6E6E , 6225 

15:31:30.034:
0x2020 , 1954 
0x3E3E , 5248 
0x1C1C , 6200 
0x5A5A , 7369 
0x6E6E , 6351 

15:31:30.650:
0x2020 , 1090 
0x3E3E , 5057 
0x1C1C , 6063 
0x5A5A , 7364 
0x6E6E , 6553 

15:31:31.182:
0x2020 , 1784 
0x3E3E , 4835 
0x1C1C , 5985 
0x5A5A , 7379 
0x6E6E , 6674 

15:31:31.768:
0x2020 , 1765 
0x3E3E , 4667 
0x1C1C , 5794 
0x5A5A , 7407 
0x6E6E , 6815 

15:31:32.337:
0x2020 , 1779 
0x3E3E , 4435 
0x1C1C , 5597 
0x5A5A , 7379 
0x6E6E , 7006 

15:31:32.922:
0x2020 , 1891 
0x3E3E , 4241 
0x1C1C , 5588 
0x5A5A , 7412 
0x6E6E , 7117 

15:31:33.469:
0x2020 , 2031 
0x3E3E , 4176 
0x1C1C , 5497 
0x5A5A , 7474 
0x6E6E , 7213 

15:31:34.070:
0x2020 , 2123 
0x3E3E , 4069 
0x1C1C , 5077 
0x5A5A , 7426 
0x6E6E , 7384 

15:31:34.655:
0x2020 , 2293 
0x3E3E , 4166 
0x1C1C , 5104 
0x5A5A , 7426 
0x6E6E , 7470 

15:31:35.256:
0x2020 , 2783 
0x3E3E , 3275 
0x1C1C , 4785 
0x5A5A , 7369 
0x6E6E , 7636 

15:31:35.825:
0x2020 , 2623 
0x3E3E , 3484 
0x1C1C , 4602 
0x5A5A , 7240 
0x6E6E , 7686 

15:31:36.442:
0x2020 , 2938 
0x3E3E , 3433 
0x1C1C , 5168 
0x5A5A , 7192 
0x6E6E , 7767 

15:31:37.111:
0x2020 , 2856 
0x3E3E , 3336 
0x1C1C , 4853 
0x5A5A , -339 
0x6E6E , 7873 

15:31:37.728:
0x2020 , 2977 
0x3E3E , 3800 
0x1C1C , 4616 
0x5A5A , 6859 
0x6E6E , 7918 

15:31:38.392:
0x2020 , 3186 
0x3E3E , 3925 
0x1C1C , 4378 
0x5A5A , -339 
0x6E6E , 7797 

15:31:38.946:
0x2020 , 3316 
0x3E3E , 3916 
0x1C1C , 4237 
0x5A5A , 6954 
0x6E6E , 7817 

15:31:39.593:
0x2020 , 3219 
0x3E3E , 4050 
0x1C1C , 4150 
0x5A5A , -339 
0x6E6E , 7203 

15:31:40.163:
0x2020 , 3239 
0x3E3E , 4231 
0x1C1C , 4164 
0x5A5A , 6725 
0x6E6E , 7172 

15:31:40.848:
0x2020 , 3292 
0x3E3E , 4584 
0x1C1C , 4191 
0x5A5A , -339 
0x6E6E , 7001 

15:31:41.417:
0x2020 , 3486 
0x3E3E , 4681 
0x1C1C , 4196 
0x5A5A , 6339 
0x6E6E , 6764 

15:31:42.082:
0x2020 , 3549 
0x3E3E , 4983 
0x1C1C , 4323 
0x5A5A , -339 
0x6E6E , 6482 

15:31:42.683:
0x2020 , 3768 
0x3E3E , 5076 
0x1C1C , 4369 
0x5A5A , 5885 
0x6E6E , 6437 

15:31:43.384:
0x2020 , 3947 
0x3E3E , 5132 
0x1C1C , 4501 
0x5A5A , -339 
0x6E6E , 5923 

15:31:43.953:
0x2020 , 4088 
0x3E3E , 5447 
0x1C1C , 4588 
0x5A5A , 5370 
0x6E6E , 5817 

15:31:44.648:
0x2020 , 4277 
0x3E3E , 6064 
0x1C1C , 4606 
0x5A5A , -339 
0x6E6E , 5550 

15:31:45.340:
0x2020 , 4534 
0x3E3E , -218 
0x1C1C , 4725 
0x5A5A , 5075 
0x6E6E , 5344 

15:31:45.904:
0x2020 , 4742 
0x3E3E , 6398 
0x1C1C , 4853 
0x5A5A , 5041 
0x6E6E , 5233 

15:31:46.488:
0x2020 , 4907 
0x3E3E , 6598 
0x1C1C , 4922 
0x5A5A , 4788 
0x6E6E , 5132 

15:31:47.057:
0x2020 , 5058 
0x3E3E , 6765 
0x1C1C , 5017 
0x5A5A , 4626 
0x6E6E , 5057 

15:31:47.627:
0x2020 , 5256 
0x3E3E , 7006 
0x1C1C , 5049 
0x5A5A , 4378 
0x6E6E , 4820 

15:31:48.290:
0x2020 , 5412 
0x3E3E , 6950 
0x1C1C , 5132 
0x5A5A , -339 
0x6E6E , 4790 

15:31:48.859:
0x2020 , 5552 
0x3E3E , 7572 
0x1C1C , 5355 
0x5A5A , 4006 
0x6E6E , 4628 

15:31:49.529:
0x2020 , 5800 
0x3E3E , 7224 
0x1C1C , 5392 
0x5A5A , -339 
0x6E6E , 4568 

15:31:50.145:
0x2020 , 6008 
0x3E3E , 7442 
0x1C1C , 5602 
0x5A5A , 3639 
0x6E6E , 4482 

15:31:50.724:
0x2020 , 5756 
0x3E3E , 7614 
0x1C1C , 5638 
0x5A5A , 3314 
0x6E6E , 4361 

15:31:51.409:
0x2020 , 6134 
0x3E3E , -218 
0x1C1C , 5931 
0x5A5A , 3109 
0x6E6E , 4301 

15:31:52.028:
0x2020 , 6435 
0x3E3E , 7878 
0x1C1C , 6036 
0x5A5A , 2771 
0x6E6E , 4271 

15:31:52.632:
0x2020 , -291 
0x3E3E , 8394 
0x1C1C , 6200 
0x5A5A , 2608 
0x6E6E , 4079 

15:31:53.164:
0x2020 , 6881 
0x3E3E , 8816 
0x1C1C , 5606 
0x5A5A , 2580 
0x6E6E , 4014 

15:31:53.749:
0x2020 , 7429 
0x3E3E , 8960 
0x1C1C , 5752 
0x5A5A , 2356 
0x6E6E , 4014 

15:31:54.397:
0x2020 , 7482 
0x3E3E , 8927 
0x1C1C , 6287 
0x5A5A , -339 
0x6E6E , 3953 

15:31:54.967:
0x2020 , 7206 
0x3E3E , 8751 
0x1C1C , 6145 
0x5A5A , 1683 
0x6E6E , 4281 

15:31:55.653:
0x2020 , 6629 
0x3E3E , 8774 
0x1C1C , 5990 
0x5A5A , -339 
0x6E6E , 4870 

15:31:56.215:
0x2020 , 7361 
0x3E3E , 8227 
0x1C1C , 5679 
0x5A5A , 1821 
0x6E6E , 5011 

15:31:56.817:
0x2020 , 7308 
0x3E3E , 8157 
0x1C1C , 5652 
0x5A5A , 1798 
0x6E6E , 5178 

15:31:57.417:
0x2020 , 7352 
0x3E3E , 8069 
0x1C1C , 5433 
0x5A5A , 1879 
0x6E6E , 5324 

15:31:57.987:
0x2020 , 7356 
0x3E3E , 7943 
0x1C1C , 5419 
0x5A5A , 1964 
0x6E6E , 5636 

15:31:58.603:
0x2020 , 7303 
0x3E3E , 7897 
0x1C1C , 4570 
0x5A5A , 2079 
0x6E6E , 5661 

15:31:59.204:
0x2020 , 7361 
0x3E3E , 7707 
0x1C1C , 4342 
0x5A5A , 2279 
0x6E6E , 5953 

15:31:59.804:
0x2020 , 7347 
0x3E3E , 7651 
0x1C1C , 4433 
0x5A5A , 2356 
0x6E6E , 6074 

15:32:00.358:
0x2020 , 7410 
0x3E3E , 7544 
0x1C1C , 4191 
0x5A5A , 2494 
0x6E6E , 6331 

15:32:01.006:
0x2020 , 7429 
0x3E3E , 7382 
0x1C1C , -159 
0x5A5A , -339 
0x6E6E , 6512 

15:32:01.945:
0x2020 , -291 
0x3E3E , -218 
0x1C1C , 3862 
0x5A5A , -339 
0x6E6E , -796 

15:32:02.693:
0x2020 , 7482 
0x3E3E , 7066 
0x1C1C , 3625 
0x5A5A , -339 
0x6E6E , -796 

15:32:03.362:
0x2020 , 7051 
0x3E3E , 7002 
0x1C1C , 3502 
0x5A5A , 3353 
0x6E6E , -796 

15:32:03.925:
0x2020 , 6561 
0x3E3E , 6848 
0x1C1C , 3346 
0x5A5A , 3305 
0x6E6E , 6739 

15:32:04.595:
0x2020 , 6459 
0x3E3E , 7261 
0x1C1C , 3424 
0x5A5A , -339 
0x6E6E , 6769 

15:32:05.211:
0x2020 , 6207 
0x3E3E , 6542 
0x1C1C , -159 
0x5A5A , 3548 
0x6E6E , 6689 

15:32:06.128:
0x2020 , -291 
0x3E3E , -218 
0x1C1C , 3547 
0x5A5A , -339 
0x6E6E , -796 

15:32:06.928:
0x2020 , 5635 
0x3E3E , 6751 
0x1C1C , 3675 
0x5A5A , -339 
0x6E6E , -796 

15:32:07.597:
0x2020 , 5368 
0x3E3E , 6087 
0x1C1C , -159 
0x5A5A , 3567 
0x6E6E , -796 

15:32:08.552:
0x2020 , -291 
0x3E3E , -218 
0x1C1C , 3913 
0x5A5A , -339 
0x6E6E , -796 

15:32:09.300:
0x2020 , 4961 
0x3E3E , 6649 
0x1C1C , -159 
0x5A5A , -339 
0x6E6E , -796 

15:32:10.232:
0x2020 , -291 
0x3E3E , -218 
0x1C1C , 4255 
0x5A5A , -339 
0x6E6E , -796 

15:32:10.871:
0x2020 , 4514 
0x3E3E , 6909 
0x1C1C , 4406 
0x5A5A , -339 
0x6E6E , 5616 

15:32:12.373:
0x2020 , -291 
0x3E3E , -218 
0x1C1C , -159 
0x5A5A , -339 
0x6E6E , -796 

15:32:13.860:
0x2020 , -291 
0x3E3E , -218 
0x1C1C , -159 
0x5A5A , -339 
0x6E6E , -796 

15:32:14.408:
0x2020 , 3336 
0x3E3E , 5948 
0x1C1C , 5479 
0x5A5A , 5618 
0x6E6E , 5319 

15:32:15.093:
0x2020 , 3292 
0x3E3E , 6055 
0x1C1C , 5720 
0x5A5A , -339 
0x6E6E , 5293 

15:32:15.679:
0x2020 , 3030 
0x3E3E , 5967 
0x1C1C , 5958 
0x5A5A , 5928 
0x6E6E , 5243 

15:32:16.379:
0x2020 , 2924 
0x3E3E , 5911 
0x1C1C , 6045 
0x5A5A , -339 
0x6E6E , 5178 

15:32:16.964:
0x2020 , 2613 
0x3E3E , 5865 
0x1C1C , 6300 
0x5A5A , 6267 
0x6E6E , 5167 

15:32:17.644:
0x2020 , 2468 
0x3E3E , 5906 
0x1C1C , 6506 
0x5A5A , -339 
0x6E6E , 5122 

15:32:19.183:
0x2020 , -291 
0x3E3E , -218 
0x1C1C , -159 
0x5A5A , -339 
0x6E6E , -796 

15:32:19.715:
0x2020 , 1997 
0x3E3E , 5837 
0x1C1C , 6757 
0x5A5A , 7083 
0x6E6E , 5419 

15:32:20.485:
0x2020 , 1929 
0x3E3E , 5712 
0x1C1C , -159 
0x5A5A , -339 
0x6E6E , -796 

15:32:21.402:
0x2020 , -291 
0x3E3E , -218 
0x1C1C , -159 
0x5A5A , -339 
0x6E6E , 5817 

15:32:22.050:
0x2020 , 2051 
0x3E3E , 5169 
0x1C1C , 6451 
0x5A5A , -339 
0x6E6E , 5983 

15:32:22.635:
0x2020 , 1852 
0x3E3E , 4844 
0x1C1C , 6264 
0x5A5A , 7159 
0x6E6E , 6114 

15:32:23.305:
0x2020 , 1871 
0x3E3E , 5210 
0x1C1C , 6077 
0x5A5A , -339 
0x6E6E , 6276 

15:32:23.974:
0x2020 , 1939 
0x3E3E , 4445 
0x1C1C , 5871 
0x5A5A , -339 
0x6E6E , 6472 

15:32:24.675:
0x2020 , 1842 
0x3E3E , 4306 
0x1C1C , 5675 
0x5A5A , -339 
0x6E6E , 6643 

15:32:25.239:
0x2020 , 1852 
0x3E3E , 4190 
0x1C1C , 5529 
0x5A5A , 7254 
0x6E6E , 6840 

15:32:25.940:
0x2020 , 1920 
0x3E3E , 4241 
0x1C1C , 5415 
0x5A5A , -339 
0x6E6E , 7031 

15:32:26.556:
0x2020 , 2342 
0x3E3E , 4203 
0x1C1C , 5214 
0x5A5A , 7340 
0x6E6E , 7268 

15:32:27.157:
0x2020 , 2492 
0x3E3E , 3925 
0x1C1C , 5004 
0x5A5A , 7398 
0x6E6E , 7449 

15:32:27.695:
0x2020 , 2851 
0x3E3E , 3623 
0x1C1C , 4926 
0x5A5A , 7293 
0x6E6E , 7636 

15:32:28.358:
0x2020 , 2948 
0x3E3E , 3466 
0x1C1C , 4556 
0x5A5A , -339 
0x6E6E , 7681 

15:32:28.943:
0x2020 , 2938 
0x3E3E , 3721 
0x1C1C , 4789 
0x5A5A , 6959 
0x6E6E , 7832 

15:32:29.581:
0x2020 , 3011 
0x3E3E , 4046 
0x1C1C , 4620 
0x5A5A , -339 
0x6E6E , 7747 

15:32:30.161:
0x2020 , 2938 
0x3E3E , 4078 
0x1C1C , 4456 
0x5A5A , 6587 
0x6E6E , 7862 

15:32:30.831:
0x2020 , 3069 
0x3E3E , 4278 
0x1C1C , 4374 
0x5A5A , -339 
0x6E6E , 7157 

15:32:31.431:
0x2020 , 3103 
0x3E3E , 4408 
0x1C1C , 4259 
0x5A5A , 6658 
0x6E6E , 6931 

15:32:32.117:
0x2020 , 3171 
0x3E3E , 4463 
0x1C1C , 4319 
0x5A5A , -339 
0x6E6E , 6699 

15:32:32.686:
0x2020 , 3346 
0x3E3E , 4658 
0x1C1C , 4333 
0x5A5A , 6324 
0x6E6E , 6543 

15:32:33.387:
0x2020 , 3574 
0x3E3E , 5554 
0x1C1C , 4406 
0x5A5A , -339 
0x6E6E , 6220 

15:32:33.988:
0x2020 , 3753 
0x3E3E , 5470 
0x1C1C , 4488 
0x5A5A , 5866 
0x6E6E , 5913 

15:32:34.664:
0x2020 , 3913 
0x3E3E , 5466 
0x1C1C , 4638 
0x5A5A , -339 
0x6E6E , 5676 

15:32:35.237:
0x2020 , 4141 
0x3E3E , 5962 
0x1C1C , 4716 
0x5A5A , 5346 
0x6E6E , 5510 

15:32:35.890:
0x2020 , 4233 
0x3E3E , 5995 
0x1C1C , 4876 
0x5A5A , -339 
0x6E6E , 5308 

15:32:36.469:
0x2020 , 4359 
0x3E3E , 6241 
0x1C1C , 4976 
0x5A5A , 4960 
0x6E6E , 5077 

15:32:37.054:
0x2020 , 4631 
0x3E3E , 6380 
0x1C1C , 5072 
0x5A5A , 4097 
0x6E6E , 4850 

15:32:37.708:
0x2020 , 4917 
0x3E3E , 6403 
0x1C1C , 5109 
0x5A5A , -339 
0x6E6E , 4764 

15:32:38.271:
0x2020 , 5174 
0x3E3E , 6941 
0x1C1C , 5154 
0x5A5A , 4073 
0x6E6E , 4714 

15:32:38.957:
0x2020 , 5353 
0x3E3E , 7238 
0x1C1C , 5328 
0x5A5A , -339 
0x6E6E , 4659 

15:32:39.541:
0x2020 , 5533 
0x3E3E , 7377 
0x1C1C , 5387 
0x5A5A , 3863 
0x6E6E , 4568 

15:32:40.242:
0x2020 , 5785 
0x3E3E , 7674 
0x1C1C , 5300 
0x5A5A , -339 
0x6E6E , 4397 

15:32:40.811:
0x2020 , 5732 
0x3E3E , 7600 
0x1C1C , 5287 
0x5A5A , 3491 
0x6E6E , 4296 

15:32:41.512:
0x2020 , 6139 
0x3E3E , -218 
0x1C1C , 5437 
0x5A5A , 3147 
0x6E6E , 4165 

15:32:42.128:
0x2020 , 6338 
0x3E3E , 8032 
0x1C1C , 6282 
0x5A5A , 3019 
0x6E6E , 4069 

15:32:42.776:
0x2020 , 6687 
0x3E3E , 8440 
0x1C1C , 5835 
0x5A5A , -339 
0x6E6E , 3817 

15:32:43.345:
0x2020 , 6867 
0x3E3E , 8310 
0x1C1C , 6282 
0x5A5A , 2503 
0x6E6E , 3807 

15:32:43.997:
0x2020 , 7036 
0x3E3E , 9104 
0x1C1C , 6351 
0x5A5A , -339 
0x6E6E , 3827 

15:32:44.561:
0x2020 , 7468 
0x3E3E , 9025 
0x1C1C , 6346 
0x5A5A , 1683 
0x6E6E , 4145 

15:32:45.247:
0x2020 , 7235 
0x3E3E , 8491 
0x1C1C , 6004 
0x5A5A , -339 
0x6E6E , 4769 

15:32:45.817:
0x2020 , 7599 
0x3E3E , 8389 
0x1C1C , 5200 
0x5A5A , 1425 
0x6E6E , 5314 

15:32:46.417:
0x2020 , 7512 
0x3E3E , 8222 
0x1C1C , 5040 
0x5A5A , 1597 
0x6E6E , 5349 

15:32:47.002:
0x2020 , 7570 
0x3E3E , 8069 
0x1C1C , 4935 
0x5A5A , 1831 
0x6E6E , 5359 

15:32:47.581:
0x2020 , 7497 
0x3E3E , 8032 
0x1C1C , 4680 
0x5A5A , 1945 
0x6E6E , 5676 

15:32:48.282:
0x2020 , 7507 
0x3E3E , 7999 
0x1C1C , 4470 
0x5A5A , -339 
0x6E6E , 5888 

15:32:48.882:
0x2020 , 7531 
0x3E3E , 7837 
0x1C1C , 4196 
0x5A5A , 2337 
0x6E6E , 6427 

15:32:49.667:
0x2020 , 7507 
0x3E3E , 7484 
0x1C1C , -159 
0x5A5A , -339 
0x6E6E , -796 

15:32:50.569:
0x2020 , -291 
0x3E3E , -218 
0x1C1C , -159 
0x5A5A , -339 
0x6E6E , 6885 

15:32:51.223:
0x2020 , 7216 
0x3E3E , 6746 
0x1C1C , 3278 
0x5A5A , -339 
0x6E6E , 6739 

15:32:51.807:
0x2020 , 6614 
0x3E3E , 6779 
0x1C1C , 3255 
0x5A5A , 3496 
0x6E6E , 6774 

15:32:52.439:
0x2020 , 6057 
0x3E3E , 7169 
0x1C1C , 3328 
0x5A5A , -339 
0x6E6E , 6759 

15:32:53.025:
0x2020 , 5964 
0x3E3E , 7015 
0x1C1C , 3570 
0x5A5A , 3582 
0x6E6E , 6563 

15:32:53.707:
0x2020 , 5746 
0x3E3E , 6194 
0x1C1C , 3597 
0x5A5A , -339 
0x6E6E , 6397 

15:32:54.309:
0x2020 , 5446 
0x3E3E , 5953 
0x1C1C , 3753 
0x5A5A , 3658 
0x6E6E , 6195 

15:32:54.958:
0x2020 , 5222 
0x3E3E , 6551 
0x1C1C , 3894 
0x5A5A , -339 
0x6E6E , 6079 

15:32:55.559:
0x2020 , 4995 
0x3E3E , 6612 
0x1C1C , 4031 
0x5A5A , 4268 
0x6E6E , 5928 

15:32:56.329:
0x2020 , 4733 
0x3E3E , 6714 
0x1C1C , -159 
0x5A5A , -339 
0x6E6E , -796 

15:32:57.292:
0x2020 , -291 
0x3E3E , -218 
0x1C1C , -159 
0x5A5A , -339 
0x6E6E , 5601 

15:32:57.911:
0x2020 , 4054 
0x3E3E , 6194 
0x1C1C , 4721 
0x5A5A , 4889 
0x6E6E , 5465 

15:32:58.547:
0x2020 , 3850 
0x3E3E , 5563 
0x1C1C , 4908 
0x5A5A , -339 
0x6E6E , 5460 

15:32:59.095:
0x2020 , 3612 
0x3E3E , 5609 
0x1C1C , 5031 
0x5A5A , 5466 
0x6E6E , 5424 

15:32:59.764:
0x2020 , 3452 
0x3E3E , 5735 
0x1C1C , 5314 
0x5A5A , -339 
0x6E6E , 5314 

15:33:00.334:
0x2020 , 3278 
0x3E3E , 5744 
0x1C1C , 5538 
0x5A5A , 5728 
0x6E6E , 5500 

15:33:01.019:
0x2020 , 3074 
0x3E3E , 5651 
0x1C1C , 5716 
0x5A5A , -339 
0x6E6E , 5329 

15:33:01.582:
0x2020 , 2909 
0x3E3E , 5665 
0x1C1C , 5899 
0x5A5A , 6014 
0x6E6E , 5112 

15:33:02.252:
0x2020 , 2725 
0x3E3E , 5623 
0x1C1C , 6122 
0x5A5A , -339 
0x6E6E , 5021 

15:33:02.868:
0x2020 , 2604 
0x3E3E , 5753 
0x1C1C , -159 
0x5A5A , 6701 
0x6E6E , 4900 

15:33:04.354:
0x2020 , -291 
0x3E3E , -218 
0x1C1C , -159 
0x5A5A , -339 
0x6E6E , -796 

15:33:05.120:
0x2020 , 1954 
0x3E3E , 5800 
0x1C1C , 6702 
0x5A5A , -339 
0x6E6E , -796 

15:33:05.740:
0x2020 , 2099 
0x3E3E , 5582 
0x1C1C , 6652 
0x5A5A , 7011 
0x6E6E , 5691 

15:33:06.402:
0x2020 , 1590 
0x3E3E , 5326 
0x1C1C , 6570 
0x5A5A , -339 
0x6E6E , 5883 

15:33:06.972:
0x2020 , 1828 
0x3E3E , 5549 
0x1C1C , 6351 
0x5A5A , 7140 
0x6E6E , 5978 

15:33:07.625:
0x2020 , 1837 
0x3E3E , 5164 
0x1C1C , 6104 
0x5A5A , -339 
0x6E6E , 6240 

15:33:08.223:
0x2020 , 1944 
0x3E3E , 4988 
0x1C1C , 5784 
0x5A5A , 7145 
0x6E6E , 6361 

15:33:08.874:
0x2020 , 1988 
0x3E3E , 4663 
0x1C1C , 5629 
0x5A5A , -339 
0x6E6E , 6659 

15:33:09.444:
0x2020 , 2080 
0x3E3E , 4533 
0x1C1C , 5355 
0x5A5A , 7264 
0x6E6E , 6956 

15:33:10.107:
0x2020 , 2380 
0x3E3E , 4032 
0x1C1C , 5141 
0x5A5A , -339 
0x6E6E , 7344 

15:33:10.707:
0x2020 , 2885 
0x3E3E , 3916 
0x1C1C , 4899 
0x5A5A , 7278 
0x6E6E , 7555 

15:33:11.361:
0x2020 , 2739 
0x3E3E , 3582 
0x1C1C , 4278 
0x5A5A , -339 
0x6E6E , 7646 

15:33:11.962:
0x2020 , 2778 
0x3E3E , 3907 
0x1C1C , -159 
0x5A5A , 6668 
0x6E6E , 7575 

15:33:12.932:
0x2020 , -291 
0x3E3E , -218 
0x1C1C , 4387 
0x5A5A , -339 
0x6E6E , -796 

15:33:13.611:
0x2020 , 3045 
0x3E3E , 4473 
0x1C1C , 4365 
0x5A5A , 6415 
0x6E6E , -796 

15:33:14.313:
0x2020 , 3210 
0x3E3E , 4505 
0x1C1C , 4246 
0x5A5A , -339 
0x6E6E , 6754 

15:33:14.867:
0x2020 , 3404 
0x3E3E , 4603 
0x1C1C , 4346 
0x5A5A , 5847 
0x6E6E , 6517 

15:33:15.513:
0x2020 , 3729 
0x3E3E , 4992 
0x1C1C , 4333 
0x5A5A , -339 
0x6E6E , 6175 

15:33:16.168:
0x2020 , 3932 
0x3E3E , -218 
0x1C1C , 4501 
0x5A5A , 5599 
0x6E6E , 5842 

15:33:16.753:
0x2020 , 4034 
0x3E3E , 5730 
0x1C1C , 4638 
0x5A5A , 5442 
0x6E6E , 5696 

15:33:17.439:
0x2020 , 4209 
0x3E3E , 5962 
0x1C1C , 4661 
0x5A5A , -339 
0x6E6E , 5379 

15:33:17.986:
0x2020 , 4408 
0x3E3E , 6083 
0x1C1C , 4684 
0x5A5A , 4836 
0x6E6E , 5283 

15:33:18.671:
0x2020 , 4466 
0x3E3E , 6157 
0x1C1C , 4766 
0x5A5A , -339 
0x6E6E , 5178 

15:33:19.272:
0x2020 , 4427 
0x3E3E , 6097 
0x1C1C , 4771 
0x5A5A , 5003 
0x6E6E , 5233 

15:33:19.957:
0x2020 , 4650 
0x3E3E , 6134 
0x1C1C , 4871 
0x5A5A , -339 
0x6E6E , 5132 

15:33:20.541:
0x2020 , 4762 
0x3E3E , 6143 
0x1C1C , 4839 
0x5A5A , 4946 
0x6E6E , 5218 

15:33:21.236:
0x2020 , 4408 
0x3E3E , 6111 
0x1C1C , 4757 
0x5A5A , -339 
0x6E6E , 5198 

15:33:21.843:
0x2020 , 4563 
0x3E3E , 6106 
0x1C1C , 4789 
0x5A5A , 4459 
0x6E6E , 5223 

15:33:22.575:
0x2020 , 4514 
0x3E3E , 6111 
0x1C1C , -159 
0x5A5A , -339 
0x6E6E , -796 

15:33:23.445:
0x2020 , -291 
0x3E3E , -218 
0x1C1C , -159 
0x5A5A , -339 
0x6E6E , 5193 

15:33:24.024:
0x2020 , 4510 
0x3E3E , 6087 
0x1C1C , 4757 
0x5A5A , 4416 
0x6E6E , 5263 

15:33:24.662:
0x2020 , 4548 
0x3E3E , 6148 
0x1C1C , 4794 
0x5A5A , -339 
0x6E6E , 5329 

15:33:25.247:
0x2020 , 4471 
0x3E3E , 6115 
0x1C1C , 4812 
0x5A5A , 4512 
0x6E6E , 5374 