0x2020 , 4500 
0x3E3E , 6166 
0x1C1C , 5150 
0x5A5A , 4989 
0x6E6E , 5157 
0x2020 , 4519 
0x3E3E , 6125 
0x1C1C , 5081 
0x5A5A , 4893 
0x6E6E , 5208 
0x2020 , 4393 
0x3E3E , 6087 
0x1C1C , 5168 
0x5A5A , 4984 
0x6E6E , 5167 
0x2020 , 4708 
0x3E3E , 6189 
0x1C1C , 5150 
0x5A5A , 4970 
0x6E6E , 5238 
0x2020 , 4665 
0x3E3E , 6176 
0x1C1C , 5040 
0x5A5A , 4984 
0x6E6E , 5198 
0x2020 , 4461 
0x3E3E , 6143 
0x1C1C , 5145 
0x5A5A , 4974 
0x6E6E , 5152 
0x2020 , 4480 
0x3E3E , 6208 
0x1C1C , 4985 
0x5A5A , 4993 
0x6E6E , 5107 
0x2020 , 4485 
0x3E3E , 6101 
0x1C1C , 5150 
0x5A5A , 4922 
0x6E6E , 5616 
0x2020 , 4626 
0x3E3E , 6120 
0x1C1C , 4890 
0x5A5A , 4951 
0x6E6E , 5525 
0x2020 , 4626 
0x3E3E , 6152 
0x1C1C , 4812 
0x5A5A , 4946 
0x6E6E , 5510 
0x2020 , 4631 
0x3E3E , 6111 
0x1C1C , 4862 
0x5A5A , 4970 
0x6E6E , 5429 
0x2020 , 4393 
0x3E3E , 6032 
0x1C1C , 4816 
0x5A5A , 4989 
0x6E6E , 5450 
0x2020 , 4354 
0x3E3E , 6032 
0x1C1C , 4789 
0x5A5A , 4879 
0x6E6E , 5409 
0x2020 , 4335 
0x3E3E , 6050 
0x1C1C , 4848 
0x5A5A , 4955 
0x6E6E , 5465 
0x2020 , 4359 
0x3E3E , 5893 
0x1C1C , 4743 
0x5A5A , 4903 
0x6E6E , 5470 
0x2020 , 4223 
0x3E3E , 5976 
0x1C1C , 4748 
0x5A5A , 5146 
0x6E6E , 5540 
0x2020 , 4189 
0x3E3E , 5990 
0x1C1C , 4739 
0x5A5A , -339 
0x6E6E , 5540 
0x2020 , 3966 
0x3E3E , 5981 
0x1C1C , 4890 
0x5A5A , -339 
0x6E6E , 5344 
0x2020 , 3889 
0x3E3E , 6032 
0x1C1C , 5031 
0x5A5A , 5294 
0x6E6E , 5339 
0x2020 , 3801 
0x3E3E , 6009 
0x1C1C , 5077 
0x5A5A , 5346 
0x6E6E , 5616 
0x2020 , 3641 
0x3E3E , 6018 
0x1C1C , 5205 
0x5A5A , 5513 
0x6E6E , 5208 
0x2020 , 3501 
0x3E3E , 6004 
0x1C1C , 5241 
0x5A5A , 5270 
0x6E6E , 5243 
0x2020 , 3510 
0x3E3E , 5930 
0x1C1C , 5351 
0x5A5A , 5709 
0x6E6E , 5298 
0x2020 , 3884 
0x3E3E , 5702 
0x1C1C , 5542 
0x5A5A , 5614 
0x6E6E , 5334 
0x2020 , 3365 
0x3E3E , 5758 
0x1C1C , 5638 
0x5A5A , -339 
0x6E6E , -796 
0x2020 , -291 
0x3E3E , -218 
0x1C1C , -159 
0x5A5A , 5847 
0x6E6E , -796 
0x2020 , 2928 
0x3E3E , 5962 
0x1C1C , 5720 
0x5A5A , 6124 
0x6E6E , -796 
0x2020 , 2846 
0x3E3E , 5786 
0x1C1C , 5812 
0x5A5A , 6124 
0x6E6E , 5228 
0x2020 , 2764 
0x3E3E , 5948 
0x1C1C , 5953 
0x5A5A , 6186 
0x6E6E , 5218 
0x2020 , 2652 
0x3E3E , 5855 
0x1C1C , 6095 
0x5A5A , 6157 
0x6E6E , 5167 
0x2020 , 2618 
0x3E3E , 5916 
0x1C1C , 6182 
0x5A5A , 6377 
0x6E6E , 5172 
0x2020 , 2579 
0x3E3E , 6009 
0x1C1C , 6328 
0x5A5A , 6549 
0x6E6E , 5157 
0x2020 , 2414 
0x3E3E , 5990 
0x1C1C , 6373 
0x5A5A , 6649 
0x6E6E , 5157 
0x2020 , 2347 
0x3E3E , 5990 
0x1C1C , 6501 
0x5A5A , -339 
0x6E6E , 5183 
0x2020 , 2162 
0x3E3E , 6050 
0x1C1C , 6757 
0x5A5A , 7045 
0x6E6E , 5354 
0x2020 , 2812 
0x3E3E , 6064 
0x1C1C , 6848 
0x5A5A , -339 
0x6E6E , 5409 
0x2020 , 2434 
0x3E3E , 5944 
0x1C1C , 7058 
0x5A5A , 7240 
0x6E6E , 4875 
0x2020 , 2089 
0x3E3E , 5804 
0x1C1C , 7049 
0x5A5A , 7359 
0x6E6E , 5520 
0x2020 , 1973 
0x3E3E , 5665 
0x1C1C , 6999 
0x5A5A , 7369 
0x6E6E , 5621 
0x2020 , 1692 
0x3E3E , 6064 
0x1C1C , 6889 
0x5A5A , 7359 
0x6E6E , 5727 
0x2020 , 1512 
0x3E3E , 5739 
0x1C1C , 6748 
0x5A5A , 7312 
0x6E6E , 5853 
0x2020 , 1527 
0x3E3E , 5498 
0x1C1C , 6474 
0x5A5A , 7307 
0x6E6E , 5742 
0x2020 , 1284 
0x3E3E , 5104 
0x1C1C , 6985 
0x5A5A , 7135 
0x6E6E , 5933 
0x2020 , 1323 
0x3E3E , 5350 
0x1C1C , 6716 
0x5A5A , 7078 
0x6E6E , 6180 
0x2020 , 1440 
0x3E3E , 5145 
0x1C1C , 6561 
0x5A5A , 7121 
0x6E6E , 6311 
0x2020 , 1760 
0x3E3E , 4890 
0x1C1C , 6442 
0x5A5A , 6987 
0x6E6E , 6402 
0x2020 , 2056 
0x3E3E , 4941 
0x1C1C , 6255 
0x5A5A , 6758 
0x6E6E , 6150 
0x2020 , 2725 
0x3E3E , 4719 
0x1C1C , 6022 
0x5A5A , 6615 
0x6E6E , 6523 
0x2020 , 2390 
0x3E3E , 4654 
0x1C1C , 5835 
0x5A5A , 6754 
0x6E6E , 6517 
0x2020 , 2618 
0x3E3E , 4338 
0x1C1C , 5784 
0x5A5A , 6749 
0x6E6E , 6664 
0x2020 , 2502 
0x3E3E , 4078 
0x1C1C , 5652 
0x5A5A , 6873 
0x6E6E , 6795 
0x2020 , 2264 
0x3E3E , 3869 
0x1C1C , 5428 
0x5A5A , 7045 
0x6E6E , 7117 
0x2020 , 2468 
0x3E3E , 3744 
0x1C1C , 5337 
0x5A5A , 6987 
0x6E6E , 7359 
0x2020 , 2327 
0x3E3E , 3591 
0x1C1C , 5182 
0x5A5A , 7135 
0x6E6E , 7626 
0x2020 , 3093 
0x3E3E , 3693 
0x1C1C , 4899 
0x5A5A , 6997 
0x6E6E , 7616 
0x2020 , 2962 
0x3E3E , 3633 
0x1C1C , 4602 
0x5A5A , 6964 
0x6E6E , 7570 
0x2020 , 2768 
0x3E3E , 3721 
0x1C1C , 4396 
0x5A5A , 6835 
0x6E6E , 7495 
0x2020 , 3006 
0x3E3E , 3739 
0x1C1C , 4410 
0x5A5A , 7092 
0x6E6E , 7349 
0x2020 , 3050 
0x3E3E , 4231 
0x1C1C , 4470 
0x5A5A , 7006 
0x6E6E , 7555 
0x2020 , 3253 
0x3E3E , 4273 
0x1C1C , 4415 
0x5A5A , 6730 
0x6E6E , 7021 
0x2020 , 3389 
0x3E3E , 4347 
0x1C1C , 4333 
0x5A5A , 6620 
0x6E6E , 6956 
0x2020 , 3486 
0x3E3E , 4510 
0x1C1C , 4748 
0x5A5A , 6591 
0x6E6E , 6699 
0x2020 , 3603 
0x3E3E , 4542 
0x1C1C , 4816 
0x5A5A , 6334 
0x6E6E , 7328 
0x2020 , 3734 
0x3E3E , 4728 
0x1C1C , -159 
0x5A5A , 6267 
0x6E6E , 6971 
0x2020 , -291 
0x3E3E , -218 
0x1C1C , 4355 
0x5A5A , -339 
0x6E6E , -796 
0x2020 , 3976 
0x3E3E , 4951 
0x1C1C , 4702 
0x5A5A , -339 
0x6E6E , -796 
0x2020 , 3666 
0x3E3E , 5623 
0x1C1C , 4862 
0x5A5A , 5528 
0x6E6E , -796 
0x2020 , 3961 
0x3E3E , 5623 
0x1C1C , 4684 
0x5A5A , 5423 
0x6E6E , 5908 
0x2020 , 4054 
0x3E3E , 5832 
0x1C1C , 4830 
0x5A5A , 5265 
0x6E6E , 5868 
0x2020 , 4306 
0x3E3E , 6143 
0x1C1C , -159 
0x5A5A , 5165 
0x6E6E , 5762 
0x2020 , -291 
0x3E3E , -218 
0x1C1C , 4894 
0x5A5A , -339 
0x6E6E , -796 
0x2020 , 4660 
0x3E3E , 6380 
0x1C1C , 5447 
0x5A5A , -339 
0x6E6E , -796 
0x2020 , 5053 
0x3E3E , 6561 
0x1C1C , 5104 
0x5A5A , 4602 
0x6E6E , -796 
0x2020 , 5310 
0x3E3E , 6570 
0x1C1C , 4721 
0x5A5A , 4302 
0x6E6E , 5152 
0x2020 , 5470 
0x3E3E , 6533 
0x1C1C , 4401 
0x5A5A , 3887 
0x6E6E , 5324 
0x2020 , 5644 
0x3E3E , 6370 
0x1C1C , 4200 
0x5A5A , 3768 
0x6E6E , 5636 
0x2020 , 5368 
0x3E3E , 6292 
0x1C1C , 3990 
0x5A5A , 3958 
0x6E6E , 5853 
0x2020 , 5785 
0x3E3E , 6217 
0x1C1C , 3817 
0x5A5A , 4035 
0x6E6E , 6054 
0x2020 , 5945 
0x3E3E , 6157 
0x1C1C , 3652 
0x5A5A , 4197 
0x6E6E , 6276 
0x2020 , 6265 
0x3E3E , 5925 
0x1C1C , 3492 
0x5A5A , 4369 
0x6E6E , 6517 
0x2020 , 6163 
0x3E3E , 5874 
0x1C1C , 3310 
0x5A5A , 4412 
0x6E6E , 6724 
num_of_tries to send the NodeID: 2
num_of_tries to send the NodeID: 3
num_of_tries to send the NodeID: 4
ACK of Tag receivement from nodeID is missing! 
0x2020 , 6037 
0x3E3E , 5647 
0x1C1C , 2926 
0x5A5A , 4650 
0x6E6E , 7132 
0x2020 , 6076 
0x3E3E , 5623 
0x1C1C , 2785 
0x5A5A , 4702 
0x6E6E , 7263 
0x2020 , 6018 
0x3E3E , 5582 
0x1C1C , 2588 
0x5A5A , 4793 
0x6E6E , 7500 
0x2020 , 6061 
0x3E3E , 5419 
0x1C1C , 2342 
0x5A5A , 4855 
0x6E6E , 7631 
0x2020 , 6241 
0x3E3E , 5684 
0x1C1C , 2237 
0x5A5A , 4798 
0x6E6E , 7721 
0x2020 , 6294 
0x3E3E , 6352 
0x1C1C , 2310 
0x5A5A , 4621 
0x6E6E , 7782 
0x2020 , 6406 
0x3E3E , 5526 
0x1C1C , 2703 
0x5A5A , 5084 
0x6E6E , 7560 
0x2020 , 6474 
0x3E3E , 5660 
0x1C1C , 2712 
0x5A5A , 4989 
0x6E6E , 7626 
0x2020 , 6687 
0x3E3E , 5721 
0x1C1C , 2634 
0x5A5A , 4741 
0x6E6E , 7364 
0x2020 , 6668 
0x3E3E , 5934 
0x1C1C , 2735 
0x5A5A , 4469 
0x6E6E , 7223 
0x2020 , 6803 
0x3E3E , 6106 
0x1C1C , -159 
0x5A5A , 4345 
0x6E6E , 7308 
0x2020 , -291 
0x3E3E , -218 
0x1C1C , 3072 
0x5A5A , -339 
0x6E6E , -796 
0x2020 , 7056 
0x3E3E , 6542 
0x1C1C , -159 
0x5A5A , -339 
0x6E6E , -796 
0x2020 , -291 
0x3E3E , -218 
0x1C1C , 3730 
0x5A5A , -339 
0x6E6E , -796 
0x2020 , 6930 
0x3E3E , 6974 
0x1C1C , 4013 
0x5A5A , -339 
0x6E6E , -796 
0x2020 , 6828 
0x3E3E , 7127 
0x1C1C , 4145 
0x5A5A , 2694 
0x6E6E , -796 
0x2020 , 6794 
0x3E3E , 7892 
0x1C1C , 4154 
0x5A5A , 2594 
0x6E6E , 6341 
0x2020 , 6774 
0x3E3E , 7999 
0x1C1C , 4291 
0x5A5A , 2627 
0x6E6E , 6135 
0x2020 , 6711 
0x3E3E , 7874 
0x1C1C , 4396 
0x5A5A , 2589 
0x6E6E , 5918 
0x2020 , 6576 
0x3E3E , 7475 
0x1C1C , 4565 
0x5A5A , 2217 
0x6E6E , 5868 
0x2020 , 6580 
0x3E3E , 7526 
0x1C1C , 4680 
0x5A5A , 2146 
0x6E6E , 5626 
0x2020 , 6682 
0x3E3E , 7698 
0x1C1C , -159 
0x5A5A , 2694 
0x6E6E , 5379 
0x2020 , -291 
0x3E3E , -218 
0x1C1C , 5086 
0x5A5A , -339 
0x6E6E , -796 
0x2020 , 6639 
0x3E3E , 7860 
0x1C1C , 5364 
0x5A5A , -339 
0x6E6E , -796 
0x2020 , 6682 
0x3E3E , 8783 
0x1C1C , 5707 
0x5A5A , 2470 
0x6E6E , -796 
0x2020 , 6643 
0x3E3E , 8111 
0x1C1C , 5967 
0x5A5A , 2394 
0x6E6E , 4412 
0x2020 , 6692 
0x3E3E , 8282 
0x1C1C , 6136 
0x5A5A , 2294 
0x6E6E , 3994 
0x2020 , 6687 
0x3E3E , 8162 
0x1C1C , 6182 
0x5A5A , 2427 
0x6E6E , 3898 
0x2020 , 6808 
0x3E3E , 8510 
0x1C1C , 6428 
0x5A5A , 2241 
0x6E6E , 3777 
0x2020 , 6896 
0x3E3E , 9266 
0x1C1C , 6739 
0x5A5A , 2384 
0x6E6E , 3671 
0x2020 , 6842 
0x3E3E , 8895 
0x1C1C , 6830 
0x5A5A , 2532 
0x6E6E , 3515 
0x2020 , -291 
0x3E3E , -218 
0x1C1C , -159 
0x5A5A , -339 
0x6E6E , -796 
0x2020 , 7279 
0x3E3E , 9674 
0x1C1C , 7364 
0x5A5A , 2351 
0x6E6E , 3032 
0x2020 , 7051 
0x3E3E , 9257 
0x1C1C , 7218 
0x5A5A , 2623 
0x6E6E , 2618 
0x2020 , 6784 
0x3E3E , 9043 
0x1C1C , 7099 
0x5A5A , 2613 
0x6E6E , 2624 
0x2020 , 6546 
0x3E3E , 8834 
0x1C1C , 6921 
0x5A5A , 2713 
0x6E6E , 2749 
0x2020 , 6503 
0x3E3E , 8663 
0x1C1C , 6739 
0x5A5A , 2871 
0x6E6E , 3006 
0x2020 , 6532 
0x3E3E , 8672 
0x1C1C , 6638 
0x5A5A , 3162 
0x6E6E , 3419 
0x2020 , 5640 
0x3E3E , 8593 
0x1C1C , 6401 
0x5A5A , 3386 
0x6E6E , 3727 
0x2020 , 5867 
0x3E3E , 7614 
0x1C1C , 6428 
0x5A5A , 3381 
0x6E6E , 3938 
0x2020 , 5426 
0x3E3E , 7521 
0x1C1C , 6186 
0x5A5A , 3424 
0x6E6E , 4019 
0x2020 , 5087 
0x3E3E , 8027 
0x1C1C , 5999 
0x5A5A , 3496 
0x6E6E , 4170 
0x2020 , 5019 
0x3E3E , 7809 
0x1C1C , 5844 
0x5A5A , 3648 
0x6E6E , 4372 
0x2020 , 5150 
0x3E3E , 7609 
0x1C1C , 5689 
0x5A5A , 3734 
0x6E6E , 4613 
0x2020 , 5446 
0x3E3E , 7507 
0x1C1C , 5501 
0x5A5A , 3925 
0x6E6E , 4734 
0x2020 , 5353 
0x3E3E , 6593 
0x1C1C , 4981 
0x5A5A , 4030 
0x6E6E , 5112 
0x2020 , 5179 
0x3E3E , 6222 
0x1C1C , 5049 
0x5A5A , 4292 
0x6E6E , 5001 
0x2020 , 4092 
0x3E3E , 6115 
0x1C1C , 5132 
0x5A5A , 4683 
0x6E6E , 4477 
0x2020 , 4626 
0x3E3E , 6143 
0x1C1C , 5360 
0x5A5A , 4955 
0x6E6E , 4613 
0x2020 , 4398 
0x3E3E , 6046 
0x1C1C , 5501 
0x5A5A , 5065 
0x6E6E , 5052 
0x2020 , 3389 
0x3E3E , 5995 
0x1C1C , -159 
0x5A5A , 5389 
0x6E6E , 5117 
0x2020 , -291 
0x3E3E , -218 
0x1C1C , 5752 
0x5A5A , -339 
0x6E6E , -796 
0x2020 , 3118 
0x3E3E , 6111 
0x1C1C , 6246 
0x5A5A , -339 
0x6E6E , -796 
0x2020 , 3132 
0x3E3E , 6254 
0x1C1C , 6488 
0x5A5A , 6033 
0x6E6E , -796 
0x2020 , 3404 
0x3E3E , 6737 
0x1C1C , -159 
0x5A5A , 5962 
0x6E6E , 4190 
0x2020 , -291 
0x3E3E , -218 
0x1C1C , 6816 
0x5A5A , -339 
0x6E6E , -796 
0x2020 , 3704 
0x3E3E , 7145 
0x1C1C , 7401 
0x5A5A , -339 
0x6E6E , -796 
0x2020 , 3724 
0x3E3E , 7234 
0x1C1C , 7291 
0x5A5A , 5928 
0x6E6E , -796 
0x2020 , 3646 
0x3E3E , 7317 
0x1C1C , 7405 
0x5A5A , 5962 
0x6E6E , 3676 
0x2020 , 3384 
0x3E3E , 7303 
0x1C1C , 7474 
0x5A5A , 6100 
0x6E6E , 4115 
0x2020 , 3637 
0x3E3E , 6825 
0x1C1C , 7355 
0x5A5A , 6186 
0x6E6E , 3979 
0x2020 , 3234 
0x3E3E , 7187 
0x1C1C , 7405 
0x5A5A , 6033 
0x6E6E , 3767 
0x2020 , 3186 
0x3E3E , 6807 
0x1C1C , 7378 
0x5A5A , -339 
0x6E6E , -796 
0x2020 , -291 
0x3E3E , -218 
0x1C1C , -159 
0x5A5A , -339 
0x6E6E , -796 
0x2020 , 2914 
0x3E3E , 6203 
0x1C1C , 6615 
0x5A5A , -339 
0x6E6E , 4694 
0x2020 , -291 
0x3E3E , -218 
0x1C1C , -159 
0x5A5A , 5709 
0x6E6E , -796 
0x2020 , 2895 
0x3E3E , 5893 
0x1C1C , 6045 
0x5A5A , 5699 
0x6E6E , -796 
0x2020 , 2962 
0x3E3E , 5605 
0x1C1C , 5752 
0x5A5A , 5690 
0x6E6E , 5379 
0x2020 , 3035 
0x3E3E , 5354 
0x1C1C , 5752 
0x5A5A , 5719 
0x6E6E , 5772 
0x2020 , 3321 
0x3E3E , 5122 
0x1C1C , 5497 
0x5A5A , 5800 
0x6E6E , 6225 
0x2020 , 3472 
0x3E3E , 4946 
0x1C1C , -159 
0x5A5A , 5776 
0x6E6E , 6356 
0x2020 , -291 
0x3E3E , -218 
0x1C1C , 5031 
0x5A5A , -339 
0x6E6E , -796 
0x2020 , 3719 
0x3E3E , 4542 
0x1C1C , 4762 
0x5A5A , -339 
0x6E6E , -796 
0x2020 , 3792 
0x3E3E , 4705 
0x1C1C , 3931 
0x5A5A , 6009 
0x6E6E , -796 
0x2020 , 3593 
0x3E3E , 4166 
0x1C1C , -159 
0x5A5A , 6224 
0x6E6E , 7439 
0x2020 , -291 
0x3E3E , -218 
0x1C1C , 3392 
0x5A5A , -339 
0x6E6E , -796 
0x2020 , 3898 
0x3E3E , 3489 
0x1C1C , 3817 
0x5A5A , -339 
0x6E6E , -796 
0x2020 , 4209 
0x3E3E , 3410 
0x1C1C , -159 
0x5A5A , 6763 
0x6E6E , -796 
0x2020 , -291 
0x3E3E , -218 
0x1C1C , 3182 
0x5A5A , -339 
0x6E6E , -796 
0x2020 , 4379 
0x3E3E , 3610 
0x1C1C , -159 
0x5A5A , -339 
0x6E6E , -796 
0x2020 , -291 
0x3E3E , -218 
0x1C1C , 2474 
0x5A5A , -339 
0x6E6E , -796 
0x2020 , 4990 
0x3E3E , 3726 
0x1C1C , 2461 
0x5A5A , -339 
0x6E6E , -796 
0x2020 , 5218 
0x3E3E , 3832 
0x1C1C , 2310 
0x5A5A , 6243 
0x6E6E , -796 
0x2020 , 5387 
0x3E3E , 4092 
0x1C1C , 2123 
0x5A5A , 6181 
0x6E6E , 8009 
0x2020 , 5446 
0x3E3E , 4473 
0x1C1C , 2031 
0x5A5A , 6043 
0x6E6E , 8014 
0x2020 , 5751 
0x3E3E , 4612 
0x1C1C , 1990 
0x5A5A , 5885 
0x6E6E , 8094 
0x2020 , 5901 
0x3E3E , 4737 
0x1C1C , 2091 
0x5A5A , 5695 
0x6E6E , 7973 
0x2020 , 6144 
0x3E3E , 5029 
0x1C1C , 2424 
0x5A5A , 5413 
0x6E6E , 7767 
0x2020 , 6241 
0x3E3E , 5215 
0x1C1C , 2360 
0x5A5A , -339 
0x6E6E , 8230 
0x2020 , 6420 
0x3E3E , 5419 
0x1C1C , 2525 
0x5A5A , 4960 
0x6E6E , 8114 
0x2020 , 6323 
0x3E3E , 5651 
0x1C1C , 2611 
0x5A5A , 4583 
0x6E6E , 7898 
0x2020 , 6173 
0x3E3E , 6194 
0x1C1C , 2429 
0x5A5A , 4364 
0x6E6E , 7802 
0x2020 , 6222 
0x3E3E , 5971 
0x1C1C , 2529 
0x5A5A , 4245 
0x6E6E , 7580 
0x2020 , 6091 
0x3E3E , 6111 
0x1C1C , -159 
0x5A5A , 4097 
0x6E6E , 7308 
0x2020 , -291 
0x3E3E , -218 
0x1C1C , 3009 
0x5A5A , -339 
0x6E6E , -796 
0x2020 , 6018 
0x3E3E , 6723 
0x1C1C , 3296 
0x5A5A , -339 
0x6E6E , -796 
0x2020 , 5974 
0x3E3E , 6528 
0x1C1C , 3680 
0x5A5A , 3448 
0x6E6E , -796 
0x2020 , 6008 
0x3E3E , 6551 
0x1C1C , 3922 
0x5A5A , 3267 
0x6E6E , 6205 
0x2020 , 6047 
0x3E3E , 6779 
0x1C1C , 4086 
0x5A5A , 3095 
0x6E6E , 5878 
0x2020 , 5926 
0x3E3E , 6983 
0x1C1C , 4150 
0x5A5A , 3028 
0x6E6E , 5706 
0x2020 , 5780 
0x3E3E , 6844 
0x1C1C , 4164 
0x5A5A , 3500 
0x6E6E , 5711 
0x2020 , 6270 
0x3E3E , 6858 
0x1C1C , 4255 
0x5A5A , 3500 
0x6E6E , 5686 
0x2020 , 5606 
0x3E3E , 6649 
0x1C1C , 4186 
0x5A5A , 3710 
0x6E6E , 5711 
0x2020 , 5969 
0x3E3E , 6579 
0x1C1C , 4150 
0x5A5A , 3534 
0x6E6E , 5661 
0x2020 , 5853 
0x3E3E , 6370 
0x1C1C , 4200 
0x5A5A , 3935 
0x6E6E , 5717 
0x2020 , 5703 
0x3E3E , 6278 
0x1C1C , 4186 
0x5A5A , 3782 
0x6E6E , 5621 
0x2020 , 5722 
0x3E3E , 6050 
0x1C1C , 4136 
0x5A5A , 4049 
0x6E6E , 5701 
0x2020 , 5504 
0x3E3E , 5888 
0x1C1C , 4173 
0x5A5A , 4159 
0x6E6E , 5611 
0x2020 , 5232 
0x3E3E , 5721 
0x1C1C , 4132 
0x5A5A , 4283 
0x6E6E , 5621 
0x2020 , 5092 
0x3E3E , 5670 
0x1C1C , 4118 
0x5A5A , 4426 
0x6E6E , 5611 
0x2020 , 4752 
0x3E3E , 5684 
0x1C1C , 4241 
0x5A5A , 4674 
0x6E6E , 6235 
0x2020 , 4704 
0x3E3E , 5600 
0x1C1C , 4269 
0x5A5A , 4769 
0x6E6E , 5621 
0x2020 , 4495 
0x3E3E , 5275 
0x1C1C , 4291 
0x5A5A , 5003 
0x6E6E , 6281 
0x2020 , 4301 
0x3E3E , 5071 
0x1C1C , 4355 
0x5A5A , 5242 
0x6E6E , 6407 
0x2020 , 3748 
0x3E3E , 4927 
0x1C1C , 4401 
0x5A5A , 5418 
0x6E6E , 6397 
0x2020 , 3438 
0x3E3E , 4886 
0x1C1C , 4470 
0x5A5A , 5633 
0x6E6E , 6407 
0x2020 , 3525 
0x3E3E , 4835 
0x1C1C , 4680 
0x5A5A , 5742 
0x6E6E , 6346 
0x2020 , 3409 
0x3E3E , 4788 
0x1C1C , 4853 
0x5A5A , -339 
0x6E6E , 6311 
0x2020 , 3249 
0x3E3E , 4640 
0x1C1C , 4985 
0x5A5A , 6267 
0x6E6E , 6583 
0x2020 , 3079 
0x3E3E , 4371 
0x1C1C , 5058 
0x5A5A , -339 
0x6E6E , 6482 
0x2020 , 2473 
0x3E3E , 4737 
0x1C1C , 4871 
0x5A5A , 6520 
0x6E6E , 6905 
0x2020 , 2768 
0x3E3E , 4375 
0x1C1C , 4657 
0x5A5A , 6467 
0x6E6E , 6946 
0x2020 , 3166 
0x3E3E , 4259 
0x1C1C , 5027 
0x5A5A , 6229 
0x6E6E , 7046 
0x2020 , 2982 
0x3E3E , 4157 
0x1C1C , 4803 
0x5A5A , 6238 
0x6E6E , 7077 
0x2020 , 3457 
0x3E3E , 3786 
0x1C1C , 4479 
0x5A5A , 6558 
0x6E6E , 7601 
0x2020 , 3278 
0x3E3E , 3633 
0x1C1C , 4246 
0x5A5A , 6687 
0x6E6E , 7852 
0x2020 , 3447 
0x3E3E , 3466 
0x1C1C , 3999 
0x5A5A , 6777 
0x6E6E , 7923 
0x2020 , 3428 
0x3E3E , 3340 
0x1C1C , 3803 
0x5A5A , 6902 
0x6E6E , 8185 
0x2020 , 3758 
0x3E3E , 3308 
0x1C1C , 3652 
0x5A5A , 6758 
0x6E6E , 8129 
0x2020 , 3889 
0x3E3E , 3285 
0x1C1C , 3383 
0x5A5A , 6668 
0x6E6E , 8180 
0x2020 , 4010 
0x3E3E , 3781 
0x1C1C , 3109 
0x5A5A , 6725 
0x6E6E , 8276 
0x2020 , 4204 
0x3E3E , 3141 
0x1C1C , 2844 
0x5A5A , 6482 
0x6E6E , 8286 
0x2020 , 4456 
0x3E3E , 3373 
0x1C1C , 2684 
0x5A5A , 6491 
0x6E6E , 8331 
0x2020 , 4679 
0x3E3E , 3684 
0x1C1C , -159 
0x5A5A , 6358 
0x6E6E , 8381 
0x2020 , -291 
0x3E3E , -218 
0x1C1C , -159 
0x5A5A , -339 
0x6E6E , -796 
0x2020 , 5184 
0x3E3E , 3828 
0x1C1C , 2342 
0x5A5A , -339 
0x6E6E , -796 
0x2020 , 5397 
0x3E3E , 4018 
0x1C1C , -159 
0x5A5A , 6215 
0x6E6E , 8129 
0x2020 , 5383 
0x3E3E , 5600 
0x1C1C , 2474 
0x5A5A , 5227 
0x6E6E , 7721 
0x2020 , 5319 
0x3E3E , 5535 
0x1C1C , 2588 
0x5A5A , 5208 
0x6E6E , 7359 
0x2020 , 5092 
0x3E3E , 5507 
0x1C1C , 2776 
0x5A5A , 5036 
0x6E6E , 7273 
0x2020 , 4985 
0x3E3E , 5614 
0x1C1C , 2990 
0x5A5A , 5089 
0x6E6E , 7001 
0x2020 , 4674 
0x3E3E , 5466 
0x1C1C , 3264 
0x5A5A , 5108 
0x6E6E , 6669 
0x2020 , 4607 
0x3E3E , 5698 
0x1C1C , 3502 
0x5A5A , 5184 
0x6E6E , 6598 
0x2020 , 4495 
0x3E3E , 5145 
0x1C1C , -159 
0x5A5A , 5094 
0x6E6E , 6301 
0x2020 , -291 
0x3E3E , -218 
0x1C1C , 3990 
0x5A5A , -339 
0x6E6E , -796 
0x2020 , 4175 
0x3E3E , 5517 
0x1C1C , 4205 
0x5A5A , -339 
0x6E6E , -796 
0x2020 , 4170 
0x3E3E , -2023 
0x1C1C , 4319 
0x5A5A , 5652 
0x6E6E , -796 
0x2020 , 3399 
0x3E3E , 5016 
0x1C1C , 4396 
0x5A5A , 5404 
0x6E6E , 6220 
0x2020 , 4025 
0x3E3E , 5062 
0x1C1C , 4556 
0x5A5A , -339 
0x6E6E , -796 
0x2020 , -291 
0x3E3E , -218 
0x1C1C , -159 
0x5A5A , 6019 
0x6E6E , -796 
0x2020 , 3224 
0x3E3E , 4528 
0x1C1C , 4766 
0x5A5A , 6305 
0x6E6E , -796 
0x2020 , 2317 
0x3E3E , 4338 
0x1C1C , 4912 
0x5A5A , 6510 
0x6E6E , 6684 
0x2020 , 2371 
0x3E3E , 4394 
0x1C1C , 4940 
0x5A5A , 6677 
0x6E6E , 6719 
0x2020 , 2162 
0x3E3E , 4371 
0x1C1C , 5323 
0x5A5A , -339 
0x6E6E , 6457 
0x2020 , 1992 
0x3E3E , 4612 
0x1C1C , 5771 
0x5A5A , 7107 
0x6E6E , 6306 
0x2020 , 2259 
0x3E3E , 4937 
0x1C1C , 5848 
0x5A5A , 7011 
0x6E6E , 6135 
0x2020 , 2303 
0x3E3E , 5164 
0x1C1C , 6095 
0x5A5A , 6964 
0x6E6E , 6054 
0x2020 , 2211 
0x3E3E , 5229 
0x1C1C , 6287 
0x5A5A , 6911 
0x6E6E , 5827 
0x2020 , 2303 
0x3E3E , 5660 
0x1C1C , 6401 
0x5A5A , 6887 
0x6E6E , 5676 
0x2020 , 2390 
0x3E3E , 6055 
0x1C1C , 6624 
0x5A5A , 6844 
0x6E6E , 4991 
0x2020 , 2652 
0x3E3E , 6245 
0x1C1C , 6766 
0x5A5A , 6596 
0x6E6E , 4845 
0x2020 , 2710 
0x3E3E , 6510 
0x1C1C , 7099 
0x5A5A , 6577 
0x6E6E , 4508 
0x2020 , 2880 
0x3E3E , 6695 
0x1C1C , 7213 
0x5A5A , 6458 
0x6E6E , 4150 
0x2020 , 2948 
0x3E3E , 6997 
0x1C1C , 7428 
0x5A5A , 6539 
0x6E6E , 3999 
0x2020 , 3132 
0x3E3E , 7150 
0x1C1C , 7551 
0x5A5A , 6439 
0x6E6E , 3817 
0x2020 , 3384 
0x3E3E , 7373 
0x1C1C , -159 
0x5A5A , 6324 
0x6E6E , 3646 
0x2020 , -291 
0x3E3E , -218 
0x1C1C , 7688 
0x5A5A , -339 
0x6E6E , -796 
0x2020 , 4199 
0x3E3E , 7637 
0x1C1C , 7478 
0x5A5A , -339 
0x6E6E , -796 
0x2020 , 4374 
0x3E3E , 7725 
0x1C1C , 7538 
0x5A5A , 5771 
0x6E6E , -796 
0x2020 , 4233 
0x3E3E , 7591 
0x1C1C , 7602 
0x5A5A , 5160 
0x6E6E , 3027 
0x2020 , 4034 
0x3E3E , 7670 
0x1C1C , 7442 
0x5A5A , 5575 
0x6E6E , 3278 
0x2020 , 3763 
0x3E3E , 7447 
0x1C1C , -159 
0x5A5A , 5690 
0x6E6E , 3576 
0x2020 , -291 
0x3E3E , -218 
0x1C1C , 6757 
0x5A5A , -339 
0x6E6E , -796 
0x2020 , 3438 
0x3E3E , 6904 
0x1C1C , 6451 
0x5A5A , -339 
0x6E6E , -796 
0x2020 , 3249 
0x3E3E , 6556 
0x1C1C , 6309 
0x5A5A , 5943 
0x6E6E , -796 
0x2020 , 3171 
0x3E3E , 6259 
0x1C1C , -159 
0x5A5A , 6029 
0x6E6E , 4865 
0x2020 , -291 
0x3E3E , -218 
0x1C1C , 5830 
0x5A5A , -339 
0x6E6E , -796 
0x2020 , 3113 
0x3E3E , 5712 
0x1C1C , -159 
0x5A5A , -339 
0x6E6E , -796 
0x2020 , -291 
0x3E3E , -218 
0x1C1C , 5342 
0x5A5A , -339 
0x6E6E , -796 
0x2020 , 3190 
0x3E3E , 5387 
0x1C1C , 5168 
0x5A5A , -339 
0x6E6E , -796 
0x2020 , 3370 
0x3E3E , 5016 
0x1C1C , 4922 
0x5A5A , 6372 
0x6E6E , -796 
0x2020 , 2938 
0x3E3E , 4551 
0x1C1C , 4730 
0x5A5A , 6405 
0x6E6E , 6890 
0x2020 , 3428 
0x3E3E , 4398 
0x1C1C , 4501 
0x5A5A , 6415 
0x6E6E , 7072 
0x2020 , 3181 
0x3E3E , 4171 
0x1C1C , 4314 
0x5A5A , 6405 
0x6E6E , 7162 
0x2020 , 3321 
0x3E3E , 4023 
0x1C1C , 4168 
0x5A5A , 6420 
0x6E6E , 7379 
0x2020 , 3336 
0x3E3E , 3883 
0x1C1C , 4059 
0x5A5A , 6544 
0x6E6E , 7636 
0x2020 , 3477 
0x3E3E , 3647 
0x1C1C , 3849 
0x5A5A , 6696 
0x6E6E , 7827 
0x2020 , 3564 
0x3E3E , 3382 
0x1C1C , 3858 
0x5A5A , 6830 
0x6E6E , 8094 
0x2020 , 4092 
0x3E3E , 3146 
0x1C1C , 3616 
0x5A5A , 6930 
0x6E6E , 8276 
0x2020 , 3942 
0x3E3E , 3164 
0x1C1C , 3917 
0x5A5A , 6959 
0x6E6E , 8265 
0x2020 , 4146 
0x3E3E , 3122 
0x1C1C , -159 
0x5A5A , 7021 
0x6E6E , 8583 
0x2020 , -291 
0x3E3E , -218 
0x1C1C , 3205 
0x5A5A , -339 
0x6E6E , -796 
0x2020 , 4262 
0x3E3E , 3326 
0x1C1C , 2986 
0x5A5A , -339 
0x6E6E , -796 
0x2020 , 4393 
0x3E3E , 3628 
0x1C1C , 2780 
0x5A5A , 6611 
0x6E6E , -796 
0x2020 , 4558 
0x3E3E , 3424 
0x1C1C , 2680 
0x5A5A , 6515 
0x6E6E , 8326 
0x2020 , 4820 
0x3E3E , 3517 
0x1C1C , 2552 
0x5A5A , 6763 
0x6E6E , 8291 
0x2020 , 4995 
0x3E3E , 3628 
0x1C1C , 2515 
0x5A5A , 6611 
0x6E6E , 8145 
0x2020 , 5155 
0x3E3E , 3851 
0x1C1C , 2301 
0x5A5A , 6253 
0x6E6E , 8034 
0x2020 , 5349 
0x3E3E , 4074 
0x1C1C , 2433 
0x5A5A , 6129 
0x6E6E , 7973 
0x2020 , 5688 
0x3E3E , 4872 
0x1C1C , 2867 
0x5A5A , 5256 
0x6E6E , 7782 
0x2020 , 5737 
0x3E3E , 5150 
0x1C1C , 3013 
0x5A5A , 5084 
0x6E6E , 7631 
0x2020 , 5698 
0x3E3E , 5303 
0x1C1C , 3100 
0x5A5A , 4755 
0x6E6E , 7273 
0x2020 , 5722 
0x3E3E , 5484 
0x1C1C , 3191 
0x5A5A , 4688 
0x6E6E , 7198 
0x2020 , 5722 
0x3E3E , 5475 
0x1C1C , 3351 
0x5A5A , 4607 
0x6E6E , 6936 
0x2020 , 5319 
0x3E3E , 5521 
0x1C1C , 3314 
0x5A5A , 4636 
0x6E6E , 6890 
0x2020 , 5159 
0x3E3E , 5749 
0x1C1C , 3387 
0x5A5A , 4693 
0x6E6E , 6528 
0x2020 , 4999 
0x3E3E , 5851 
0x1C1C , 3547 
0x5A5A , 4598 
0x6E6E , 6361 
0x2020 , 4820 
0x3E3E , 6032 
0x1C1C , 3680 
0x5A5A , 4555 
0x6E6E , 6240 
0x2020 , 4670 
0x3E3E , 6129 
0x1C1C , 3867 
0x5A5A , -339 
0x6E6E , 5973 
0x2020 , 4238 
0x3E3E , 5823 
0x1C1C , 4451 
0x5A5A , 4955 
0x6E6E , 5460 
0x2020 , 4718 
0x3E3E , 5549 
0x1C1C , 4506 
0x5A5A , 4893 
0x6E6E , 5238 
0x2020 , 3787 
0x3E3E , 5503 
0x1C1C , 4616 
0x5A5A , 4984 
0x6E6E , 5827 
0x2020 , 3598 
0x3E3E , 5419 
0x1C1C , 4702 
0x5A5A , 5137 
0x6E6E , 5822 
0x2020 , 3821 
0x3E3E , 5345 
0x1C1C , 4853 
0x5A5A , -339 
0x6E6E , -796 
0x2020 , -291 
0x3E3E , -218 
0x1C1C , -159 
0x5A5A , 5628 
0x6E6E , -796 
0x2020 , 3569 
0x3E3E , 5016 
0x1C1C , 5118 
0x5A5A , 5885 
0x6E6E , -796 
0x2020 , 3321 
0x3E3E , 4927 
0x1C1C , 5209 
0x5A5A , 6100 
0x6E6E , 6059 
0x2020 , 3079 
0x3E3E , 4695 
0x1C1C , 5150 
0x5A5A , 6243 
0x6E6E , 6351 
0x2020 , 3103 
0x3E3E , 4779 
0x1C1C , 5081 
0x5A5A , 6300 
0x6E6E , 6523 
0x2020 , 3229 
0x3E3E , 5085 
0x1C1C , 4931 
0x5A5A , 6353 
0x6E6E , 6608 
0x2020 , 2914 
0x3E3E , 4626 
0x1C1C , 4757 
0x5A5A , 6477 
0x6E6E , 6729 
0x2020 , 2953 
0x3E3E , 4422 
0x1C1C , 4634 
0x5A5A , 6229 
0x6E6E , 6890 
0x2020 , 3239 
0x3E3E , 4426 
0x1C1C , 5054 
0x5A5A , 6005 
0x6E6E , 6946 
0x2020 , 3278 
0x3E3E , 4593 
0x1C1C , 4862 
0x5A5A , 5909 
0x6E6E , 6941 
0x2020 , 3603 
0x3E3E , 4292 
0x1C1C , 4538 
0x5A5A , 5947 
0x6E6E , 6789 
0x2020 , 3316 
0x3E3E , 4454 
0x1C1C , 4314 
0x5A5A , 6372 
0x6E6E , 6653 
0x2020 , 3506 
0x3E3E , 4422 
0x1C1C , -159 
0x5A5A , 6205 
0x6E6E , 6533 
0x2020 , -291 
0x3E3E , -218 
0x1C1C , -159 
0x5A5A , -339 
0x6E6E , -796 
0x2020 , 3884 
0x3E3E , 4839 
0x1C1C , 4355 
0x5A5A , -339 
0x6E6E , -796 
0x2020 , 3690 
0x3E3E , 5011 
0x1C1C , 4497 
0x5A5A , 5566 
0x6E6E , 6407 
0x2020 , 3637 
0x3E3E , 4974 
0x1C1C , 4675 
0x5A5A , 5504 
0x6E6E , 6245 
0x2020 , 3544 
0x3E3E , 5169 
0x1C1C , 4816 
0x5A5A , 5532 
0x6E6E , 5868 
0x2020 , 3496 
0x3E3E , 5489 
0x1C1C , 4999 
0x5A5A , 5513 
0x6E6E , 5429 
0x2020 , 3520 
0x3E3E , 5809 
0x1C1C , 5068 
0x5A5A , 5470 
0x6E6E , 5243 
0x2020 , 3593 
0x3E3E , 5944 
0x1C1C , 5364 
0x5A5A , 5394 
0x6E6E , 5303 
0x2020 , 3894 
0x3E3E , 6171 
0x1C1C , 5415 
0x5A5A , 5408 
0x6E6E , 4855 
0x2020 , 4354 
0x3E3E , 6245 
0x1C1C , 5296 
0x5A5A , 5194 
0x6E6E , 4865 
0x2020 , 4500 
0x3E3E , 6166 
0x1C1C , 5191 
0x5A5A , 4440 
0x6E6E , 5021 
0x2020 , 4466 
0x3E3E , 6115 
0x1C1C , 5031 
0x5A5A , 4412 
0x6E6E , 5203 
0x2020 , 4437 
0x3E3E , 6143 
0x1C1C , 4922 
0x5A5A , 4426 
0x6E6E , 5228 
0x2020 , 4349 
0x3E3E , 6101 
0x1C1C , 4899 
0x5A5A , 4440 
0x6E6E , 5213 
0x2020 , 4393 
0x3E3E , 6069 
0x1C1C , 4835 
0x5A5A , 4445 
0x6E6E , 5268 
0x2020 , 4316 
0x3E3E , 6041 
0x1C1C , -159 
0x5A5A , 4469 
0x6E6E , 5329 
0x2020 , -291 
0x3E3E , -218 
0x1C1C , -159 
0x5A5A , -339 
0x6E6E , -796 
0x2020 , 4223 
0x3E3E , 6134 
0x1C1C , 4871 
0x5A5A , -339 
0x6E6E , -796 
0x2020 , 4180 
0x3E3E , 6138 
0x1C1C , 4867 
0x5A5A , 4412 
0x6E6E , 5233 
0x2020 , 4252 
0x3E3E , 6125 
0x1C1C , 4926 
0x5A5A , 4464 
0x6E6E , 5213 
0x2020 , 4204 
0x3E3E , 6097 
0x1C1C , 4917 
0x5A5A , 4445 
0x6E6E , 5213 
0x2020 , 4277 
0x3E3E , 6092 
0x1C1C , 4876 
0x5A5A , 4412 
0x6E6E , 5167 
0x2020 , 4345 
0x3E3E , 6111 
0x1C1C , 4890 
0x5A5A , 4474 
0x6E6E , 5329 
0x2020 , 4320 
0x3E3E , 6134 
0x1C1C , 5013 
0x5A5A , 4383 
0x6E6E , 5334 
