0x2020 , 4340 
0x3E3E , 5925 
0x1C1C , 4716 
0x5A5A , 4936 
0x6E6E , 5434 
0x2020 , 4383 
0x3E3E , 5883 
0x1C1C , 4716 
0x5A5A , 4917 
0x6E6E , 5475 
0x2020 , 4257 
0x3E3E , 5957 
0x1C1C , 4748 
0x5A5A , 4931 
0x6E6E , 5460 
0x2020 , 4175 
0x3E3E , 5911 
0x1C1C , 4775 
0x5A5A , 4927 
0x6E6E , 5379 
0x2020 , 4262 
0x3E3E , 5939 
0x1C1C , 4743 
0x5A5A , 4941 
0x6E6E , 5460 
0x2020 , 4257 
0x3E3E , 5902 
0x1C1C , 4707 
0x5A5A , 4970 
0x6E6E , 5616 
0x2020 , 4306 
0x3E3E , 5971 
0x1C1C , 4743 
0x5A5A , 4993 
0x6E6E , 5505 
0x2020 , 4640 
0x3E3E , 6060 
0x1C1C , 4853 
0x5A5A , 5108 
0x6E6E , 5550 
0x2020 , 4519 
0x3E3E , 5971 
0x1C1C , 4848 
0x5A5A , 4745 
0x6E6E , 5404 
0x2020 , 4514 
0x3E3E , 5962 
0x1C1C , 4789 
0x5A5A , 4769 
0x6E6E , 5465 
0x2020 , 4548 
0x3E3E , 5934 
0x1C1C , 4816 
0x5A5A , 4722 
0x6E6E , 5525 
0x2020 , 4461 
0x3E3E , 5999 
0x1C1C , 4858 
0x5A5A , 4688 
0x6E6E , 5485 
0x2020 , 4403 
0x3E3E , 6050 
0x1C1C , 4830 
0x5A5A , 4645 
0x6E6E , 5384 
0x2020 , 4408 
0x3E3E , 5911 
0x1C1C , 4844 
0x5A5A , 5170 
0x6E6E , 5354 
0x2020 , -291 
0x3E3E , -218 
0x1C1C , -159 
0x5A5A , -339 
0x6E6E , -796 
0x2020 , 2220 
0x3E3E , 5809 
0x1C1C , 6670 
0x5A5A , 7140 
0x6E6E , 5545 
0x2020 , 1934 
0x3E3E , 5503 
0x1C1C , 6583 
0x5A5A , 7173 
0x6E6E , 5772 
0x2020 , 1959 
0x3E3E , 5405 
0x1C1C , 6218 
0x5A5A , 7231 
0x6E6E , 6120 
0x2020 , 1978 
0x3E3E , 4343 
0x1C1C , 5725 
0x5A5A , 7197 
0x6E6E , 6553 
0x2020 , 2075 
0x3E3E , 4282 
0x1C1C , 5259 
0x5A5A , 7364 
0x6E6E , 7142 
0x2020 , 2613 
0x3E3E , 3985 
0x1C1C , 4848 
0x5A5A , 7355 
0x6E6E , 7570 
0x2020 , 2768 
0x3E3E , 3651 
0x1C1C , 5278 
0x5A5A , 6739 
0x6E6E , 7580 
0x2020 , 2982 
0x3E3E , 4463 
0x1C1C , 4419 
0x5A5A , 6415 
0x6E6E , 6956 
0x2020 , 3457 
0x3E3E , 4886 
0x1C1C , 4369 
0x5A5A , 6033 
0x6E6E , 6281 
0x2020 , 4102 
0x3E3E , 5999 
0x1C1C , -159 
0x5A5A , 5327 
0x6E6E , 5666 
0x2020 , -291 
0x3E3E , -218 
0x1C1C , 5054 
0x5A5A , -339 
0x6E6E , -796 
0x2020 , 5286 
0x3E3E , 7702 
0x1C1C , 5291 
0x5A5A , -339 
0x6E6E , -796 
0x2020 , -291 
0x3E3E , 8050 
0x1C1C , 5328 
0x5A5A , 2294 
0x6E6E , -796 
0x2020 , 7429 
0x3E3E , 7865 
0x1C1C , 4451 
0x5A5A , 2084 
0x6E6E , 6200 
0x2020 , 7662 
0x3E3E , 7173 
0x1C1C , 3803 
0x5A5A , 3004 
0x6E6E , 6895 
0x2020 , 5402 
0x3E3E , 5336 
0x1C1C , 3004 
0x5A5A , -339 
0x6E6E , 7016 
0x2020 , 5518 
0x3E3E , 5039 
0x1C1C , 2538 
0x5A5A , -339 
0x6E6E , 7560 
0x2020 , 5615 
0x3E3E , 4519 
0x1C1C , 2146 
0x5A5A , 5957 
0x6E6E , 8119 
0x2020 , 4815 
0x3E3E , 4148 
0x1C1C , 2940 
0x5A5A , 6019 
0x6E6E , 7782 
0x2020 , 3889 
0x3E3E , 4510 
0x1C1C , 3684 
0x5A5A , 6224 
0x6E6E , 7510 
0x2020 , 3365 
0x3E3E , 4658 
0x1C1C , 4196 
0x5A5A , -339 
0x6E6E , 7344 
0x2020 , 2967 
0x3E3E , 3809 
0x1C1C , 4365 
0x5A5A , -339 
0x6E6E , 7520 
0x2020 , 2972 
0x3E3E , 3730 
0x1C1C , 4241 
0x5A5A , 6859 
0x6E6E , 7641 
0x2020 , 3413 
0x3E3E , 3229 
0x1C1C , 4022 
0x5A5A , 7083 
0x6E6E , 8145 
0x2020 , 3481 
0x3E3E , 3192 
0x1C1C , 4104 
0x5A5A , 6911 
0x6E6E , 8225 
0x2020 , 3772 
0x3E3E , 3442 
0x1C1C , 3739 
0x5A5A , 6587 
0x6E6E , 7928 
0x2020 , 3879 
0x3E3E , 4250 
0x1C1C , 3529 
0x5A5A , 6186 
0x6E6E , 7359 
0x2020 , 4296 
0x3E3E , 4992 
0x1C1C , 3648 
0x5A5A , 5685 
0x6E6E , 6845 
0x2020 , 4553 
0x3E3E , 5006 
0x1C1C , 3789 
0x5A5A , 4760 
0x6E6E , 6291 
0x2020 , 5058 
0x3E3E , 5879 
0x1C1C , 4127 
0x5A5A , 4464 
0x6E6E , 5727 
0x2020 , 5756 
0x3E3E , 6412 
0x1C1C , 4638 
0x5A5A , 4073 
0x6E6E , 5319 
0x2020 , 6280 
0x3E3E , 6830 
0x1C1C , 5068 
0x5A5A , 3319 
0x6E6E , 5122 
0x2020 , 6493 
0x3E3E , 7456 
0x1C1C , 5433 
0x5A5A , 2732 
0x6E6E , 4805 
0x2020 , 6968 
0x3E3E , 8055 
0x1C1C , 5935 
0x5A5A , 2007 
0x6E6E , 4412 
0x2020 , 6934 
0x3E3E , 8445 
0x1C1C , 6410 
0x5A5A , 2475 
0x6E6E , 4225 
0x2020 , 6600 
0x3E3E , 8607 
0x1C1C , 6597 
0x5A5A , 2771 
0x6E6E , 3364 
0x2020 , 6328 
0x3E3E , 8616 
0x1C1C , 6921 
0x5A5A , -339 
0x6E6E , 2694 
0x2020 , 5741 
0x3E3E , 8542 
0x1C1C , 7035 
0x5A5A , 3663 
0x6E6E , 2382 
0x2020 , 5203 
0x3E3E , 8329 
0x1C1C , 7259 
0x5A5A , 4407 
0x6E6E , 2488 
0x2020 , 4674 
0x3E3E , 7841 
0x1C1C , 7136 
0x5A5A , 4917 
0x6E6E , 3314 
0x2020 , 4553 
0x3E3E , 7503 
0x1C1C , 7186 
0x5A5A , 5294 
0x6E6E , 3490 
0x2020 , 4025 
0x3E3E , 6992 
0x1C1C , -159 
0x5A5A , 5571 
0x6E6E , 3984 
0x2020 , -291 
0x3E3E , -218 
0x1C1C , 6629 
0x5A5A , -339 
0x6E6E , -796 
0x2020 , 3069 
0x3E3E , 5851 
0x1C1C , 6159 
0x5A5A , -339 
0x6E6E , -796 
0x2020 , 3113 
0x3E3E , 5215 
0x1C1C , 5387 
0x5A5A , 6186 
0x6E6E , -796 
0x2020 , 2836 
0x3E3E , 5002 
0x1C1C , 4894 
0x5A5A , 6420 
0x6E6E , -796 
0x2020 , 3370 
0x3E3E , 4255 
0x1C1C , 4328 
0x5A5A , 6377 
0x6E6E , 7268 
0x2020 , 3671 
0x3E3E , 3814 
0x1C1C , 3684 
0x5A5A , 6467 
0x6E6E , 7706 
0x2020 , 4175 
0x3E3E , 3647 
0x1C1C , 3269 
0x5A5A , 6558 
0x6E6E , 8029 
0x2020 , 4524 
0x3E3E , 4064 
0x1C1C , 2648 
0x5A5A , 6148 
0x6E6E , 8109 
0x2020 , 4961 
0x3E3E , 4533 
0x1C1C , 2579 
0x5A5A , 5823 
0x6E6E , 7893 
0x2020 , 5111 
0x3E3E , 4937 
0x1C1C , 2392 
0x5A5A , -339 
0x6E6E , 7525 
0x2020 , 5300 
0x3E3E , 4867 
0x1C1C , 2958 
0x5A5A , 5528 
0x6E6E , 7187 
0x2020 , 5407 
0x3E3E , 5266 
0x1C1C , 3328 
0x5A5A , 5122 
0x6E6E , 6684 
0x2020 , 5455 
0x3E3E , 5456 
0x1C1C , 3680 
0x5A5A , 4803 
0x6E6E , 6769 
0x2020 , 4898 
0x3E3E , 5832 
0x1C1C , 3812 
0x5A5A , 4550 
0x6E6E , 6261 
0x2020 , 4257 
0x3E3E , 5633 
0x1C1C , 4232 
0x5A5A , -339 
0x6E6E , 5787 
0x2020 , 3583 
0x3E3E , 5549 
0x1C1C , 4716 
0x5A5A , 5814 
0x6E6E , 5782 
0x2020 , 3312 
0x3E3E , 5544 
0x1C1C , 5479 
0x5A5A , 5947 
0x6E6E , 5671 
0x2020 , 3001 
0x3E3E , 5823 
0x1C1C , 6515 
0x5A5A , 6181 
0x6E6E , 4996 
0x2020 , 3462 
0x3E3E , 6904 
0x1C1C , 7058 
0x5A5A , 6200 
0x6E6E , 4241 
0x2020 , 4000 
0x3E3E , 7201 
0x1C1C , 6926 
0x5A5A , 5513 
0x6E6E , 3470 
0x2020 , 4466 
0x3E3E , 7846 
0x1C1C , 7414 
0x5A5A , -339 
0x6E6E , 2785 
0x2020 , 5237 
0x3E3E , 8463 
0x1C1C , 7597 
0x5A5A , 4741 
0x6E6E , 2236 
0x2020 , 6081 
0x3E3E , 8848 
0x1C1C , 7624 
0x5A5A , 3939 
0x6E6E , 1933 
0x2020 , -291 
0x3E3E , -218 
0x1C1C , -159 
0x5A5A , -339 
0x6E6E , -796 
0x2020 , 7240 
0x3E3E , 9108 
0x1C1C , 6127 
0x5A5A , 1745 
0x6E6E , 4160 
0x2020 , 7327 
0x3E3E , 8143 
0x1C1C , 5720 
0x5A5A , 1712 
0x6E6E , 4911 
0x2020 , 6968 
0x3E3E , 7670 
0x1C1C , 4958 
0x5A5A , 2527 
0x6E6E , 5132 
0x2020 , 5872 
0x3E3E , 7104 
0x1C1C , 4680 
0x5A5A , 3539 
0x6E6E , 5273 
0x2020 , 5164 
0x3E3E , 6723 
0x1C1C , 4323 
0x5A5A , 4144 
0x6E6E , 5399 
0x2020 , 4694 
0x3E3E , 5906 
0x1C1C , 4150 
0x5A5A , 4011 
0x6E6E , 5661 
0x2020 , 4577 
0x3E3E , 5688 
0x1C1C , 4150 
0x5A5A , 5151 
0x6E6E , 5732 
0x2020 , -291 
0x3E3E , -218 
0x1C1C , -159 
0x5A5A , -339 
0x6E6E , -796 
0x2020 , 3598 
0x3E3E , -218 
0x1C1C , 3908 
0x5A5A , 6281 
0x6E6E , 7465 
0x2020 , 3777 
0x3E3E , 3781 
0x1C1C , 3680 
0x5A5A , 6405 
0x6E6E , 7893 
0x2020 , 4345 
0x3E3E , 3726 
0x1C1C , 3027 
0x5A5A , 6534 
0x6E6E , 8129 
0x2020 , 4573 
0x3E3E , 4018 
0x1C1C , 3095 
0x5A5A , 6281 
0x6E6E , 8074 
0x2020 , 4796 
0x3E3E , 4408 
0x1C1C , 2566 
0x5A5A , 5823 
0x6E6E , 7852 
0x2020 , 5048 
0x3E3E , 4482 
0x1C1C , 2620 
0x5A5A , 5394 
0x6E6E , 7444 
0x2020 , 5300 
0x3E3E , 4964 
0x1C1C , 3132 
0x5A5A , -339 
0x6E6E , 6946 
0x2020 , 5572 
0x3E3E , 5359 
0x1C1C , 3794 
0x5A5A , 4569 
0x6E6E , 6512 
0x2020 , 5814 
0x3E3E , 5744 
0x1C1C , 4049 
0x5A5A , 4302 
0x6E6E , 5827 
0x2020 , 6081 
0x3E3E , 6992 
0x1C1C , 4657 
0x5A5A , 3486 
0x6E6E , 5374 
0x2020 , 6294 
0x3E3E , 7048 
0x1C1C , 4721 
0x5A5A , -339 
0x6E6E , 5057 
0x2020 , 6774 
0x3E3E , 7818 
0x1C1C , 5579 
0x5A5A , 2570 
0x6E6E , 4613 
0x2020 , 7012 
0x3E3E , 8459 
0x1C1C , 6026 
0x5A5A , 2088 
0x6E6E , 4513 
0x2020 , 6808 
0x3E3E , 9029 
0x1C1C , 6451 
0x5A5A , 2451 
0x6E6E , 3999 
0x2020 , 6488 
0x3E3E , 8514 
0x1C1C , 6583 
0x5A5A , -339 
0x6E6E , 3223 
0x2020 , -291 
0x3E3E , 8519 
0x1C1C , 6898 
0x5A5A , 3701 
0x6E6E , 2598 
0x2020 , 5625 
0x3E3E , 8537 
0x1C1C , 7022 
0x5A5A , 3963 
0x6E6E , 2326 
0x2020 , 5169 
0x3E3E , 8310 
0x1C1C , 7255 
0x5A5A , 4488 
0x6E6E , 2558 
0x2020 , 4718 
0x3E3E , 7855 
0x1C1C , 7067 
0x5A5A , 4898 
0x6E6E , 3399 
0x2020 , 4005 
0x3E3E , 7512 
0x1C1C , 7136 
0x5A5A , 5213 
0x6E6E , 3510 
0x2020 , 3617 
0x3E3E , 6974 
0x1C1C , 6944 
0x5A5A , 5566 
0x6E6E , 4094 
0x2020 , 3341 
0x3E3E , 6825 
0x1C1C , 6656 
0x5A5A , 5714 
0x6E6E , 4361 
0x2020 , 3685 
0x3E3E , 5846 
0x1C1C , 6131 
0x5A5A , 5776 
0x6E6E , 4860 
0x2020 , 3409 
0x3E3E , 5939 
0x1C1C , 5469 
0x5A5A , 5890 
0x6E6E , 5434 
0x2020 , 3535 
0x3E3E , 5475 
0x1C1C , 4976 
0x5A5A , 5814 
0x6E6E , 6261 
0x2020 , 3709 
0x3E3E , 5252 
0x1C1C , 4556 
0x5A5A , 5909 
0x6E6E , 6517 
0x2020 , 3690 
0x3E3E , 4319 
0x1C1C , 4045 
0x5A5A , 5928 
0x6E6E , 7198 
0x2020 , 3898 
0x3E3E , 3707 
0x1C1C , 3643 
0x5A5A , 6300 
0x6E6E , 7706 
0x2020 , 4349 
0x3E3E , 3545 
0x1C1C , 3164 
0x5A5A , 6448 
0x6E6E , 7998 
0x2020 , 4621 
0x3E3E , 4329 
0x1C1C , 2652 
0x5A5A , 6057 
0x6E6E , 7988 
0x2020 , 4951 
0x3E3E , 4148 
0x1C1C , 2506 
0x5A5A , 5761 
0x6E6E , 7726 
0x2020 , 5024 
0x3E3E , 4561 
0x1C1C , 2799 
0x5A5A , 5866 
0x6E6E , 7248 
0x2020 , 4970 
0x3E3E , 4992 
0x1C1C , 3470 
0x5A5A , 5170 
0x6E6E , 6734 
0x2020 , 5101 
0x3E3E , 5480 
0x1C1C , 3853 
0x5A5A , 5127 
0x6E6E , 6271 
0x2020 , 5407 
0x3E3E , 6120 
0x1C1C , 4365 
0x5A5A , 4450 
0x6E6E , 5752 
0x2020 , 5615 
0x3E3E , 6886 
0x1C1C , 4524 
0x5A5A , 3868 
0x6E6E , 5319 
0x2020 , 6110 
0x3E3E , 7206 
0x1C1C , 5008 
0x5A5A , 3224 
0x6E6E , 5087 
0x2020 , 6469 
0x3E3E , 7530 
0x1C1C , 5291 
0x5A5A , 3033 
0x6E6E , 4835 
0x2020 , 6997 
0x3E3E , 7957 
0x1C1C , 5972 
0x5A5A , 2127 
0x6E6E , 4487 
0x2020 , 7036 
0x3E3E , 8890 
0x1C1C , 6410 
0x5A5A , 2046 
0x6E6E , 4034 
0x2020 , 6731 
0x3E3E , 8607 
0x1C1C , 6656 
0x5A5A , 2499 
0x6E6E , 3696 
0x2020 , 6493 
0x3E3E , 8769 
0x1C1C , 6908 
0x5A5A , 2952 
0x6E6E , 3127 
0x2020 , 6144 
0x3E3E , 8612 
0x1C1C , 7003 
0x5A5A , -339 
0x6E6E , 2341 
0x2020 , 5625 
0x3E3E , 8570 
0x1C1C , 7136 
0x5A5A , 3963 
0x6E6E , 2306 
0x2020 , 5053 
0x3E3E , 8352 
0x1C1C , 7387 
0x5A5A , -339 
0x6E6E , 2467 
0x2020 , 4577 
0x3E3E , 7911 
0x1C1C , 7323 
0x5A5A , 5008 
0x6E6E , 3052 
0x2020 , 4859 
0x3E3E , 7558 
0x1C1C , 7296 
0x5A5A , 5117 
0x6E6E , 3339 
0x2020 , 4243 
0x3E3E , 7104 
0x1C1C , 6930 
0x5A5A , 5494 
0x6E6E , 3223 
0x2020 , 3651 
0x3E3E , 6482 
0x1C1C , 6643 
0x5A5A , 5695 
0x6E6E , 4276 
0x2020 , 3496 
0x3E3E , 6667 
0x1C1C , 6277 
0x5A5A , 5680 
0x6E6E , 4533 
0x2020 , 3380 
0x3E3E , 6292 
0x1C1C , 6049 
0x5A5A , -339 
0x6E6E , 5319 
0x2020 , 3239 
0x3E3E , 5670 
0x1C1C , 5442 
0x5A5A , 6043 
0x6E6E , 5888 
0x2020 , 3467 
0x3E3E , 5331 
0x1C1C , 5182 
0x5A5A , 5843 
0x6E6E , 6074 
0x2020 , 3777 
0x3E3E , 5280 
0x1C1C , 4739 
0x5A5A , 5246 
0x6E6E , 6240 
0x2020 , 4325 
0x3E3E , 5382 
0x1C1C , 4278 
0x5A5A , 4889 
0x6E6E , 6140 
0x2020 , 4505 
0x3E3E , 5526 
0x1C1C , 3917 
0x5A5A , 4564 
0x6E6E , 6054 
0x2020 , 5082 
0x3E3E , 5739 
0x1C1C , 3858 
0x5A5A , 4178 
0x6E6E , 5913 
0x2020 , 5683 
0x3E3E , 6445 
0x1C1C , 3876 
0x5A5A , 3882 
0x6E6E , 5873 
0x2020 , 6285 
0x3E3E , 6876 
0x1C1C , 4319 
0x5A5A , 3081 
0x6E6E , 5787 
0x2020 , 6731 
0x3E3E , 7108 
0x1C1C , 4191 
0x5A5A , 2895 
0x6E6E , 5822 
0x2020 , 7492 
0x3E3E , 7238 
0x1C1C , 4077 
0x5A5A , 2470 
0x6E6E , 6905 
0x2020 , 6382 
0x3E3E , 5679 
0x1C1C , 1684 
0x5A5A , 5137 
0x6E6E , 8291 
0x2020 , 5610 
0x3E3E , 4937 
0x1C1C , 1904 
0x5A5A , 5294 
0x6E6E , 8104 
0x2020 , 4878 
0x3E3E , 4556 
0x1C1C , -159 
0x5A5A , 5585 
0x6E6E , 7676 
0x2020 , -291 
0x3E3E , -218 
0x1C1C , 3986 
0x5A5A , -339 
0x6E6E , -796 
0x2020 , 3394 
0x3E3E , 4909 
0x1C1C , 4953 
0x5A5A , -339 
0x6E6E , -796 
0x2020 , -291 
0x3E3E , 5860 
0x1C1C , 5981 
0x5A5A , 6372 
0x6E6E , -796 
0x2020 , -291 
0x3E3E , 6491 
0x1C1C , 6889 
0x5A5A , 6062 
0x6E6E , 4205 
0x2020 , 4107 
0x3E3E , -218 
0x1C1C , 7378 
0x5A5A , 5690 
0x6E6E , 3283 
0x2020 , 4762 
0x3E3E , 8310 
0x1C1C , 7780 
0x5A5A , 5222 
0x6E6E , 2442 
0x2020 , -291 
0x3E3E , -218 
0x1C1C , -159 
0x5A5A , -339 
0x6E6E , -796 
0x2020 , 7419 
0x3E3E , 9136 
0x1C1C , 7204 
0x5A5A , 2518 
0x6E6E , 3596 
0x2020 , 7419 
0x3E3E , 8927 
0x1C1C , 6058 
0x5A5A , 1821 
0x6E6E , 4039 
0x2020 , 7628 
0x3E3E , 8273 
0x1C1C , 5442 
0x5A5A , 1549 
0x6E6E , 4890 
0x2020 , 7478 
0x3E3E , 7967 
0x1C1C , 4657 
0x5A5A , 2055 
0x6E6E , 5621 
0x2020 , 7405 
0x3E3E , 7187 
0x1C1C , 3908 
0x5A5A , 2871 
0x6E6E , 6417 
0x2020 , -291 
0x3E3E , -218 
0x1C1C , -159 
0x5A5A , -339 
0x6E6E , -796 
0x2020 , 5683 
0x3E3E , 4654 
0x1C1C , 2063 
0x5A5A , 5299 
0x6E6E , 7908 
0x2020 , 5033 
0x3E3E , 4064 
0x1C1C , 2598 
0x5A5A , -339 
0x6E6E , 8875 
0x2020 , 3612 
0x3E3E , 3702 
0x1C1C , 3712 
0x5A5A , 6844 
0x6E6E , 8129 
0x2020 , 3074 
0x3E3E , 3466 
0x1C1C , -159 
0x5A5A , 7412 
0x6E6E , 7893 
0x2020 , -291 
0x3E3E , -218 
0x1C1C , -159 
0x5A5A , -339 
0x6E6E , -796 
0x2020 , 2371 
0x3E3E , 6231 
0x1C1C , 6743 
0x5A5A , -339 
0x6E6E , -796 
0x2020 , 3016 
0x3E3E , 6700 
0x1C1C , 7031 
0x5A5A , 6114 
0x6E6E , -796 
0x2020 , 3617 
0x3E3E , 6282 
0x1C1C , 6099 
0x5A5A , 5819 
0x6E6E , 5001 
0x2020 , 3506 
0x3E3E , 5085 
0x1C1C , 5268 
0x5A5A , 5800 
0x6E6E , 5858 
0x2020 , 3554 
0x3E3E , 4765 
0x1C1C , -159 
0x5A5A , 5952 
0x6E6E , 6507 
0x2020 , -291 
0x3E3E , -218 
0x1C1C , 3808 
0x5A5A , -339 
0x6E6E , -796 
0x2020 , -291 
0x3E3E , 3563 
0x1C1C , 3031 
0x5A5A , -339 
0x6E6E , -796 
0x2020 , -291 
0x3E3E , -218 
0x1C1C , -159 
0x5A5A , -339 
0x6E6E , -796 
0x2020 , 4083 
0x3E3E , 4765 
0x1C1C , 4013 
0x5A5A , 5532 
0x6E6E , -796 
0x2020 , 3845 
0x3E3E , -218 
0x1C1C , 5036 
0x5A5A , 4903 
0x6E6E , 5263 
0x2020 , 4180 
0x3E3E , 6245 
0x1C1C , 5081 
0x5A5A , 4416 
0x6E6E , 5092 
0x2020 , 5586 
0x3E3E , -218 
0x1C1C , 4648 
0x5A5A , 3973 
0x6E6E , 5591 
0x2020 , 6081 
0x3E3E , -218 
0x1C1C , 3972 
0x5A5A , 3825 
0x6E6E , 6407 
0x2020 , -291 
0x3E3E , -218 
0x1C1C , -159 
0x5A5A , -339 
0x6E6E , -796 
0x2020 , 5678 
0x3E3E , 5368 
0x1C1C , 1625 
0x5A5A , 5594 
0x6E6E , 8311 
0x2020 , 5518 
0x3E3E , 4347 
0x1C1C , 2465 
0x5A5A , 5771 
0x6E6E , 7943 
0x2020 , 4839 
0x3E3E , 4203 
0x1C1C , 3296 
0x5A5A , 5733 
0x6E6E , 6966 
0x2020 , 4131 
0x3E3E , 4770 
0x1C1C , 4333 
0x5A5A , 5566 
0x6E6E , 6361 
0x2020 , 4092 
0x3E3E , 5897 
0x1C1C , 4652 
0x5A5A , 5218 
0x6E6E , 5601 
0x2020 , 4597 
0x3E3E , 6296 
0x1C1C , 4949 
0x5A5A , 4197 
0x6E6E , 4991 
0x2020 , -291 
0x3E3E , -218 
0x1C1C , -159 
0x5A5A , -339 
0x6E6E , -796 
0x2020 , 7347 
0x3E3E , 7809 
0x1C1C , 4200 
0x5A5A , 2389 
0x6E6E , 5797 
0x2020 , 6910 
0x3E3E , 6705 
0x1C1C , -159 
0x5A5A , 3157 
0x6E6E , 7112 
0x2020 , -291 
0x3E3E , -218 
0x1C1C , 2808 
0x5A5A , -339 
0x6E6E , -796 
0x2020 , -291 
0x3E3E , -218 
0x1C1C , -159 
0x5A5A , -339 
0x6E6E , -796 
0x2020 , 4510 
0x3E3E , 6361 
0x1C1C , 5227 
0x5A5A , 4173 
0x6E6E , 4865 
0x2020 , 4995 
0x3E3E , 7414 
0x1C1C , 5214 
0x5A5A , 3305 
0x6E6E , 4538 
0x2020 , 6013 
0x3E3E , 7776 
0x1C1C , 5218 
0x5A5A , -339 
0x6E6E , 4452 
0x2020 , 6867 
0x3E3E , 7939 
0x1C1C , 5360 
0x5A5A , 2408 
0x6E6E , 4366 
0x2020 , 6867 
0x3E3E , 8208 
0x1C1C , 6008 
0x5A5A , 2317 
0x6E6E , 4392 
0x2020 , 6372 
0x3E3E , 7925 
0x1C1C , 5958 
0x5A5A , 2732 
0x6E6E , 3979 
0x2020 , 6100 
0x3E3E , 7530 
0x1C1C , 5195 
0x5A5A , 2809 
0x6E6E , 4447 
0x2020 , 5509 
0x3E3E , 6950 
0x1C1C , 4958 
0x5A5A , 3372 
0x6E6E , 5001 
0x2020 , -291 
0x3E3E , -218 
0x1C1C , -159 
0x5A5A , -339 
0x6E6E , -796 
0x2020 , 3423 
0x3E3E , 4900 
0x1C1C , 4497 
0x5A5A , 6095 
0x6E6E , 6125 
0x2020 , 3312 
0x3E3E , 4459 
0x1C1C , 4538 
0x5A5A , -339 
0x6E6E , 6704 
0x2020 , 3646 
0x3E3E , 4194 
0x1C1C , 4127 
0x5A5A , 6057 
0x6E6E , 7092 
0x2020 , 4039 
0x3E3E , 4626 
0x1C1C , 3702 
0x5A5A , 5761 
0x6E6E , 7203 
0x2020 , 4291 
0x3E3E , 4589 
0x1C1C , 3447 
0x5A5A , 5556 
0x6E6E , 6845 
0x2020 , 4311 
0x3E3E , 4784 
0x1C1C , 3734 
0x5A5A , -339 
0x6E6E , 6316 
0x2020 , 3937 
0x3E3E , 5364 
0x1C1C , 4638 
0x5A5A , 5518 
0x6E6E , 5555 
0x2020 , 4393 
0x3E3E , 6157 
0x1C1C , 4798 
0x5A5A , 4192 
0x6E6E , 4981 
0x2020 , -291 
0x3E3E , -218 
0x1C1C , -159 
0x5A5A , -339 
0x6E6E , -796 
0x2020 , 5130 
0x3E3E , 5544 
0x1C1C , 3123 
0x5A5A , 4450 
0x6E6E , 6563 
0x2020 , 5208 
0x3E3E , 5934 
0x1C1C , 4451 
0x5A5A , 4412 
0x6E6E , 5651 
0x2020 , 4510 
0x3E3E , 5925 
0x1C1C , 4570 
0x5A5A , 4316 
0x6E6E , 5419 
0x2020 , 4456 
0x3E3E , 6347 
0x1C1C , 5237 
0x5A5A , 4345 
0x6E6E , 4684 
0x2020 , 5271 
0x3E3E , 6709 
0x1C1C , 4753 
0x5A5A , 3720 
0x6E6E , 5016 
0x2020 , 5538 
0x3E3E , 6635 
0x1C1C , 3812 
0x5A5A , 4011 
0x6E6E , 5943 
0x2020 , -291 
0x3E3E , -218 
0x1C1C , -159 
0x5A5A , -339 
0x6E6E , -796 
0x2020 , 7041 
0x3E3E , 8742 
0x1C1C , 6958 
0x5A5A , 2938 
0x6E6E , 2860 
0x2020 , 6202 
0x3E3E , 8607 
0x1C1C , 7227 
0x5A5A , 3214 
0x6E6E , 2382 
0x2020 , 5271 
0x3E3E , 8403 
0x1C1C , 7277 
0x5A5A , 4082 
0x6E6E , 2437 
0x2020 , 4684 
0x3E3E , 8059 
0x1C1C , 7017 
0x5A5A , -339 
0x6E6E , 3072 
0x2020 , 4063 
0x3E3E , 7442 
0x1C1C , 6990 
0x5A5A , 5747 
0x6E6E , 3631 
0x2020 , 3535 
0x3E3E , 6584 
0x1C1C , 6351 
0x5A5A , 5919 
0x6E6E , 4306 
0x2020 , 3055 
0x3E3E , 5999 
0x1C1C , 5734 
0x5A5A , -339 
0x6E6E , 5152 
0x2020 , 2739 
0x3E3E , 5020 
0x1C1C , 5122 
0x5A5A , 6572 
0x6E6E , 5847 
0x2020 , 3161 
0x3E3E , 4319 
0x1C1C , 4406 
0x5A5A , 6639 
0x6E6E , 6875 
0x2020 , -291 
0x3E3E , -218 
0x1C1C , -159 
0x5A5A , -339 
0x6E6E , -796 
0x2020 , 3981 
0x3E3E , -218 
0x1C1C , -159 
0x5A5A , -339 
0x6E6E , 5661 
0x2020 , 4388 
0x3E3E , 6176 
0x1C1C , -159 
0x5A5A , 5032 
0x6E6E , 4850 
0x2020 , -291 
0x3E3E , -218 
0x1C1C , 4762 
0x5A5A , -339 
0x6E6E , -796 
0x2020 , 4539 
0x3E3E , 6111 
0x1C1C , -159 
0x5A5A , -339 
0x6E6E , -796 
0x2020 , -291 
0x3E3E , -218 
0x1C1C , 4785 
0x5A5A , -339 
0x6E6E , -796 
0x2020 , 4316 
0x3E3E , 6092 
0x1C1C , 4949 
0x5A5A , -339 
0x6E6E , -796 
0x2020 , 4335 
0x3E3E , 6078 
0x1C1C , 4990 
0x5A5A , 4383 
0x6E6E , -796 
0x2020 , 4257 
0x3E3E , 6143 
0x1C1C , 4880 
0x5A5A , 4493 
0x6E6E , 5314 
0x2020 , 4233 
0x3E3E , 6087 
0x1C1C , 4908 
0x5A5A , -339 
0x6E6E , 5268 
0x2020 , 4277 
0x3E3E , 6138 
0x1C1C , 4903 
0x5A5A , 4440 
0x6E6E , 5344 
0x2020 , 4296 
0x3E3E , 6069 
0x1C1C , 4853 
0x5A5A , 4426 
0x6E6E , 5263 
0x2020 , 4248 
0x3E3E , 6115 
0x1C1C , 4871 
0x5A5A , 4445 
0x6E6E , 5253 
0x2020 , 4282 
0x3E3E , 6083 
0x1C1C , 5036 
0x5A5A , 4316 
0x6E6E , 5067 
