17:46:19.198:
0x1C1C , 6154 

17:46:19.645:
0x1C1C , 6150 

17:46:20.099:
0x1C1C , 6
17:46:20.115:
045 

17:46:20.562:
0x1C1C , 6090 

17:46:21.031:
0x1C1C , 6122 

17:46:21.501:
0x1C1C , 6090 

17:46:21.964:
0x1C1C , 6145 

17:46:22.449:
0x1C1C , 6113 

17:46:22.934:
0x1C1C , 6131 

17:46:23.403:
0x1C1C , 6058 

17:46:23.904:
0x1C1C , 6099 

17:46:24.352:
0x1C1C , 6099 

17:46:24.806:
0x1C1C , 6095 

17:46:25.254:
0x1C1C , 6118 

17:46:25.707:
0x1C1C , 6104 

17:46:26.155:
0x1C1C , 6
17:46:26.170:
104 

17:46:26.640:
0x1C1C , 6104 

17:46:27.109:
0x1C1C , 6113 

17:46:27.572:
0x1C1C , 6067 

17:46:28.042:
0x1C1C , 6099 

17:46:28.527:
0x1C1C , 6090 

17:46:29.012:
0x1C1C , 
17:46:29.028:
6017 

17:46:29.510:
0x1C1C , 6086 

17:46:29.945:
0x1C1C , 5972 

17:46:30.392:
0x1C1C , 6131 

17:46:30.846:
0x1C1C , 6090 

17:46:31.315:
0x1C1C , 6099 

17:46:31.778:
0x1C1C , 6104 

17:46:32.232:
0x1C1C , 6095 

17:46:32.696:
0x1C1C , 6063 

17:46:33.181:
0x1C1C , 6099 

17:46:33.651:
0x1C1C , 6049 

17:46:34.119:
0x1C1C , 6086 

17:46:34.620:
0x1C1C , 6131 

17:46:35.098:
0x1C1C , 6081 

17:46:35.552:
0x1C1C , 6081 

17:46:36.000:
0x1C1C , 6063 
