17:30:55.593:
0x2020 , 4927 

17:30:56.078:
0x2020 , 4844 

17:30:56.562:
0x2020 , 4888 

17:30:57.063:
0x2020 , 4873 

17:30:57.510:
0x2020 , 4849 

17:30:57.948:
0x2020 , 4912 

17:30:58.396:
0x2020 , 4854 

17:30:58.865:
0x2020 , 4883 

17:30:59.312:
0x202
17:30:59.327:
0 , 4864 

17:30:59.797:
0x2020 , 4893 

17:31:00.251:
0x2020 , 4830 

17:31:00.714:
0x2020 , 4834 

17:31:01.199:
0x2020 , 4936 

17:31:01.684:
0x2020 , 4859 

17:31:02.154:
0x2020 , 4864 
17:31:02.169:


17:31:02.654:
0x2020 , 4854 

17:31:03.102:
0x2020 , 4820 

17:31:03.555:
0x2020 , 4830 

17:31:04.002:
0x2020 , 4878 

17:31:04.457:
0x2020 , 4902 

17:31:04.920:
0x2020 , 4825 

17:31:05.389:
0x2020 , 4844 

17:31:05.858:
0x2020 , 4873 

17:31:06.322:
0x2020 , 486
17:31:06.337:
4 

17:31:06.792:
0x2020 , 4898 

17:31:07.276:
0x2020 , 4883 

17:31:07.762:
0x2
17:31:07.778:
020 , 4844 

17:31:08.259:
0x2020 , 4834 

17:31:08.694:
0x2020 , 4878 

17:31:09.142:
0x2020 , 4868 

17:31:09.595:
0x2020 , 4839 

17:31:10.065:
0x2020 , 4839 

17:31:10.528:
0x2020 , 4888 

17:31:10.982:
0x2020 , 4878 

17:31:11.445:
0x2020 , 4805 

17:31:11.914:
0x202
17:31:11.930:
0 , 4849 

17:31:12.398:
0x2020 , 4839 
