17:38:38.871:
0x2020 , 722 

17:38:39.419:
0x2020 , -291 

17:38:39.867:
0x2020 , 707 

17:38:40.420:
0x2020 , -291 

17:38:40.889:
0x2020 , 707 

17:38:41.437:
0x2020 , -291 

17:38:41.906:
0x2020 , 678 

17:38:42.491:
0x2020 , -291 

17:38:42.970:
0x2020 , 712 

17:38:43.523:
0x2020 , -291 

17:38:44.024:
0x2020 , 698 

17:38:44.539:
0x2020 , -291 

17:38:44.993:
0x2020 , 722 

17:38:45.540:
0x2020 , -291 

17:38:46.010:
0x2020 , 664 

17:38:46.542:
0x2020 , -291 

17:38:47.012:
0x2020 , 693 

17:38:47.577:
0x2020 , -291 

17:38:48.044:
0x2020 , 664 

17:38:48.613:
0x2020 , -291 

17:38:49.082:
0x2020 , 698 

17:38:49.661:
0x2020 , -291 

17:38:50.146:
0x2020 , 698 

17:38:50.684:
0x2020 , -291 

17:38:51.132:
0x2020 , 712 

17:38:51.664:
0x202
17:38:51.686:
0 , -291 

17:38:52.134:
0x2020 , 673 

17:39:04.856:
0x2020 , 702 

17:39:05.426:
0x2020 , -291 

17:39:05.889:
0x2020 , 683 

17:39:06.444:
0x2020 , -291 

17:39:06.929:
0x2020 , 702 

17:39:07.493:
0x2020 , -291 

17:39:07.977:
0x2020 , 698 

17:39:08.562:
0x2020 , -291 

17:39:09.011:
0x2020 , 673 

17:39:09.532:
0x2020 , -291 

17:39:09.995:
0x2020 , 688 

17:39:10.534:
0x2020 , -291 

17:39:10.996:
0x2020 , 717 

17:39:11.550:
0x2020 , -291 

17:39:12.019:
0x2020 , 683 

17:39:12.583:
0x2020 , -291 

17:39:13.053:
0x2020 , 673 

17:39:13.623:
0x2020 , -291 

17:39:14.101:
0x2020 , 693 

17:39:14.687:
0x2020 , -291 

17:39:15.124:
0x2020 , 683 

17:39:15.672:
0x2020 , -291 

17:39:16.126:
0x2020 , 654 

17:39:16.658:
0x2020 , -291 

17:39:17.127:
0x2020 , 644 

17:39:17.690:
0x2020 , -291 

17:39:18.159:
0x2020 , 678 
