17:35:31.005:
0x2020 , 3913 

17:35:31.490:
0x2020 , 3932 

17:35:31.975:
0x2020 , 3932 

17:35:32.407:
0x2020 , 3903 

17:35:32.860:
0x2020 , 3
17:35:32.876:
874 

17:35:33.329:
0x2020 , 3913 

17:35:33.777:
0x2020 , 3913 

17:35:34.231:
0x2020 , 3894 

17:35:34.694:
0x2020 , 3928 

17:35:35.179:
0x2020 , 3937 

17:35:35.650:
0x2020 , 3894 

17:35:36.131:
0x2020 , 3913 

17:35:36.597:
0x2020 , 3928 

17:35:37.082:
0x2020 , 3869 

17:35:37.583:
0x2020 , 3952 

17:35:38.015:
0x2020
17:35:38.034:
 , 3884 

17:35:38.468:
0x2020 , 3928 

17:35:38.916:
0x2020 , 3928 

17:35:39.370:
0x2020 , 
17:35:39.385:
3884 

17:35:39.839:
0x2020 , 3918 

17:35:40.302:
0x2020 , 3918 

17:35:40.772:
0x2020 , 3908 

17:35:41.241:
0x2020 , 3850 

17:35:41.720:
0x2020 , 3898 

17:35:42.206:
0x2020 , 3898 

17:35:42.675:
0x2020 , 3903 

17:35:43.176:
0x2020 , 3894 

17:35:43.623:
0x2020 , 3879 

17:35:44.077:
0x2020 , 3903 

17:35:44.524:
0x2020 , 3903 

17:35:44.978:
0x2020 , 3879 

17:35:45.426:
0x2020 , 3898 

17:35:45.895:
0x2020 , 38
17:35:45.910:
65 

17:35:46.380:
0x2020 , 3908 

17:35:46.847:
0x2020 , 3879 

17:35:47.312:
0x2020 , 3913 

17:35:47.798:
0x2020 , 3894 

17:35:48.282:
0x2020 , 3913 

17:35:48.768:
0x2020 , 3874 

17:35:49.216:
0x2020 , 3874 

17:35:49.670:
0x2020 , 3869 

17:35:50.118:
0x2020 , 3894 

17:35:50.587:
0x2020 , 3918 

17:35:51.054:
0x2020 , 3937 

17:35:51.504:
0x2020 , 3869 

17:35:51.974:
0x2020 , 3942 

17:35:52.437:
0x2020 , 390
17:35:52.459:
3 

17:35:52.921:
0x2020 , 3918 

17:35:53.406:
0x2020 , 3874 
