17:26:48.097:
0x3E3E , 6909 

17:26:48.567:
0x3E3E , 6881 

17:26:49.051:
0x3E3E , 6872 

17:26:49.530:
0x3E3E , 6872 

17:26:49.999:
0x3E3E , 
17:26:50.015:
6834 

17:26:50.500:
0x3E3E , 6825 

17:26:50.954:
0x3E3E , 6872 

17:26:51.402:
0x3E3E , 6839 

17:26:51.852:
0x3E3E , 6858 

17:26:52.304:
0x3E3E , 6867 

17:26:52.774:
0x3E3E , 6862 

17:26:53.236:
0x3E3E , 6825 

17:26:53.705:
0x3E3E , 6872 

17:26:54.174:
0x3E3E , 6853 

17:26:54.637:
0x3E3E , 6839 

17:26:55.122:
0x3E3E , 6807 

17:26:55.623:
0x3E3E , 6853 

17:26:56.092:
0x3E3E , -218 

17:26:56.539:
0x3E3E , 6848 

17:26:56.993:
0x3E3E , 6807 

17:26:57.441:
0x3E3E , 6844 

17:26:57.910:
0x3E3E , 6886 

17:26:58.363:
0x3E3E , 6867 

17:26:58.842:
0x3E3E , 6802 

17:26:59.296:
0x3E3E , 6825 

17:26:59.781:
0x3E3E , 6858 

17:27:00.244:
0x3E3E , 6802 

17:27:00.729:
0x3E3E , 6811 
17:27:00.744:


17:27:01.214:
0x3E3E , 6797 

17:27:01.698:
0x3E3E , 6881 

17:27:02.145:
0x3E3E , 6807 

17:27:02.599:
0x3E3E , 6895 

17:27:03.046:
0x3E3E , 6
17:27:03.064:
811 

17:27:03.500:
0x3E3E , 6811 

17:27:03.969:
0x3E3E , 6839 

17:27:04.432:
0x3E3E , 6830 

17:27:04.902:
0x3E3E , 6853 
