17:18:43.234:
0x3E3E , 1095 

17:18:43.719:
0x3E3E , 1104 

17:18:44.204:
0x3E3E , 1076 

17:18:44.652:
0x3E3E , 1048 

17:18:45.090:
0x3E3E , 1067 

17:18:45.553:
0x3E3E , 1090 

17:18:46.007:
0x3E3E , 1099 

17:18:46.469:
0x3E3E , 1113 

17:18:46.939:
0x3E3E , 1095 

17:18:47.392:
0x3E3E , 1
17:18:47.408:
081 

17:18:47.871:
0x3E3E , 1057 

17:18:48.356:
0x3E3E , 1099 

17:18:48.841:
0x3E3E , 1108 

17:18:49.311:
0x3E3E , 1062 

17:18:49.811:
0x3E3E , 1104 

17:18:50.259:
0x3E3E , 1057 

17:18:50.713:
0x3E3E , 1034 

17:18:51.160:
0x3E3E , 1085 

17:18:51.629:
0x3E3E , 1067 

17:18:52.076:
0x3E3E , 1095 

17:18:52.531:
0x3E3E 
17:18:52.546:
, 1081 

17:18:53.015:
0x3E3E , 1067 

17:18:53.479:
0x3E3E , 1076 

17:18:53.964:
0x3E3E , 1053 

17:18:54.433:
0x3E3E , 1044 

17:18:54.918:
0x3E
17:18:54.934:
3E , 1099 

17:18:55.419:
0x3E3E , 1039 

17:18:55.866:
0x3E3E , 1057 

17:18:56.304:
0x3E3E , 1071 

17:18:56.752:
0x3E3E , 1081 

17:18:57.221:
0x3E3E , 1067 

17:18:57.684:
0x3E3E , 1090 

17:18:58.153:
0x3E3E , 1048 

17:18:58.607:
0x3E3E , 1034 

17:18:59.086:
0x3E3E , 1053 

17:18:59.556:
0x3
17:18:59.572:
E3E , 1048 

17:19:00.057:
0x3E3E , 1030 
