17:16:46.872:
0x5A5A , 944 

17:16:47.311:
0x5A5A , 934 

17:16:47.774:
0x5A5A , 886 

17:16:48.227:
0x5A5A , 925 

17:16:48.690:
0x5A5A , 891 

17:16:49.159:
0x5A5A , 896 

17:16:49.613:
0x5A5A , 901 

17:16:50.092:
0x5A5A , 872 

17:16:50.577:
0x5A5A , 896 

17:16:51.061:
0x5A5A , 891 

17:16:51.531:
0x5A5A , 905 

17:16:52.016:
0x5A5A 
17:16:52.031:
, 886 

17:16:52.464:
0x5A5A , 910 

17:16:52.917:
0x5A5A , 886 

17:16:53.381:
0x5A5A , 858 

17:16:53.819:
0x5A5A , 905 

17:16:54.383:
0x5A5A , -339 

17:16:54.853:
0x5A5A , 939 

17:16:55.321:
0x5A5A , 901 

17:16:55.801:
0x5A5A , 944 

17:16:56.254:
0x5A5A , 915 

17:16:56.740:
0x5A5A , 877 

17:16:57.240:
0x5A5A , 905 

17:16:57.720:
0x5A5A , 896 

17:16:58.158:
0x5A5A , 925 

17:16:58.605:
0x5A5A , 905 

17:16:59.059:
0x5A5A , 901 

17:16:59.527:
0x5A5A , 863 

17:16:59.991:
0x5A5A , 896 

17:17:00.443:
0x5A5A , 886 

17:17:00.906:
0x5A5A , 910 

17:17:01.391:
0x5A5A , 872 

17:17:01.860:
0x
17:17:01.876:
5A5A , 910 

17:17:02.346:
0x5A5A , 896 

17:17:02.830:
0x5A5A , 877 

17:17:03.309:
0x5A5A , 905 

17:17:03.764:
0x5A5A , 901 
