17:13:00.414:
0x5A5A , 5032 

17:13:00.852:
0x5A5A , 5022 

17:13:01.315:
0x5A5A , 4993 

17:13:01.769:
0x5A5A , 5008 

17:13:02.232:
0x5A5A , 5036 

17:13:02.701:
0x5A5A , 5017 

17:13:03.155:
0x5A5A 
17:13:03.171:
, 5003 

17:13:03.634:
0x5A5A , 4960 

17:13:04.119:
0x5A5A , 5022 

17:13:04.604:
0x5A5A , 5017 

17:13:05.158:
0x5A5A , 5003 

17:13:05.659:
0x5A5A , 5003 

17:13:06.107:
0x5A5A , 5065 

17:13:06.557:
0x5A5A , 4989 

17:13:06.993:
0x5A5A , 4970 

17:13:07.462:
0x5A5A , 5046 

17:13:07.909:
0x
17:13:07.925:
5A5A , 4970 

17:13:08.395:
0x5A5A , 4993 

17:13:08.861:
0x5A5A , 5055 

17:13:09.311:
0x5A5A , 5089 
17:13:09.327:


17:13:09.796:
0x5A5A , 5003 

17:13:10.281:
0x5A5A , 4960 

17:13:10.764:
0x
17:13:10.766:
5A5A , 5017 

17:13:11.260:
0x5A5A , 5075 

17:13:11.698:
0x5A5A , 5055 

17:13:12.146:
0x5A5A , 5046 

17:13:12.599:
0x5A5A , 5199 

17:13:13.067:
0x5A5A , 5094 

17:13:13.517:
0x5A5A , 4965 

17:13:13.987:
0x5A5A , 5041 

17:13:14.450:
0x5A5A , 5003 

17:13:14.935:
0x5A5A , 4960 

17:13:15.389:
0x5A5A , 4974 

17:13:15.882:
0x5A5A , 5084 

17:13:16.374:
0x5A5A , 5137 

17:13:16.853:
0x5A5A , 4955 
