17:14:01.916:
0x5A5A , 4130 

17:14:02.352:
0x5A5A , 4149 

17:14:02.822:
0x5A5A , 4183 

17:14:03.269:
0x5A5A , 4178 

17:14:03.739:
0x5A5A , 4144 

17:14:04.203:
0x5A5A , 4168 

17:14:04.656:
0x5A5A , 413
17:14:04.672:
0 

17:14:05.141:
0x5A5A , 4097 

17:14:05.626:
0x5A5A , 4116 

17:14:06.105:
0x5A5A , 4173 

17:14:06.574:
0x5A5A , 4154 

17:14:07.075:
0x5A5A , 4144 

17:14:07.506:
0x5A5A , 4187 

17:14:07.961:
0x5A5A
17:14:07.976:
 , 4149 

17:14:08.426:
0x5A5A , 4149 

17:14:08.862:
0x5A5A , 4159 

17:14:09.331:
0x5A5A , 4140 

17:14:09.795:
0x5A5A , 4125 

17:14:10.280:
0x5A5A , 4163 

17:14:10.734:
0x5A5A , 4140 

17:14:11.212:
0x5A5A , 4192 

17:14:11.698:
0x5A5A , 4149 

17:14:12.182:
0x5A5A , 4101 

17:14:12.667:
0x5A5A , 4106 

17:14:13.115:
0x5A5A , 4140 

17:14:13.569:
0x5A5A , 4116 

17:14:14.016:
0x5A5A , 4183 

17:14:14.486:
0x5A5A , 4178 

17:14:14.937:
0x5A5A , 4135 

17:14:15.387:
0x5A5A , 4130 

17:14:15.873:
0x5A5A , 4140 

17:14:16.342:
0x5A5A , 4130 

17:14:16.821:
0x5A5A , 4216 

17:14:17.291:
0x5A5A , 4130 

17:14:17.775:
0x5A5A , 4140 

17:14:18.276:
0x5A5A , 4192 

17:14:18.723:
0x5A5A , 4106 
