17:05:51.049:
0x6E6E , 5883 

17:05:51.534:
0x6E6E , 5953 

17:05:52.014:
0x6E6E , 5933 

17:05:52.482:
0x6E6E , 59
17:05:52.498:
13 

17:05:52.983:
0x6E6E , 5948 

17:05:53.437:
0x6E6E , 5994 

17:05:53.885:
0x6E6E , 5963 

17:05:54.323:
0x6E6E , 5928 

17:05:54.786:
0x6E6E , 5968 

17:05:55.255:
0x6E6E , 5948 

17:05:55.725:
0x6E6E , 5943 

17:05:56.189:
0x6E6E , 5958 

17:05:56.642:
0x
17:05:56.658:
6E6E , 5943 

17:05:57.128:
0x6E6E , 5973 

17:05:57.606:
0x6E6E , 5928 

17:05:58.107:
0x6E6E , 5918 

17:05:58.576:
0x6E6E , 5968 

17:05:59.030:
0x6E6E , 5948 

17:05:59.478:
0x6E6E , 5928 

17:05:59.931:
0x6E6E , 5933 

17:06:00.395:
0x6E6E , 5978 

17:06:00.848:
0x6E6E , 5953 

17:06:01.311:
0x6E6E , 5938 

17:06:01.780:
0x6E6E , 5938 

17:06:02.265:
0x6E6E , 5913 

17:06:02.732:
0x6E6E , 5913 

17:06:03.212:
0x6E6E , 5913 
17:06:03.227:


17:06:03.697:
0x6E6E , 5943 

17:06:04.182:
0x6E6E , 5908 

17:06:04.635:
0x6E6E , 5923 

17:06:05.083:
0x6E6E , 5953 

17:06:05.531:
0x6E6E , 5
17:06:05.537:
928 

17:06:05.985:
0x6E6E , 5938 

17:06:06.455:
0x6E6E , 5933 

17:06:06.918:
0x6E6E , 5933 

17:06:07.371:
0x6E6E , 5958 

17:06:07.857:
0x6E6E , 5923 
