17:03:58.483:
0x6E6E , 2845 

17:03:58.967:
0x6E6E , 2795 

17:03:59.447:
0x6E6E , 2830 

17:03:59.933:
0x6E6E , 2825 

17:04:00.414:
0x6E6E , 2810 

17:04:00.887:
0x6E6E , 
17:04:00.903:
2810 

17:04:01.335:
0x6E6E , 2780 

17:04:01.789:
0x6E6E , 2775 

17:04:02.253:
0x6E6E , 2820 

17:04:02.691:
0x6E6E , 2825 

17:04:03.154:
0x6E6E , 2825 

17:04:03.624:
0x6E6E , 2825 

17:04:04.093:
0x6E6E , 2810 
17:04:04.109:


17:04:04.575:
0x6E6E , 2815 

17:04:05.042:
0x6E6E , 2825 

17:04:05.526:
0x6E6E , 2820 

17:04:06.012:
0x6E6E , 2810 

17:04:06.496:
0x6E6E , 2795 

17:04:06.929:
0x6E6E , 2830 

17:04:07.382:
0x6E6E , 
17:04:07.398:
2830 

17:04:07.845:
0x6E6E , 2795 

17:04:08.299:
0x6E6E , 2845 

17:04:08.762:
0x6E6E , 2780 

17:04:09.216:
0x6E6E , 2830 

17:04:09.702:
0x6E6E , 2820 

17:04:10.165:
0x6E6E , 2840 

17:04:10.649:
0x6E6E , 2825 

17:04:11.119:
0x6E6E , 2830 

17:04:11.604:
0x6E6E , 2820 

17:04:12.104:
0x6E6E , 2785 

17:04:12.536:
0x6E6E 
17:04:12.552:
, 2815 

17:04:12.990:
0x6E6E , 2800 

17:04:13.438:
0x6E6E , 2825 

17:04:13.891:
0x6E6E , 2
17:04:13.907:
810 

17:04:14.354:
0x6E6E , 2820 

17:04:14.823:
0x6E6E , 2810 

17:04:15.308:
0x6E6E , 2835 

17:04:15.772:
0x6E6E , 2825 

17:04:16.242:
0x6E6E , 2765 

17:04:16.727:
0x6E6E , 2810 

17:04:17.196:
0x6E6E , 2830 

17:04:17.696:
0x6E6E , 2835 

17:04:18.144:
0x6E6E , 2820 

17:04:18.597:
0x6E6E , 2815 

17:04:19.046:
0x6E6E , 2810 

17:04:19.515:
0x6E6E , 2800 

17:04:19.962:
0x6E6E , 2805 

17:04:20.417:
0x6E6E , 2810 
