ÿPlease set all used Node IDs
How many Nodes do you want to connect?
Write down the 16 bit IDs of 5 Nodes in HEX
Nodes IDs are set.
num_of_tries to send the NodeID: 2
num_of_tries to send the NodeID: 3
num_of_tries to send the NodeID: 4
ACK of Tag receivement from nodeID is missing! 
0x2020 , 2514 
0x3E3E , 2368 
0x1C1C , 2274 
0x5A5A , 2298 
0x6E6E , 2692 
0x2020 , 2584 
0x3E3E , 2378 
0x1C1C , 2288 
0x5A5A , 2767 
0x6E6E , 2753 
0x2020 , 0 
0x3E3E , 0 
0x1C1C , 0 
0x5A5A , 0 
0x6E6E , 0 
0x2020 , 2584 
0x3E3E , 2429 
0x1C1C , 2495 
0x5A5A , 2392 
0x6E6E , 2453 
0x2020 , 2462 
0x3E3E , 2368 
0x1C1C , 1894 
0x5A5A , 1969 
0x6E6E , 2800 
0x2020 , 0 
0x3E3E , 0 
0x1C1C , 0 
0x5A5A , 0 
0x6E6E , 0 
0x2020 , 2382 
0x3E3E , 1862 
0x1C1C , 2054 
0x5A5A , 2091 
0x6E6E , 2284 
0x2020 , 2635 
0x3E3E , 1988 
0x1C1C , 2030 
0x5A5A , 2260 
0x6E6E , 2443 
0x2020 , 2551 
0x3E3E , 1829 
0x1C1C , 2030 
0x5A5A , 2181 
0x6E6E , 2382 
0x2020 , 2490 
0x3E3E , 2509 
0x1C1C , 1998 
0x5A5A , 2190 
0x6E6E , 2443 
0x2020 , 3203 
0x3E3E , 2748 
0x1C1C , 3114 
0x5A5A , 2302 
0x6E6E , 2532 
0x2020 , 2499 
0x3E3E , 2044 
0x1C1C , 2190 
0x5A5A , 2349 
0x6E6E , 2298 
0x2020 , 0 
0x3E3E , 0 
0x1C1C , 0 
0x5A5A , 0 
0x6E6E , 0 
0x2020 , 0 
0x3E3E , 0 
0x1C1C , 0 
0x5A5A , 0 
0x6E6E , 0 
0x2020 , 2312 
0x3E3E , 2443 
0x1C1C , 2152 
0x5A5A , 2363 
0x6E6E , 2270 
0x2020 , 2664 
0x3E3E , 2129 
0x1C1C , 2368 
0x5A5A , 2166 
0x6E6E , 2302 
0x2020 , 2739 
0x3E3E , 2143 
0x1C1C , 2265 
0x5A5A , 2204 
0x6E6E , 2284 
0x2020 , 0 
0x3E3E , 2148 
0x1C1C , 2298 
0x5A5A , 2256 
0x6E6E , 2237 
0x2020 , 2692 
0x3E3E , 2166 
0x1C1C , 2335 
0x5A5A , 2195 
0x6E6E , 0 
0x2020 , 2725 
0x3E3E , 2199 
0x1C1C , 2270 
0x5A5A , 2237 
0x6E6E , 2288 
0x2020 , 2748 
0x3E3E , 2138 
0x1C1C , 2326 
0x5A5A , 2204 
0x6E6E , 2251 
0x2020 , 2631 
0x3E3E , 2176 
0x1C1C , 2317 
0x5A5A , 2223 
0x6E6E , 2237 
0x2020 , 2725 
0x3E3E , 2162 
0x1C1C , 2256 
0x5A5A , 2138 
0x6E6E , 2260 
0x2020 , 2711 
0x3E3E , 2157 
0x1C1C , 2302 
0x5A5A , 2185 
0x6E6E , 2237 
0x2020 , 2739 
0x3E3E , 2091 
0x1C1C , 2335 
0x5A5A , 2166 
0x6E6E , 2232 
0x2020 , 2776 
0x3E3E , 2091 
0x1C1C , 2288 
0x5A5A , 2199 
0x6E6E , 2270 
0x2020 , 2706 
0x3E3E , 2077 
0x1C1C , 0 
0x5A5A , 2171 
0x6E6E , 2232 
0x2020 , 0 
0x3E3E , 0 
0x1C1C , 2345 
0x5A5A , 0 
0x6E6E , 0 
0x2020 , 2711 
0x3E3E , 2110 
0x1C1C , 2302 
0x5A5A , 0 
0x6E6E , 0 
0x2020 , 2729 
0x3E3E , 2054 
0x1C1C , 2293 
0x5A5A , 2181 
0x6E6E , 2237 
0x2020 , 2706 
0x3E3E , 2091 
0x1C1C , 2312 
0x5A5A , 2148 
0x6E6E , 2279 
0x2020 , 2725 
0x3E3E , 2087 
0x1C1C , 2359 
0x5A5A , 2152 
0x6E6E , 2279 
0x2020 , 2748 
0x3E3E , 2105 
0x1C1C , 2237 
0x5A5A , 2209 
0x6E6E , 2270 
0x2020 , 2701 
0x3E3E , 2091 
0x1C1C , 2265 
0x5A5A , 2157 
0x6E6E , 0 
0x2020 , 0 
0x3E3E , 0 
0x1C1C , 0 
0x5A5A , 0 
0x6E6E , 2302 
0x2020 , 2762 
0x3E3E , 2166 
0x1C1C , 2363 
0x5A5A , 0 
0x6E6E , 2260 
0x2020 , 2739 
0x3E3E , 2120 
0x1C1C , 2326 
0x5A5A , 2157 
0x6E6E , 2284 
0x2020 , 2729 
0x3E3E , 2091 
0x1C1C , 2284 
0x5A5A , 2190 
0x6E6E , 2256 
0x2020 , 2715 
0x3E3E , 2082 
0x1C1C , 2256 
0x5A5A , 2162 
0x6E6E , 2223 
0x2020 , 2711 
0x3E3E , 2124 
0x1C1C , 2298 
0x5A5A , 2181 
0x6E6E , 2265 
0x2020 , 2701 
0x3E3E , 2059 
0x1C1C , 2298 
0x5A5A , 2213 
0x6E6E , 2256 
0x2020 , 2772 
0x3E3E , 2115 
0x1C1C , 2246 
0x5A5A , 2148 
0x6E6E , 2312 
0x2020 , 2734 
0x3E3E , 2143 
0x1C1C , 2298 
0x5A5A , 2148 
0x6E6E , 2321 
0x2020 , 2748 
0x3E3E , 2101 
0x1C1C , 2265 
0x5A5A , 2138 
0x6E6E , 2237 
0x2020 , 2701 
0x3E3E , 2199 
0x1C1C , 2260 
0x5A5A , 2223 
0x6E6E , 2265 
0x2020 , 2739 
0x3E3E , 2096 
0x1C1C , 2298 
0x5A5A , 2124 
0x6E6E , 2288 
0x2020 , 2720 
0x3E3E , 2110 
0x1C1C , 2307 
0x5A5A , 2152 
0x6E6E , 2284 
0x2020 , 2701 
0x3E3E , 2162 
0x1C1C , 2317 
0x5A5A , 2105 
0x6E6E , 2312 
0x2020 , 2673 
0x3E3E , 2073 
0x1C1C , 2326 
0x5A5A , 2157 
0x6E6E , 2274 
0x2020 , 2715 
0x3E3E , 2181 
0x1C1C , 2288 
0x5A5A , 2176 
0x6E6E , 2260 
0x2020 , 2720 
0x3E3E , 2120 
0x1C1C , 2340 
0x5A5A , 2190 
0x6E6E , 2256 
0x2020 , 2729 
0x3E3E , 2162 
0x1C1C , 2265 
0x5A5A , 2237 
0x6E6E , 2274 
0x2020 , 2743 
0x3E3E , 2110 
0x1C1C , 2218 
0x5A5A , 2185 
0x6E6E , 2274 
0x2020 , 2776 
0x3E3E , 2087 
0x1C1C , 2251 
0x5A5A , 2171 
0x6E6E , 2288 
0x2020 , 0 
0x3E3E , 4268 
0x1C1C , 5478 
0x5A5A , 0 
0x6E6E , 0 
0x2020 , 0 
0x3E3E , 4263 
0x1C1C , 5431 
0x5A5A , 0 
0x6E6E , 0 
0x2020 , 0 
0x3E3E , 0 
0x1C1C , 0 
0x5A5A , 0 
0x6E6E , 0 
0x2020 , 0 
0x3E3E , 0 
0x1C1C , 0 
0x5A5A , 0 
0x6E6E , 0 
0x2020 , 0 
0x3E3E , 4249 
0x1C1C , 5426 
0x5A5A , 0 
0x6E6E , 0 
0x2020 , 0 
0x3E3E , 4272 
0x1C1C , 5473 
0x5A5A , 0 
0x6E6E , 0 
0x2020 , 0 
0x3E3E , 4249 
0x1C1C , 5454 
0x5A5A , 0 
0x6E6E , 0 
0x2020 , 0 
0x3E3E , 4282 
0x1C1C , 5450 
0x5A5A , 0 
0x6E6E , 0 
0x2020 , 0 
0x3E3E , 4301 
0x1C1C , 5431 
0x5A5A , 0 
0x6E6E , 0 
0x2020 , 0 
0x3E3E , 4216 
0x1C1C , 5417 
0x5A5A , 0 
0x6E6E , 0 
0x2020 , 0 
0x3E3E , 4244 
0x1C1C , 5412 
0x5A5A , 0 
0x6E6E , 0 
0x2020 , 0 
0x3E3E , 4277 
0x1C1C , 5412 
0x5A5A , 0 
0x6E6E , 0 
0x2020 , 0 
0x3E3E , 4254 
0x1C1C , 5417 
0x5A5A , 0 
0x6E6E , 0 
0x2020 , 0 
0x3E3E , 4254 
0x1C1C , 5426 
0x5A5A , 0 
0x6E6E , 0 
0x2020 , 0 
0x3E3E , 4268 
0x1C1C , 5459 
0x5A5A , 0 
0x6E6E , 0 
0x2020 , 0 
0x3E3E , 4230 
0x1C1C , 5412 
0x5A5A , 0 
0x6E6E , 0 
0x2020 , 0 
0x3E3E , 4263 
0x1C1C , 5445 
0x5A5A , 0 
0x6E6E , 0 
0x2020 , 0 
0x3E3E , 4221 
0x1C1C , 5464 
0x5A5A , 0 
0x6E6E , 0 
0x2020 , 0 
0x3E3E , 4240 
0x1C1C , 5445 
0x5A5A , 0 
0x6E6E , 0 
0x2020 , 0 
0x3E3E , 4202 
0x1C1C , 5431 
0x5A5A , 0 
0x6E6E , 0 
0x2020 , 0 
0x3E3E , 4249 
0x1C1C , 5454 
0x5A5A , 0 
0x6E6E , 0 
0x2020 , 0 
0x3E3E , 4291 
0x1C1C , 5412 
0x5A5A , 0 
0x6E6E , 0 
0x2020 , 0 
0x3E3E , 4230 
0x1C1C , 5440 
0x5A5A , 0 
0x6E6E , 0 
0x2020 , 0 
0x3E3E , 4258 
0x1C1C , 5483 
0x5A5A , 0 
0x6E6E , 0 
0x2020 , 0 
0x3E3E , 4197 
0x1C1C , 5417 
0x5A5A , 0 
0x6E6E , 0 
ÿPlease set all used Node IDs
How many Nodes do you want to connect?
Write down the 16 bit IDs of 5 Nodes in HEX
Nodes IDs are set.
num_of_tries to send the NodeID: 2
num_of_tries to send the NodeID: 3
num_of_tries to send the NodeID: 4
ACK of Tag receivement from nodeID is missing! 
0x2020 , 0 
0x3E3E , 0 
0x1C1C , 0 
0x5A5A , 0 
0x6E6E , 0 
0x2020 , 0 
0x3E3E , 0 
0x1C1C , 0 
0x5A5A , 0 
0x6E6E , 0 
0x2020 , 0 
0x3E3E , 0 
0x1C1C , 0 
0x5A5A , 0 
0x6E6E , 0 
0x2020 , 0 
0x3E3E , 0 
0x1C1C , 0 
0x5A5A , 0 
0x6E6E , 0 
0x2020 , 0 
0x3E3E , 0 
0x1C1C , 0 
0x5A5A , 0 
0x6E6E , 0 
0x2020 , 3334 
0x3E3E , 0 
0x1C1C , 5454 
0x5A5A , 0 
0x6E6E , 0 
0x2020 , 0 
0x3E3E , 0 
0x1C1C , 0 
0x5A5A , 0 
0x6E6E , 0 
0x2020 , 0 
0x3E3E , 0 
0x1C1C , 0 
0x5A5A , 0 
0x6E6E , 0 
0x2020 , 0 
0x3E3E , 4216 
0x1C1C , 5464 
0x5A5A , 0 
0x6E6E , 0 
0x2020 , 3316 
0x3E3E , 4301 
0x1C1C , 5464 
0x5A5A , 0 
0x6E6E , 0 
0x2020 , 3292 
0x3E3E , 4310 
0x1C1C , 5445 
0x5A5A , 0 
0x6E6E , 0 
0x2020 , 3297 
0x3E3E , 4272 
0x1C1C , 5412 
0x5A5A , 0 
0x6E6E , 0 
ÿPlease set all used Node IDs
How many Nodes do you want to connect?
Write down the 16 bit IDs of 5 Nodes in HEX
Nodes IDs are set.
num_of_tries to send the NodeID: 2
num_of_tries to send the NodeID: 3
num_of_tries to send the NodeID: 4
ACK of Tag receivement from nodeID is missing! 
0x2020 , 0 
0x3E3E , 0 
0x1C1C , 0 
0x5A5A , 0 
0x6E6E , 0 
0x2020 , 0 
0x3E3E , 0 
0x1C1C , 0 
0x5A5A , 0 
0x6E6E , 0 
0x2020 , 0 
0x3E3E , 0 
0x1C1C , 0 
0x5A5A , 0 
0x6E6E , 0 
0x2020 , 0 
0x3E3E , 0 
0x1C1C , 0 
0x5A5A , 0 
0x6E6E , 0 
0x2020 , 0 
0x3E3E , 0 
0x1C1C , 0 
0x5A5A , 0 
0x6E6E , 0 
0x2020 , 0 
0x3E3E , 0 
0x1C1C , 0 
0x5A5A , 0 
0x6E6E , 0 
0x2020 , 0 
0x3E3E , 4244 
0x1C1C , 5426 
0x5A5A , 0 
0x6E6E , 0 
0x2020 , 0 
0x3E3E , 4249 
0x1C1C , 5450 
0x5A5A , 0 
0x6E6E , 0 
0x2020 , 0 
0x3E3E , 4235 
0x1C1C , 5468 
0x5A5A , 0 
0x6E6E , 0 
0x2020 , 0 
0x3E3E , 4169 
0x1C1C , 5417 
0x5A5A , 0 
0x6E6E , 0 
0x2020 , 0 
0x3E3E , 4193 
0x1C1C , 5422 
0x5A5A , 0 
0x6E6E , 0 
0x2020 , 0 
0x3E3E , 4240 
0x1C1C , 5417 
0x5A5A , 0 
0x6E6E , 0 
0x2020 , 0 
0x3E3E , 4249 
0x1C1C , 5393 
0x5A5A , 0 
0x6E6E , 0 
0x2020 , 0 
0x3E3E , 4202 
0x1C1C , 5412 
0x5A5A , 0 
0x6E6E , 0 
0x2020 , 0 
0x3E3E , 4249 
0x1C1C , 5436 
0x5A5A , 0 
0x6E6E , 0 
0x2020 , 0 
0x3E3E , 0 
0x1C1C , 5407 
0x5A5A , 0 
0x6E6E , 0 
0x2020 , 0 
0x3E3E , 0 
0x1C1C , 0 
0x5A5A , 0 
0x6E6E , 0 
0x2020 , 0 
0x3E3E , 4193 
0x1C1C , 5393 
0x5A5A , 0 
0x6E6E , 0 
0x2020 , 0 
0x3E3E , 4221 
0x1C1C , 5412 
0x5A5A , 0 
0x6E6E , 0 
0x2020 , 0 
0x3E3E , 4141 
0x1C1C , 5417 
0x5A5A , 0 
0x6E6E , 0 
0x2020 , 0 
0x3E3E , 4235 
0x1C1C , 5384 
0x5A5A , 0 
0x6E6E , 0 
0x2020 , 0 
0x3E3E , 4197 
0x1C1C , 5436 
0x5A5A , 0 
0x6E6E , 0 
0x2020 , 0 
0x3E3E , 4188 
0x1C1C , 5403 
0x5A5A , 0 
0x6E6E , 0 
0x2020 , 0 
0x3E3E , 0 
0x1C1C , 0 
0x5A5A , 0 
0x6E6E , 0 
0x2020 , 0 
0x3E3E , 0 
0x1C1C , 0 
0x5A5A , 0 
0x6E6E , 0 
0x2020 , 0 
0x3E3E , 0 
0x1C1C , 0 
0x5A5A , 0 
0x6E6E , 0 
0x2020 , 0 
0x3E3E , 4197 
0x1C1C , 5440 
0x5A5A , 0 
0x6E6E , 0 
0x2020 , 3447 
0x3E3E , 4230 
0x1C1C , 5468 
0x5A5A , 0 
0x6E6E , 0 
0x2020 , 0 
0x3E3E , 4240 
0x1C1C , 5389 
0x5A5A , 0 
0x6E6E , 0 
0x2020 , 3302 
0x3E3E , 4202 
0x1C1C , 5389 
0x5A5A , 0 
0x6E6E , 0 
0x2020 , 3306 
0x3E3E , 4254 
0x1C1C , 5407 
0x5A5A , 0 
0x6E6E , 0 
0x2020 , 0 
0x3E3E , 4179 
0x1C1C , 5412 
0x5A5A , 0 
0x6E6E , 0 
0x2020 , 0 
0x3E3E , 4179 
0x1C1C , 5431 
0x5A5A , 0 
0x6E6E , 0 
0x2020 , 3306 
0x3E3E , 4240 
0x1C1C , 5436 
0x5A5A , 0 
0x6E6E , 0 
0x2020 , 3325 
0x3E3E , 4207 
0x1C1C , 5426 
0x5A5A , 0 
0x6E6E , 0 
0x2020 , 3311 
0x3E3E , 4207 
0x1C1C , 5412 
0x5A5A , 0 
0x6E6E , 0 
0x2020 , 0 
0x3E3E , 4197 
0x1C1C , 5370 
0x5A5A , 0 
0x6E6E , 0 
0x2020 , 0 
0x3E3E , 4174 
0x1C1C , 5445 
0x5A5A , 0 
0x6E6E , 0 
0x2020 , 0 
0x3E3E , 4169 
0x1C1C , 5398 
0x5A5A , 0 
0x6E6E , 0 
0x2020 , 0 
0x3E3E , 4183 
0x1C1C , 5407 
0x5A5A , 0 
0x6E6E , 0 
0x2020 , 0 
0x3E3E , 4165 
0x1C1C , 5361 
0x5A5A , 0 
0x6E6E , 0 
0x2020 , 0 
0x3E3E , 4207 
0x1C1C , 5412 
0x5A5A , 0 
0x6E6E , 0 
0x2020 , 0 
0x3E3E , 4207 
0x1C1C , 5422 
0x5A5A , 0 
0x6E6E , 0 
0x2020 , 0 
0x3E3E , 4160 
0x1C1C , 5417 
0x5A5A , 0 
0x6E6E , 0 
0x2020 , 0 
0x3E3E , 4202 
0x1C1C , 5370 
0x5A5A , 0 
0x6E6E , 0 
0x2020 , 3311 
0x3E3E , 4221 
0x1C1C , 5389 
0x5A5A , 0 
0x6E6E , 0 
0x2020 , 0 
0x3E3E , 4211 
0x1C1C , 5347 
0x5A5A , 0 
0x6E6E , 0 
0x2020 , 0 
0x3E3E , 4183 
0x1C1C , 5398 
0x5A5A , 0 
0x6E6E , 0 
0x2020 , 0 
0x3E3E , 4174 
0x1C1C , 5440 
0x5A5A , 0 
0x6E6E , 0 
0x2020 , 0 
0x3E3E , 4141 
0x1C1C , 5417 
0x5A5A , 0 
0x6E6E , 0 
0x2020 , 3255 
0x3E3E , 4263 
0x1C1C , 5389 
0x5A5A , 0 
0x6E6E , 0 
0x2020 , 3297 
0x3E3E , 4202 
0x1C1C , 5375 
0x5A5A , 0 
0x6E6E , 0 
0x2020 , 3292 
0x3E3E , 4188 
0x1C1C , 5365 
0x5A5A , 0 
0x6E6E , 0 
0x2020 , 3311 
0x3E3E , 4197 
0x1C1C , 5361 
0x5A5A , 0 
0x6E6E , 0 
0x2020 , 3283 
0x3E3E , 4211 
0x1C1C , 5398 
0x5A5A , 0 
0x6E6E , 0 
0x2020 , 3306 
0x3E3E , 4165 
0x1C1C , 5422 
0x5A5A , 0 
0x6E6E , 0 
0x2020 , 3302 
0x3E3E , 4160 
0x1C1C , 5403 
0x5A5A , 0 
0x6E6E , 0 
0x2020 , 3316 
0x3E3E , 0 
0x1C1C , 5389 
0x5A5A , 0 
0x6E6E , 0 
0x2020 , 0 
0x3E3E , 4132 
0x1C1C , 5356 
0x5A5A , 0 
0x6E6E , 0 
0x2020 , 0 
0x3E3E , 0 
0x1C1C , 5370 
0x5A5A , 0 
0x6E6E , 0 
0x2020 , 0 
0x3E3E , 4132 
0x1C1C , 5370 
0x5A5A , 0 
0x6E6E , 0 
0x2020 , 0 
0x3E3E , 4127 
0x1C1C , 5365 
0x5A5A , 0 
0x6E6E , 0 
0x2020 , 3264 
0x3E3E , 4165 
0x1C1C , 5361 
0x5A5A , 0 
0x6E6E , 0 
0x2020 , 0 
0x3E3E , 4146 
0x1C1C , 5351 
0x5A5A , 0 
0x6E6E , 0 
0x2020 , 0 
0x3E3E , 4122 
0x1C1C , 5351 
0x5A5A , 0 
0x6E6E , 0 
0x2020 , 3311 
0x3E3E , 4108 
0x1C1C , 5304 
0x5A5A , 0 
0x6E6E , 0 
0x2020 , 0 
0x3E3E , 4188 
0x1C1C , 5337 
0x5A5A , 0 
0x6E6E , 0 
0x2020 , 0 
0x3E3E , 4169 
0x1C1C , 5370 
0x5A5A , 0 
0x6E6E , 0 
0x2020 , 0 
0x3E3E , 4211 
0x1C1C , 5328 
0x5A5A , 0 
0x6E6E , 0 
0x2020 , 0 
0x3E3E , 4141 
0x1C1C , 5375 
0x5A5A , 0 
0x6E6E , 0 
0x2020 , 0 
0x3E3E , 4099 
0x1C1C , 5356 
0x5A5A , 0 
0x6E6E , 0 
0x2020 , 0 
0x3E3E , 4113 
0x1C1C , 5375 
0x5A5A , 0 
0x6E6E , 0 
0x2020 , 0 
0x3E3E , 4150 
0x1C1C , 5328 
0x5A5A , 0 
0x6E6E , 0 
0x2020 , 0 
0x3E3E , 4141 
0x1C1C , 5375 
0x5A5A , 0 
0x6E6E , 0 
0x2020 , 0 
0x3E3E , 4104 
0x1C1C , 5342 
0x5A5A , 0 
0x6E6E , 0 
0x2020 , 0 
0x3E3E , 4141 
0x1C1C , 5365 
0x5A5A , 0 
0x6E6E , 0 
0x2020 , 0 
0x3E3E , 4136 
0x1C1C , 5351 
0x5A5A , 0 
0x6E6E , 0 
0x2020 , 0 
0x3E3E , 4169 
0x1C1C , 5370 
0x5A5A , 0 
0x6E6E , 0 
0x2020 , 0 
0x3E3E , 4169 
0x1C1C , 5347 
0x5A5A , 0 
0x6E6E , 0 
0x2020 , 0 
0x3E3E , 4132 
0x1C1C , 5356 
0x5A5A , 0 
0x6E6E , 0 
0x2020 , 0 
0x3E3E , 4174 
0x1C1C , 5318 
0x5A5A , 0 
0x6E6E , 0 
0x2020 , 0 
0x3E3E , 4108 
0x1C1C , 5361 
0x5A5A , 0 
0x6E6E , 0 
0x2020 , 0 
0x3E3E , 4183 
0x1C1C , 5361 
0x5A5A , 0 
0x6E6E , 0 
0x2020 , 0 
0x3E3E , 4136 
0x1C1C , 5393 
0x5A5A , 0 
0x6E6E , 0 
0x2020 , 0 
0x3E3E , 4155 
0x1C1C , 5356 
0x5A5A , 0 
0x6E6E , 0 
0x2020 , 0 
0x3E3E , 0 
0x1C1C , 5337 
0x5A5A , 0 
0x6E6E , 0 
0x2020 , 0 
0x3E3E , 4160 
0x1C1C , 5351 
0x5A5A , 0 
0x6E6E , 0 
0x2020 , 0 
0x3E3E , 4188 
0x1C1C , 5384 
0x5A5A , 0 
0x6E6E , 0 
0x2020 , 0 
0x3E3E , 4216 
0x1C1C , 5351 
0x5A5A , 0 
0x6E6E , 0 
0x2020 , 0 
0x3E3E , 4160 
0x1C1C , 5351 
0x5A5A , 0 
0x6E6E , 0 
0x2020 , 0 
0x3E3E , 4160 
0x1C1C , 5365 
0x5A5A , 0 
0x6E6E , 0 
0x2020 , 0 
0x3E3E , 4188 
0x1C1C , 5403 
0x5A5A , 0 
0x6E6E , 0 
0x2020 , 0 
0x3E3E , 4174 
0x1C1C , 5393 
0x5A5A , 0 
0x6E6E , 0 
0x2020 , 0 
0x3E3E , 4141 
0x1C1C , 5342 
0x5A5A , 0 
0x6E6E , 0 
0x2020 , 0 
0x3E3E , 4197 
0x1C1C , 5356 
0x5A5A , 0 
0x6E6E , 0 
0x2020 , 0 
0x3E3E , 4108 
0x1C1C , 5384 
0x5A5A , 0 
0x6E6E , 0 
0x2020 , 0 
0x3E3E , 4146 
0x1C1C , 5351 
0x5A5A , 0 
0x6E6E , 0 
0x2020 , 0 
0x3E3E , 4146 
0x1C1C , 0 
0x5A5A , 0 
0x6E6E , 0 
0x2020 , 0 
0x3E3E , 0 
0x1C1C , 0 
0x5A5A , 0 
0x6E6E , 0 
0x2020 , 0 
0x3E3E , 4165 
0x1C1C , 5375 
0x5A5A , 0 
0x6E6E , 0 
0x2020 , 0 
0x3E3E , 4146 
0x1C1C , 5286 
0x5A5A , 0 
0x6E6E , 0 
0x2020 , 0 
0x3E3E , 4132 
0x1C1C , 5318 
0x5A5A , 0 
0x6E6E , 0 
0x2020 , 0 
0x3E3E , 4094 
0x1C1C , 5286 
0x5A5A , 0 
0x6E6E , 0 
0x2020 , 0 
0x3E3E , 4165 
0x1C1C , 5347 
0x5A5A , 0 
0x6E6E , 0 
0x2020 , 0 
0x3E3E , 4169 
0x1C1C , 5309 
0x5A5A , 0 
0x6E6E , 0 
0x2020 , 0 
0x3E3E , 4150 
0x1C1C , 5300 
0x5A5A , 0 
0x6E6E , 0 
0x2020 , 0 
0x3E3E , 4136 
0x1C1C , 5379 
0x5A5A , 0 
0x6E6E , 0 
0x2020 , 0 
0x3E3E , 4122 
0x1C1C , 5342 
0x5A5A , 0 
0x6E6E , 0 
0x2020 , 0 
0x3E3E , 4136 
0x1C1C , 5384 
0x5A5A , 0 
0x6E6E , 0 
0x2020 , 0 
0x3E3E , 4179 
0x1C1C , 5407 
0x5A5A , 0 
0x6E6E , 0 
0x2020 , 0 
0x3E3E , 4132 
0x1C1C , 5276 
0x5A5A , 0 
0x6E6E , 0 
0x2020 , 0 
0x3E3E , 4160 
0x1C1C , 5337 
0x5A5A , 0 
0x6E6E , 0 
0x2020 , 0 
0x3E3E , 4160 
0x1C1C , 0 
0x5A5A , 0 
0x6E6E , 0 
0x2020 , 0 
0x3E3E , 4169 
0x1C1C , 0 
0x5A5A , 0 
0x6E6E , 0 
0x2020 , 0 
0x3E3E , 4132 
0x1C1C , 0 
0x5A5A , 0 
0x6E6E , 0 
0x2020 , 0 
0x3E3E , 0 
0x1C1C , 0 
0x5A5A , 0 
0x6E6E , 0 
0x2020 , 0 
0x3E3E , 4136 
0x1C1C , 5286 
0x5A5A , 0 
0x6E6E , 0 
0x2020 , 0 
0x3E3E , 4122 
0x1C1C , 5337 
0x5A5A , 0 
0x6E6E , 0 
0x2020 , 0 
0x3E3E , 4104 
0x1C1C , 0 
0x5A5A , 0 
0x6E6E , 0 
0x2020 , 0 
0x3E3E , 0 
0x1C1C , 0 
0x5A5A , 0 
0x6E6E , 0 
0x2020 , 0 
0x3E3E , 4183 
0x1C1C , 5323 
0x5A5A , 0 
0x6E6E , 0 
0x2020 , 0 
0x3E3E , 4179 
0x1C1C , 5314 
0x5A5A , 0 
0x6E6E , 7978 
0x2020 , 0 
0x3E3E , 4146 
0x1C1C , 5267 
0x5A5A , 0 
0x6E6E , 7931 
0x2020 , 0 
0x3E3E , 4122 
0x1C1C , 5365 
0x5A5A , 0 
0x6E6E , 8048 
0x2020 , 0 
0x3E3E , 4169 
0x1C1C , 5342 
0x5A5A , 0 
0x6E6E , 0 
0x2020 , 0 
0x3E3E , 4141 
0x1C1C , 5300 
0x5A5A , 0 
0x6E6E , 0 
0x2020 , 0 
0x3E3E , 4132 
0x1C1C , 5300 
0x5A5A , 0 
0x6E6E , 0 
0x2020 , 0 
0x3E3E , 4150 
0x1C1C , 5351 
0x5A5A , 0 
0x6E6E , 0 
0x2020 , 0 
0x3E3E , 4160 
0x1C1C , 5314 
0x5A5A , 0 
0x6E6E , 0 
0x2020 , 0 
0x3E3E , 4146 
0x1C1C , 5361 
0x5A5A , 0 
0x6E6E , 0 
0x2020 , 0 
0x3E3E , 4108 
0x1C1C , 0 
0x5A5A , 0 
0x6E6E , 0 
0x2020 , 0 
0x3E3E , 4122 
0x1C1C , 0 
0x5A5A , 6974 
0x6E6E , 0 
0x2020 , 0 
0x3E3E , 4136 
0x1C1C , 5286 
0x5A5A , 0 
0x6E6E , 0 
0x2020 , 0 
0x3E3E , 4141 
0x1C1C , 5286 
0x5A5A , 0 
0x6E6E , 0 
0x2020 , 0 
0x3E3E , 4108 
0x1C1C , 5304 
0x5A5A , 0 
0x6E6E , 0 
0x2020 , 0 
0x3E3E , 4141 
0x1C1C , 5304 
0x5A5A , 0 
0x6E6E , 0 
0x2020 , 0 
0x3E3E , 4165 
0x1C1C , 5239 
0x5A5A , 0 
0x6E6E , 0 
0x2020 , 0 
0x3E3E , 4165 
0x1C1C , 5290 
0x5A5A , 6327 
0x6E6E , 0 
0x2020 , 0 
0x3E3E , 4122 
0x1C1C , 5332 
0x5A5A , 6613 
0x6E6E , 0 
0x2020 , 0 
0x3E3E , 4155 
0x1C1C , 5295 
0x5A5A , 0 
0x6E6E , 0 
0x2020 , 0 
0x3E3E , 4160 
0x1C1C , 5323 
0x5A5A , 6364 
0x6E6E , 0 
0x2020 , 0 
0x3E3E , 0 
0x1C1C , 5314 
0x5A5A , 0 
0x6E6E , 0 
0x2020 , 0 
0x3E3E , 4113 
0x1C1C , 5295 
0x5A5A , 0 
0x6E6E , 0 
0x2020 , 0 
0x3E3E , 4122 
0x1C1C , 5337 
0x5A5A , 6463 
0x6E6E , 0 
0x2020 , 0 
0x3E3E , 4141 
0x1C1C , 5323 
0x5A5A , 0 
0x6E6E , 0 
0x2020 , 0 
0x3E3E , 4136 
0x1C1C , 5351 
0x5A5A , 0 
0x6E6E , 0 
0x2020 , 0 
0x3E3E , 4122 
0x1C1C , 5337 
0x5A5A , 6496 
0x6E6E , 0 
0x2020 , 0 
0x3E3E , 4155 
0x1C1C , 0 
0x5A5A , 0 
0x6E6E , 0 
0x2020 , 0 
0x3E3E , 4150 
0x1C1C , 5318 
0x5A5A , 0 
0x6E6E , 0 
0x2020 , 0 
0x3E3E , 4188 
0x1C1C , 0 
0x5A5A , 0 
0x6E6E , 0 
0x2020 , 0 
0x3E3E , 4141 
0x1C1C , 0 
0x5A5A , 0 
0x6E6E , 0 
0x2020 , 0 
0x3E3E , 4160 
0x1C1C , 5314 
0x5A5A , 0 
0x6E6E , 0 
0x2020 , 0 
0x3E3E , 4155 
0x1C1C , 5295 
0x5A5A , 0 
0x6E6E , 0 
0x2020 , 0 
0x3E3E , 4169 
0x1C1C , 5342 
0x5A5A , 6510 
0x6E6E , 0 
0x2020 , 0 
0x3E3E , 4141 
0x1C1C , 5300 
0x5A5A , 0 
0x6E6E , 0 
0x2020 , 0 
0x3E3E , 4174 
0x1C1C , 5304 
0x5A5A , 0 
0x6E6E , 0 
0x2020 , 0 
0x3E3E , 4150 
0x1C1C , 5356 
0x5A5A , 6754 
0x6E6E , 0 
0x2020 , 0 
0x3E3E , 4197 
0x1C1C , 5309 
0x5A5A , 0 
0x6E6E , 0 
0x2020 , 0 
0x3E3E , 4165 
0x1C1C , 5290 
0x5A5A , 0 
0x6E6E , 0 
0x2020 , 0 
0x3E3E , 4136 
0x1C1C , 5286 
0x5A5A , 0 
0x6E6E , 0 
0x2020 , 0 
0x3E3E , 4155 
0x1C1C , 5290 
0x5A5A , 0 
0x6E6E , 0 
0x2020 , 0 
0x3E3E , 4193 
0x1C1C , 5314 
0x5A5A , 6688 
0x6E6E , 0 
0x2020 , 0 
0x3E3E , 4108 
0x1C1C , 5328 
0x5A5A , 6641 
0x6E6E , 0 
0x2020 , 0 
0x3E3E , 4179 
0x1C1C , 5332 
0x5A5A , 6589 
0x6E6E , 0 
0x2020 , 0 
0x3E3E , 4127 
0x1C1C , 0 
0x5A5A , 0 
0x6E6E , 0 
0x2020 , 0 
0x3E3E , 4071 
0x1C1C , 0 
0x5A5A , 0 
0x6E6E , 0 
0x2020 , 0 
0x3E3E , 4127 
0x1C1C , 5351 
0x5A5A , 0 
0x6E6E , 0 
0x2020 , 0 
0x3E3E , 4146 
0x1C1C , 0 
0x5A5A , 0 
0x6E6E , 0 
0x2020 , 0 
0x3E3E , 0 
0x1C1C , 0 
0x5A5A , 0 
0x6E6E , 0 
0x2020 , 0 
0x3E3E , 4155 
0x1C1C , 5337 
0x5A5A , 0 
0x6E6E , 0 
0x2020 , 0 
0x3E3E , 4155 
0x1C1C , 5328 
0x5A5A , 0 
0x6E6E , 0 
0x2020 , 0 
0x3E3E , 0 
0x1C1C , 0 
0x5A5A , 0 
0x6E6E , 0 
0x2020 , 0 
0x3E3E , 0 
0x1C1C , 0 
0x5A5A , 0 
0x6E6E , 0 
0x2020 , 0 
0x3E3E , 4216 
0x1C1C , 5309 
0x5A5A , 0 
0x6E6E , 0 
0x2020 , 0 
0x3E3E , 4118 
0x1C1C , 5300 
0x5A5A , 0 
0x6E6E , 0 
0x2020 , 0 
0x3E3E , 4132 
0x1C1C , 5276 
0x5A5A , 0 
0x6E6E , 0 
0x2020 , 0 
0x3E3E , 4127 
0x1C1C , 5243 
0x5A5A , 0 
0x6E6E , 0 
0x2020 , 0 
0x3E3E , 4132 
0x1C1C , 5309 
0x5A5A , 0 
0x6E6E , 0 
0x2020 , 0 
0x3E3E , 4136 
0x1C1C , 5309 
0x5A5A , 0 
0x6E6E , 0 
0x2020 , 0 
0x3E3E , 4155 
0x1C1C , 5276 
0x5A5A , 0 
0x6E6E , 0 
0x2020 , 0 
0x3E3E , 4085 
0x1C1C , 5347 
0x5A5A , 0 
0x6E6E , 0 
0x2020 , 0 
0x3E3E , 4193 
0x1C1C , 5314 
0x5A5A , 0 
0x6E6E , 0 
0x2020 , 0 
0x3E3E , 4155 
0x1C1C , 5337 
0x5A5A , 0 
0x6E6E , 0 
0x2020 , 0 
0x3E3E , 4155 
0x1C1C , 5276 
0x5A5A , 0 
0x6E6E , 0 
0x2020 , 3273 
0x3E3E , 4207 
0x1C1C , 5300 
0x5A5A , 0 
0x6E6E , 0 
0x2020 , 0 
0x3E3E , 0 
0x1C1C , 0 
0x5A5A , 0 
0x6E6E , 0 
0x2020 , 0 
0x3E3E , 0 
0x1C1C , 0 
0x5A5A , 0 
0x6E6E , 0 
ÿPlease set all used Node IDs
How many Nodes do you want to connect?
Write down the 16 bit IDs of 5 Nodes in HEX
Nodes IDs are set.
num_of_tries to send the NodeID: 2
num_of_tries to send the NodeID: 3
num_of_tries to send the NodeID: 4
ACK of Tag receivement from nodeID is missing! 
0x2020 , 0 
0x3E3E , 4183 
0x1C1C , 5347 
0x5A5A , 0 
0x6E6E , 8100 
0x2020 , 0 
0x3E3E , 4169 
0x1C1C , 5328 
0x5A5A , 0 
0x6E6E , 0 
0x2020 , 0 
0x3E3E , 4141 
0x1C1C , 5332 
0x5A5A , 0 
0x6E6E , 0 
0x2020 , 0 
0x3E3E , 4132 
0x1C1C , 5281 
0x5A5A , 0 
0x6E6E , 8194 
0x2020 , 0 
0x3E3E , 4150 
0x1C1C , 5286 
0x5A5A , 0 
0x6E6E , 8043 
0x2020 , 0 
0x3E3E , 4127 
0x1C1C , 5328 
0x5A5A , 0 
0x6E6E , 7907 
0x2020 , 0 
0x3E3E , 4118 
0x1C1C , 5267 
0x5A5A , 0 
0x6E6E , 7931 
0x2020 , 0 
0x3E3E , 4202 
0x1C1C , 5318 
0x5A5A , 0 
0x6E6E , 0 
0x2020 , 0 
0x3E3E , 4202 
0x1C1C , 5351 
0x5A5A , 0 
0x6E6E , 0 
0x2020 , 0 
0x3E3E , 0 
0x1C1C , 0 
0x5A5A , 0 
0x6E6E , 0 
0x2020 , 0 
0x3E3E , 0 
0x1C1C , 0 
0x5A5A , 0 
0x6E6E , 0 
ÿPlease set all used Node IDs
How many Nodes do you want to connect?
Write down the 16 bit IDs of 1 Nodes in HEX
Nodes IDs are set.
num_of_tries to send the NodeID: 2
num_of_tries to send the NodeID: 3
num_of_tries to send the NodeID: 4
ACK of Tag receivement from nodeID is missing! 
0x2020 , 3311 
0x2020 , 3302 
0x2020 , 3334 
0x2020 , 3330 
0x2020 , 3297 
0x2020 , 3311 
0x2020 , 3311 
0x2020 , 3302 
0x2020 , 3325 
0x2020 , 3287 
0x2020 , 3306 
0x2020 , 3311 
0x2020 , 0 
0x2020 , 0 
0x2020 , 3320 
0x2020 , 3302 
0x2020 , 3339 
0x2020 , 3287 
0x2020 , 0 
0x2020 , 3358 
0x2020 , 3330 
0x2020 , 3339 
0x2020 , 3316 
0x2020 , 3311 
0x2020 , 3306 
0x2020 , 0 
0x2020 , 0 
0x2020 , 3302 
0x2020 , 3306 
0x2020 , 3302 
0x2020 , 3325 
0x2020 , 3353 
0x2020 , 3311 
0x2020 , 3311 
0x2020 , 0 
0x2020 , 0 
0x2020 , 0 
0x2020 , 0 
0x2020 , 0 
0x2020 , 0 
0x2020 , 0 
0x2020 , 3311 
0x2020 , 0 
0x2020 , 0 
0x2020 , 0 
0x2020 , 0 
0x2020 , 0 
0x2020 , 3302 
0x2020 , 3330 
0x2020 , 3334 
0x2020 , 3320 
0x2020 , 3325 
0x2020 , 3325 
0x2020 , 3306 
0x2020 , 3297 
0x2020 , 3311 
0x2020 , 3302 
0x2020 , 3353 
0x2020 , 0 
0x2020 , 3311 
0x2020 , 3306 
0x2020 , 3320 
0x2020 , 3306 
0x2020 , 3330 
0x2020 , 3316 
0x2020 , 3292 
0x2020 , 3306 
0x2020 , 3311 
0x2020 , 3348 
0x2020 , 3306 
0x2020 , 3302 
0x2020 , 3311 
0x2020 , 0 
0x2020 , 3292 
0x2020 , 0 
0x2020 , 3334 
0x2020 , 0 
0x2020 , 3306 
0x2020 , 0 
0x2020 , 3297 
0x2020 , 0 
0x2020 , 3302 
0x2020 , 0 
0x2020 , 3306 
0x2020 , 0 
0x2020 , 3330 
0x2020 , 0 
0x2020 , 3320 
0x2020 , 0 
0x2020 , 3325 
0x2020 , 0 
0x2020 , 3334 
0x2020 , 0 
0x2020 , 3320 
0x2020 , 0 
0x2020 , 3316 
0x2020 , 0 
0x2020 , 3306 
0x2020 , 0 
0x2020 , 3316 
0x2020 , 0 
0x2020 , 3330 
0x2020 , 0 
0x2020 , 3292 
0x2020 , 0 
0x2020 , 3316 
0x2020 , 3302 
0x2020 , 3302 
0x2020 , 3330 
0x2020 , 3334 
0x2020 , 3292 
0x2020 , 3306 
0x2020 , 3283 
0x2020 , 3320 
0x2020 , 3325 
0x2020 , 3320 
0x2020 , 3320 
0x2020 , 3316 
0x2020 , 3334 
0x2020 , 3311 
0x2020 , 3297 
0x2020 , 3302 
0x2020 , 3292 
0x2020 , 3330 
0x2020 , 3334 
0x2020 , 3283 
0x2020 , 3316 
0x2020 , 3292 
0x2020 , 3316 
0x2020 , 3320 
0x2020 , 3316 
ÿPlease set all used Node IDs
How many Nodes do you want to connect?
Write down the 16 bit IDs of 2 Nodes in HEX
Nodes IDs are set.
num_of_tries to send the NodeID: 2
num_of_tries to send the NodeID: 3
num_of_tries to send the NodeID: 4
ACK of Tag receivement from nodeID is missing! 
0x2020 , 3320 
0x3E3E , 0 
0x2020 , 3297 
0x3E3E , 4132 
0x2020 , 3306 
0x3E3E , 4155 
0x2020 , 3311 
0x3E3E , 4183 
0x2020 , 3311 
0x3E3E , 4146 
0x2020 , 3306 
0x3E3E , 4127 
0x2020 , 3316 
0x3E3E , 4155 
0x2020 , 3292 
0x3E3E , 4202 
0x2020 , 3311 
0x3E3E , 4146 
0x2020 , 3325 
0x3E3E , 4197 
0x2020 , 0 
0x3E3E , 4146 
0x2020 , 0 
0x3E3E , 0 
0x2020 , 3311 
0x3E3E , 4169 
0x2020 , 3316 
0x3E3E , 4179 
0x2020 , 3302 
0x3E3E , 4141 
0x2020 , 3320 
0x3E3E , 4193 
0x2020 , 3334 
0x3E3E , 4179 
0x2020 , 3306 
0x3E3E , 4183 
0x2020 , 3339 
0x3E3E , 4155 
0x2020 , 3339 
0x3E3E , 4146 
0x2020 , 3287 
0x3E3E , 4169 
0x2020 , 3302 
0x3E3E , 4165 
0x2020 , 3292 
0x3E3E , 4211 
0x2020 , 3320 
0x3E3E , 4150 
0x2020 , 3302 
0x3E3E , 4122 
ÿPlease set all used Node IDs
How many Nodes do you want to connect?
Write down the 16 bit IDs of 3 Nodes in HEX
Nodes IDs are set.
num_of_tries to send the NodeID: 2
num_of_tries to send the NodeID: 3
num_of_tries to send the NodeID: 4
ACK of Tag receivement from nodeID is missing! 
0x2020 , 0 
0x3E3E , 4193 
0x1C1C , 0 
0x2020 , 3320 
0x3E3E , 4146 
0x1C1C , 0 
0x2020 , 0 
0x3E3E , 0 
0x1C1C , 0 
0x2020 , 3302 
0x3E3E , 4197 
0x1C1C , 5201 
0x2020 , 3302 
0x3E3E , 4165 
0x1C1C , 5173 
0x2020 , 3297 
0x3E3E , 4188 
0x1C1C , 5225 
0x2020 , 3283 
0x3E3E , 4169 
0x1C1C , 5220 
0x2020 , 3278 
0x3E3E , 4197 
0x1C1C , 5234 
0x2020 , 3311 
0x3E3E , 4146 
0x1C1C , 5248 
0x2020 , 3306 
0x3E3E , 4169 
0x1C1C , 5192 
0x2020 , 3297 
0x3E3E , 4108 
0x1C1C , 5196 
0x2020 , 3297 
0x3E3E , 4197 
0x1C1C , 5220 
0x2020 , 3320 
0x3E3E , 0 
0x1C1C , 0 
0x2020 , 0 
0x3E3E , 0 
0x1C1C , 0 
0x2020 , 3311 
0x3E3E , 4197 
0x1C1C , 5234 
0x2020 , 3278 
0x3E3E , 4179 
0x1C1C , 5267 
0x2020 , 3320 
0x3E3E , 4165 
0x1C1C , 5234 
0x2020 , 3292 
0x3E3E , 4183 
0x1C1C , 5267 
0x2020 , 3302 
0x3E3E , 0 
0x1C1C , 5192 
0x2020 , 3297 
0x3E3E , 0 
0x1C1C , 0 
0x2020 , 0 
0x3E3E , 0 
0x1C1C , 5196 
0x2020 , 3311 
0x3E3E , 4155 
0x1C1C , 0 
0x2020 , 0 
0x3E3E , 0 
0x1C1C , 5201 
0x2020 , 3278 
0x3E3E , 4160 
0x1C1C , 5276 
0x2020 , 3330 
0x3E3E , 4155 
0x1C1C , 5243 
0x2020 , 3316 
0x3E3E , 4155 
0x1C1C , 5257 
0x2020 , 3316 
0x3E3E , 4150 
0x1C1C , 5267 
0x2020 , 3306 
0x3E3E , 4155 
0x1C1C , 5220 
0x2020 , 3325 
0x3E3E , 4099 
0x1C1C , 5262 
0x2020 , 3311 
0x3E3E , 4122 
0x1C1C , 5225 
0x2020 , 3344 
0x3E3E , 4188 
0x1C1C , 5267 
0x2020 , 3297 
0x3E3E , 4141 
0x1C1C , 5248 
0x2020 , 3292 
0x3E3E , 4094 
0x1C1C , 0 
0x2020 , 3306 
0x3E3E , 4183 
0x1C1C , 0 
0x2020 , 3316 
0x3E3E , 4165 
0x1C1C , 5192 
0x2020 , 3306 
0x3E3E , 4127 
0x1C1C , 5243 
0x2020 , 3311 
0x3E3E , 4160 
0x1C1C , 5328 
0x2020 , 3287 
0x3E3E , 4150 
0x1C1C , 5234 
0x2020 , 3302 
0x3E3E , 4127 
0x1C1C , 5215 
0x2020 , 3330 
0x3E3E , 4146 
0x1C1C , 5234 
0x2020 , 3292 
0x3E3E , 4169 
0x1C1C , 5225 
ÿPlease set all used Node IDs
How many Nodes do you want to connect?
Write down the 16 bit IDs of 4 Nodes in HEX
Nodes IDs are set.
num_of_tries to send the NodeID: 2
num_of_tries to send the NodeID: 3
num_of_tries to send the NodeID: 4
ACK of Tag receivement from nodeID is missing! 
0x2020 , 3334 
0x3E3E , 0 
0x1C1C , 0 
0x5A5A , 0 
0x2020 , 0 
0x3E3E , 0 
0x1C1C , 0 
0x5A5A , 0 
0x2020 , 0 
0x3E3E , 0 
0x1C1C , 0 
0x5A5A , 0 
0x2020 , 0 
0x3E3E , 0 
0x1C1C , 0 
0x5A5A , 0 
0x2020 , 0 
0x3E3E , 0 
0x1C1C , 0 
0x5A5A , 0 
0x2020 , 0 
0x3E3E , 0 
0x1C1C , 0 
0x5A5A , 0 
0x2020 , 0 
0x3E3E , 0 
0x1C1C , 0 
0x5A5A , 0 
0x2020 , 0 
0x3E3E , 0 
0x1C1C , 0 
0x5A5A , 0 
0x2020 , 0 
0x3E3E , 0 
0x1C1C , 0 
0x5A5A , 0 
0x2020 , 0 
0x3E3E , 0 
0x1C1C , 0 
0x5A5A , 0 
ÿPlease set all used Node IDs
How many Nodes do you want to connect?
Write down the 16 bit IDs of 4 Nodes in HEX
Nodes IDs are set.
num_of_tries to send the NodeID: 2
num_of_tries to send the NodeID: 3
num_of_tries to send the NodeID: 4
ACK of Tag receivement from nodeID is missing! 
0x2020 , 0 
0x3E3E , 0 
0x1C1C , 0 
0x5A5A , 0 
0x2020 , 0 
0x3E3E , 0 
0x1C1C , 0 
0x5A5A , 0 
0x2020 , 0 
0x3E3E , 0 
0x1C1C , 0 
0x5A5A , 0 
0x2020 , 0 
0x3E3E , 0 
0x1C1C , 0 
0x5A5A , 0 
0x2020 , 0 
0x3E3E , 0 
0x1C1C , 0 
0x5A5A , 0 
0x2020 , 0 
0x3E3E , 0 
0x1C1C , 0 
0x5A5A , 0 
0x2020 , 0 
0x3E3E , 0 
0x1C1C , 0 
0x5A5A , 0 
0x2020 , 0 
0x3E3E , 0 
0x1C1C , 0 
0x5A5A , 0 
0x2020 , 0 
0x3E3E , 0 
0x1C1C , 0 
0x5A5A , 0 
0x2020 , 0 
0x3E3E , 0 
0x1C1C , 0 
0x5A5A , 0 
0x2020 , 0 
0x3E3E , 0 
0x1C1C , 0 
0x5A5A , 0 
0x2020 , 0 
0x3E3E , 0 
0x1C1C , 0 
0x5A5A , 0 
0x2020 , 0 
0x3E3E , 0 
0x1C1C , 0 
0x5A5A , 0 
0x2020 , 0 
0x3E3E , 0 
0x1C1C , 0 
0x5A5A , 0 
0x2020 , 0 
0x3E3E , 0 
0x1C1C , 0 
0x5A5A , 0 
0x2020 , 0 
0x3E3E , 0 
0x1C1C , 0 
0x5A5A , 0 
ÿPlease set all used Node IDs
How many Nodes do you want to connect?
Write down the 16 bit IDs of 3 Nodes in HEX
Nodes IDs are set.
ÿPlease set all used Node IDs
How many Nodes do you want to connect?
Write down the 16 bit IDs of 3 Nodes in HEX
Nodes IDs are set.
num_of_tries to send the NodeID: 2
num_of_tries to send the NodeID: 3
num_of_tries to send the NodeID: 4
ACK of Tag receivement from nodeID is missing! 
0x2020 , 0 
0x3E3E , 0 
0x1C1C , 0 
0x2020 , 3292 
0x3E3E , 4193 
0x1C1C , 5206 
0x2020 , 3292 
0x3E3E , 4207 
0x1C1C , 5196 
0x2020 , 3316 
0x3E3E , 4216 
0x1C1C , 5271 
0x2020 , 3316 
0x3E3E , 4188 
0x1C1C , 5220 
0x2020 , 3302 
0x3E3E , 4160 
0x1C1C , 5201 
0x2020 , 3339 
0x3E3E , 4141 
0x1C1C , 5239 
0x2020 , 3297 
0x3E3E , 4174 
0x1C1C , 5276 
0x2020 , 3320 
0x3E3E , 4207 
0x1C1C , 5262 
0x2020 , 3297 
0x3E3E , 4174 
0x1C1C , 5225 
0x2020 , 3339 
0x3E3E , 4155 
0x1C1C , 5253 
0x2020 , 3297 
0x3E3E , 4183 
0x1C1C , 5192 
0x2020 , 3330 
0x3E3E , 4207 
0x1C1C , 5234 
0x2020 , 3344 
0x3E3E , 4188 
0x1C1C , 5243 
0x2020 , 3330 
0x3E3E , 4179 
0x1C1C , 5262 
0x2020 , 3306 
0x3E3E , 4183 
0x1C1C , 5225 
0x2020 , 3311 
0x3E3E , 4150 
0x1C1C , 5210 
0x2020 , 3320 
0x3E3E , 4240 
0x1C1C , 5201 
0x2020 , 3283 
0x3E3E , 4188 
0x1C1C , 5262 
0x2020 , 3297 
0x3E3E , 4240 
0x1C1C , 5262 
0x2020 , 3292 
0x3E3E , 4202 
0x1C1C , 5215 
0x2020 , 3316 
0x3E3E , 4169 
0x1C1C , 5225 
0x2020 , 3297 
0x3E3E , 4141 
0x1C1C , 5318 
0x2020 , 3316 
0x3E3E , 4160 
0x1C1C , 5239 
0x2020 , 3316 
0x3E3E , 4179 
0x1C1C , 0 
0x2020 , 3302 
0x3E3E , 4165 
0x1C1C , 0 
0x2020 , 3339 
0x3E3E , 4183 
0x1C1C , 0 
0x2020 , 0 
0x3E3E , 0 
0x1C1C , 0 
0x2020 , 3302 
0x3E3E , 4160 
0x1C1C , 5257 
0x2020 , 3320 
0x3E3E , 4150 
0x1C1C , 5196 
0x2020 , 3302 
0x3E3E , 4207 
0x1C1C , 0 
0x2020 , 3302 
0x3E3E , 4146 
0x1C1C , 0 
0x2020 , 3283 
0x3E3E , 4193 
0x1C1C , 5248 
0x2020 , 3287 
0x3E3E , 4193 
0x1C1C , 5248 
0x2020 , 3316 
0x3E3E , 4146 
0x1C1C , 5281 
0x2020 , 3287 
0x3E3E , 4150 
0x1C1C , 5253 
0x2020 , 3320 
0x3E3E , 4155 
0x1C1C , 5234 
0x2020 , 3320 
0x3E3E , 4150 
0x1C1C , 5201 
0x2020 , 0 
0x3E3E , 0 
0x1C1C , 0 
0x2020 , 0 
0x3E3E , 0 
0x1C1C , 0 
0x2020 , 0 
0x3E3E , 0 
0x1C1C , 0 
0x2020 , 0 
0x3E3E , 0 
0x1C1C , 0 
0x2020 , 3273 
0x3E3E , 4169 
0x1C1C , 5262 
0x2020 , 3292 
0x3E3E , 4118 
0x1C1C , 5225 
0x2020 , 3306 
0x3E3E , 4202 
0x1C1C , 5271 
0x2020 , 3320 
0x3E3E , 4150 
0x1C1C , 5229 
0x2020 , 3302 
0x3E3E , 4150 
0x1C1C , 5262 
0x2020 , 0 
0x3E3E , 0 
0x1C1C , 0 
0x2020 , 0 
0x3E3E , 4127 
0x1C1C , 0 
0x2020 , 0 
0x3E3E , 0 
0x1C1C , 0 
0x2020 , 3325 
0x3E3E , 4169 
0x1C1C , 5187 
0x2020 , 3316 
0x3E3E , 4136 
0x1C1C , 5281 
0x2020 , 3297 
0x3E3E , 4118 
0x1C1C , 5243 
0x2020 , 3297 
0x3E3E , 4155 
0x1C1C , 5271 
0x2020 , 3302 
0x3E3E , 4127 
0x1C1C , 5239 
0x2020 , 0 
0x3E3E , 0 
0x1C1C , 0 
0x2020 , 0 
0x3E3E , 0 
0x1C1C , 0 
0x2020 , 0 
0x3E3E , 0 
0x1C1C , 0 
0x2020 , 0 
0x3E3E , 0 
0x1C1C , 0 
0x2020 , 3311 
0x3E3E , 4174 
0x1C1C , 5267 
0x2020 , 3283 
0x3E3E , 4169 
0x1C1C , 5196 
0x2020 , 3306 
0x3E3E , 4122 
0x1C1C , 5243 
0x2020 , 3302 
0x3E3E , 4183 
0x1C1C , 5257 
0x2020 , 3297 
0x3E3E , 4141 
0x1C1C , 5192 
0x2020 , 3292 
0x3E3E , 4075 
0x1C1C , 5253 
0x2020 , 3297 
0x3E3E , 4193 
0x1C1C , 5257 
0x2020 , 3269 
0x3E3E , 4165 
0x1C1C , 5178 
0x2020 , 3297 
0x3E3E , 4155 
0x1C1C , 5164 
0x2020 , 0 
0x3E3E , 4174 
0x1C1C , 5262 
0x2020 , 3302 
0x3E3E , 4188 
0x1C1C , 5187 
0x2020 , 3302 
0x3E3E , 4146 
0x1C1C , 5276 
0x2020 , 3325 
0x3E3E , 4136 
0x1C1C , 5206 
0x2020 , 3325 
0x3E3E , 4183 
0x1C1C , 5229 
0x2020 , 3292 
0x3E3E , 4183 
0x1C1C , 5243 
0x2020 , 3283 
0x3E3E , 4230 
0x1C1C , 5239 
0x2020 , 3316 
0x3E3E , 4099 
0x1C1C , 5215 
ÿPlease set all used Node IDs
How many Nodes do you want to connect?
Write down the 16 bit IDs of 4 Nodes in HEX
Nodes IDs are set.
num_of_tries to send the NodeID: 2
num_of_tries to send the NodeID: 3
num_of_tries to send the NodeID: 4
ACK of Tag receivement from nodeID is missing! 
0x2020 , 3283 
0x3E3E , 4155 
0x1C1C , 5243 
0x5A5A , 0 
0x2020 , 3292 
0x3E3E , 4193 
0x1C1C , 5271 
0x5A5A , 0 
0x2020 , 3283 
0x3E3E , 4216 
0x1C1C , 5248 
0x5A5A , 0 
0x2020 , 3283 
0x3E3E , 4174 
0x1C1C , 5225 
0x5A5A , 0 
0x2020 , 3306 
0x3E3E , 4211 
0x1C1C , 5159 
0x5A5A , 0 
0x2020 , 3320 
0x3E3E , 4155 
0x1C1C , 5220 
0x5A5A , 0 
0x2020 , 3320 
0x3E3E , 4183 
0x1C1C , 5220 
0x5A5A , 0 
0x2020 , 3283 
0x3E3E , 4155 
0x1C1C , 5229 
0x5A5A , 0 
0x2020 , 3306 
0x3E3E , 4155 
0x1C1C , 5206 
0x5A5A , 0 
0x2020 , 3283 
0x3E3E , 4202 
0x1C1C , 5225 
0x5A5A , 0 
0x2020 , 3278 
0x3E3E , 4150 
0x1C1C , 5271 
0x5A5A , 0 
0x2020 , 3302 
0x3E3E , 4146 
0x1C1C , 5257 
0x5A5A , 0 
0x2020 , 0 
0x3E3E , 0 
0x1C1C , 0 
0x5A5A , 0 
0x2020 , 0 
0x3E3E , 0 
0x1C1C , 0 
0x5A5A , 0 
0x2020 , 0 
0x3E3E , 0 
0x1C1C , 0 
0x5A5A , 0 
0x2020 , 0 
0x3E3E , 0 
0x1C1C , 0 
0x5A5A , 0 
0x2020 , 0 
0x3E3E , 0 
0x1C1C , 0 
0x5A5A , 0 
0x2020 , 0 
0x3E3E , 0 
0x1C1C , 0 
0x5A5A , 0 
0x2020 , 0 
0x3E3E , 0 
0x1C1C , 0 
0x5A5A , 0 
0x2020 , 0 
0x3E3E , 0 
0x1C1C , 0 
0x5A5A , 0 
0x2020 , 0 
0x3E3E , 0 
0x1C1C , 0 
0x5A5A , 0 
0x2020 , 0 
0x3E3E , 0 
0x1C1C , 0 
0x5A5A , 0 
0x2020 , 0 
0x3E3E , 0 
0x1C1C , 0 
0x5A5A , 0 
0x2020 , 0 
0x3E3E , 0 
0x1C1C , 0 
0x5A5A , 0 
0x2020 , 0 
0x3E3E , 0 
0x1C1C , 0 
0x5A5A , 0 
0x2020 , 0 
0x3E3E , 0 
0x1C1C , 0 
0x5A5A , 0 
0x2020 , 0 
0x3E3E , 0 
0x1C1C , 0 
0x5A5A , 0 
0x2020 , 0 
0x3E3E , 0 
0x1C1C , 0 
0x5A5A , 0 
0x2020 , 0 
0x3E3E , 0 
0x1C1C , 0 
0x5A5A , 0 
0x2020 , 0 
0x3E3E , 0 
0x1C1C , 0 
0x5A5A , 0 
ÿPlease set all used Node IDs
How many Nodes do you want to connect?
Write down the 16 bit IDs of 3 Nodes in HEX
Nodes IDs are set.
num_of_tries to send the NodeID: 2
num_of_tries to send the NodeID: 3
num_of_tries to send the NodeID: 4
ACK of Tag receivement from nodeID is missing! 
0x2020 , 0 
0x3E3E , 0 
0x1C1C , 0 
0x2020 , 0 
0x3E3E , 0 
0x1C1C , 0 
0x2020 , 3297 
0x3E3E , 4202 
0x1C1C , 5290 
0x2020 , 3320 
0x3E3E , 4188 
0x1C1C , 5220 
0x2020 , 3316 
0x3E3E , 4155 
0x1C1C , 5192 
0x2020 , 3287 
0x3E3E , 4221 
0x1C1C , 5201 
0x2020 , 3339 
0x3E3E , 4183 
0x1C1C , 5239 
0x2020 , 3292 
0x3E3E , 4179 
0x1C1C , 5168 
0x2020 , 3320 
0x3E3E , 4179 
0x1C1C , 5243 
0x2020 , 3320 
0x3E3E , 4197 
0x1C1C , 5206 
0x2020 , 3297 
0x3E3E , 4174 
0x1C1C , 5243 
0x2020 , 3311 
0x3E3E , 4169 
0x1C1C , 5229 
0x2020 , 3283 
0x3E3E , 4226 
0x1C1C , 5196 
0x2020 , 3292 
0x3E3E , 4211 
0x1C1C , 5248 
0x2020 , 3292 
0x3E3E , 4193 
0x1C1C , 5253 
0x2020 , 3269 
0x3E3E , 4169 
0x1C1C , 5276 
0x2020 , 3311 
0x3E3E , 4179 
0x1C1C , 5253 
0x2020 , 3306 
0x3E3E , 4141 
0x1C1C , 5262 
ÿPlease set all used Node IDs
How many Nodes do you want to connect?
Write down the 16 bit IDs of 4 Nodes in HEX
Nodes IDs are set.
num_of_tries to send the NodeID: 2
num_of_tries to send the NodeID: 3
num_of_tries to send the NodeID: 4
ACK of Tag receivement from nodeID is missing! 
0x2020 , 3320 
0x3E3E , 4207 
0x1C1C , 5314 
0x5A5A , 0 
0x2020 , 3297 
0x3E3E , 4240 
0x1C1C , 5332 
0x5A5A , 0 
0x2020 , 3273 
0x3E3E , 4188 
0x1C1C , 5262 
0x5A5A , 0 
0x2020 , 3302 
0x3E3E , 4174 
0x1C1C , 5187 
0x5A5A , 0 
0x2020 , 3292 
0x3E3E , 4211 
0x1C1C , 5225 
0x5A5A , 0 
0x2020 , 3278 
0x3E3E , 4211 
0x1C1C , 5253 
0x5A5A , 0 
0x2020 , 3283 
0x3E3E , 4202 
0x1C1C , 5239 
0x5A5A , 0 
0x2020 , 3306 
0x3E3E , 4169 
0x1C1C , 5243 
0x5A5A , 0 
0x2020 , 3334 
0x3E3E , 4169 
0x1C1C , 5253 
0x5A5A , 0 
0x2020 , 3316 
0x3E3E , 4197 
0x1C1C , 5248 
0x5A5A , 0 
0x2020 , 3330 
0x3E3E , 4146 
0x1C1C , 5210 
0x5A5A , 0 
0x2020 , 3292 
0x3E3E , 4165 
0x1C1C , 0 
0x5A5A , 0 
0x2020 , 3278 
0x3E3E , 4174 
0x1C1C , 5220 
0x5A5A , 0 
0x2020 , 3297 
0x3E3E , 4221 
0x1C1C , 5253 
0x5A5A , 0 
0x2020 , 3316 
0x3E3E , 4193 
0x1C1C , 5178 
0x5A5A , 0 
0x2020 , 3292 
0x3E3E , 4188 
0x1C1C , 5234 
0x5A5A , 0 
0x2020 , 3278 
0x3E3E , 4188 
0x1C1C , 5140 
0x5A5A , 0 
0x2020 , 3302 
0x3E3E , 4211 
0x1C1C , 5253 
0x5A5A , 0 
0x2020 , 3287 
0x3E3E , 4174 
0x1C1C , 5225 
0x5A5A , 0 
0x2020 , 3302 
0x3E3E , 4207 
0x1C1C , 5215 
0x5A5A , 0 
0x2020 , 3302 
0x3E3E , 4197 
0x1C1C , 5201 
0x5A5A , 0 
0x2020 , 3311 
0x3E3E , 4169 
0x1C1C , 5234 
0x5A5A , 0 
0x2020 , 3306 
0x3E3E , 4160 
0x1C1C , 5182 
0x5A5A , 0 
0x2020 , 3311 
0x3E3E , 4226 
0x1C1C , 5192 
0x5A5A , 0 
0x2020 , 3292 
0x3E3E , 4174 
0x1C1C , 5220 
0x5A5A , 0 
0x2020 , 3320 
0x3E3E , 4160 
0x1C1C , 5182 
0x5A5A , 0 
0x2020 , 3292 
0x3E3E , 4169 
0x1C1C , 5262 
0x5A5A , 0 
0x2020 , 0 
0x3E3E , 0 
0x1C1C , 0 
0x5A5A , 0 
0x2020 , 0 
0x3E3E , 0 
0x1C1C , 0 
0x5A5A , 0 
0x2020 , 0 
0x3E3E , 0 
0x1C1C , 0 
0x5A5A , 0 
0x2020 , 0 
0x3E3E , 0 
0x1C1C , 0 
0x5A5A , 0 
0x2020 , 0 
0x3E3E , 4146 
0x1C1C , 5168 
0x5A5A , 0 
0x2020 , 0 
0x3E3E , 4094 
0x1C1C , 0 
0x5A5A , 0 
0x2020 , 0 
0x3E3E , 4113 
0x1C1C , 0 
0x5A5A , 0 
0x2020 , 0 
0x3E3E , 4089 
0x1C1C , 5196 
0x5A5A , 0 
0x2020 , 0 
0x3E3E , 4169 
0x1C1C , 0 
0x5A5A , 0 
0x2020 , 0 
0x3E3E , 0 
0x1C1C , 5173 
0x5A5A , 0 
0x2020 , 0 
0x3E3E , 4127 
0x1C1C , 5173 
0x5A5A , 0 
0x2020 , 0 
0x3E3E , 4136 
0x1C1C , 5164 
0x5A5A , 0 
0x2020 , 0 
0x3E3E , 4094 
0x1C1C , 5281 
0x5A5A , 0 
0x2020 , 3283 
0x3E3E , 4165 
0x1C1C , 0 
0x5A5A , 0 
0x2020 , 0 
0x3E3E , 0 
0x1C1C , 0 
0x5A5A , 0 
0x2020 , 0 
0x3E3E , 4146 
0x1C1C , 5182 
0x5A5A , 0 
0x2020 , 3302 
0x3E3E , 4160 
0x1C1C , 5286 
0x5A5A , 0 
0x2020 , 3330 
0x3E3E , 4127 
0x1C1C , 0 
0x5A5A , 0 
0x2020 , 0 
0x3E3E , 0 
0x1C1C , 0 
0x5A5A , 0 
0x2020 , 0 
0x3E3E , 0 
0x1C1C , 0 
0x5A5A , 0 
0x2020 , 0 
0x3E3E , 0 
0x1C1C , 0 
0x5A5A , 0 
0x2020 , 0 
0x3E3E , 0 
0x1C1C , 0 
0x5A5A , 0 
0x2020 , 3297 
0x3E3E , 4155 
0x1C1C , 5164 
0x5A5A , 0 
0x2020 , 0 
0x3E3E , 4179 
0x1C1C , 0 
0x5A5A , 0 
0x2020 , 0 
0x3E3E , 0 
0x1C1C , 5135 
0x5A5A , 0 
0x2020 , 0 
0x3E3E , 4136 
0x1C1C , 5168 
0x5A5A , 0 
0x2020 , 0 
0x3E3E , 4179 
0x1C1C , 5192 
0x5A5A , 0 
0x2020 , 0 
0x3E3E , 0 
0x1C1C , 0 
0x5A5A , 0 
0x2020 , 3269 
0x3E3E , 4160 
0x1C1C , 5248 
0x5A5A , 0 
0x2020 , 3306 
0x3E3E , 4174 
0x1C1C , 0 
0x5A5A , 0 
0x2020 , 3311 
0x3E3E , 0 
0x1C1C , 5178 
0x5A5A , 0 
0x2020 , 3283 
0x3E3E , 4188 
0x1C1C , 5206 
0x5A5A , 0 
0x2020 , 3325 
0x3E3E , 4136 
0x1C1C , 0 
0x5A5A , 0 
0x2020 , 3292 
0x3E3E , 4188 
0x1C1C , 0 
0x5A5A , 0 
0x2020 , 3306 
0x3E3E , 4150 
0x1C1C , 0 
0x5A5A , 0 
0x2020 , 0 
0x3E3E , 4108 
0x1C1C , 0 
0x5A5A , 0 
0x2020 , 0 
0x3E3E , 4108 
0x1C1C , 5140 
0x5A5A , 0 
0x2020 , 0 
0x3E3E , 4141 
0x1C1C , 5248 
0x5A5A , 0 
0x2020 , 3278 
0x3E3E , 4155 
0x1C1C , 5178 
0x5A5A , 0 
0x2020 , 3283 
0x3E3E , 4122 
0x1C1C , 5225 
0x5A5A , 0 
0x2020 , 0 
0x3E3E , 0 
0x1C1C , 0 
0x5A5A , 0 
0x2020 , 3278 
0x3E3E , 4188 
0x1C1C , 5234 
0x5A5A , 0 
0x2020 , 3316 
0x3E3E , 4179 
0x1C1C , 5234 
0x5A5A , 0 
0x2020 , 0 
0x3E3E , 4113 
0x1C1C , 0 
0x5A5A , 0 
0x2020 , 0 
0x3E3E , 4089 
0x1C1C , 5173 
0x5A5A , 0 
0x2020 , 3302 
0x3E3E , 4118 
0x1C1C , 5126 
0x5A5A , 0 
0x2020 , 3292 
0x3E3E , 4174 
0x1C1C , 5234 
0x5A5A , 0 
0x2020 , 3302 
0x3E3E , 4146 
0x1C1C , 5220 
0x5A5A , 0 
0x2020 , 3311 
0x3E3E , 4146 
0x1C1C , 5187 
0x5A5A , 0 
0x2020 , 3297 
0x3E3E , 4169 
0x1C1C , 5196 
0x5A5A , 0 
0x2020 , 3306 
0x3E3E , 0 
0x1C1C , 0 
0x5A5A , 0 
0x2020 , 3269 
0x3E3E , 0 
0x1C1C , 0 
0x5A5A , 0 
0x2020 , 3292 
0x3E3E , 4165 
0x1C1C , 0 
0x5A5A , 0 
0x2020 , 3292 
0x3E3E , 4179 
0x1C1C , 5243 
0x5A5A , 0 
0x2020 , 3292 
0x3E3E , 4146 
0x1C1C , 0 
0x5A5A , 0 
0x2020 , 0 
0x3E3E , 4094 
0x1C1C , 0 
0x5A5A , 0 
0x2020 , 3306 
0x3E3E , 4160 
0x1C1C , 0 
0x5A5A , 0 
0x2020 , 3292 
0x3E3E , 4169 
0x1C1C , 5192 
0x5A5A , 0 
0x2020 , 3269 
0x3E3E , 4165 
0x1C1C , 5248 
0x5A5A , 0 
0x2020 , 3292 
0x3E3E , 4197 
0x1C1C , 5267 
0x5A5A , 0 
0x2020 , 3283 
0x3E3E , 4174 
0x1C1C , 5187 
0x5A5A , 0 
0x2020 , 3311 
0x3E3E , 4207 
0x1C1C , 5201 
0x5A5A , 0 
0x2020 , 3287 
0x3E3E , 4150 
0x1C1C , 5215 
0x5A5A , 0 
0x2020 , 3287 
0x3E3E , 4146 
0x1C1C , 5234 
0x5A5A , 6402 
0x2020 , 3320 
0x3E3E , 4188 
0x1C1C , 0 
0x5A5A , 0 
ÿPlease set all used Node IDs
How many Nodes do you want to connect?
Write down the 16 bit IDs of 4 Nodes in HEX
Nodes IDs are set.
ÿPlease set all used Node IDs
How many Nodes do you want to connect?
Write down the 16 bit IDs of 4 Nodes in HEX
Nodes IDs are set.
num_of_tries to send the NodeID: 2
num_of_tries to send the NodeID: 3
num_of_tries to send the NodeID: 4
ACK of Tag receivement from nodeID is missing! 
0x2020 , 0 
0x3E3E , 0 
0x1C1C , 0 
0x6E6E , 0 
0x2020 , 0 
0x3E3E , 4165 
0x1C1C , 5229 
0x6E6E , 7781 
0x2020 , 0 
0x3E3E , 4174 
0x1C1C , 5173 
0x6E6E , 0 
0x2020 , 0 
0x3E3E , 0 
0x1C1C , 0 
0x6E6E , 0 
0x2020 , 0 
0x3E3E , 0 
0x1C1C , 0 
0x6E6E , 0 
0x2020 , 3278 
0x3E3E , 4113 
0x1C1C , 5239 
0x6E6E , 0 
0x2020 , 3283 
0x3E3E , 4150 
0x1C1C , 0 
0x6E6E , 0 
0x2020 , 3292 
0x3E3E , 4165 
0x1C1C , 5257 
0x6E6E , 0 
0x2020 , 3151 
0x3E3E , 0 
0x1C1C , 0 
0x6E6E , 0 
0x2020 , 3306 
0x3E3E , 4207 
0x1C1C , 5234 
0x6E6E , 0 
0x2020 , 0 
0x3E3E , 0 
0x1C1C , 0 
0x6E6E , 0 
0x2020 , 0 
0x3E3E , 0 
0x1C1C , 0 
0x6E6E , 0 
0x2020 , 3316 
0x3E3E , 4165 
0x1C1C , 5168 
0x6E6E , 0 
0x2020 , 3226 
0x3E3E , 0 
0x1C1C , 0 
0x6E6E , 7823 
0x2020 , 3283 
0x3E3E , 4146 
0x1C1C , 5145 
0x6E6E , 7982 
0x2020 , 3320 
0x3E3E , 4160 
0x1C1C , 5239 
0x6E6E , 0 
0x2020 , 0 
0x3E3E , 0 
0x1C1C , 0 
0x6E6E , 7678 
0x2020 , 3306 
0x3E3E , 4150 
0x1C1C , 5248 
0x6E6E , 0 
0x2020 , 3311 
0x3E3E , 0 
0x1C1C , 5201 
0x6E6E , 0 
0x2020 , 3255 
0x3E3E , 4216 
0x1C1C , 5215 
0x6E6E , 0 
0x2020 , 3302 
0x3E3E , 4160 
0x1C1C , 0 
0x6E6E , 0 
0x2020 , 0 
0x3E3E , 0 
0x1C1C , 0 
0x6E6E , 0 
0x2020 , 3278 
0x3E3E , 4122 
0x1C1C , 5215 
0x6E6E , 0 
0x2020 , 3302 
0x3E3E , 4216 
0x1C1C , 5182 
0x6E6E , 7814 
0x2020 , 3302 
0x3E3E , 4155 
0x1C1C , 5234 
0x6E6E , 7748 
0x2020 , 3278 
0x3E3E , 4099 
0x1C1C , 5210 
0x6E6E , 7828 
0x2020 , 3283 
0x3E3E , 4160 
0x1C1C , 0 
0x6E6E , 0 
0x2020 , 0 
0x3E3E , 0 
0x1C1C , 0 
0x6E6E , 7664 
0x2020 , 3287 
0x3E3E , 4207 
0x1C1C , 0 
0x6E6E , 0 
0x2020 , 0 
0x3E3E , 0 
0x1C1C , 0 
0x6E6E , 0 
0x2020 , 3287 
0x3E3E , 4169 
0x1C1C , 0 
0x6E6E , 7687 
0x2020 , 3283 
0x3E3E , 4211 
0x1C1C , 5196 
0x6E6E , 7696 
0x2020 , 3302 
0x3E3E , 4216 
0x1C1C , 5210 
0x6E6E , 7715 
0x2020 , 3297 
0x3E3E , 4183 
0x1C1C , 0 
0x6E6E , 0 
0x2020 , 3316 
0x3E3E , 4183 
0x1C1C , 5253 
0x6E6E , 0 
0x2020 , 3325 
0x3E3E , 4174 
0x1C1C , 0 
0x6E6E , 7640 
0x2020 , 3292 
0x3E3E , 4197 
0x1C1C , 0 
0x6E6E , 0 
0x2020 , 3306 
0x3E3E , 4226 
0x1C1C , 0 
0x6E6E , 0 
0x2020 , 3287 
0x3E3E , 4226 
0x1C1C , 0 
0x6E6E , 0 
0x2020 , 0 
0x3E3E , 4141 
0x1C1C , 0 
0x6E6E , 0 
0x2020 , 0 
0x3E3E , 0 
0x1C1C , 0 
0x6E6E , 0 
0x2020 , 3278 
0x3E3E , 4216 
0x1C1C , 5159 
0x6E6E , 0 
0x2020 , 0 
0x3E3E , 4174 
0x1C1C , 5196 
0x6E6E , 0 
0x2020 , 3306 
0x3E3E , 4179 
0x1C1C , 5248 
0x6E6E , 0 
0x2020 , 3292 
0x3E3E , 4094 
0x1C1C , 0 
0x6E6E , 0 
0x2020 , 0 
0x3E3E , 0 
0x1C1C , 0 
0x6E6E , 0 
0x2020 , 0 
0x3E3E , 0 
0x1C1C , 0 
0x6E6E , 0 
0x2020 , 3297 
0x3E3E , 0 
0x1C1C , 0 
0x6E6E , 0 
0x2020 , 3264 
0x3E3E , 4146 
0x1C1C , 0 
0x6E6E , 0 
0x2020 , 0 
0x3E3E , 0 
0x1C1C , 0 
0x6E6E , 0 
0x2020 , 3330 
0x3E3E , 4165 
0x1C1C , 5267 
0x6E6E , 0 
0x2020 , 0 
0x3E3E , 0 
0x1C1C , 0 
0x6E6E , 0 
0x2020 , 0 
0x3E3E , 4174 
0x1C1C , 5210 
0x6E6E , 0 
0x2020 , 0 
0x3E3E , 0 
0x1C1C , 0 
0x6E6E , 7757 
0x2020 , 3250 
0x3E3E , 4146 
0x1C1C , 5225 
0x6E6E , 0 
0x2020 , 3283 
0x3E3E , 4146 
0x1C1C , 5192 
0x6E6E , 0 
0x2020 , 3273 
0x3E3E , 4118 
0x1C1C , 5187 
0x6E6E , 0 
0x2020 , 3283 
0x3E3E , 4150 
0x1C1C , 5215 
0x6E6E , 0 
0x2020 , 3273 
0x3E3E , 4150 
0x1C1C , 0 
0x6E6E , 0 
0x2020 , 3278 
0x3E3E , 4094 
0x1C1C , 0 
0x6E6E , 0 
0x2020 , 3297 
0x3E3E , 4160 
0x1C1C , 5248 
0x6E6E , 0 
0x2020 , 3316 
0x3E3E , 4207 
0x1C1C , 5187 
0x6E6E , 0 
0x2020 , 3297 
0x3E3E , 4155 
0x1C1C , 5206 
0x6E6E , 0 
0x2020 , 0 
0x3E3E , 0 
0x1C1C , 0 
0x6E6E , 0 
0x2020 , 3189 
0x3E3E , 0 
0x1C1C , 0 
0x6E6E , 0 
0x2020 , 3306 
0x3E3E , 4146 
0x1C1C , 0 
0x6E6E , 0 
0x2020 , 0 
0x3E3E , 0 
0x1C1C , 0 
0x6E6E , 7635 
0x2020 , 3292 
0x3E3E , 4113 
0x1C1C , 0 
0x6E6E , 0 
0x2020 , 0 
0x3E3E , 0 
0x1C1C , 0 
0x6E6E , 0 
0x2020 , 3269 
0x3E3E , 4132 
0x1C1C , 5220 
0x6E6E , 0 
0x2020 , 3302 
0x3E3E , 4118 
0x1C1C , 0 
0x6E6E , 0 
0x2020 , 0 
0x3E3E , 0 
0x1C1C , 0 
0x6E6E , 0 
0x2020 , 0 
0x3E3E , 4132 
0x1C1C , 5182 
0x6E6E , 0 
0x2020 , 0 
0x3E3E , 4155 
0x1C1C , 5154 
0x6E6E , 0 
0x2020 , 0 
0x3E3E , 4108 
0x1C1C , 5159 
0x6E6E , 0 
0x2020 , 0 
0x3E3E , 4174 
0x1C1C , 5295 
0x6E6E , 0 
0x2020 , 0 
0x3E3E , 4155 
0x1C1C , 5178 
0x6E6E , 7790 
0x2020 , 0 
0x3E3E , 4099 
0x1C1C , 0 
0x6E6E , 0 
0x2020 , 0 
0x3E3E , 4094 
0x1C1C , 0 
0x6E6E , 0 
0x2020 , 0 
0x3E3E , 4122 
0x1C1C , 0 
0x6E6E , 0 
0x2020 , 0 
0x3E3E , 0 
0x1C1C , 0 
0x6E6E , 7588 
0x2020 , 0 
0x3E3E , 4127 
0x1C1C , 5234 
0x6E6E , 0 
0x2020 , 0 
0x3E3E , 4118 
0x1C1C , 5243 
0x6E6E , 0 
0x2020 , 0 
0x3E3E , 4099 
0x1C1C , 0 
0x6E6E , 0 
0x2020 , 0 
0x3E3E , 4141 
0x1C1C , 5187 
0x6E6E , 0 
0x2020 , 0 
0x3E3E , 4132 
0x1C1C , 0 
0x6E6E , 0 
0x2020 , 0 
0x3E3E , 0 
0x1C1C , 0 
0x6E6E , 0 
0x2020 , 3302 
0x3E3E , 4122 
0x1C1C , 0 
0x6E6E , 0 
0x2020 , 0 
0x3E3E , 0 
0x1C1C , 0 
0x6E6E , 0 
0x2020 , 0 
0x3E3E , 4132 
0x1C1C , 0 
0x6E6E , 0 
0x2020 , 0 
0x3E3E , 0 
0x1C1C , 0 
0x6E6E , 0 
0x2020 , 0 
0x3E3E , 4080 
0x1C1C , 5206 
0x6E6E , 0 
0x2020 , 3264 
0x3E3E , 4108 
0x1C1C , 0 
0x6E6E , 7682 
0x2020 , 3278 
0x3E3E , 4146 
0x1C1C , 0 
0x6E6E , 7645 
0x2020 , 0 
0x3E3E , 4127 
0x1C1C , 0 
0x6E6E , 7795 
0x2020 , 0 
0x3E3E , 4127 
0x1C1C , 0 
0x6E6E , 7767 
0x2020 , 0 
0x3E3E , 4104 
0x1C1C , 0 
0x6E6E , 7715 
0x2020 , 0 
0x3E3E , 4155 
0x1C1C , 0 
0x6E6E , 7720 
0x2020 , 3269 
0x3E3E , 4118 
0x1C1C , 5267 
0x6E6E , 0 
0x2020 , 0 
0x3E3E , 4127 
0x1C1C , 5201 
0x6E6E , 0 
0x2020 , 0 
0x3E3E , 4094 
0x1C1C , 5154 
0x6E6E , 0 
0x2020 , 0 
0x3E3E , 4113 
0x1C1C , 5210 
0x6E6E , 0 
0x2020 , 3278 
0x3E3E , 4113 
0x1C1C , 5318 
0x6E6E , 0 
0x2020 , 3259 
0x3E3E , 4108 
0x1C1C , 0 
0x6E6E , 0 
0x2020 , 3287 
0x3E3E , 4183 
0x1C1C , 0 
0x6E6E , 7546 
0x2020 , 3278 
0x3E3E , 4169 
0x1C1C , 0 
0x6E6E , 0 
0x2020 , 0 
0x3E3E , 0 
0x1C1C , 0 
0x6E6E , 7696 
0x2020 , 0 
0x3E3E , 0 
0x1C1C , 0 
0x6E6E , 0 
0x2020 , 3302 
0x3E3E , 4174 
0x1C1C , 5178 
0x6E6E , 7682 
0x2020 , 3273 
0x3E3E , 4122 
0x1C1C , 5220 
0x6E6E , 0 
0x2020 , 3264 
0x3E3E , 0 
0x1C1C , 0 
0x6E6E , 0 
0x2020 , 0 
0x3E3E , 0 
0x1C1C , 0 
0x6E6E , 7706 
0x2020 , 3278 
0x3E3E , 4146 
0x1C1C , 5178 
0x6E6E , 0 
0x2020 , 3306 
0x3E3E , 4136 
0x1C1C , 5225 
0x6E6E , 0 
0x2020 , 3311 
0x3E3E , 4066 
0x1C1C , 5182 
0x6E6E , 0 
0x2020 , 3278 
0x3E3E , 4188 
0x1C1C , 5164 
0x6E6E , 0 
0x2020 , 3269 
0x3E3E , 4136 
0x1C1C , 5196 
0x6E6E , 0 
0x2020 , 3306 
0x3E3E , 4118 
0x1C1C , 5210 
0x6E6E , 0 
0x2020 , 3283 
0x3E3E , 4141 
0x1C1C , 5210 
0x6E6E , 0 
0x2020 , 3278 
0x3E3E , 4127 
0x1C1C , 5234 
0x6E6E , 0 
0x2020 , 3278 
0x3E3E , 4122 
0x1C1C , 5173 
0x6E6E , 0 
0x2020 , 3278 
0x3E3E , 4136 
0x1C1C , 0 
0x6E6E , 0 
0x2020 , 0 
0x3E3E , 0 
0x1C1C , 0 
0x6E6E , 0 
0x2020 , 3311 
0x3E3E , 4155 
0x1C1C , 5196 
0x6E6E , 0 
0x2020 , 3278 
0x3E3E , 4150 
0x1C1C , 0 
0x6E6E , 0 
0x2020 , 0 
0x3E3E , 0 
0x1C1C , 0 
0x6E6E , 0 
0x2020 , 3287 
0x3E3E , 4108 
0x1C1C , 5234 
0x6E6E , 7715 
0x2020 , 3287 
0x3E3E , 4150 
0x1C1C , 5173 
0x6E6E , 0 
0x2020 , 3283 
0x3E3E , 4127 
0x1C1C , 5215 
0x6E6E , 7654 
0x2020 , 3292 
0x3E3E , 4136 
0x1C1C , 0 
0x6E6E , 0 
0x2020 , 0 
0x3E3E , 0 
0x1C1C , 0 
0x6E6E , 7570 
0x2020 , 3306 
0x3E3E , 4113 
0x1C1C , 5225 
0x6E6E , 0 
0x2020 , 0 
0x3E3E , 0 
0x1C1C , 0 
0x6E6E , 7584 
0x2020 , 3292 
0x3E3E , 4146 
0x1C1C , 0 
0x6E6E , 7626 
0x2020 , 3255 
0x3E3E , 4155 
0x1C1C , 0 
0x6E6E , 7640 
0x2020 , 3278 
0x3E3E , 4085 
0x1C1C , 0 
0x6E6E , 0 
0x2020 , 3278 
0x3E3E , 4160 
0x1C1C , 0 
0x6E6E , 0 
0x2020 , 3278 
0x3E3E , 4165 
0x1C1C , 0 
0x6E6E , 7673 
0x2020 , 3278 
0x3E3E , 4104 
0x1C1C , 0 
0x6E6E , 7678 
0x2020 , 3278 
0x3E3E , 4118 
0x1C1C , 5192 
0x6E6E , 0 
0x2020 , 0 
0x3E3E , 0 
0x1C1C , 0 
0x6E6E , 0 
0x2020 , 0 
0x3E3E , 0 
0x1C1C , 0 
0x6E6E , 0 
0x2020 , 3278 
0x3E3E , 4113 
0x1C1C , 0 
0x6E6E , 0 
0x2020 , 0 
0x3E3E , 0 
0x1C1C , 0 
0x6E6E , 0 
0x2020 , 0 
0x3E3E , 0 
0x1C1C , 0 
0x6E6E , 0 
0x2020 , 0 
0x3E3E , 4099 
0x1C1C , 5164 
0x6E6E , 0 
0x2020 , 0 
0x3E3E , 4113 
0x1C1C , 0 
0x6E6E , 0 
0x2020 , 3278 
0x3E3E , 4075 
0x1C1C , 0 
0x6E6E , 0 
0x2020 , 3292 
0x3E3E , 4113 
0x1C1C , 0 
0x6E6E , 7729 
0x2020 , 3278 
0x3E3E , 4160 
0x1C1C , 0 
0x6E6E , 0 
0x2020 , 3283 
0x3E3E , 0 
0x1C1C , 0 
0x6E6E , 0 
0x2020 , 3287 
0x3E3E , 4150 
0x1C1C , 0 
0x6E6E , 0 
0x2020 , 3269 
0x3E3E , 4150 
0x1C1C , 5135 
0x6E6E , 7668 
0x2020 , 3269 
0x3E3E , 4099 
0x1C1C , 0 
0x6E6E , 7715 
0x2020 , 3287 
0x3E3E , 4141 
0x1C1C , 0 
0x6E6E , 0 
0x2020 , 3273 
0x3E3E , 0 
0x1C1C , 0 
0x6E6E , 0 
0x2020 , 3302 
0x3E3E , 4094 
0x1C1C , 0 
0x6E6E , 0 
0x2020 , 3273 
0x3E3E , 4118 
0x1C1C , 0 
0x6E6E , 0 
0x2020 , 3297 
0x3E3E , 4113 
0x1C1C , 0 
0x6E6E , 0 
0x2020 , 3273 
0x3E3E , 4141 
0x1C1C , 0 
0x6E6E , 0 
0x2020 , 3283 
0x3E3E , 4193 
0x1C1C , 0 
0x6E6E , 0 
0x2020 , 3311 
0x3E3E , 4122 
0x1C1C , 0 
0x6E6E , 0 
0x2020 , 3269 
0x3E3E , 4136 
0x1C1C , 0 
0x6E6E , 0 
0x2020 , 3292 
0x3E3E , 4127 
0x1C1C , 0 
0x6E6E , 0 
0x2020 , 3283 
0x3E3E , 4127 
0x1C1C , 0 
0x6E6E , 0 
0x2020 , 3236 
0x3E3E , 4155 
0x1C1C , 0 
0x6E6E , 0 
0x2020 , 3278 
0x3E3E , 4122 
0x1C1C , 5220 
0x6E6E , 0 
0x2020 , 3302 
0x3E3E , 4141 
0x1C1C , 0 
0x6E6E , 0 
0x2020 , 3259 
0x3E3E , 0 
0x1C1C , 0 
0x6E6E , 0 
0x2020 , 3264 
0x3E3E , 0 
0x1C1C , 0 
0x6E6E , 0 
0x2020 , 3273 
0x3E3E , 4122 
0x1C1C , 0 
0x6E6E , 0 
0x2020 , 3269 
0x3E3E , 4085 
0x1C1C , 0 
0x6E6E , 0 
0x2020 , 0 
0x3E3E , 4061 
0x1C1C , 5201 
0x6E6E , 0 
0x2020 , 0 
0x3E3E , 0 
0x1C1C , 0 
0x6E6E , 0 
0x2020 , 0 
0x3E3E , 4089 
0x1C1C , 5178 
0x6E6E , 0 
0x2020 , 0 
0x3E3E , 0 
0x1C1C , 0 
0x6E6E , 0 
0x2020 , 3259 
0x3E3E , 4136 
0x1C1C , 5135 
0x6E6E , 0 
0x2020 , 3297 
0x3E3E , 4099 
0x1C1C , 5135 
0x6E6E , 7654 
0x2020 , 3278 
0x3E3E , 4118 
0x1C1C , 5154 
0x6E6E , 7678 
0x2020 , 3287 
0x3E3E , 0 
0x1C1C , 5178 
0x6E6E , 0 
0x2020 , 0 
0x3E3E , 0 
0x1C1C , 0 
0x6E6E , 7696 
0x2020 , 3273 
0x3E3E , 4113 
0x1C1C , 5229 
0x6E6E , 7673 
0x2020 , 3269 
0x3E3E , 4127 
0x1C1C , 5220 
0x6E6E , 0 
0x2020 , 3302 
0x3E3E , 4104 
0x1C1C , 5192 
0x6E6E , 0 
0x2020 , 3292 
0x3E3E , 4099 
0x1C1C , 0 
0x6E6E , 0 
0x2020 , 3273 
0x3E3E , 4104 
0x1C1C , 5229 
0x6E6E , 0 
0x2020 , 0 
0x3E3E , 0 
0x1C1C , 0 
0x6E6E , 7509 
0x2020 , 3245 
0x3E3E , 4118 
0x1C1C , 5248 
0x6E6E , 7631 
0x2020 , 3287 
0x3E3E , 4118 
0x1C1C , 5178 
0x6E6E , 0 
0x2020 , 0 
0x3E3E , 0 
0x1C1C , 0 
0x6E6E , 0 
0x2020 , 3278 
0x3E3E , 0 
0x1C1C , 0 
0x6E6E , 0 
0x2020 , 3259 
0x3E3E , 0 
0x1C1C , 0 
0x6E6E , 0 
0x2020 , 3269 
0x3E3E , 4113 
0x1C1C , 0 
0x6E6E , 0 
0x2020 , 3269 
0x3E3E , 4113 
0x1C1C , 5210 
0x6E6E , 0 
0x2020 , 3273 
0x3E3E , 4132 
0x1C1C , 5187 
0x6E6E , 0 
0x2020 , 3259 
0x3E3E , 4094 
0x1C1C , 5168 
0x6E6E , 7654 
0x2020 , 0 
0x3E3E , 4043 
0x1C1C , 0 
0x6E6E , 0 
0x2020 , 3283 
0x3E3E , 4122 
0x1C1C , 5225 
0x6E6E , 0 
0x2020 , 3236 
0x3E3E , 4136 
0x1C1C , 5196 
0x6E6E , 7706 
0x2020 , 0 
0x3E3E , 4113 
0x1C1C , 5164 
0x6E6E , 7743 
0x2020 , 3292 
0x3E3E , 4089 
0x1C1C , 5168 
0x6E6E , 0 
0x2020 , 3264 
0x3E3E , 4122 
0x1C1C , 5206 
0x6E6E , 0 
0x2020 , 3255 
0x3E3E , 4122 
0x1C1C , 5271 
0x6E6E , 0 
0x2020 , 0 
0x3E3E , 4108 
0x1C1C , 5112 
0x6E6E , 0 
0x2020 , 3269 
0x3E3E , 4085 
0x1C1C , 5192 
0x6E6E , 7729 
0x2020 , 0 
0x3E3E , 4141 
0x1C1C , 5084 
0x6E6E , 0 
0x2020 , 3278 
0x3E3E , 0 
0x1C1C , 0 
0x6E6E , 0 
0x2020 , 3269 
0x3E3E , 0 
0x1C1C , 0 
0x6E6E , 7649 
0x2020 , 3255 
0x3E3E , 4080 
0x1C1C , 0 
0x6E6E , 0 
0x2020 , 3278 
0x3E3E , 4118 
0x1C1C , 0 
0x6E6E , 0 
0x2020 , 0 
0x3E3E , 4071 
0x1C1C , 0 
0x6E6E , 7654 
0x2020 , 0 
0x3E3E , 4047 
0x1C1C , 5131 
0x6E6E , 0 
0x2020 , 0 
0x3E3E , 4061 
0x1C1C , 0 
0x6E6E , 0 
0x2020 , 0 
0x3E3E , 0 
0x1C1C , 0 
0x6E6E , 7626 
0x2020 , 0 
0x3E3E , 4080 
0x1C1C , 0 
0x6E6E , 0 
0x2020 , 0 
0x3E3E , 4075 
0x1C1C , 5182 
0x6E6E , 0 
0x2020 , 0 
0x3E3E , 4071 
0x1C1C , 5182 
0x6E6E , 7809 
0x2020 , 0 
0x3E3E , 4089 
0x1C1C , 5187 
0x6E6E , 7682 
ÿPlease set all used Node IDs
How many Nodes do you want to connect?
Write down the 16 bit IDs of 4 Nodes in HEX
Nodes IDs are set.
num_of_tries to send the NodeID: 2
num_of_tries to send the NodeID: 3
num_of_tries to send the NodeID: 4
ACK of Tag receivement from nodeID is missing! 
0x2020 , 0 
0x3E3E , 0 
0x1C1C , 0 
0x5A5A , 0 
0x2020 , 0 
0x3E3E , 4127 
0x1C1C , 5234 
0x5A5A , 0 
0x2020 , 0 
0x3E3E , 4089 
0x1C1C , 5220 
0x5A5A , 0 
0x2020 , 0 
0x3E3E , 4160 
0x1C1C , 5145 
0x5A5A , 0 
0x2020 , 0 
0x3E3E , 4132 
0x1C1C , 5164 
0x5A5A , 0 
0x2020 , 0 
0x3E3E , 0 
0x1C1C , 0 
0x5A5A , 0 
0x2020 , 0 
0x3E3E , 0 
0x1C1C , 0 
0x5A5A , 0 
0x2020 , 0 
0x3E3E , 4132 
0x1C1C , 5243 
0x5A5A , 0 
0x2020 , 0 
0x3E3E , 4104 
0x1C1C , 5168 
0x5A5A , 0 
0x2020 , 0 
0x3E3E , 0 
0x1C1C , 0 
0x5A5A , 0 
0x2020 , 0 
0x3E3E , 4141 
0x1C1C , 5192 
0x5A5A , 0 
0x2020 , 0 
0x3E3E , 4113 
0x1C1C , 5168 
0x5A5A , 0 
0x2020 , 0 
0x3E3E , 0 
0x1C1C , 0 
0x5A5A , 6271 
0x2020 , 3297 
0x3E3E , 4132 
0x1C1C , 5154 
0x5A5A , 0 
0x2020 , 0 
0x3E3E , 4136 
0x1C1C , 5262 
0x5A5A , 0 
0x2020 , 0 
0x3E3E , 4179 
0x1C1C , 5229 
0x5A5A , 0 
0x2020 , 0 
0x3E3E , 4122 
0x1C1C , 5173 
0x5A5A , 0 
0x2020 , 3264 
0x3E3E , 4174 
0x1C1C , 0 
0x5A5A , 0 
0x2020 , 0 
0x3E3E , 0 
0x1C1C , 0 
0x5A5A , 0 
0x2020 , 3259 
0x3E3E , 4165 
0x1C1C , 0 
0x5A5A , 6285 
0x2020 , 3269 
0x3E3E , 4118 
0x1C1C , 0 
0x5A5A , 0 
0x2020 , 0 
0x3E3E , 0 
0x1C1C , 5173 
0x5A5A , 0 
0x2020 , 3302 
0x3E3E , 4165 
0x1C1C , 5196 
0x5A5A , 0 
0x2020 , 3306 
0x3E3E , 4174 
0x1C1C , 5201 
0x5A5A , 0 
0x2020 , 3269 
0x3E3E , 4146 
0x1C1C , 0 
0x5A5A , 0 
0x2020 , 0 
0x3E3E , 0 
0x1C1C , 0 
0x5A5A , 0 
0x2020 , 3278 
0x3E3E , 4094 
0x1C1C , 5159 
0x5A5A , 0 
0x2020 , 3311 
0x3E3E , 4207 
0x1C1C , 5154 
0x5A5A , 0 
0x2020 , 3255 
0x3E3E , 4169 
0x1C1C , 5196 
0x5A5A , 0 
0x2020 , 3297 
0x3E3E , 4136 
0x1C1C , 5220 
0x5A5A , 0 
0x2020 , 3264 
0x3E3E , 4174 
0x1C1C , 5164 
0x5A5A , 0 
0x2020 , 3311 
0x3E3E , 4169 
0x1C1C , 5164 
0x5A5A , 0 
0x2020 , 3287 
0x3E3E , 4122 
0x1C1C , 5173 
0x5A5A , 0 
0x2020 , 3269 
0x3E3E , 4118 
0x1C1C , 5182 
0x5A5A , 0 
0x2020 , 3264 
0x3E3E , 4089 
0x1C1C , 5220 
0x5A5A , 0 
0x2020 , 3259 
0x3E3E , 0 
0x1C1C , 0 
0x5A5A , 0 
0x2020 , 3273 
0x3E3E , 0 
0x1C1C , 0 
0x5A5A , 0 
0x2020 , 3255 
0x3E3E , 4146 
0x1C1C , 0 
0x5A5A , 0 
0x2020 , 3306 
0x3E3E , 4104 
0x1C1C , 5210 
0x5A5A , 0 
0x2020 , 3241 
0x3E3E , 4122 
0x1C1C , 5201 
0x5A5A , 0 
0x2020 , 3306 
0x3E3E , 0 
0x1C1C , 0 
0x5A5A , 0 
0x2020 , 0 
0x3E3E , 0 
0x1C1C , 0 
0x5A5A , 0 
0x2020 , 3283 
0x3E3E , 4104 
0x1C1C , 5210 
0x5A5A , 0 
0x2020 , 3287 
0x3E3E , 4104 
0x1C1C , 5135 
0x5A5A , 0 
0x2020 , 3287 
0x3E3E , 4113 
0x1C1C , 5140 
0x5A5A , 0 
0x2020 , 3302 
0x3E3E , 4061 
0x1C1C , 5192 
0x5A5A , 0 
0x2020 , 3292 
0x3E3E , 4132 
0x1C1C , 5131 
0x5A5A , 0 
0x2020 , 0 
0x3E3E , 0 
0x1C1C , 0 
0x5A5A , 0 
0x2020 , 3287 
0x3E3E , 4132 
0x1C1C , 5187 
0x5A5A , 0 
0x2020 , 3278 
0x3E3E , 4132 
0x1C1C , 5220 
0x5A5A , 0 
0x2020 , 3283 
0x3E3E , 4089 
0x1C1C , 5192 
0x5A5A , 0 
0x2020 , 3269 
0x3E3E , 4118 
0x1C1C , 5196 
0x5A5A , 0 
0x2020 , 3255 
0x3E3E , 4089 
0x1C1C , 5187 
0x5A5A , 0 
0x2020 , 3287 
0x3E3E , 0 
0x1C1C , 0 
0x5A5A , 0 
0x2020 , 3250 
0x3E3E , 4066 
0x1C1C , 0 
0x5A5A , 0 
0x2020 , 3278 
0x3E3E , 4127 
0x1C1C , 5206 
0x5A5A , 0 
0x2020 , 3292 
0x3E3E , 4089 
0x1C1C , 5192 
0x5A5A , 0 
0x2020 , 3273 
0x3E3E , 4132 
0x1C1C , 5192 
0x5A5A , 0 
0x2020 , 3259 
0x3E3E , 4132 
0x1C1C , 0 
0x5A5A , 0 
0x2020 , 3264 
0x3E3E , 4108 
0x1C1C , 5182 
0x5A5A , 0 
0x2020 , 3269 
0x3E3E , 4118 
0x1C1C , 5215 
0x5A5A , 0 
0x2020 , 3269 
0x3E3E , 4136 
0x1C1C , 5234 
0x5A5A , 0 
0x2020 , 3287 
0x3E3E , 4141 
0x1C1C , 5201 
0x5A5A , 0 
0x2020 , 3278 
0x3E3E , 0 
0x1C1C , 0 
0x5A5A , 0 
0x2020 , 3273 
0x3E3E , 0 
0x1C1C , 0 
0x5A5A , 0 
0x2020 , 3273 
0x3E3E , 4108 
0x1C1C , 0 
0x5A5A , 0 
0x2020 , 3250 
0x3E3E , 4108 
0x1C1C , 5164 
0x5A5A , 0 
0x2020 , 3297 
0x3E3E , 4033 
0x1C1C , 5248 
0x5A5A , 0 
0x2020 , 3250 
0x3E3E , 0 
0x1C1C , 0 
0x5A5A , 0 
0x2020 , 3287 
0x3E3E , 0 
0x1C1C , 0 
0x5A5A , 0 
0x2020 , 3273 
0x3E3E , 4108 
0x1C1C , 0 
0x5A5A , 0 
0x2020 , 3250 
0x3E3E , 4094 
0x1C1C , 5262 
0x5A5A , 0 
0x2020 , 3297 
0x3E3E , 4094 
0x1C1C , 0 
0x5A5A , 0 
0x2020 , 0 
0x3E3E , 0 
0x1C1C , 0 
0x5A5A , 0 
0x2020 , 3297 
0x3E3E , 4089 
0x1C1C , 5093 
0x5A5A , 0 
0x2020 , 3245 
0x3E3E , 4132 
0x1C1C , 5262 
0x5A5A , 0 
0x2020 , 3278 
0x3E3E , 4113 
0x1C1C , 5248 
0x5A5A , 0 
0x2020 , 3273 
0x3E3E , 4104 
0x1C1C , 5201 
0x5A5A , 0 
0x2020 , 3259 
0x3E3E , 4066 
0x1C1C , 5229 
0x5A5A , 0 
0x2020 , 3264 
0x3E3E , 4089 
0x1C1C , 5192 
0x5A5A , 0 
0x2020 , 3287 
0x3E3E , 4089 
0x1C1C , 5206 
0x5A5A , 0 
0x2020 , 3273 
0x3E3E , 4085 
0x1C1C , 5215 
0x5A5A , 0 
0x2020 , 3278 
0x3E3E , 0 
0x1C1C , 0 
0x5A5A , 0 
0x2020 , 3273 
0x3E3E , 0 
0x1C1C , 0 
0x5A5A , 0 
0x2020 , 3297 
0x3E3E , 4094 
0x1C1C , 0 
0x5A5A , 0 
0x2020 , 3287 
0x3E3E , 4094 
0x1C1C , 0 
0x5A5A , 0 
0x2020 , 3269 
0x3E3E , 4052 
0x1C1C , 5182 
0x5A5A , 0 
0x2020 , 3283 
0x3E3E , 4089 
0x1C1C , 5150 
0x5A5A , 0 
0x2020 , 3278 
0x3E3E , 4085 
0x1C1C , 5192 
0x5A5A , 0 
0x2020 , 3264 
0x3E3E , 0 
0x1C1C , 0 
0x5A5A , 6167 
0x2020 , 3259 
0x3E3E , 4057 
0x1C1C , 0 
0x5A5A , 0 
0x2020 , 3255 
0x3E3E , 4094 
0x1C1C , 5229 
0x5A5A , 0 
0x2020 , 3269 
0x3E3E , 4094 
0x1C1C , 5168 
0x5A5A , 0 
0x2020 , 3269 
0x3E3E , 4132 
0x1C1C , 5210 
0x5A5A , 0 
0x2020 , 3259 
0x3E3E , 4052 
0x1C1C , 5257 
0x5A5A , 0 
0x2020 , 3278 
0x3E3E , 0 
0x1C1C , 0 
0x5A5A , 0 
0x2020 , 0 
0x3E3E , 4071 
0x1C1C , 0 
0x5A5A , 0 
0x2020 , 3259 
0x3E3E , 4141 
0x1C1C , 0 
0x5A5A , 0 
0x2020 , 3255 
0x3E3E , 4104 
0x1C1C , 5262 
0x5A5A , 0 
0x2020 , 0 
0x3E3E , 0 
0x1C1C , 0 
0x5A5A , 0 
0x2020 , 3255 
0x3E3E , 4113 
0x1C1C , 5243 
0x5A5A , 0 
0x2020 , 3264 
0x3E3E , 4108 
0x1C1C , 5131 
0x5A5A , 0 
0x2020 , 3264 
0x3E3E , 4146 
0x1C1C , 5196 
0x5A5A , 0 
0x2020 , 3264 
0x3E3E , 4089 
0x1C1C , 5215 
0x5A5A , 0 
0x2020 , 3259 
0x3E3E , 0 
0x1C1C , 5178 
0x5A5A , 0 
0x2020 , 3273 
0x3E3E , 4061 
0x1C1C , 5150 
0x5A5A , 0 
0x2020 , 3264 
0x3E3E , 4099 
0x1C1C , 5201 
0x5A5A , 0 
0x2020 , 3241 
0x3E3E , 4057 
0x1C1C , 5173 
0x5A5A , 0 
0x2020 , 3297 
0x3E3E , 4080 
0x1C1C , 5243 
0x5A5A , 0 
0x2020 , 3273 
0x3E3E , 4118 
0x1C1C , 5243 
0x5A5A , 0 
0x2020 , 3278 
0x3E3E , 4075 
0x1C1C , 5281 
0x5A5A , 0 
0x2020 , 3273 
0x3E3E , 4104 
0x1C1C , 0 
0x5A5A , 0 
0x2020 , 3255 
0x3E3E , 4089 
0x1C1C , 5248 
0x5A5A , 0 
0x2020 , 3297 
0x3E3E , 4094 
0x1C1C , 5248 
0x5A5A , 0 
0x2020 , 3255 
0x3E3E , 4099 
0x1C1C , 5159 
0x5A5A , 0 
0x2020 , 3273 
0x3E3E , 0 
0x1C1C , 0 
0x5A5A , 0 
0x2020 , 3255 
0x3E3E , 4024 
0x1C1C , 0 
0x5A5A , 0 
0x2020 , 3259 
0x3E3E , 4089 
0x1C1C , 5178 
0x5A5A , 0 
0x2020 , 3264 
0x3E3E , 4047 
0x1C1C , 5117 
0x5A5A , 0 
0x2020 , 3264 
0x3E3E , 4047 
0x1C1C , 5206 
0x5A5A , 0 
0x2020 , 3297 
0x3E3E , 4071 
0x1C1C , 0 
0x5A5A , 0 
0x2020 , 3297 
0x3E3E , 0 
0x1C1C , 5135 
0x5A5A , 0 
0x2020 , 3245 
0x3E3E , 4066 
0x1C1C , 5201 
0x5A5A , 0 
0x2020 , 3250 
0x3E3E , 4113 
0x1C1C , 5187 
0x5A5A , 0 
0x2020 , 3269 
0x3E3E , 4066 
0x1C1C , 5126 
0x5A5A , 0 
0x2020 , 3273 
0x3E3E , 4033 
0x1C1C , 5150 
0x5A5A , 0 
0x2020 , 3273 
0x3E3E , 4089 
0x1C1C , 0 
0x5A5A , 0 
0x2020 , 0 
0x3E3E , 0 
0x1C1C , 5159 
0x5A5A , 0 
0x2020 , 3283 
0x3E3E , 4071 
0x1C1C , 0 
0x5A5A , 0 
0x2020 , 3278 
0x3E3E , 4094 
0x1C1C , 5173 
0x5A5A , 0 
0x2020 , 3311 
0x3E3E , 4094 
0x1C1C , 5135 
0x5A5A , 0 
0x2020 , 3269 
0x3E3E , 4071 
0x1C1C , 0 
0x5A5A , 0 
0x2020 , 3287 
0x3E3E , 4071 
0x1C1C , 0 
0x5A5A , 0 
0x2020 , 3264 
0x3E3E , 4104 
0x1C1C , 5286 
0x5A5A , 0 
0x2020 , 3255 
0x3E3E , 4052 
0x1C1C , 5248 
0x5A5A , 0 
0x2020 , 3264 
0x3E3E , 0 
0x1C1C , 0 
0x5A5A , 0 
0x2020 , 3259 
0x3E3E , 4104 
0x1C1C , 0 
0x5A5A , 0 
0x2020 , 3264 
0x3E3E , 4080 
0x1C1C , 0 
0x5A5A , 0 
0x2020 , 3278 
0x3E3E , 4038 
0x1C1C , 0 
0x5A5A , 6374 
0x2020 , 3269 
0x3E3E , 4089 
0x1C1C , 5145 
0x5A5A , 6369 
0x2020 , 3236 
0x3E3E , 0 
0x1C1C , 0 
0x5A5A , 0 
0x2020 , 3241 
0x3E3E , 4075 
0x1C1C , 5196 
0x5A5A , 0 
0x2020 , 3273 
0x3E3E , 0 
0x1C1C , 0 
0x5A5A , 0 
0x2020 , 0 
0x3E3E , 0 
0x1C1C , 0 
0x5A5A , 0 
0x2020 , 3278 
0x3E3E , 0 
0x1C1C , 5201 
0x5A5A , 0 
0x2020 , 0 
0x3E3E , 0 
0x1C1C , 0 
0x5A5A , 0 
0x2020 , 0 
0x3E3E , 4104 
0x1C1C , 0 
0x5A5A , 0 
0x2020 , 0 
0x3E3E , 0 
0x1C1C , 0 
0x5A5A , 0 
0x2020 , 0 
0x3E3E , 4136 
0x1C1C , 0 
0x5A5A , 0 
0x2020 , 0 
0x3E3E , 4104 
0x1C1C , 5210 
0x5A5A , 0 
0x2020 , 0 
0x3E3E , 0 
0x1C1C , 5103 
0x5A5A , 0 
0x2020 , 0 
0x3E3E , 4089 
0x1C1C , 0 
0x5A5A , 0 
0x2020 , 0 
0x3E3E , 0 
0x1C1C , 5150 
0x5A5A , 0 
0x2020 , 0 
0x3E3E , 4038 
0x1C1C , 5225 
0x5A5A , 0 
0x2020 , 0 
0x3E3E , 4061 
0x1C1C , 5220 
0x5A5A , 0 
0x2020 , 0 
0x3E3E , 4211 
0x1C1C , 0 
0x5A5A , 6496 
0x2020 , 0 
0x3E3E , 4141 
0x1C1C , 0 
0x5A5A , 6514 
0x2020 , 0 
0x3E3E , 0 
0x1C1C , 0 
0x5A5A , 6510 
0x2020 , 0 
0x3E3E , 4188 
0x1C1C , 0 
0x5A5A , 6500 
0x2020 , 0 
0x3E3E , 0 
0x1C1C , 0 
0x5A5A , 6491 
0x2020 , 0 
0x3E3E , 0 
0x1C1C , 0 
0x5A5A , 0 
0x2020 , 0 
0x3E3E , 0 
0x1C1C , 0 
0x5A5A , 6524 
0x2020 , 3264 
0x3E3E , 4277 
0x1C1C , 0 
0x5A5A , 0 
0x2020 , 0 
0x3E3E , 0 
0x1C1C , 0 
0x5A5A , 6388 
0x2020 , 0 
0x3E3E , 0 
0x1C1C , 0 
0x5A5A , 0 
0x2020 , 0 
0x3E3E , 4118 
0x1C1C , 0 
0x5A5A , 6486 
0x2020 , 0 
0x3E3E , 4146 
0x1C1C , 0 
0x5A5A , 6468 
0x2020 , 0 
0x3E3E , 4132 
0x1C1C , 0 
0x5A5A , 6491 
0x2020 , 0 
0x3E3E , 4169 
0x1C1C , 0 
0x5A5A , 6575 
0x2020 , 0 
0x3E3E , 4146 
0x1C1C , 0 
0x5A5A , 6552 
0x2020 , 0 
0x3E3E , 4150 
0x1C1C , 0 
0x5A5A , 6533 
0x2020 , 0 
0x3E3E , 0 
0x1C1C , 0 
0x5A5A , 0 
0x2020 , 0 
0x3E3E , 0 
0x1C1C , 0 
0x5A5A , 0 
0x2020 , 3269 
0x3E3E , 4122 
0x1C1C , 0 
0x5A5A , 6449 
0x2020 , 3292 
0x3E3E , 4179 
0x1C1C , 0 
0x5A5A , 0 
0x2020 , 0 
0x3E3E , 0 
0x1C1C , 0 
0x5A5A , 6566 
0x2020 , 3297 
0x3E3E , 4122 
0x1C1C , 0 
0x5A5A , 6510 
0x2020 , 3292 
0x3E3E , 4136 
0x1C1C , 0 
0x5A5A , 0 
0x2020 , 0 
0x3E3E , 0 
0x1C1C , 0 
0x5A5A , 6463 
0x2020 , 3287 
0x3E3E , 4174 
0x1C1C , 0 
0x5A5A , 6472 
0x2020 , 3269 
0x3E3E , 4169 
0x1C1C , 0 
0x5A5A , 6510 
0x2020 , 3264 
0x3E3E , 4146 
0x1C1C , 0 
0x5A5A , 6416 
0x2020 , 3269 
0x3E3E , 4160 
0x1C1C , 0 
0x5A5A , 6557 
0x2020 , 3273 
0x3E3E , 4169 
0x1C1C , 0 
0x5A5A , 6491 
0x2020 , 3287 
0x3E3E , 4108 
0x1C1C , 0 
0x5A5A , 6444 
0x2020 , 3283 
0x3E3E , 4127 
0x1C1C , 0 
0x5A5A , 6496 
0x2020 , 3278 
0x3E3E , 4165 
0x1C1C , 0 
0x5A5A , 6524 
0x2020 , 3241 
0x3E3E , 4165 
0x1C1C , 0 
0x5A5A , 6482 
0x2020 , 3259 
0x3E3E , 4193 
0x1C1C , 0 
0x5A5A , 6561 
0x2020 , 0 
0x3E3E , 0 
0x1C1C , 5131 
0x5A5A , 0 
0x2020 , 3273 
0x3E3E , 4127 
0x1C1C , 5023 
0x5A5A , 0 
0x2020 , 3292 
0x3E3E , 4179 
0x1C1C , 5089 
0x5A5A , 6533 
0x2020 , 3302 
0x3E3E , 4122 
0x1C1C , 0 
0x5A5A , 6608 
0x2020 , 3287 
0x3E3E , 4174 
0x1C1C , 0 
0x5A5A , 6510 
0x2020 , 3283 
0x3E3E , 4089 
0x1C1C , 0 
0x5A5A , 6486 
0x2020 , 3283 
0x3E3E , 4150 
0x1C1C , 5187 
0x5A5A , 6528 
0x2020 , 3259 
0x3E3E , 4118 
0x1C1C , 5018 
0x5A5A , 6533 
0x2020 , 3292 
0x3E3E , 4132 
0x1C1C , 5337 
0x5A5A , 6575 
0x2020 , 3287 
0x3E3E , 4132 
0x1C1C , 0 
0x5A5A , 0 
0x2020 , 0 
0x3E3E , 0 
0x1C1C , 0 
0x5A5A , 0 
0x2020 , 0 
0x3E3E , 0 
0x1C1C , 0 
0x5A5A , 0 
0x2020 , 3269 
0x3E3E , 0 
0x1C1C , 0 
0x5A5A , 6510 
0x2020 , 3278 
0x3E3E , 4122 
0x1C1C , 0 
0x5A5A , 6435 
0x2020 , 3283 
0x3E3E , 4113 
0x1C1C , 5150 
0x5A5A , 6477 
0x2020 , 3273 
0x3E3E , 4141 
0x1C1C , 0 
0x5A5A , 6472 
0x2020 , 3287 
0x3E3E , 4132 
0x1C1C , 0 
0x5A5A , 6468 
0x2020 , 3278 
0x3E3E , 4071 
0x1C1C , 0 
0x5A5A , 6575 
0x2020 , 3297 
0x3E3E , 4132 
0x1C1C , 0 
0x5A5A , 0 
0x2020 , 3259 
0x3E3E , 4099 
0x1C1C , 0 
0x5A5A , 6477 
0x2020 , 3278 
0x3E3E , 4099 
0x1C1C , 0 
0x5A5A , 6496 
0x2020 , 3297 
0x3E3E , 4089 
0x1C1C , 0 
0x5A5A , 6524 
0x2020 , 3283 
0x3E3E , 4136 
0x1C1C , 0 
0x5A5A , 0 
0x2020 , 3278 
0x3E3E , 4136 
0x1C1C , 0 
0x5A5A , 0 
0x2020 , 0 
0x3E3E , 0 
0x1C1C , 0 
0x5A5A , 6566 
0x2020 , 3269 
0x3E3E , 4085 
0x1C1C , 0 
0x5A5A , 6496 
0x2020 , 3245 
0x3E3E , 4132 
0x1C1C , 0 
0x5A5A , 6538 
0x2020 , 3269 
0x3E3E , 4122 
0x1C1C , 0 
0x5A5A , 6491 
0x2020 , 3255 
0x3E3E , 4104 
0x1C1C , 0 
0x5A5A , 0 
0x2020 , 0 
0x3E3E , 0 
0x1C1C , 0 
0x5A5A , 6514 
0x2020 , 3283 
0x3E3E , 4094 
0x1C1C , 0 
0x5A5A , 6430 
0x2020 , 3278 
0x3E3E , 4085 
0x1C1C , 0 
0x5A5A , 6543 
0x2020 , 3259 
0x3E3E , 4108 
0x1C1C , 0 
0x5A5A , 6543 
0x2020 , 3269 
0x3E3E , 4118 
0x1C1C , 0 
0x5A5A , 6505 
0x2020 , 3264 
0x3E3E , 4108 
0x1C1C , 0 
0x5A5A , 6472 
0x2020 , 3297 
0x3E3E , 4094 
0x1C1C , 0 
0x5A5A , 0 
0x2020 , 0 
0x3E3E , 0 
0x1C1C , 0 
0x5A5A , 6491 
0x2020 , 3278 
0x3E3E , 4104 
0x1C1C , 0 
0x5A5A , 6439 
0x2020 , 3255 
0x3E3E , 4094 
0x1C1C , 6149 
0x5A5A , 6482 
0x2020 , 0 
0x3E3E , 0 
0x1C1C , 0 
0x5A5A , 0 
0x2020 , 3259 
0x3E3E , 4089 
0x1C1C , 0 
0x5A5A , 6533 
0x2020 , 3297 
0x3E3E , 4118 
0x1C1C , 0 
0x5A5A , 6561 
0x2020 , 3278 
0x3E3E , 4075 
0x1C1C , 0 
0x5A5A , 6514 
0x2020 , 3269 
0x3E3E , 4174 
0x1C1C , 0 
0x5A5A , 0 
0x2020 , 0 
0x3E3E , 0 
0x1C1C , 0 
0x5A5A , 0 
0x2020 , 0 
0x3E3E , 0 
0x1C1C , 0 
0x5A5A , 0 
0x2020 , 0 
0x3E3E , 4094 
0x1C1C , 0 
0x5A5A , 6538 
0x2020 , 0 
0x3E3E , 0 
0x1C1C , 0 
0x5A5A , 0 
0x2020 , 0 
0x3E3E , 4047 
0x1C1C , 0 
0x5A5A , 0 
0x2020 , 0 
0x3E3E , 4104 
0x1C1C , 0 
0x5A5A , 0 
0x2020 , 0 
0x3E3E , 4043 
0x1C1C , 0 
0x5A5A , 0 
ÿPlease set all used Node IDs
How many Nodes do you want to connect?
Write down the 16 bit IDs of 5 Nodes in HEX
Nodes IDs are set.
num_of_tries to send the NodeID: 2
num_of_tries to send the NodeID: 3
num_of_tries to send the NodeID: 4
ACK of Tag receivement from nodeID is missing! 
0x2020 , 0 
0x3E3E , 0 
0x1C1C , 0 
0x5A5A , 0 
0x6E6E , 0 
0x2020 , 0 
0x3E3E , 0 
0x1C1C , 0 
0x5A5A , 0 
0x6E6E , 0 
0x2020 , 0 
0x3E3E , 4150 
0x1C1C , 0 
0x5A5A , 6486 
0x6E6E , 7649 
0x2020 , 0 
0x3E3E , 0 
0x1C1C , 0 
0x5A5A , 0 
0x6E6E , 0 
0x2020 , 0 
0x3E3E , 4155 
0x1C1C , 0 
0x5A5A , 6519 
0x6E6E , 7696 
0x2020 , 0 
0x3E3E , 4113 
0x1C1C , 0 
0x5A5A , 6557 
0x6E6E , 7678 
0x2020 , 0 
0x3E3E , 0 
0x1C1C , 0 
0x5A5A , 0 
0x6E6E , 0 
0x2020 , 0 
0x3E3E , 4118 
0x1C1C , 0 
0x5A5A , 0 
0x6E6E , 0 
0x2020 , 0 
0x3E3E , 0 
0x1C1C , 0 
0x5A5A , 0 
0x6E6E , 7701 
0x2020 , 0 
0x3E3E , 4108 
0x1C1C , 0 
0x5A5A , 6435 
0x6E6E , 7664 
0x2020 , 0 
0x3E3E , 0 
0x1C1C , 0 
0x5A5A , 0 
0x6E6E , 0 
0x2020 , 0 
0x3E3E , 4122 
0x1C1C , 5070 
0x5A5A , 6500 
0x6E6E , 7659 
0x2020 , 0 
0x3E3E , 4075 
0x1C1C , 0 
0x5A5A , 6486 
0x6E6E , 0 
0x2020 , 0 
0x3E3E , 4104 
0x1C1C , 5135 
0x5A5A , 6547 
0x6E6E , 7767 
0x2020 , 0 
0x3E3E , 0 
0x1C1C , 0 
0x5A5A , 6514 
0x6E6E , 7607 
0x2020 , 0 
0x3E3E , 4089 
0x1C1C , 0 
0x5A5A , 6486 
0x6E6E , 7626 
0x2020 , 0 
0x3E3E , 4118 
0x1C1C , 0 
0x5A5A , 6543 
0x6E6E , 7734 
0x2020 , 0 
0x3E3E , 4099 
0x1C1C , 0 
0x5A5A , 6543 
0x6E6E , 0 
0x2020 , 0 
0x3E3E , 4132 
0x1C1C , 0 
0x5A5A , 0 
0x6E6E , 0 
0x2020 , 0 
0x3E3E , 0 
0x1C1C , 0 
0x5A5A , 6472 
0x6E6E , 0 
0x2020 , 0 
0x3E3E , 0 
0x1C1C , 0 
0x5A5A , 0 
0x6E6E , 0 
0x2020 , 0 
0x3E3E , 4057 
0x1C1C , 0 
0x5A5A , 0 
0x6E6E , 0 
0x2020 , 0 
0x3E3E , 0 
0x1C1C , 0 
0x5A5A , 0 
0x6E6E , 0 
0x2020 , 3250 
0x3E3E , 4118 
0x1C1C , 0 
0x5A5A , 6482 
0x6E6E , 0 
0x2020 , 3269 
0x3E3E , 4127 
0x1C1C , 0 
0x5A5A , 6519 
0x6E6E , 0 
0x2020 , 3259 
0x3E3E , 4122 
0x1C1C , 0 
0x5A5A , 6486 
0x6E6E , 0 
0x2020 , 3241 
0x3E3E , 4122 
0x1C1C , 0 
0x5A5A , 6482 
0x6E6E , 7640 
0x2020 , 3287 
0x3E3E , 4122 
0x1C1C , 0 
0x5A5A , 6425 
0x6E6E , 0 
0x2020 , 0 
0x3E3E , 0 
0x1C1C , 0 
0x5A5A , 0 
0x6E6E , 0 
0x2020 , 0 
0x3E3E , 0 
0x1C1C , 0 
0x5A5A , 0 
0x6E6E , 0 
0x2020 , 3259 
0x3E3E , 4066 
0x1C1C , 0 
0x5A5A , 0 
0x6E6E , 7621 
0x2020 , 3283 
0x3E3E , 4118 
0x1C1C , 0 
0x5A5A , 6566 
0x6E6E , 7776 
0x2020 , 3264 
0x3E3E , 4104 
0x1C1C , 0 
0x5A5A , 6514 
0x6E6E , 7757 
0x2020 , 3302 
0x3E3E , 4094 
0x1C1C , 0 
0x5A5A , 6514 
0x6E6E , 7757 
0x2020 , 3269 
0x3E3E , 4113 
0x1C1C , 0 
0x5A5A , 6496 
0x6E6E , 7785 
0x2020 , 3287 
0x3E3E , 4113 
0x1C1C , 0 
0x5A5A , 6439 
0x6E6E , 0 
0x2020 , 3259 
0x3E3E , 4136 
0x1C1C , 0 
0x5A5A , 6491 
0x6E6E , 0 
0x2020 , 0 
0x3E3E , 0 
0x1C1C , 0 
0x5A5A , 0 
0x6E6E , 7485 
0x2020 , 3259 
0x3E3E , 4061 
0x1C1C , 0 
0x5A5A , 0 
0x6E6E , 0 
0x2020 , 3264 
0x3E3E , 4127 
0x1C1C , 0 
0x5A5A , 6458 
0x6E6E , 0 
0x2020 , 3264 
0x3E3E , 4122 
0x1C1C , 0 
0x5A5A , 6575 
0x6E6E , 0 
0x2020 , 0 
0x3E3E , 0 
0x1C1C , 0 
0x5A5A , 0 
0x6E6E , 7462 
0x2020 , 3259 
0x3E3E , 4160 
0x1C1C , 0 
0x5A5A , 6514 
0x6E6E , 0 
0x2020 , 3236 
0x3E3E , 4136 
0x1C1C , 0 
0x5A5A , 6482 
0x6E6E , 7513 
0x2020 , 3081 
0x3E3E , 4033 
0x1C1C , 0 
0x5A5A , 0 
0x6E6E , 0 
0x2020 , 0 
0x3E3E , 0 
0x1C1C , 0 
0x5A5A , 6528 
0x6E6E , 0 
0x2020 , 3264 
0x3E3E , 4080 
0x1C1C , 0 
0x5A5A , 6496 
0x6E6E , 0 
0x2020 , 3278 
0x3E3E , 4099 
0x1C1C , 0 
0x5A5A , 6444 
0x6E6E , 0 
0x2020 , 3278 
0x3E3E , 0 
0x1C1C , 0 
0x5A5A , 0 
0x6E6E , 0 
0x2020 , 3283 
0x3E3E , 4085 
0x1C1C , 0 
0x5A5A , 0 
0x6E6E , 0 
0x2020 , 3278 
0x3E3E , 4099 
0x1C1C , 0 
0x5A5A , 0 
0x6E6E , 0 
0x2020 , 3250 
0x3E3E , 4122 
0x1C1C , 0 
0x5A5A , 0 
0x6E6E , 0 
0x2020 , 0 
0x3E3E , 0 
0x1C1C , 0 
0x5A5A , 6514 
0x6E6E , 0 
0x2020 , 3241 
0x3E3E , 4132 
0x1C1C , 5210 
0x5A5A , 6519 
0x6E6E , 0 
0x2020 , 3255 
0x3E3E , 4071 
0x1C1C , 0 
0x5A5A , 6524 
0x6E6E , 0 
0x2020 , 3250 
0x3E3E , 4113 
0x1C1C , 0 
0x5A5A , 6528 
0x6E6E , 0 
0x2020 , 3255 
0x3E3E , 4169 
0x1C1C , 4985 
0x5A5A , 6496 
0x6E6E , 0 
0x2020 , 3278 
0x3E3E , 4094 
0x1C1C , 5056 
0x5A5A , 0 
0x6E6E , 0 
0x2020 , 3255 
0x3E3E , 4094 
0x1C1C , 5046 
0x5A5A , 0 
0x6E6E , 0 
0x2020 , 3259 
0x3E3E , 4066 
0x1C1C , 5140 
0x5A5A , 6500 
0x6E6E , 0 
0x2020 , 3259 
0x3E3E , 4071 
0x1C1C , 5079 
0x5A5A , 0 
0x6E6E , 0 
0x2020 , 3264 
0x3E3E , 4104 
0x1C1C , 5084 
0x5A5A , 0 
0x6E6E , 0 
0x2020 , 3255 
0x3E3E , 4118 
0x1C1C , 5281 
0x5A5A , 6571 
0x6E6E , 7720 
0x2020 , 3283 
0x3E3E , 4113 
0x1C1C , 5178 
0x5A5A , 6477 
0x6E6E , 0 
0x2020 , 3264 
0x3E3E , 4136 
0x1C1C , 5051 
0x5A5A , 6514 
0x6E6E , 0 
0x2020 , 0 
0x3E3E , 0 
0x1C1C , 0 
0x5A5A , 0 
0x6E6E , 7546 
0x2020 , 3297 
0x3E3E , 4104 
0x1C1C , 5173 
0x5A5A , 0 
0x6E6E , 0 
0x2020 , 3259 
0x3E3E , 4075 
0x1C1C , 5079 
0x5A5A , 6482 
0x6E6E , 0 
0x2020 , 3273 
0x3E3E , 4094 
0x1C1C , 0 
0x5A5A , 0 
0x6E6E , 7682 
0x2020 , 3259 
0x3E3E , 4057 
0x1C1C , 0 
0x5A5A , 6407 
0x6E6E , 0 
0x2020 , 3241 
0x3E3E , 4094 
0x1C1C , 5454 
0x5A5A , 6519 
0x6E6E , 7692 
0x2020 , 3264 
0x3E3E , 4113 
0x1C1C , 5581 
0x5A5A , 6458 
0x6E6E , 0 
0x2020 , 3245 
0x3E3E , 0 
0x1C1C , 0 
0x5A5A , 0 
0x6E6E , 7673 
0x2020 , 3241 
0x3E3E , 4066 
0x1C1C , 5356 
0x5A5A , 0 
0x6E6E , 0 
0x2020 , 3273 
0x3E3E , 4080 
0x1C1C , 5276 
0x5A5A , 6528 
0x6E6E , 0 
0x2020 , 0 
0x3E3E , 0 
0x1C1C , 0 
0x5A5A , 0 
0x6E6E , 0 
0x2020 , 0 
0x3E3E , 4052 
0x1C1C , 0 
0x5A5A , 0 
0x6E6E , 0 
0x2020 , 3259 
0x3E3E , 4052 
0x1C1C , 5459 
0x5A5A , 6505 
0x6E6E , 0 
0x2020 , 3231 
0x3E3E , 4071 
0x1C1C , 5290 
0x5A5A , 6524 
0x6E6E , 0 
0x2020 , 3245 
0x3E3E , 4089 
0x1C1C , 5440 
0x5A5A , 0 
0x6E6E , 0 
0x2020 , 0 
0x3E3E , 0 
0x1C1C , 0 
0x5A5A , 0 
0x6E6E , 0 
0x2020 , 0 
0x3E3E , 0 
0x1C1C , 0 
0x5A5A , 0 
0x6E6E , 0 
0x2020 , 3231 
0x3E3E , 4075 
0x1C1C , 5079 
0x5A5A , 0 
0x6E6E , 7701 
0x2020 , 3231 
0x3E3E , 4089 
0x1C1C , 5295 
0x5A5A , 6571 
0x6E6E , 0 
0x2020 , 0 
0x3E3E , 0 
0x1C1C , 0 
0x5A5A , 0 
0x6E6E , 0 
0x2020 , 0 
0x3E3E , 0 
0x1C1C , 0 
0x5A5A , 0 
0x6E6E , 0 
0x2020 , 3250 
0x3E3E , 4066 
0x1C1C , 4929 
0x5A5A , 0 
0x6E6E , 0 
0x2020 , 3250 
0x3E3E , 4113 
0x1C1C , 0 
0x5A5A , 0 
0x6E6E , 0 
0x2020 , 0 
0x3E3E , 0 
0x1C1C , 0 
0x5A5A , 0 
0x6E6E , 0 
0x2020 , 3255 
0x3E3E , 4104 
0x1C1C , 0 
0x5A5A , 0 
0x6E6E , 0 
0x2020 , 3259 
0x3E3E , 4094 
0x1C1C , 0 
0x5A5A , 0 
0x6E6E , 0 
0x2020 , 3278 
0x3E3E , 4043 
0x1C1C , 5384 
0x5A5A , 6486 
0x6E6E , 0 
0x2020 , 0 
0x3E3E , 0 
0x1C1C , 0 
0x5A5A , 0 
0x6E6E , 0 
0x2020 , 3250 
0x3E3E , 4071 
0x1C1C , 5178 
0x5A5A , 0 
0x6E6E , 0 
0x2020 , 0 
0x3E3E , 0 
0x1C1C , 0 
0x5A5A , 0 
0x6E6E , 0 
0x2020 , 3236 
0x3E3E , 4127 
0x1C1C , 5478 
0x5A5A , 6482 
0x6E6E , 7729 
0x2020 , 3245 
0x3E3E , 4099 
0x1C1C , 5060 
0x5A5A , 6468 
0x6E6E , 0 
0x2020 , 3255 
0x3E3E , 4024 
0x1C1C , 5065 
0x5A5A , 6557 
0x6E6E , 0 
0x2020 , 0 
0x3E3E , 0 
0x1C1C , 0 
0x5A5A , 0 
0x6E6E , 0 
0x2020 , 3231 
0x3E3E , 4108 
0x1C1C , 5178 
0x5A5A , 6528 
0x6E6E , 7678 
0x2020 , 3269 
0x3E3E , 4052 
0x1C1C , 5060 
0x5A5A , 0 
0x6E6E , 7664 
0x2020 , 3255 
0x3E3E , 4108 
0x1C1C , 5192 
0x5A5A , 0 
0x6E6E , 0 
0x2020 , 3269 
0x3E3E , 0 
0x1C1C , 0 
0x5A5A , 0 
0x6E6E , 0 
0x2020 , 0 
0x3E3E , 0 
0x1C1C , 0 
0x5A5A , 0 
0x6E6E , 0 
0x2020 , 3269 
0x3E3E , 4127 
0x1C1C , 5300 
0x5A5A , 6463 
0x6E6E , 0 
0x2020 , 0 
0x3E3E , 0 
0x1C1C , 0 
0x5A5A , 0 
0x6E6E , 7462 
0x2020 , 3255 
0x3E3E , 4108 
0x1C1C , 5210 
0x5A5A , 0 
0x6E6E , 7668 
0x2020 , 3231 
0x3E3E , 4094 
0x1C1C , 5079 
0x5A5A , 6510 
0x6E6E , 7513 
0x2020 , 3255 
0x3E3E , 4169 
0x1C1C , 0 
0x5A5A , 0 
0x6E6E , 7640 
0x2020 , 3259 
0x3E3E , 4085 
0x1C1C , 0 
0x5A5A , 6519 
0x6E6E , 7617 
0x2020 , 3264 
0x3E3E , 4071 
0x1C1C , 5112 
0x5A5A , 6575 
0x6E6E , 7528 
0x2020 , 3255 
0x3E3E , 4075 
0x1C1C , 5065 
0x5A5A , 6449 
0x6E6E , 7701 
0x2020 , 3255 
0x3E3E , 4047 
0x1C1C , 5403 
0x5A5A , 0 
0x6E6E , 7645 
0x2020 , 3245 
0x3E3E , 4057 
0x1C1C , 0 
0x5A5A , 0 
0x6E6E , 0 
0x2020 , 0 
0x3E3E , 0 
0x1C1C , 0 
0x5A5A , 0 
0x6E6E , 0 
0x2020 , 3245 
0x3E3E , 4118 
0x1C1C , 5103 
0x5A5A , 0 
0x6E6E , 7649 
0x2020 , 3259 
0x3E3E , 4057 
0x1C1C , 5323 
0x5A5A , 6594 
0x6E6E , 7701 
0x2020 , 3255 
0x3E3E , 4047 
0x1C1C , 5417 
0x5A5A , 6552 
0x6E6E , 0 
0x2020 , 3259 
0x3E3E , 4066 
0x1C1C , 5103 
0x5A5A , 6580 
0x6E6E , 7659 
0x2020 , 3264 
0x3E3E , 4066 
0x1C1C , 5187 
0x5A5A , 6496 
0x6E6E , 7696 
0x2020 , 3231 
0x3E3E , 4057 
0x1C1C , 5098 
0x5A5A , 6528 
0x6E6E , 0 
0x2020 , 3241 
0x3E3E , 4108 
0x1C1C , 5304 
0x5A5A , 0 
0x6E6E , 0 
0x2020 , 0 
0x3E3E , 0 
0x1C1C , 0 
0x5A5A , 6463 
0x6E6E , 0 
0x2020 , 3264 
0x3E3E , 4085 
0x1C1C , 5093 
0x5A5A , 6510 
0x6E6E , 0 
0x2020 , 3269 
0x3E3E , 4071 
0x1C1C , 5084 
0x5A5A , 0 
0x6E6E , 7612 
0x2020 , 3245 
0x3E3E , 4043 
0x1C1C , 5281 
0x5A5A , 0 
0x6E6E , 0 
0x2020 , 0 
0x3E3E , 0 
0x1C1C , 0 
0x5A5A , 0 
0x6E6E , 7570 
0x2020 , 3208 
0x3E3E , 4052 
0x1C1C , 4985 
0x5A5A , 6482 
0x6E6E , 0 
0x2020 , 3231 
0x3E3E , 4094 
0x1C1C , 5140 
0x5A5A , 6528 
0x6E6E , 0 
0x2020 , 3217 
0x3E3E , 4066 
0x1C1C , 5103 
0x5A5A , 6538 
0x6E6E , 0 
0x2020 , 3236 
0x3E3E , 4085 
0x1C1C , 0 
0x5A5A , 6500 
0x6E6E , 0 
0x2020 , 0 
0x3E3E , 4080 
0x1C1C , 0 
0x5A5A , 0 
0x6E6E , 7603 
0x2020 , 3222 
0x3E3E , 4043 
0x1C1C , 4943 
0x5A5A , 6458 
0x6E6E , 7659 
0x2020 , 3264 
0x3E3E , 4071 
0x1C1C , 5060 
0x5A5A , 6538 
0x6E6E , 7570 
0x2020 , 3226 
0x3E3E , 4146 
0x1C1C , 0 
0x5A5A , 6482 
0x6E6E , 7556 
0x2020 , 3259 
0x3E3E , 4075 
0x1C1C , 0 
0x5A5A , 6627 
0x6E6E , 7621 
0x2020 , 3241 
0x3E3E , 4038 
0x1C1C , 0 
0x5A5A , 6411 
0x6E6E , 7574 
0x2020 , 3250 
0x3E3E , 4075 
0x1C1C , 5300 
0x5A5A , 6528 
0x6E6E , 0 
0x2020 , 3236 
0x3E3E , 4085 
0x1C1C , 5243 
0x5A5A , 6552 
0x6E6E , 7603 
0x2020 , 3259 
0x3E3E , 4061 
0x1C1C , 5004 
0x5A5A , 0 
0x6E6E , 0 
0x2020 , 3255 
0x3E3E , 4071 
0x1C1C , 5056 
0x5A5A , 0 
0x6E6E , 0 
0x2020 , 0 
0x3E3E , 0 
0x1C1C , 0 
0x5A5A , 6449 
0x6E6E , 0 
0x2020 , 3259 
0x3E3E , 4118 
0x1C1C , 4953 
0x5A5A , 6519 
0x6E6E , 0 
0x2020 , 3255 
0x3E3E , 4085 
0x1C1C , 5037 
0x5A5A , 6543 
0x6E6E , 0 
0x2020 , 3255 
0x3E3E , 4089 
0x1C1C , 0 
0x5A5A , 0 
0x6E6E , 0 
0x2020 , 0 
0x3E3E , 0 
0x1C1C , 0 
0x5A5A , 6514 
0x6E6E , 0 
0x2020 , 3241 
0x3E3E , 4075 
0x1C1C , 0 
0x5A5A , 6472 
0x6E6E , 0 
0x2020 , 3264 
0x3E3E , 4052 
0x1C1C , 5037 
0x5A5A , 6458 
0x6E6E , 0 
0x2020 , 3231 
0x3E3E , 4038 
0x1C1C , 0 
0x5A5A , 0 
0x6E6E , 0 
0x2020 , 0 
0x3E3E , 0 
0x1C1C , 0 
0x5A5A , 6425 
0x6E6E , 0 
0x2020 , 3250 
0x3E3E , 4108 
0x1C1C , 5079 
0x5A5A , 6505 
0x6E6E , 0 
0x2020 , 3241 
0x3E3E , 4047 
0x1C1C , 5032 
0x5A5A , 6411 
0x6E6E , 0 
0x2020 , 3245 
0x3E3E , 4057 
0x1C1C , 5004 
0x5A5A , 6519 
0x6E6E , 0 
0x2020 , 0 
0x3E3E , 0 
0x1C1C , 0 
0x5A5A , 0 
0x6E6E , 0 
0x2020 , 0 
0x3E3E , 0 
0x1C1C , 0 
0x5A5A , 0 
0x6E6E , 0 
0x2020 , 3255 
0x3E3E , 4066 
0x1C1C , 5262 
0x5A5A , 6500 
0x6E6E , 0 
0x2020 , 3273 
0x3E3E , 4113 
0x1C1C , 5042 
0x5A5A , 6519 
0x6E6E , 0 
0x2020 , 3273 
0x3E3E , 4071 
0x1C1C , 5140 
0x5A5A , 6589 
0x6E6E , 0 
0x2020 , 3226 
0x3E3E , 4052 
0x1C1C , 4929 
0x5A5A , 6552 
0x6E6E , 0 
0x2020 , 3217 
0x3E3E , 4071 
0x1C1C , 5004 
0x5A5A , 6416 
0x6E6E , 0 
0x2020 , 3255 
0x3E3E , 4057 
0x1C1C , 5074 
0x5A5A , 6505 
0x6E6E , 7626 
0x2020 , 0 
0x3E3E , 0 
0x1C1C , 0 
0x5A5A , 6453 
0x6E6E , 0 
0x2020 , 0 
0x3E3E , 0 
0x1C1C , 0 
0x5A5A , 0 
0x6E6E , 7649 
0x2020 , 3264 
0x3E3E , 4094 
0x1C1C , 5117 
0x5A5A , 6514 
0x6E6E , 0 
0x2020 , 3245 
0x3E3E , 0 
0x1C1C , 0 
0x5A5A , 0 
0x6E6E , 7720 
0x2020 , 3245 
0x3E3E , 4080 
0x1C1C , 5051 
0x5A5A , 0 
0x6E6E , 7588 
0x2020 , 0 
0x3E3E , 0 
0x1C1C , 0 
0x5A5A , 0 
0x6E6E , 0 
0x2020 , 3194 
0x3E3E , 4071 
0x1C1C , 5032 
0x5A5A , 6500 
0x6E6E , 7659 
0x2020 , 3241 
0x3E3E , 4038 
0x1C1C , 5037 
0x5A5A , 0 
0x6E6E , 7645 
0x2020 , 3241 
0x3E3E , 4104 
0x1C1C , 4863 
0x5A5A , 0 
0x6E6E , 0 
0x2020 , 3273 
0x3E3E , 4113 
0x1C1C , 5042 
0x5A5A , 0 
0x6E6E , 7560 
0x2020 , 3250 
0x3E3E , 4057 
0x1C1C , 5107 
0x5A5A , 0 
0x6E6E , 0 
0x2020 , 3259 
0x3E3E , 4071 
0x1C1C , 5074 
0x5A5A , 6528 
0x6E6E , 0 
0x2020 , 3236 
0x3E3E , 4052 
0x1C1C , 5093 
0x5A5A , 0 
0x6E6E , 7701 
0x2020 , 3259 
0x3E3E , 4080 
0x1C1C , 0 
0x5A5A , 0 
0x6E6E , 0 
0x2020 , 3269 
0x3E3E , 4085 
0x1C1C , 5206 
0x5A5A , 6566 
0x6E6E , 0 
0x2020 , 3269 
0x3E3E , 0 
0x1C1C , 0 
0x5A5A , 0 
0x6E6E , 7537 
0x2020 , 3217 
0x3E3E , 4057 
0x1C1C , 0 
0x5A5A , 0 
0x6E6E , 7551 
0x2020 , 3250 
0x3E3E , 4071 
0x1C1C , 5187 
0x5A5A , 6543 
0x6E6E , 0 
0x2020 , 3245 
0x3E3E , 4071 
0x1C1C , 0 
0x5A5A , 6482 
0x6E6E , 7612 
0x2020 , 3241 
0x3E3E , 4118 
0x1C1C , 5065 
0x5A5A , 6482 
0x6E6E , 7649 
0x2020 , 3259 
0x3E3E , 4043 
0x1C1C , 5365 
0x5A5A , 0 
0x6E6E , 0 
0x2020 , 0 
0x3E3E , 0 
0x1C1C , 0 
0x5A5A , 0 
0x6E6E , 0 
0x2020 , 3245 
0x3E3E , 4057 
0x1C1C , 0 
0x5A5A , 6510 
0x6E6E , 7588 
0x2020 , 3250 
0x3E3E , 4033 
0x1C1C , 0 
0x5A5A , 6538 
0x6E6E , 7509 
0x2020 , 3236 
0x3E3E , 4052 
0x1C1C , 0 
0x5A5A , 6491 
0x6E6E , 0 
0x2020 , 3245 
0x3E3E , 4075 
0x1C1C , 0 
0x5A5A , 6491 
0x6E6E , 7743 
0x2020 , 3226 
0x3E3E , 4066 
0x1C1C , 0 
0x5A5A , 6510 
0x6E6E , 7612 
0x2020 , 3264 
0x3E3E , 4043 
0x1C1C , 5173 
0x5A5A , 6524 
0x6E6E , 0 
0x2020 , 3250 
0x3E3E , 4019 
0x1C1C , 5046 
0x5A5A , 0 
0x6E6E , 0 
0x2020 , 3245 
0x3E3E , 0 
0x1C1C , 0 
0x5A5A , 0 
0x6E6E , 7734 
0x2020 , 3245 
0x3E3E , 4113 
0x1C1C , 5084 
0x5A5A , 0 
0x6E6E , 7607 
0x2020 , 3250 
0x3E3E , 4057 
0x1C1C , 5206 
0x5A5A , 6557 
0x6E6E , 7673 
0x2020 , 3264 
0x3E3E , 4052 
0x1C1C , 0 
0x5A5A , 0 
0x6E6E , 0 
0x2020 , 0 
0x3E3E , 0 
0x1C1C , 0 
0x5A5A , 0 
0x6E6E , 0 
0x2020 , 0 
0x3E3E , 4014 
0x1C1C , 0 
0x5A5A , 0 
0x6E6E , 0 
0x2020 , 3194 
0x3E3E , 4043 
0x1C1C , 4938 
0x5A5A , 0 
0x6E6E , 7692 
0x2020 , 3203 
0x3E3E , 4038 
0x1C1C , 4934 
0x5A5A , 6453 
0x6E6E , 0 
0x2020 , 0 
0x3E3E , 0 
0x1C1C , 0 
0x5A5A , 0 
0x6E6E , 7725 
0x2020 , 3259 
0x3E3E , 4071 
0x1C1C , 4990 
0x5A5A , 0 
0x6E6E , 0 
0x2020 , 3255 
0x3E3E , 4038 
0x1C1C , 5173 
0x5A5A , 6496 
0x6E6E , 0 
0x2020 , 3226 
0x3E3E , 4099 
0x1C1C , 5103 
0x5A5A , 6477 
0x6E6E , 0 
0x2020 , 3231 
0x3E3E , 4052 
0x1C1C , 5098 
0x5A5A , 6468 
0x6E6E , 7748 
0x2020 , 3236 
0x3E3E , 4104 
0x1C1C , 5103 
0x5A5A , 0 
0x6E6E , 7659 
0x2020 , 3245 
0x3E3E , 4104 
0x1C1C , 5037 
0x5A5A , 6543 
0x6E6E , 0 
0x2020 , 3250 
0x3E3E , 4066 
0x1C1C , 5004 
0x5A5A , 6463 
0x6E6E , 0 
0x2020 , 3255 
0x3E3E , 4080 
0x1C1C , 4967 
0x5A5A , 6496 
0x6E6E , 0 
0x2020 , 3245 
0x3E3E , 4118 
0x1C1C , 0 
0x5A5A , 6594 
0x6E6E , 0 
0x2020 , 3241 
0x3E3E , 4024 
0x1C1C , 5051 
0x5A5A , 6571 
0x6E6E , 0 
0x2020 , 3245 
0x3E3E , 4005 
0x1C1C , 5210 
0x5A5A , 0 
0x6E6E , 0 
0x2020 , 3208 
0x3E3E , 4071 
0x1C1C , 0 
0x5A5A , 6505 
0x6E6E , 0 
0x2020 , 3245 
0x3E3E , 4019 
0x1C1C , 0 
0x5A5A , 6496 
0x6E6E , 0 
0x2020 , 3231 
0x3E3E , 4075 
0x1C1C , 5004 
0x5A5A , 6557 
0x6E6E , 0 
0x2020 , 3250 
0x3E3E , 4038 
0x1C1C , 5013 
0x5A5A , 6538 
0x6E6E , 0 
0x2020 , 3241 
0x3E3E , 4066 
0x1C1C , 4967 
0x5A5A , 6421 
0x6E6E , 0 
0x2020 , 3236 
0x3E3E , 4113 
0x1C1C , 4985 
0x5A5A , 6575 
0x6E6E , 0 
0x2020 , 3245 
0x3E3E , 4113 
0x1C1C , 5042 
0x5A5A , 6486 
0x6E6E , 0 
0x2020 , 3245 
0x3E3E , 4071 
0x1C1C , 5037 
0x5A5A , 6524 
0x6E6E , 0 
0x2020 , 3269 
0x3E3E , 4089 
0x1C1C , 4967 
0x5A5A , 6524 
0x6E6E , 0 
0x2020 , 3245 
0x3E3E , 4061 
0x1C1C , 5089 
0x5A5A , 6477 
0x6E6E , 0 
0x2020 , 3236 
0x3E3E , 4057 
0x1C1C , 5013 
0x5A5A , 6468 
0x6E6E , 0 
0x2020 , 3259 
0x3E3E , 4066 
0x1C1C , 5140 
0x5A5A , 0 
0x6E6E , 0 
0x2020 , 3241 
0x3E3E , 4085 
0x1C1C , 5084 
0x5A5A , 6519 
0x6E6E , 7513 
0x2020 , 3250 
0x3E3E , 4052 
0x1C1C , 5079 
0x5A5A , 6543 
0x6E6E , 7584 
0x2020 , 3226 
0x3E3E , 4104 
0x1C1C , 5079 
0x5A5A , 6463 
0x6E6E , 7631 
0x2020 , 3236 
0x3E3E , 4066 
0x1C1C , 0 
0x5A5A , 6458 
0x6E6E , 0 
0x2020 , 3222 
0x3E3E , 0 
0x1C1C , 0 
0x5A5A , 0 
0x6E6E , 7603 
0x2020 , 3250 
0x3E3E , 4075 
0x1C1C , 5103 
0x5A5A , 0 
0x6E6E , 0 
0x2020 , 3142 
0x3E3E , 0 
0x1C1C , 0 
0x5A5A , 0 
0x6E6E , 7617 
0x2020 , 3241 
0x3E3E , 4047 
0x1C1C , 5192 
0x5A5A , 0 
0x6E6E , 7692 
0x2020 , 3231 
0x3E3E , 4094 
0x1C1C , 5135 
0x5A5A , 6463 
0x6E6E , 0 
0x2020 , 0 
0x3E3E , 0 
0x1C1C , 0 
0x5A5A , 0 
0x6E6E , 7776 
0x2020 , 3259 
0x3E3E , 4033 
0x1C1C , 5196 
0x5A5A , 6496 
0x6E6E , 7518 
0x2020 , 3273 
0x3E3E , 4038 
0x1C1C , 5300 
0x5A5A , 6524 
0x6E6E , 7635 
0x2020 , 3264 
0x3E3E , 4075 
0x1C1C , 5051 
0x5A5A , 0 
0x6E6E , 0 
0x2020 , 3236 
0x3E3E , 0 
0x1C1C , 0 
0x5A5A , 0 
0x6E6E , 7603 
0x2020 , 3212 
0x3E3E , 4113 
0x1C1C , 5112 
0x5A5A , 6496 
0x6E6E , 7748 
0x2020 , 3269 
0x3E3E , 4099 
0x1C1C , 0 
0x5A5A , 6477 
0x6E6E , 0 
0x2020 , 0 
0x3E3E , 0 
0x1C1C , 0 
0x5A5A , 0 
0x6E6E , 7664 
0x2020 , 3259 
0x3E3E , 4047 
0x1C1C , 5196 
0x5A5A , 0 
0x6E6E , 0 
0x2020 , 0 
0x3E3E , 0 
0x1C1C , 0 
0x5A5A , 0 
0x6E6E , 7593 
0x2020 , 3217 
0x3E3E , 4071 
0x1C1C , 5070 
0x5A5A , 0 
0x6E6E , 0 
0x2020 , 3217 
0x3E3E , 4113 
0x1C1C , 5196 
0x5A5A , 6416 
0x6E6E , 0 
0x2020 , 3241 
0x3E3E , 4094 
0x1C1C , 4981 
0x5A5A , 6482 
0x6E6E , 7635 
0x2020 , 3273 
0x3E3E , 4024 
0x1C1C , 5286 
0x5A5A , 6519 
0x6E6E , 7645 
0x2020 , 3236 
0x3E3E , 4019 
0x1C1C , 4976 
0x5A5A , 6500 
0x6E6E , 7537 
0x2020 , 3241 
0x3E3E , 4075 
0x1C1C , 5084 
0x5A5A , 6500 
0x6E6E , 7687 
0x2020 , 3236 
0x3E3E , 4038 
0x1C1C , 5037 
0x5A5A , 6594 
0x6E6E , 7635 
0x2020 , 3264 
0x3E3E , 4047 
0x1C1C , 5117 
0x5A5A , 6538 
0x6E6E , 0 
0x2020 , 3245 
0x3E3E , 0 
0x1C1C , 0 
0x5A5A , 0 
0x6E6E , 0 
0x2020 , 0 
0x3E3E , 0 
0x1C1C , 0 
0x5A5A , 0 
0x6E6E , 0 
0x2020 , 3226 
0x3E3E , 4108 
0x1C1C , 5103 
0x5A5A , 0 
0x6E6E , 7673 
0x2020 , 3245 
0x3E3E , 4061 
0x1C1C , 5168 
0x5A5A , 6491 
0x6E6E , 7631 
0x2020 , 3236 
0x3E3E , 4099 
0x1C1C , 5046 
0x5A5A , 6543 
0x6E6E , 7696 
0x2020 , 3245 
0x3E3E , 4043 
0x1C1C , 0 
0x5A5A , 0 
0x6E6E , 0 
0x2020 , 3250 
0x3E3E , 4047 
0x1C1C , 5192 
0x5A5A , 6482 
0x6E6E , 7692 
0x2020 , 3231 
0x3E3E , 4089 
0x1C1C , 4981 
0x5A5A , 6439 
0x6E6E , 7692 
0x2020 , 3226 
0x3E3E , 4052 
0x1C1C , 0 
0x5A5A , 0 
0x6E6E , 0 
0x2020 , 3222 
0x3E3E , 4033 
0x1C1C , 0 
0x5A5A , 6519 
0x6E6E , 0 
0x2020 , 3226 
0x3E3E , 4038 
0x1C1C , 0 
0x5A5A , 0 
0x6E6E , 0 
0x2020 , 3245 
0x3E3E , 4085 
0x1C1C , 4934 
0x5A5A , 0 
0x6E6E , 0 
0x2020 , 3226 
0x3E3E , 0 
0x1C1C , 0 
0x5A5A , 0 
0x6E6E , 0 
0x2020 , 3147 
0x3E3E , 0 
0x1C1C , 0 
0x5A5A , 0 
0x6E6E , 7579 
0x2020 , 3208 
0x3E3E , 4038 
0x1C1C , 0 
0x5A5A , 6472 
0x6E6E , 0 
0x2020 , 3226 
0x3E3E , 4047 
0x1C1C , 0 
0x5A5A , 6482 
0x6E6E , 0 
0x2020 , 3255 
0x3E3E , 4085 
0x1C1C , 0 
0x5A5A , 6402 
0x6E6E , 0 
0x2020 , 3217 
0x3E3E , 4014 
0x1C1C , 0 
0x5A5A , 0 
0x6E6E , 0 
0x2020 , 3137 
0x3E3E , 0 
0x1C1C , 0 
0x5A5A , 6477 
0x6E6E , 0 
0x2020 , 3231 
0x3E3E , 4061 
0x1C1C , 0 
0x5A5A , 6472 
0x6E6E , 0 
0x2020 , 3264 
0x3E3E , 4089 
0x1C1C , 5042 
0x5A5A , 6453 
0x6E6E , 0 
0x2020 , 3255 
0x3E3E , 4029 
0x1C1C , 0 
0x5A5A , 6477 
0x6E6E , 0 
0x2020 , 3278 
0x3E3E , 4071 
0x1C1C , 0 
0x5A5A , 0 
0x6E6E , 0 
0x2020 , 0 
0x3E3E , 0 
0x1C1C , 0 
0x5A5A , 6524 
0x6E6E , 0 
0x2020 , 3198 
0x3E3E , 4038 
0x1C1C , 0 
0x5A5A , 6482 
0x6E6E , 0 
0x2020 , 3245 
0x3E3E , 4047 
0x1C1C , 0 
0x5A5A , 6468 
0x6E6E , 0 
0x2020 , 3236 
0x3E3E , 4066 
0x1C1C , 0 
0x5A5A , 6505 
0x6E6E , 0 
0x2020 , 3231 
0x3E3E , 4029 
0x1C1C , 0 
0x5A5A , 0 
0x6E6E , 0 
0x2020 , 3226 
0x3E3E , 4066 
0x1C1C , 4957 
0x5A5A , 0 
0x6E6E , 0 
0x2020 , 3264 
0x3E3E , 4071 
0x1C1C , 5257 
0x5A5A , 0 
0x6E6E , 0 
0x2020 , 3222 
0x3E3E , 4066 
0x1C1C , 5018 
0x5A5A , 6561 
0x6E6E , 0 
0x2020 , 3255 
0x3E3E , 4071 
0x1C1C , 5384 
0x5A5A , 0 
0x6E6E , 0 
0x2020 , 0 
0x3E3E , 0 
0x1C1C , 0 
0x5A5A , 6486 
0x6E6E , 0 
0x2020 , 3250 
0x3E3E , 4047 
0x1C1C , 0 
0x5A5A , 0 
0x6E6E , 0 
0x2020 , 3217 
0x3E3E , 4071 
0x1C1C , 5276 
0x5A5A , 0 
0x6E6E , 0 
0x2020 , 3241 
0x3E3E , 4071 
0x1C1C , 0 
0x5A5A , 0 
0x6E6E , 0 
0x2020 , 3236 
0x3E3E , 4038 
0x1C1C , 5028 
0x5A5A , 6477 
0x6E6E , 7654 
0x2020 , 3226 
0x3E3E , 4024 
0x1C1C , 0 
0x5A5A , 6458 
0x6E6E , 0 
0x2020 , 3170 
0x3E3E , 4038 
0x1C1C , 5140 
0x5A5A , 6458 
0x6E6E , 7509 
0x2020 , 3123 
0x3E3E , 0 
0x1C1C , 0 
0x5A5A , 0 
0x6E6E , 0 
0x2020 , 0 
0x3E3E , 0 
0x1C1C , 0 
0x5A5A , 6444 
0x6E6E , 0 
0x2020 , 3137 
0x3E3E , 4047 
0x1C1C , 0 
0x5A5A , 6538 
0x6E6E , 0 
0x2020 , 3133 
0x3E3E , 4052 
0x1C1C , 5065 
0x5A5A , 6482 
0x6E6E , 7584 
0x2020 , 3133 
0x3E3E , 0 
0x1C1C , 0 
0x5A5A , 0 
0x6E6E , 0 
0x2020 , 3105 
0x3E3E , 4085 
0x1C1C , 5206 
0x5A5A , 0 
0x6E6E , 0 
0x2020 , 3128 
0x3E3E , 4094 
0x1C1C , 0 
0x5A5A , 0 
0x6E6E , 0 
0x2020 , 3156 
0x3E3E , 4047 
0x1C1C , 4924 
0x5A5A , 6571 
0x6E6E , 0 
0x2020 , 0 
0x3E3E , 0 
0x1C1C , 0 
0x5A5A , 0 
0x6E6E , 0 
0x2020 , 3123 
0x3E3E , 0 
0x1C1C , 0 
0x5A5A , 0 
0x6E6E , 0 
0x2020 , 3142 
0x3E3E , 4066 
0x1C1C , 0 
0x5A5A , 6477 
0x6E6E , 0 
0x2020 , 3137 
0x3E3E , 0 
0x1C1C , 0 
0x5A5A , 0 
0x6E6E , 0 
0x2020 , 0 
0x3E3E , 0 
0x1C1C , 0 
0x5A5A , 0 
0x6E6E , 0 
0x2020 , 3151 
0x3E3E , 4094 
0x1C1C , 5187 
0x5A5A , 6505 
0x6E6E , 0 
0x2020 , 3156 
0x3E3E , 4075 
0x1C1C , 0 
0x5A5A , 0 
0x6E6E , 7612 
0x2020 , 3137 
0x3E3E , 4066 
0x1C1C , 5046 
0x5A5A , 6491 
0x6E6E , 0 
0x2020 , 3255 
0x3E3E , 4066 
0x1C1C , 0 
0x5A5A , 6552 
0x6E6E , 7635 
0x2020 , 3208 
0x3E3E , 0 
0x1C1C , 0 
0x5A5A , 0 
0x6E6E , 0 
0x2020 , 0 
0x3E3E , 0 
0x1C1C , 0 
0x5A5A , 0 
0x6E6E , 0 
0x2020 , 3137 
0x3E3E , 0 
0x1C1C , 0 
0x5A5A , 0 
0x6E6E , 7640 
0x2020 , 3236 
0x3E3E , 4043 
0x1C1C , 0 
0x5A5A , 6444 
0x6E6E , 7588 
0x2020 , 3217 
0x3E3E , 4071 
0x1C1C , 5065 
0x5A5A , 0 
0x6E6E , 0 
0x2020 , 3212 
0x3E3E , 4061 
0x1C1C , 0 
0x5A5A , 6453 
0x6E6E , 7668 
0x2020 , 3231 
0x3E3E , 4047 
0x1C1C , 5187 
0x5A5A , 0 
0x6E6E , 0 
0x2020 , 0 
0x3E3E , 0 
0x1C1C , 0 
0x5A5A , 6472 
0x6E6E , 0 
0x2020 , 3226 
0x3E3E , 4080 
0x1C1C , 5060 
0x5A5A , 0 
0x6E6E , 0 
0x2020 , 3259 
0x3E3E , 4019 
0x1C1C , 0 
0x5A5A , 6472 
0x6E6E , 7682 
0x2020 , 3222 
0x3E3E , 4047 
0x1C1C , 5164 
0x5A5A , 6486 
0x6E6E , 0 
0x2020 , 3241 
0x3E3E , 4061 
0x1C1C , 0 
0x5A5A , 6482 
0x6E6E , 0 
0x2020 , 3222 
0x3E3E , 4066 
0x1C1C , 4943 
0x5A5A , 6477 
0x6E6E , 7678 
0x2020 , 3236 
0x3E3E , 4038 
0x1C1C , 0 
0x5A5A , 6589 
0x6E6E , 0 
0x2020 , 3259 
0x3E3E , 4024 
0x1C1C , 5037 
0x5A5A , 6468 
0x6E6E , 0 
0x2020 , 3203 
0x3E3E , 4057 
0x1C1C , 0 
0x5A5A , 0 
0x6E6E , 0 
0x2020 , 3236 
0x3E3E , 4118 
0x1C1C , 0 
0x5A5A , 6378 
0x6E6E , 7626 
0x2020 , 3241 
0x3E3E , 4066 
0x1C1C , 0 
0x5A5A , 6458 
0x6E6E , 7621 
0x2020 , 3217 
0x3E3E , 4052 
0x1C1C , 5060 
0x5A5A , 6510 
0x6E6E , 0 
0x2020 , 3161 
0x3E3E , 0 
0x1C1C , 0 
0x5A5A , 0 
0x6E6E , 7617 
0x2020 , 3273 
0x3E3E , 4033 
0x1C1C , 5121 
0x5A5A , 0 
0x6E6E , 0 
0x2020 , 3208 
0x3E3E , 4132 
0x1C1C , 0 
0x5A5A , 0 
0x6E6E , 0 
0x2020 , 0 
0x3E3E , 0 
0x1C1C , 0 
0x5A5A , 6444 
0x6E6E , 0 
0x2020 , 3250 
0x3E3E , 4010 
0x1C1C , 0 
0x5A5A , 6453 
0x6E6E , 0 
0x2020 , 3236 
0x3E3E , 4061 
0x1C1C , 5351 
0x5A5A , 6510 
0x6E6E , 7621 
0x2020 , 3264 
0x3E3E , 0 
0x1C1C , 0 
0x5A5A , 6519 
0x6E6E , 7607 
0x2020 , 3259 
0x3E3E , 4024 
0x1C1C , 5079 
0x5A5A , 6468 
0x6E6E , 7645 
0x2020 , 3245 
0x3E3E , 0 
0x1C1C , 0 
0x5A5A , 6468 
0x6E6E , 7631 
0x2020 , 3198 
0x3E3E , 4075 
0x1C1C , 5257 
0x5A5A , 6580 
0x6E6E , 0 
0x2020 , 3241 
0x3E3E , 4089 
0x1C1C , 0 
0x5A5A , 6510 
0x6E6E , 0 
0x2020 , 3231 
0x3E3E , 4061 
0x1C1C , 0 
0x5A5A , 6402 
0x6E6E , 0 
0x2020 , 3217 
0x3E3E , 4113 
0x1C1C , 0 
0x5A5A , 6500 
0x6E6E , 0 
0x2020 , 3231 
0x3E3E , 4061 
0x1C1C , 0 
0x5A5A , 0 
0x6E6E , 0 
0x2020 , 0 
0x3E3E , 0 
0x1C1C , 0 
0x5A5A , 0 
0x6E6E , 0 
0x2020 , 3194 
0x3E3E , 4075 
0x1C1C , 0 
0x5A5A , 6458 
0x6E6E , 0 
0x2020 , 3236 
0x3E3E , 4071 
0x1C1C , 5051 
0x5A5A , 0 
0x6E6E , 0 
0x2020 , 3226 
0x3E3E , 3991 
0x1C1C , 0 
0x5A5A , 6496 
0x6E6E , 0 
