timeref	est_sendtime	pos_x	pos_y	vel_x	vel_y	sigma	valid	senderGuid	receiver_unix_time
6491.458755000	6491.460240693	9.478	-5.494	0.037	-0.035	0.748225	1	4294967295	1508338689
6491.758730000	6491.760083774	0.316	2.670	-0.007	0.007	0.540869	1	4294967295	1508338689
6492.073591000	6492.059507674	-0.583	0.637	-0.027	-0.019	0.630689	1	4294967295	1508338690
6492.373666000	6492.359376485	-0.846	0.013	-0.038	-0.035	0.385307	1	4294967295	1508338690
6492.673942000	6492.659303550	-1.031	-0.340	-0.049	-0.050	0.275943	1	4294967295	1508338690
6492.973907000	6492.958660523	-1.539	0.425	-0.091	-0.013	0.409889	1	4294967295	1508338690
6493.273755000	6493.258039525	-1.732	0.740	-0.122	0.005	0.394547	1	4294967295	1508338691
6493.573663000	6493.557504802	-1.827	0.958	-0.148	0.021	0.299462	1	4294967295	1508338691
6493.873667000	6493.857017101	-1.882	1.113	-0.171	0.034	0.267374	1	4294967295	1508338691
6494.173699000	6494.156573276	-1.918	1.234	-0.192	0.045	0.254006	1	4294967295	1508338692
6494.473584000	6494.456167935	-1.942	1.332	-0.211	0.054	0.251198	1	4294967295	1508338692
6494.773457000	6494.755384650	-1.479	1.225	-0.164	0.013	0.311796	1	4294967295	1508338692
6495.073666000	6495.054817941	-1.099	1.125	-0.116	-0.024	0.319770	1	4294967295	1508338692
6495.673294000	6495.654350063	-0.825	1.016	-0.073	-0.064	0.278293	1	4294967295	1508338693
6496.273227000	6496.253840982	-0.737	0.976	-0.074	-0.079	0.254635	1	4294967295	1508338694
6496.573455000	6496.553566855	-0.558	0.836	-0.042	-0.121	0.240698	1	4294967295	1508338694
6496.873223000	6496.853170851	-0.353	0.819	-0.011	-0.128	0.178557	1	4294967295	1508338694
6497.173118000	6497.152741112	-0.315	0.873	-0.025	-0.115	0.131967	1	4294967295	1508338695
6497.473052000	6497.452356970	-0.265	0.927	-0.032	-0.102	0.112005	1	4294967295	1508338695
6497.769782000	6497.752072869	-0.077	1.014	0.001	-0.079	0.291598	1	4294967295	1508338695
6498.058372000	6498.051326895	0.368	1.307	0.068	-0.018	0.253868	1	4294967295	1508338696
6498.358339000	6498.350799043	0.737	1.439	0.127	-0.000	0.204259	1	4294967295	1508338696
6498.658290000	6498.650309294	0.891	1.573	0.130	0.020	0.153314	1	4294967295	1508338696
6498.958250000	6498.949955673	0.930	1.780	0.111	0.063	0.133185	1	4294967295	1508338696
6499.258228000	6499.249575443	1.036	1.839	0.111	0.061	0.082303	1	4294967295	1508338697
6499.558194000	6499.549235381	1.124	1.888	0.109	0.058	0.067087	1	4294967295	1508338697
6499.858238000	6499.849040244	1.185	1.976	0.108	0.071	0.082448	1	4294967295	1508338697
6500.158246000	6500.148750258	1.249	2.006	0.103	0.063	0.064639	1	4294967295	1508338698
6500.458212000	6500.448501786	1.362	2.059	0.114	0.065	0.059050	1	4294967295	1508338698
6500.758168000	6500.748290798	1.470	2.044	0.125	0.049	0.091139	1	4294967295	1508338698
6501.058167000	6501.048062587	1.509	2.039	0.115	0.036	0.134657	1	4294967295	1508338699
6501.358109000	6501.347836525	1.493	2.029	0.091	0.023	0.153613	1	4294967295	1508338699
6501.658054000	6501.647626619	1.487	2.026	0.073	0.013	0.177318	1	4294967295	1508338699
6501.957996000	6501.947444345	1.531	2.043	0.073	0.011	0.206600	1	4294967295	1508338699
6502.273247000	6502.247378113	1.575	2.001	0.075	-0.003	0.217942	1	4294967295	1508338700
6502.558023000	6502.547192442	1.667	1.946	0.086	-0.023	0.202139	1	4294967295	1508338700
6502.857993000	6502.847055308	1.696	1.940	0.082	-0.027	0.216279	1	4294967295	1508338700
6503.158013000	6503.146883652	1.683	1.845	0.064	-0.057	0.041690	1	4294967295	1508338701
6503.457967000	6503.446733743	1.644	1.802	0.042	-0.071	0.051278	1	4294967295	1508338701
6503.757923000	6503.746657318	1.672	1.753	0.043	-0.081	0.066792	1	4294967295	1508338701
6504.057795000	6504.046562979	1.734	1.680	0.052	-0.097	0.048111	1	4294967295	1508338701
6504.373071000	6504.346593401	1.880	1.658	0.089	-0.091	0.456140	1	4294967295	1508338702
6504.657718000	6504.646486185	1.957	1.721	0.100	-0.071	0.242003	1	4294967295	1508338702
6504.957714000	6504.946393794	2.075	1.778	0.122	-0.052	0.242918	1	4294967295	1508338702
6505.257625000	6505.246270462	2.089	1.815	0.114	-0.044	0.141582	1	4294967295	1508338703
6505.557637000	6505.546147975	2.089	1.931	0.105	-0.016	0.149422	1	4294967295	1508338703
6505.857659000	6505.846020379	1.985	2.039	0.070	0.006	0.135756	1	4294967295	1508338703
6506.157655000	6506.145927689	2.001	2.132	0.067	0.025	0.198550	1	4294967295	1508338704
6506.457614000	6506.445851790	2.032	2.262	0.070	0.053	0.227043	1	4294967295	1508338704
6506.757673000	6506.745763221	2.089	2.347	0.078	0.068	0.203345	1	4294967295	1508338704
6507.057637000	6507.045678494	2.141	2.427	0.084	0.080	0.206589	1	4294967295	1508338704
6507.357531000	6507.345587645	2.185	2.458	0.087	0.079	0.187166	1	4294967295	1508338705
6507.657474000	6507.645501584	2.222	2.491	0.088	0.079	0.182374	1	4294967295	1508338705
6507.957348000	6507.945433402	2.242	2.547	0.085	0.085	0.205744	1	4294967295	1508338705
6508.257191000	6508.245358215	2.283	2.619	0.088	0.094	0.202956	1	4294967295	1508338706
6508.557061000	6508.545279576	2.230	2.652	0.065	0.093	0.106710	1	4294967295	1508338706
6508.856863000	6508.845202675	2.180	2.647	0.046	0.082	0.134896	1	4294967295	1508338706
6509.156726000	6509.145137468	2.208	2.648	0.048	0.075	0.262187	1	4294967295	1508338707
6509.473391000	6509.445069678	2.135	2.559	0.025	0.045	0.061910	1	4294967295	1508338707
6509.756471000	6509.745007902	2.080	2.542	0.007	0.036	0.031014	1	4294967295	1508338707
6510.056374000	6510.044934077	2.050	2.500	-0.002	0.021	0.052964	1	4294967295	1508338707
6510.356262000	6510.344880325	2.053	2.465	-0.002	0.009	0.037348	1	4294967295	1508338708
6510.656102000	6510.644826289	2.061	2.438	-0.001	-0.001	0.020839	1	4294967295	1508338708
6510.955992000	6510.944773444	2.072	2.414	0.001	-0.008	0.016321	1	4294967295	1508338708
6511.255822000	6511.244721555	2.089	2.401	0.004	-0.013	0.039626	1	4294967295	1508338709
6511.555664000	6511.544668831	2.109	2.392	0.007	-0.016	0.050377	1	4294967295	1508338709
6511.855520000	6511.844619849	2.134	2.393	0.012	-0.016	0.077391	1	4294967295	1508338709
6512.155361000	6512.144563179	2.158	2.394	0.016	-0.017	0.059947	1	4294967295	1508338710
6512.455403000	6512.444510819	2.181	2.399	0.019	-0.016	0.053277	1	4294967295	1508338710
6512.755273000	6512.744461337	2.210	2.407	0.024	-0.014	0.058821	1	4294967295	1508338710
6513.055099000	6513.044420899	2.240	2.440	0.028	-0.007	0.096970	1	4294967295	1508338710
6513.374894000	6513.344420117	2.248	2.448	0.028	-0.004	0.011692	1	4294967295	1508338711
6514.275375000	6514.244416938	2.311	2.450	0.037	-0.003	0.020873	1	4294967295	1508338712
6514.575564000	6514.544431000	2.349	2.477	0.044	0.004	0.044826	1	4294967295	1508338712
6514.875614000	6514.844424137	2.407	2.481	0.055	0.004	0.020204	1	4294967295	1508338712
6515.175865000	6515.144416984	2.459	2.497	0.063	0.008	0.048090	1	4294967295	1508338713
6516.073253000	6516.044411750	2.548	2.500	0.071	0.006	0.017969	1	4294967295	1508338713
6516.973521000	6516.944431138	2.688	2.535	0.089	0.013	0.008539	1	4294967295	1508338714
6517.253414000	6517.244339854	2.874	2.641	0.124	0.034	0.123725	1	4294967295	1508338715
6517.553264000	6517.544272056	3.037	2.766	0.152	0.058	0.077828	1	4294967295	1508338715
6517.853194000	6517.844214110	3.168	2.846	0.171	0.071	0.059357	1	4294967295	1508338715
6518.177291000	6518.144224251	3.249	2.896	0.179	0.078	0.034533	1	4294967295	1508338716
6518.477294000	6518.444231144	3.328	2.940	0.186	0.084	0.018433	1	4294967295	1508338716
6518.753022000	6518.744154137	3.457	2.944	0.202	0.076	0.032968	1	4294967295	1508338716
6519.052964000	6519.044093752	3.598	2.965	0.221	0.074	0.018256	1	4294967295	1508338716
6519.353008000	6519.344048287	3.723	2.966	0.235	0.067	0.031052	1	4294967295	1508338717
6519.652967000	6519.644009652	3.840	2.961	0.245	0.059	0.029604	1	4294967295	1508338717
6519.952956000	6519.943976564	3.940	2.927	0.250	0.044	0.044578	1	4294967295	1508338717
6520.252996000	6520.243945759	4.024	2.890	0.251	0.030	0.046326	1	4294967295	1508338718
6520.552999000	6520.543919565	4.071	2.879	0.242	0.023	0.016703	1	4294967295	1508338718
6520.853013000	6520.843895299	4.106	2.853	0.231	0.013	0.021950	1	4294967295	1508338718
6521.153056000	6521.143871466	4.129	2.823	0.218	0.002	0.023015	1	4294967295	1508338719
6521.453059000	6521.443854993	4.120	2.796	0.199	-0.006	0.030927	1	4294967295	1508338719
6521.753100000	6521.743840307	4.118	2.762	0.182	-0.016	0.034255	1	4294967295	1508338719
6522.053188000	6522.043852797	4.089	2.795	0.162	-0.007	0.088279	1	4294967295	1508338720
6522.375449000	6522.343851699	4.076	2.752	0.145	-0.019	0.050776	1	4294967295	1508338720
6522.653328000	6522.643844575	4.068	2.661	0.130	-0.041	0.049442	1	4294967295	1508338720
6522.953340000	6522.943801416	4.075	2.501	0.116	-0.080	0.040732	1	4294967295	1508338720
6523.253453000	6523.243760096	4.078	2.358	0.102	-0.112	0.037889	1	4294967295	1508338721
6523.574673000	6523.543719527	4.095	2.223	0.094	-0.139	0.051906	1	4294967295	1508338721
6523.870650000	6523.843695215	4.099	2.082	0.084	-0.164	0.038501	1	4294967295	1508338721
6524.173878000	6524.143673611	4.089	1.964	0.071	-0.183	0.028633	1	4294967295	1508338722
6524.473639000	6524.443652173	4.054	1.842	0.053	-0.201	0.023963	1	4294967295	1508338722
6524.773447000	6524.743631322	4.048	1.695	0.044	-0.223	0.018567	1	4294967295	1508338722
6525.054025000	6525.043590620	4.027	1.590	0.032	-0.235	0.026563	1	4294967295	1508338723
6525.354119000	6525.343542740	3.995	1.493	0.017	-0.244	0.026953	1	4294967295	1508338723
6525.654180000	6525.643491284	3.983	1.412	0.009	-0.249	0.025407	1	4294967295	1508338723
6525.954300000	6525.943427328	3.963	1.300	-0.001	-0.261	0.016921	1	4294967295	1508338723
6526.254356000	6526.243378095	3.948	1.206	-0.008	-0.268	0.017188	1	4294967295	1508338724
6526.554547000	6526.543322561	3.934	1.102	-0.015	-0.276	0.018261	1	4294967295	1508338724
6526.854720000	6526.843284640	3.907	1.021	-0.024	-0.278	0.017493	1	4294967295	1508338724
6527.154815000	6527.143234515	3.885	0.927	-0.031	-0.283	0.017627	1	4294967295	1508338725
6527.455103000	6527.443191818	3.867	0.836	-0.036	-0.287	0.017235	1	4294967295	1508338725
6527.755122000	6527.743145181	3.838	0.749	-0.045	-0.289	0.022339	1	4294967295	1508338725
6528.055344000	6528.043103348	3.811	0.664	-0.051	-0.290	0.015419	1	4294967295	1508338725
6528.355435000	6528.343060011	3.788	0.584	-0.056	-0.290	0.024290	1	4294967295	1508338726
6528.670493000	6528.643039263	3.747	0.494	-0.064	-0.292	0.017096	1	4294967295	1508338726
6528.955612000	6528.942995147	3.723	0.434	-0.068	-0.286	0.023386	1	4294967295	1508338726
6529.270086000	6529.242987358	3.673	0.364	-0.077	-0.282	0.020727	1	4294967295	1508338727
6529.569824000	6529.542968784	3.642	0.279	-0.080	-0.282	0.022042	1	4294967295	1508338727
6529.869581000	6529.842950734	3.602	0.199	-0.086	-0.282	0.026000	1	4294967295	1508338727
6530.169346000	6530.142932154	3.564	0.126	-0.090	-0.279	0.058288	1	4294967295	1508338728
6530.469125000	6530.442914234	3.520	0.059	-0.096	-0.276	0.063569	1	4294967295	1508338728
6530.756340000	6530.742863875	3.490	0.029	-0.099	-0.263	0.030421	1	4294967295	1508338728
6531.056261000	6531.042817045	3.446	0.010	-0.105	-0.249	0.047913	1	4294967295	1508338728
6531.356286000	6531.342765458	3.379	0.020	-0.118	-0.228	0.015580	1	4294967295	1508338729
6531.656144000	6531.642720574	3.326	-0.005	-0.124	-0.218	0.064675	1	4294967295	1508338729
6531.956120000	6531.942666987	3.250	0.018	-0.137	-0.196	0.023686	1	4294967295	1508338729
6532.256099000	6532.242626013	3.184	0.031	-0.146	-0.179	0.047966	1	4294967295	1508338730
6532.556217000	6532.542606026	3.133	0.023	-0.149	-0.167	0.036958	1	4294967295	1508338730
6532.868503000	6532.842587367	3.039	0.033	-0.162	-0.152	0.040496	1	4294967295	1508338730
6533.156049000	6533.142549710	2.950	0.079	-0.174	-0.129	0.049052	1	4294967295	1508338731
6533.456001000	6533.442519113	2.869	0.152	-0.183	-0.100	0.030971	1	4294967295	1508338731
6533.756045000	6533.742477211	2.784	0.216	-0.193	-0.076	0.027656	1	4294967295	1508338731
6534.055914000	6534.042445819	2.692	0.275	-0.203	-0.055	0.027457	1	4294967295	1508338731
6534.355786000	6534.342419760	2.616	0.354	-0.208	-0.029	0.031285	1	4294967295	1508338732
6534.655569000	6534.642391612	2.548	0.439	-0.211	-0.004	0.035907	1	4294967295	1508338732
6534.955534000	6534.942364107	2.479	0.524	-0.213	0.019	0.033389	1	4294967295	1508338732
6535.268711000	6535.242367549	2.390	0.593	-0.220	0.037	0.031044	1	4294967295	1508338733
6535.555483000	6535.542336334	2.322	0.687	-0.222	0.060	0.028571	1	4294967295	1508338733
6535.855490000	6535.842310601	2.255	0.782	-0.223	0.081	0.029058	1	4294967295	1508338733
6536.155374000	6536.142292262	2.201	0.872	-0.220	0.099	0.033180	1	4294967295	1508338734
6536.469150000	6536.442290726	2.122	0.953	-0.224	0.113	0.026213	1	4294967295	1508338734
6536.755365000	6536.742251522	2.060	1.044	-0.225	0.129	0.031642	1	4294967295	1508338734
6537.055374000	6537.042229349	2.011	1.133	-0.220	0.142	0.027683	1	4294967295	1508338734
6537.355392000	6537.342210710	1.945	1.229	-0.221	0.157	0.027440	1	4294967295	1508338735
6537.669612000	6537.642206089	1.860	1.318	-0.227	0.169	0.017306	1	4294967295	1508338735
6537.955633000	6537.942182733	1.790	1.417	-0.228	0.182	0.020855	1	4294967295	1508338735
6538.255653000	6538.242157763	1.725	1.517	-0.228	0.194	0.022450	1	4294967295	1508338736
-1.000000000	0.000000000	0.000	0.000	0.000	0.000	0.000000	0	0	0
6538.555440000	6538.542135971	1.666	1.618	-0.227	0.205	0.023501	1	4294967295	1508338736
-1.000000000	0.000000000	0.000	0.000	0.000	0.000	0.000000	0	0	0
6538.855440000	6538.842110294	1.600	1.710	-0.227	0.213	0.031394	1	4294967295	1508338736
6539.155529000	6539.142086093	1.540	1.793	-0.226	0.217	0.028137	1	4294967295	1508338737
6539.455810000	6539.442069354	1.471	1.871	-0.227	0.220	0.027826	1	4294967295	1508338737
6539.755604000	6539.742040594	1.406	1.959	-0.227	0.226	0.018468	1	4294967295	1508338737
6540.055732000	6540.042014326	1.336	2.034	-0.228	0.227	0.021775	1	4294967295	1508338737
6540.355865000	6540.341999568	1.278	2.099	-0.226	0.225	0.021162	1	4294967295	1508338738
6540.655942000	6540.641988521	1.223	2.171	-0.223	0.226	0.016213	1	4294967295	1508338738
6540.956175000	6540.941975566	1.155	2.224	-0.223	0.221	0.015295	1	4294967295	1508338738
6541.256214000	6541.241966986	1.094	2.287	-0.222	0.220	0.031523	1	4294967295	1508338739
6541.556322000	6541.541939148	1.014	2.348	-0.226	0.218	0.035910	1	4294967295	1508338739
6541.856348000	6541.841923972	0.951	2.397	-0.225	0.213	0.017663	1	4294967295	1508338739
6542.156665000	6542.141895489	0.858	2.469	-0.232	0.214	0.025902	1	4294967295	1508338740
6542.456713000	6542.441862554	0.770	2.532	-0.237	0.212	0.018294	1	4294967295	1508338740
6542.756865000	6542.741830416	0.677	2.589	-0.243	0.209	0.020493	1	4294967295	1508338740
6543.056912000	6543.041801047	0.594	2.661	-0.246	0.210	0.019906	1	4294967295	1508338740
6543.356982000	6543.341772836	0.513	2.726	-0.248	0.209	0.017651	1	4294967295	1508338741
6543.657265000	6543.641779585	0.502	2.888	-0.232	0.237	0.569829	1	4294967295	1508338741
6543.957471000	6543.941750029	0.403	2.929	-0.240	0.227	0.033716	1	4294967295	1508338741
-1.000000000	0.000000000	0.000	0.000	0.000	0.000	0.000000	0	0	0
6544.257614000	6544.241725866	0.312	2.982	-0.245	0.222	0.025496	1	4294967295	1508338742
-1.000000000	0.000000000	0.000	0.000	0.000	0.000	0.000000	0	0	0
6544.557626000	6544.541701354	0.231	3.038	-0.248	0.218	0.021675	1	4294967295	1508338742
6544.857853000	6544.841680025	0.147	3.086	-0.250	0.213	0.016568	1	4294967295	1508338742
6545.158040000	6545.141658319	0.058	3.129	-0.254	0.206	0.013918	1	4294967295	1508338743
-1.000000000	0.000000000	0.000	0.000	0.000	0.000	0.000000	0	0	0
6545.458216000	6545.441641751	-0.024	3.187	-0.256	0.204	0.014454	1	4294967295	1508338743
6545.758401000	6545.741628723	-0.102	3.246	-0.256	0.203	0.010785	1	4294967295	1508338743
6546.058571000	6546.041622032	-0.169	3.300	-0.254	0.201	0.015074	1	4294967295	1508338743
-1.000000000	0.000000000	0.000	0.000	0.000	0.000	0.000000	0	0	0
6546.358685000	6546.341606811	-0.248	3.345	-0.255	0.196	0.009692	1	4294967295	1508338744
6546.658823000	6546.641593591	-0.322	3.400	-0.255	0.195	0.020782	1	4294967295	1508338744
6546.959057000	6546.941578107	-0.405	3.434	-0.256	0.187	0.014784	1	4294967295	1508338744
6547.258931000	6547.241565706	-0.482	3.468	-0.257	0.181	0.023135	1	4294967295	1508338745
6547.558996000	6547.541540879	-0.552	3.474	-0.255	0.167	0.037316	1	4294967295	1508338745
6547.859099000	6547.841517780	-0.627	3.464	-0.255	0.150	0.019443	1	4294967295	1508338745
6548.159084000	6548.141492369	-0.697	3.445	-0.254	0.132	0.017031	1	4294967295	1508338746
6548.459122000	6548.441468508	-0.743	3.434	-0.247	0.117	0.034138	1	4294967295	1508338746
6548.759035000	6548.741441726	-0.788	3.402	-0.240	0.098	0.044101	1	4294967295	1508338746
6549.059041000	6549.041416282	-0.828	3.372	-0.233	0.081	0.040827	1	4294967295	1508338746
6549.358972000	6549.341386681	-0.847	3.276	-0.221	0.047	0.037203	1	4294967295	1508338747
6549.670746000	6549.641382755	-0.889	3.177	-0.215	0.016	0.038613	1	4294967295	1508338747
6549.959108000	6549.941358355	-0.900	3.114	-0.202	-0.003	0.037715	1	4294967295	1508338747
6550.259678000	6550.241341302	-0.930	3.020	-0.195	-0.029	0.045098	1	4294967295	1508338748
-1.000000000	0.000000000	0.000	0.000	0.000	0.000	0.000000	0	0	0
6550.559532000	6550.541322204	-0.928	2.905	-0.181	-0.060	0.034280	1	4294967295	1508338748
6550.859260000	6550.841297852	-0.925	2.805	-0.167	-0.083	0.033015	1	4294967295	1508338748
6551.159299000	6551.141272249	-0.924	2.713	-0.154	-0.103	0.037582	1	4294967295	1508338749
6551.459320000	6551.441245739	-0.923	2.623	-0.143	-0.121	0.037961	1	4294967295	1508338749
6551.759357000	6551.741227038	-0.942	2.535	-0.137	-0.137	0.032241	1	4294967295	1508338749
6552.059363000	6552.041199323	-0.934	2.432	-0.125	-0.156	0.030482	1	4294967295	1508338749
6552.359447000	6552.341172483	-0.927	2.335	-0.114	-0.171	0.036525	1	4294967295	1508338750
6552.659599000	6552.641147624	-0.924	2.235	-0.104	-0.186	0.038603	1	4294967295	1508338750
6552.959567000	6552.941116502	-0.919	2.129	-0.096	-0.202	0.021065	1	4294967295	1508338750
-1.000000000	0.000000000	0.000	0.000	0.000	0.000	0.000000	0	0	0
6553.267129000	6553.241105149	-0.934	2.013	-0.093	-0.218	0.036763	1	4294967295	1508338751
6553.566900000	6553.541108519	-0.957	1.921	-0.091	-0.226	0.038332	1	4294967295	1508338751
6553.866756000	6553.841088578	-0.956	1.792	-0.085	-0.244	0.028608	1	4294967295	1508338751
6554.166511000	6554.141069404	-0.965	1.677	-0.081	-0.257	0.034021	1	4294967295	1508338752
6554.466309000	6554.441045859	-0.969	1.559	-0.076	-0.270	0.031742	1	4294967295	1508338752
6554.766110000	6554.741036623	-0.975	1.451	-0.072	-0.277	0.039328	1	4294967295	1508338752
-1.000000000	0.000000000	0.000	0.000	0.000	0.000	0.000000	0	0	0
6555.066143000	6555.041020552	-0.982	1.354	-0.069	-0.282	0.024964	1	4294967295	1508338752
-1.000000000	0.000000000	0.000	0.000	0.000	0.000	0.000000	0	0	0
6555.360527000	6555.340975806	-0.960	1.253	-0.059	-0.289	0.020453	1	4294967295	1508338753
6555.660492000	6555.640932810	-0.931	1.168	-0.048	-0.291	0.020293	1	4294967295	1508338753
6555.960421000	6555.940896294	-0.893	1.087	-0.036	-0.291	0.019272	1	4294967295	1508338753
6556.260283000	6556.240859438	-0.862	1.017	-0.026	-0.287	0.038440	1	4294967295	1508338754
-1.000000000	0.000000000	0.000	0.000	0.000	0.000	0.000000	0	0	0
6556.560133000	6556.540829230	-0.817	0.960	-0.013	-0.281	0.026516	1	4294967295	1508338754
6556.860025000	6556.840805781	-0.783	0.912	-0.004	-0.271	0.026581	1	4294967295	1508338754
6557.159616000	6557.140780238	-0.736	0.877	0.008	-0.259	0.044432	1	4294967295	1508338755
6557.459290000	6557.440745729	-0.679	0.837	0.022	-0.250	0.087569	1	4294967295	1508338755
6557.759129000	6557.740714045	-0.611	0.816	0.037	-0.235	0.051824	1	4294967295	1508338755
6558.058906000	6558.040694883	-0.544	0.824	0.052	-0.214	0.056845	1	4294967295	1508338755
6558.358682000	6558.340663054	-0.474	0.816	0.065	-0.199	0.054879	1	4294967295	1508338756
6558.658354000	6558.640646156	-0.386	0.820	0.083	-0.181	0.046973	1	4294967295	1508338756
6558.958052000	6558.940616980	-0.307	0.843	0.098	-0.160	0.050595	1	4294967295	1508338756
6559.265736000	6559.240612897	-0.254	0.856	0.104	-0.143	0.039696	1	4294967295	1508338757
6559.557546000	6559.540593595	-0.148	0.910	0.124	-0.116	0.045148	1	4294967295	1508338757
6559.857359000	6559.840581917	-0.043	0.968	0.142	-0.091	0.036593	1	4294967295	1508338757
6560.157098000	6560.140578673	0.062	1.024	0.159	-0.067	0.032225	1	4294967295	1508338758
6560.456881000	6560.440571573	0.161	1.081	0.173	-0.046	0.046704	1	4294967295	1508338758
6560.756654000	6560.740557747	0.250	1.133	0.182	-0.027	0.037760	1	4294967295	1508338758
6561.056334000	6561.040533315	0.351	1.189	0.195	-0.010	0.035848	1	4294967295	1508338758
6561.356128000	6561.340516586	0.459	1.248	0.208	0.007	0.038369	1	4294967295	1508338759
6561.655854000	6561.640497789	0.566	1.297	0.219	0.019	0.047436	1	4294967295	1508338759
6561.955642000	6561.940468817	0.660	1.343	0.227	0.030	0.054169	1	4294967295	1508338759
6562.255460000	6562.240452739	0.779	1.398	0.240	0.042	0.032757	1	4294967295	1508338760
6562.555260000	6562.540437004	0.876	1.439	0.246	0.050	0.055197	1	4294967295	1508338760
-1.000000000	0.000000000	0.000	0.000	0.000	0.000	0.000000	0	0	0
6562.855033000	6562.840427939	0.981	1.494	0.254	0.060	0.036130	1	4294967295	1508338760
6563.167594000	6563.140439194	1.069	1.538	0.257	0.068	0.028839	1	4294967295	1508338761
6563.454541000	6563.440426977	1.172	1.608	0.264	0.081	0.027244	1	4294967295	1508338761
6563.754414000	6563.740405580	1.267	1.669	0.267	0.090	0.029650	1	4294967295	1508338761
6564.054146000	6564.040380971	1.355	1.718	0.269	0.095	0.048028	1	4294967295	1508338761
6564.353891000	6564.340366647	1.456	1.784	0.274	0.105	0.036717	1	4294967295	1508338762
6564.653641000	6564.640358608	1.568	1.845	0.281	0.112	0.028290	1	4294967295	1508338762
6564.953437000	6564.940348801	1.676	1.896	0.287	0.116	0.041369	1	4294967295	1508338762
6565.253129000	6565.240326231	1.771	1.953	0.289	0.122	0.028364	1	4294967295	1508338763
-1.000000000	0.000000000	0.000	0.000	0.000	0.000	0.000000	0	0	0
6565.552926000	6565.540305321	1.871	2.013	0.292	0.127	0.013405	1	4294967295	1508338763
6565.852622000	6565.840293183	1.981	2.060	0.297	0.129	0.052198	1	4294967295	1508338763
6566.152465000	6566.140270249	2.068	2.124	0.297	0.135	0.027681	1	4294967295	1508338764
6566.452376000	6566.440261557	2.170	2.169	0.300	0.136	0.029942	1	4294967295	1508338764
6566.752089000	6566.740251607	2.275	2.212	0.303	0.136	0.020158	1	4294967295	1508338764
6567.051952000	6567.040246611	2.380	2.265	0.307	0.139	0.016881	1	4294967295	1508338765
6567.351740000	6567.340239621	2.485	2.310	0.309	0.140	0.027111	1	4294967295	1508338765
6567.651484000	6567.640230689	2.594	2.348	0.313	0.138	0.024581	1	4294967295	1508338765
-1.000000000	0.000000000	0.000	0.000	0.000	0.000	0.000000	0	0	0
6568.571081000	6568.540230697	2.878	2.466	0.313	0.137	0.011161	1	4294967295	1508338766
6568.871174000	6568.840230395	2.965	2.510	0.312	0.137	0.004523	1	4294967295	1508338766
-1.000000000	0.000000000	0.000	0.000	0.000	0.000	0.000000	0	0	0
6569.471543000	6569.440209354	3.106	2.598	0.303	0.138	0.026234	1	4294967295	1508338767
-1.000000000	0.000000000	0.000	0.000	0.000	0.000	0.000000	0	0	0
6569.750358000	6569.740190919	3.200	2.640	0.304	0.137	0.018135	1	4294967295	1508338767
-1.000000000	0.000000000	0.000	0.000	0.000	0.000	0.000000	0	0	0
6570.050186000	6570.040163504	3.272	2.690	0.300	0.138	0.014529	1	4294967295	1508338767
-1.000000000	0.000000000	0.000	0.000	0.000	0.000	0.000000	0	0	0
6570.949806000	6570.940222349	3.899	2.877	0.374	0.162	0.438266	1	4294967295	1508338768
6571.249717000	6571.240297260	4.279	2.931	0.429	0.169	0.296952	1	4294967295	1508338769
-1.000000000	0.000000000	0.000	0.000	0.000	0.000	0.000000	0	0	0
6571.549607000	6571.540347518	4.623	2.949	0.474	0.165	0.216497	1	4294967295	1508338769
6571.849595000	6571.840336422	4.738	2.937	0.467	0.147	0.081602	1	4294967295	1508338769
6572.149499000	6572.140269528	4.651	2.998	0.418	0.144	0.088852	1	4294967295	1508338770
-1.000000000	0.000000000	0.000	0.000	0.000	0.000	0.000000	0	0	0
6572.473467000	6572.440221830	4.596	3.045	0.379	0.139	0.094190	1	4294967295	1508338770
-1.000000000	0.000000000	0.000	0.000	0.000	0.000	0.000000	0	0	0
6572.773156000	6572.740184549	4.552	3.065	0.343	0.128	0.080917	1	4294967295	1508338770
-1.000000000	0.000000000	0.000	0.000	0.000	0.000	0.000000	0	0	0
6573.073362000	6573.040140198	4.363	3.096	0.278	0.118	0.033142	1	4294967295	1508338771
6573.372913000	6573.340113741	4.397	3.023	0.264	0.087	0.037712	1	4294967295	1508338771
-1.000000000	0.000000000	0.000	0.000	0.000	0.000	0.000000	0	0	0
6573.672714000	6573.640095854	4.422	2.918	0.248	0.050	0.021150	1	4294967295	1508338771
-1.000000000	0.000000000	0.000	0.000	0.000	0.000	0.000000	0	0	0
6573.972473000	6573.940082747	4.429	2.827	0.230	0.021	0.030260	1	4294967295	1508338771
-1.000000000	0.000000000	0.000	0.000	0.000	0.000	0.000000	0	0	0
6574.272289000	6574.240072305	4.429	2.744	0.212	-0.005	0.028050	1	4294967295	1508338772
-1.000000000	0.000000000	0.000	0.000	0.000	0.000	0.000000	0	0	0
6574.572055000	6574.540078270	4.370	2.663	0.182	-0.027	0.028137	1	4294967295	1508338772
-1.000000000	0.000000000	0.000	0.000	0.000	0.000	0.000000	0	0	0
6574.849705000	6574.840079363	4.328	2.560	0.158	-0.054	0.040219	1	4294967295	1508338772
-1.000000000	0.000000000	0.000	0.000	0.000	0.000	0.000000	0	0	0
6575.149794000	6575.140084889	4.349	2.482	0.151	-0.070	0.071592	1	4294967295	1508338773
-1.000000000	0.000000000	0.000	0.000	0.000	0.000	0.000000	0	0	0
-1.000000000	0.000000000	0.000	0.000	0.000	0.000	0.000000	0	0	0
6575.768305000	6575.740069555	4.389	2.406	0.138	-0.080	0.010044	1	4294967295	1508338773
-1.000000000	0.000000000	0.000	0.000	0.000	0.000	0.000000	0	0	0
6576.068011000	6576.040047825	4.378	2.343	0.125	-0.092	0.011657	1	4294967295	1508338773
6576.367784000	6576.340025973	4.358	2.272	0.110	-0.105	0.006126	1	4294967295	1508338774
6576.970683000	6576.940042622	4.208	2.119	0.062	-0.129	0.055620	1	4294967295	1508338774
-1.000000000	0.000000000	0.000	0.000	0.000	0.000	0.000000	0	0	0
6577.250723000	6577.240006763	4.450	1.966	0.109	-0.158	0.483293	1	4294967295	1508338775
-1.000000000	0.000000000	0.000	0.000	0.000	0.000	0.000000	0	0	0
6577.550881000	6577.540006384	4.336	1.794	0.075	-0.190	0.083654	1	4294967295	1508338775
6577.850931000	6577.839986134	4.242	1.640	0.046	-0.217	0.093979	1	4294967295	1508338775
-1.000000000	0.000000000	0.000	0.000	0.000	0.000	0.000000	0	0	0
6578.151013000	6578.139956008	4.123	1.496	0.013	-0.241	0.063785	1	4294967295	1508338776
-1.000000000	0.000000000	0.000	0.000	0.000	0.000	0.000000	0	0	0
6578.451068000	6578.439913345	4.074	1.362	-0.003	-0.259	0.043341	1	4294967295	1508338776
-1.000000000	0.000000000	0.000	0.000	0.000	0.000	0.000000	0	0	0
6578.751212000	6578.739891849	3.974	1.265	-0.028	-0.267	0.034160	1	4294967295	1508338776
6579.051318000	6579.039832617	3.943	1.118	-0.038	-0.288	0.014236	1	4294967295	1508338776
-1.000000000	0.000000000	0.000	0.000	0.000	0.000	0.000000	0	0	0
6579.351538000	6579.339779211	3.914	0.988	-0.046	-0.302	0.034783	1	4294967295	1508338777
-1.000000000	0.000000000	0.000	0.000	0.000	0.000	0.000000	0	0	0
6579.651648000	6579.639726193	3.886	0.864	-0.053	-0.314	0.028448	1	4294967295	1508338777
6579.951784000	6579.939685372	3.840	0.766	-0.063	-0.317	0.021279	1	4294967295	1508338777
6580.251650000	6580.239633089	3.782	0.669	-0.076	-0.321	0.015362	1	4294967295	1508338778
6580.551860000	6580.539586632	3.736	0.580	-0.084	-0.322	0.027001	1	4294967295	1508338778
6580.852119000	6580.839541425	3.696	0.483	-0.090	-0.324	0.022871	1	4294967295	1508338778
6581.152235000	6581.139491288	3.660	0.384	-0.095	-0.327	0.016007	1	4294967295	1508338779
6581.452367000	6581.439452229	3.623	0.316	-0.099	-0.320	0.016624	1	4294967295	1508338779
6581.752453000	6581.739424387	3.584	0.249	-0.102	-0.313	0.023956	1	4294967295	1508338779
6582.052636000	6582.039386604	3.485	0.199	-0.120	-0.304	0.016766	1	4294967295	1508338779
6582.365456000	6582.339380324	3.385	0.143	-0.135	-0.295	0.025822	1	4294967295	1508338780
6582.652870000	6582.639350145	3.342	0.113	-0.136	-0.280	0.016011	1	4294967295	1508338780
6582.952620000	6582.939306174	3.294	0.082	-0.139	-0.267	0.045402	1	4294967295	1508338780
6583.252804000	6583.239285108	3.272	0.037	-0.135	-0.257	0.055743	1	4294967295	1508338781
-1.000000000	0.000000000	0.000	0.000	0.000	0.000	0.000000	0	0	0
6583.552782000	6583.539251564	3.209	0.033	-0.141	-0.239	0.049511	1	4294967295	1508338781
6583.852348000	6583.839214064	3.140	0.051	-0.147	-0.216	0.060542	1	4294967295	1508338781
-1.000000000	0.000000000	0.000	0.000	0.000	0.000	0.000000	0	0	0
6584.152359000	6584.139182628	3.069	0.078	-0.154	-0.192	0.058716	1	4294967295	1508338782
-1.000000000	0.000000000	0.000	0.000	0.000	0.000	0.000000	0	0	0
6584.452472000	6584.439161436	2.992	0.120	-0.161	-0.167	0.039856	1	4294967295	1508338782
6584.765667000	6584.739179355	2.902	0.145	-0.169	-0.148	0.050625	1	4294967295	1508338782
-1.000000000	0.000000000	0.000	0.000	0.000	0.000	0.000000	0	0	0
6585.052127000	6585.039158226	2.841	0.223	-0.170	-0.117	0.042559	1	4294967295	1508338782
-1.000000000	0.000000000	0.000	0.000	0.000	0.000	0.000000	0	0	0
6585.352252000	6585.339135959	2.777	0.289	-0.172	-0.091	0.030565	1	4294967295	1508338783
-1.000000000	0.000000000	0.000	0.000	0.000	0.000	0.000000	0	0	0
6585.651914000	6585.639127002	2.743	0.348	-0.166	-0.069	0.048794	1	4294967295	1508338783
-1.000000000	0.000000000	0.000	0.000	0.000	0.000	0.000000	0	0	0
6585.951812000	6585.939086143	2.683	0.445	-0.168	-0.040	0.063534	1	4294967295	1508338783
-1.000000000	0.000000000	0.000	0.000	0.000	0.000	0.000000	0	0	0
6586.252209000	6586.239056104	2.612	0.533	-0.173	-0.016	0.054978	1	4294967295	1508338784
-1.000000000	0.000000000	0.000	0.000	0.000	0.000	0.000000	0	0	0
6586.552106000	6586.539027702	2.540	0.627	-0.177	0.008	0.079586	1	4294967295	1508338784
6586.852011000	6586.839010106	2.469	0.721	-0.180	0.030	0.057195	1	4294967295	1508338784
6587.151919000	6587.138983059	2.364	0.852	-0.191	0.058	0.051814	1	4294967295	1508338785
6587.451646000	6587.438955305	2.266	0.984	-0.200	0.085	0.055761	1	4294967295	1508338785
-1.000000000	0.000000000	0.000	0.000	0.000	0.000	0.000000	0	0	0
6587.751947000	6587.738947770	2.150	1.120	-0.212	0.111	0.037636	1	4294967295	1508338785
6588.051980000	6588.038932709	2.051	1.235	-0.219	0.130	0.023679	1	4294967295	1508338785
6588.351697000	6588.338915502	1.961	1.363	-0.224	0.151	0.025784	1	4294967295	1508338786
6588.667476000	6588.638931022	1.888	1.466	-0.224	0.165	0.030423	1	4294967295	1508338786
6588.967136000	6588.938933233	1.799	1.572	-0.228	0.179	0.020598	1	4294967295	1508338786
6589.267369000	6589.238934094	1.705	1.683	-0.234	0.192	0.028797	1	4294967295	1508338787
6589.567580000	6589.538933904	1.601	1.788	-0.241	0.203	0.025200	1	4294967295	1508338787
6589.867548000	6589.838938628	1.507	1.902	-0.246	0.216	0.020465	1	4294967295	1508338787
6590.151886000	6590.138899947	1.453	2.001	-0.242	0.224	0.044471	1	4294967295	1508338788
6590.452100000	6590.438867045	1.390	2.094	-0.240	0.231	0.032762	1	4294967295	1508338788
6590.752165000	6590.738834838	1.328	2.180	-0.239	0.234	0.023936	1	4294967295	1508338788
6591.052263000	6591.038804169	1.258	2.262	-0.240	0.237	0.027170	1	4294967295	1508338788
6591.352405000	6591.338776413	1.188	2.345	-0.240	0.239	0.023427	1	4294967295	1508338789
6591.652477000	6591.638746049	1.111	2.419	-0.243	0.239	0.025985	1	4294967295	1508338789
6591.952677000	6591.938814743	0.840	2.638	-0.287	0.272	0.381269	1	4294967295	1508338789
6592.252727000	6592.238866990	0.632	2.838	-0.313	0.299	0.303464	1	4294967295	1508338790
6592.553079000	6592.538895663	0.441	2.987	-0.335	0.312	0.249494	1	4294967295	1508338790
6592.853202000	6592.838916416	0.277	3.111	-0.350	0.318	0.204692	1	4294967295	1508338790
6593.153402000	6593.138926820	0.121	3.221	-0.363	0.321	0.179785	1	4294967295	1508338791
6593.453479000	6593.438931493	-0.012	3.345	-0.368	0.328	0.125560	1	4294967295	1508338791
6593.753747000	6593.738931614	-0.143	3.436	-0.374	0.325	0.113386	1	4294967295	1508338791
6594.068490000	6594.038941021	-0.244	3.456	-0.372	0.306	0.042336	1	4294967295	1508338791
6594.348935000	6594.338990803	-0.408	3.574	-0.384	0.313	0.171689	1	4294967295	1508338792
6594.661603000	6594.639034771	-0.582	3.655	-0.399	0.311	0.126415	1	4294967295	1508338792
6594.948645000	6594.939078961	-0.742	3.734	-0.408	0.308	0.107581	1	4294967295	1508338792
6595.254178000	6595.239049082	-0.805	3.844	-0.393	0.312	0.111808	1	4294967295	1508338793
6595.554525000	6595.539006681	-0.901	3.926	-0.389	0.308	0.104351	1	4294967295	1508338793
6595.854660000	6595.838965719	-0.913	3.945	-0.363	0.289	0.149955	1	4294967295	1508338793
6596.154778000	6596.138938074	-0.978	4.074	-0.352	0.299	0.108912	1	4294967295	1508338794
6596.455019000	6596.438914999	-1.038	4.122	-0.341	0.288	0.055586	1	4294967295	1508338794
6596.755333000	6596.738874677	-1.081	4.036	-0.328	0.245	0.076894	1	4294967295	1508338794
6597.055498000	6597.038835113	-1.117	3.962	-0.314	0.208	0.071045	1	4294967295	1508338794
6597.355773000	6597.338796659	-1.146	3.890	-0.299	0.175	0.082066	1	4294967295	1508338795
6597.655817000	6597.638752242	-1.174	3.830	-0.285	0.146	0.075094	1	4294967295	1508338795
-1.000000000	0.000000000	0.000	0.000	0.000	0.000	0.000000	0	0	0
6597.968326000	6597.938752313	-1.265	3.789	-0.287	0.125	0.075791	1	4294967295	1508338795
6598.268345000	6598.238756524	-1.362	3.657	-0.291	0.083	0.045048	1	4294967295	1508338796
6598.556897000	6598.538699228	-1.313	3.470	-0.260	0.030	0.077966	1	4294967295	1508338796
6598.856592000	6598.838644763	-1.268	3.325	-0.233	-0.010	0.070859	1	4294967295	1508338796
6599.156551000	6599.138592300	-1.225	3.218	-0.206	-0.037	0.052585	1	4294967295	1508338797
6599.456835000	6599.438546248	-1.204	3.104	-0.188	-0.065	0.070133	1	4294967295	1508338797
6599.756802000	6599.738495097	-1.204	2.953	-0.176	-0.100	0.064524	1	4294967295	1508338797
6600.056886000	6600.038457240	-1.183	2.809	-0.159	-0.130	0.070636	1	4294967295	1508338797
6600.356599000	6600.338411159	-1.178	2.707	-0.147	-0.148	0.039260	1	4294967295	1508338798
6600.656806000	6600.638371108	-1.160	2.558	-0.132	-0.176	0.073953	1	4294967295	1508338798
6600.956955000	6600.938319323	-1.162	2.374	-0.124	-0.212	0.031946	1	4294967295	1508338798
6601.256922000	6601.238268842	-1.152	2.204	-0.112	-0.241	0.032561	1	4294967295	1508338799
6601.556993000	6601.538219961	-1.141	2.070	-0.101	-0.259	0.029543	1	4294967295	1508338799
6601.856969000	6601.838164821	-1.131	1.924	-0.091	-0.280	0.031853	1	4294967295	1508338799
6602.157174000	6602.138112838	-1.120	1.773	-0.082	-0.300	0.028481	1	4294967295	1508338800
6602.457280000	6602.438063314	-1.106	1.620	-0.072	-0.319	0.027849	1	4294967295	1508338800
6602.757371000	6602.738011991	-1.095	1.477	-0.064	-0.335	0.024868	1	4294967295	1508338800
6603.062058000	6603.037997505	-1.117	1.333	-0.064	-0.348	0.025138	1	4294967295	1508338800
6603.357182000	6603.337960685	-1.096	1.218	-0.054	-0.353	0.048480	1	4294967295	1508338801
6603.657157000	6603.637907081	-1.040	1.101	-0.034	-0.358	0.040639	1	4294967295	1508338801
6603.957095000	6603.937854588	-0.972	0.991	-0.014	-0.361	0.070274	1	4294967295	1508338801
-1.000000000	0.000000000	0.000	0.000	0.000	0.000	0.000000	0	0	0
6604.256822000	6604.237807001	-0.895	0.899	0.008	-0.358	0.060187	1	4294967295	1508338802
6604.556778000	6604.537769219	-0.813	0.829	0.030	-0.349	0.053032	1	4294967295	1508338802
6604.856290000	6604.837729012	-0.719	0.771	0.053	-0.337	0.056578	1	4294967295	1508338802
6605.161866000	6605.137738822	-0.651	0.702	0.067	-0.327	0.036915	1	4294967295	1508338803
6605.455411000	6605.437710393	-0.589	0.674	0.079	-0.308	0.110233	1	4294967295	1508338803
6605.755144000	6605.737674704	-0.498	0.683	0.097	-0.280	0.079404	1	4294967295	1508338803
6606.054842000	6606.037656286	-0.363	0.710	0.126	-0.249	0.075168	1	4294967295	1508338803
-1.000000000	0.000000000	0.000	0.000	0.000	0.000	0.000000	0	0	0
6606.354519000	6606.337630189	-0.246	0.732	0.147	-0.223	0.070241	1	4294967295	1508338804
-1.000000000	0.000000000	0.000	0.000	0.000	0.000	0.000000	0	0	0
6606.654203000	6606.637601373	-0.140	0.769	0.164	-0.195	0.054189	1	4294967295	1508338804
6606.953849000	6606.937577128	-0.047	0.814	0.175	-0.167	0.089551	1	4294967295	1508338804
6607.253511000	6607.237577647	0.080	0.869	0.195	-0.138	0.057832	1	4294967295	1508338805
6607.553240000	6607.537566192	0.203	0.941	0.211	-0.107	0.072610	1	4294967295	1508338805
6607.852910000	6607.837567155	0.347	1.005	0.232	-0.080	0.061063	1	4294967295	1508338805
6608.751991000	6608.737552351	0.635	1.075	0.251	-0.044	0.062070	1	4294967295	1508338806
6609.051756000	6609.037517065	0.779	1.194	0.268	-0.010	0.059217	1	4294967295	1508338806
6609.351529000	6609.337491167	0.931	1.299	0.286	0.019	0.052086	1	4294967295	1508338807
6609.651228000	6609.637476468	1.084	1.403	0.303	0.047	0.053328	1	4294967295	1508338807
6609.951152000	6609.937467978	1.226	1.494	0.316	0.068	0.041675	1	4294967295	1508338807
6610.250823000	6610.237445287	1.350	1.599	0.324	0.092	0.043702	1	4294967295	1508338808
6610.550460000	6610.537420227	1.471	1.701	0.330	0.112	0.025261	1	4294967295	1508338808
6610.850271000	6610.837395042	1.588	1.792	0.335	0.128	0.031031	1	4294967295	1508338808
6611.150050000	6611.137380511	1.719	1.868	0.343	0.138	0.062161	1	4294967295	1508338809
6611.449740000	6611.437364985	1.852	1.942	0.351	0.147	0.061938	1	4294967295	1508338809
6611.749508000	6611.737329228	1.959	2.011	0.352	0.153	0.036810	1	4294967295	1508338809
6612.049285000	6612.037296813	2.090	2.068	0.358	0.156	0.035149	1	4294967295	1508338809
6612.366466000	6612.337296929	2.205	2.115	0.360	0.156	0.034455	1	4294967295	1508338810
6612.666791000	6612.637297538	2.322	2.163	0.362	0.156	0.033057	1	4294967295	1508338810
6612.966896000	6612.937283066	2.397	2.230	0.355	0.161	0.019936	1	4294967295	1508338810
6613.267038000	6613.237268830	2.484	2.279	0.350	0.160	0.011822	1	4294967295	1508338811
6613.567277000	6613.537258000	2.577	2.327	0.348	0.160	0.024064	1	4294967295	1508338811
6614.167765000	6614.137251238	2.763	2.445	0.343	0.165	0.029596	1	4294967295	1508338812
6614.468042000	6614.437241697	2.853	2.499	0.341	0.166	0.019903	1	4294967295	1508338812
-1.000000000	0.000000000	0.000	0.000	0.000	0.000	0.000000	0	0	0
6614.768179000	6614.737237823	2.939	2.559	0.337	0.168	0.014614	1	4294967295	1508338812
6615.366782000	6615.337240104	3.142	2.674	0.337	0.172	0.011975	1	4294967295	1508338813
6615.669075000	6615.637241221	3.243	2.735	0.337	0.174	0.024018	1	4294967295	1508338813
6615.969284000	6615.937236296	3.358	2.774	0.340	0.171	0.011763	1	4294967295	1508338813
-1.000000000	0.000000000	0.000	0.000	0.000	0.000	0.000000	0	0	0
6616.269401000	6616.237231974	3.469	2.808	0.342	0.166	0.019136	1	4294967295	1508338814
-1.000000000	0.000000000	0.000	0.000	0.000	0.000	0.000000	0	0	0
6616.546706000	6616.537215071	3.589	2.858	0.345	0.165	0.013000	1	4294967295	1508338814
6616.846605000	6616.837189523	3.658	2.915	0.338	0.166	0.011696	1	4294967295	1508338814
6617.146538000	6617.137155259	3.683	2.977	0.323	0.167	0.023384	1	4294967295	1508338815
6617.446517000	6617.437125776	3.746	3.012	0.316	0.161	0.024598	1	4294967295	1508338815
6617.769986000	6617.737111439	3.811	3.047	0.309	0.156	0.016842	1	4294967295	1508338815
6618.046470000	6618.037094325	3.872	3.065	0.302	0.147	0.025496	1	4294967295	1508338815
6618.346239000	6618.337065265	3.949	3.038	0.298	0.126	0.047771	1	4294967295	1508338816
6618.646400000	6618.637043908	4.014	2.996	0.291	0.102	0.041323	1	4294967295	1508338816
6618.946341000	6618.937031312	4.070	2.951	0.282	0.080	0.053310	1	4294967295	1508338816
6619.246511000	6619.237005574	4.124	2.895	0.272	0.056	0.062778	1	4294967295	1508338817
6619.546585000	6619.536994822	4.171	2.838	0.262	0.035	0.085010	1	4294967295	1508338817
6619.846665000	6619.836997402	4.168	2.780	0.240	0.016	0.048688	1	4294967295	1508338817
6620.146793000	6620.136982708	4.178	2.656	0.222	-0.021	0.061949	1	4294967295	1508338818
6620.446889000	6620.436967799	4.162	2.512	0.197	-0.060	0.068141	1	4294967295	1508338818
-1.000000000	0.000000000	0.000	0.000	0.000	0.000	0.000000	0	0	0
6620.747109000	6620.736950796	4.111	2.351	0.165	-0.100	0.050932	1	4294967295	1508338818
6621.047286000	6621.036928569	4.090	2.199	0.143	-0.135	0.050216	1	4294967295	1508338818
6621.347429000	6621.336928940	4.062	2.114	0.123	-0.148	0.062118	1	4294967295	1508338819
6621.647691000	6621.636899643	4.071	1.929	0.111	-0.188	0.055351	1	4294967295	1508338819
6621.947886000	6621.936862906	4.050	1.753	0.091	-0.222	0.046315	1	4294967295	1508338819
6622.248120000	6622.236813685	4.044	1.597	0.078	-0.249	0.063131	1	4294967295	1508338820
-1.000000000	0.000000000	0.000	0.000	0.000	0.000	0.000000	0	0	0
6622.548338000	6622.536795509	4.017	1.459	0.062	-0.268	0.055184	1	4294967295	1508338820
6622.848708000	6622.836750455	3.961	1.274	0.037	-0.299	0.043423	1	4294967295	1508338820
6623.148990000	6623.136732513	3.889	1.135	0.013	-0.314	0.042843	1	4294967295	1508338821
6623.449168000	6623.436691685	3.812	0.974	-0.012	-0.335	0.045541	1	4294967295	1508338821
6623.749333000	6623.736668135	3.726	0.843	-0.036	-0.345	0.043247	1	4294967295	1508338821
6624.049386000	6624.036633952	3.652	0.706	-0.055	-0.357	0.039662	1	4294967295	1508338821
6624.349471000	6624.336596168	3.595	0.606	-0.068	-0.357	0.031239	1	4294967295	1508338822
-1.000000000	0.000000000	0.000	0.000	0.000	0.000	0.000000	0	0	0
6624.649542000	6624.636553597	3.539	0.504	-0.080	-0.357	0.034968	1	4294967295	1508338822
-1.000000000	0.000000000	0.000	0.000	0.000	0.000	0.000000	0	0	0
6624.949457000	6624.936508356	3.468	0.421	-0.095	-0.353	0.036820	1	4294967295	1508338822
-1.000000000	0.000000000	0.000	0.000	0.000	0.000	0.000000	0	0	0
6625.249519000	6625.236473890	3.385	0.361	-0.110	-0.342	0.041695	1	4294967295	1508338823
6625.562272000	6625.536457450	3.282	0.281	-0.129	-0.337	0.060169	1	4294967295	1508338823
-1.000000000	0.000000000	0.000	0.000	0.000	0.000	0.000000	0	0	0
6625.849467000	6625.836415185	3.197	0.247	-0.143	-0.321	0.039712	1	4294967295	1508338823
6626.149548000	6626.136386573	3.134	0.210	-0.150	-0.306	0.048125	1	4294967295	1508338824
6626.449459000	6626.436360125	3.044	0.184	-0.163	-0.290	0.060094	1	4294967295	1508338824
6626.749399000	6626.736324780	2.944	0.202	-0.177	-0.263	0.035196	1	4294967295	1508338824
6627.063160000	6627.036327273	2.826	0.196	-0.194	-0.245	0.042745	1	4294967295	1508338824
6627.349296000	6627.336293129	2.754	0.222	-0.199	-0.220	0.058295	1	4294967295	1508338825
6627.662772000	6627.636295607	2.658	0.199	-0.208	-0.210	0.093792	1	4294967295	1508338825
-1.000000000	0.000000000	0.000	0.000	0.000	0.000	0.000000	0	0	0
6627.949329000	6627.936286013	2.631	0.250	-0.198	-0.182	0.042374	1	4294967295	1508338825
-1.000000000	0.000000000	0.000	0.000	0.000	0.000	0.000000	0	0	0
6628.249154000	6628.236262252	2.568	0.348	-0.199	-0.145	0.034291	1	4294967295	1508338826
6628.549196000	6628.536241045	2.497	0.442	-0.202	-0.112	0.030460	1	4294967295	1508338826
6628.848838000	6628.836219118	2.433	0.549	-0.203	-0.079	0.052727	1	4294967295	1508338826
6629.148747000	6629.136175336	2.354	0.675	-0.208	-0.043	0.045482	1	4294967295	1508338827
-1.000000000	0.000000000	0.000	0.000	0.000	0.000	0.000000	0	0	0
6629.448884000	6629.436159526	2.252	0.815	-0.218	-0.007	0.027461	1	4294967295	1508338827
-1.000000000	0.000000000	0.000	0.000	0.000	0.000	0.000000	0	0	0
6629.748893000	6629.736137573	2.164	0.891	-0.223	0.011	0.038208	1	4294967295	1508338827
6630.049158000	6630.036094872	2.073	0.982	-0.231	0.032	0.024803	1	4294967295	1508338827
6630.361375000	6630.336097770	1.989	1.039	-0.234	0.043	0.082811	1	4294967295	1508338828
6630.649193000	6630.636067873	1.924	1.111	-0.232	0.057	0.064603	1	4294967295	1508338828
6630.949203000	6630.936060790	1.859	1.238	-0.229	0.083	0.033338	1	4294967295	1508338828
-1.000000000	0.000000000	0.000	0.000	0.000	0.000	0.000000	0	0	0
6631.249185000	6631.236050832	1.790	1.361	-0.228	0.106	0.037063	1	4294967295	1508338829
6631.549021000	6631.536020911	1.732	1.439	-0.226	0.117	0.046825	1	4294967295	1508338829
6631.849141000	6631.835998901	1.676	1.525	-0.222	0.129	0.027149	1	4294967295	1508338829
6632.149192000	6632.135974906	1.602	1.637	-0.223	0.146	0.034414	1	4294967295	1508338830
6632.449264000	6632.435957621	1.548	1.733	-0.219	0.158	0.026884	1	4294967295	1508338830
6632.749620000	6632.735952973	1.493	1.831	-0.215	0.170	0.047675	1	4294967295	1508338830
6633.064205000	6633.035938845	1.441	1.883	-0.213	0.171	0.025580	1	4294967295	1508338830
6633.363456000	6633.335916963	1.392	1.911	-0.210	0.165	0.028788	1	4294967295	1508338831
-1.000000000	0.000000000	0.000	0.000	0.000	0.000	0.000000	0	0	0
6633.649389000	6633.635875964	1.376	1.954	-0.200	0.165	0.033548	1	4294967295	1508338831
6633.949387000	6633.935837669	1.359	1.991	-0.191	0.163	0.038917	1	4294967295	1508338831
6634.249244000	6634.235798556	1.351	2.019	-0.180	0.158	0.044402	1	4294967295	1508338832
6634.549225000	6634.535763425	1.349	2.040	-0.168	0.153	0.048765	1	4294967295	1508338832
6634.848911000	6634.835739361	1.328	2.073	-0.162	0.150	0.058377	1	4294967295	1508338832
-1.000000000	0.000000000	0.000	0.000	0.000	0.000	0.000000	0	0	0
6635.148796000	6635.135697502	1.345	2.080	-0.147	0.141	0.024016	1	4294967295	1508338833