17:47:29.366:
0x2020 , 1433 0x3E3E , 7368 0x1C1C , 8177 0x5A5A , 7565 0x6E6E , 3586 
17:47:29.944:
0x2020 , 1452 0x3E3E , 7396 0x1C1C , 8222 0x5A5A , 7612 0x6E6E , 3571 
17:47:30.538:
0x2020 , 1497 0x3E3E , 7452 0x1C1C , 8200 0x5A5A , 7646 0x6E6E , 3606 
17:47:31.116:
0x2020 , 1423 0x3E3E , 7433 
17:47:31.131:
0x1C1C , 8190 0x5A5A , 7660 0x6E6E , 3641 
17:47:31.728:
0x2020 , 1403 0x3E3E , 7410 0x1C1C , 8295 0x5A5A , 7669 0x6E6E , 3621 
17:47:32.337:
0x2020 , 1368 0x3E3E , 7563 0x1C1C , 7638 0x5A5A , 8003 0x6E6E , 3601 
17:47:32.932:
0x2020 , 1517 0x3E3E , 7229 0x1C1C , 7770 0x5A5A , 7579 0x6E6E , 3817 
17:47:33.526:
0x2020 , 1571 0x3E3E , 7164 0x1C1C 
17:47:33.541:
, 7825 0x5A5A , 7479 0x6E6E , 3777 
17:47:34.166:
0x2020 , 1576 0x3E3E , 7243 0x1C1C , 7766 0x5A5A , 7469 0x6E6E , 3812 
17:47:34.776:
0x2020 , 1536 0x3E3E , 7252 0x1C1C , 7775 0x5A5A , 7483 0x6E6E , 3817 
17:47:35.401:
0x2020 , 1561 0x3E3E , 7285 0x1C1C , 7743 0x5A5A , 7441 0x6E6E , 3827 
17:47:36.010:
0x2020 , 1600 0x3E3E , 7234 0x1C1C , 7661 
17:47:36.026:
0x5A5A , 7607 0x6E6E , 3863 
17:47:36.744:
0x2020 , 1620 0x3E3E , 7234 0x1C1C , 7853 0x5A5A , 7512 0x6E6E , -796 
17:47:37.338:
0x2020 , 1586 0x3E3E , 7215 0x1C1C , 7734 0x5A5A , 7536 0x6E6E , 3883 
17:47:37.916:
0x2020 , 1689 0x3E3E , 6969 0x1C1C , 7857 0x5A5A , 7436 0x6E6E , 4069 
17:47:38.604:
0x2020 , 1798 0x3E3E , 6686 0x1C1C , 7446 0x5A5A , 7254 0x6E6E , -796 
17:47:39.202:
0x2020 , 2074 0x3E3E , 6166 0x1C1C , 7346 0x5A5A , 7078 0x6E6E , 4845 
17:47:39.812:
0x2020 , 2222 0x3E3E , 5712 0x1C1C , 7227 0x5A5A , 7040 0x6E6E , 5203 
17:47:40.405:
0x2020 , 2745 0x3E3E , 5252 0x1C1C , 6236 0x5A5A , 7126 0x6E6E , 5424 
17:47:40.999:
0x2020 , 2642 0x3E3E , 4895 0x1C1C
17:47:41.015:
 , 6022 0x5A5A , 6711 0x6E6E , 5943 
17:47:41.702:
0x2020 , 3095 0x3E3E , 4482 0x1C1C , 5926 
17:47:41.718:
0x5A5A , 6687 0x6E6E , -796 
17:47:44.047:
0x2020 , -688 0x3E3E , -218 0x1C1
17:47:44.063:
C , -159 0x5A5A , -339 0x6E6E , -796 
17:47:44.672:
0x2020 , 4443 0x3E3E , 3034 0x1C1C , 4533 0x5A5A
17:47:44.688:
 , 7135 0x6E6E , 8089 
17:47:45.297:
0x2020 , 4561 0x3E3E , 3039 0x1C1C ,
17:47:45.313:
 4232 0x5A5A , 7073 0x6E6E , 8109 
17:47:45.940:
0x2020 , 4936 0x3E3E , 3141 0x1C1C , 3999 0x5A5A , 7197 0x6E6E , 7862 
17:47:46.518:
0x2020 , 5326 0x3E3E , 3132 0x1C1C , 3922 0x5A5A , 7231 0x6E6E , 8477 
17:47:47.112:
0x2020 , 5484 0x3E3E , 2802 0x1C1C , 3734 0x5A5A , 7302 0x6E6E , 9051 
17:47:47.690:
0x2020 , 5558 0x3E3E , 2770 
17:47:47.706:
0x1C1C , 3415 0x5A5A , 7312 0x6E6E , 9066 
17:47:48.315:
0x2020 , 6007 0x3E3E , 2946 0x1C1C , 3095 0x5A5A , 6596 0x6E6E , 8376 
17:47:48.909:
0x2020 , 6367 0x3E3E , 3289 0x1C1C , 2767 0x5A5A , 6243 0x6E6E , 9031 
17:47:49.612:
0x2020 , 6446 0x3E3E , 3582 0x1C1C , 2397 0x5A5A , 6024 0x6E6E , -796 
17:47:50.300:
0x2020 , 6387 0x3E3E , 3869 0x1C1C , 2242 0x5A5A , 5618 0x6E6E , -796 
17:47:50.903:
0x20
17:47:50.926:
20 , 6949 0x3E3E , 4347 0x1C1C , 2232 0x5A5A , 5041 0x6E6E , 8331 
17:47:51.537:
0x2020 , 6939 0x3E3E , 4677 0x1C1C , 2369 0x5A5A , 4507 0x6E6E , 8225 
17:47:52.162:
0x2020 , 6974 0x3E3E , 5071 0x1C1C , 2424 0x5A5A , 4116 0x6E6E , 8109 
17:47:52.771:
0x2020 , 7097 0x3E3E , 5493 0x1C1C , 2657 
17:47:52.787:
0x5A5A , 3806 0x6E6E , 7842 
17:47:53.413:
0x2020 , 7161 0x3E3E , 5767 0x1C1C , 2885 0x5A5A , 3457 0x6E6E , 7726 
17:47:53.991:
0x2020 , 7156 0x3E3E , 6440 0x1C1C , 3150 0x5A5A , 3214 0x6E6E , 7313 
17:47:54.585:
0x2020 , 7097 0x3E3E , 6473 0x1C1C , 3342 0x5A5A , 3062 0x6E6E , 7097 
17:47:55.163:
0x2020 , 6989 0x3E3E , 6672 
17:47:55.179:
0x1C1C , 3844 0x5A5A , 3042 0x6E6E , 6648 
17:47:55.788:
0x2020 , 6920 0x3E3E , 6737 0x1C1C , 4191 0x5A5A , 3004 0x6E6E , 6140 
17:47:56.382:
0x2020 , 6697 0x3E3E , 6895 0x1C1C , 4228 0x5A5A , 2980 0x6E6E , 5691 
17:47:56.991:
0x2020 , 6480 0x3E3E , 7136 0x1C1C , 5036 0x5A5A , 3062 0x6E6E , 5198 
17:47:57.585:
0x2020 , 6239 0x3E3E , 7308 0x1C
17:47:57.600:
1C , 5552 0x5A5A , 3300 0x6E6E , 4744 
17:47:58.210:
0x2020 , 6204 0x3E3E , 7883 0x1C1C , 5698 0x5A5A , 3176 0x6E6E , 4185 
17:47:58.835:
0x2020 , 5997 0x3E3E , 8551 0x1C1C , 6360 0x5A5A , 3424 0x6E6E , 3752 
17:47:59.460:
0x2020 , 6026 0x3E3E , 8426 0x1C1C , 6460 0x5A5A , 3438 0x6E6E , 3288 
17:48:00.054:
0x2020 , 6021 0x3E3E , 8718 0x1C1C , 705
17:48:00.069:
4 0x5A5A , 3610 0x6E6E , 2845 
17:48:00.710:
0x2020 , 6017 0x3E3E , 9001 0x1C1C , 7127 0x5A5A , 3810 0x6E6E , 2699 
17:48:01.288:
0x2020 , 5864 0x3E3E , 8612 0x1C1C , 7433 0x5A5A , 4087 0x6E6E , 2573 
17:48:01.882:
0x2020 , 5587 0x3E3E , 8491 0x1C1C , 7469 0x5A5A , 4259 0x6E6E , 2543 
17:48:02.460:
0x2020 , 5168 0x3E3E , 8435 
17:48:02.475:
0x1C1C , 7547 0x5A5A , 4674 0x6E6E , 2482 
17:48:03.085:
0x2020 , 4803 0x3E3E , 8106 0x1C1C , 7387 0x5A5A , 4946 0x6E6E , 2598 
17:48:03.679:
0x2020 , 4556 0x3E3E , 8004 0x1C1C , 7072 0x5A5A , 5117 0x6E6E , 2790 
17:48:04.288:
0x2020 , 4339 0x3E3E , 8338 0x1C1C , 7510 0x5A5A , 5456 0x6E6E , 2956 
17:48:04.991:
0x2020 , 4250 0x3E3E , 8180 0x1C1C , 7305 0x5A5A , 5423 0x6E6E , -796 
17:48:05.585:
0x2020 , 4319
17:48:05.600:
 0x3E3E , 8064 0x1C1C , 7191 0x5A5A , 5518 0x6E6E , 2412 
17:48:06.210:
0x2020 , 4013 0x3E3E , 7943 0x1C1C , 7611 0x5A5A , 5704 0x6E6E , 2583 
17:48:06.835:
0x2020 , 3446 0x3E3E , 8050 0x1C1C , 7688 0x5A5A , 6267 0x6E6E , 2805 
17:48:07.444:
0x2020 , 2903 0x3E3E , 7943 0x1C1C , 7885 
17:48:07.460:
0x5A5A , 6758 0x6E6E , 2981 
17:48:08.100:
0x2020 , 2415 0x3E3E , 7633 0x1C1C , 8108 0x5A5A , 6949 0x6E6E , 3077 
17:48:08.687:
0x2020 , 2059 0x3E3E , 7456 0x1C1C , 7656 0x5A5A , 7498 0x6E6E , 3369 
17:48:09.272:
0x2020 , 1783 0x3E3E , 7554 0x1C1C , 7707 0x5A5A , 7612 0x6E6E , 3500 
17:48:09.850:
0x2020 , 1743 0x3E3E , 7243 
17:48:09.866:
0x1C1C , 7857 0x5A5A , 7383 0x6E6E , 3868 
17:48:10.460:
0x2020 , 1970 0x3E3E , 7011 0x1C1C , 7871 0x5A5A , 7603 0x6E6E , 4200 
17:48:11.069:
0x2020 , 1763 0x3E3E , 6760 0x1C1C , 7656 0x5A5A , 7650 0x6E6E , 4644 
17:48:11.678:
0x2020 , 1660 0x3E3E , 6384 0x1C1C , 7419 0x5A5A , 7579 0x6E6E , 4916 
17:48:12.366:
0x2020 , 1739 0x3E3E , 5879 0x1C1C , 7017 0x5A5A , 7369 0x6E6E , -796 
17:48:12.991:
0x2020 , 2331 0x3E3E , 5438 0x1C1C , 6629 0x5A5A , 7278 0x6E6E , 5752 
17:48:13.600:
0x2020 , 2503 0x3E3E , 5025 0x1C1C , 6287 0x5A5A , 7393 0x6E6E , 6094 
17:48:14.225:
0x2020 , 3160 0x3E3E , 4565 0x1C1C , 5944 0x5A5A , 6949 0x6E6E , 6533 
17:48:14.944:
0x2020 , 3056 0x3E3E , 4222 0x1C1C , 5506 0x5A5A , 7035 0x6E6E , -796 
17:48:15.538:
0x2020 
17:48:15.569:
, 3648 0x3E3E , 3855 0x1C1C , 5150 0x5A5A , 6868 0x6E6E , 7409 
17:48:16.147:
0x2020 , 3574 0x3E3E , 3563 0x1C1C , 4862 0x5A5A , 6949 0x6E6E , 7701 
17:48:16.741:
0x2020 , 4191 0x3E3E , 3210 0x1C1C , 4620 0x5A5A , 7231 0x6E6E , 7913 
17:48:17.319:
0x2020 , 4566 0x3E3E , 2960 
17:48:17.335:
0x1C1C , 4369 0x5A5A , 7355 0x6E6E , 8009 
17:48:19.759:
0x2020 , -688 0x3E3E , -218 0x1C1C , -159 
17:48:19.775:
0x5A5A , -339 0x6E6E , -796 
17:48:20.368:
0x2020 , 6165 0x3E3E , 3006 0x1C1C , 3145 0x5A5A , 6744 0x6E6E , 9243 
17:48:20.979:
0x2020 , 6480 0x3E3E , 3034 0x1C1C , 2949 0x5A5A , 6291 0x6E6E , 8880 
17:48:21.682:
0x2020 , 6604 0x3E3E , 3266 0x1C1C , 2671 0x5A5A , 6052 0x6E6E , -796 
17:48:22.275:
0
17:48:22.291:
x2020 , 6594 0x3E3E , 3809 0x1C1C , 2630 0x5A5A , 5614 0x6E6E , 8714 
17:48:22.979:
0x2020 , 6786 0x3E3E , 4129 0x1C1C , 22
17:48:22.994:
69 0x5A5A , 5265 0x6E6E , -796 
17:48:23.604:
0x2020 , 6890 0x3E3E , 4593 0x1C1C , 2415 0x5A5A , 477
17:48:23.620:
4 0x6E6E , 8427 
17:48:24.339:
0x2020 , 7206 0x3E3E , 5043 0x1C1C , 2388 0x5A5A , 4373 0x6E6E , -796 
17:48:24.932:
0x2020 , 7132 
17:48:24.964:
0x3E3E , 5382 0x1C1C , 2570 0x5A5A , 3935 0x6E6E , 7898 
17:48:25.621:
0x2020 , 7127 0x3E3E , 5976 0x1C1C , 27
17:48:25.637:
76 0x5A5A , 3548 0x6E6E , -796 
17:48:26.215:
0x2020 , 7008 0x3E3E , 6236 0x1C1C , 3022 0x5A5A
17:48:26.230:
 , 3257 0x6E6E , 7132 
17:48:26.809:
0x2020 , 7137 0x3E3E , 6361 
17:48:26.824:
0x1C1C , 3269 0x5A5A , 3171 0x6E6E , 6840 
17:48:28.232:
0x2020 , 6944 0x3E3E , -218 0x1C1C , -159 0x5A5A , -339 0x6E6E , -796 
17:48:28.842:
0x2020 , 6949 0x3E3E , 7164 0x1C1C , 4584 0x5A5A , 2699 0x6E6E , 5389 
17:48:29.437:
0x2020 , 6545 0x3E3E , 7433 0x1C1C , 4995 0x5A5A , 2785 0x6E6E , 4931 
17:48:30.031:
0x2020 , 6984 0x3E3E , 7809 0x1C1C , 
17:48:30.046:
5447 0x5A5A , 2899 0x6E6E , 4462 
17:48:30.671:
0x2020 , 6599 0x3E3E , 8050 0x1C1C , 5766 0x5A5A , 3190 0x6E6E , 3999 
17:48:31.281:
0x2020 , 6179 0x3E3E , 8282 0x1C1C , 6182 0x5A5A , 2957 0x6E6E , 3611 
17:48:31.906:
0x2020 , 6155 0x3E3E , 8556 0x1C1C , 6825 0x5A5A , 3558 0x6E6E , 3193 
17:48:32.515:
0x2020 , 5967 0x3E3E , 8899 0x1C1C , 7127 
17:48:32.531:
0x5A5A , 3748 0x6E6E , 2891 
17:48:33.156:
0x2020 , 6026 0x3E3E , 9071 0x1C1C , 7072 0x5A5A , 3868 0x6E6E , 2744 
17:48:33.750:
0x2020 , 5928 0x3E3E , 8992 0x1C1C , 7223 0x5A5A , 4416 0x6E6E , 2538 
17:48:34.347:
0x2020 , 5642 0x3E3E , 8992 0x1C1C , 7497 0x5A5A , 4440 0x6E6E , 2568 
17:48:34.909:
0x2020 , 5301 0x3E3E , 9001 
17:48:34.925:
0x1C1C , 7218 0x5A5A , 4869 0x6E6E , 2412 
17:48:35.534:
0x2020 , 4906 0x3E3E , 8677 0x1C1C , 7487 0x5A5A , 4974 0x6E6E , 2014 
17:48:36.206:
0x2020 , 4630 0x3E3E , 8626 
17:48:36.222:
0x1C1C , 7588 0x5A5A , 5833 0x6E6E , -796 
17:48:36.817:
0x2020 , 4354 0x3E3E , 8319 0x1C1C , 7191 
17:48:36.833:
0x5A5A , 5175 0x6E6E , 2412 
17:48:37.427:
0x2020 , 4161 0x3E3E , 8361 
17:48:37.442:
0x1C1C , 7181 0x5A5A , 5423 0x6E6E , 2805 
17:48:38.130:
0x2020 , 3776 0x3E3E , 8087 0x1C1C , 71
17:48:38.146:
86 0x5A5A , 5795 0x6E6E , -796 
17:48:38.830:
0x2020 , 3599 0x3E3E , 
17:48:38.846:
-218 0x1C1C , 7296 0x5A5A , 5976 0x6E6E , 2845 
17:48:39.456:
0x2020 , 3461 0x3E3E , 7957 0x1C1C , 735
17:48:39.472:
0 0x5A5A , 5909 0x6E6E , 2865 
17:48:40.082:
0x2020 , 3313 0x3E3E , 7827
17:48:40.098:
 0x1C1C , 7528 0x5A5A , 6410 0x6E6E , 2790 
17:48:40.801:
0x2020 , 3066 0x3E3E , 7716 0x1C1C , 75
17:48:40.817:
79 0x5A5A , 6215 0x6E6E , -796 
17:48:41.395:
0x2020 , 2701 0x3E3E , 7776 0x1C1C , 7889 0x5A5A , 6591 0x6E6E , 3178 
17:48:42.785:
0x2020 , 2183 0x3E3E , -218 0x1C1C , -159 0x5A5A , 
17:48:42.801:
-339 0x6E6E , -796 
17:48:43.379:
0x2020 , 1724 0x3E3E , 7433 0x
17:48:43.395:
1C1C , 8017 0x5A5A , 7455 0x6E6E , 3435 
17:48:44.068:
0x2020 , 1551 0x3E3E , 7192 0x1C1C , 7697 
17:48:44.083:
0x5A5A , 7417 0x6E6E , -796 
17:48:44.693:
0x2020 , 1576 0x3E3E , 6899 0x1C1C , 7492 0x5A5A , 7545 0x6E6E , 4230 
17:48:45.380:
0x2020 , 1748 0x3E3E , 6593 0x1C1C , 7378 0x5A5A , 7374 0x6E6E , -796 
17:48:45.974:
0x2020 , 2044 0x3E3E , 6227 0x1C1C
17:48:45.990:
 , 7022 0x5A5A , 7254 0x6E6E , 4734 
17:48:46.615:
0x2020 , 2291 0x3E3E , 5772 0x1C1C , 6734 0x5A5A , 6968 0x6E6E , 5041 
17:48:47.302:
0x2020 , 2380 0x3E3E , 5470 0
17:48:47.318:
x1C1C , 6382 0x5A5A , 6987 0x6E6E , -796 
17:48:47.914:
0x2020 , 2592 0x3E3E , 5039 0x1C1C , 6268 0x5
17:48:47.930:
A5A , 7002 0x6E6E , 5550 
17:48:48.650:
0x2020 , 2844 0x3E3E , 4658 0x1C1C , 6026 0x5A5A , 6773 0x6E6E , -796 
17:48:49.259:
0x2020 , 3
17:48:49.275:
900 0x3E3E , 4306 0x1C1C , 5739 0x5A5A , 6816 0x6E6E , 6517 
17:48:49.931:
0x2020 , 3169 0x3E3E , 3934 0x1C1C
17:48:49.947:
 , 5346 0x5A5A , 6959 0x6E6E , -796 
17:48:50.525:
0x2020 , 4028 0x3E3E , 3568 0x1C1C , 5163 
17:48:50.540:
0x5A5A , 7326 0x6E6E , 7308 
17:48:51.228:
0x2020 , 3767 0x3E3E , 3252 0x1C1C , 4894 0x5A5A , 7197 0x6E6E , -796 
17:48:51.822:
0x2020 , 4591 0x3E3E , 3002 0x1C1C , 4547 0x5A5A , 7369 0x6E6E , 7893 
17:48:52.494:
0x2020 , 4595 0x3E3E , 2672
17:48:52.509:
 0x1C1C , 4410 0x5A5A , 7307 0x6E6E , -796 
17:48:53.103:
0x2020 , 4783 0x3E3E , 2760 0x1C1C , 40
17:48:53.118:
31 0x5A5A , 7231 0x6E6E , 8598 
17:48:53.884:
0x2020 , 5202 
17:48:53.915:
0x3E3E , 2723 0x1C1C , 3785 0x5A5A , -339 0x6E6E , -796 
17:48:54.509:
0x2020 , 5642 0x3E3E , 28
17:48:54.525:
58 0x1C1C , 3465 0x5A5A , 7250 0x6E6E , 9137 
17:48:55.212:
0x2020 
17:48:55.228:
, 6174 0x3E3E , 2575 0x1C1C , 3205 0x5A5A , 7197 0x6E6E , -796 
17:48:55.853:
0x2020 , 6298 0x3E3E , 2895 0x1C1C , 2867 0x5A5A , 6463 0x6E6E , 8930 
17:48:56.572:
0x2020 , 6515 0x3E3E , 3197 0x1C1C , 2598 0x5A5A , 6401 0x6E6E , -796 
17:48:57.181:
0x2020 , 65
17:48:57.197:
05 0x3E3E , 3512 0x1C1C , 2255 0x5A5A , 6038 0x6E6E , 8810 
17:48:57.853:
0x2020 , 6781 0x3E3E , 3911 0x1C1C 
17:48:57.868:
, 2123 0x5A5A , 5561 0x6E6E , -796 
17:48:58.447:
0x2020 , 6905 0x3E3E , 4157 0x1C1C , 2123 
17:48:58.462:
0x5A5A , 5194 0x6E6E , 8074 
17:48:59.213:
0x2020 , 7058 0
17:48:59.229:
x3E3E , 4477 0x1C1C , 2127 0x5A5A , -339 0x6E6E , -796 
17:48:59.807:
0x2020 , 7013 0x3E3E 
17:48:59.823:
, 4923 0x1C1C , 2630 0x5A5A , 4283 0x6E6E , 8145 
17:49:00.526:
0x2020 , 7038 0x3E3E , 5294 0x1C1C , 2452 0x5A5A , 3982 0x6E6E , -796 
17:49:01.135:
0x2020 , 7132 0x3E3E , 5544 0x1C1C , 2725 0x5A5A , 3615 0x6E6E , 7731 
17:49:01.901:
0x2020 , 7122 0x3E3E , 5730 
17:49:01.916:
0x1C1C , 2967 0x5A5A , -339 0x6E6E , -796 
17:49:02.526:
0x2020 , 7092 0x3E3E , 6398 0x1C1C , 3479 0x5A5A , 3047 0x6E6E , 6905 
17:49:03.214:
0x2020 , 6959 0x3E3E , 6482 0x1C1C , 
17:49:03.230:
3771 0x5A5A , 2952 0x6E6E , -796 
17:49:03.839:
0x2020 , 6870 0x3E3E , 7127 0x1C1C , 4360 0x5A5A , 
17:49:03.855:
2876 0x6E6E , 6034 
17:49:04.575:
0x2020 , 6846 0x3E3E , 6960 0x1C1C , 4816 0x5A5A , 2880 0x6E6E , -796 
17:49:05.184:
0x2020 , 6
17:49:05.200:
406 0x3E3E , 7066 0x1C1C , 5127 0x5A5A , 3042 0x6E6E , 5112 
17:49:05.856:
0x2020 , 6244 0x3E3E , 7345 0x1C1
17:49:05.871:
C , 5556 0x5A5A , 3300 0x6E6E , -796 
17:49:06.450:
0x2020 , 6850 0x3E3E , 8389 0x1C1C , 5725 0x
17:49:06.465:
5A5A , 2814 0x6E6E , 4180 
17:49:07.153:
0x2020 , 6549 0x3E3E , 8626 0x1C1C , 6314 0x5A5A , 3353 0x6E6E , -796 
17:49:07.731:
0x2020 
17:49:07.746:
, 6041 0x3E3E , 8858 0x1C1C , 6720 0x5A5A , 3481 0x6E6E , 3359 
17:49:08.419:
0x2020 , 6031 0x3E3E , 8704 0x1C1C ,
17:49:08.435:
 6684 0x5A5A , 3791 0x6E6E , -796 
17:49:09.034:
0x2020 , 5730 0x3E3E , 8858 0x1C1C , 6894 0x5A5
17:49:09.049:
A , 3763 0x6E6E , 2709 
17:49:09.737:
0x2020 , 5819 0x3E3E , 8867 0x1C1C , 7154 0x5A5A , 3935 0x6E6E , -796 
17:49:10.330:
0x2020
17:49:10.362:
 , 5489 0x3E3E , 8612 0x1C1C , 7556 0x5A5A , 4469 0x6E6E , 2447 
17:49:11.049:
0x2020 , 5074 0x3E3E , 8519 0x1C1C , 6908
17:49:11.065:
 0x5A5A , 4803 0x6E6E , -796 
17:49:11.690:
0x2020 , 4719 0x3E3E , 8858 0x1C1C , 7528 0x5A5A , 5022 0x6E6E , 2548 
17:49:12.393:
0x2020 , 4403 0x3E3E , 8324 0x1C1C , 7127 0x5A5A , 5237 0x6E6E , -796 
17:49:13.002:
0x2020 , 4137 
17:49:13.034:
0x3E3E , 8250 0x1C1C , 7200 0x5A5A , 5580 0x6E6E , 2644 
17:49:13.690:
0x2020 , 3850 0x3E3E , 8250 0x1C1C , 7273 
17:49:13.705:
0x5A5A , 5160 0x6E6E , -796 
17:49:14.268:
0x2020 , 3638 0x3E3E , 8148 0x1C1C , 7332 0x5A5A ,
17:49:14.299:
 5771 0x6E6E , 2603 
17:49:15.049:
0x2020 , 3421 0x3E3E , 7920 
17:49:15.065:
0x1C1C , 7373 0x5A5A , -339 0x6E6E , -796 
17:49:15.659:
0x2020 , 3184 0x3E3E , 7911 0x1C1C , 7707 0x5A5A , 6315 0x6E6E , 2891 
17:49:16.335:
0x2020 , 2967 0x3E3E , 7767 
17:49:16.350:
0x1C1C , 7734 0x5A5A , 6234 0x6E6E , -796 
17:49:16.944:
0x2020 , 2607 0x3E3E , 7934 0x1C1C , 7985
17:49:16.960:
 0x5A5A , 6711 0x6E6E , 3057 
17:49:17.649:
0x2020 , 2286 0x3E3E , 7414 0x1C1C , 7948 0x5A5A , 6968 0x6E6E , -796 
17:49:19.086:
0x2020 , 1788 0x3E3E , -218 0x1C1C , -159 0x5A5A , -339 0x6E6E , -796 
17:49:19.700:
0x2020 , 1763 0x3E3E , 7011 0x1C1C , 8067 0x5A5A , 7145 0x6E6E , 3898 
17:49:20.325:
0x2020 , 1916 0x3E3E , 6774 0x1C1C , 7332 0x5A5A , 7059 0x6E6E , 4049 
17:49:20.940:
0x2020 , 2025 0x3E3E , 6561 0x1
17:49:20.955:
C1C , 7250 0x5A5A , 6983 0x6E6E , 4210 
17:49:21.658:
0x2020 , 2237 0x3E3E , 6338 0x1C1C , 7378 0
17:49:21.674:
x5A5A , 7011 0x6E6E , -796 
17:49:22.252:
0x2020 , 2291 0x3E3E , 6138 0x1C1C , 6812 0x5A5A , 7202 0x6E6E , 4628 
17:49:22.849:
0x2020 , 2153 0x3E3E , 5930 0x1C1C , 6739 0x5A5A , 6902 0x6E6E , 4875 
17:49:23.537:
0x2020 , 2454 0x3E3E , 5674 0x1C1C , 6574 0x5A5A , 7130 0x6E6E , -796 
17:49:24.099:
0x2020 ,
17:49:24.130:
 2735 0x3E3E , 5442 0x1C1C , 6250 0x5A5A , 7297 0x6E6E , 5157 
17:49:24.725:
0x2020 , 3066 0x3E3E , 5201 0x1C1C , 6122 0x5A5A , 6477 0x6E6E , 5409 
17:49:25.334:
0x2020 , 2918 0x3E3E , 5002 0x1C1C , 5999 0x5A5A , 7092 0x6E6E , 5631 
17:49:25.928:
0x2020 , 3130 0x3E3E , 4802 0x1C1C , 
17:49:25.943:
6200 0x5A5A , 6816 0x6E6E , 5847 
17:49:26.631:
0x2020 , 3091 0x3E3E , 4579 0x1C1C , 5816 
17:49:26.646:
0x5A5A , 7011 0x6E6E , -796 
17:49:27.271:
0x2020 , 3520 0x3E3E , 4384 0x1C1C , 5556 0x5A5A , 6582 0x6E6E , 6240 
17:49:27.959:
0
17:49:27.975:
x2020 , 4018 0x3E3E , 4152 0x1C1C , 5456 0x5A5A , 6825 0x6E6E , -796 
17:49:28.584:
0x2020 , 4003 0x3E3E , 3883 0x1C1C , 51
17:49:28.600:
63 0x5A5A , 7026 0x6E6E , 6774 
17:49:29.240:
0x2020 , 4201 0x3E3E , 3684 0x1C1C , 5081 0x5A5A , 7097 0x6E6E , 6981 
17:49:29.896:
0x2020 , 3880 0x3E3E , 3
17:49:29.912:
470 0x1C1C , 4844 0x5A5A , 7293 0x6E6E , -796 
17:49:30.475:
0x2020 , 4546 0x3E3E , 3275 0x1
17:49:30.490:
C1C , 4657 0x5A5A , 7278 0x6E6E , 7545 
17:49:31.068:
0x2020 , 4852 
17:49:31.099:
0x3E3E , 3118 0x1C1C , 4556 0x5A5A , 7383 0x6E6E , 7747 
17:49:31.787:
0x2020 , 4975 0x3E3E , 2918 0x1C1C , 4392 0x5A5A , 7254 0x6E6E , -796 
17:49:32.391:
0x2020 , 4418 0x3E3E , 2774 0x1C1C , 4282 0x5A5A , 7207 0x6E6E , 8160 
17:49:32.993:
0x2020 , 5326 0x3E3E , 2635 0x1C1C , 4168 0x5A5A , 7374 0x6E6E , 8407 
17:49:33.681:
0x2020 , 5587 0x3E3E , 2463 0x1C1C , 4040 0x5A5A , 7231 0x6E6E , -796 
17:49:34.275:
0x2020 ,
17:49:34.306:
 5745 0x3E3E , 2538 0x1C1C , 3812 0x5A5A , 7092 0x6E6E , 9016 
17:49:34.917:
0x2020 , 5444 0x3E3E , 2477 0x1C1C , 3579 0x5A5A , 7002 0x6E6E , 8830 
17:49:35.606:
0x2
17:49:35.638:
020 , 5454 0x3E3E , 2538 0x1C1C , 3324 0x5A5A , 7116 0x6E6E , -796 
17:49:36.341:
0x2020 , -688 0x3E3E , 2756 0x1C1C , 3082 0x5A5A , 6787 0x6E6E , 9197 
17:49:37.060:
0x2020 , 5878 0x3E3E , 2983 0x1C1C , 2844 0x5A5A , 6587 0x6E6E , -796 
17:49:37.653:
0x2020 , 6066 0x3E3E , 3169 0x1C1C , 2671 0x5A5A , 6339 0x6E6E , 8986 
17:49:38.231:
0x2020 , 6515 0x3E3E , 3183 0x1C1C , 2479 0x5A5A , 6405 0x6E6E , 8759 
17:49:38.924:
0x2020 , 6693 0x3E3E , 3410 0x1C1C , 2269 0x5A5A , 6215 0x6E6E , -796 
17:49:39.502:
0x
17:49:39.518:
2020 , 6732 0x3E3E , 3791 0x1C1C , 2123 0x5A5A , 5895 0x6E6E , 8618 
17:49:40.191:
0x2020 , 7102 0x3E3E , 3777 0x
17:49:40.206:
1C1C , 2013 0x5A5A , 5571 0x6E6E , -796 
17:49:40.800:
0x2020 , 7097 0x3E3E , 4032 0x1C1C , 1963 
17:49:40.816:
0x5A5A , 5137 0x6E6E , 8366 
17:49:41.519:
0x2020 , 7171 0x3E3E , 4166 0x1C1C , 2091 0x5A5A , 5089 0x6E6E , -796 
17:49:42.112:
0x2020 , 7
17:49:42.128:
072 0x3E3E , 4445 0x1C1C , 2210 0x5A5A , 4798 0x6E6E , 8583 
17:49:42.925:
0x2020 , 7230 0x3E3E , 4654 0x1C1C , -159 0x5A5A , 4412 0x6E6E , -796 
17:49:43.550:
0x2020 , 6850 0x3E3E , 5025 0x1C1C , 2506 0x5A5A , 4111 0x6E6E , 7676 
17:49:44.159:
0x2020 , 6796 0x3E3E , 5289 0x1C
17:49:44.175:
1C , 2639 0x5A5A , 3949 0x6E6E , 7918 
17:49:44.878:
0x2020 , 6924 0x3E3E , 5442 0x1C1C , 2767 0x5A5
17:49:44.894:
A , 3706 0x6E6E , -796 
17:49:45.472:
0x2020 , 7023 0x3E3E , 5605 0x1C1C , 2885 0x5A5A , 3462 0x6E6E , 7565 
17:49:46.066:
0x2020 , 6954 0x3E3E , 5846 0x1C1C , 2967 0x5A5A , 3348 0x6E6E , 7313 
17:49:46.754:
0x2020 , 6944 0x3E3E , 6046 0x1C1C , 3301 0x5A5A , 3128 0x6E6E , -796 
17:49:47.318:
0x20
17:49:47.349:
20 , 6998 0x3E3E , 6375 0x1C1C , 3684 0x5A5A , 3038 0x6E6E , 6689 
17:49:47.943:
0x2020 , 6924 0x3E3E , 6505 0x1C1C , 3817 0x5A5A , 3047 0x6E6E , 6457 
17:49:48.646:
0x2020 , 6836 0x3E3E , 6482 0x1C1C , 4150 0x5A5A , 2933 0x6E6E , -796 
17:49:49.240:
0x2020 , 6762 0x3E3E , 6858 0x1C1C , 44
17:49:49.256:
10 0x5A5A , 2942 0x6E6E , 5747 
17:49:49.865:
0x2020 , 6510 0x3E3E , 6946 0x1C1C , 5036 0x5A5A , 3062 0x6E6E , 5409 
17:49:50.554:
0x2020 , 6387 0x3E3E , 7261 0x1C1C , 5
17:49:50.569:
049 0x5A5A , 2966 0x6E6E , -796 
17:49:51.194:
0x2020 , 6352 0x3E3E , 7414 0x1C1C , 5346 0x5A5A , 3677 0x6E6E , 4830 
17:49:51.804:
0x2020 , 6244 0x3E3E , 7646 0x1C1C
17:49:51.819:
 , 5122 0x5A5A , 3162 0x6E6E , 4492 
17:49:52.523:
0x2020 , 6475 0x3E3E , 7739 0x1C1C , 5542 0x5A5A , 
17:49:52.538:
3214 0x6E6E , -796 
17:49:53.116:
0x2020 , 6327 0x3E3E , 7911 0x1C1C , 6086 0x5A5A , 3238 0x6E6E , 3948 
17:49:53.716:
0x2020 , 6604 0x3E3E , 8134 0x1C1C , 6241 0x5A5A , 3429 0x6E6E , 3626 
17:49:54.295:
0x2020 , 6283 0x3E3E , 8268 
17:49:54.311:
0x1C1C , 6524 0x5A5A , 3467 0x6E6E , 3369 
17:49:54.974:
0x2020 , 6041 0x3E3E , 8384 0x
17:49:54.989:
1C1C , 6533 0x5A5A , 3596 0x6E6E , -796 
17:49:55.599:
0x2020 , 5952 0x3E3E , 8621 0x1C1C , 6634 0x5A5A , 3920 0x6E6E , 2785 
17:49:56.208:
0x2020 , 5987 0x3E3E , 8779 0x1C1C , 6994 0x5A5A , 4025 0x6E6E , 2533 
17:49:56.896:
0x2020 , 5834 0x3E3E , 8918 0x1C1C , 7072 0x5A5A , 4097 0x6E6E , -796 
17:49:57.489:
0x2020 
17:49:57.521:
, 5607 0x3E3E , 8681 0x1C1C , 7067 0x5A5A , 4225 0x6E6E , 2422 
17:49:58.130:
0x2020 , 5439 0x3E3E , 8523 0x1C1C , 7478 0x5A5A , 4435 0x6E6E , 2392 
17:49:58.849:
0x2020 , 5143 0x3E3E , 8245 0x1C1C , 6798 0x5A5A , 4827 0x6E6E , -796 
17:49:59.458:
0x2020 , 4852 0x3E3E , 8208 0x1C1C , 70
17:49:59.474:
17 0x5A5A , 5022 0x6E6E , 2644 
17:50:00.177:
0x2020 , 4640 0x3E3E , 8380 0x1C1C , 6771 0x5A5A , 4
17:50:00.192:
927 0x6E6E , -796 
17:50:00.771:
0x2020 , 4492 0x3E3E , 8078 0x1C1C , 7328 0x5A5A , 5017 0x6E6E , 2568 
17:50:01.364:
0x2020 , 4443 0x3E3E , 8236 0x1C1C , 7455 0x5A5A , 5137 0x6E6E , 2739 
17:50:02.052:
0x2020 , 4220 0x3E3E , 8268 0x1C1C , 7223 0x5A5A , 5652 0x6E6E , -796 
17:50:02.646:
0x2020 , 3919 0x3E3E , 7976 0x1C1C , 7159 0x5A5A , 5680 0x6E6E , 2624 
17:50:03.319:
0x2020 , 3826 0x3E3E , 7800 
17:50:03.335:
0x1C1C , 7154 0x5A5A , 5599 0x6E6E , -796 
17:50:03.928:
0x2020 , 3722 0x3E3E , 7772 0x1C1C , 714
17:50:03.944:
5 0x5A5A , 5657 0x6E6E , 2936 
17:50:04.647:
0x2020 , 3564 0x3E3E , 8041 0x1C1C , 7113 0x5A5A , 5833 0x6E6E , -796 
17:50:06.069:
0x2020 , 3051 0x3E3E , -218 0x1C1C , -159 0x5A5A , -339 0x6E6E , -796 
17:50:06.694:
0x2020 , 2686 0x3E3E , 7382 0x1C1C , 7670 0x5A5A , 6611 0x6E6E , 3238 
17:50:07.491:
0x2020 , 2375 0x3E3E , 7489 0x1C1C , 7939 0x5A5A , -339 0x6E6E , -796 
17:50:08.100:
0x2020 , 2030 0x3E3E , 7150 0x1C1C , 7369
17:50:08.116:
 0x5A5A , 7159 0x6E6E , 3430 
17:50:08.817:
0x2020 , 1778 0x3E3E , 7442 0x1C1C , 7583 0x5A5A , 7627
17:50:08.833:
 0x6E6E , -796 
17:50:09.426:
0x2020 , 1699 0x3E3E , 7122 0x1C1C , 7652 0x5A5A , 6964 0x6E6E , 3853 
17:50:10.098:
0x2020 , 1719 0x3E3E , 6937 0x1C1C , 7930 0x5A5A , 7111 0x6E6E , -796 
17:50:10.676:
0x2020 , 1783 0x3E3E , 6848 0
17:50:10.692:
x1C1C , 7853 0x5A5A , 7135 0x6E6E , 4125 
17:50:11.364:
0x2020 , 1916 0x3E3E , 6612 0x1C1C , 761
17:50:11.385:
1 0x5A5A , 7221 0x6E6E , -796 
17:50:11.979:
0x2020 , 1931 0x3E3E , 6347 0x1C1C , 7396 0x5A5A , 6968 0x6E6E , 4633 
17:50:12.682:
0x2020 , 2479 0x3E3E , 6069 0x1C1C , 7241 0x5A5A , 6940 0x6E6E , -796 
17:50:13.260:
0x2020 , 2049 0x3E3E , 5790 0
17:50:13.291:
x1C1C , 7031 0x5A5A , 6925 0x6E6E , 4996 
17:50:14.074:
0x2020 , 2331 0x3E3E , 5586 0x1C1C , 6803 0x5A5A , -339 0x6E6E , -796 
17:50:14.699:
0x2020 , 2355 0x3E3E , 5331 0x1C1C , 6524 0x5A5A , 6615 0x6E6E , 5560 
17:50:15.386:
0
17:50:15.402:
x2020 , 2972 0x3E3E , 5053 0x1C1C , 6332 0x5A5A , 7474 0x6E6E , -796 
17:50:16.011:
0x2020 , 2873 0x3E3E , 4756 0x1C1C , 5
17:50:16.027:
944 0x5A5A , 6572 0x6E6E , 5636 
17:50:16.840:
0x2020 , 3184 0x3E3E , 4496 0x1C1C , 5857 0x5A5A , -339 0x6E6E , -796 
17:50:17.418:
0x2020 , 3248 0x3E3E , 4176 0x1C1C , 5479 0x5A5A , 6758 0x6E6E , 7001 
17:50:18.106:
0x2020 , 3767 0x3E3E , 3916 0x1C1C , 5273 0x5A5A , 6944 0x6E6E , -796 
17:50:18.684:
0x2020 , 3845 0x3E3E , 3712 
17:50:18.700:
0x1C1C , 5017 0x5A5A , 6825 0x6E6E , 7056 
17:50:19.466:
0x2020 , 3791 0x3E3E , 3475 0x1C1C , 4812 0x5A5A , -339 0x6E6E , -796 
17:50:20.075:
0x2020 , 4378 0x3E3E , 3201 0x1C1C , 5022 0x5A5A , 7383 0x6E6E , 7540 
17:50:20.763:
0x2020 , 4595 0x3E3E , 3002 0x1C1C , 4616 0x5A5A , 7283 0x6E6E , -796 
17:50:21.357:
0x2020 , 4591 0x3E3E , 2844 0x1C
17:50:21.372:
1C , 4410 0x5A5A , 7169 0x6E6E , 7963 
17:50:22.169:
0x2020 , 4571 0x3E3E , 2658 0x1C1C , 4255 0x5A5A , -339 0x6E6E , -796 
17:50:22.794:
0x2020 , 5661 0x3E3E , 2556 0x1C1C , 3940 0x5A5A , 6987 0x6E6E , 8447 
17:50:23.592:
0x2020 , 5804 0x3E3E , 2519 0x1C1C , 3739 0x5A5A , -339 0x6E6E , -796 
17:50:24.202:
0x2020 , 5577 0x3E3E , 2784 0x1C1C , 3429 
17:50:24.217:
0x5A5A , 7269 0x6E6E , 9117 
17:50:24.936:
0x2020 , 5740 0x3E3E , 2552 0x1C1C , 3269 0x5A5A , 7073 0x6E6E , -796 
17:50:25.514:
0x2020 , 5750 0x3E3E , 3442 0x1C1C , 3091 0x5A5A , 7111 0x6E6E , 9162 
17:50:26.280:
0x2020 , 6396 0x3E3E , 2853 0x1C1C , 2867 0x5A5A , -339 0x6E6E , -796 
17:50:26.858:
0x2020 , 6436 0x3E3E , 3057 
17:50:26.874:
0x1C1C , 2625 0x5A5A , 6215 0x6E6E , 8789 
17:50:27.546:
0x2020 , 6510 0x3E3E , 3210 0x1C1C , 2456 
17:50:27.561:
0x5A5A , 6048 0x6E6E , -796 
17:50:28.233:
0x2020 , 6678 0x3E
17:50:28.249:
3E , 3526 0x1C1C , 2260 0x5A5A , -339 0x6E6E , 8825 
17:50:28.953:
0x2020 , 6821 0x3E3E , 3688 0x1C1C , 2159 0x5A5A , 5637 0x6E6E , -796 
17:50:29.547:
0x2020 , 6929 0x3E3E , 3902 0x1C
17:50:29.563:
1C , 2077 0x5A5A , 5356 0x6E6E , 8618 
17:50:30.250:
0x2020 , 7028 0x3E3E , 4208 0x1C1C , 2132 
17:50:30.266:
0x5A5A , 5127 0x6E6E , -796 
17:50:30.875:
0x2020 , 6747 0x3E3E , 4565 0x1C1C , 2077 0x5A5A , 4846 0x6E6E , 8029 
17:50:31.766:
0x2020 , 7339 0x3E3E , 4565 0x1C1C , -159 0x5A5A , -339 0x6E6E , -796 
17:50:32.375:
0x2020 , 6984 0x3E3E , 4867 0x1C
17:50:32.391:
1C , 2136 0x5A5A , 4302 0x6E6E , 8432 
17:50:33.205:
0x2020 , 7117 0x3E3E , 5127 0x1C1C , -159 0x5A5A , 4006 0x6E6E , -796 
17:50:33.784:
0x2020 , 7280 0x3E3E , 5210 0x1C1C , 2461 0x5A5A , 3720 0x6E6E , 7787 
17:50:35.190:
0x2020 , 7077 0x3E3E , -218 0x1C1C , -159 0x5A5A , -339 0x6E6E , -796 
17:50:35.768:
0x2020 , 7107 0x3E3E , 6236 0x
17:50:35.784:
1C1C , 3447 0x5A5A , 3176 0x6E6E , 6936 
17:50:36.393:
0x2020 , 6693 0x3E3E , 6486 0x1C1C , 3250 0x5A5A , 3257 0x6E6E , 6628 
17:50:37.049:
0x2020 , 6905 0x3E3E , 6537 
17:50:37.081:
0x1C1C , 4246 0x5A5A , 3186 0x6E6E , -796 
17:50:37.659:
0x2020 , 6821 0x3E3E , 6774 0x1C1C , 3817 
17:50:37.674:
0x5A5A , 3095 0x6E6E , 5913 
17:50:38.270:
0x2020 , 6737 0x3E3E , 680
17:50:38.286:
2 0x1C1C , 4739 0x5A5A , 3057 0x6E6E , 5722 
17:50:38.974:
0x2020 , 6505 0x3E3E , 6918 0x1C1C ,
17:50:38.990:
 5008 0x5A5A , 2947 0x6E6E , -796 
17:50:39.617:
0x2020 , 6318 0x3E3E , 7169 0x1C1C , 4698 0x5A5A , 3157 0x6E6E , 4961 
17:50:40.228:
0x2020 , 6155 0x3E3E , 7247 0x1C1C , 5132 0x5A5A , 3281 0x6E6E , 4790 
17:50:41.011:
0x2020 , 6100 0x3E3E , 7517 
17:50:41.027:
0x1C1C , -159 0x5A5A , 3319 0x6E6E , -796 
17:50:41.667:
0x2020 , 6041 0x3E3E , 7749 0x1C1C , 6045 0x5A5A , 3672 0x6E6E , 4069 
17:50:42.246:
0x2020 , 5923 0x3E3E , 7865 0x1C1C , 6341 0x5A5A , 3338 0x6E6E , 3782 
17:50:42.839:
0x2020 , 6002 0x3E3E , 8101 0x1C1C , 6551 0x5A5A , 3443 0x6E6E , 3510 
17:50:43.527:
0x2020 , 6061 0x3E3E , 8189 0x1C1C , 6803 0x5A5A , 3562 0x6E6E , -796 
17:50:44.105:
0x2020
17:50:44.121:
 , 5854 0x3E3E , 8472 0x1C1C , 6971 0x5A5A , 3930 0x6E6E , 2865 
17:50:44.903:
0x2020 , 5740 0x3E3E , 8909 0x1C1C , -159 0x5A5A , 3939 0x6E6E , -796 
17:50:45.513:
0x2020 , 5543 0x3E3E , 8867 0x1C1C , 7122 0x5A5A , 4025 0x6E6E , 2558 
17:50:46.093:
0x2020 , 5661 0x3E3E , 8635 0x1C1
17:50:46.109:
C , 7163 0x5A5A , 4116 0x6E6E , 2528 
17:50:46.797:
0x2020 , 5385 0x3E3E , 8565 0x1C1C , 7396 
17:50:46.812:
0x5A5A , 4340 0x6E6E , -796 
17:50:47.439:
0x2020 , 5054 0x3E3E , 8296 0x1C1C , 7250 0x5A5A , 4531 0x6E6E , 2775 
17:50:48.235:
0x2020 , 4793 0x3E3E , 8194 0x1C1C , -159 0x5A5A , 4836 0x6E6E , -796 
17:50:48.845:
0x2020 , 4452 0x3E3E , 8570 0x1C1C , 
17:50:48.860:
7022 0x5A5A , 5036 0x6E6E , 2568 
17:50:49.564:
0x2020 , 4235 0x3E3E , 8227 0x1C1C , 7259 0x5A5A , 5
17:50:49.579:
041 0x6E6E , -796 
17:50:50.173:
0x2020 , 4211 0x3E3E , 8227 0x1C1C , 7323 0x5A5A , 5571 0x6E6E , 2397 
17:50:52.204:
0x2020 , 372
17:50:52.220:
7 0x3E3E , 7897 0x1C1C , 7629 0x5A5A , 5795 0x6E6E , 2986 
17:50:52.907:
0x2020 , 3717 0x3E3E , 7925 0x1C1C , 7665 0x5A5A , 5843 0x6E6E , -796 
17:50:53.517:
0x2020 , 3199 0x3E3E , 7535 0x1C1C , 7501 0x5A5A , 6272 0x6E6E , 3011 
17:50:54.298:
0x2020 , 2913 0x3E3E , 8185 0x1C1C , -159 0x5A5A , 6634 0x6E6E , -796 
17:50:54.892:
0x2020 , 2459 0x3E3E , 7326 0x1C1C ,
17:50:54.907:
 7328 0x5A5A , 6591 0x6E6E , 3208 
17:50:55.517:
0x2020 , 2128 0x3E3E , 7920 0x1C1C , 7930 0x5A5A , 7307 0x6E6E , 3384 
17:50:56.314:
0x2020 , 1857 0x3E3E , 7373 0x1C1C , -159 0x5A5A , 7627 0x6E6E , -796 
17:50:56.939:
0x2020 , 1832 0x3E3E , 7053 0x1C1C , 7551 0x5A5A , 7178 0x6E6E , 3656 
17:50:57.532:
0x2020 , 1941 0x3E3E , 6797 0x1C1C ,
17:50:57.548:
 7684 0x5A5A , 7164 0x6E6E , 3943 
17:50:58.251:
0x2020 , 1911 0x3E3E , 6528 0x1C1C , 7487 0x5A5A
17:50:58.282:
 , 7483 0x6E6E , -796 
17:50:58.860:
0x2020 , 1956 0x3E3E , 6264 0x1C1C , 7177 0x5A5A , 7402 0x6E6E , 4175 
17:50:59.532:
0x2020 , 2069 0x3E3E , 6009 0x1C1C , 6967 0x5A5A , 7388 0x6E6E , -796 
17:51:00.110:
0x2020 , 2084 0x3E3E , 5647 
17:51:00.126:
0x1C1C , 6684 0x5A5A , 7145 0x6E6E , 4654 
17:51:00.798:
0x2020 , 2454 0x3E3E , 5340 0x1C1C ,
17:51:00.813:
 6168 0x5A5A , 6949 0x6E6E , -796 
17:51:01.423:
0x2020 , 2918 0x3E3E , 5016 0x1C1C , 6109 0x5A5A , 6549 0x6E6E , 5530 
17:51:02.095:
0x2
17:51:02.126:
020 , 2903 0x3E3E , 4719 0x1C1C , 5944 0x5A5A , 7312 0x6E6E , -796 
17:51:02.704:
0x2020 , 3544 0x3E3E , 4445 0x1C1C , 5766 
17:51:02.720:
0x5A5A , 6553 0x6E6E , 6215 
17:51:03.407:
0x2020 , 3337 0x3E3E , 4134 0x1C1C , 5602 0x5A
17:51:03.423:
5A , 7264 0x6E6E , -796 
17:51:04.048:
0x2020 , 3668 0x3E3E , 3814 0x1C1C , 5200 0x5A5A , 6682 0x6E6E , 6779 
17:51:04.735:
0x2
17:51:04.767:
020 , 3811 0x3E3E , 3498 0x1C1C , 4721 0x5A5A , 7035 0x6E6E , -796 
17:51:05.360:
0x2020 , 4576 0x3E3E , 3257 0x1C1C , 4976 
17:51:05.376:
0x5A5A , 7393 0x6E6E , 7359 
17:51:06.079:
0x2020 , 4640 0x3E3E , 3011 0x1C1C , 4460 0x5A5A , 7150
17:51:06.095:
 0x6E6E , -796 
17:51:06.688:
0x2020 , 4354 0x3E3E , 2807 0x1C1C , 4424 0x5A5A , 7088 0x6E6E , 7787 
17:51:07.360:
0x2020 , 5207 0x3E3E , 2770 0x1C1C , 4228 0x5A5A , 7102 0x6E6E , -796 
17:51:07.938:
0x2020 , 5281 0x3E3E , 2904 
17:51:07.954:
0x1C1C , 3826 0x5A5A , 7188 0x6E6E , 8825 
17:51:08.626:
0x2020 , 5745 0x3E3E , 2774 0x1C1C 
17:51:08.642:
, 3579 0x5A5A , 7221 0x6E6E , -796 
17:51:09.256:
0x2020 , 5602 0x3E3E , 2825 0x1C1C , 3250 0x5A5A , 7340 0x6E6E , 8940 
17:51:09.931:
0x202
17:51:09.947:
0 , 6066 0x3E3E , 2774 0x1C1C , 3027 0x5A5A , 6739 0x6E6E , -796 
17:51:10.540:
0x2020 , 5972 0x3E3E , 3034 0x1C1C , 2794 
17:51:10.556:
0x5A5A , 6296 0x6E6E , 9621 
17:51:11.259:
0x2020 , 6574 0x3E3E , 3141 0x1C1C , 2543 0x5A5A , 6324 0x6E6E , -796 
17:51:11.873:
0x2020 , 6717 0x3E3E , 3507 0x1C1C , 2273 0x5A5A , 6009 0x6E6E , 8684 
17:51:12.561:
0x2020 ,
17:51:12.592:
 6771 0x3E3E , 3558 0x1C1C , 2264 0x5A5A , 5657 0x6E6E , -796 
17:51:13.201:
0x2020 , 6816 0x3E3E , 3851 0x1C1C , 2228 
17:51:13.217:
0x5A5A , 5313 0x6E6E , 8391 
17:51:14.024:
0x2020 , 6954 0x3E3E , 4255 0x1C1C , -159 0x5A5A , 4974 0x6E6E , -796 
17:51:14.603:
0x2020 , 6781 0x3E3E , 4431 0x1C1C , 2324 0x5A5A , 4788 0x6E6E , 8074 
17:51:15.260:
0x
17:51:15.275:
2020 , 7191 0x3E3E , 4667 0x1C1C , -159 0x5A5A , 4454 0x6E6E , 7978 
17:51:15.963:
0x2020 , 7122 0x3E3E , 4974 0x1C1C , 2598 0x5A5A , 4221 0x6E6E , -796 
17:51:16.542:
0x20
17:51:16.558:
20 , 7112 0x3E3E , 5271 0x1C1C , 2474 0x5A5A , 3982 0x6E6E , 7500 
17:51:17.167:
0x2020 , 7211 0x3E3E , 5554 0x1C1C , 2630 0x5A5A , 3715 0x6E6E , 7404 
17:51:17.855:
0x2020 , 7102 0x3E3E , 5674 0x1C1C , 3177 0x5A5A , 3520 0x6E6E , -796 
17:51:18.448:
0x2020 , 7018 0x3E3E , 5823 0x1C1C , 
17:51:18.464:
2967 0x5A5A , 3190 0x6E6E , 7203 
17:51:19.153:
0x2020 , 7077 0x3E3E , 6013 0x1C1C , 3492 0x5
17:51:19.168:
A5A , 3071 0x6E6E , -796 
17:51:19.793:
0x2020 , 6900 0x3E3E , 6579 0x1C1C , 3424 0x5A5A , 3033 0x6E6E , 6729 
17:51:20.481:
0x
17:51:20.496:
2020 , 7003 0x3E3E , 6486 0x1C1C , 3762 0x5A5A , 2990 0x6E6E , -796 
17:51:21.106:
0x2020 , 6633 0x3E3E , 6774 0x1C1C , 396
17:51:21.121:
3 0x5A5A , 2933 0x6E6E , 6024 
17:51:21.934:
0x2020 , 6648 0x3E3E , 6830 0x1C1C , -159 0x5A5A , 2756 0x6E6E , -796 
17:51:22.514:
0x2020 , 6515 0x3E3E , 7039 0x1C1C , 4670 0x5A5A , 2918 0x6E6E , 5359 
17:51:23.107:
0x2020 , 6436 0x3E3E , 7150 0x1C1C , 4693 0x5A5A , 2952 0x6E6E , 5142 
17:51:23.797:
0x2020 , 6130 0x3E3E , 7424 0x1C1C , 4867 0x5A5A , 2866 0x6E6E , -796 
17:51:24.375:
0x2020
17:51:24.391:
 , 6224 0x3E3E , 7452 0x1C1C , 5282 0x5A5A , 3491 0x6E6E , 4573 
17:51:25.000:
0x2020 , 6056 0x3E3E , 7605 0x1C1C , 5579 0x5A5A , 2818 0x6E6E , 4326 
17:51:25.782:
0x2020 , 6510 0x3E3E , 7800 0x1C1C , -159 0x5A5A , 3033 0x6E6E , -796 
17:51:26.361:
0x2020 , 6026 0x3E3E , 8018 0x1C1C 
17:51:26.377:
, 6077 0x5A5A , 3333 0x6E6E , 3742 
17:51:27.002:
0x2020 , 6120 0x3E3E , 8217 0x1C1C , 6122 0x5A5A , 3481 0x6E6E , 3515 
17:51:27.799:
0x2020 , 5997 0x3E3E , 8421 0x1C1C , -159 0x5A5A , 3424 0x6E6E , -796 
17:51:28.408:
0x2020 , 6081 0x3E3E , 8895 0x1C1C , 6666 0x5A5A , 3734 0x6E6E , 2860 
17:51:29.128:
0x2020 , 5888 0x3E3E , 8997 0x1C1C , 6707 0x5A5A , 3825 0x6E6E , -796 
17:51:29.738:
0x2020 , 5780 
17:51:29.754:
0x3E3E , 8918 0x1C1C , 7213 0x5A5A , 3901 0x6E6E , 2437 
17:51:30.519:
0x2020 , 5765 0x3E3E , 8839 0x1C1C , -159 0x5A5A , 4679 0x6E6E , -796 
17:51:31.113:
0x2020 , 5350 0x3E3E , 8398 0x1C1C , 7122 0x5A5A , 4431 0x6E6E , 2583 
17:51:32.505:
0x2020 , 4852 0x3E3E , -218
17:51:32.520:
 0x1C1C , -159 0x5A5A , -339 0x6E6E , -796 
17:51:33.114:
0x2020 , 4482 0x3E3E , 7953 0x1C1C , 7410 0x5A5A , 5137 0x6E6E , 2679 
17:51:33.895:
0x2020 , 4354 0x3E3E , 8468 0x1C1C , 7095 0x5A5A , -339 0x6E6E , -796 
17:51:34.505:
0x2020 , 3944 0x3E3E , 8315 0x1C1C , 7255 0x5A5A , 5609 0x6E6E , 2709 
17:51:35.208:
0x2020 , 3801 0x3E3E , 8324 0x1C1C , 7355 0x5A5A , 5356 0x6E6E , -796 
17:51:35.911:
0x2020 , 3535 0x3E3E , 7660 0x1C1C , 7350 0x5A5A , -339 0x6E6E , 2629 
17:51:36.598:
0x2020 , 3327 0x3E3E , 8148 0x1C
17:51:36.614:
1C , 7720 0x5A5A , 6005 0x6E6E , -796 
17:51:37.223:
0x2020 , 3012 0x3E3E , 7925 0x1C1C , 7748 0x5A5A , 
17:51:37.239:
6296 0x6E6E , 2714 
17:51:38.020:
0x2020 , 2671 0x3E3E , 7795 0
17:51:38.036:
x1C1C , 7871 0x5A5A , -339 0x6E6E , -796 
17:51:38.661:
0x2020 , 2355 0x3E3E , 7568 0x1C1C , 7994 0x5A5A , 6882 0x6E6E , 3152 
17:51:39.428:
0x2020 , 2109 0x3E3E , 7530 0x1C1C , 7935 0x5A5A , -339 0x6E6E , -796 
17:51:40.021:
0x2020 , 1734 0x3E3E , 7521 0x1C1C , 7501 0x5A5A , 7593 0x6E6E , 3525 
17:51:40.709:
0x2020 , 1482 0x3E3E , 7303 0x1C1C , 7702 0x5A5A , 7235 0x6E6E , -796 
17:51:41.303:
0x2020 , 1793 0x3E3E , 6932 0x1C1C , 7930 0x5A5A , 7450 0x6E6E , 3535 
17:51:42.084:
0x2020 , 1462 0x3E3E , 6955 0x1C1C , 7898 0x5A5A , -339 0x6E6E , -796 
17:51:42.693:
0x2020 , 1304 0x3E3E , 7127 0x1C1C , 7885 0x5A5A , 7603 0x6E6E , 3893 
17:51:43.381:
0x2020 , 1556 0x3E3E , 7215 0x1C1C , 7903 0x5A5A , 7555 0x6E6E , -796 
17:51:43.975:
0x2020
17:51:44.006:
 , 1482 0x3E3E , 7243 0x1C1C , 7912 0x5A5A , 7436 0x6E6E , 3848 
17:51:44.788:
0x2020 , 1196 0x3E3E , 7155 0x1C1C , 7880 0x5A5A , -339 0x6E6E , -796 
17:51:45.417:
0x2020 , 1250 0x3E3E , 7210 0x1C1C , 7930 0x5A5A , 7512 0x6E6E , 3918 
17:51:46.199:
0x2020 , 1260 0x3E3E , 7136 0
17:51:46.215:
x1C1C , 7821 0x5A5A , -339 0x6E6E , -796 
17:51:46.840:
0x2020 , 1734 0x3E3E , 7039 0x1C1C , 7871 0x5A5A , 7302 0x6E6E , 3807 
17:51:47.496:
0x2020 , 1354 0x3E3E , 7071 
17:51:47.511:
0x1C1C , 7752 0x5A5A , 7288 0x6E6E , -796 
17:51:48.090:
0x2020 , 1665 0x3E3E , 7099 0x1C1C 
17:51:48.105:
, 8149 0x5A5A , 7245 0x6E6E , 3948 
17:51:48.856:
0x2020 , 15
17:51:48.888:
12 0x3E3E , 7066 0x1C1C , 7967 0x5A5A , -339 0x6E6E , -796 
17:51:49.466:
0x2020 , 1408 
17:51:49.481:
0x3E3E , 7034 0x1C1C , 7939 0x5A5A , 7631 0x6E6E , 3913 
17:51:50.157:
0x2020 , 1378 0x3E3E , 7164 0x1C1C , 7766 
17:51:50.172:
0x5A5A , 7474 0x6E6E , -796 
17:51:50.766:
0x2020 , 1265 0x3E3E , 7118 0x1C1C , 7725 0x5A5A , 757
17:51:50.782:
9 0x6E6E , 3994 
17:51:51.552:
0x2020 , 1275 0x3E3E , 7182 0x1
17:51:51.568:
C1C , 7606 0x5A5A , -339 0x6E6E , -796 
17:51:52.177:
0x2020 , 1329 0x3E3E , 7164 0x1C1C , 7620 0x5A5A , 7312 0x6E6E , 3898 
17:51:52.974:
0x2020 , 1398 0x3E3E , 7192 0x1C1C , 7615 0x5A5A , -339 0x6E6E , -796 
17:51:53.601:
0x2020 , 1457 0x3E3E , 7234 0x1C1C , 7629 0x5A5A , 7326 0x6E6E , 3777 
17:51:54.382:
0x2020 , 1487 0x3E3E , 7243 0x1C
17:51:54.397:
1C , 7770 0x5A5A , -339 0x6E6E , -796 
17:51:55.033:
0x2020 , 1531 0x3E3E , 7266 0x1C1C , 7780 0x5A5A , 7235 0x6E6E , 3747 
17:51:55.789:
0x2020 , 1472 0x3E3E , 7247 0x1C1C , 7780 0x5A5A , -339 0x6E6E , -796 
17:51:56.383:
0x2020 , 1497 0x3E3E , 7201 0x1C1C , 7752 0x5A5A , 7627 0x6E6E , 3707 
17:51:57.133:
0x2020 , 1428 0x3E3E , 72
17:51:57.149:
98 0x1C1C , 7611 0x5A5A , -339 0x6E6E , -796 
17:51:57.742:
0x2020 , 1428 0x3E3E , 7220 0x1C1C , 7798 0x5A5A , 7894 0x6E6E , 3621 
17:51:58.415:
0x2020 , 1359 0x3E3E , 7159 
17:51:58.431:
0x1C1C , 8026 0x5A5A , 7999 0x6E6E , -796 
17:51:59.025:
0x2020 , 1354 0x3E3E , 7252 0x1C1C , 8026 
17:51:59.040:
0x5A5A , 7574 0x6E6E , 3566 
17:51:59.806:
0x2020 , 1344 0x3E
17:51:59.821:
3E , 7303 0x1C1C , 8209 0x5A5A , -339 0x6E6E , -796 
17:52:00.447:
0x2020 , 1349 0x3E3E , 7169 0x1C1C , 8008 0x5A5A , 7946 0x6E6E , 3601 
17:52:01.243:
0x2020 , 1344 0x3E3E , 7563 0x1C1C , 8250 0x5A5A , -339 0x6E6E , -796 
17:52:01.868:
0x2020 , 1319 0x3E3E , 7271 0x1C1C , 7775 0x5A5A , 7550 0x6E6E , 3732 
17:52:02.572:
0x2020 , 1354 0x3E3E , 7104 0x1C1C , 8163 0x5A5A , 7445 0x6E6E , -796 
17:52:03.212:
0x2020 , 1438 0x3E3E , 7377 0x1C1C , 8008 0x5A5A , 7584 0x6E6E , 3722 
17:52:03.979:
0x2020 , 1393 0x3E3E , 7178 0x1C1C , 8200 0x5A5A , -339 0x6E6E , -796 
17:52:04.573:
0x2020 , 1368 0x3E3E , 7308 0x1C1C , 8022 0x5A5A , 7169 0x6E6E , 3772 
17:52:05.245:
0x2020 , 1398 0x3E3E , 7642 0x1C1C , 7971 0x5A5A , 7751 0x6E6E , -796 
17:52:05.855:
0x2020 , 1349 0x3E3E , 7470 0x1C1C , 8204 0x5A5A , 7474 0x6E6E , 3601 
17:52:06.621:
0x2020 , 1418 0x3E3E , 7173 0x1C1C , 8245 0x5A5A , -339 0x6E6E , -796 
17:52:07.232:
0x2020 , 1447 0x3E3E , 7484 0x1C1C , 8131 0x5A5A , 7464 0x6E6E , 3696 
17:52:07.998:
0x2020 , 1438 0x3E3E , 7512 
17:52:08.013:
0x1C1C , 8318 0x5A5A , -339 0x6E6E , -796 
17:52:08.638:
0x2020 , 1413 0x3E3E , 7382 0x1C1C , 8204 0x5A5A , 7612 0x6E6E , 3883 
17:52:09.319:
0x2020 , 1408 0x3E3E , 7419 0x1C1
17:52:09.334:
C , 8154 0x5A5A , 7646 0x6E6E , -796 
17:52:09.944:
0x2020 , 1368 0x3E3E , 7428 0x1C1C , 8181 0x5A5A ,
17:52:09.959:
 7646 0x6E6E , 3702 
17:52:10.741:
0x2020 , 1433 0x3E3E , 7507 
17:52:10.756:
0x1C1C , 8186 0x5A5A , -339 0x6E6E , -796 
17:52:11.397:
0x2020 , 1388 0x3E3E , 7090 0x1C1C , 7793 0x5A5A , 7741 0x6E6E , 3732 
17:52:12.053:
0x2020 , 1472 0x3E3E , 71
17:52:12.069:
22 0x1C1C , 7907 0x5A5A , 7627 0x6E6E , -796 
17:52:12.647:
0x2020 , 1428 0x3E3E , 6983 0x1C1
17:52:12.662:
C , 7752 0x5A5A , 7393 0x6E6E , 3651 
17:52:14.382:
0x2020 , 1462 0x3E3E , 7758 0x1
17:52:14.397:
C1C , 7999 0x5A5A , 7479 0x6E6E , 3727 
17:52:15.069:
0x2020 , 1433 
17:52:15.100:
0x3E3E , 7642 0x1C1C , 7857 0x5A5A , 7727 0x6E6E , -796 
17:52:15.694:
0x2020 , 1388 0x3E3E , 7405 0x1C1C , 8095 0x5A5A , 7588 0x6E6E , 3858 
17:52:16.461:
0x2020 , 1364 0x3E3E , 7169 0
17:52:16.477:
x1C1C , 7944 0x5A5A , -339 0x6E6E , -796 
17:52:17.107:
0x2020 , 1240 0x3E3E , 7591 0x1C1C , 7953 0x5A5A , 7560 0x6E6E , 4135 
17:52:17.888:
0x2020 , 1265 0x3E3E , 7535 0x1C1C , 7939 0x5A5A , -339 0x6E6E , -796 
17:52:18.513:
0x2020 , 1275 0x3E3E , 7721 0x1C1C , 7912 0x5A5A , 7565 0x6E6E , 4195 
17:52:19.233:
0x2020 , 1364 0x3E3E , 7749 0x1C1C , 7953 0x5A5A , 7569 0x6E6E , -796 
17:52:19.843:
0x2020 ,
17:52:19.858:
 1368 0x3E3E , 7572 0x1C1C , 7948 0x5A5A , 7560 0x6E6E , 4039 
17:52:20.625:
0x2020 , 1403 0x3E3E , 7595 0x1C1C , 7939 0x5A5A , -339 0x6E6E , -796 
17:52:21.219:
0x2020 , 1388 0x3E3E , 7679 0x1C1C , 7912 0x5A5A , 7650 0x6E6E , 3994 
17:52:21.891:
0x2020 , 1438 0x3E3E , 7479 0x1C1C , 7912 0x5A5A , 7560 0x6E6E , -796 
17:52:22.469:
0x20
17:52:22.500:
20 , 1442 0x3E3E , 7517 0x1C1C , 7944 0x5A5A , 7612 0x6E6E , 4004 
17:52:23.281:
0x2020 , 1428 0x3E3E , 7493 0x1C1C , 7871 0x5A5A , -339 0x6E6E , -796 
17:52:23.875:
0x2020 , 1438 0x3E3E , 7600 0x1C1C , 7917 0x5A5A , 7650 0x6E6E , 4014 
17:52:24.579:
0x2020 , 1447 0x3E3E , 7582 0x1C1C , 7967 0x5A5A , 7650 0x6E6E , -796 
17:52:25.173:
0x2020 , 
17:52:25.189:
1413 0x3E3E , 7595 0x1C1C , 7939 0x5A5A , 7550 0x6E6E , 4049 
17:52:25.988:
0x2020 , 1442 0x3E3E , 7591 0x1C1C , 7948 0x5A5A , -339 0x6E6E , -796 
17:52:26.614:
0x2020 , 1457 0x3E3E , 7851 0x1C1C , 7958 0x5A5A , 7507 0x6E6E , 3999 
17:52:27.317:
0x2020 , 1433 0x3E3E , 7577 0x1C1C , 7907 0x5A5A , 7460 0x6E6E , -796 
17:52:27.927:
0x2020 , 1413 
17:52:27.958:
0x3E3E , 7800 0x1C1C , 7894 0x5A5A , 7450 0x6E6E , 3969 
17:52:28.708:
0x2020 , 1551 0x3E3E , 7544 0x1C1C , 7875 0x5A5A , -339 0x6E6E , -796 
17:52:29.302:
0x2020 , 1502 0x3E3E , 7470 0x1C1C , 7871 0x5A5A , 7646 0x6E6E , 3958 
17:52:29.990:
0x2020 , 1438 0x3E3E , 7336 0x1C1C , 7944 0x5A5A , 7574 0x6E6E , -796 
17:52:30.568:
0x
17:52:30.583:
2020 , 1635 0x3E3E , 7322 0x1C1C , 8058 0x5A5A , 7765 0x6E6E , 3853 
17:52:31.365:
0x2020 , 1822 0x3E3E , 7196 0x1C1C , 7898 0x5A5A , -339 0x6E6E , -796 
17:52:31.958:
0x2020 , 2025 0x3E3E , 7076 0x1C1C , 7784 0x5A5A , 
17:52:31.974:
7150 0x6E6E , 3903 
17:52:32.677:
0x2020 , 1892 0x3E3E , 7053 0x1C1C , 7816 0x5A5A , 7307 0x6E6E , -796 
17:52:33.256:
0x2020 , 
17:52:33.287:
1719 0x3E3E , 6950 0x1C1C , 7857 0x5A5A , 7598 0x6E6E , 3868 
17:52:34.085:
0x2020 , 1640 0x3E3E , 6969 0x1C1C , 7871 0x5A5A , -339 0x6E6E , -796 
17:52:34.695:
0x2020 , 1852 0x3E3E , 7080 0x1C1C , 7834 0x5A5A , 7192 0x6E6E , 3858 
17:52:35.492:
0x2020 , 1610 0x3E3E , 6969 
17:52:35.507:
0x1C1C , 7789 0x5A5A , -339 0x6E6E , -796 
17:52:36.133:
0x2020 , 1645 0x3E3E , 6955 0x1C1C , 7798 0x5A5A , 7293 0x6E6E , 3812 
17:52:36.899:
0x2020 , 1773 0x3E3E , 6978 0x1C1C , 7834 0x5A5A , -339 0x6E6E , -796 
17:52:38.602:
0x2
17:52:38.633:
020 , 1684 0x3E3E , 7020 0x1C1C , 7757 0x5A5A , 7197 0x6E6E , 3873 
17:52:39.416:
0x2020 , 1788 0x3E3E , 6988 0x1C1C , 7675 0x5A5A , -339 0x6E6E , -796 
17:52:40.011:
0x2020 , 1778 0x3E3E , 6988 0x1C1C , 7748 0x5A5A , 7908 0x6E6E , 3868 
17:52:40.688:
0x20
17:52:40.704:
20 , 1793 0x3E3E , 7011 0x1C1C , 7802 0x5A5A , 7140 0x6E6E , -796 
17:52:41.298:
0x2020 , 1842 0x3E3E , 7011 0x1C1C , 7843 
17:52:41.313:
0x5A5A , 7221 0x6E6E , 3802 
17:52:42.110:
0x2020 , 1709 0x3E3E , 7034 0x1C1C , 7738 0x5A5A , -339 0x6E6E , -796 
17:52:42.719:
0x2020 , 1729 0x3E3E , 7015 0x1C1C , 7793 0x5A5A , 7264 0x6E6E , 3807 
17:52:43.407:
0
17:52:43.438:
x2020 , 1719 0x3E3E , 7020 0x1C1C , 7798 0x5A5A , 7340 0x6E6E , -796 
17:52:44.048:
0x2020 , 1719 0x3E3E , 6997 0x1C1C , 78
17:52:44.063:
16 0x5A5A , 7302 0x6E6E , 3812 
17:52:44.860:
0x2020 , 1660 0x3E3E , 7039 0x1C1C , 7894 0x5A5A , -339 0x6E6E , -796 
17:52:45.454:
0x2020 , 1714 0x3E3E , 7011 0x1C1C , 7761 0x5A5A , 7379 0x6E6E , 3802 
17:52:46.219:
0x2020 , 1576 0x3E3E , 7002 0x1C1C , 7652 0x5A5A , -339 0x6E6E , -796 
17:52:46.798:
0x2020 , 1773 0x3E3E , 7034 
17:52:46.813:
0x1C1C , 8474 0x5A5A , 7297 0x6E6E , 3762 
17:52:47.487:
0x2020 , 1541 0x3E3E , 6913 0x1C1
17:52:47.502:
C , 7570 0x5A5A , 7560 0x6E6E , -796 
17:52:48.100:
0x2020 , 1433 0x3E3E , 7020 0x1C1C , 7528 0x5A5A , 7450 0x6E6E , 3979 
17:52:48.883:
0x2020 , 1408 0x3E3E , 7048 0x1C1C , 7948 0x5A5A , -339 0x6E6E , -796 
17:52:49.477:
0x2020 , 1408 0x3E3E , 7118 0x1C1C 
17:52:49.492:
, 7560 0x5A5A , 7703 0x6E6E , 3898 
17:52:50.289:
0x2020 , 1428 0x3E3E , 7090 0x1C1C , 8049 0x5A5A , -339 0x6E6E , -796 
17:52:50.898:
0x2020 , 1383 0x3E3E , 7108 0x1C1C , 7926 0x5A5A , 7689 0x6E6E , 3772 
17:52:51.695:
0x2020 , 1368 0x3E3E , 7057 0x1C1C , 7656 0x5A5A , -339 0x6E6E , -796 
17:52:52.305:
0x2020 , 1403 0x3E3E , 7085 0x1C1C , 8085
17:52:52.320:
 0x5A5A , 7698 0x6E6E , 3853 
17:52:53.133:
0x2020 , 1373 0x3E3E , 7094 0x1C1C , 7985 0x5A5A , -339 0x6E6E , -796 
17:52:53.727:
0x2020 , 1452 0x3E3E , 7066 0x1C1C , 8113 0x5A5A , 7708 0x6E6E , 3848 
17:52:54.399:
0x2020 , 1452 0x3E3E , 7048 0x1C1C , 8040 0x5A5A , 7584 0x6E6E , -796 
17:52:54.977:
0x2020 , 1418 0x3E3E , 7029 0
17:52:54.993:
x1C1C , 8081 0x5A5A , 7555 0x6E6E , 3762 
17:52:55.774:
0x2020 , 1324 0x3E3E , 7062 0x1C1C , 7857 0x5A5A , -339 0x6E6E , -796 
17:52:56.368:
0x2020 , 1344 0x3E3E , 6988 0x1C1C , 7816 0x5A5A , 7541 0x6E6E , 3797 
17:52:57.062:
0x2020 , 1359 0x3E3E , 6997 0x1C1C , 7894 0x5A5A , 7641 0x6E6E , -796 
17:52:57.659:
0x2020 , 1428 0x3E3E , 7062 0x1
17:52:57.675:
C1C , 7953 0x5A5A , 7431 0x6E6E , 4019 
17:52:58.472:
0x2020 , 1753 0x3E3E , 7039 0x1C1C , 7948 0x5A5A , -339 0x6E6E , -796 
17:52:59.081:
0x2020 , 1655 0x3E3E , 7530 0x1C1C , 7898 0x5A5A , 7522 0x6E6E , 4009 
17:52:59.878:
0x2020 , 1413 0x3E3E , 7234 0x1C1C , 7894 0x5A5A , -339 0x6E6E , -796 
17:53:00.489:
0x2020 , 1433 0x3E3E , 7159 0x1C1C , 7
17:53:00.504:
958 0x5A5A , 7598 0x6E6E , 3989 
17:53:01.208:
0x2020 , 1457 0x3E3E , 7182 0x1C1C , 7967 0x5A5A , 762
17:53:01.223:
2 0x6E6E , -796 
17:53:01.817:
0x2020 , 1492 0x3E3E , 7150 0x1C1C , 8003 0x5A5A , 7598 0x6E6E , 4094 
17:53:02.489:
0x2020 , 1418 0x3E3E , 7094 0x1C1C , 7980 0x5A5A , 7574 0x6E6E , -796 
17:53:03.067:
0x2020 , 1447 0x3E3E , 7173 
17:53:03.083:
0x1C1C , 7885 0x5A5A , 7584 0x6E6E , 3974 
17:53:03.864:
0x2020 , 1487 0x3E3E , 7187 0x1C1C , 7903 0x5A5A , -339 0x6E6E , -796 
17:53:04.458:
0x2020 , 1447 0x3E3E , 7178 0x1C1C , 7926 0x5A5A , 7593 0x6E6E , 4059 
17:53:05.161:
0x2020 , 1433 0x3E3E , 7076 0x1C1C , 7917 0x5A5A , 7460 0x6E6E , -796 
17:53:05.755:
0x2020 , 1497 0x3E3E , 7122 0x1C1C 
17:53:05.770:
, 7853 0x5A5A , 7402 0x6E6E , 4266 
17:53:06.552:
0x2020 , 1487 0x3E3E , 7414 0x1C1C , 7912 0x5A5A , -339 0x6E6E , -796 
17:53:07.177:
0x2020 , 1285 0x3E3E , 7345 0x1C1C , 8090 0x5A5A , 7941 0x6E6E , 3581 
17:53:07.973:
0x2020 , 1314 0x3E3E , 7433 0x1C1C , 7958 0x5A5A , -339 0x6E6E , -796 
17:53:08.583:
0x2020 , 1413 0x3E3E , 7350 0x1C1C , 8250
17:53:08.598:
 0x5A5A , 7851 0x6E6E , 3566 
17:53:09.401:
0x2020 , 1398 0x3E3E , 7234 0x1C1C , 7862 0x5A5A , -339 0x6E6E , -796 
17:53:09.995:
0x2020 , 1413 0x3E3E , 7540 0x1C1C , 8054 0x5A5A , 7836 0x6E6E , 3651 
17:53:10.667:
0x2020 , 1423 0x3E3E , 7363 0x1C1C , 7784 0x5A5A , 7417 0x6E6E , -796 
17:53:11.245:
0x2020 , 1517 0x3E3E , 7336 0x1C1
17:53:11.261:
C , 8327 0x5A5A , 7164 0x6E6E , 3777 
17:53:12.042:
0x2020 , 1561 0x3E3E , 7312 0x1C1C , 8022 0x5A5A , -339 0x6E6E , -796 
17:53:12.636:
0x2020 , 1452 0x3E3E , 7298 0x1C1C , 8245 0x5A5A , 7340 0x6E6E , 3742 
17:53:13.417:
0x2020 , 1482 0x3E3E , 7201 0x1C1C , 8209 0x5A5A , 
17:53:13.432:
-339 0x6E6E , -796 
17:53:14.011:
0x2020 , 1536 0x3E3E , 7011 0x1C1C 
17:53:14.026:
, 8387 0x5A5A , 7431 0x6E6E , 3893 
17:53:14.823:
0x2020 , 1546 0x3E3E , 6862 0x1C1C , 7990 0x5A5A , -339 0x6E6E , -796 
17:53:16.261:
0x2020 , 1482 0x3E3E , -218 0x1C1C , -159 0x5A5A , -339 0x6E6E , -796 
17:53:16.886:
0x2020 , 1378 0x3E3E , 7076 0x1C1C , 8099 0x5A5A , 7326 0x6E6E , 3797 
17:53:17.589:
0x2020 , 1442 0x3E3E , 7220 0x1C1C , 8099 0x5A5A , 7307 0x6E6E , -796 
17:53:18.199:
0x2020 
17:53:18.230:
, 1462 0x3E3E , 7220 0x1C1C , 8067 0x5A5A , 7331 0x6E6E , 3767 
17:53:18.886:
0x2020 , 1457 0x3E3E , 7586 0x1C1
17:53:18.902:
C , 8044 0x5A5A , 7331 0x6E6E , -796 
17:53:19.480:
0x2020 , 1428 0x3E3E , 7544 0x1C1C , 7857 
17:53:19.496:
0x5A5A , 7202 0x6E6E , 3722 
17:53:20.059:
0x2020 , 1462 0x3E3E , 7
17:53:20.074:
679 0x1C1C , 8054 0x5A5A , 7173 0x6E6E , 3691 
17:53:20.746:
0x2020 , 1413 0x3E3E , 7776 
17:53:20.762:
0x1C1C , 8072 0x5A5A , 7183 0x6E6E , -796 
17:53:21.371:
0x2020 , 1447 0x3E3E , 7595 0x1C1C , 8186 0x5A5A , 7183 0x6E6E , 3747 
17:53:22.074:
0x2020 , 1467 0x3E3E , 7452 0x1C1C , 8063 0x5A5A , 7240 0x6E6E , -796 
17:53:22.668:
0x2020 , 1467 0x3E3E , 7127 0x1C1
17:53:22.684:
C , 7209 0x5A5A , 7731 0x6E6E , 4079 
17:53:23.371:
0x2020 , 1635 0x3E3E , 6769 0x1C1C , 7022 
17:53:23.387:
0x5A5A , 7703 0x6E6E , -796 
17:53:23.996:
0x2020 , 1837 0x3E3E , 6352 0x1C1C , 6917 0x5A5A , 7584 0x6E6E , 4583 
17:53:24.793:
0x2020 , 1901 0x3E3E , 6125 0x1C1C , -159 0x5A5A , 7355 0x6E6E , -796 
17:53:25.402:
0x2020 , 2222 0x3E3E , 5679 0x1C1C , 6679
17:53:25.418:
 0x5A5A , 7259 0x6E6E , 5112 
17:53:26.059:
0x2020 , 2878 0x3E3E , 5206 0x1C1C , 6565 0x5A5A , 7254 0x6E6E , 5334 
17:53:26.715:
0x2020 , 2711 0x3E3E , 5
17:53:26.730:
266 0x1C1C , 6328 0x5A5A , 7250 0x6E6E , -796 
17:53:27.293:
0x2020 , 3258 0x3E3E , 5104 0
17:53:27.309:
x1C1C , 6227 0x5A5A , 7240 0x6E6E , 5893 
17:53:27.996:
0x2020 , 2938 0x3E3E , 4579 0x1C1C , 5424 0x5A5A , 7188 0x6E6E , -796 
17:53:28.574:
0x202
17:53:28.605:
0 , 3436 0x3E3E , 4180 0x1C1C , 5492 0x5A5A , 7130 0x6E6E , 6523 
17:53:29.277:
0x2020 , 3865 0x3E3E , 3865 0x
17:53:29.293:
1C1C , 5291 0x5A5A , 7064 0x6E6E , -796 
17:53:29.873:
0x2020 , 4048 0x3E3E , 3614 0x1C1C , 4912 
17:53:29.889:
0x5A5A , 7178 0x6E6E , 7001 
17:53:30.592:
0x2020 , 3628 0x3E3E , 3340 0x1C1C , 4652 0x5A5A , 7150 0x6E6E , -796 
17:53:31.185:
0x2020 , 459
17:53:31.217:
1 0x3E3E , 3094 0x1C1C , 4428 0x5A5A , 7231 0x6E6E , 7595 
17:53:31.998:
0x2020 , 4763 0x3E3E , 2793 0x1C1C , -159 0x5A5A , 7274 0x6E6E , -796 
17:53:32.623:
0x2020 , 4600 0x3E3E , 2658 0x1C1C , 4250 0x5A5A , 7083 0x6E6E , 8054 
17:53:33.342:
0x2020 , 4956 0x3E3E , 2733 0x1C1C , 4072 0x5A5A , 7383 0x6E6E , -796 
17:53:33.951:
0x2020 , 5242 
17:53:33.967:
0x3E3E , 2538 0x1C1C , 3661 0x5A5A , 7169 0x6E6E , 8804 
17:53:34.623:
0x2020 , 5395 0x3E3E , 2552 0x1C1C , 
17:53:34.639:
3488 0x5A5A , 7188 0x6E6E , -796 
17:53:35.217:
0x2020 , 5809 0x3E3E , 2654 0x1C1C , 3072 0x5
17:53:35.232:
A5A , 6696 0x6E6E , 8553 
17:53:35.920:
0x2020 , 5952 0x3E3E , 2825 0x1C1C , 2872 0x5A5A , 6286 0x6E6E , -796 
17:53:36.498:
0x202
17:53:36.514:
0 , 6194 0x3E3E , 3159 0x1C1C , 2607 0x5A5A , 6129 0x6E6E , 8291 
17:53:37.186:
0x2020 , 6357 0x3E3E , 3183 0x1C1C ,
17:53:37.202:
 2410 0x5A5A , 6639 0x6E6E , -796 
17:53:37.796:
0x2020 , 7102 0x3E3E , 3670 0x1C1C , 2178 0x5A
17:53:37.811:
5A , 5776 0x6E6E , 8653 
17:53:38.514:
0x2020 , 6471 0x3E3E , 3684 0x1C1C , 2123 0x5A5A , 5623 0x6E6E , -796 
17:53:39.214:
0x2020 , -688 0x3E3E , 3944 0x1C1C , 2045 0x5A5A , 5170 0x6E6E , 8840 
17:53:40.010:
0x2020 , 6722 0x3E3E , 4255 0x1C1C , 2086 0x5A5A , -339 0x6E6E , -796 
17:53:40.636:
0x2020 , 6742 0x3E3E , 4496 0x1C1C , 2214 0x5A5A , 4645 0x6E6E , 8437 
17:53:41.418:
0x2020 , 6762 0x3E3E , 4811 
17:53:41.434:
0x1C1C , -159 0x5A5A , 4292 0x6E6E , -796 
17:53:42.059:
0x2020 , 6954 0x3E3E , 5164 0x1C1C , 2643 0x5A5A , 3935 0x6E6E , 7510 
17:53:42.715:
0x2020 , 6924 0x3E3E , 5498 
17:53:42.730:
0x1C1C , 2922 0x5A5A , 3615 0x6E6E , -796 
17:53:43.309:
0x2020 , 6969 0x3E3E , 5749 0x1C1C , 
17:53:43.324:
2917 0x5A5A , 3419 0x6E6E , 7394 
17:53:44.074:
0x2020 , 6924 
17:53:44.105:
0x3E3E , 5883 0x1C1C , -159 0x5A5A , 3286 0x6E6E , -796 
17:53:44.668:
0x2020 , 6949 
17:53:44.699:
0x3E3E , 6245 0x1C1C , 3351 0x5A5A , 3109 0x6E6E , 6870 
17:53:45.371:
0x2020 , 6895 0x3E3E , 6477 0x1C1C , 3680 
17:53:45.387:
0x5A5A , 2895 0x6E6E , -796 
17:53:45.980:
0x2020 , 6821 0x3E3E , 6612 0x1C1C , 3967 0x5A5A ,
17:53:45.996:
 2785 0x6E6E , 5812 
17:53:46.699:
0x2020 , 6683 0x3E3E , 6783 0x1C1C , 4273 0x5A5A , 2775 0x6E6E , -796 
17:53:47.277:
0x2020 , 6559
17:53:47.309:
 0x3E3E , 7131 0x1C1C , 4483 0x5A5A , 2861 0x6E6E , 5308 
17:53:47.996:
0x2020 , 6347 0x3E3E , 7164 0x1C1C , 4912 
17:53:48.012:
0x5A5A , 3028 0x6E6E , -796 
17:53:48.637:
0x2020 , 6298 0x3E3E , 7424 0x1C1C , 5383 0x5A5A , 2952 0x6E6E , 4437 
17:53:49.419:
0x2020 , 6214 0x3E3E , 7679 0x1C1C
17:53:49.435:
 , -159 0x5A5A , 3257 0x6E6E , -796 
17:53:50.060:
0x2020 , 6076 0x3E3E , 8036 0x1C1C , 5885 0x5A5A , 3353 0x6E6E , 3621 
17:53:50.653:
0x2020 , 5992 0x3E3E , 8222 0x1C1C , 6204 0x5A5A , 3548 0x6E6E , 3283 
17:53:51.419:
0x2020 , 5829 0x3E3E , 8287 0x1C1C , -159 0x5A5A , 3644 0x6E6E , -796 
17:53:51.997:
0x2020 , 5888 0x3E3E , 8797 
17:53:52.013:
0x1C1C , 6944 0x5A5A , 3801 0x6E6E , 2533 
17:53:52.685:
0x2020 , 6367 0x3E3E , 8941 0x1C1C , 7
17:53:52.700:
241 0x5A5A , 3815 0x6E6E , -796 
17:53:53.294:
0x2020 , 5656 0x3E3E , 8797 0x1C1C , 7218 0x5A5A , 4125 0x6E6E , 2578 
17:53:53.997:
0x2020 , 5380 0x3E3E , 8885 0x1C1C , 7300 0x5A5A , 4364 0x6E6E , -796 
17:53:54.591:
0x2020 , 4970 0x3E3E , 8936 0
17:53:54.607:
x1C1C , 7341 0x5A5A , 4388 0x6E6E , 2367 
17:53:55.294:
0x2020 , 4674 0x3E3E , 7925 0x1C1C , 7273 
17:53:55.310:
0x5A5A , 4702 0x6E6E , -796 
17:53:55.919:
0x2020 , 4299 0x3E3E , 7851 0x1C1C , 7273 0x5A5A , 5327 0x6E6E , 2573 
17:53:56.733:
0x2020 , 4137 0x3E3E , 7772 0x1C1C , -159 0x5A5A , 5275 0x6E6E , -796 
17:53:57.326:
0x2020 , 3742 0x3E3E , 7651 0x1C1C , 7
17:53:57.342:
478 0x5A5A , 5933 0x6E6E , 2729 
17:53:58.045:
0x2020 , 3544 0x3E3E , 7744 0x1C1C , 7433 0x5A5A , 6
17:53:58.061:
029 0x6E6E , -796 
17:53:58.655:
0x2020 , 3224 0x3E3E , 7475 0x1C1C , 7547 0x5A5A , 6196 0x6E6E , 2931 
17:53:59.326:
0x2020 , 2943 0x3E3E , 7452 0x1C1C , -159 0x5A5A , 6515 0x6E6E , 3021 
17:54:00.014:
0x2020 , 2558 0x3E3E , 7456 0x1C1C , 7889 0x5A5A , 6444 0x6E6E , -796 
17:54:00.593:
0x2020 , 
17:54:00.608:
2242 0x3E3E , 7637 0x1C1C , 7688 0x5A5A , 7049 0x6E6E , 3409 
17:54:01.280:
0x2020 , 1921 0x3E3E , 7781 0x1C1C , 73
17:54:01.296:
09 0x5A5A , 7283 0x6E6E , -796 
17:54:01.889:
0x2020 , 1936 0x3E3E , 7234 0x1C1C , 7524 0x5A5A 
17:54:01.905:
, 7288 0x6E6E , 3581 
17:54:02.686:
0x2020 , 1739 0x3E3E , 6950 
17:54:02.702:
0x1C1C , -159 0x5A5A , 7197 0x6E6E , -796 
17:54:03.314:
0x2020 , 1694 0x3E3E , 6714 0x1C1C , 7533 0x5A5A , 7374 0x6E6E , 4094 
17:54:04.111:
0x2020 , -688 0x3E3E , 6431 0x1C1C , 7391 0x5A5A , 7245 0x6E6E , -796 
17:54:04.721:
0x2020 , 1901 0x3E3E , 6125 0x1C1C , 7013 0x5A5A , 7264 0x6E6E , 4689 
17:54:05.518:
0x2020 , 2040 0x3E3E , 5837 
17:54:05.533:
0x1C1C , -159 0x5A5A , 6992 0x6E6E , -796 
17:54:06.158:
0x2020 , 2271 0x3E3E , 5475 0x1C1C , 6515 0x5A5A , 7030 0x6E6E , 5021 
17:54:06.924:
0x2020 , -688 0x3E3E , 5025 0x1C1C , 6204 0x5A5A , 6902 0x6E6E , -796 
17:54:07.518:
0x2020 , 2898 0x3E3E , 4793 0x1C1C , 5931 0x5A5A , 6968 0x6E6E , 5661 
17:54:08.268:
0x2020 , 3046 0x3E3E , 455
17:54:08.284:
6 0x1C1C , -159 0x5A5A , 6630 0x6E6E , -796 
17:54:08.888:
0x2020 , 3658 0x3E3E , 4125 0x1C1C , 5355 0x5A5A , 6940 0x6E6E , 6447 
17:54:09.560:
0x2020 , 3658 0x3E3E , 3842 
17:54:09.576:
0x1C1C , 5109 0x5A5A , 6758 0x6E6E , -796 
17:54:10.983:
0x2020 , 4428 0x3E3E , -218 
17:54:10.998:
0x1C1C , -159 0x5A5A , -339 0x6E6E , -796 
17:54:11.592:
0x2020 , 4507 0x
17:54:11.608:
3E3E , 2992 0x1C1C , 4360 0x5A5A , 7064 0x6E6E , 8245 
17:54:12.373:
0x2020 , 4842 
17:54:12.405:
0x3E3E , 2876 0x1C1C , 4136 0x5A5A , -339 0x6E6E , -796 
17:54:13.014:
0x2020 , 5074 0x3E3E , 2556 0x1C1C , 3913 0x5A5A , 7264 0x6E6E , 8029 
17:54:13.811:
0x2020 , 5138 0x3E3E , 2389 0x1C1C , 3607 0x5A5A , -339 0x6E6E , -796 
17:54:14.420:
0x2020 , 5903 0x3E3E , 2361 0x1C1C , 340
17:54:14.436:
6 0x5A5A , 7150 0x6E6E , 9107 
17:54:15.248:
0x2020 , 5977 0x3E3E , 2547 0x1C1C , 3141 0x5A5A , -339 0x6E6E , -796 
17:54:15.826:
0x2020 , 6081 0x3E3E , 2858 0x1C1C , 2977 0x5A5A , 6510 0x6E6E , 8885 
17:54:16.592:
0x2020 , 6100 0x3E3E , 3094 0x1C1C , 2703 0x5A5A , -339 0x6E6E , -796 
17:54:17.170:
0x2020 , 6614 0x3E3E , 3396 
17:54:17.186:
0x1C1C , 2588 0x5A5A , 5924 0x6E6E , 8764 
17:54:17.967:
0x2020 , 6762 0x3E3E , 3540 0x1C1C , 2433 0x5A5A , -339 0x6E6E , -796 
17:54:18.576:
0x2020 , 6855 0x3E3E , 3990 0x1C1C , 2155 0x5A5A , 5342 0x6E6E , 9137 
17:54:19.998:
0x2020 , 7240 0x3E3E , -218 0x1C1C , -159 0x5A5A , -339 0x6E6E , -796 
17:54:20.592:
0x2020 , 7334 0x3E3E , 4909 0x1C
17:54:20.608:
1C , 1968 0x5A5A , 4345 0x6E6E , 8014 
17:54:21.393:
0x2020 , 7181 0x3E3E , 5113 0x1C1C , -159 0x5A5A , 4135 0x6E6E , -796 
17:54:22.018:
0x2020 , 7048 0x3E3E , 5489 0x1C1C , 2570 0x5A5A , 3787 0x6E6E , 7762 
17:54:22.706:
0x2020
17:54:22.721:
 , 6998 0x3E3E , 5851 0x1C1C , 2579 0x5A5A , 3624 0x6E6E , -796 
17:54:23.324:
0x2020 , 7018 0x3E3E , 6129 0x1C1C , 2931 0x
17:54:23.340:
5A5A , 3443 0x6E6E , 7137 
17:54:24.138:
0
17:54:24.153:
x2020 , 7156 0x3E3E , 6301 0x1C1C , -159 0x5A5A , 3276 0x6E6E , -796 
17:54:24.747:
0x2020 , 6959 0x3E3E , 6241 0x1C1C , 3643 0x5A5A , 3081 0x6E6E , 6422 
17:54:25.325:
0x2020 , 6880 0x3E3E , 6463 0x1C1C , 3908 0x5A5A , 3014 0x6E6E , 6084 
17:54:26.013:
0x2020 , 6663 0x3E3E , 6825 0x1C1C , 4186 0x5A5A , 2947 0x6E6E , -796 
17:54:26.591:
0x2020 , 66
17:54:26.606:
09 0x3E3E , 6876 0x1C1C , 4547 0x5A5A , 3057 0x6E6E , 5339 
17:54:27.466:
0x2020 , 6372 0x3E3E , -218 0
17:54:27.481:
x1C1C , -159 0x5A5A , 3319 0x6E6E , -796 
17:54:28.061:
0x2020 , 6189 0x3E3E , 7410 0x1C1C , 5237 
17:54:28.076:
0x5A5A , 3004 0x6E6E , 4583 
17:54:28.670:
0x2020 , 6219 0x3E3E , 7633 
17:54:28.686:
0x1C1C , 5447 0x5A5A , 3085 0x6E6E , 4190 
17:54:29.373:
0x2020 , 6441 0x3E3E , 7916 0x1C1C
17:54:29.389:
 , 5762 0x5A5A , 3105 0x6E6E , -796 
17:54:30.014:
0x2020 , 5878 0x3E3E , 8194 0x1C1C , 6113 0x5A5A , 3291 0x6E6E , 3419 
17:54:30.811:
0x2020 , 5903 0x3E3E , 8398 0x1C1C , -159 0x5A5A , 3634 0x6E6E , -796 
17:54:31.422:
0x2020 , 5888 0x3E3E , 8658 0x1C1C 
17:54:31.437:
, 6917 0x5A5A , 3777 0x6E6E , 2714 
17:54:32.140:
0x2020 , 5819 0x3E3E , 8807 0x1C1C , 6807 0x5A5A 
17:54:32.156:
, 3877 0x6E6E , -796 
17:54:32.750:
0x2020 , 5533 0x3E3E , 8704 0x1C1C , 7314 0x5A5A , 4464 0x6E6E , 2543 
17:54:33.469:
0x2020 , 
17:54:33.484:
5321 0x3E3E , 8556 0x1C1C , -159 0x5A5A , -339 0x6E6E , 2346 
17:54:34.172:
0x2020 , 4847 0x3E3E , 8477 0x1C1C , 7150 0x5A5A , 4702 0x6E6E , -796 
17:54:34.765:
0x2020 , 4670 0x3E3E , 8482 0x1C1C , 7131 0x5A5A , 5304 0x6E6E , 2467 
17:54:35.437:
0x2020 , 4428 0x3E3E , 8078 
17:54:35.453:
0x1C1C , 7264 0x5A5A , 4898 0x6E6E , -796 
17:54:36.047:
0x2020 , 4211 0x3E3E , 8547 0x1C1C , 7277 
17:54:36.062:
0x5A5A , 5089 0x6E6E , 3142 
17:54:36.828:
0x2020 , 3944 0x3E3E 
17:54:36.844:
, 7962 0x1C1C , -159 0x5A5A , 5556 0x6E6E , -796 
17:54:37.469:
0x2020 , 3668 0x3E3E , 7878 0x1C1C , 7487 0x5A5A , 5490 0x6E6E , 2608 
17:54:38.265:
0x2020 , 3387 0x3E3E , 7693 0x1C1C , 7729 0x5A5A , -339 0x6E6E , -796 
17:54:38.952:
0x2020 ,
17:54:38.968:
 -688 0x3E3E , 7517 0x1C1C , 7611 0x5A5A , 6391 0x6E6E , 2906 
17:54:39.687:
0x2020 , 2508 0x3E3E , 7442 0x1C1C , 7994 0x5A5A , 6692 0x6E6E , -796 
17:54:41.109:
0x
17:54:41.124:
2020 , 1901 0x3E3E , -218 0x1C1C , -159 0x5A5A , -339 0x6E6E , -796 
17:54:41.718:
0x2020 , 1724 0x3E3E , 7159 0x1C1C , 7770 0x5A5A , 7388 0x6E6E , 3566 
17:54:42.468:
0x2020 , 1689 0x3E3E , 6969 0x1C1C , 7661 0x5A5A 
17:54:42.484:
, -339 0x6E6E , -796 
17:54:43.064:
0x2020 , 1674 0x3E3E , 6890 
17:54:43.080:
0x1C1C , 7675 0x5A5A , 7526 0x6E6E , 3958 
17:54:44.492:
0x2020 , 1813 0x3E3E , -218 0x1C1C , -159 0x5A5A , -339 0x6E6E , -796 
17:54:45.913:
0x2020 , 1827 0x3E3E , -218 0x1C1C , -159 0x5A5A , -339 0x6E6E , -796 
17:54:46.523:
0x2020 , 2188 0x3E3E , 5600 0x1C1C , 6497 0x5A5A , 7188 0x6E6E , 5198 
17:54:47.289:
0x2020 , 2375 0x3E3E , 5252 
17:54:47.304:
0x1C1C , 6264 0x5A5A , -339 0x6E6E , -796 
17:54:47.914:
0x2020 , 2760 0x3E3E , 4876 0x1C1C , 5926 0x5A5A , 7064 0x6E6E , 5661 
17:54:48.710:
0x2020 , 2878 0x3E3E , 4612 0x1C1C , 5661 0x5A5A , -339 0x6E6E , -796 
17:54:49.336:
0x2020 , 3406 0x3E3E , 4264 0x1C1C , 5319 0x5A5A , 7045 0x6E6E , 6749 
17:54:50.117:
0x2020 , 3989 0x3E3E , 3985 
17:54:50.133:
0x1C1C , 5072 0x5A5A , -339 0x6E6E , -796 
17:54:50.760:
0x2020 , 3683 0x3E3E , 3586 0x1C1C , 4812 0x5A5A , 7059 0x6E6E , 7097 
17:54:51.528:
0x2020 , 4216 0x3E3E , 3303 0x1C1C , 4570 0x5A5A , -339 0x6E6E , -796 
17:54:52.122:
0x2020 , 4388 0x3E3E , 3011 0x1C1C , 4301 0x5A5A , 7202 0x6E6E , 8331 
17:54:52.872:
0x2020 , 4620 0x3E3E , 2
17:54:52.888:
886 0x1C1C , 4109 0x5A5A , -339 0x6E6E , -796 
17:54:53.561:
0x2020 , -688 0x3E3E , -218 0x1C1C , 3839 
17:54:53.576:
0x5A5A , 7269 0x6E6E , 8245 
17:54:54.358:
0x2020 , 5232 0x3E3E , 2454 0x1C1C , 3625 0x5A5A , -339 0x6E6E , -796 
17:54:54.968:
0x2020 , 5720 0x3E3E , 2644 0x1C1C , 3378 0x5A5A , 6954 0x6E6E , 9076 
17:54:55.733:
0x2020 , 6061 0x3E3E , 2695 
17:54:55.749:
0x1C1C , 3269 0x5A5A , -339 0x6E6E , -796 
17:54:56.359:
0x2020 , 6342 0x3E3E , 2849 0x1C1C , 2995 0x5A5A , 6482 0x6E6E , 8860 
17:54:57.156:
0x2020 , 6495 0x3E3E , 3164 0x1C1C , 2730 0x5A5A , -339 0x6E6E , -796 
17:54:57.781:
0x2020 , 6495 0x3E3E , 3526 0x1C1C , 2579 0x5A5A , 5876 0x6E6E , 8729 
17:54:58.563:
0x2020 , 6722 0x3E3E , 3628 0
17:54:58.579:
x1C1C , 2369 0x5A5A , -339 0x6E6E , -796 
17:54:59.204:
0x2020 , 6929 0x3E3E , 4009 0x1C1C , 2109 0x5A5A , 5270 0x6E6E , 8905 
17:54:59.969:
0x2020 , 7023 0x3E3E , 4176 0x1C1C , 2018 0x5A5A , -339 0x6E6E , -796 
17:55:00.564:
0x2020 , 6846 0x3E3E , 4435 0x1C1C , 2141 0x5A5A , 4784 0x6E6E , 8104 
17:55:01.424:
0x2020 , 7447 0x3E3E , 4732 0x1C1C , -159 0x5A5A , -339 0x6E6E , -796 
17:55:02.002:
0
17:55:02.017:
x2020 , 7230 0x3E3E , 4876 0x1C1C , 2127 0x5A5A , 4240 0x6E6E , 8109 
17:55:02.805:
0x2020 , 7201 0x3E3E , 5025 0x1C1C , 2324 0x5A5A , -339 0x6E6E , -796 
17:55:03.398:
0x2020 , 7077 0x3E3E , 5716 0x1C1C , 2748 0x5A5A , 3753 0x6E6E , 7419 
17:55:04.181:
0x2020 , 6959 0x3E3E , 6152 
17:55:04.196:
0x1C1C , 2844 0x5A5A , -339 0x6E6E , -796 
17:55:04.806:
0x2020 , 7018 0x3E3E , 6352 0x1C1C , 3187 0x5A5A , 3214 0x6E6E , 6840 
17:55:05.603:
0x2020 , 6895 0x3E3E , 6630 0x1C1C , 3607 0x5A5A , -339 0x6E6E , -796 
17:55:06.228:
0x2020 , 6811 0x3E3E , 6589 0x1C1C , 3862 0x5A5A , 2980 0x6E6E , 6130 
17:55:07.009:
0x2020 , 6688 0x3E3E , 6909 0x1C1C 
17:55:07.025:
, 4186 0x5A5A , -339 0x6E6E , -796 
17:55:07.650:
0x2020 , 6530 0x3E3E , 7011 0x1C1C , 4488 0x5A5A , 3085 0x6E6E , 5450 
17:55:08.416:
0x2020 , 6421 0x3E3E , 7164 0x1C1C , 4716 0x5A5A , -339 0x6E6E , -796 
17:55:09.001:
0x2020 , 6471 0x3E3E , 7414 0x1C1C , 5159 0x5A5A , 2866 0x6E6E , 4664 
17:55:09.767:
0x2020 , 6426 0x3E3E , 76
17:55:09.782:
05 0x1C1C , 5360 0x5A5A , -339 0x6E6E , -796 
17:55:10.377:
0x2020 , 6510 0x3E3E , 7953 0x1C1C , 5684 0x5A5A , 3023 0x6E6E , 3953 
17:55:11.049:
0x2020 , 5938 0x3E3E , 8078
17:55:11.065:
 0x1C1C , 5976 0x5A5A , 3262 0x6E6E , -796 
17:55:11.659:
0x2020 , 5893 0x3E3E , 8352 0
17:55:11.674:
x1C1C , 6351 0x5A5A , 3467 0x6E6E , 3319 
17:55:12.442:
0x2020 , 57
17:55:12.458:
01 0x3E3E , 8514 0x1C1C , 6602 0x5A5A , -339 0x6E6E , -796 
17:55:13.052:
0x2020 , 5864 0x
17:55:13.083:
3E3E , 8732 0x1C1C , 6930 0x5A5A , 4073 0x6E6E , 2624 
17:55:13.864:
0x2020 , 5765 0x3E3E , 8723 0x1C1C , 6912 0x5A5A , -339 0x6E6E , -796 
17:55:14.489:
0x2020 , 5612 0x3E3E , 8783 0x1C1C , 6985 0x5A5A , 4225 0x6E6E , 2533 
17:55:15.271:
0x2020 , 5420 0x3E3E , 8746 
17:55:15.287:
0x1C1C , 7414 0x5A5A , -339 0x6E6E , -796 
17:55:15.928:
0x2020 , 5084 0x3E3E , 8602 0x1C1C , 7172 0x5A5A , 4426 0x6E6E , 2286 
17:55:16.694:
0x2020 , 4803 0x3E3E , 8510 0x1C1C , 7045 0x5A5A , -339 0x6E6E , -796 
17:55:17.272:
0x2020 , 4497 0x3E3E , 8375 0x1C1C , 7177 0x5A5A , 5089 0x6E6E , 2618 
17:55:18.022:
0x2020 , 4290 0x3E3
17:55:18.038:
E , 8111 0x1C1C , 7245 0x5A5A , -339 0x6E6E , -796 
17:55:18.647:
0x2020 , 4033 0x3E3E , 7985 0x1C1C , 7145 0x5A5A , 5399 0x6E6E , 2513 
17:55:19.319:
0x2020 , 3737 0x3E3E , 7841 0x
17:55:19.335:
1C1C , 7414 0x5A5A , 5404 0x6E6E , -796 
17:55:19.928:
0x2020 , 3490 0x3E3E , 7851 0x1C1C , 7524 
17:55:19.944:
0x5A5A , 5776 0x6E6E , 2528 
17:55:20.710:
0x2020 , 3392 0x3E3E , 
17:55:20.725:
7656 0x1C1C , 7382 0x5A5A , -339 0x6E6E , -796 
17:55:21.351:
0x2020 , 3110 0x3E3E , 7878 0x1C1C , 7140 0x5A5A , 6100 0x6E6E , 2689 
17:55:22.134:
0x2020 , 2760 0x3E3E , 8032 0x1C1C , 7748 0x5A5A , -339 0x6E6E , -796 
17:55:22.759:
0x2020 , 2405 0x3E3E , 7326 0x1C1C , 7332 0x5A5A , 6754 0x6E6E , 3198 
17:55:23.540:
0x2020 , 2074 0x3E3E , 7238 0x1C1
17:55:23.556:
C , 7780 0x5A5A , -339 0x6E6E , -796 
17:55:24.196:
0x2020 , 1763 0x3E3E , 7368 0x1C1C , 7451 0x5A5A , 6935 0x6E6E , 3601 
17:55:24.962:
0x2020 , 1600 0x3E3E , 7271 0x1C1C , 7711 0x5A5A , -339 0x6E6E , -796 
17:55:25.540:
0x2020 , 1669 0x3E3E , 7159 0x1C1C , 7656 0x5A5A , 7421 0x6E6E , 3641 
17:55:26.291:
0x2020 , 1645 0x3E3E , 7113
17:55:26.307:
 0x1C1C , 7697 0x5A5A , -339 0x6E6E , -796 
17:55:26.916:
0x2020 , 1635 0x3E3E , 7196 0x1C1C , 7716 0x5A5A , 7421 0x6E6E , 3621 
17:55:27.698:
0x2020 , 1788 0x3E3E , 7145 0x1C1C , 7707 0x5A5A , -339 0x6E6E , -796 
17:55:28.292:
0x2020 , 1798 0x3E3E , 7145 0x1C1C , 7670 0x5A5A , 7302 0x6E6E , 3641 
17:55:29.074:
0x2020 , 1822 0x3E3E , 7201 
17:55:29.090:
0x1C1C , 7697 0x5A5A , -339 0x6E6E , -796 
17:55:29.699:
0x2020 , 1832 0x3E3E , 7131 0x1C1C , 7697 0x5A5A , 7340 0x6E6E , 3807 
17:55:30.498:
0x2020 , 1729 0x3E3E , 7145 0x1C1C , 7688 0x5A5A , -339 0x6E6E , -796 
17:55:31.123:
0x2020 , 1576 0x3E3E , 7131 0x1C1C , 7738 0x5A5A , 7464 0x6E6E , 3470 
17:55:31.904:
0x2020 , 1803 0x3E3E , 7080 
17:55:31.920:
0x1C1C , 7825 0x5A5A , -339 0x6E6E , -796 
17:55:32.545:
0x2020 , 1660 0x3E3E , 6988 0x1C1C , 7643 0x5A5A , 7436 0x6E6E , 3339 
17:55:33.310:
0x2020 , 1635 0x3E3E , 7108 0x1C1C , 7789 0x5A5A , -339 0x6E6E , -796 
17:55:33.904:
0x2020 , 1694 0x3E3E , 7275 0x1C1C , 7725 0x5A5A , 7297 0x6E6E , 3631 
17:55:34.654:
0x2020 , 1571 0x3E3E , 7252
17:55:34.670:
 0x1C1C , 7656 0x5A5A , -339 0x6E6E , -796 
17:55:35.279:
0x2020 , 1605 0x3E3E , 7247 0x1C1C , 7688 0x5A5A , 7188 0x6E6E , 3520 
17:55:36.045:
0x2020 , 1660 0x3E3E , 7234 0x1C1C , 7702 0x5A5A , -339 0x6E6E , -796 
17:55:36.654:
0x2020 , 1610 0x3E3E , 7122 0x1C1C , 7743 0x5A5A , 7479 0x6E6E , 3525 
17:55:37.420:
0x2020 , 1625 0x3E3E , 7178 
17:55:37.435:
0x1C1C , 7720 0x5A5A , -339 0x6E6E , -796 
17:55:38.060:
0x2020 , 1625 0x3E3E , 7048 0x1C1C , 7702 0x5A5A , 7479 0x6E6E , 3409 
17:55:38.926:
0x2020 , 1605 0x3E3E , 7099 
17:55:38.941:
0x1C1C , -159 0x5A5A , -339 0x6E6E , -796 
17:55:39.551:
0x2020 , 1586 0x3E3E , 7043 0x1C1C , 7807 
17:55:39.567:
0x5A5A , 7503 0x6E6E , 3359 
17:55:40.458:
0x2020 , 1576 0x3E3E , 7080 0x1C1C , -159 0x5A5A , -339 0x6E6E , -796 
17:55:41.067:
0x2020 , 
17:55:41.083:
1566 0x3E3E , 7085 0x1C1C , 7633 0x5A5A , 7679 0x6E6E , 4074 