0x1C1C , 332 
0x2020 , 320 
0x3E3E , 324 
0x4D4D , 354 
0x6E6E , 326 
0x1C1C , 333 
0x2020 , 321 
0x3E3E , 321 
0x4D4D , 344 
0x6E6E , 324 
0x1C1C , 333 
0x2020 , 320 
0x3E3E , 322 
0x4D4D , 351 
0x6E6E , 323 
0x1C1C , 333 
0x2020 , 321 
0x3E3E , 322 
0x4D4D , 360 
0x6E6E , 321 
0x1C1C , 336 
0x2020 , 320 
0x3E3E , 323 
0x4D4D , -318 
0x6E6E , 323 
0x1C1C , 335 
0x2020 , 320 
0x3E3E , 322 
0x4D4D , 350 
0x6E6E , 321 
0x1C1C , 333 
0x2020 , 315 
0x3E3E , 321 
0x4D4D , 361 
0x6E6E , 322 
0x1C1C , 330 
0x2020 , 318 
0x3E3E , 322 
0x4D4D , 353 
0x6E6E , 322 
0x1C1C , 335 
0x2020 , 324 
0x3E3E , 325 
0x4D4D , 353 
0x6E6E , 320 
0x1C1C , 337 
0x2020 , 317 
0x3E3E , 322 
0x4D4D , 345 
0x6E6E , 321 
0x1C1C , 336 
0x2020 , 321 
0x3E3E , 320 
0x4D4D , 348 
0x6E6E , 321 
0x1C1C , 331 
0x2020 , 326 
0x3E3E , 322 
0x4D4D , 356 
0x6E6E , 325 
0x1C1C , 333 
0x2020 , 325 
0x3E3E , 324 
0x4D4D , 340 
0x6E6E , 320 
0x1C1C , 0 
0x2020 , 0 
0x3E3E , 0 
0x4D4D , 0 
0x6E6E , 0 
0x1C1C , 335 
0x2020 , 321 
0x3E3E , 321 
0x4D4D , -401 
0x6E6E , 321 
0x1C1C , 336 
0x2020 , 319 
0x3E3E , 320 
0x4D4D , 352 
0x6E6E , 322 
0x1C1C , 333 
0x2020 , 322 
0x3E3E , 324 
0x4D4D , 349 
0x6E6E , 323 
0x1C1C , 333 
0x2020 , 321 
0x3E3E , 322 
0x4D4D , 353 
0x6E6E , 321 
0x1C1C , 334 
0x2020 , 319 
0x3E3E , 321 
0x4D4D , 348 
0x6E6E , 323 
0x1C1C , 332 
0x2020 , 315 
0x3E3E , 323 
0x4D4D , 361 
0x6E6E , 324 
0x1C1C , 335 
0x2020 , 317 
0x3E3E , 323 
0x4D4D , 347 
0x6E6E , 322 
0x1C1C , 330 
0x2020 , 322 
0x3E3E , 322 
0x4D4D , 362 
0x6E6E , 320 
0x1C1C , 335 
0x2020 , 319 
0x3E3E , 325 
0x4D4D , 356 
0x6E6E , 324 
0x1C1C , 333 
0x2020 , 318 
0x3E3E , 322 
0x4D4D , 355 
0x6E6E , 324 
0x1C1C , 329 
0x2020 , 318 
0x3E3E , 322 
0x4D4D , 364 
0x6E6E , 320 
0x1C1C , 335 
0x2020 , 322 
0x3E3E , 322 
0x4D4D , 344 
0x6E6E , 322 
0x1C1C , 335 
0x2020 , 321 
0x3E3E , 320 
0x4D4D , 359 
0x6E6E , 323 
0x1C1C , 333 
0x2020 , 319 
0x3E3E , 323 
0x4D4D , 350 
0x6E6E , 324 
0x1C1C , 332 
0x2020 , 321 
0x3E3E , 324 
0x4D4D , 350 
0x6E6E , 323 
0x1C1C , 333 
0x2020 , 321 
0x3E3E , 321 
0x4D4D , 355 
0x6E6E , 325 
0x1C1C , 0 
0x2020 , 0 
0x3E3E , 0 
0x4D4D , 0 
0x6E6E , 0 
0x1C1C , 333 
0x2020 , 315 
0x3E3E , 322 
0x4D4D , 352 
0x6E6E , 321 
0x1C1C , 332 
0x2020 , 318 
0x3E3E , 325 
0x4D4D , 346 
0x6E6E , 324 
0x1C1C , 334 
0x2020 , 318 
0x3E3E , 321 
0x4D4D , 350 
0x6E6E , 323 
0x1C1C , 333 
0x2020 , 315 
0x3E3E , 324 
0x4D4D , 351 
0x6E6E , 326 
0x1C1C , 335 
0x2020 , 320 
0x3E3E , 326 
0x4D4D , 347 
0x6E6E , 320 
0x1C1C , 336 
0x2020 , 321 
0x3E3E , 324 
0x4D4D , 368 
0x6E6E , 323 
0x1C1C , 334 
0x2020 , 314 
0x3E3E , 324 
0x4D4D , 349 
0x6E6E , 321 
0x1C1C , 334 
0x2020 , 317 
0x3E3E , 324 
0x4D4D , 341 
0x6E6E , 322 
0x1C1C , 338 
0x2020 , 320 
0x3E3E , 323 
0x4D4D , 353 
0x6E6E , 322 
0x1C1C , 333 
0x2020 , 316 
0x3E3E , 323 
0x4D4D , 349 
0x6E6E , 323 
0x1C1C , 333 
0x2020 , 315 
0x3E3E , 324 
0x4D4D , 352 
0x6E6E , 320 
0x1C1C , 334 
0x2020 , 323 
0x3E3E , 321 
0x4D4D , 355 
0x6E6E , 322 
0x1C1C , 333 
0x2020 , 312 
0x3E3E , 327 
0x4D4D , 347 
0x6E6E , 323 
0x1C1C , 336 
0x2020 , 323 
0x3E3E , 324 
0x4D4D , 345 
0x6E6E , 323 
0x1C1C , 0 
0x2020 , 0 
0x3E3E , 0 
0x4D4D , 0 
0x6E6E , 0 
0x1C1C , 335 
0x2020 , 322 
0x3E3E , 323 
0x4D4D , 348 
0x6E6E , 322 
0x1C1C , 335 
0x2020 , 318 
0x3E3E , 322 
0x4D4D , 353 
0x6E6E , 324 
0x1C1C , 336 
0x2020 , 317 
0x3E3E , 321 
0x4D4D , 347 
0x6E6E , 320 
0x1C1C , 334 
0x2020 , 315 
0x3E3E , 322 
0x4D4D , 363 
0x6E6E , 319 
0x1C1C , 333 
0x2020 , 322 
0x3E3E , 323 
0x4D4D , 348 
0x6E6E , 321 
0x1C1C , 333 
0x2020 , 321 
0x3E3E , 323 
0x4D4D , 356 
0x6E6E , 321 
0x1C1C , 331 
0x2020 , 318 
0x3E3E , 322 
0x4D4D , 361 
0x6E6E , 323 
0x1C1C , 336 
0x2020 , 316 
0x3E3E , 322 
0x4D4D , 361 
0x6E6E , 321 
0x1C1C , 331 
0x2020 , 313 
0x3E3E , 321 
0x4D4D , 352 
0x6E6E , 325 
0x1C1C , 329 
0x2020 , 320 
0x3E3E , 321 
0x4D4D , 353 
0x6E6E , 323 
0x1C1C , 0 
0x2020 , 0 
0x3E3E , 0 
0x4D4D , 0 
0x6E6E , 0 
0x1C1C , 332 
0x2020 , 321 
0x3E3E , 322 
0x4D4D , 356 
0x6E6E , 319 
0x1C1C , 333 
0x2020 , 312 
0x3E3E , 322 
0x4D4D , 349 
0x6E6E , 320 
0x1C1C , 332 
0x2020 , 316 
0x3E3E , 323 
0x4D4D , 357 
0x6E6E , 326 
0x1C1C , 336 
0x2020 , 315 
0x3E3E , 324 
0x4D4D , 346 
0x6E6E , 323 
0x1C1C , 333 
0x2020 , 319 
0x3E3E , 325 
0x4D4D , 348 
0x6E6E , 324 
0x1C1C , 333 
0x2020 , 313 
0x3E3E , 322 
0x4D4D , 355 
0x6E6E , 319 
