15:05:14.556:
0x1C1C , 436 
0x2020 , 424 
0x3E3E , 431 
0x4D4D , 464 

15:05:14.572:
0x6E6E , 420 

15:05:17.290:
0x1C1C , 0 
0x2020 , 0 
0x3E3E , 0 
0x4D4D , 0 
0x6E6E , 0 

15:05:18.040:
0x1C1C , 435 
0x2020 , 428 
0x3E
15:05:18.056:
3E , 434 
0x4D4D , 468 
0x6E6E , 422 

15:05:18.837:
0x1C1C , 439 
0x2020 , 427 
0x3E3E , 431 
0x4D4D , 472 
0x6E6E , 421 

15:05:19.618:
0x1C1C , 438 
0x2020 , 424 
0x3E3E , 432 
0x4D4D , 466 
0x6E6E , 423 

15:05:20.400:
0x1C1C , 437 
0x2020 , 437 
0x3E3E , 432 
0x4D4D , 471 
0x6E6E , 420 

15:05:21.165:
0x1C1C , 436 
0x2020 , 4
15:05:21.181:
32 
0x3E3E , 435 
0x4D4D , 469 
0x6E6E , 423 

15:05:21.978:
0x1C1C , 431 
0x2020 , 423 
0x3E3E , 434 
0x4D4D , 462 
0x6E6E , 424 

15:05:22.775:
0x1C1C , 436 
0x2020 , 427 
0x3E3E , 435 
0x4D4D , 475 
0x6E6E , 419 

15:05:24.525:
0x1C1C , 435 
0x2020 , 429 
0x3E3E , 433 
0x4D4D , 465 
0x6E6E , 420 

15:05:25.259:
0x1C1C , 434 
0x2020 , 431 
0x3E3E , 432 
0x4D4D ,
15:05:25.275:
 460 
0x6E6E , 423 

15:05:26.009:
0x1C1C , 436 

15:05:26.025:
0x2020 , 437 
0x3E3E , 434 
0x4D4D , 473 
0x6E6E , 415 

15:05:26.790:
0x1C1C , 436 
0x2020 , 421 
0x3E3E , 435 
0x4D4D , 471 
0x6E6E , 416 

15:05:27.556:
0x1C1C , 426 
0x2020 , 429 
0x3E3E , 433 
0x4D4D , 472 
0x6E6E , 422 

15:05:28.306:
0x1C1C , 435 
0x2020 , 418 
0x3E3E , 437 
0x4D4D ,
15:05:28.322:
 464 
0x6E6E , 422 

15:05:29.072:
0x1C1C , 433 
0x20
15:05:29.087:
20 , 429 
0x3E3E , 435 
0x4D4D , 466 
0x6E6E , 421 

15:05:29.869:
0x1C1C , 438 
0x2020 , 436 
0x3E3E , 433 
0x4D4D , 467 
0x6E6E , 419 

15:05:30.650:
0x1C1C , 436 
0x2020 , 443 
0x3E3E , 433 
0x4D4D , 465 
0x6E6E , 419 

15:05:31.417:
0x1C1C , 435 
0x2020 , 422 
0x3E3E , 434 
0x4D4D , 469 

15:05:31.432:
0x6E6E , 419 

15:05:32.198:
0x1C1C , 435 
0x2020 , 422 

15:05:32.214:
0x3E3E , 434 
0x4D4D , 477 
0x6E6E , 422 

15:05:34.385:
0x1C1C , 433 
0x2020 , 431 
0x3E3E , 435 
0x4D4D , 466 
0x6E6E , 421 

15:05:36.073:
0x1C1C , 438 
0x2020 , 430 
0x3E3E , 435 
0x4D4D , 469 
0x6E6E , 419 

15:05:36.807:
0x1C1C , 429 
0x2020 , 439 
0x3E3E , 438 
0x4D
15:05:36.823:
4D , 470 
0x6E6E , 421 

15:05:37.589:
0x1C1C , 435 
0x2020 , 424 
0x3E3E , 436 
0x4D4D , 463 
0x6E6E , 419 

15:05:38.354:
0x1C1C , 436 
0x2020 , 422 
0x3E3E , 433 
0x4D4D , 476 
0x6E6E , 422 

15:05:39.120:
0x1C1C , 434 
0x2020 , 429 
0x3E3E , 436 
0x4D4D , 469 
0x6E6E , 417 

15:05:39.870:
0x1C1C , 437 
0x2020 , 432 
0x3E3E , 434 
0x4D4D , 472 
15:05:39.886:

0x6E6E , 416 

15:05:40.636:
0x1C1C , 433 
0x2020 
15:05:40.651:
, 423 
0x3E3E , 431 
0x4D4D , 468 
0x6E6E , 417 

15:05:41.432:
0x1C1C , 432 
0x2020 , 422 
0x3E3E , 433 
0x4D4D , 476 
0x6E6E , 418 

15:05:42.214:
0x1C1C , 434 
0x2020 , 445 
0x3E3E , 435 
0x4D4D , 468 
0x6E6E , 420 

15:05:42.979:
0x1C1C , 435 
0x2020 , 424 
0x3E3E , 437 
0x4D4D , 461
15:05:42.995:
 
0x6E6E , 420 

15:05:43.761:
0x1C1C , 436 
0x2020 , 4
15:05:43.776:
33 
0x3E3E , 438 
0x4D4D , 467 
0x6E6E , 419 

15:05:44.573:
0x1C1C , 439 
0x2020 , 422 
0x3E3E , 436 
0x4D4D , 469 
0x6E6E , 420 

15:05:45.354:
0x1C1C , 436 
0x2020 , 443 
0x3E3E , 432 
0x4D4D , 459 
0
15:05:45.370:
x6E6E , 421 

15:05:47.105:
0x1C1C , 435 
0x2020 , 433 
0x3E3E , 436 
0x4D4D , 468 
0x6E6E , 417 

15:05:47.855:
0x1C1C , 431 
0x2020 , 419 
0x3E3E , 433 
0x4D4D , 
15:05:47.870:
477 
0x6E6E , 422 

15:05:48.620:
0x1C1C , 434 
0x2020 , 422 
0x3E3E , 432 
0x4D4D , 475 
0x6E6E , 422 

15:05:50.714:
0x1C1C , 433 
0x2020 , 428 
0x3E3E , 433 
0x4D4D
15:05:50.730:
 , 470 
0x6E6E , 420 

15:05:54.855:
0x1C1
15:05:54.886:
C , 435 
0x2020 , 426 
0x3E3E , 436 
0x4D4D , 465 
0x6E6E , 418 

15:05:55.667:
0x1C1C , 434 
0x2020 , 424 
0x3E3E , 438 
0x4D4D , 472 
0x6E6E , 421 

15:05:59.183:
0x1C1C , 435 
0x2020 , 438 
0x3E3E , 436 
0x4D4D , 465 
15:05:59.199:

0x6E6E , 418 

15:06:02.261:
0x1C1C , 433 
0x2020 , 433 
0x3E3E , 431 
0x4D4D , 474 
0x6E6E , 425 

15:06:02.996:
0x1C1C , 430 
0x2020 , 422 
0x3E3E , 434 
0x4D
15:06:03.011:
4D , 472 
0x6E6E , 418 

15:06:03.761:
0x1C1C , 432
15:06:03.777:
 
0x2020 , 423 
0x3E3E , 435 
0x4D4D , 458 
0x6E6E , 420 

15:06:06.465:
0x1C1C , 0 
0x2020 , 0 
0x3E3E , 0 

15:06:06.481:
0x4D4D , 0 
0x6E6E , 0 

15:06:07.231:
0x1C1C , 435 
0x2020 , 435 
0x3E3E , 432 

15:06:07.247:
0x4D4D , 465 
0x6E6E , 421 

15:06:08.028:
0x1C1C , 432 
0x2020 , 433 
0x3E3E , 433 
0x4D4D , 468 
0x6E6E , 420 

15:06:08.794:
0x1C1C , 435 
0x2020 , 438 
0x3E3E , 436 
0x4D4D , 457 
0x6E6E , 422 

15:06:09.575:
0x1C1C , 432 
0x2020 , 423 
0x3E3E , 435 
0x4D4D , 464 
0x6E6E , 418 

15:06:10.341:
0x1C1C , 428 
0x2020 , 446 
0x3E3E , 432 
0x4D4D , 460 

15:06:10.356:
0x6E6E , 422 

15:06:11.138:
0x1C1C , 434 
0x2020 , 41
15:06:11.153:
6 
0x3E3E , 433 
0x4D4D , 469 
0x6E6E , 420 

15:06:11.935:
0x1C1C , 432 
0x2020 , 418 
0x3E3E , 433 
0x4D4D , 462 
0x6E6E , 416 

15:06:12.732:
0x1C1C , 435 
0x2020 , 428 
0x3E3E , 434 
15:06:12.747:

0x4D4D , 464 
0x6E6E , 420 

15:06:15.747:
0x1C1C , 432 
0x2020 , 447 
0x3E3E , 
15:06:15.763:
435 
0x4D4D , 463 
0x6E6E , 419 

15:06:16.529:
0x1C1C , 431 
0x2020 , 421 
0x3E3E , 431 
0x4D4D , 464 
0x6E6E , 420 

15:06:17.280:
0x1C1C , 433 
0x2020 , 449 
0x3E3E , 433 
0x4D4D , 472 
0x6E6E , 420 

15:06:24.250:
0x1C1C , 434 
0x2020 , 423 
0x3E3E , 433 
0x4D4D , 465 
0x6E6E , 418 

15:06:25.031:
0x1C1C , 434 
0x2020 , 441 
0x3E3E , 436 
0x4D4D , 465 
0x6E6E , 422 

15:06:25.797:
0x1C1C , 434 
0x2020 , 426 
0x3E3E , 431 
0x4D4D , 47
15:06:25.813:
9 
0x6E6E , 416 

15:06:26.578:
0x1C1C , 433 
0x2020 , 430 
0x3E3E , 435 
0x4D4D , 469 

15:06:26.594:
0x6E6E , 423 

15:06:27.360:
0x1C1C , 434 
0x2020 , 418 
15:06:27.376:

0x3E3E , 433 
0x4D4D , 465 
0x6E6E , 419 

15:06:29.548:
0x1C1C , 438 
0x2020 , 440 
0x3E3E , 436 
0x4D4D , 466 
0x6E6E , 420 

15:06:31.251:
0x1C1C , 433 
0x2020 , 461 
0x3E3E , 432 
0x4D4D , 471 
0x6E6E , 419 

15:06:31.985:
0x1C1C , 437 
0x2020 , 431 
0x3E3E , 433 
0x4D4D , 470 
15:06:32.001:

0x6E6E , 415 

15:06:32.751:
0x1C1C , 432 
0x2020 , 424 
0x3E3E , 434 
0x4D4D , 465 
0x6E6E , 418 

15:06:34.860:
0x1C1C , 436 
0x2020 , 451 
0x3E3E , 435 
0x4D4D , 461 
0x6E6E , 421 

15:06:35.610:
0x1C1C , 437 
0x2020 , 451 
0x3E3E , 436 
0x4D4D , 
15:06:35.626:
463 
0x6E6E , 423 

15:06:36.392:
0x1C1C , 434 
0x2020
15:06:36.407:
 , 435 
0x3E3E , 435 
0x4D4D , 469 
0x6E6E , 419 

15:06:37.189:
0x1C1C , 436 
0x2020 , 420 
0x3E3E , 436 
0x4D4D , 470 
0x6E6E , 419 

15:06:39.314:
0x1C1C , 433 
0x202
15:06:39.329:
0 , 428 
0x3E3E , 433 
0x4D4D , 469 
0x6E6E , 421 

15:06:40.720:
0x1C1C , 0 
0x2020 , 0 
0x3E3E , 0 
0x4D4D , 0 
0x6E6E , 0 

15:06:41.501:
0x1C1C , 433 
0x2020 , 433 
0x3E3E , 433 
0x4D4D , 464 
0x6E6E , 419 

15:06:44.611:
0x1C1C , 435 
0x2020 , 421 
0x3E3E , 437 
0x4D4D , 469 
0
15:06:44.626:
x6E6E , 418 

15:06:45.361:
0x1C1C , 431 
0x2020 
15:06:45.376:
, 433 
0x3E3E , 433 
0x4D4D , 463 
0x6E6E , 419 

15:06:46.142:
0x1C1C , 438 
0x2020 , 456 
0x3E3E , 434 
0x4D4D , 468 
0x6E6E , 418 

15:06:48.252:
0x1C1C , 432 
0x2020 , 432 
0x3E3E , 432 
0x4D4D , 470 
0x6E6E , 421 

15:06:51.361:
0x1C1C , 437 
0x2020 , 432 
0x3E3E , 436 
0x4D4D , 471 
0x6E6E , 419 

15:06:52.143:
0x1C1C , 436 
0x2020 , 418 
0x3E3E , 436 
0x4D4D , 460 
0x6E6E , 418 

15:06:52.908:
0x1C1C , 437 
0x2020 , 428 
0x3E3E , 435 
0x4D4D , 469 

15:06:52.924:
0x6E6E , 419 

15:06:53.690:
0x1C1C , 431 
0x2020 , 423 

15:06:53.705:
0x3E3E , 436 
0x4D4D , 469 
0x6E6E , 416 

15:06:54.502:
0x1C1C , 430 
0x2020 , 418 
0x3E3E , 434 
0x4D4D , 465 
0x6E6E , 416 

15:06:55.300:
0x1C1C , 436 
0x2020 , 421 
0x3E3E , 431 
0x4D4D , 468 
0x6E6E , 418 

15:06:57.003:
0x1C1C , 432 
0x2020 , 420 
0x3E3E , 431 
0x4D4D , 469 
0x6E6E , 419 

15:06:59.331:
0x1C1C , 434 
0x2020 , 424 
0x3E3E , 435 

15:06:59.347:
0x4D4D , 472 
0x6E6E , 414 

15:07:00.113:
0x1C1C , 439 
0x2020 , 421 
0x3E3E , 432 
0x4D4D , 463 
0x6E6E , 421 

15:07:00.878:
0x1C1C , 431 
0x2020 , 416 
0x3E3E , 433 
0x4D4D , 468 
0x6E6E , 422 

15:07:04.363:
0x1C1C , 430 
0x2020 , 414 
0x3E3E , 433 
0x4D4D , 470 
0x6E6E , 424 

15:07:06.207:
0x1C1C , 434 
0x2020 , 419 
0x3E3E , 434
15:07:06.222:
 
0x4D4D , 470 
0x6E6E , 422 

15:07:07.003:
0x1C1C , 43
15:07:07.019:
5 
0x2020 , 419 
0x3E3E , 436 
0x4D4D , 471 
0x6E6E , 418 

15:07:07.816:
0x1C1C , 433 
0x2020 , 421 
0x3E3E , 431 
0x4D4D , 468 
0x6E6E , 417 

15:07:08.613:
0x1C1C , 436 
0x2020 , 432 
0x3E3E , 436 
0x4D4D , 459 
0x6E6E , 416 

15:07:11.660:
0x1C1C , 438 
0x2020 , 454
15:07:11.675:
 
0x3E3E , 432 
0x4D4D , 464 
0x6E6E , 417 

15:07:14.379:
0x1C1C , 435 
0x2020 , 416 
0x3E3E , 432 
0x4D4D , 465 
0x6E6E , 419 

15:07:19.067:
0x1C1C , 0 
0x2020 , 0 
0x3E3E , 0 
0x4D4D 
15:07:19.083:
, 0 
0x6E6E , 0 

15:07:22.583:
0x1C1C , 433 
0x2020 , 457 
0x3E3E , 436 
0x4D4D , 464 
0x6E6E , 414 

15:07:27.192:
0x1C1C , 433 
0x2020 , 428 
0x3E3E , 436 
0x4D4D , 481 
0x6E6E , 419 

15:07:28.927:
0x1C1C , 435 
0x2020 , 445 
0x3E3E , 432 
0x4D4D , 463 
0x6E6E , 420 

15:07:29.677:
0x1C1C , 438 
0x2020 , 427 
0x3E3E , 435 
0x4
15:07:29.692:
D4D , 468 
0x6E6E , 421 

15:07:31.770:
0x1C1C , 433 

15:07:31.786:
0x2020 , 420 
0x3E3E , 436 
0x4D4D , 468 
0x6E6E , 419 

15:07:37.913:
0x1C1C , 436 
0x2020 , 417 
0x3E3E , 435 
0x4D4D , 469 
0x6E6E , 422 

15:07:38.694:
0x1C1C , 435 
0x2020 , 420 
0x3E3E , 433 
0x4D4D , 471 
0x6E6E , 416 

15:07:39.460:
0x1C1C , 435 
0x2020 , 420 
0x3E3E , 432 
0x4D4D , 459 

15:07:39.476:
0x6E6E , 422 

15:07:41.616:
0x1C1C , 434 
0x2020 , 424 
0
15:07:41.632:
x3E3E , 435 
0x4D4D , 468 
0x6E6E , 421 

15:07:42.429:
0x1C1C , 436 
0x2020 , 449 
0x3E3E , 434 
0x4D4D , 462 
0x6E6E , 420 

15:07:44.132:
0x1C1C , 435 
0x2020 , 430 
0x3E3E , 434 
0x4D4D , 468 
0x6E6E , 418 

15:07:46.866:
0x1C1C , 436 
0x2020 , 421 
0x3E3E , 433 
0x4D4D , 466 
0x6E6E , 420 

15:07:48.960:
0x1C1C , 437 
0x2020 , 440 
0x3E3E , 436 
0x4D4D , 469 

15:07:48.976:
0x6E6E , 420 

15:07:53.805:
0x1C1C , 437 
0x2020 , 424 
0x3E3E , 435 
0x4D4D , 469 
0
15:07:53.820:
x6E6E , 424 

15:07:54.617:
0x1C1C , 433 
0x2020 , 416 
0x3E3E , 433 
0x4D4D , 463 
0x6E6E , 418 

15:07:57.885:
0x1C1C , 434 
0x2020 , 417 
0x3E3E , 432 
0x4D4D , 465 
0x6E6E , 417 

