0x1C1C , 0 
0x2020 , 628 
0x3E3E , 635 
0x4D4D , 629 
0x6E6E , 615 
0x1C1C , 0 
0x2020 , 632 
0x3E3E , 636 
0x4D4D , 631 
0x6E6E , 0 
0x1C1C , 0 
0x2020 , 633 
0x3E3E , 633 
0x4D4D , 628 
0x6E6E , 613 
0x1C1C , 0 
0x2020 , 627 
0x3E3E , 637 
0x4D4D , 628 
0x6E6E , 614 
0x1C1C , 0 
0x2020 , 630 
0x3E3E , 636 
0x4D4D , 628 
0x6E6E , 0 
0x1C1C , 0 
0x2020 , 627 
0x3E3E , 634 
0x4D4D , 628 
0x6E6E , 613 
0x1C1C , 0 
0x2020 , 630 
0x3E3E , 637 
0x4D4D , 626 
0x6E6E , 0 
0x1C1C , 0 
0x2020 , 631 
0x3E3E , 631 
0x4D4D , 629 
0x6E6E , 614 
0x1C1C , 0 
0x2020 , 0 
0x3E3E , 0 
0x4D4D , 0 
0x6E6E , 0 
0x1C1C , 623 
0x2020 , 0 
0x3E3E , 630 
0x4D4D , 626 
0x6E6E , 617 
0x1C1C , 625 
0x2020 , 631 
0x3E3E , 636 
0x4D4D , 625 
0x6E6E , 0 
0x1C1C , 623 
0x2020 , 628 
0x3E3E , 635 
0x4D4D , 627 
0x6E6E , 616 
0x1C1C , 626 
0x2020 , 630 
0x3E3E , 630 
0x4D4D , 627 
0x6E6E , 0 
0x1C1C , 628 
0x2020 , 624 
0x3E3E , 0 
0x4D4D , 627 
0x6E6E , 615 
0x1C1C , 625 
0x2020 , 629 
0x3E3E , 630 
0x4D4D , 624 
0x6E6E , 0 
0x1C1C , 630 
0x2020 , 627 
0x3E3E , 0 
0x4D4D , 632 
0x6E6E , 613 
0x1C1C , 0 
0x2020 , 626 
0x3E3E , 633 
0x4D4D , 630 
0x6E6E , 613 
0x1C1C , 631 
0x2020 , 628 
0x3E3E , 635 
0x4D4D , 628 
0x6E6E , 0 
0x1C1C , 626 
0x2020 , 626 
0x3E3E , 634 
0x4D4D , 628 
0x6E6E , 612 
0x1C1C , 0 
0x2020 , 631 
0x3E3E , 636 
0x4D4D , 629 
0x6E6E , 0 
0x1C1C , 0 
0x2020 , 625 
0x3E3E , 632 
0x4D4D , 627 
0x6E6E , 615 
0x1C1C , 0 
0x2020 , 627 
0x3E3E , 630 
0x4D4D , 628 
0x6E6E , 0 
0x1C1C , 0 
0x2020 , 625 
0x3E3E , 634 
0x4D4D , 628 
0x6E6E , 614 
0x1C1C , 0 
0x2020 , 630 
0x3E3E , 636 
0x4D4D , 625 
0x6E6E , 0 
0x1C1C , 0 
0x2020 , 626 
0x3E3E , 630 
0x4D4D , 629 
0x6E6E , 609 
0x1C1C , 0 
0x2020 , 632 
0x3E3E , 635 
0x4D4D , 625 
0x6E6E , 0 
0x1C1C , 0 
0x2020 , 627 
0x3E3E , 634 
0x4D4D , 626 
0x6E6E , 614 
0x1C1C , 0 
0x2020 , 628 
0x3E3E , 637 
0x4D4D , 626 
0x6E6E , 0 
0x1C1C , 0 
0x2020 , 626 
0x3E3E , 635 
0x4D4D , 622 
0x6E6E , 615 
0x1C1C , 0 
0x2020 , 645 
0x3E3E , 638 
0x4D4D , 659 
0x6E6E , 606 
0x1C1C , 0 
0x2020 , 646 
0x3E3E , 637 
0x4D4D , 660 
0x6E6E , 0 
0x1C1C , 0 
0x2020 , 660 
0x3E3E , 642 
0x4D4D , 658 
0x6E6E , 614 
0x1C1C , 0 
0x2020 , 652 
0x3E3E , 640 
0x4D4D , 675 
0x6E6E , 0 
0x1C1C , 0 
0x2020 , 617 
0x3E3E , 641 
0x4D4D , 654 
0x6E6E , 612 
0x1C1C , 0 
0x2020 , 638 
0x3E3E , 642 
0x4D4D , 626 
0x6E6E , 0 
0x1C1C , 0 
0x2020 , 631 
0x3E3E , 638 
0x4D4D , 614 
0x6E6E , 627 
0x1C1C , 0 
0x2020 , 623 
0x3E3E , 640 
0x4D4D , 621 
0x6E6E , 0 
0x1C1C , 0 
0x2020 , 628 
0x3E3E , 640 
0x4D4D , 630 
0x6E6E , 619 
0x1C1C , 0 
0x2020 , 628 
0x3E3E , 637 
0x4D4D , 621 
0x6E6E , 0 
0x1C1C , 0 
0x2020 , 631 
0x3E3E , 639 
0x4D4D , 635 
0x6E6E , 619 
0x1C1C , 0 
0x2020 , 627 
0x3E3E , 636 
0x4D4D , 624 
0x6E6E , 0 
0x1C1C , 0 
0x2020 , 630 
0x3E3E , 647 
0x4D4D , 652 
0x6E6E , 618 
0x1C1C , 0 
0x2020 , 631 
0x3E3E , 0 
0x4D4D , 0 
0x6E6E , 0 
0x1C1C , 0 
0x2020 , 0 
0x3E3E , 0 
0x4D4D , 625 
0x6E6E , 0 
0x1C1C , 0 
0x2020 , 0 
0x3E3E , 0 
0x4D4D , 617 
0x6E6E , 0 
0x1C1C , 0 
0x2020 , 621 
0x3E3E , 628 
0x4D4D , 617 
0x6E6E , 0 
0x1C1C , 0 
0x2020 , 623 
0x3E3E , 634 
0x4D4D , 629 
0x6E6E , 614 
0x1C1C , 0 
0x2020 , 622 
0x3E3E , 628 
0x4D4D , 621 
0x6E6E , 0 
0x1C1C , 0 
0x2020 , 625 
0x3E3E , 626 
0x4D4D , 621 
0x6E6E , 619 
0x1C1C , 0 
0x2020 , 623 
0x3E3E , 629 
0x4D4D , 621 
0x6E6E , 0 
0x1C1C , 0 
0x2020 , 621 
0x3E3E , 630 
0x4D4D , 619 
0x6E6E , 621 
0x1C1C , 0 
0x2020 , 617 
0x3E3E , 0 
0x4D4D , 0 
0x6E6E , 0 
0x1C1C , 0 
0x2020 , 0 
0x3E3E , 0 
0x4D4D , 0 
0x6E6E , 0 
0x1C1C , 0 
0x2020 , 629 
0x3E3E , 0 
0x4D4D , 643 
0x6E6E , 0 
0x1C1C , 0 
0x2020 , 0 
0x3E3E , 0 
0x4D4D , 613 
0x6E6E , 613 
0x1C1C , 0 
0x2020 , 621 
0x3E3E , 630 
0x4D4D , 636 
0x6E6E , 620 
0x1C1C , 0 
0x2020 , 621 
0x3E3E , 629 
0x4D4D , 620 
0x6E6E , 0 
0x1C1C , 0 
0x2020 , 621 
0x3E3E , 627 
0x4D4D , 618 
0x6E6E , 621 
0x1C1C , 0 
0x2020 , 614 
0x3E3E , 626 
0x4D4D , 608 
0x6E6E , 0 
0x1C1C , 0 
0x2020 , 617 
0x3E3E , 627 
0x4D4D , 620 
0x6E6E , 623 
0x1C1C , 0 
0x2020 , 620 
0x3E3E , 627 
0x4D4D , 623 
0x6E6E , 0 
0x1C1C , 0 
0x2020 , 614 
0x3E3E , 626 
0x4D4D , 605 
0x6E6E , 617 
0x1C1C , 0 
0x2020 , 0 
0x3E3E , 0 
0x4D4D , 608 
0x6E6E , 0 
0x1C1C , 0 
0x2020 , 0 
0x3E3E , 0 
0x4D4D , 0 
0x6E6E , 0 
0x1C1C , 0 
0x2020 , 0 
0x3E3E , 0 
0x4D4D , 0 
0x6E6E , 0 
0x1C1C , 0 
0x2020 , 615 
0x3E3E , 0 
0x4D4D , 0 
0x6E6E , 0 
0x1C1C , 0 
0x2020 , 0 
0x3E3E , 0 
0x4D4D , 0 
0x6E6E , 0 
0x1C1C , 0 
0x2020 , 618 
0x3E3E , 631 
0x4D4D , 612 
0x6E6E , 0 
0x1C1C , 0 
0x2020 , 619 
0x3E3E , 631 
0x4D4D , 613 
0x6E6E , 0 
0x1C1C , 0 
0x2020 , 617 
0x3E3E , 635 
0x4D4D , 604 
0x6E6E , 625 
0x1C1C , 0 
0x2020 , 619 
0x3E3E , 629 
0x4D4D , 613 
0x6E6E , 0 
0x1C1C , 0 
0x2020 , 621 
0x3E3E , 630 
0x4D4D , 623 
0x6E6E , 623 
0x1C1C , 0 
0x2020 , 616 
0x3E3E , 626 
0x4D4D , 610 
0x6E6E , 0 
0x1C1C , 0 
0x2020 , 627 
0x3E3E , 636 
0x4D4D , 617 
0x6E6E , 629 
0x1C1C , 0 
0x2020 , 621 
0x3E3E , 627 
0x4D4D , 614 
0x6E6E , 0 
0x1C1C , 0 
0x2020 , 626 
0x3E3E , 631 
0x4D4D , 624 
0x6E6E , 627 
0x1C1C , 0 
0x2020 , 622 
0x3E3E , 631 
0x4D4D , 619 
0x6E6E , 0 
0x1C1C , 0 
0x2020 , 619 
0x3E3E , 625 
0x4D4D , 639 
0x6E6E , 622 
0x1C1C , 0 
0x2020 , 619 
0x3E3E , 623 
0x4D4D , 654 
0x6E6E , 0 
0x1C1C , 0 
0x2020 , 623 
0x3E3E , 627 
0x4D4D , 643 
0x6E6E , 617 
0x1C1C , 0 
0x2020 , 621 
0x3E3E , 628 
0x4D4D , 669 
0x6E6E , 0 
0x1C1C , 0 
0x2020 , 619 
0x3E3E , 624 
0x4D4D , 637 
0x6E6E , 0 
0x1C1C , 0 
0x2020 , 0 
0x3E3E , 0 
0x4D4D , 0 
0x6E6E , 0 
0x1C1C , 0 
0x2020 , 619 
0x3E3E , 0 
0x4D4D , 650 
0x6E6E , 0 
0x1C1C , 0 
0x2020 , 0 
0x3E3E , 0 
0x4D4D , 631 
0x6E6E , 627 
0x1C1C , 0 
0x2020 , 618 
0x3E3E , 625 
0x4D4D , 661 
0x6E6E , 0 
0x1C1C , 0 
0x2020 , 616 
0x3E3E , 627 
0x4D4D , 663 
0x6E6E , 627 
0x1C1C , 0 
0x2020 , 615 
0x3E3E , 631 
0x4D4D , 662 
0x6E6E , 0 
0x1C1C , 0 
0x2020 , 620 
0x3E3E , 626 
0x4D4D , 614 
0x6E6E , 626 
0x1C1C , 0 
0x2020 , 614 
0x3E3E , 623 
0x4D4D , 686 
0x6E6E , 0 
0x1C1C , 0 
0x2020 , 621 
0x3E3E , 624 
0x4D4D , 655 
0x6E6E , 615 
0x1C1C , 0 
0x2020 , 613 
0x3E3E , 629 
0x4D4D , 645 
0x6E6E , 0 
0x1C1C , 0 
0x2020 , 630 
0x3E3E , 639 
0x4D4D , 630 
0x6E6E , 623 
0x1C1C , 0 
0x2020 , 633 
0x3E3E , 633 
0x4D4D , 622 
0x6E6E , 0 
0x1C1C , 0 
0x2020 , 626 
0x3E3E , 637 
0x4D4D , 628 
0x6E6E , 0 
0x1C1C , 0 
0x2020 , 0 
0x3E3E , 0 
0x4D4D , 0 
0x6E6E , 0 
0x1C1C , 0 
0x2020 , 624 
0x3E3E , 0 
0x4D4D , 623 
0x6E6E , 0 
0x1C1C , 624 
0x2020 , 0 
0x3E3E , 0 
0x4D4D , 0 
0x6E6E , 0 
0x1C1C , 0 
0x2020 , 0 
0x3E3E , 0 
0x4D4D , 631 
0x6E6E , 0 
0x1C1C , 0 
0x2020 , 0 
0x3E3E , 0 
0x4D4D , 0 
0x6E6E , 0 
0x1C1C , 0 
0x2020 , 0 
0x3E3E , 0 
0x4D4D , 629 
0x6E6E , 0 
0x1C1C , 0 
0x2020 , 628 
0x3E3E , 0 
0x4D4D , 623 
0x6E6E , 610 
0x1C1C , 0 
0x2020 , 0 
0x3E3E , 638 
0x4D4D , 626 
0x6E6E , 0 
0x1C1C , 0 
0x2020 , 621 
0x3E3E , 637 
0x4D4D , 627 
0x6E6E , 613 
0x1C1C , 626 
0x2020 , 0 
0x3E3E , 0 
0x4D4D , 0 
0x6E6E , 0 
0x1C1C , 0 
0x2020 , 0 
0x3E3E , 0 
0x4D4D , 0 
0x6E6E , 0 
0x1C1C , 0 
0x2020 , 0 
0x3E3E , 634 
0x4D4D , 0 
0x6E6E , 0 
0x1C1C , 0 
0x2020 , 615 
0x3E3E , 630 
0x4D4D , 627 
0x6E6E , 615 
0x1C1C , 0 
0x2020 , 625 
0x3E3E , 633 
0x4D4D , 628 
0x6E6E , 0 
0x1C1C , 628 
0x2020 , 628 
0x3E3E , 633 
0x4D4D , 626 
0x6E6E , 616 
0x1C1C , 0 
0x2020 , 0 
0x3E3E , 0 
0x4D4D , 0 
0x6E6E , 0 
0x1C1C , 0 
0x2020 , 624 
0x3E3E , 0 
0x4D4D , 629 
0x6E6E , 0 
0x1C1C , 627 
0x2020 , 0 
0x3E3E , 0 
0x4D4D , 627 
0x6E6E , 0 
0x1C1C , 0 
0x2020 , 626 
0x3E3E , 635 
0x4D4D , 631 
0x6E6E , 0 
0x1C1C , 629 
0x2020 , 0 
0x3E3E , 637 
0x4D4D , 627 
0x6E6E , 613 
0x1C1C , 0 
0x2020 , 626 
0x3E3E , 634 
0x4D4D , 628 
0x6E6E , 0 
0x1C1C , 0 
0x2020 , 627 
0x3E3E , 633 
0x4D4D , 631 
0x6E6E , 616 
0x1C1C , 0 
0x2020 , 626 
0x3E3E , 634 
0x4D4D , 629 
0x6E6E , 0 
0x1C1C , 0 
0x2020 , 623 
0x3E3E , 634 
0x4D4D , 626 
0x6E6E , 617 
0x1C1C , 0 
0x2020 , 627 
0x3E3E , 636 
0x4D4D , 624 
0x6E6E , 615 
0x1C1C , 0 
0x2020 , 628 
0x3E3E , 631 
0x4D4D , 627 
0x6E6E , 0 
0x1C1C , 0 
0x2020 , 624 
0x3E3E , 630 
0x4D4D , 629 
0x6E6E , 613 
0x1C1C , 0 
0x2020 , 621 
0x3E3E , 633 
0x4D4D , 625 
0x6E6E , 0 
0x1C1C , 0 
0x2020 , 621 
0x3E3E , 632 
0x4D4D , 626 
0x6E6E , 614 
0x1C1C , 0 
0x2020 , 627 
0x3E3E , 630 
0x4D4D , 628 
0x6E6E , 0 
0x1C1C , 629 
0x2020 , 627 
0x3E3E , 632 
0x4D4D , 623 
0x6E6E , 610 
0x1C1C , 0 
0x2020 , 0 
0x3E3E , 632 
0x4D4D , 628 
0x6E6E , 0 
0x1C1C , 0 
0x2020 , 625 
0x3E3E , 634 
0x4D4D , 626 
0x6E6E , 617 
0x1C1C , 0 
0x2020 , 0 
0x3E3E , 632 
0x4D4D , 627 
0x6E6E , 0 
0x1C1C , 0 
0x2020 , 627 
0x3E3E , 636 
0x4D4D , 623 
0x6E6E , 614 
0x1C1C , 0 
0x2020 , 628 
0x3E3E , 634 
0x4D4D , 625 
0x6E6E , 0 
0x1C1C , 0 
0x2020 , 624 
0x3E3E , 632 
0x4D4D , 629 
0x6E6E , 0 
0x1C1C , 0 
0x2020 , 617 
0x3E3E , 631 
0x4D4D , 633 
0x6E6E , 613 
0x1C1C , 0 
0x2020 , 628 
0x3E3E , 633 
0x4D4D , 624 
0x6E6E , 0 
0x1C1C , 0 
0x2020 , 622 
0x3E3E , 631 
0x4D4D , 625 
0x6E6E , 605 
0x1C1C , 0 
0x2020 , 621 
0x3E3E , 628 
0x4D4D , 626 
0x6E6E , 0 
0x1C1C , 0 
0x2020 , 628 
0x3E3E , 636 
0x4D4D , 632 
0x6E6E , 616 
0x1C1C , 0 
0x2020 , 613 
0x3E3E , 628 
0x4D4D , 629 
0x6E6E , 0 
0x1C1C , 0 
0x2020 , 618 
0x3E3E , 631 
0x4D4D , 626 
0x6E6E , 605 
0x1C1C , 0 
0x2020 , 616 
0x3E3E , 629 
0x4D4D , 619 
0x6E6E , 0 
0x1C1C , 0 
0x2020 , 623 
0x3E3E , 638 
0x4D4D , 632 
0x6E6E , 617 
0x1C1C , 0 
0x2020 , 623 
0x3E3E , 636 
0x4D4D , 627 
0x6E6E , 0 
0x1C1C , 0 
0x2020 , 624 
0x3E3E , 639 
0x4D4D , 625 
0x6E6E , 618 
0x1C1C , 0 
0x2020 , 621 
0x3E3E , 635 
0x4D4D , 616 
0x6E6E , 0 
0x1C1C , 0 
0x2020 , 623 
0x3E3E , 637 
0x4D4D , 622 
0x6E6E , 0 
0x1C1C , 0 
0x2020 , 627 
0x3E3E , 642 
0x4D4D , 625 
0x6E6E , 623 
0x1C1C , 0 
0x2020 , 624 
0x3E3E , 637 
0x4D4D , 625 
0x6E6E , 0 
0x1C1C , 0 
0x2020 , 622 
0x3E3E , 640 
0x4D4D , 621 
0x6E6E , 621 
0x1C1C , 0 
0x2020 , 622 
0x3E3E , 633 
0x4D4D , 612 
0x6E6E , 0 
0x1C1C , 0 
0x2020 , 613 
0x3E3E , 633 
0x4D4D , 608 
0x6E6E , 614 
0x1C1C , 0 
0x2020 , 611 
0x3E3E , 635 
0x4D4D , 608 
0x6E6E , 0 
0x1C1C , 0 
0x2020 , 623 
0x3E3E , 633 
0x4D4D , 621 
0x6E6E , 616 
0x1C1C , 0 
0x2020 , 617 
0x3E3E , 633 
0x4D4D , 615 
0x6E6E , 0 
0x1C1C , 0 
0x2020 , 621 
0x3E3E , 634 
0x4D4D , 617 
0x6E6E , 618 
0x1C1C , 630 
0x2020 , 630 
0x3E3E , 635 
0x4D4D , 628 
0x6E6E , 609 
0x1C1C , 626 
0x2020 , 629 
0x3E3E , 637 
0x4D4D , 626 
0x6E6E , 0 
0x1C1C , 628 
0x2020 , 633 
0x3E3E , 636 
0x4D4D , 627 
0x6E6E , 609 
0x1C1C , 624 
0x2020 , 625 
0x3E3E , 635 
0x4D4D , 629 
0x6E6E , 613 
0x1C1C , 628 
0x2020 , 630 
0x3E3E , 635 
0x4D4D , 625 
0x6E6E , 0 
0x1C1C , 630 
0x2020 , 629 
0x3E3E , 633 
0x4D4D , 629 
0x6E6E , 605 
0x1C1C , 627 
0x2020 , 628 
0x3E3E , 633 
0x4D4D , 628 
0x6E6E , 0 
0x1C1C , 0 
0x2020 , 626 
0x3E3E , 634 
0x4D4D , 627 
0x6E6E , 615 
0x1C1C , 0 
0x2020 , 624 
0x3E3E , 635 
0x4D4D , 629 
0x6E6E , 0 
0x1C1C , 0 
0x2020 , 628 
0x3E3E , 632 
0x4D4D , 627 
0x6E6E , 614 
0x1C1C , 626 
0x2020 , 628 
0x3E3E , 634 
0x4D4D , 627 
0x6E6E , 0 
0x1C1C , 629 
0x2020 , 634 
0x3E3E , 636 
0x4D4D , 638 
0x6E6E , 608 
0x1C1C , 627 
0x2020 , 631 
0x3E3E , 628 
0x4D4D , 618 
0x6E6E , 0 
0x1C1C , 627 
0x2020 , 630 
0x3E3E , 632 
0x4D4D , 616 
0x6E6E , 619 
0x1C1C , 627 
0x2020 , 627 
0x3E3E , 633 
0x4D4D , 618 
0x6E6E , 0 
0x1C1C , 622 
0x2020 , 628 
0x3E3E , 626 
0x4D4D , 628 
0x6E6E , 612 
0x1C1C , 623 
0x2020 , 626 
0x3E3E , 634 
0x4D4D , 623 
0x6E6E , 614 
0x1C1C , 626 
0x2020 , 626 
0x3E3E , 634 
0x4D4D , 623 
0x6E6E , 0 
0x1C1C , 624 
0x2020 , 0 
0x3E3E , 634 
0x4D4D , 629 
0x6E6E , 615 
0x1C1C , 626 
0x2020 , 628 
0x3E3E , 636 
0x4D4D , 625 
0x6E6E , 0 
0x1C1C , 628 
0x2020 , 621 
0x3E3E , 634 
0x4D4D , 621 
0x6E6E , 618 
0x1C1C , 623 
0x2020 , 630 
0x3E3E , 635 
0x4D4D , 632 
0x6E6E , 0 
0x1C1C , 625 
0x2020 , 628 
0x3E3E , 630 
0x4D4D , 626 
0x6E6E , 610 
0x1C1C , 628 
0x2020 , 634 
0x3E3E , 630 
0x4D4D , 624 
0x6E6E , 0 
0x1C1C , 625 
0x2020 , 627 
0x3E3E , 633 
0x4D4D , 620 
0x6E6E , 616 
0x1C1C , 628 
0x2020 , 628 
0x3E3E , 638 
0x4D4D , 628 
0x6E6E , 0 
0x1C1C , 621 
0x2020 , 624 
0x3E3E , 634 
0x4D4D , 626 
0x6E6E , 615 
0x1C1C , 624 
0x2020 , 629 
0x3E3E , 633 
0x4D4D , 626 
0x6E6E , 0 
0x1C1C , 625 
0x2020 , 628 
0x3E3E , 635 
0x4D4D , 625 
0x6E6E , 615 
0x1C1C , 626 
0x2020 , 621 
0x3E3E , 633 
0x4D4D , 624 
0x6E6E , 614 
0x1C1C , 0 
0x2020 , 628 
0x3E3E , 631 
0x4D4D , 630 
0x6E6E , 0 
0x1C1C , 622 
0x2020 , 626 
0x3E3E , 629 
0x4D4D , 624 
0x6E6E , 611 
0x1C1C , 623 
0x2020 , 628 
0x3E3E , 635 
0x4D4D , 622 
0x6E6E , 0 
0x1C1C , 625 
0x2020 , 628 
0x3E3E , 629 
0x4D4D , 623 
0x6E6E , 612 
0x1C1C , 624 
0x2020 , 627 
0x3E3E , 635 
0x4D4D , 626 
0x6E6E , 0 
0x1C1C , 0 
0x2020 , 627 
0x3E3E , 632 
0x4D4D , 626 
0x6E6E , 613 
0x1C1C , 0 
0x2020 , 625 
0x3E3E , 635 
0x4D4D , 627 
0x6E6E , 0 
0x1C1C , 0 
0x2020 , 625 
0x3E3E , 631 
0x4D4D , 628 
0x6E6E , 614 
0x1C1C , 0 
0x2020 , 624 
0x3E3E , 630 
0x4D4D , 626 
0x6E6E , 0 
0x1C1C , 0 
0x2020 , 621 
0x3E3E , 630 
0x4D4D , 626 
0x6E6E , 617 
0x1C1C , 0 
0x2020 , 628 
0x3E3E , 632 
0x4D4D , 624 
0x6E6E , 0 
0x1C1C , 0 
0x2020 , 626 
0x3E3E , 632 
0x4D4D , 625 
0x6E6E , 613 
0x1C1C , 624 
0x2020 , 627 
0x3E3E , 635 
0x4D4D , 623 
0x6E6E , 614 
0x1C1C , 625 
0x2020 , 628 
0x3E3E , 634 
0x4D4D , 623 
0x6E6E , 0 
0x1C1C , 625 
0x2020 , 630 
0x3E3E , 635 
0x4D4D , 624 
0x6E6E , 0 
0x1C1C , 624 
0x2020 , 630 
0x3E3E , 636 
0x4D4D , 626 
0x6E6E , 618 
0x1C1C , 625 
0x2020 , 628 
0x3E3E , 634 
0x4D4D , 625 
0x6E6E , 0 
0x1C1C , 624 
0x2020 , 630 
0x3E3E , 632 
0x4D4D , 624 
0x6E6E , 0 
0x1C1C , 625 
0x2020 , 632 
0x3E3E , 631 
0x4D4D , 623 
0x6E6E , 0 
0x1C1C , 629 
0x2020 , 0 
0x3E3E , 636 
0x4D4D , 624 
0x6E6E , 620 
0x1C1C , 626 
0x2020 , 628 
0x3E3E , 634 
0x4D4D , 624 
0x6E6E , 0 
0x1C1C , 625 
0x2020 , 0 
0x3E3E , 629 
0x4D4D , 626 
0x6E6E , 618 
0x1C1C , 620 
0x2020 , 623 
0x3E3E , 640 
0x4D4D , 629 
0x6E6E , 0 
0x1C1C , 625 
0x2020 , 0 
0x3E3E , 630 
0x4D4D , 624 
0x6E6E , 612 
0x1C1C , 0 
0x2020 , 636 
0x3E3E , 634 
0x4D4D , 628 
0x6E6E , 612 
0x1C1C , 620 
0x2020 , 629 
0x3E3E , 634 
0x4D4D , 628 
0x6E6E , 0 
0x1C1C , 628 
0x2020 , 630 
0x3E3E , 629 
0x4D4D , 634 
0x6E6E , 615 
0x1C1C , 0 
0x2020 , 625 
0x3E3E , 631 
0x4D4D , 624 
0x6E6E , 0 
0x1C1C , 0 
0x2020 , 624 
0x3E3E , 632 
0x4D4D , 631 
0x6E6E , 617 
0x1C1C , 0 
0x2020 , 621 
0x3E3E , 632 
0x4D4D , 624 
0x6E6E , 0 
0x1C1C , 0 
0x2020 , 622 
0x3E3E , 631 
0x4D4D , 626 
0x6E6E , 613 
0x1C1C , 0 
0x2020 , 624 
0x3E3E , 627 
0x4D4D , 636 
0x6E6E , 0 
0x1C1C , 0 
0x2020 , 623 
0x3E3E , 631 
0x4D4D , 612 
0x6E6E , 623 
0x1C1C , 0 
0x2020 , 628 
0x3E3E , 636 
0x4D4D , 618 
0x6E6E , 0 
0x1C1C , 0 
0x2020 , 627 
0x3E3E , 632 
0x4D4D , 621 
0x6E6E , 622 
0x1C1C , 619 
0x2020 , 623 
0x3E3E , 631 
0x4D4D , 625 
0x6E6E , 0 
0x1C1C , 0 
0x2020 , 0 
0x3E3E , 633 
0x4D4D , 629 
0x6E6E , 614 
0x1C1C , 0 
0x2020 , 625 
0x3E3E , 633 
0x4D4D , 622 
0x6E6E , 619 
0x1C1C , 0 
0x2020 , 621 
0x3E3E , 631 
0x4D4D , 623 
0x6E6E , 0 
0x1C1C , 0 
0x2020 , 622 
0x3E3E , 633 
0x4D4D , 625 
0x6E6E , 615 
0x1C1C , 0 
0x2020 , 621 
0x3E3E , 634 
0x4D4D , 626 
0x6E6E , 0 
0x1C1C , 0 
0x2020 , 624 
0x3E3E , 633 
0x4D4D , 628 
0x6E6E , 616 
0x1C1C , 0 
0x2020 , 621 
0x3E3E , 634 
0x4D4D , 612 
0x6E6E , 0 
0x1C1C , 0 
0x2020 , 0 
0x3E3E , 628 
0x4D4D , 635 
0x6E6E , 611 
0x1C1C , 0 
0x2020 , 619 
0x3E3E , 626 
0x4D4D , 622 
0x6E6E , 0 
0x1C1C , 0 
0x2020 , 0 
0x3E3E , 630 
0x4D4D , 619 
0x6E6E , 614 
0x1C1C , 0 
0x2020 , 625 
0x3E3E , 634 
0x4D4D , 623 
0x6E6E , 0 
0x1C1C , 0 
0x2020 , 0 
0x3E3E , 636 
0x4D4D , 624 
0x6E6E , 619 
0x1C1C , 0 
0x2020 , 625 
0x3E3E , 633 
0x4D4D , 628 
0x6E6E , 0 
0x1C1C , 0 
0x2020 , 0 
0x3E3E , 635 
0x4D4D , 627 
0x6E6E , 617 
0x1C1C , 619 
0x2020 , 0 
0x3E3E , 630 
0x4D4D , 632 
0x6E6E , 614 
0x1C1C , 616 
0x2020 , 625 
0x3E3E , 628 
0x4D4D , 638 
0x6E6E , 0 
0x1C1C , 615 
0x2020 , 0 
0x3E3E , 632 
0x4D4D , 641 
0x6E6E , 623 
0x1C1C , 622 
0x2020 , 628 
0x3E3E , 629 
0x4D4D , 644 
0x6E6E , 0 
0x1C1C , 623 
0x2020 , 0 
0x3E3E , 628 
0x4D4D , 640 
0x6E6E , 621 
0x1C1C , 618 
0x2020 , 626 
0x3E3E , 628 
0x4D4D , 641 
0x6E6E , 0 
0x1C1C , 619 
0x2020 , 0 
0x3E3E , 628 
0x4D4D , 643 
0x6E6E , 619 
0x1C1C , 618 
0x2020 , 628 
0x3E3E , 633 
0x4D4D , 645 
0x6E6E , 0 
0x1C1C , 618 
0x2020 , 0 
0x3E3E , 632 
0x4D4D , 634 
0x6E6E , 621 
0x1C1C , 640 
0x2020 , 618 
0x3E3E , 633 
0x4D4D , 604 
0x6E6E , 0 
0x1C1C , 630 
0x2020 , 0 
0x3E3E , 622 
0x4D4D , 658 
0x6E6E , 594 
0x1C1C , 632 
0x2020 , 623 
0x3E3E , 628 
0x4D4D , 658 
0x6E6E , 0 
0x1C1C , 633 
0x2020 , 0 
0x3E3E , 624 
0x4D4D , 667 
0x6E6E , 604 
0x1C1C , 630 
0x2020 , 0 
0x3E3E , 623 
0x4D4D , 644 
0x6E6E , 619 
0x1C1C , 638 
0x2020 , 626 
0x3E3E , 630 
0x4D4D , 650 
0x6E6E , 0 
0x1C1C , 0 
0x2020 , 0 
0x3E3E , 636 
0x4D4D , 643 
0x6E6E , 607 
0x1C1C , 629 
0x2020 , 621 
0x3E3E , 628 
0x4D4D , 636 
0x6E6E , 0 
0x1C1C , 632 
0x2020 , 0 
0x3E3E , 637 
0x4D4D , 636 
0x6E6E , 610 
0x1C1C , 0 
0x2020 , 627 
0x3E3E , 628 
0x4D4D , 637 
0x6E6E , 0 
0x1C1C , 630 
0x2020 , 0 
0x3E3E , 633 
0x4D4D , 649 
0x6E6E , 604 
0x1C1C , 636 
0x2020 , 623 
0x3E3E , 626 
0x4D4D , 670 
0x6E6E , 0 
0x1C1C , 633 
0x2020 , 0 
0x3E3E , 627 
0x4D4D , 652 
0x6E6E , 613 
0x1C1C , 640 
0x2020 , 631 
0x3E3E , 629 
0x4D4D , 674 
0x6E6E , 0 
0x1C1C , 633 
0x2020 , 0 
0x3E3E , 626 
0x4D4D , 665 
0x6E6E , 612 
0x1C1C , 633 
0x2020 , 617 
0x3E3E , 625 
0x4D4D , 603 
0x6E6E , 0 
0x1C1C , 627 
0x2020 , 0 
0x3E3E , 632 
0x4D4D , 608 
0x6E6E , 616 
0x1C1C , 636 
0x2020 , 0 
0x3E3E , 632 
0x4D4D , 607 
0x6E6E , 625 
0x1C1C , 626 
0x2020 , 621 
0x3E3E , 632 
0x4D4D , 636 
0x6E6E , 0 
0x1C1C , 0 
0x2020 , 0 
0x3E3E , 629 
0x4D4D , 632 
0x6E6E , 644 
0x1C1C , 0 
0x2020 , 622 
0x3E3E , 638 
0x4D4D , 638 
0x6E6E , 0 
0x1C1C , 0 
0x2020 , 0 
0x3E3E , 629 
0x4D4D , 628 
0x6E6E , 618 
0x1C1C , 0 
0x2020 , 621 
0x3E3E , 624 
0x4D4D , 625 
0x6E6E , 0 
0x1C1C , 0 
0x2020 , 0 
0x3E3E , 0 
0x4D4D , 0 
0x6E6E , 0 
0x1C1C , 0 
0x2020 , 0 
0x3E3E , 627 
0x4D4D , 0 
0x6E6E , 0 
0x1C1C , 0 
0x2020 , 0 
0x3E3E , 625 
0x4D4D , 0 
0x6E6E , 0 
0x1C1C , 0 
0x2020 , 624 
0x3E3E , 626 
0x4D4D , 625 
0x6E6E , 0 
0x1C1C , 0 
0x2020 , 0 
0x3E3E , 634 
0x4D4D , 633 
0x6E6E , 628 
0x1C1C , 0 
0x2020 , 623 
0x3E3E , 634 
0x4D4D , 634 
0x6E6E , 0 
0x1C1C , 0 
0x2020 , 0 
0x3E3E , 0 
0x4D4D , 0 
0x6E6E , 0 
0x1C1C , 0 
0x2020 , 0 
0x3E3E , 634 
0x4D4D , 0 
0x6E6E , 0 
0x1C1C , 0 
0x2020 , 0 
0x3E3E , 621 
0x4D4D , 623 
0x6E6E , 0 
0x1C1C , 0 
0x2020 , 618 
0x3E3E , 621 
0x4D4D , 635 
0x6E6E , 601 
0x1C1C , 0 
0x2020 , 0 
0x3E3E , 630 
0x4D4D , 638 
0x6E6E , 0 
0x1C1C , 0 
0x2020 , 623 
0x3E3E , 627 
0x4D4D , 632 
0x6E6E , 616 
0x1C1C , 0 
0x2020 , 0 
0x3E3E , 631 
0x4D4D , 673 
0x6E6E , 0 
0x1C1C , 0 
0x2020 , 619 
0x3E3E , 631 
0x4D4D , 629 
0x6E6E , 619 
0x1C1C , 0 
0x2020 , 0 
0x3E3E , 634 
0x4D4D , 626 
0x6E6E , 0 
0x1C1C , 0 
0x2020 , 635 
0x3E3E , 634 
0x4D4D , 634 
0x6E6E , 626 
0x1C1C , 0 
0x2020 , 0 
0x3E3E , 632 
0x4D4D , 632 
0x6E6E , 0 
0x1C1C , 0 
0x2020 , 623 
0x3E3E , 631 
0x4D4D , 618 
0x6E6E , 620 
0x1C1C , 0 
0x2020 , 0 
0x3E3E , 627 
0x4D4D , 633 
0x6E6E , 0 
0x1C1C , 0 
0x2020 , 0 
0x3E3E , 0 
0x4D4D , 0 
0x6E6E , 0 
0x1C1C , 0 
0x2020 , 620 
0x3E3E , 0 
0x4D4D , 0 
0x6E6E , 0 
0x1C1C , 0 
0x2020 , 0 
0x3E3E , 0 
0x4D4D , 0 
0x6E6E , 0 
0x1C1C , 0 
0x2020 , 618 
0x3E3E , 627 
0x4D4D , 622 
0x6E6E , 620 
0x1C1C , 0 
0x2020 , 0 
0x3E3E , 624 
0x4D4D , 619 
0x6E6E , 0 
0x1C1C , 0 
0x2020 , 623 
0x3E3E , 625 
0x4D4D , 630 
0x6E6E , 613 
0x1C1C , 0 
0x2020 , 0 
0x3E3E , 621 
0x4D4D , 629 
0x6E6E , 0 
0x1C1C , 0 
0x2020 , 623 
0x3E3E , 622 
0x4D4D , 621 
0x6E6E , 618 
0x1C1C , 0 
0x2020 , 0 
0x3E3E , 626 
0x4D4D , 620 
0x6E6E , 0 
0x1C1C , 0 
0x2020 , 625 
0x3E3E , 631 
0x4D4D , 621 
0x6E6E , 622 
0x1C1C , 0 
0x2020 , 0 
0x3E3E , 624 
0x4D4D , 622 
0x6E6E , 0 
0x1C1C , 0 
0x2020 , 618 
0x3E3E , 633 
0x4D4D , 619 
0x6E6E , 621 
0x1C1C , 0 
0x2020 , 0 
0x3E3E , 631 
0x4D4D , 617 
0x6E6E , 0 
0x1C1C , 0 
0x2020 , 625 
0x3E3E , 629 
0x4D4D , 618 
0x6E6E , 619 
0x1C1C , 0 
0x2020 , 620 
0x3E3E , 622 
0x4D4D , 619 
0x6E6E , 0 
0x1C1C , 0 
0x2020 , 0 
0x3E3E , 0 
0x4D4D , 0 
0x6E6E , 0 
0x1C1C , 0 
0x2020 , 0 
0x3E3E , 626 
0x4D4D , 0 
0x6E6E , 617 
0x1C1C , 0 
0x2020 , 0 
0x3E3E , 631 
0x4D4D , 0 
0x6E6E , 0 
0x1C1C , 0 
0x2020 , 0 
0x3E3E , 629 
0x4D4D , 613 
0x6E6E , 0 
0x1C1C , 0 
0x2020 , 623 
0x3E3E , 627 
0x4D4D , 616 
0x6E6E , 625 
0x1C1C , 0 
0x2020 , 0 
0x3E3E , 628 
0x4D4D , 615 
0x6E6E , 0 
0x1C1C , 0 
0x2020 , 626 
0x3E3E , 629 
0x4D4D , 622 
0x6E6E , 622 
0x1C1C , 0 
0x2020 , 0 
0x3E3E , 627 
0x4D4D , 619 
0x6E6E , 0 
0x1C1C , 0 
0x2020 , 621 
0x3E3E , 626 
0x4D4D , 615 
0x6E6E , 634 
0x1C1C , 0 
0x2020 , 0 
0x3E3E , 634 
0x4D4D , 624 
0x6E6E , 0 
0x1C1C , 0 
0x2020 , 0 
0x3E3E , 0 
0x4D4D , 0 
0x6E6E , 0 
