0x1C1C , 536 
0x2020 , 534 
0x3E3E , 540 
0x4D4D , 525 
0x6E6E , 0 
0x1C1C , 536 
0x2020 , 534 
0x3E3E , 539 
0x4D4D , 527 
0x6E6E , 509 
0x1C1C , 537 
0x2020 , 531 
0x3E3E , 540 
0x4D4D , 527 
0x6E6E , 0 
0x1C1C , 535 
0x2020 , 531 
0x3E3E , 539 
0x4D4D , 523 
0x6E6E , 513 
0x1C1C , 537 
0x2020 , 535 
0x3E3E , 538 
0x4D4D , 522 
0x6E6E , 0 
0x1C1C , 530 
0x2020 , 532 
0x3E3E , 536 
0x4D4D , 521 
0x6E6E , 516 
0x1C1C , 533 
0x2020 , 537 
0x3E3E , 537 
0x4D4D , 523 
0x6E6E , 0 
0x1C1C , 537 
0x2020 , 534 
0x3E3E , 539 
0x4D4D , 526 
0x6E6E , 514 
0x1C1C , 537 
0x2020 , 534 
0x3E3E , 540 
0x4D4D , 522 
0x6E6E , 0 
0x1C1C , 538 
0x2020 , 538 
0x3E3E , 540 
0x4D4D , 524 
0x6E6E , 512 
0x1C1C , 536 
0x2020 , 534 
0x3E3E , 539 
0x4D4D , 523 
0x6E6E , 0 
0x1C1C , 538 
0x2020 , 534 
0x3E3E , 540 
0x4D4D , 521 
0x6E6E , 513 
0x1C1C , 537 
0x2020 , 536 
0x3E3E , 539 
0x4D4D , 526 
0x6E6E , 0 
0x1C1C , 0 
0x2020 , 530 
0x3E3E , 540 
0x4D4D , 525 
0x6E6E , 0 
0x1C1C , 534 
0x2020 , 530 
0x3E3E , 539 
0x4D4D , 527 
0x6E6E , 515 
0x1C1C , 534 
0x2020 , 533 
0x3E3E , 539 
0x4D4D , 527 
0x6E6E , 0 
0x1C1C , 537 
0x2020 , 534 
0x3E3E , 542 
0x4D4D , 523 
0x6E6E , 515 
0x1C1C , 0 
0x2020 , 537 
0x3E3E , 538 
0x4D4D , 526 
0x6E6E , 0 
0x1C1C , 0 
0x2020 , 531 
0x3E3E , 539 
0x4D4D , 529 
0x6E6E , 513 
0x1C1C , 0 
0x2020 , 532 
0x3E3E , 541 
0x4D4D , 524 
0x6E6E , 0 
0x1C1C , 0 
0x2020 , 533 
0x3E3E , 540 
0x4D4D , 524 
0x6E6E , 510 
0x1C1C , 0 
0x2020 , 531 
0x3E3E , 538 
0x4D4D , 525 
0x6E6E , 0 
0x1C1C , 0 
0x2020 , 531 
0x3E3E , 538 
0x4D4D , 526 
0x6E6E , 0 
0x1C1C , 0 
0x2020 , 0 
0x3E3E , 0 
0x4D4D , 0 
0x6E6E , 512 
0x1C1C , 0 
0x2020 , 0 
0x3E3E , 0 
0x4D4D , 0 
0x6E6E , 0 
0x1C1C , 0 
0x2020 , 528 
0x3E3E , 541 
0x4D4D , 524 
0x6E6E , 513 
0x1C1C , 0 
0x2020 , 535 
0x3E3E , 541 
0x4D4D , 524 
0x6E6E , 512 
0x1C1C , 0 
0x2020 , 534 
0x3E3E , 538 
0x4D4D , 522 
0x6E6E , 0 
0x1C1C , 0 
0x2020 , 528 
0x3E3E , 538 
0x4D4D , 523 
0x6E6E , 512 
0x1C1C , 0 
0x2020 , 535 
0x3E3E , 541 
0x4D4D , 523 
0x6E6E , 512 
0x1C1C , 0 
0x2020 , 535 
0x3E3E , 540 
0x4D4D , 521 
0x6E6E , 511 
0x1C1C , 0 
0x2020 , 536 
0x3E3E , 539 
0x4D4D , 524 
0x6E6E , 0 
0x1C1C , 0 
0x2020 , 530 
0x3E3E , 539 
0x4D4D , 523 
0x6E6E , 515 
0x1C1C , 0 
0x2020 , 528 
0x3E3E , 537 
0x4D4D , 525 
0x6E6E , 0 
0x1C1C , 539 
0x2020 , 532 
0x3E3E , 542 
0x4D4D , 526 
0x6E6E , 511 
0x1C1C , 531 
0x2020 , 534 
0x3E3E , 537 
0x4D4D , 522 
0x6E6E , 0 
0x1C1C , 537 
0x2020 , 530 
0x3E3E , 536 
0x4D4D , 524 
0x6E6E , 513 
0x1C1C , 533 
0x2020 , 537 
0x3E3E , 0 
0x4D4D , 525 
0x6E6E , 0 
0x1C1C , 535 
0x2020 , 532 
0x3E3E , 540 
0x4D4D , 522 
0x6E6E , 515 
0x1C1C , 533 
0x2020 , 532 
0x3E3E , 540 
0x4D4D , 527 
0x6E6E , 512 
0x1C1C , 539 
0x2020 , 530 
0x3E3E , 0 
0x4D4D , 527 
0x6E6E , 0 
0x1C1C , 537 
0x2020 , 536 
0x3E3E , 538 
0x4D4D , 527 
0x6E6E , 512 
0x1C1C , 541 
0x2020 , 537 
0x3E3E , 538 
0x4D4D , 524 
0x6E6E , 0 
0x1C1C , 535 
0x2020 , 531 
0x3E3E , 538 
0x4D4D , 525 
0x6E6E , 514 
0x1C1C , 530 
0x2020 , 529 
0x3E3E , 538 
0x4D4D , 523 
0x6E6E , 0 
0x1C1C , 536 
0x2020 , 530 
0x3E3E , 538 
0x4D4D , 525 
0x6E6E , 515 
0x1C1C , 535 
0x2020 , 530 
0x3E3E , 542 
0x4D4D , 527 
0x6E6E , 0 
0x1C1C , 533 
0x2020 , 533 
0x3E3E , 537 
0x4D4D , 522 
0x6E6E , 512 
0x1C1C , 537 
0x2020 , 528 
0x3E3E , 540 
0x4D4D , 526 
0x6E6E , 0 
0x1C1C , 529 
0x2020 , 532 
0x3E3E , 539 
0x4D4D , 519 
0x6E6E , 513 
0x1C1C , 536 
0x2020 , 534 
0x3E3E , 540 
0x4D4D , 525 
0x6E6E , 0 
0x1C1C , 533 
0x2020 , 529 
0x3E3E , 537 
0x4D4D , 522 
0x6E6E , 507 
0x1C1C , 537 
0x2020 , 531 
0x3E3E , 541 
0x4D4D , 528 
0x6E6E , 516 
0x1C1C , 533 
0x2020 , 526 
0x3E3E , 540 
0x4D4D , 520 
0x6E6E , 0 
0x1C1C , 536 
0x2020 , 528 
0x3E3E , 539 
0x4D4D , 521 
0x6E6E , 512 
0x1C1C , 536 
0x2020 , 531 
0x3E3E , 539 
0x4D4D , 521 
0x6E6E , 0 
0x1C1C , 532 
0x2020 , 529 
0x3E3E , 540 
0x4D4D , 524 
0x6E6E , 510 
0x1C1C , 535 
0x2020 , 527 
0x3E3E , 540 
0x4D4D , 523 
0x6E6E , 0 
0x1C1C , 536 
0x2020 , 527 
0x3E3E , 540 
0x4D4D , 522 
0x6E6E , 514 
0x1C1C , 537 
0x2020 , 529 
0x3E3E , 541 
0x4D4D , 525 
0x6E6E , 0 
0x1C1C , 538 
0x2020 , 530 
0x3E3E , 541 
0x4D4D , 522 
0x6E6E , 511 
0x1C1C , 539 
0x2020 , 530 
0x3E3E , 538 
0x4D4D , 522 
0x6E6E , 0 
0x1C1C , 537 
0x2020 , 533 
0x3E3E , 543 
0x4D4D , 524 
0x6E6E , 514 
0x1C1C , 537 
0x2020 , 531 
0x3E3E , 539 
0x4D4D , 522 
0x6E6E , 0 
0x1C1C , 535 
0x2020 , 528 
0x3E3E , 539 
0x4D4D , 526 
0x6E6E , 513 
0x1C1C , 535 
0x2020 , 529 
0x3E3E , 539 
0x4D4D , 528 
0x6E6E , 512 
0x1C1C , 536 
0x2020 , 527 
0x3E3E , 540 
0x4D4D , 523 
0x6E6E , 0 
0x1C1C , 534 
0x2020 , 528 
0x3E3E , 540 
0x4D4D , 525 
0x6E6E , 515 
0x1C1C , 535 
0x2020 , 529 
0x3E3E , 538 
0x4D4D , 525 
0x6E6E , 0 
0x1C1C , 537 
0x2020 , 530 
0x3E3E , 537 
0x4D4D , 523 
0x6E6E , 514 
0x1C1C , 537 
0x2020 , 532 
0x3E3E , 541 
0x4D4D , 523 
0x6E6E , 0 
0x1C1C , 537 
0x2020 , 530 
0x3E3E , 538 
0x4D4D , 521 
0x6E6E , 513 
0x1C1C , 535 
0x2020 , 528 
0x3E3E , 539 
0x4D4D , 522 
0x6E6E , 0 
0x1C1C , 538 
0x2020 , 530 
0x3E3E , 541 
0x4D4D , 523 
0x6E6E , 512 
0x1C1C , 532 
0x2020 , 531 
0x3E3E , 541 
0x4D4D , 529 
0x6E6E , 0 
0x1C1C , 533 
0x2020 , 532 
0x3E3E , 539 
0x4D4D , 525 
0x6E6E , 516 
0x1C1C , 537 
0x2020 , 530 
0x3E3E , 542 
0x4D4D , 526 
0x6E6E , 0 
0x1C1C , 532 
0x2020 , 531 
0x3E3E , 541 
0x4D4D , 525 
0x6E6E , 513 
0x1C1C , 533 
0x2020 , 530 
0x3E3E , 540 
0x4D4D , 527 
0x6E6E , 511 
0x1C1C , 534 
0x2020 , 527 
0x3E3E , 537 
0x4D4D , 523 
0x6E6E , 0 
0x1C1C , 532 
0x2020 , 532 
0x3E3E , 539 
0x4D4D , 520 
0x6E6E , 515 
0x1C1C , 535 
0x2020 , 531 
0x3E3E , 537 
0x4D4D , 528 
0x6E6E , 0 
0x1C1C , 537 
0x2020 , 534 
0x3E3E , 541 
0x4D4D , 524 
0x6E6E , 511 
0x1C1C , 541 
0x2020 , 530 
0x3E3E , 541 
0x4D4D , 522 
0x6E6E , 0 
0x1C1C , 534 
0x2020 , 528 
0x3E3E , 541 
0x4D4D , 528 
0x6E6E , 509 
0x1C1C , 535 
0x2020 , 529 
0x3E3E , 538 
0x4D4D , 521 
0x6E6E , 0 
0x1C1C , 534 
0x2020 , 528 
0x3E3E , 538 
0x4D4D , 524 
0x6E6E , 507 
0x1C1C , 532 
0x2020 , 530 
0x3E3E , 539 
0x4D4D , 526 
0x6E6E , 0 
0x1C1C , 533 
0x2020 , 533 
0x3E3E , 541 
0x4D4D , 530 
0x6E6E , 509 
0x1C1C , 533 
0x2020 , 530 
0x3E3E , 541 
0x4D4D , 527 
0x6E6E , 0 
0x1C1C , 531 
0x2020 , 533 
0x3E3E , 540 
0x4D4D , 528 
0x6E6E , 511 
0x1C1C , 535 
0x2020 , 527 
0x3E3E , 542 
0x4D4D , 522 
0x6E6E , 511 
0x1C1C , 530 
0x2020 , 534 
0x3E3E , 538 
0x4D4D , 525 
0x6E6E , 0 
0x1C1C , 532 
0x2020 , 525 
0x3E3E , 541 
0x4D4D , 526 
0x6E6E , 515 
0x1C1C , 532 
0x2020 , 532 
0x3E3E , 544 
0x4D4D , 529 
0x6E6E , 0 
0x1C1C , 536 
0x2020 , 533 
0x3E3E , 537 
0x4D4D , 528 
0x6E6E , 520 
0x1C1C , 531 
0x2020 , 528 
0x3E3E , 537 
0x4D4D , 523 
0x6E6E , 0 
0x1C1C , 535 
0x2020 , 527 
0x3E3E , 539 
0x4D4D , 524 
0x6E6E , 512 
0x1C1C , 0 
0x2020 , 531 
0x3E3E , 542 
0x4D4D , 521 
0x6E6E , 0 
0x1C1C , 532 
0x2020 , 530 
0x3E3E , 539 
0x4D4D , 525 
0x6E6E , 512 
0x1C1C , 535 
0x2020 , 533 
0x3E3E , 541 
0x4D4D , 527 
0x6E6E , 0 
0x1C1C , 533 
0x2020 , 526 
0x3E3E , 540 
0x4D4D , 523 
0x6E6E , 509 
0x1C1C , 532 
0x2020 , 531 
0x3E3E , 538 
0x4D4D , 520 
0x6E6E , 0 
0x1C1C , 534 
0x2020 , 530 
0x3E3E , 533 
0x4D4D , 525 
0x6E6E , 510 
0x1C1C , 538 
0x2020 , 530 
0x3E3E , 541 
0x4D4D , 530 
0x6E6E , 515 
0x1C1C , 533 
0x2020 , 525 
0x3E3E , 541 
0x4D4D , 528 
0x6E6E , 0 
0x1C1C , 536 
0x2020 , 529 
0x3E3E , 537 
0x4D4D , 528 
0x6E6E , 515 
0x1C1C , 534 
0x2020 , 528 
0x3E3E , 540 
0x4D4D , 530 
0x6E6E , 0 
0x1C1C , 537 
0x2020 , 525 
0x3E3E , 538 
0x4D4D , 525 
0x6E6E , 510 
0x1C1C , 532 
0x2020 , 530 
0x3E3E , 539 
0x4D4D , 522 
0x6E6E , 0 
0x1C1C , 536 
0x2020 , 526 
0x3E3E , 538 
0x4D4D , 522 
0x6E6E , 515 
0x1C1C , 532 
0x2020 , 532 
0x3E3E , 539 
0x4D4D , 523 
0x6E6E , 0 
0x1C1C , 527 
0x2020 , 525 
0x3E3E , 541 
0x4D4D , 524 
0x6E6E , 508 
0x1C1C , 534 
0x2020 , 530 
0x3E3E , 540 
0x4D4D , 523 
0x6E6E , 0 
0x1C1C , 534 
0x2020 , 526 
0x3E3E , 540 
0x4D4D , 525 
0x6E6E , 514 
0x1C1C , 532 
0x2020 , 530 
0x3E3E , 541 
0x4D4D , 526 
0x6E6E , 0 
0x1C1C , 532 
0x2020 , 530 
0x3E3E , 539 
0x4D4D , 523 
0x6E6E , 513 
0x1C1C , 531 
0x2020 , 529 
0x3E3E , 543 
0x4D4D , 526 
0x6E6E , 514 
0x1C1C , 538 
0x2020 , 533 
0x3E3E , 540 
0x4D4D , 525 
0x6E6E , 0 
0x1C1C , 537 
0x2020 , 528 
0x3E3E , 539 
0x4D4D , 526 
0x6E6E , 510 
0x1C1C , 537 
0x2020 , 522 
0x3E3E , 540 
0x4D4D , 526 
0x6E6E , 0 
0x1C1C , 537 
0x2020 , 526 
0x3E3E , 541 
0x4D4D , 523 
0x6E6E , 513 
0x1C1C , 535 
0x2020 , 528 
0x3E3E , 537 
0x4D4D , 525 
0x6E6E , 0 
0x1C1C , 537 
0x2020 , 529 
0x3E3E , 540 
0x4D4D , 525 
0x6E6E , 515 
0x1C1C , 536 
0x2020 , 525 
0x3E3E , 543 
0x4D4D , 525 
0x6E6E , 0 
0x1C1C , 536 
0x2020 , 521 
0x3E3E , 538 
0x4D4D , 526 
0x6E6E , 513 
0x1C1C , 534 
0x2020 , 529 
0x3E3E , 538 
0x4D4D , 521 
0x6E6E , 0 
0x1C1C , 537 
0x2020 , 526 
0x3E3E , 542 
0x4D4D , 523 
0x6E6E , 511 
0x1C1C , 535 
0x2020 , 530 
0x3E3E , 543 
0x4D4D , 528 
0x6E6E , 0 
0x1C1C , 536 
0x2020 , 529 
0x3E3E , 539 
0x4D4D , 525 
0x6E6E , 516 
0x1C1C , 532 
0x2020 , 526 
0x3E3E , 542 
0x4D4D , 528 
0x6E6E , 510 
0x1C1C , 534 
0x2020 , 533 
0x3E3E , 542 
0x4D4D , 527 
0x6E6E , 0 
0x1C1C , 537 
0x2020 , 526 
0x3E3E , 538 
0x4D4D , 522 
0x6E6E , 513 
0x1C1C , 531 
0x2020 , 530 
0x3E3E , 539 
0x4D4D , 530 
0x6E6E , 0 
0x1C1C , 530 
0x2020 , 530 
0x3E3E , 539 
0x4D4D , 526 
0x6E6E , 515 
0x1C1C , 533 
0x2020 , 527 
0x3E3E , 540 
0x4D4D , 527 
0x6E6E , 0 
0x1C1C , 532 
0x2020 , 526 
0x3E3E , 537 
0x4D4D , 523 
0x6E6E , 513 
0x1C1C , 530 
0x2020 , 531 
0x3E3E , 539 
0x4D4D , 524 
0x6E6E , 0 
0x1C1C , 532 
0x2020 , 525 
0x3E3E , 539 
0x4D4D , 525 
0x6E6E , 512 
0x1C1C , 534 
0x2020 , 531 
0x3E3E , 539 
0x4D4D , 525 
0x6E6E , 0 
0x1C1C , 534 
0x2020 , 527 
0x3E3E , 539 
0x4D4D , 526 
0x6E6E , 512 
0x1C1C , 534 
0x2020 , 528 
0x3E3E , 538 
0x4D4D , 525 
0x6E6E , 0 
0x1C1C , 530 
0x2020 , 531 
0x3E3E , 537 
0x4D4D , 524 
0x6E6E , 508 
0x1C1C , 533 
0x2020 , 522 
0x3E3E , 538 
0x4D4D , 525 
0x6E6E , 514 
0x1C1C , 533 
0x2020 , 524 
0x3E3E , 538 
0x4D4D , 526 
0x6E6E , 0 
0x1C1C , 529 
0x2020 , 531 
0x3E3E , 539 
0x4D4D , 524 
0x6E6E , 512 
0x1C1C , 533 
0x2020 , 527 
0x3E3E , 537 
0x4D4D , 526 
0x6E6E , 0 
0x1C1C , 536 
0x2020 , 0 
0x3E3E , 0 
0x4D4D , 0 
0x6E6E , 0 
0x1C1C , 0 
0x2020 , 524 
0x3E3E , 0 
0x4D4D , 522 
0x6E6E , 0 
0x1C1C , 0 
0x2020 , 525 
0x3E3E , 0 
0x4D4D , 523 
0x6E6E , 507 
0x1C1C , 529 
0x2020 , 529 
0x3E3E , 0 
0x4D4D , 525 
0x6E6E , 0 
0x1C1C , 534 
0x2020 , 525 
0x3E3E , 0 
0x4D4D , 528 
0x6E6E , 508 
0x1C1C , 533 
0x2020 , 526 
0x3E3E , 0 
0x4D4D , 522 
0x6E6E , 0 
0x1C1C , 530 
0x2020 , 530 
0x3E3E , 0 
0x4D4D , 522 
0x6E6E , 511 
0x1C1C , 533 
0x2020 , 528 
0x3E3E , 0 
0x4D4D , 522 
0x6E6E , 0 
0x1C1C , 531 
0x2020 , 523 
0x3E3E , 0 
0x4D4D , 522 
0x6E6E , 505 
0x1C1C , 536 
0x2020 , 531 
0x3E3E , 538 
0x4D4D , 526 
0x6E6E , 509 
0x1C1C , 533 
0x2020 , 531 
0x3E3E , 541 
0x4D4D , 524 
0x6E6E , 0 
0x1C1C , 536 
0x2020 , 532 
0x3E3E , 541 
0x4D4D , 528 
0x6E6E , 508 
0x1C1C , 0 
0x2020 , 0 
0x3E3E , 0 
0x4D4D , 0 
0x6E6E , 0 
0x1C1C , 532 
0x2020 , 533 
0x3E3E , 543 
0x4D4D , 523 
0x6E6E , 510 
0x1C1C , 533 
0x2020 , 532 
0x3E3E , 541 
0x4D4D , 520 
0x6E6E , 0 
0x1C1C , 535 
0x2020 , 530 
0x3E3E , 539 
0x4D4D , 530 
0x6E6E , 512 
0x1C1C , 532 
0x2020 , 530 
0x3E3E , 540 
0x4D4D , 525 
0x6E6E , 0 
0x1C1C , 533 
0x2020 , 534 
0x3E3E , 540 
0x4D4D , 527 
0x6E6E , 511 
0x1C1C , 536 
0x2020 , 526 
0x3E3E , 544 
0x4D4D , 527 
0x6E6E , 0 
0x1C1C , 532 
0x2020 , 525 
0x3E3E , 542 
0x4D4D , 526 
0x6E6E , 510 
0x1C1C , 532 
0x2020 , 527 
0x3E3E , 539 
0x4D4D , 524 
0x6E6E , 0 
0x1C1C , 535 
0x2020 , 530 
0x3E3E , 542 
0x4D4D , 522 
0x6E6E , 512 
0x1C1C , 535 
0x2020 , 530 
0x3E3E , 537 
0x4D4D , 524 
0x6E6E , 514 
0x1C1C , 536 
0x2020 , 522 
0x3E3E , 542 
0x4D4D , 530 
0x6E6E , 0 
0x1C1C , 533 
0x2020 , 530 
0x3E3E , 543 
0x4D4D , 529 
0x6E6E , 511 
0x1C1C , 534 
0x2020 , 533 
0x3E3E , 540 
0x4D4D , 530 
0x6E6E , 0 
0x1C1C , 538 
0x2020 , 534 
0x3E3E , 537 
0x4D4D , 530 
0x6E6E , 511 
0x1C1C , 531 
0x2020 , 529 
0x3E3E , 543 
0x4D4D , 528 
0x6E6E , 0 
0x1C1C , 533 
0x2020 , 529 
0x3E3E , 538 
0x4D4D , 524 
0x6E6E , 514 
0x1C1C , 0 
0x2020 , 526 
0x3E3E , 542 
0x4D4D , 528 
0x6E6E , 0 
0x1C1C , 536 
0x2020 , 526 
0x3E3E , 537 
0x4D4D , 522 
0x6E6E , 511 
0x1C1C , 537 
0x2020 , 526 
0x3E3E , 542 
0x4D4D , 522 
0x6E6E , 0 
0x1C1C , 535 
0x2020 , 527 
0x3E3E , 541 
0x4D4D , 520 
0x6E6E , 507 
0x1C1C , 537 
0x2020 , 532 
0x3E3E , 536 
0x4D4D , 521 
0x6E6E , 0 
0x1C1C , 532 
0x2020 , 527 
0x3E3E , 540 
0x4D4D , 525 
0x6E6E , 511 
0x1C1C , 0 
0x2020 , 526 
0x3E3E , 540 
0x4D4D , 517 
0x6E6E , 509 
0x1C1C , 0 
0x2020 , 0 
0x3E3E , 0 
0x4D4D , 0 
0x6E6E , 0 
0x1C1C , 0 
0x2020 , 0 
0x3E3E , 0 
0x4D4D , 0 
0x6E6E , 0 
0x1C1C , 0 
0x2020 , 526 
0x3E3E , 0 
0x4D4D , 0 
0x6E6E , 0 
0x1C1C , 0 
0x2020 , 528 
0x3E3E , 0 
0x4D4D , 0 
0x6E6E , 0 
0x1C1C , 535 
0x2020 , 527 
0x3E3E , 537 
0x4D4D , 526 
0x6E6E , 0 
0x1C1C , 535 
0x2020 , 536 
0x3E3E , 542 
0x4D4D , 522 
0x6E6E , 509 
0x1C1C , 532 
0x2020 , 528 
0x3E3E , 538 
0x4D4D , 520 
0x6E6E , 0 
0x1C1C , 533 
0x2020 , 530 
0x3E3E , 542 
0x4D4D , 525 
0x6E6E , 507 
0x1C1C , 534 
0x2020 , 528 
0x3E3E , 541 
0x4D4D , 524 
0x6E6E , 0 
0x1C1C , 536 
0x2020 , 527 
0x3E3E , 541 
0x4D4D , 521 
0x6E6E , 504 
0x1C1C , 531 
0x2020 , 525 
0x3E3E , 539 
0x4D4D , 524 
0x6E6E , 0 
0x1C1C , 534 
0x2020 , 532 
0x3E3E , 537 
0x4D4D , 522 
0x6E6E , 507 
0x1C1C , 529 
0x2020 , 526 
0x3E3E , 537 
0x4D4D , 522 
0x6E6E , 507 
0x1C1C , 534 
0x2020 , 530 
0x3E3E , 539 
0x4D4D , 522 
0x6E6E , 0 
0x1C1C , 536 
0x2020 , 529 
0x3E3E , 544 
0x4D4D , 523 
0x6E6E , 514 
0x1C1C , 536 
0x2020 , 525 
0x3E3E , 540 
0x4D4D , 525 
0x6E6E , 0 
0x1C1C , 531 
0x2020 , 528 
0x3E3E , 540 
0x4D4D , 524 
0x6E6E , 510 
0x1C1C , 530 
0x2020 , 527 
0x3E3E , 538 
0x4D4D , 524 
0x6E6E , 0 
0x1C1C , 529 
0x2020 , 528 
0x3E3E , 541 
0x4D4D , 523 
0x6E6E , 503 
0x1C1C , 529 
0x2020 , 531 
0x3E3E , 538 
0x4D4D , 525 
0x6E6E , 0 
0x1C1C , 531 
0x2020 , 521 
0x3E3E , 539 
0x4D4D , 523 
0x6E6E , 501 
0x1C1C , 537 
0x2020 , 526 
0x3E3E , 541 
0x4D4D , 525 
0x6E6E , 0 
0x1C1C , 531 
0x2020 , 532 
0x3E3E , 542 
0x4D4D , 523 
0x6E6E , 508 
0x1C1C , 530 
0x2020 , 531 
0x3E3E , 538 
0x4D4D , 520 
0x6E6E , 0 
0x1C1C , 530 
0x2020 , 523 
0x3E3E , 541 
0x4D4D , 522 
0x6E6E , 504 
0x1C1C , 533 
0x2020 , 533 
0x3E3E , 538 
0x4D4D , 521 
0x6E6E , 504 
0x1C1C , 535 
0x2020 , 528 
0x3E3E , 542 
0x4D4D , 520 
0x6E6E , 0 
0x1C1C , 533 
0x2020 , 528 
0x3E3E , 541 
0x4D4D , 520 
0x6E6E , 502 
0x1C1C , 531 
0x2020 , 526 
0x3E3E , 538 
0x4D4D , 525 
0x6E6E , 0 
0x1C1C , 536 
0x2020 , 527 
0x3E3E , 541 
0x4D4D , 520 
0x6E6E , 508 
0x1C1C , 530 
0x2020 , 531 
0x3E3E , 541 
0x4D4D , 522 
0x6E6E , 0 
0x1C1C , 533 
0x2020 , 530 
0x3E3E , 540 
0x4D4D , 522 
0x6E6E , 508 
0x1C1C , 0 
0x2020 , 0 
0x3E3E , 0 
0x4D4D , 0 
0x6E6E , 0 
0x1C1C , 530 
0x2020 , 526 
0x3E3E , 540 
0x4D4D , 526 
0x6E6E , 512 
0x1C1C , 532 
0x2020 , 526 
0x3E3E , 537 
0x4D4D , 524 
0x6E6E , 0 
0x1C1C , 535 
0x2020 , 522 
0x3E3E , 540 
0x4D4D , 523 
0x6E6E , 511 
0x1C1C , 538 
0x2020 , 526 
0x3E3E , 541 
0x4D4D , 527 
0x6E6E , 0 
0x1C1C , 0 
0x2020 , 524 
0x3E3E , 539 
0x4D4D , 522 
0x6E6E , 513 
0x1C1C , 537 
0x2020 , 529 
0x3E3E , 540 
0x4D4D , 531 
0x6E6E , 515 
0x1C1C , 533 
0x2020 , 523 
0x3E3E , 537 
0x4D4D , 524 
0x6E6E , 0 
0x1C1C , 0 
0x2020 , 531 
0x3E3E , 541 
0x4D4D , 525 
0x6E6E , 511 
0x1C1C , 0 
0x2020 , 530 
0x3E3E , 539 
0x4D4D , 523 
0x6E6E , 0 
0x1C1C , 0 
0x2020 , 527 
0x3E3E , 540 
0x4D4D , 523 
0x6E6E , 507 
0x1C1C , 0 
0x2020 , 527 
0x3E3E , 540 
0x4D4D , 523 
0x6E6E , 0 
0x1C1C , 0 
0x2020 , 532 
0x3E3E , 538 
0x4D4D , 522 
0x6E6E , 506 
0x1C1C , 0 
0x2020 , 527 
0x3E3E , 542 
0x4D4D , 528 
0x6E6E , 0 
0x1C1C , 0 
0x2020 , 527 
0x3E3E , 539 
0x4D4D , 527 
0x6E6E , 515 
0x1C1C , 529 
0x2020 , 528 
0x3E3E , 540 
0x4D4D , 526 
0x6E6E , 0 
0x1C1C , 541 
0x2020 , 523 
0x3E3E , 541 
0x4D4D , 525 
0x6E6E , 511 
0x1C1C , 536 
0x2020 , 526 
0x3E3E , 540 
0x4D4D , 520 
0x6E6E , 0 
0x1C1C , 533 
0x2020 , 529 
0x3E3E , 538 
0x4D4D , 519 
0x6E6E , 510 
0x1C1C , 530 
0x2020 , 531 
0x3E3E , 540 
0x4D4D , 519 
0x6E6E , 506 
0x1C1C , 529 
0x2020 , 528 
0x3E3E , 542 
0x4D4D , 521 
0x6E6E , 0 
0x1C1C , 531 
0x2020 , 530 
0x3E3E , 540 
0x4D4D , 520 
0x6E6E , 504 
0x1C1C , 529 
0x2020 , 532 
0x3E3E , 537 
0x4D4D , 519 
0x6E6E , 0 
0x1C1C , 526 
0x2020 , 530 
0x3E3E , 541 
0x4D4D , 519 
0x6E6E , 509 
0x1C1C , 533 
0x2020 , 530 
0x3E3E , 539 
0x4D4D , 518 
0x6E6E , 0 
0x1C1C , 529 
0x2020 , 531 
0x3E3E , 541 
0x4D4D , 517 
0x6E6E , 508 
0x1C1C , 532 
0x2020 , 532 
0x3E3E , 540 
0x4D4D , 518 
0x6E6E , 0 
0x1C1C , 535 
0x2020 , 530 
0x3E3E , 540 
0x4D4D , 521 
0x6E6E , 503 
0x1C1C , 531 
0x2020 , 534 
0x3E3E , 545 
0x4D4D , 517 
0x6E6E , 0 
0x1C1C , 531 
0x2020 , 534 
0x3E3E , 539 
0x4D4D , 521 
0x6E6E , 509 
0x1C1C , 531 
0x2020 , 528 
0x3E3E , 543 
0x4D4D , 519 
0x6E6E , 0 
0x1C1C , 532 
0x2020 , 526 
0x3E3E , 540 
0x4D4D , 521 
0x6E6E , 506 
0x1C1C , 533 
0x2020 , 532 
0x3E3E , 540 
0x4D4D , 518 
0x6E6E , 508 
0x1C1C , 531 
0x2020 , 527 
0x3E3E , 538 
0x4D4D , 522 
0x6E6E , 0 
0x1C1C , 530 
0x2020 , 532 
0x3E3E , 540 
0x4D4D , 519 
0x6E6E , 499 
0x1C1C , 534 
0x2020 , 531 
0x3E3E , 540 
0x4D4D , 522 
0x6E6E , 0 
0x1C1C , 526 
0x2020 , 530 
0x3E3E , 539 
0x4D4D , 518 
0x6E6E , 504 
0x1C1C , 533 
0x2020 , 531 
0x3E3E , 542 
0x4D4D , 514 
0x6E6E , 0 
0x1C1C , 529 
0x2020 , 531 
0x3E3E , 537 
0x4D4D , 520 
0x6E6E , 507 
0x1C1C , 530 
0x2020 , 530 
0x3E3E , 543 
0x4D4D , 517 
0x6E6E , 0 
0x1C1C , 531 
0x2020 , 526 
0x3E3E , 540 
0x4D4D , 515 
0x6E6E , 509 
0x1C1C , 528 
0x2020 , 532 
0x3E3E , 543 
0x4D4D , 520 
0x6E6E , 0 
0x1C1C , 530 
0x2020 , 532 
0x3E3E , 541 
0x4D4D , 518 
0x6E6E , 504 
0x1C1C , 531 
0x2020 , 530 
0x3E3E , 543 
0x4D4D , 520 
0x6E6E , 0 
0x1C1C , 530 
0x2020 , 535 
0x3E3E , 539 
0x4D4D , 520 
0x6E6E , 508 
0x1C1C , 532 
0x2020 , 527 
0x3E3E , 542 
0x4D4D , 522 
0x6E6E , 506 
0x1C1C , 535 
0x2020 , 530 
0x3E3E , 539 
0x4D4D , 520 
0x6E6E , 0 
0x1C1C , 531 
0x2020 , 529 
0x3E3E , 544 
0x4D4D , 520 
0x6E6E , 507 
0x1C1C , 530 
0x2020 , 531 
0x3E3E , 540 
0x4D4D , 522 
0x6E6E , 0 
0x1C1C , 530 
0x2020 , 533 
0x3E3E , 539 
0x4D4D , 521 
0x6E6E , 507 
0x1C1C , 529 
0x2020 , 534 
0x3E3E , 542 
0x4D4D , 518 
0x6E6E , 0 
0x1C1C , 530 
0x2020 , 531 
0x3E3E , 542 
0x4D4D , 522 
0x6E6E , 508 
0x1C1C , 531 
0x2020 , 533 
0x3E3E , 541 
0x4D4D , 520 
0x6E6E , 0 
0x1C1C , 532 
0x2020 , 531 
0x3E3E , 540 
0x4D4D , 520 
0x6E6E , 501 
0x1C1C , 531 
0x2020 , 530 
0x3E3E , 537 
0x4D4D , 521 
0x6E6E , 0 
0x1C1C , 530 
0x2020 , 527 
0x3E3E , 542 
0x4D4D , 522 
0x6E6E , 507 
0x1C1C , 530 
0x2020 , 524 
0x3E3E , 540 
0x4D4D , 521 
0x6E6E , 0 
0x1C1C , 530 
0x2020 , 531 
0x3E3E , 543 
0x4D4D , 523 
0x6E6E , 510 
0x1C1C , 534 
0x2020 , 532 
0x3E3E , 541 
0x4D4D , 516 
0x6E6E , 506 
0x1C1C , 535 
0x2020 , 529 
0x3E3E , 544 
0x4D4D , 520 
0x6E6E , 0 
0x1C1C , 529 
0x2020 , 527 
0x3E3E , 540 
0x4D4D , 518 
0x6E6E , 507 
0x1C1C , 531 
0x2020 , 527 
0x3E3E , 540 
0x4D4D , 521 
0x6E6E , 0 
0x1C1C , 530 
0x2020 , 528 
0x3E3E , 540 
0x4D4D , 519 
0x6E6E , 508 
0x1C1C , 530 
0x2020 , 535 
0x3E3E , 543 
0x4D4D , 522 
0x6E6E , 0 
0x1C1C , 531 
0x2020 , 533 
0x3E3E , 540 
0x4D4D , 522 
0x6E6E , 507 
0x1C1C , 528 
0x2020 , 528 
0x3E3E , 537 
0x4D4D , 519 
0x6E6E , 0 
0x1C1C , 531 
0x2020 , 528 
0x3E3E , 539 
0x4D4D , 520 
0x6E6E , 507 
0x1C1C , 538 
0x2020 , 523 
0x3E3E , 540 
0x4D4D , 522 
0x6E6E , 0 
0x1C1C , 534 
0x2020 , 526 
0x3E3E , 538 
0x4D4D , 518 
0x6E6E , 513 
0x1C1C , 532 
0x2020 , 522 
0x3E3E , 539 
0x4D4D , 526 
0x6E6E , 0 
0x1C1C , 536 
0x2020 , 531 
0x3E3E , 538 
0x4D4D , 524 
0x6E6E , 505 
0x1C1C , 536 
0x2020 , 528 
0x3E3E , 540 
0x4D4D , 522 
0x6E6E , 522 
0x1C1C , 534 
0x2020 , 532 
0x3E3E , 538 
0x4D4D , 529 
0x6E6E , 0 
0x1C1C , 534 
0x2020 , 530 
0x3E3E , 542 
0x4D4D , 521 
0x6E6E , 514 
0x1C1C , 534 
0x2020 , 523 
0x3E3E , 537 
0x4D4D , 522 
0x6E6E , 0 
0x1C1C , 534 
0x2020 , 528 
0x3E3E , 541 
0x4D4D , 525 
0x6E6E , 514 
0x1C1C , 537 
0x2020 , 526 
0x3E3E , 538 
0x4D4D , 523 
0x6E6E , 0 
0x1C1C , 536 
0x2020 , 528 
0x3E3E , 541 
0x4D4D , 523 
0x6E6E , 511 
0x1C1C , 534 
0x2020 , 526 
0x3E3E , 537 
0x4D4D , 522 
0x6E6E , 0 
0x1C1C , 536 
0x2020 , 526 
0x3E3E , 539 
0x4D4D , 527 
0x6E6E , 514 
0x1C1C , 532 
0x2020 , 529 
0x3E3E , 537 
0x4D4D , 528 
0x6E6E , 0 
0x1C1C , 537 
0x2020 , 523 
0x3E3E , 542 
0x4D4D , 524 
0x6E6E , 509 
0x1C1C , 533 
0x2020 , 531 
0x3E3E , 539 
0x4D4D , 526 
0x6E6E , 0 
0x1C1C , 537 
0x2020 , 527 
0x3E3E , 539 
0x4D4D , 524 
0x6E6E , 510 
0x1C1C , 533 
0x2020 , 528 
0x3E3E , 538 
0x4D4D , 521 
0x6E6E , 505 
0x1C1C , 534 
0x2020 , 531 
0x3E3E , 540 
0x4D4D , 523 
0x6E6E , 0 
0x1C1C , 541 
0x2020 , 527 
0x3E3E , 541 
0x4D4D , 522 
0x6E6E , 508 
0x1C1C , 538 
0x2020 , 528 
0x3E3E , 538 
0x4D4D , 523 
0x6E6E , 0 
0x1C1C , 533 
0x2020 , 529 
0x3E3E , 540 
0x4D4D , 522 
0x6E6E , 513 
0x1C1C , 529 
0x2020 , 529 
0x3E3E , 539 
0x4D4D , 528 
0x6E6E , 0 
0x1C1C , 526 
0x2020 , 531 
0x3E3E , 540 
0x4D4D , 518 
0x6E6E , 511 
0x1C1C , 525 
0x2020 , 528 
0x3E3E , 539 
0x4D4D , 520 
0x6E6E , 0 
0x1C1C , 531 
0x2020 , 528 
0x3E3E , 538 
0x4D4D , 518 
0x6E6E , 513 
0x1C1C , 527 
0x2020 , 528 
0x3E3E , 540 
0x4D4D , 524 
0x6E6E , 0 
0x1C1C , 528 
0x2020 , 529 
0x3E3E , 537 
0x4D4D , 522 
0x6E6E , 509 
0x1C1C , 527 
0x2020 , 528 
0x3E3E , 538 
0x4D4D , 524 
0x6E6E , 0 
0x1C1C , 535 
0x2020 , 525 
0x3E3E , 538 
0x4D4D , 524 
0x6E6E , 512 
