11:08:39.234:
0x1C1C , 720 
0x2020 , 0 
0x3E3E , 725 
0x4D4D , 742 
0x6E6E , 0 

11:08:39.969:
0x1C1C , 722 
0x2020 , 721 
0x3E3E , 717 
0x4D4D 
11:08:39.984:
, 744 
0x6E6E , 711 

11:08:40.734:
0x1C1C , 722 
0x2020 , 723 
0x3E3E , 714 
0x4D4D , 742 
0x6E6E , 0 

11:08:41.484:
0x1C1C , 720 
0x2020 , 0 
0x3E3E , 721 
0x4D4D , 739 
0x6E6E , 704 

11:08:42.203:
0x1C1C , 0 
0x2020 , 0 
0x3E3E , 725 
0x4D4D , 743 
0x6E6E , 0 

11:08:42.953:
0x1C1C , 0 
0x2020 , 0 
0x3E3E , 719 
0x4D4D , 747 
0x6E6E , 711 

11:08:43.703:
0x1C1C , 720 
0x2020 , 0 
0x3E3E , 719 
0x4D4D , 741 
0x6E6E , 0 

11:08:44.469:
0x1C1C , 0 
0x2020 , 720 
0x3E3E , 718 
0x4D4D , 748 
0x6E6E , 718 

11:08:45.203:
0x1C1C , 720 
0x2020 , 0 
0x3E3E , 0 
0x4D4D , 742 
0x6E6E , 0 

11:08:45.969:
0x1C1C , 724 
0x2020 , 0 

11:08:45.985:
0x3E3E , 722 
0x4D4D , 740 
0x6E6E , 705 

11:08:46.719:
0x1C1C , 0 
0x2020 ,
11:08:46.735:
 0 
0x3E3E , 716 
0x4D4D , 738 
0x6E6E , 0 

11:08:47.485:
0x1C1C , 0 
0x2020 , 0 

11:08:47.500:
0x3E3E , 723 
0x4D4D , 738 
0x6E6E , 704 

11:08:48.266:
0x1C1C , 0 
0x2020 , 0 
0x3E3E , 715 
0x4D4D , 736 
0x6E6E , 0 

11:08:49.954:
0x1C1C , 0 
0x2020 ,
11:08:49.970:
 735 
0x3E3E , 708 
0x4D4D , 725 
0x6E6E , 0 

11:08:50.720:
0x1C1C , 0 
0x2020 , 727 
0x3E3E , 709 
0x4D4D , 730 
0x6E6E , 719 

11:08:51.423:
0x1C1C , 0 
0x2020 , 728 
0x3E3E , 707 
0x
11:08:51.438:
4D4D , 0 
0x6E6E , 0 

11:08:52.157:
0x1C1C , 0 
0x2020 , 0 
0x3E3E , 0 
0x4D4D , 745 
0x6E6E , 0 

11:08:52.860:
0x1C1C , 0 
0x2020 , 0 
0x3E3E , 0 
0x4D4D , 751 
0x6E6E , 0 

11:08:53.610:
0x1C1C , 725 
0x2020 ,
11:08:53.626:
 713 
0x3E3E , 724 
0x4D4D , 741 
0x6E6E , 0 

11:08:54.392:
0x1C1C , 718 
0x2020 , 714 
0x3E3E , 722 
0x4D4D , 744 
0x6E6E , 720 

11:08:55.282:
0x1C1C , 722 
0x2020 , 0 
0x3E3E
11:08:55.298:
 , 0 
0x4D4D , 0 
0x6E6E , 0 

11:08:56.032:
0x1C1C , 0 
0x2020 , 716 
0x3E3E , 0 
0x4D4D , 742 
0x6E6E , 0 

11:08:56.752:
0x1C1C , 0 
0x2020 , 0 
0x3E3E , 0 
0x4D4D , 742 

11:08:56.768:
0x6E6E , 0 

11:08:57.549:
0x1C1C , 723 
0x2020 , 718 
0x3E3E , 719 
0x4D4D , 746 
0x6E6E , 0 

11:08:58.299:
0x1C1C , 0 
0x2020 , 0 
0x3E3E , 719 
0x4D4D , 749 
0x6E6
11:08:58.314:
E , 706 

11:08:59.080:
0x1C1C , 0 
0x2020 , 0 
0x3E3E , 723 
0x4D4D , 744 
0x6E6E , 0 

11:09:00.721:
0x1C1C , 0 
0x2020 , 714 
0x3E3E , 717 
0x4D4
11:09:00.736:
D , 740 
0x6E6E , 0 

11:09:01.471:
0x1C1C , 0 
0x2020 , 0 
0x3E3E , 718 
0x4D4D , 749 
0x6E6E , 704 

11:09:02.174:
0x1C1C , 0 
0x2020 , 0 
0x3E3E , 720 
0x4D4D
11:09:02.190:
 , 751 
0x6E6E , 0 

11:09:02.908:
0x1C1C , 0 
0x2020 , 0 
0x3E3E , 727 
0x
11:09:02.924:
4D4D , 749 
0x6E6E , 711 

11:09:03.643:
0x1C1C
11:09:03.674:
 , 720 
0x2020 , 0 
0x3E3E , 724 
0x4D4D , 750 
0x6E6E , 0 

11:09:04.408:
0x1C1C , 0 
0x2020 , 0 
0x3E3E , 719 
0x4D4D , 749 
0x6E6E , 708 

11:09:05.127:
0x1C1C , 0 
0x2020 , 0 
0x3E3E , 721 
0x4D4D , 745 
11:09:05.143:

0x6E6E , 0 

11:09:05.877:
0x1C1C , 0 
0x2020 , 0 
0x3E3E , 723 
0x4D4D , 748
11:09:05.893:
 
0x6E6E , 713 

11:09:06.644:
0x1C1C , 0 
0x2020 , 0 
0x3E3E , 724 
0x4D4D , 741 
0x6E6E , 0 

11:09:07.410:
0x1C1C , 0 
0x2020 , 0 
0x3E3E , 722 
0x4D4D , 749 
0x6E6E , 708 

11:09:08.160:
0x1C1C , 725 
0x2020 , 0 
0x3E3E , 727 
0x4D4D , 745 
0x6E6E , 0 

11:09:08.941:
0x1C1C , 724 
0x2020 , 0 
0x3E3E , 723 
0x4D4D , 747 
0x6E6E , 710 

11:09:09.691:
0x1C1C , 721 
0x2020 , 0 
11:09:09.706:

0x3E3E , 726 
0x4D4D , 744 
0x6E6E , 0 

11:09:11.347:
0x1C1C , 0 
0x2020 , 0 
0x3E3E , 722 
0x4D4D , 748 

11:09:11.363:
0x6E6E , 0 

11:09:12.097:
0x1C1C , 0 
0x2020 , 0 
0x3E3E , 721 
0x4D4D , 738 
0x6E6E , 709 

11:09:12.816:
0x1C1C , 723 
0x2020 , 0 
0x3E3E , 724 
0x4D4D , 742 
0x6E6E , 0 

11:09:13.566:
0x1C1C , 721 
0x2020 , 0 
0x3E3E , 724 
0x4D4D , 741 
0x6E6E , 711 

11:09:14.300:
0x1C1C , 723 
0x2020 , 723 
0x3E3E , 721 
0x4D
11:09:14.316:
4D , 744 
0x6E6E , 0 

11:09:15.066:
0x1C1C , 726 
0x2020 , 721 
0x3E3E , 721 
0x4D4
11:09:15.097:
D , 740 
0x6E6E , 711 

11:09:15.847:
0x1C1C , 719 
0x2020 , 717 
0x3E3E , 724 
0x4D4D , 741 
0x6E6E , 0 

11:09:16.628:
0x1C1C , 726 
0x2020 , 719 
0x3E3E , 723 
0x4D4D , 746 
0x6E6E , 711 

11:09:17.378:
0x1C1C , 722 
0x2020 , 722 
0x3E3E , 721 
0x4D4D , 744 

11:09:17.394:
0x6E6E , 0 

11:09:18.175:
0x1C1C , 721 
0x2020 , 724 
0x3E3E , 718 
0x4D4D , 742 
0x6E6E , 707 

11:09:18.941:
0x1C1C , 724 
0x2020 , 0 
0x3E3E , 720 
0x4D4D , 743 
0x6E6E , 0 

11:09:19.722:
0x1C1C , 727 
0x2020 , 0 
0x3E3E , 721 
0x4D4D , 743 
0x6E6E , 713 

11:09:20.472:
0x1C1C , 726 
0x2020 , 0 

11:09:20.488:
0x3E3E , 721 
0x4D4D , 749 
0x6E6E , 0 

11:09:22.161:
0x1C1C , 726 
0x2020 , 726 
0x3E3E , 718 
0x4D4D , 745 
0x6E6E , 0 

11:09:22.880:
0x1C1C , 727 
0x2020 , 0 
11:09:22.895:

0x3E3E , 722 
0x4D4D , 743 
0x6E6E , 711 

11:09:23.614:
0x1C1C , 726 
0x2020 , 0 
0x3E3E , 721 
0x4D
11:09:23.630:
4D , 742 
0x6E6E , 0 

11:09:24.380:
0x1C1C , 724 
0x2020 , 0 
0x3E3E , 723 
0x4D4D , 745 
0x6E6E , 707 

11:09:25.114:
0x1C1C , 0 
0x2020 , 0 
0x3E3E , 719 
0x4D4D , 744 
0x6E6E , 0 

11:09:25.880:
0x1C1C , 723 
0x2020 , 722 
0x3E3E , 715 
0x4D4D , 746 
0x6E6E , 711 

11:09:26.630:
0x1C1C , 722 
0x2020 , 720 
0x3E3E , 718 
0x4D4D , 741 
0x6E6E , 0 

11:09:27.411:
0x1C1C , 727 
0x2020 , 719 
0x3E3E , 718 
0x4D4D , 747 
0x6E6E , 707 

11:09:28.161:
0x1C1C , 724 
0x2020 , 721 
0x3E3E , 721 
0x4D4D , 750
11:09:28.177:
 
0x6E6E , 0 

11:09:28.942:
0x1C1C , 728 
0x2020 , 726 
0x3E3E , 722 
0x4D4D , 743 

11:09:28.958:
0x6E6E , 708 

11:09:29.739:
0x1C1C , 727 
0x2020 , 727 
0x3E3E , 719 
0x4D4D , 742 
0x6E6E , 0 

11:09:30.520:
0x1C1C , 724 
0x2020 , 722 
0x3E3E , 719 
0x4D4D , 741 
0x6E6E , 0 

11:09:31.318:
0x1C1C , 726 
0x2020 , 720 
0x3E3E , 721 
0x4D4D , 746 
0x6E6E , 703 

11:09:33.052:
0x1C1C , 725 
0x2020 , 715 
0x3E3E , 721 
0x4D4D , 744 
0x6E6E , 706 

11:09:33.787:
0x1C1C , 724 
0x2020 , 0 
0x3E3E , 718 
0x4D4D , 745 
0x6E6E , 0 

11:09:34.521:
0x1C1C , 727 
0x2020 ,
11:09:34.537:
 718 
0x3E3E , 719 
0x4D4D , 746 
0x6E6E , 704 

11:09:35.271:
0x1C1C , 727 
0x2020 , 724 
0x3E3E , 723 
0x4D
11:09:35.287:
4D , 742 
0x6E6E , 0 

11:09:36.053:
0x1C1C , 724 
0x2020 , 720 
0x3E3E , 721 
0x4D4D , 749 
0x6E6E , 707 

11:09:36.787:
0x1C1C , 724 
0x20
11:09:36.802:
20 , 718 
0x3E3E , 721 
0x4D4D , 746 
0x6E6E , 0 

11:09:37.584:
0x1C1C , 726 
0x2020 , 722 
0x3E3E , 718 
0x4D4D , 745 
0x6E6E , 704 

11:09:38.334:
0x1C1C , 723 
0x2020 , 727 
0x3E3E , 719 
0x4D4D , 745 
0x6E6E , 0 

11:09:39.116:
0x1C1C , 725 
0x2020 , 723 
0x3E3E , 721 
0x4D4D , 748 
0x6E6E , 709 

11:09:39.881:
0x1C1C , 722 
0x2020 , 719 
11:09:39.897:

0x3E3E , 719 
0x4D4D , 747 
0x6E6E , 0 

11:09:40.678:
0x1C1C , 726 
0x2020 , 724 
0x3E3E , 720 
0x4D4D , 749 
0x6E6E , 707 

11:09:41.459:
0x1C1C , 724 
0x2020 , 722 
0x3E3E , 718 
0x4D4D , 741 
0x6E6E , 0 

11:09:42.249:
0x1C1C , 723 
0x2020 , 713 
0x3E3E , 720 
0x4D4D , 742 
0x6E6E , 706 

11:09:43.937:
0x1C1C , 727 
0x2020 , 723 
0x3E3E , 721 
0x4D4D , 748 
0x6E6E , 711 

11:09:44.671:
0x1C1C , 726 
0x20
11:09:44.687:
20 , 720 
0x3E3E , 721 
0x4D4D , 739 
0x6E6E , 0 

11:09:45.437:
0x1C1C , 726 
0x2020 , 719 
0x3E3E , 721 
0x4D4D , 744 
0x6E6E , 704 

11:09:46.187:
0x1C1C , 724 
0x2020 , 722 
0x3E3E , 716 
0x4D4D , 744 
0x6E6E , 0 

11:09:46.953:
0x1C1C , 727 
0x2020 , 719 
0x3E3E , 718 
0x4D4D , 748 
0x6E6E , 706 

11:09:47.688:
0x1C1C , 725 

11:09:47.703:
0x2020 , 719 
0x3E3E , 722 
0x4D4D , 745 
0x6E6E , 0 

11:09:48.485:
0x1C1C , 723 
0x2020 , 718 
0x3E3E , 721 
0x4D4D , 751 
0x6E6E , 709 

11:09:49.250:
0x1C1C , 724 
0x2020 , 724 
0x3E3E , 723 
0x4D4D , 747 
0x6E6E , 0 

11:09:50.031:
0x1C1C , 726 
0x2020 , 718 
0x3E3E , 719 
0x4D4D , 742 
0x6E6E , 703 

11:09:50.781:
0x1C1C , 726 
0x2020 , 7
11:09:50.797:
19 
0x3E3E , 721 
0x4D4D , 744 
0x6E6E , 0 

11:09:51.578:
0x1C1C , 725 
0x2020 , 720 
0x3E3E , 720 
0x4D4D , 747 
0x6E6E , 706 

11:09:52.360:
0x1C1C , 726 
0x2020 , 719 
0x3E3E , 721 
0x4D4D , 746 
0x6E6E , 0 

11:09:53.157:
0x1C1C , 725 
0x2020 , 718 
0x3E3E , 722 
0x4D4D , 745 
0x6E6E , 707 

11:09:54.892:
0x1C1C , 724 
0x2020 , 722 
0x3E3E , 720 
0x4D4D , 750 
0x6E6E , 702 

11:09:55.626:
0x1C1C , 725 
0x2
11:09:55.642:
020 , 721 
0x3E3E , 720 
0x4D4D , 749 
0x6E6E , 0 

11:09:56.392:
0x1C1C , 723 
0x2020 , 719 
0x3E3E , 720 
0x4D4D , 747 
0x6E6E , 706 

11:09:57.142:
0x1C1C , 725 
0x2020 , 718 
0x3E3E , 720 
0x4D4D , 744 
0x6E6E , 0 

11:09:57.907:
0x1C1C , 725 
0x2020 , 725 
0x3E3E , 718 
0x4D4D , 738 
0x6E6E , 703 

11:09:58.642:
0x1C1C , 724 
0x2020 
11:09:58.657:
, 723 
0x3E3E , 720 
0x4D4D , 741 
0x6E6E , 0 

11:09:59.440:
0x1C1C , 726 
0x2020 , 715 
0x3E3E , 721 
0x4D4D , 743 
0x6E6E , 713 

11:10:00.205:
0x1C1C , 726 
0x2020 , 725 
0x3E3E , 722 
0x4D4D , 744 
0x6E6E , 0 

11:10:00.987:
0x1C1C , 726 
0x2020 , 723 
0x3E3E , 720 
0x4D4D , 742 
0x6E6E , 710 

11:10:01.737:
0x1C1C , 726 
0x2020
11:10:01.752:
 , 717 
0x3E3E , 716 
0x4D4D , 746 
0x6E6E , 0 

11:10:02.534:
0x1C1C , 726 
0x2020 , 717 
0x3E3E , 724 
0x4D4D , 746 
0x6E6E , 705 

11:10:03.315:
0x1C1C , 725 
0x2020 , 719 
0x3E3E , 718 
0x4D4D , 741 
0x6E6E , 0 

11:10:04.096:
0x1C1C , 727 
0x2020 , 0 
0x3E3E , 718 
0x4D4D , 744 
0x6E6E , 710 

11:10:05.846:
0x1C1C , 726 
0x2020 , 719 
0x3E3E , 721 
0x4D4D , 743 
0x6E6E , 707 

11:10:06.565:
0x1C1C , 722 
0x2020
11:10:06.581:
 , 716 
0x3E3E , 717 
0x4D4D , 753 
0x6E6E , 0 

11:10:07.331:
0x1C1C , 726 
0x2020 , 723 
0x3E3E , 717 
0x4D4D , 748 
0x6E6E , 705 

11:10:08.081:
0x1C1C , 726 
0x2020 , 720 
0x3E3E , 718 
0x4D4D , 746 
0x6E6E , 0 

11:10:08.846:
0x1C1C , 726 
0x2020 , 719 
0x3E3E , 719 
0x4D4D , 745 
0x6E6E , 710 

11:10:09.581:
0x1C1C , 728 
0x202
11:10:09.596:
0 , 720 
0x3E3E , 721 
0x4D4D , 742 
0x6E6E , 0 

11:10:10.362:
0x1C1C , 728 
0x2020 , 0 
0x3E3E , 719 
0x4D4D , 746 
0x6E6E , 704 

11:10:11.128:
0x1C1C , 722 
0x2020 , 716 
0x3E3E , 719 
0x4D4D , 748 
0x6E6E , 0 

11:10:11.878:
0x1C1C , 723 
0x2020 , 0 
0x3E3E , 718 
0x4D4D , 742 

11:10:11.893:
0x6E6E , 707 

11:10:12.643:
0x1C1C , 723 
0x2020 , 718 
11:10:12.659:

0x3E3E , 714 
0x4D4D , 741 
0x6E6E , 0 

11:10:13.440:
0x1C1C , 721 
0x2020 , 0 
0x3E3E , 721 
0x4D4D , 747 
0x6E6E , 705 

11:10:14.221:
0x1C1C , 723 
0x2020 , 714 
0x3E3E , 718 
0x4D4D , 748 
0x6E6E , 0 

11:10:14.987:
0x1C1C , 726 
0x2020 , 0 
0x3E3E , 718 
0x4D4D , 742 

11:10:15.003:
0x6E6E , 708 

11:10:16.753:
0x1C1C , 727 
0x2020 , 717 
0x3E3E , 715 
0x4D4D , 742 
0x6E6E , 708 

11:10:17.472:
0x1C1C , 722 
0
11:10:17.487:
x2020 , 717 
0x3E3E , 721 
0x4D4D , 746 
0x6E6E , 0 

11:10:18.253:
0x1C1C , 725 
0x2020 , 721 
0x3E3E , 718 
0x4D4D , 747 
0x6E6E , 704 

11:10:18.987:
0x1C1C , 722 
0x2020 , 718 
0x3E3E , 719 
0x4D4D , 746 
0x6E6E , 0 

11:10:20.722:
0x1C1C , 721 
0x2020 , 714 
0x3E3E , 718 
0x4D4D , 747 
0x6E6E , 0 

11:10:21.472:
0x1C1C , 724 
0x2020 , 0 
0x3E3E , 719 
0x4D4D , 743 
0x6E6E , 707 

11:10:22.237:
0x1C1C , 726 
0x2020 , 721 
0x3E3E , 719 
0x4D4D , 746 
0x6E6E , 0 

11:10:23.003:
0x1C1C , 723 
0x2020 , 0 
0x3E3E , 715 
0x4D4D , 747 
0x6E6E , 705 

11:10:23.753:
0x1C1C , 720 
0x2020 , 714 

11:10:23.768:
0x3E3E , 718 
0x4D4D , 748 
0x6E6E , 0 

11:10:24.550:
0x1C1C , 725 
0x2020 , 0 
0x3E3E , 719 
0x4D4D , 742 
0x6E6E , 707 

11:10:25.331:
0x1C1C , 721 
0x2020 , 719 
0x3E3E , 722 
0x4D4D , 746 
0x6E6E , 0 

11:10:26.097:
0x1C1C , 722 
0x2020 , 0 
0x3E3E , 716 
0x4D4D , 745 
0x
11:10:26.112:
6E6E , 710 

11:10:27.800:
0x1C1C , 730 
0x2020 , 718 
0x3E3E , 717 
0x4D4D , 745 
0x6E6E , 705 

11:10:28.519:
0x1C1C , 725 
0
11:10:28.534:
x2020 , 722 
0x3E3E , 718 
0x4D4D , 747 
0x6E6E , 0 

11:10:29.300:
0x1C1C , 726 
0x2020 , 720 
0x3E3E , 720 
0x4D4D , 745 
0x6E6E , 705 

11:10:30.050:
0x1C1C , 718 
0x2020 , 719 
0x3E3E , 717 
0x4D4D , 744 
0x6E6E , 0 

11:10:30.815:
0x1C1C , 725 
0x2020 , 718 
0x3E3E , 718 
0x4D4D , 744 
0x6E6E , 713 

11:10:31.550:
0x1C1C , 723 
0x202
11:10:31.565:
0 , 717 
0x3E3E , 720 
0x4D4D , 742 
0x6E6E , 0 

11:10:32.331:
0x1C1C , 721 
0x2020 , 0 
0x3E3E , 719 
0x4D4D , 745 
0x6E6E , 704 

11:10:33.097:
0x1C1C , 724 
0x2020 , 716 
0x3E3E , 719 
0x4D4D , 743 
0x6E6E , 0 

11:10:33.847:
0x1C1C , 721 
0x2020 , 0 
0x3E3E , 720 
0x4D4D , 747 

11:10:33.862:
0x6E6E , 707 

11:10:34.612:
0x1C1C , 724 
0x2020 , 71
11:10:34.628:
7 
0x3E3E , 719 
0x4D4D , 748 
0x6E6E , 0 

11:10:35.409:
0x1C1C , 721 
0x2020 , 0 
0x3E3E , 718 
0x4D4D , 745 
0x6E6E , 706 

11:10:36.191:
0x1C1C , 727 
0x2020 , 723 
0x3E3E , 719 
0x4D4D , 745 
0x6E6E , 0 

11:10:36.956:
0x1C1C , 720 
0x2020 , 0 
0x3E3E , 719 
0x4D4D , 742 
0x6
11:10:36.972:
E6E , 710 

11:10:38.659:
0x1C1C , 725 
0x2020 , 720 
0x3E3E , 719 
0x4D4D , 743 
0x6E6E , 706 

11:10:39.378:
0x1C1C , 726 
0x2020 ,
11:10:39.394:
 718 
0x3E3E , 719 
0x4D4D , 742 
0x6E6E , 0 

11:10:40.159:
0x1C1C , 726 
0x2020 , 716 
0x3E3E , 721 
0x4D4D , 751 
0x6E6E , 705 

11:10:40.909:
0x1C1C , 724 
0x2020 , 718 
0x3E3E , 717 
0x4D4D , 744 
0x6E6E , 0 

11:10:41.675:
0x1C1C , 721 
0x2020 , 721 
0x3E3E , 719 
0x4D4D , 746 
0x6E6E , 703 

11:10:42.409:
0x1C1C , 724 
0x2020
11:10:42.425:
 , 715 
0x3E3E , 719 
0x4D4D , 740 
0x6E6E , 0 

11:10:43.191:
0x1C1C , 722 
0x2020 , 0 
0x3E3E , 719 
0x4D4D , 744 
0x6E6E , 705 

11:10:43.956:
0x1C1C , 722 
0x2020 , 714 
0x3E3E , 717 
0x4D4D , 742 
0x6E6E , 0 

11:10:44.706:
0x1C1C , 724 
0x2020 , 0 
0x3E3E , 719 
0x4D4D , 747 
11:10:44.722:

0x6E6E , 707 

11:10:45.472:
0x1C1C , 722 
0x2020
11:10:45.487:
 , 720 
0x3E3E , 716 
0x4D4D , 742 
0x6E6E , 0 

11:10:46.269:
0x1C1C , 725 
0x2020 , 0 
0x3E3E , 717 
0x4D4D , 744 
0x6E6E , 705 

11:10:47.050:
0x1C1C , 726 
0x2020 , 715 
0x3E3E , 715 
0x4D4D , 751 
0x6E6E , 0 

11:10:47.816:
0x1C1C , 722 
0x2020 , 0 
0x3E3E , 719 
0x4D4D , 743 

11:10:47.831:
0x6E6E , 706 

11:10:49.571:
0x1C1C , 724 
0x2020 , 719 
0x3E3E , 716 
0x4D4D , 745 
0x6E6E , 705 

11:10:56.846:
0x1C1C , 724 
0x2020 , 719 
0x3E3E , 721 
0x4D4D , 743 
0x6E6E , 705 

11:10:57.582:
0x1C1C , 721 
0x2020 , 721 
0x3E3E , 721 
0x4D4D , 743 
0x6E6E , 0 

11:10:58.347:
0x1C1C , 719 
0x2020 , 719 
0x3E3E , 716 
0x4D4D , 742 
0x6E6E , 704 

11:10:59.082:
0x1C1C , 724 
0x2020 , 721 
0x3E3E , 717 
0x4D4D , 742 
11:10:59.097:

0x6E6E , 0 

11:10:59.847:
0x1C1C , 725 
0x2020 , 722 
0x3E3E , 717 
0x4D4D , 74
11:10:59.863:
2 
0x6E6E , 708 

11:11:00.629:
0x1C1C , 727 
0x2020 , 716 
0x3E3E , 719 
0x4D4D , 745 
0x6E6E , 0 

11:11:01.410:
0x1C1C , 720 
0x2020 , 718 
0x3E3E , 716 
0x4D4D , 739 
0x6E6E , 707 

11:11:02.160:
0x1C1C , 725 
0x2020 , 718 
0x3E3E , 717 
0x4D4D , 747 
0
11:11:02.175:
x6E6E , 0 

11:11:02.925:
0x1C1C , 727 
0x2020 , 0 
0x
11:11:02.941:
3E3E , 724 
0x4D4D , 743 
0x6E6E , 713 

11:11:03.722:
0x1C1C , 717 
0x2020 , 713 
0x3E3E , 717 
0x4D4D , 739 
0x6E6E , 0 

11:11:04.504:
0x1C1C , 725 
0x2020 , 0 
0x3E3E , 717 
0x4D4D , 742 
0x6E6E , 706 

11:11:05.285:
0x1C1C , 724 
0x2020 , 723 
0x3E3E , 713 
0x4D4D , 744 
0x6E6E , 0 

11:11:06.988:
0x1C1C , 725 
0x
11:11:07.004:
2020 , 712 
0x3E3E , 719 
0x4D4D , 741 
0x6E6E , 0 

11:11:07.754:
0x1C1C , 724 
0x2020 , 0 
0x3E3E , 720 
0x4D4D , 745 
0x6E6E , 711 

11:11:08.488:
0x1C1C , 727 
0x2020 , 717 
0x3E3E , 718 
0x4D4D , 748 
0x6E6E , 0 

11:11:09.238:
0x1C1C , 728 
0x2020 , 0 
0x3E3E , 720 
0x4D4D , 743 
0x6E6E , 709 

11:11:09.988:
0x1C1C , 724 
0x2020 , 724 
0x3E3E , 719 
0x4D4D , 7
11:11:10.004:
42 
0x6E6E , 0 

11:11:10.738:
0x1C1C , 724 
0
11:11:10.754:
x2020 , 0 
0x3E3E , 719 
0x4D4D , 743 
0x6E6E , 709 

11:11:11.519:
0x1C1C , 721 
0x2020 , 717 
0x3E3E , 717 
0x4D4D , 749 
0x6E6E , 0 

11:11:12.879:
0x1C1C , 0 
0x2020 , 0 

11:11:12.894:
0x3E3E , 0 
0x4D4D , 0 
0x6E6E , 0 

11:11:13.676:
0x1C1C , 725 
0x2020 , 716 
0x3E3E , 720 
0x4D4D , 744 
0x6E6E , 707 

11:11:14.426:
0x1C1C , 724 
0x2020 , 0 
0x3E3E , 718 
0x4D4D , 748 
0x6E6E , 0 

11:11:15.191:
0x1C1C , 722 
0x2020 , 717 

11:11:15.207:
0x3E3E , 723 
0x4D4D , 745 
0x6E6E , 706 

11:11:15.957:
0x1C1C , 727 
0x2020 , 0 
0x3E3E , 0 

11:11:15.972:
0x4D4D , 0 
0x6E6E , 0 

11:11:16.722:
0x1C1C , 0 
0x2020 , 0 
0x3E3E , 715 
0x4D4D , 0 
0x6E6E , 0 

11:11:18.363:
0x1C1C , 726 
0x2020 , 724 
0x3E3E , 718 
0x4D4D , 747 
0x6E6E , 0 

11:11:19.082:
0x1C1C , 726 
0x2020 
11:11:19.098:
, 0 
0x3E3E , 721 
0x4D4D , 744 
0x6E6E , 712 

11:11:19.848:
0x1C1C , 726 
0x2020 , 714 
0x3E3E , 720 
0x4D4D , 741 
0x6E6E , 0 

11:11:20.598:
0x1C1C , 723 
0x2020 , 0 
0x3E3E , 716 
0x4D4D , 743 
0x6E6E , 705 

11:11:21.333:
0x1C1C , 719 
0x2020 , 719 
0x3E3E , 713 
0x4D4D , 
11:11:21.348:
742 
0x6E6E , 0 

11:11:22.083:
0x1C1C , 722 

11:11:22.098:
0x2020 , 0 
0x3E3E , 719 
0x4D4D , 747 
0x6E6E , 705 

11:11:22.864:
0x1C1C , 722 
0x2020 , 712 
0x3E3E , 717 
0x4D4D , 736 
0x6E6E , 0 

11:11:23.630:
0x1C1C , 722 
0x2020 , 0 
0x3E3E , 719 
0x4D4D , 745 
0x6E6E , 708 

11:11:24.380:
0x1C1C , 723 
0x2020 , 718 
0x3E3E , 714 
0x4D4D , 744 

11:11:24.395:
0x6E6E , 0 

11:11:25.145:
0x1C1C , 719 
0x2020 , 0 

11:11:25.161:
0x3E3E , 712 
0x4D4D , 743 
0x6E6E , 709 

11:11:25.942:
0x1C1C , 721 
0x2020 , 719 
0x3E3E , 719 
0x4D4D , 742 
0x6E6E , 0 

11:11:26.723:
0x1C1C , 727 
0x2020 , 0 
0x3E3E , 717 
0x4D4D , 742 
0x6E6E , 702 

11:11:27.489:
0x1C1C , 724 
0x2020 , 717 
0x3E3E , 716 
0x4D4D , 742 

11:11:27.505:
0x6E6E , 0 

11:11:29.208:
0x1C1C , 724 
0x2020 , 717 
0x3E3E , 718 
0x4D4D
11:11:29.223:
 , 742 
0x6E6E , 0 

11:11:38.927:
0x1C1C , 0 
0x2020 , 0 
0x3E3E , 0 
0x4D4D , 0 
0x6E6E , 0 

11:11:39.692:
0x1C1C , 725 
0x2020 , 723 
0x3E3E , 721 
0x4D4D , 747 
0x6E6E , 706 

11:11:40.411:
0x1C1C , 725 
0x2
11:11:40.427:
020 , 0 
0x3E3E , 715 
0x4D4D , 740 
0x6E6E , 0 

11:11:41.177:
0x1C1C , 726 
0
11:11:41.192:
x2020 , 716 
0x3E3E , 719 
0x4D4D , 744 
0x6E6E , 711 

11:11:41.911:
0x1C1C , 722 
0x2020 , 0 
0x3E3E , 0 
0x4D4D , 0
11:11:41.927:
 
0x6E6E , 0 

11:11:42.661:
0x1C1C , 0 
0x2020 , 0 
0x3E3E , 720 
0x4D4D , 0 
0x6E6E , 0 

11:11:43.395:
0x1C1C , 0 
0x2020 , 0 
0x3E3E , 718 
0x4D4D , 0 
0x6E6E , 0 

11:11:44.146:
0x1C1C , 723 
0x2020 , 719 

11:11:44.161:
0x3E3E , 717 
0x4D4D , 744 
0x6E6E , 0 

11:11:44.942:
0x1C1C , 726 
0x2020 , 0 
0x3E3E , 717 
0x4D4D , 749 
0x6E6E , 711 

11:11:45.724:
0x1C1C , 724 
0x2020 , 719 
0x3E3E , 717 
0x4D4D , 745 
0x6E6E , 0 

11:11:46.505:
0x1C1C , 723 
0x2020 , 0 
0x3E3E , 716 
0x4D4D , 741 
0x6E6E , 706 

11:11:48.178:
0x1C1C , 722 
0x2020 , 0 
0x3E3E , 717 
0x4D4D , 743 
0x6E6E , 708 

11:11:48.897:
0x1C1C , 724 
0x2
11:11:48.912:
020 , 721 
0x3E3E , 717 
0x4D4D , 740 
0x6E6E , 0 

11:11:49.662:
0x1C1C , 723 
0x2020 , 0 
0x3E3E , 718 
0x4D4D , 742 
0x6E6E , 706 

11:11:50.412:
0x1C1C , 724 
0x2020 , 718 
0x3E3E , 718 
0x4D4D , 746 
0x6E6E , 0 

11:11:51.147:
0x1C1C , 724 
0x2020 , 0 
0x3E3E , 719 
0x4D4D , 743 

11:11:51.162:
0x6E6E , 707 

11:11:51.897:
0x1C1C , 724 
0x2020 
11:11:51.912:
, 711 
0x3E3E , 714 
0x4D4D , 745 
0x6E6E , 0 

11:11:52.678:
0x1C1C , 723 
0x2020 , 0 
0x3E3E , 716 
0x4D4D , 743 
0x6E6E , 707 

11:11:53.444:
0x1C1C , 728 
0x2020 , 714 
0x3E3E , 718 
0x4D4D , 746 
0x6E6E , 0 

11:11:54.194:
0x1C1C , 722 
0x2020 , 0 
0x3E3E , 713 
11:11:54.210:

0x4D4D , 747 
0x6E6E , 702 

11:11:54.960:
0x1C1C , 
11:11:54.991:
722 
0x2020 , 714 
0x3E3E , 714 
0x4D4D , 746 
0x6E6E , 0 

11:11:55.756:
0x1C1C , 721 
0x2020 , 0 
0x3E3E , 719 
0x4D4D , 744 
0x6E6E , 707 

11:11:56.538:
0x1C1C , 726 
0x2020 , 719 
0x3E3E , 715 
0x4D4D , 742 
0x6E6E , 0 

11:11:57.303:
0x1C1C , 724 
0x2020 , 0 
0x3E3E , 717 
0x4D4D , 747 

11:11:57.319:
0x6E6E , 706 

11:11:59.007:
0x1C1C , 722 
0x2020 , 0 
0x3E3E , 714 
0x4D4D , 741 
0x6E6E , 711 

11:11:59.725:
0x1C1C , 727 
0x2020 
11:11:59.741:
, 720 
0x3E3E , 716 
0x4D4D , 741 
0x6E6E , 0 

11:12:00.491:
0x1C1C , 728 
0x2020 , 0 
0x3E3E , 719 
0x4D4D , 744 
0x6E6E , 708 

11:12:01.226:
0x1C1C , 725 
0x2020 , 712 
0x3E3E , 715 
0x4D4D , 750 
0x6E6E , 0 

11:12:01.976:
0x1C1C , 727 
0x2020 , 0 
0x3E3E , 713 
0x4D4D , 744 
11:12:01.992:

0x6E6E , 704 

11:12:02.726:
0x1C1C , 725 
0x20
11:12:02.742:
20 , 717 
0x3E3E , 718 
0x4D4D , 742 
0x6E6E , 0 

11:12:03.507:
0x1C1C , 724 
0x2020 , 0 
0x3E3E , 714 
0x4D4D , 742 
0x6E6E , 708 

11:12:04.257:
0x1C1C , 725 
0x2020 , 716 
0x3E3E , 716 
0x4D4D , 742 
0x6E6E , 0 

11:12:05.023:
0x1C1C , 726 
0x2020 , 0 
0x3E3E , 717 
0x4D4D , 741 

11:12:05.039:
0x6E6E , 704 

11:12:05.789:
0x1C1C , 728 
0x2020 , 720 

11:12:05.804:
0x3E3E , 713 
0x4D4D , 744 
0x6E6E , 0 

11:12:06.585:
0x1C1C , 725 
0x2020 , 0 
0x3E3E , 717 
0x4D4D , 740 
0x6E6E , 708 

11:12:07.351:
0x1C1C , 721 
0x2020 , 713 
0x3E3E , 717 
0x4D4D , 743 
0x6E6E , 0 

11:12:08.132:
0x1C1C , 722 
0x2020 , 0 
0x3E3E , 718 
0x4D4D , 746 

11:12:08.148:
0x6E6E , 708 

11:12:09.882:
0x1C1C , 726 
0x2020 , 718 
0x3E3E , 719 
0x4D4D , 745 
0x6E6E , 704 

11:12:10.617:
0x1C1C , 726 
0x2020 , 0 
0x3E3E , 719 
0x4D4D , 746 
0x6E6E , 0 

11:12:11.351:
0x1C1C , 724 
0x2
11:12:11.367:
020 , 715 
0x3E3E , 714 
0x4D4D , 747 
0x6E6E , 702 

11:12:12.086:
0x1C1C , 7
11:12:12.101:
21 
0x2020 , 0 
0x3E3E , 718 
0x4D4D , 745 
0x6E6E , 0 

11:12:12.851:
0x1C1C , 725 
0x2020 , 717 
0x3E3E , 714 

11:12:12.867:
0x4D4D , 748 
0x6E6E , 707 

11:12:13.617:
0x1C1C , 725 
0x2020 , 0 
0x3E3E , 718 
0x4D4D , 745 
0x6E6E , 0 

11:12:14.367:
0x1C1C , 726 
0x2020 , 722 

11:12:14.382:
0x3E3E , 719 
0x4D4D , 750 
0x6E6E , 710 

11:12:15.117:
0x1C1C , 723 
0x2020 ,
11:12:15.132:
 0 
0x3E3E , 715 
0x4D4D , 742 
0x6E6E , 0 

11:12:15.898:
0x1C1C , 728 
0x2020 , 718 
0x3E3E , 719 
0x4D4D , 739 

11:12:15.914:
0x6E6E , 701 

11:12:16.679:
0x1C1C , 726 
0x2020 , 0 
0x3E3E , 715 
0x4D4D , 742 
0x6E6E , 0 

11:12:17.445:
0x1C1C , 724 
0x2020 , 717 

11:12:17.461:
0x3E3E , 717 
0x4D4D , 746 
0x6E6E , 705 

11:12:18.211:
0x1C1C , 725 
0x2020 , 0 

11:12:18.226:
0x3E3E , 719 
0x4D4D , 738 
0x6E6E , 0 

11:12:19.023:
0x1C1C , 727 
0x2020 , 720 
0x3E3E , 719 
0x4D4D , 743 
0x6E6E , 706 

11:12:20.711:
0x1C1C , 722 
0x2020 , 716 
0x3E3E , 717 
0x4D4D , 747 
0x6E6E , 706 

11:12:21.445:
0x1C1C , 724 
0x2020 , 0 
0x3E3E , 716 
0x4D4D , 749 
0x6E6E , 0 

11:12:22.180:
0x1C1C , 724 
0x2020
11:12:22.196:
 , 715 
0x3E3E , 720 
0x4D4D , 738 
0x6E6E , 706 

11:12:22.915:
0x1C1C , 724 
11:12:22.930:

0x2020 , 0 
0x3E3E , 713 
0x4D4D , 747 
0x6E6E , 0 

11:12:23.680:
0x1C1C , 724 
0x2020 , 723 
0x3E3E , 713 

11:12:23.696:
0x4D4D , 742 
0x6E6E , 709 

11:12:24.446:
0x1C1C , 727 
0x2020 , 0 
0x3E3E , 720 
0x4D4D , 745 
0x6E6E , 0 

11:12:25.196:
0x1C1C , 724 
0x2020 , 719 
0x3
11:12:25.211:
E3E , 718 
0x4D4D , 742 
0x6E6E , 708 

11:12:25.946:
0x1C1C , 726 
0x2020 , 0 
11:12:25.961:

0x3E3E , 718 
0x4D4D , 740 
0x6E6E , 0 

11:12:26.743:
0x1C1C , 722 
0x2020 , 718 
0x3E3E , 718 
0x4D4D , 744 
0x6E6E , 711 

11:12:27.508:
0x1C1C , 721 
0x2020 , 0 
0x3E3E , 716 
0x4D4D , 747 
0x6E6E , 0 

11:12:28.274:
0x1C1C , 720 
0x2020 , 717 
11:12:28.290:

0x3E3E , 715 
0x4D4D , 742 
0x6E6E , 707 

11:12:29.040:
0x1C1C , 724 
0x2020 , 0 
11:12:29.055:

0x3E3E , 714 
0x4D4D , 742 
0x6E6E , 0 

11:12:29.853:
0x1C1C , 720 
0x2020 , 720 
0x3E3E , 717 
0x4D4D , 750 
0x6E6E , 711 

11:12:31.525:
0x1C1C , 727 
0x2020 , 0 
0x3E3E , 716 
0x4D4D , 743 
0x6E6E , 703 

11:12:32.244:
0x1C1C , 723 
0x2020
11:12:32.275:
 , 716 
0x3E3E , 716 
0x4D4D , 743 
0x6E6E , 0 

11:12:33.010:
0x1C1C , 719 
0x2020 , 0 
0x3E3E , 724 
0x4D4D , 743 
0x6E6E , 707 

11:12:33.760:
0x1C1C , 725 
0x2020 , 719 
0x3E3E , 724 
0x4D4D , 737 
0x6E6E , 0 

11:12:34.525:
0x1C1C , 731 
0x2020 , 720 
0x3E3E , 714 
0x4D4D , 740 
0x6E6E , 704 

11:12:35.275:
0x1C1C , 724 
0x2020 , 0 
0x3E3E , 718 
0x4D4D , 742 
0x6E6E , 0 

11:12:36.025:
0x1C1C , 727 
0x2020 , 714
11:12:36.041:
 
0x3E3E , 714 
0x4D4D , 748 
0x6E6E , 713 

11:12:36.775:
0x1C1C , 723 
0x202
11:12:36.791:
0 , 0 
0x3E3E , 716 
0x4D4D , 744 
0x6E6E , 0 

11:12:37.557:
0x1C1C , 725 
0x2020 , 713 
0x3E3E , 715 
0x4D4D , 746 

11:12:37.572:
0x6E6E , 710 

11:12:38.338:
0x1C1C , 721 
0x2020 , 0 
0x3E3E , 715 
0x4D4D , 747 
0x6E6E , 0 

11:12:39.104:
0x1C1C , 724 
0x2020 , 726 
11:12:39.119:

0x3E3E , 712 
0x4D4D , 745 
0x6E6E , 711 

11:12:39.869:
0x1C1C , 726 
0x2020 , 0
11:12:39.885:
 
0x3E3E , 713 
0x4D4D , 735 
0x6E6E , 0 

11:12:40.682:
0x1C1C , 722 
0x2020 , 716 
0x3E3E , 716 
0x4D4D , 742 
0x6E6E , 709 

11:12:42.385:
0x1C1C , 720 
0x2020 , 713 
0x3E3E , 713 
0x4D4D , 738 
0x6E6E , 707 

11:12:43.119:
0x1C1C , 722 
0x2020 , 0 
0x3E3E , 715 
0x4D4D , 742 
0x6E6E , 0 

11:12:43.855:
0x1C1C , 727 
0x2020
11:12:43.870:
 , 716 
0x3E3E , 716 
0x4D4D , 744 
0x6E6E , 711 

11:12:53.591:
0x1C1C , 0 
0x2020 , 0 
0x3E3E , 0 
0x4D4D , 0 
0x6E6E , 0 

11:12:54.325:
0x1C1C , 722 
0x2020 , 0 

11:12:54.341:
0x3E3E , 718 
0x4D4D , 741 
0x6E6E , 706 

11:12:55.077:
0x1C1C , 722 
0x2020 , 0 
0x3E3E , 713 
0x4D4D , 743 
11:12:55.092:

0x6E6E , 0 

11:12:55.858:
0x1C1C , 719 
0x2020 , 0 
0x3E3E , 717 
0x4D4D , 749 
0x6E6E , 708 

11:12:56.608:
0x1C1C , 726 
0x2020 , 719 
0x3E3E , 714 
0x4D4D , 740 

11:12:56.624:
0x6E6E , 0 

11:12:57.374:
0x1C1C , 719 
0x2020 , 0 

11:12:57.389:
0x3E3E , 716 
0x4D4D , 738 
0x6E6E , 712 

11:12:58.170:
0x1C1C , 725 
0x2020 , 716 
0x3E3E , 715 
0x4D4D , 747 
0x6E6E , 0 

11:12:58.952:
0x1C1C , 723 
0x2020 , 0 
0x3E3E , 713 
0x4D4D , 739 
0x6E6E , 709 

11:12:59.733:
0x1C1C , 725 
0x2020 , 714 
0x3E3E , 712 
0x4D4D , 740 
0x6E6E , 0 

11:13:01.405:
0x1C1C , 724 
0x2020 , 719 
0x3E3E , 715 
0x4D4D , 747 
0x6E6E , 0 

11:13:02.124:
0x1C1C , 725 
0x2
11:13:02.139:
020 , 0 
0x3E3E , 715 
0x4D4D , 745 
0x6E6E , 706 

11:13:02.896:
0x1C1C , 722 
0x2020 , 713 
0x3E3E , 716 
0x4D4D , 741 
0x6E6E , 0 

11:13:03.646:
0x1C1C , 725 
0x2020 , 0 
0x3E3E , 716 
0x4D4D , 742 
0x6E6E , 705 

11:13:04.381:
0x1C1C , 728 
0x2020 , 713 
0x3E3E , 717 
0x4D4D ,
11:13:04.396:
 742 
0x6E6E , 0 

11:13:05.131:
0x1C1C , 726 

11:13:05.146:
0x2020 , 0 
0x3E3E , 714 
0x4D4D , 744 
0x6E6E , 704 

11:13:05.912:
0x1C1C , 727 
0x2020 , 712 
0x3E3E , 715 
0x4D4D , 744 
0x6E6E , 0 

11:13:06.678:
0x1C1C , 724 
0x2020 , 0 
0x3E3E , 719 
0x4D4D , 751 
0x6E6E , 703 

11:13:07.445:
0x1C1C , 723 
0x2020 , 717 
0x3E3E , 712 
0x4D4D , 743 
0x6E6E , 0 
