11:26:08.017:
0x1C1C , 845 
0x2020 , 826 
0x3E3E , 847 
0x4D4D , 867 
0x6E6E , 819 

11:26:08.799:
0x1C1C , 840 
0x2020 , 825 
0x3E3E , 843 
0x4D4D , 854 
0x6E6E , 0 

11:26:09.564:
0x1C1C , 845 
0x2020 , 0 
0x3E3E , 841 

11:26:09.580:
0x4D4D , 849 
0x6E6E , 825 

11:26:11.252:
0x1C1C , 843 
0x2020 , 0 
0x3E3E , 844 
0x4D4D , 854 
0x6E6E , 823 

11:26:11.986:
0x1C1C , 846 
0x2020 , 0 
0x3E3E , 841 
0x4D4D , 862 
0x6E6E , 0 

11:26:12.721:
0x1C1C , 844 
0x2020 , 8
11:26:12.736:
25 
0x3E3E , 841 
0x4D4D , 858 
0x6E6E , 825 

11:26:13.455:
0x1C1C , 845 

11:26:13.471:
0x2020 , 0 
0x3E3E , 842 
0x4D4D , 855 
0x6E6E , 0 

11:26:14.205:
0x1C1C , 848 

11:26:14.221:
0x2020 , 0 
0x3E3E , 840 
0x4D4D , 857 
0x6E6E , 825 

11:26:14.987:
0x1C1C , 842 
0x2020 , 827 
0x3E3E , 841 
0x4D4D , 855 
0x6E6E , 0 

11:26:15.753:
0x1C1C , 841 
0x2020 , 0 
0x3E3E , 842 
0x4D4D , 855 
0x6E6E , 828 

11:26:16.487:
0x1C1C , 847 
0x2020 , 0 
0x3E3E , 845 
0x4D4D , 85
11:26:16.503:
4 
0x6E6E , 0 

11:26:17.284:
0x1C1C , 845 
0x2020 , 821 
0x3E3E , 845 
0x4D4D , 863 
0x6E6E , 824 

11:26:18.034:
0x1C1C , 844 
0x2020 , 0 
0x3E3E , 842 
0x4D4D , 858 
0x6E6E , 0 

11:26:18.800:
0x1C1C , 840 
0x2020 , 827 

11:26:18.816:
0x3E3E , 842 
0x4D4D , 853 
0x6E6E , 827 

11:26:19.566:
0x1C1C , 851 
0x2020 , 0 
0x3
11:26:19.581:
E3E , 840 
0x4D4D , 858 
0x6E6E , 0 

11:26:20.394:
0x1C1C , 839 
0x2020 , 826 
0x3E3E , 841 
0x4D4D , 855 
0x6E6E , 823 

11:26:22.050:
0x1C1C , 839 
0x2020 , 822 
0x3E3E , 843 
0x4D4D , 854 

11:26:22.066:
0x6E6E , 824 

11:26:22.800:
0x1C1C , 847 
0x2020 , 0 
0x3E3E , 844 
0x4D4D , 856 
0x6E6E , 0 

11:26:23.535:
0x1C1C , 841 
0x2020 , 8
11:26:23.550:
28 
0x3E3E , 841 
0x4D4D , 854 
0x6E6E , 824 

11:26:24.269:
0x1C1C , 844 
0x
11:26:24.284:
2020 , 0 
0x3E3E , 841 
0x4D4D , 855 
0x6E6E , 0 

11:26:25.035:
0x1C1C , 840 
0x2020 , 816 
0x3E3E , 839 
0x4D4D
11:26:25.050:
 , 859 
0x6E6E , 828 

11:26:25.801:
0x1C1C , 844 
0x2020 , 0 
0x3E3E , 842 
0x4D4D , 854 
0x6E6E , 0 

11:26:26.551:
0x1C1C , 844 
0x2020 , 824 

11:26:26.566:
0x3E3E , 839 
0x4D4D , 856 
0x6E6E , 825 

11:26:27.301:
0x1C1C , 837 
0x2020
11:26:27.316:
 , 0 
0x3E3E , 840 
0x4D4D , 858 
0x6E6E , 0 

11:26:28.067:
0x1C1C , 846 
0x2020 , 0
11:26:28.082:
 
0x3E3E , 840 
0x4D4D , 854 
0x6E6E , 824 

11:26:28.863:
0x1C1C , 842 
0x2020 , 829 
0x3E3E , 843 
0x4D4D , 851 
0x6E6E , 0 

11:26:29.629:
0x1C1C , 840 
0x2020 , 0 
0x3E3E , 838 
0x4D4D , 860 
0x6E6E , 823 

11:26:30.410:
0x1C1C , 844 
0x2020 , 819 
0x3E3E , 840 
0x4D4D , 857 
0x6E6E , 0 

11:26:31.192:
0x1C1C , 844 
0x2020 , 0 
0x3E3E , 841 
0x4D4D , 857 
0x6E6E , 822 

11:26:32.910:
0x1C1C , 848 
0x2020 , 0 
0x3E3E , 842 
0x4D4
11:26:32.926:
D , 855 
0x6E6E , 822 

11:26:33.645:
0x1C1C , 84
11:26:33.660:
4 
0x2020 , 820 
0x3E3E , 843 
0x4D4D , 853 
0x6E6E , 0 

11:26:34.410:
0x1C1C , 843 
0x2020 , 0 
0x3E3E , 838 
0x4D4D , 854 
0x6E6E , 825 

11:26:35.160:
0x1C1C , 840 
0x2020 , 823 
0x3E3E , 834 
0x4D4D , 860 
0x6E6E , 0 

11:26:35.895:
0x1C1C , 842 
0x2020 , 0 
0x3E3E , 839 
0x4D4D , 857 
11:26:35.910:

0x6E6E , 828 

11:26:36.660:
0x1C1C , 847 
0x2020 , 0 
0x3E3E , 841 
0x4D4D , 851 
0x6E6E , 0 

11:26:37.410:
0x1C1C , 845 
0x2020 , 825 

11:26:37.426:
0x3E3E , 839 
0x4D4D , 858 
0x6E6E , 826 

11:26:38.160:
0x1C1C , 845 
0x2020 , 0 
11:26:38.176:

0x3E3E , 838 
0x4D4D , 866 
0x6E6E , 0 

11:26:38.942:
0x1C1C , 841 
0x2020 , 825 
0x3E3E , 839 
0x4D4D , 866 
0
11:26:38.957:
x6E6E , 825 

11:26:39.724:
0x1C1C , 842 
0x2020 , 0 
0x3E3E , 838 
0x4D4D , 853 
0x6E6E , 0 

11:26:40.489:
0x1C1C , 844 
0x2020 , 830 
0x3E3E , 839 
0x4D4D , 853 
0x6E6E , 0 

11:26:41.271:
0x1C1C , 843 
0x2020 , 0 
0x3E3E , 842 
0x4D4D , 856 
0x6E6E , 822 

11:26:42.021:
0x1C1C , 847 
0x2020 , 0 

11:26:42.036:
0x3E3E , 841 
0x4D4D , 851 
0x6E6E , 0 

11:26:43.756:
0x1C1C , 855 
0x20
11:26:43.771:
20 , 827 
0x3E3E , 842 
0x4D4D , 868 
0x6E6E , 0 

11:26:44.506:
0x1C1C , 839 
0x2020 , 0 
0x3E3E , 836 
0x4D4D , 855 
0x6E6E , 830 

11:26:45.256:
0x1C1C , 857 
0x2020 , 825 
0x3E3E , 846 
0x4D4D , 867 
0x6E6E , 0 

11:26:46.006:
0x1C1C , 846 
0x2020 , 0 
0x3E3E , 845 
0x4D4D , 861 
0x6E6E , 830 

11:26:46.725:
0x1C1C , 841 
0x2020 , 
11:26:46.740:
825 
0x3E3E , 836 
0x4D4D , 0 
0x6E6E , 0 

11:26:47.459:
0x1C1C , 851 
0x2020 , 0 
0x3E3E , 848 
0x4
11:26:47.475:
D4D , 0 
0x6E6E , 0 

11:26:48.240:
0x1C1C , 842 
0x2020 , 0 
0x3E3E , 839 
0x4D4D , 865 
0x6E6E , 831 

11:26:48.975:
0x1C1C , 854 
0x2020 , 0 
0x3E3E , 836 
0x4D4D , 867 

11:26:48.990:
0x6E6E , 0 

11:26:49.725:
0x1C1C , 848 
0x2020 , 0
11:26:49.740:
 
0x3E3E , 844 
0x4D4D , 855 
0x6E6E , 0 

11:26:50.490:
0x1C1C , 839 
0x2020 , 0 
0x3E3E , 0 
0x4D4D , 0 
0x6E6E , 0 

11:26:51.225:
0x1C1C , 0 
0x2020 , 0 
0x3E3E , 835 
0x4D4D , 0 
0x6E6E 
11:26:51.240:
, 828 

11:26:51.975:
0x1C1C , 0 
0x2020 , 0 
0x3E3E , 836 
0x4D4D , 0 
0x6E6E , 0 

11:26:52.726:
0x1C1C , 842 
0x2020 , 0 
0x3E3E ,
11:26:52.742:
 843 
0x4D4D , 847 
0x6E6E , 0 

11:26:54.382:
0x1C1C , 845 
0x2020 , 0 
0x3E3E ,
11:26:54.398:
 0 
0x4D4D , 0 
0x6E6E , 0 

11:26:55.085:
0x1C1C , 0 
0x2020 , 0 

11:26:55.101:
0x3E3E , 842 
0x4D4D , 0 
0x6E6E , 0 

11:26:55.804:
0x1C1C , 0 
0x202
11:26:55.820:
0 , 0 
0x3E3E , 844 
0x4D4D , 0 
0x6E6E , 839 

11:26:56.539:
0x1C1C , 849 

11:26:56.554:
0x2020 , 0 
0x3E3E , 846 
0x4D4D , 864 
0x6E6E , 0 

11:26:57.289:
0x1C1C , 848 
0
11:26:57.304:
x2020 , 0 
0x3E3E , 848 
0x4D4D , 860 
0x6E6E , 836 

11:26:58.055:
0x1C1C , 850 
0x2020 , 0 
0x3E3E , 846 
0x4D4D , 863 
0x6E6E , 0 

11:26:58.790:
0
11:26:58.821:
x1C1C , 844 
0x2020 , 0 
0x3E3E , 840 
0x4D4D , 866 
0x6E6E , 833 

11:26:59.555:
0x1C1C , 857 
0x2020 , 0 
0x3E3E , 846 
0x4D4D , 870 
11:26:59.571:

0x6E6E , 0 

11:27:00.305:
0x1C1C , 853 
0x2020 
11:27:00.321:
, 0 
0x3E3E , 845 
0x4D4D , 895 
0x6E6E , 0 

11:27:01.071:
0x1C1C , 850 
0x2020 , 0 
0x3E3E , 0 
0x4D4D , 0 
0x6E6E , 0 

11:27:01.790:
0x1C1C , 0 
0x2020 ,
11:27:01.805:
 0 
0x3E3E , 841 
0x4D4D , 0 
0x6E6E , 0 

11:27:02.555:
0x1C1C , 0 
0x2020 , 0 
0x3E3E , 0 
0x4D4D , 0 
0x6E6E , 829 

11:27:03.274:
0x1C1C , 0 
0x2020 , 0 
0x3E3E , 0 
0x4D4D , 0 
0x6E6E 
11:27:03.290:
, 0 

11:27:04.931:
0x1C1C , 842 
0x2020 , 0 
0x3E3
11:27:04.946:
E , 836 
0x4D4D , 875 
0x6E6E , 830 

11:27:05.681:
0x1C1C , 848 
0x2020 , 0 
0x3E3E , 833 
0x4D4D , 860 
0x6E6E , 0 

11:27:06.384:
0x1C1C , 845 
0x2020 , 0 
0x3E3E , 0 
0x4D4
11:27:06.399:
D , 884 
0x6E6E , 0 

11:27:08.463:
0x1C1C , 850 

11:27:08.478:
0x2020 , 0 
0x3E3E , 841 
0x4D4D , 864 
0x6E6E , 0 

11:27:09.244:
0x1C1C , 845 
0x2020 , 0 
0x3E3E , 839 
0x4D4D , 872 
0x6E6E , 821 

11:27:09.994:
0x1C1C , 843 
0x2020 , 0 
0x3E3E , 838 
0x4D4D , 864 
0x6E6E , 0 

11:27:10.728:
0x1C1C , 853 
0x2020 , 0 
0x3E3E , 841 
0x4D4D , 859 
11:27:10.744:

0x6E6E , 0 

11:27:11.494:
0x1C1C , 846 
0x2020 , 0 
0x3E3E , 840 
0x4D4D , 878 
11:27:11.509:

0x6E6E , 826 

11:27:12.275:
0x1C1C , 848 
0x2020 , 0 
0x3E3E , 838 
0x4D4D , 873 
0x6E6E , 0 

11:27:13.010:
0x1C1C , 840 
0x2020 , 0 
0x3E3E , 841 
0x4D4D , 0 

11:27:13.025:
0x6E6E , 0 

11:27:13.775:
0x1C1C , 844 
0x2020 , 0 
0x3E3E , 841 
0x4D4D , 0 
0x6E6
11:27:13.791:
E , 826 

11:27:14.541:
0x1C1C , 849 
0x2020 , 0 
0x3E3E , 0 
0x4D4D , 865 
0x6E6E , 0 

11:27:16.197:
0x1C1C , 844 
0x2020 , 0 

11:27:16.213:
0x3E3E , 843 
0x4D4D , 852 
0x6E6E , 829 

11:27:16.947:
0x1C1C , 847 
0x2020 , 0 
0x3E3E , 841 
0x4D4D , 858 
0x6E6E , 0 

11:27:17.650:
0x1C1C , 843 
0x2020 , 0 
0x3E3E , 0 
0x4D4
11:27:17.666:
D , 867 
0x6E6E , 0 

11:27:18.416:
0x1C1C , 847 
0x2020 , 0 
0x3E3E , 844 
0x4D4D , 860 
0x6E6E , 818 

11:27:20.666:
0x1C1C , 846 
0x2020 , 0 
0x3E3E , 0 
0x4D4D , 865 
0x6E6E , 822 

11:27:21.416:
0x1C1C , 847 
0x2020 , 0 
0x3E3E , 841 
0x4D4D , 859 
0x6E6E , 0 

11:27:22.151:
0x1C1C , 851 
0x2020 , 0 
0x3E3E , 839 
0x4D4D , 861 
0x
11:27:22.166:
6E6E , 0 

11:27:22.932:
0x1C1C , 844 
0x2020 , 0 
0x3E3E , 842 
0x4D4D , 860 
0x6E6E , 824 

11:27:23.698:
0x1C1C , 842 
0x2020 , 0 
0x3E3E , 837 
0x4D4D , 862 
0x6E6E , 0 

11:27:24.448:
0x1C1C , 852 
0x2020 , 0 
0x3E3E , 841 
0x4D4D , 866 
0x6E6E , 0 

11:27:25.229:
0x1C1C , 846 
0x2020 , 0 
0x3E3E , 842 
0x4D4D , 860 
0x6E6E , 821 

11:27:25.979:
0x1C1C , 842 
0x2020 , 0 

11:27:25.994:
0x3E3E , 839 
0x4D4D , 848 
0x6E6E , 0 

11:27:27.666:
0x1C1C , 848 
0x2020 , 0 
0x3E3E , 0 
0x4D4D , 873 
0x6E6E , 817 

11:27:28.385:
0x1C1C , 843 
0x2020 , 0 
0x3E3E , 835 
0x4D4D , 872 
0x6E6E , 0 

11:27:29.120:
0x1C1C , 846 
0x2020 , 0 
0x3E3E , 839 
0x4D4D , 862 
0x6E6E , 0 

11:27:29.870:
0x1C1C , 841 
0x2020 , 0 
0x3E3E , 839 
0x4D4D , 861 
0x6E6E , 826 

11:27:30.588:
0x1C1C , 845 

11:27:30.604:
0x2020 , 0 
0x3E3E , 840 
0x4D4D , 876 
0x6E6E , 0 

11:27:31.354:
0x1C1C , 847 
0x2020 , 0 
0x3E3E , 840 
0x4D4D , 866 
0x6E6E , 0 

11:27:32.120:
0x1C1C , 845 
0x2020 , 0 
0x3E3E , 839 
0x4D4D , 857 
0x6E6E , 824 

11:27:32.854:
0x1C1C , 846 
0x2020 , 0 
0x3E3E , 844 
0x4D4D , 870
11:27:32.870:
 
0x6E6E , 0 

11:27:33.604:
0x1C1C , 847 
0x202
11:27:33.620:
0 , 0 
0x3E3E , 839 
0x4D4D , 863 
0x6E6E , 0 

11:27:34.401:
0x1C1C , 850 
0x2020 , 0 
0x3E3E , 835 
0x4D4D , 870 
0x6E6E , 818 

11:27:35.166:
0x1C1C , 848 
0x2020 , 0 
0x3E3E , 840 
0x4D4D , 860 
0x6E6E , 0 

11:27:35.932:
0x1C1C , 846 
0x2020 , 0 
0x3E3E , 837 
0x4D4D , 865 
0x6E6E , 0 

11:27:36.682:
0x1C1C , 851 
0x2020 , 0 

11:27:36.698:
0x3E3E , 0 
0x4D4D , 859 
0x6E6E , 823 

11:27:38.355:
0x1C1C , 852 
0x2020 , 0 
0x3E3E , 845 
0x4D4D , 865 
0x6E6E , 827 

11:27:39.089:
0x1C1C , 847 
0x2020 , 0 
0x3E3E , 841 
0x4D4D , 877 
0x6E6E , 0 

11:27:39.824:
0x1C1C , 850 
0x2020 , 0 
0x3E3E , 842 
0x4D4D , 868 
0x6E6E , 822 

11:27:40.543:
0x1C1C , 849 
0x2020 , 0 
0x3E3E , 840 
0x4D4
11:27:40.558:
D , 877 
0x6E6E , 0 

11:27:41.293:
0x1C1C , 
11:27:41.308:
851 
0x2020 , 0 
0x3E3E , 838 
0x4D4D , 864 
0x6E6E , 0 

11:27:42.043:
0x1C1C , 844 
0x2020 , 0 
0x3
11:27:42.058:
E3E , 841 
0x4D4D , 865 
0x6E6E , 825 

11:27:42.793:
0x1C1C , 847 
0x2020 , 0 
0x3E3E , 838 
0x4D4D , 870 
0
11:27:42.809:
x6E6E , 0 

11:27:43.543:
0x1C1C , 848 
0x2020 , 0 
0x3E3E , 839 
0x4D4D , 874 

11:27:43.559:
0x6E6E , 0 

11:27:44.324:
0x1C1C , 846 
0x2020 , 0 
0x3E3E , 838 
0x4D4D , 867 
0x6E6E , 822 

11:27:45.074:
0x1C1C , 839 
0x2020 , 0 
0x3E3E , 0 
0x4D4D , 865 
0x6E6E , 0 

11:27:45.809:
0x1C1C , 847 
0x2020 , 0 
0x3E3E , 0 
0x4D4D , 863 
0
11:27:45.824:
x6E6E , 0 

11:27:46.590:
0x1C1C , 849 
0x2020 , 0 
0x3E3E , 0 
0x4D4D , 868 
0x6E
11:27:46.606:
6E , 827 

11:27:47.356:
0x1C1C , 847 
0x2020 , 0 
0x3E3E , 0 
0x4D4D , 856 
0x6E6E , 0 

11:27:48.996:
0x1C1C , 845 
0x2020 , 0 
0x3E3E , 0 
0x4D4D , 870 
0x6E6E , 829 

11:27:49.715:
0x1C1C , 847 
0x2020 , 0 
0x3E3E , 0 
0x4D4D , 862 
0x6E6E , 0 

11:27:50.403:
0x1C1C , 8
11:27:50.418:
47 
0x2020 , 0 
0x3E3E , 0 
0x4D4D , 0 
0x6E6E , 0 

11:27:51.137:
0x1C1C , 0 
0x2020 , 0 
0x3E3E , 0 
0x4D4D , 855 
0x6E6E , 0 

11:27:51.856:
0x1C1C , 0 
0x2020 , 0 
0x3E3E , 0 
0x4D4D , 855 
0x6E6E , 0 

11:27:52.590:
0x1C1C , 847 
0x2020 , 0 
0x3E3E , 0 
0x4D4D , 871 
0x6E6E , 0 

11:27:53.309:
0x1C1C , 845 
0x2020 , 0 
0x3E3E , 0 
0x4D4D , 862 

11:27:53.324:
0x6E6E , 0 

11:27:54.090:
0x1C1C , 839 
0x2020 , 0 
0x3E3E , 841 
0x4D4D , 857 
0x6E6E , 825 

11:27:54.840:
0x1C1C , 855 
0x2020 , 0 
0x3E3E , 0 
0x4D4D , 870 
0x6E6E , 0 

11:27:55.590:
0x1C1C , 855 
0x2020 , 0 
0x3E3E , 834 
0x4D4D , 857 
0x6E6E , 0 

11:27:56.356:
0x1C1C , 844 
0x2020 , 0 
0x3E3E , 0 
0x4D4D , 844 
0x6E6E , 829 

11:27:57.106:
0x1C1C , 845 
0x2020 , 0 
0x3E3E , 0 
0x4D4D , 0 
0x6E6E , 0 

11:27:57.856:
0x1C1C , 0 
0x2020 , 0 
0x3E3E , 0 
0x4D4D , 863 
0x6E6E , 0 

11:27:59.496:
0x1C1C , 845 
0x2020 , 0 
0x3E3E , 0 
0x4D4D , 861 
0x6E6E , 0 

11:28:00.215:
0x1C1C , 842 
0x2020 , 0 
0x3E3E , 0 
0x4D4D , 848 
0x6E6E , 0 

11:28:00.934:
0x1C1C , 841 
0x2020 , 0 
0x3E3E , 0 
0x4D4D , 858 
0x6E6E , 824 

11:28:01.637:
0x1C1C , 849 
0x
11:28:01.668:
2020 , 0 
0x3E3E , 0 
0x4D4D , 856 
0x6E6E , 0 

11:28:02.387:
0x1C1C , 856 
0x2020 , 0 
0x3E3E , 0 
0x4D4D , 855 
0x6E6E , 0 

11:28:03.137:
0x1C1C , 851 
0x2020 , 0 
0x3E3E , 0 
0x4D4D , 856 
0x6E6E , 825 

11:28:03.865:
0x1C1C , 843 
0x2020 , 0 
0x3E3E , 0 
0x4D4D , 
11:28:03.880:
850 
0x6E6E , 0 

11:28:04.599:
0x1C1C , 837 
11:28:04.615:

0x2020 , 0 
0x3E3E , 0 
0x4D4D , 850 
0x6E6E , 0 

11:28:05.365:
0x1C1C , 841 
0x2020 , 0 
0x3E3E , 0 
0x4D4D , 848 
0x6E6E , 833 

11:28:06.115:
0x1C1C , 842 
0x2020 , 0 
0x3E3E , 0 
0x4D4D , 849 
0x6E6E , 0 

11:28:06.849:
0x1C1C , 844 
0x2020 , 0 
0x3E3E , 0 
0x4D4D , 849 
0x
11:28:06.865:
6E6E , 0 

11:28:07.630:
0x1C1C , 843 
0x2020 , 0 
0x3E3E , 0 
0x4D4D , 850 
0x6E6E , 826 

11:28:08.396:
0x1C1C , 847 
0x2020 , 0
11:28:08.411:
 
0x3E3E , 839 
0x4D4D , 863 
0x6E6E , 0 

11:28:10.083:
0x1C1C , 861 
0x2020 , 0 
0x3E3E , 843 
0x4D4D , 875 
0x6E6E , 820 

11:28:10.802:
0x1C1C , 848 
0x2020 , 0 
0x3E3E , 837 
0x4D4D , 855 
0x6E6E , 0 

11:28:11.537:
0x1C1C , 840 
0x2020 , 0 
0x3E3E , 836 
0x4D4D , 863 
0x6E6E , 0 

11:28:12.255:
0x1C1C , 838 
0x2020 , 0 
0x3E3E , 0 
0x4D4D , 849 

11:28:12.271:
0x6E6E , 824 

11:28:13.005:
0x1C1C , 845 
0x2020 , 0 
0x3E3E , 0 
0x4D4D , 847 
0x6E6E , 0 

11:28:13.740:
0x1C1C , 842 
0x2020 , 0 
0x3E3E , 0 
0x4D4D , 855 
0x6E6E , 0 

11:28:14.490:
0x1C1C , 839 
0x2020 , 0 
0x3E3E , 0 
0x4D4D , 849 
0x6E6E , 820 

11:28:15.208:
0x1C1C , 842 
0x2
11:28:15.224:
020 , 0 
0x3E3E , 0 
0x4D4D , 850 
0x6E6E , 0 

11:28:15.974:
0x1C1C , 844 
0x2020 , 0 
0x3E3E , 0 
0x4D4D , 848 
0x6E6E , 0 

11:28:16.724:
0x1C1C , 834 
0x2020 , 0 
0x3E3E , 0 
0x4D4D , 845 
0x6E6E , 822 

11:28:17.458:
0x1C1C , 848 
0x2020 , 0 
0x3E3E , 0 
0x4D4D , 849 

11:28:17.474:
0x6E6E , 0 

11:28:18.209:
0x1C1C , 840 
0x2020 , 0 

11:28:18.224:
0x3E3E , 0 
0x4D4D , 849 
0x6E6E , 0 

11:28:19.005:
0x1C1C , 841 
0x2020 , 0 
0x3E3E , 0 
0x4D4D , 848 
0x6E6E , 829 

11:28:28.504:
0x1C1C , 0 
0x2020 , 822 
0x3E3E , 844 
0x4D4D , 858 
0x
11:28:28.519:
6E6E , 0 

11:28:29.254:
0x1C1C , 0 
0x2020 , 825 
0x3E3E , 843 
0x4D4D , 856 
0x6E6E , 0 

11:28:29.988:
0x1C1C , 841 
0x2020 , 825 
11:28:30.004:

0x3E3E , 844 
0x4D4D , 855 
0x6E6E , 822 

11:28:30.723:
0x1C1C , 0 

11:28:30.738:
0x2020 , 825 
0x3E3E , 846 
0x4D4D , 855 
0x6E6E , 0 

11:28:31.473:
0x1C1C , 846 
0x2020 , 0 
0x3E3E , 0 
0x4D4D , 0 
0x6E6E , 0 

11:28:32.176:
0x1C1C , 0 
0x2020 , 0 
0x3E3E , 0 
0x4D4D 
11:28:32.191:
, 0 
0x6E6E , 0 

11:28:32.895:
0x1C1C , 0 
11:28:32.910:

0x2020 , 824 
0x3E3E , 0 
0x4D4D , 0 
0x6E6E , 0 

11:28:33.645:
0x1C1C , 848 
0x2020 , 0 
0x3E3E , 0 
0x4D4D , 0 
0x6E6E , 0 

11:28:34.410:
0x1C1C , 846 
0x2020 , 818 
0x3E3E , 841 
0x4D4D , 860 
0x6E6E , 822 

11:28:35.176:
0x1C1C , 845 
0x2020 , 0 
0x3E3E , 840 
0x4D4D , 855 
0x6E6E , 0 

11:28:35.941:
0x1C1C , 845 
0x2020 , 826 
0x3E3
11:28:35.957:
E , 840 
0x4D4D , 856 
0x6E6E , 827 

11:28:36.707:
0x1C1C , 846 
0x2020 , 0 
0x3E3E , 
11:28:36.723:
837 
0x4D4D , 850 
0x6E6E , 0 

11:28:37.521:
0x1C1C , 840 
0x2020 , 835 
0x3E3E , 836 
0x4D4D , 850 
0x6E6E , 813 

11:28:39.177:
0x1C1C , 0 
0x2020 , 829 

11:28:39.192:
0x3E3E , 840 
0x4D4D , 852 
0x6E6E , 819 

11:28:39.927:
0x1C1C , 846 
0x2020 , 0 
0x3E3E , 845 
0x4D4D , 854 
0x6E6E , 0 

11:28:40.661:
0x1C1C , 849 
0x2020
11:28:40.677:
 , 823 
0x3E3E , 843 
0x4D4D , 854 
0x6E6E , 824 

11:28:41.396:
0x1C1C , 84
11:28:41.411:
3 
0x2020 , 0 
0x3E3E , 837 
0x4D4D , 861 
0x6E6E , 0 

11:28:42.161:
0x1C1C , 847 
0x2020 , 822 
0x3E3E , 839 

11:28:42.177:
0x4D4D , 847 
0x6E6E , 827 

11:28:42.911:
0x1C1C , 0 
0x2020 , 0 
0x3E3E , 840 
0x4D4D , 853 
0x6E6E , 0 

11:28:43.661:
0x1C1C , 844 
0x2020 , 832 

11:28:43.677:
0x3E3E , 835 
0x4D4D , 852 
0x6E6E , 827 

11:28:44.427:
0x1C1C , 0 
0x2020 , 0 
0x3E3E , 841 
0x4D4D , 856 
0x6E6E , 0 

11:28:45.161:
0x1C1C , 0 
0x2020 , 813 
0x
11:28:45.177:
3E3E , 843 
0x4D4D , 861 
0x6E6E , 0 

11:28:45.958:
0x1C1C , 840 
0x2020 , 0 
0x3E3E , 842 
0x4D4D , 872 
0x6E6E , 829 

11:28:46.724:
0x1C1C , 839 
0x2020 , 823 
0x3E3E , 836 
0x4D4D , 855 
0x6E6E , 0 

11:28:47.505:
0x1C1C , 853 
0x2020 , 0 
0x3E3E , 844 
0x4D4D , 865 
0x6E6E , 833 

11:28:48.271:
0x1C1C , 850 
0x2020 , 822 
0x3E3E , 843 
0x4D4D , 865 

11:28:48.286:
0x6E6E , 0 

11:28:49.974:
0x1C1C , 852 
0x2020 , 830 
0x3E3E , 844 
0x4D4D , 861 
0x6E6E , 0 

11:28:50.694:
0x1C1C , 850 
0x2020 , 0 
0x3E3E , 841 
0x4D4D , 857 
0x6E6E , 0 

11:28:51.428:
0x1C1C , 850 
0x2020
11:28:51.444:
 , 827 
0x3E3E , 839 
0x4D4D , 856 
0x6E6E , 830 

11:28:53.709:
0x1C1C , 0 
0x2020 , 821 
0x3E3E , 844 

11:28:53.725:
0x4D4D , 854 
0x6E6E , 831 

11:28:54.459:
0x1C1C , 0 
0x2020 , 0 
0x3E3E , 840 
0x4D4D , 857 
0x6E6E , 0 

11:28:55.209:
0x1C1C , 848 
0x2020 , 816 

11:28:55.225:
0x3E3E , 838 
0x4D4D , 853 
0x6E6E , 827 

11:28:55.959:
0x1C1C , 0 
0x2020 , 0 
0x3E3E , 839 
0x4D4D , 848 
0x6E6E , 0 

11:28:56.741:
0x1C1C , 838 
0x2020 , 821 
0x3E3E , 839 
0x4D4D , 852 
0x6E6E , 826 

11:28:58.616:
0x1C1C , 849 
0x2020 , 822 
0x3E3E , 837 
0x4D4D , 855 
0x6E6E , 827 

11:28:59.366:
0x1C1C , 848 
0x2020 , 0 
0x3E3E , 840 
0x4D4D , 853
11:28:59.381:
 
0x6E6E , 0 

11:29:00.178:
0x1C1C , 848 
0x2020 , 821 
0x3E3E , 835 
0x4D4D , 861 
0x6E6E , 833 

11:29:01.850:
0x1C1C , 844 
0x2020 , 815 
0x3E3E , 832 
0x4D4D , 850 
0x6E6E , 831 

11:29:03.944:
0x1C1C , 845 
0x2020 , 815 
0x3E3E , 843 
0x4D4D , 872 
0x6E6E , 833 

11:29:04.663:
0x1C1C , 848 
0x2020 , 0 
0x3E3E , 836 
0x4D4D , 859 
11:29:04.678:

0x6E6E , 0 

11:29:05.444:
0x1C1C , 844 
0x2020 , 803 
0x3E3E , 840 
0x4D4D , 864 
0x6E6E , 840 

11:29:06.194:
0x1C1C , 842 
0x2020 , 0 
0x3E3E , 843 
0x4D4D , 862 
0x6E6E , 0 

11:29:06.944:
0x1C1C , 843 
0x2020 , 816 
11:29:06.959:

0x3E3E , 845 
0x4D4D , 861 
0x6E6E , 835 

11:29:07.694:
0x1C1C , 848 
0x2020 ,
11:29:07.709:
 0 
0x3E3E , 839 
0x4D4D , 871 
0x6E6E , 0 

11:29:08.459:
0x1C1C , 840 
0x2020 , 807
11:29:08.475:
 
0x3E3E , 836 
0x4D4D , 858 
0x6E6E , 0 

11:29:09.256:
0x1C1C , 846 
0x2020 , 0 
0x3E3E , 843 
0x4D4D , 867 
0x6E6E , 825 

11:29:10.022:
0x1C1C , 842 
0x2020 , 803 
0x3E3E , 832 
0x4D4D , 870 
0x6E6E , 0 

11:29:10.804:
0x1C1C , 838 
0x2020 , 0 
0x3E3E , 830 
0x4D4D , 862 
0x6E6E , 827 

11:29:11.554:
0x1C1C , 840 
0x2020 , 0 
0x3E3E , 0 
0x4D4D , 0 
0x6E6E , 0 

11:29:13.132:
0x1C1C , 0 
0x2020 , 0 
0x3E3E , 0 
0x4D4D , 0
11:29:13.147:
 
0x6E6E , 0 

11:29:13.835:
0x1C1C , 0 
0x2020 , 803 
0x3E3E , 0 

11:29:13.851:
0x4D4D , 0 
0x6E6E , 0 

11:29:14.554:
0x1C1C , 0 
0x2020 , 0 
0x3E3E , 0 
0x4D4D , 0 
0x6E6E , 0 

11:29:15.304:
0x1C1C , 849 
0x2020 , 803 
0x3E3E , 827 
0x4D4D , 891 
0x6E6E , 0 

11:29:16.022:
0x1C1C , 852 

11:29:16.038:
0x2020 , 0 
0x3E3E , 828 
0x4D4D , 867 
0x6E6E , 0 

11:29:16.788:
0x1C1C , 855 

11:29:16.804:
0x2020 , 810 
0x3E3E , 831 
0x4D4D , 854 
0x6E6E , 821 

11:29:17.538:
0x1C1C , 848 
0x2020 , 0 
0x3E3E , 826 
11:29:17.554:

0x4D4D , 850 
0x6E6E , 0 

11:29:18.335:
0x1C1C , 849 
0x2020 , 815 
0x3E3E , 829 
0x4D4D , 855 
0x6E6E , 822 

11:29:19.069:
0x1C1C , 857 
0x2020 , 0 
11:29:19.085:

0x3E3E , 833 
0x4D4D , 881 
0x6E6E , 0 

11:29:19.851:
0x1C1C , 856 
0x2020 , 812 

11:29:19.866:
0x3E3E , 829 
0x4D4D , 886 
0x6E6E , 822 

11:29:20.616:
0x1C1C , 859 
0x2020 , 0 
0x3E3E , 830 
0x4D4D , 863 
11:29:20.632:

0x6E6E , 0 

11:29:21.429:
0x1C1C , 856 
0x2020 , 816 
0x3E3E , 832 
0x4D4D , 857 
0x6E6E , 819 

11:29:22.179:
0x1C1C , 853 
0x202
11:29:22.194:
0 , 0 
0x3E3E , 829 
0x4D4D , 875 
0x6E6E , 0 

11:29:23.913:
0x1C1C , 858 
0x2020 , 0 
0x3E3E , 833 
0x4D4D , 857 
0x6E6E , 0 

11:29:24.648:
0x1C1C , 849 
0x2020 , 810 
0x3E3E , 824 
0x4D4D ,
11:29:24.663:
 851 
0x6E6E , 819 

11:29:25.398:
0x1C1C , 855 
0x2020 , 0 
0x3E3E , 832 
0x4D4D , 882 
0x6E6E , 0 

11:29:26.163:
0x1C1C , 853 
0x2020 , 810 
0x3E3E , 833 
0x4D4D , 868 
0x6E6E , 818 

11:29:26.866:
0x1C1C , 854 
0x2020 ,
11:29:26.882:
 0 
0x3E3E , 0 
0x4D4D , 0 
0x6E6E , 0 

11:29:27.601:
0x1C1C , 0 
0x2020 , 0 
0x3E3E , 0 
0x4D4D , 0 
0x6E6E , 0 

11:29:28.304:
0x1C1C , 0 
0x20
11:29:28.320:
20 , 0 
0x3E3E , 836 
0x4D4D , 0 
0x6E6E , 0 

11:29:29.054:
0x1C1C , 0 
0x2020 , 0 
0x3E3E , 834 
0x4D4D , 0 
0x6E6E , 0 

11:29:29.788:
0x1C1C , 847 
0x2020 , 0 
0
11:29:29.804:
x3E3E , 830 
0x4D4D , 850 
0x6E6E , 0 

11:29:30.570:
0x1C1C , 852 
0x2020 , 811 
0x3E3E 
11:29:30.586:
, 829 
0x4D4D , 846 
0x6E6E , 825 

11:29:31.352:
0x1C1C , 858 
0x2020 , 0 
0x3E3E , 835 
0x4D4D , 872 
0x6E6E , 0 

11:29:32.148:
0x1C1C , 854 
0x2020 , 808 
0x3E3E , 832 
0x4D4D , 883 
0x6E6E , 813 

11:29:32.898:
0x1C1C , 854 
0x2020 
11:29:32.914:
, 0 
0x3E3E , 828 
0x4D4D , 861 
0x6E6E , 0 

11:29:34.555:
0x1C1C , 853 
11:29:34.570:

0x2020 , 0 
0x3E3E , 833 
0x4D4D , 878 
0x6E6E , 0 

11:29:35.305:
0x1C1C , 847 
11:29:35.336:

0x2020 , 804 
0x3E3E , 835 
0x4D4D , 878 
0x6E6E , 820 

11:29:36.055:
0x1C1C , 848 
0x2020 , 0 
0x3E3E , 833 
0x4D4D , 864 
0x6E6E , 0 

11:29:36.820:
0x1C1C , 855 
0x2020 , 812 
0x3E3E , 834 
0x4D4D , 871 
0x6E6E , 822 

11:29:37.539:
0x1C1C , 852 

11:29:37.555:
0x2020 , 0 
0x3E3E , 836 
0x4D4D , 879 
0x6E6E , 0 

11:29:47.289:
0x1C1C , 0 
0x2020 , 0 
0x3E3E , 0 
0x4D4D , 0 
0x6E6E , 0 

11:29:48.039:
0
11:29:48.071:
x1C1C , 861 
0x2020 , 814 
0x3E3E , 852 
0x4D4D , 883 
0x6E6E , 826 

11:29:48.805:
0x1C1C , 859 
0x2020 , 
11:29:48.821:
0 
0x3E3E , 850 
0x4D4D , 879 
0x6E6E , 0 

11:29:49.586:
0x1C1C , 864 
0x2020 , 810 

11:29:49.602:
0x3E3E , 836 
0x4D4D , 869 
0x6E6E , 826 

11:29:50.352:
0x1C1C , 857 
0x2020 , 0 
0x3E3E , 840 
0x4D4D , 870 

11:29:50.367:
0x6E6E , 0 

11:29:51.149:
0x1C1C , 856 
0x2020 , 807 
0x3E3E , 841 
0x4D4D , 0 
0x6E6E , 832 

11:29:51.900:
0x1C1C , 0 
0x2020 , 0 
0x3E3E , 0 
0x4D4D , 867 
0x6E6E , 0 

11:29:53.560:
0x1C1C , 853 
0x2020 , 0 
0x3E3E , 834 
0x4D4D , 849 
0x6E6E , 0 

11:29:54.294:
0x1C1C , 857 
0x2020 , 817 
0x3E3E , 840 
0x4D4D , 
11:29:54.310:
886 
0x6E6E , 839 

11:29:55.028:
0x1C1C , 861 
0x2020 , 0 
0x3E3E , 840 
0x4D4D , 880 
11:29:55.044:

0x6E6E , 0 

11:29:55.810:
0x1C1C , 845 
0x2020 , 817 
0x3E3E , 837 
0x4D4D , 842 
0x6E6E , 850 

11:29:56.528:
0x1C1C , 860 

11:29:56.544:
0x2020 , 0 
0x3E3E , 837 
0x4D4D , 885 
0x6E6E , 0 

11:29:57.294:
0x1C1C , 856 

11:29:57.310:
0x2020 , 809 
0x3E3E , 845 
0x4D4D , 887 
0x6E6E , 852 

11:29:58.044:
0x1C1C , 855 
0x2020 , 0 
0x3E3E , 840 

11:29:58.060:
0x4D4D , 879 
0x6E6E , 0 

11:29:58.841:
0x1C1C , 849 
0x2020 , 813 
0x3E3E , 837 
0x4D4D , 844 
0x6E6E , 844 

11:29:59.576:
0x1C1C , 850 
0x2020 , 0 

11:29:59.591:
0x3E3E , 833 
0x4D4D , 857 
0x6E6E , 0 

11:30:00.357:
0x1C1C , 867 
0x2020 , 814 
0x3E
11:30:00.373:
3E , 839 
0x4D4D , 875 
0x6E6E , 849 

11:30:01.138:
0x1C1C , 856 
0x2020 , 0 
0x3E3E , 838 
0x4D4D , 869 
0x6E6E , 0 

11:30:01.904:
0
11:30:01.935:
x1C1C , 855 
0x2020 , 811 
0x3E3E , 836 
0x4D4D , 876 
0x6E6E , 860 

11:30:02.685:
0x1C1C , 856 
0x2020 , 0
11:30:02.701:
 
0x3E3E , 841 
0x4D4D , 874 
0x6E6E , 0 

11:30:04.420:
0x1C1C , 848 
0x2020 , 0 
0x3E3E , 849 
0x4D4D , 864 
0x6E6E , 0 

11:30:05.155:
0x1C1C , 846 
0x2020 , 852 
0x3E3E , 846 
0x4D4D , 867 

11:30:05.171:
0x6E6E , 830 

11:30:05.905:
0x1C1C , 843 
0x2020 , 0 
0x3E3E , 837 
0x4D4D , 859 
0x6E6E , 0 

11:30:15.594:
0x1C1C , 0 
0x2020 , 0 
0x3E3E , 
11:30:15.609:
0 
0x4D4D , 0 
0x6E6E , 0 

11:30:16.359:
0x1C1C , 856 
0x2020 , 814 
0x3E3E , 84
11:30:16.375:
0 
0x4D4D , 886 
0x6E6E , 817 

11:30:17.125:
0x1C1C , 858 
0x2020 , 0 
0x3E3E , 843 
0x4D4D , 870 
0x6E6E , 0 

11:30:17.906:
0x1C1C , 848 
0x2020 , 818 
0x3E3E , 833 
0x4D4D , 861 
0x6E6E , 822 

11:30:18.641:
0x1C1C , 854 
0x2020 , 0
11:30:18.656:
 
0x3E3E , 838 
0x4D4D , 875 
0x6E6E , 0 

11:30:19.422:
0x1C1C , 855 
0x2020 , 817 

11:30:19.437:
0x3E3E , 834 
0x4D4D , 880 
0x6E6E , 812 

11:30:20.188:
0x1C1C , 854 
0x2020 , 0 
0x3E3E , 838 
0x4D4D , 865 
0
11:30:20.203:
x6E6E , 0 

11:30:20.969:
0x1C
11:30:21.000:
1C , 851 
0x2020 , 819 
0x3E3E , 841 
0x4D4D , 869 
0x6E6E , 820 

11:30:21.750:
0x1C1C , 859 
0x2020 , 0 

11:30:21.766:
0x3E3E , 843 
0x4D4D , 877 
0x6E6E , 0 

11:30:23.484:
0x1C1C , 856 
0x2020 , 0 
0x3E3E , 838 
0x4D4D , 873 
0x6E6E , 0 

11:30:24.219:
0x1C1C , 852 
0x2020 , 814 
0x3E3E , 840 
0x4D4D
11:30:24.235:
 , 881 
0x6E6E , 815 

11:30:24.969:
0x1C1C , 852 
0x2020 , 0 
0x3E3E , 836 
0x4D4D , 888 
0x6E6E , 0 

11:30:25.735:
0x1C1C , 838 
0x2020 , 817 
0x3E3E , 831 
0x4D4D , 851 
0x6E6E , 817 

11:30:26.453:
0x1C1C , 842 
11:30:26.469:

0x2020 , 0 
0x3E3E , 837 
0x4D4D , 845 
0x6E6E , 0 

11:30:27.219:
0x1C1C , 846 

11:30:27.235:
0x2020 , 825 
0x3E3E , 836 
0x4D4D , 854 
0x6E6E , 824 

11:30:27.971:
0x1C1C , 848 
0x2020 , 0 
0x3E3E , 839 
11:30:27.987:

0x4D4D , 852 
0x6E6E , 0 

11:30:28.768:
0x1C1C , 840 
0x2020 , 822 
0x3E3E , 839 
0x4D4D , 858 
0x6E6E , 825 

11:30:29.502:
0x1C1C , 848 
0x2020 , 0 
11:30:29.518:

0x3E3E , 833 
0x4D4D , 850 
0x6E6E , 0 

11:30:30.284:
0x1C1C , 0 
0x2020 , 823 
0x3E3E , 837 
0x4D4D , 854 
0x6E6E , 0 

11:30:31.034:
0x1C1C , 0 
0x2020 , 0 
0x3E3E , 836 
0x4D4D , 860 
0x6E6E , 824 

11:30:31.799:
0x1C1C , 0 
0x2020 , 818 
0x3E3E , 835 
0x4D4D , 855 
0x6
11:30:31.815:
E6E , 0 

11:30:32.596:
0x1C1C , 845 
0x2020 , 0 
0x3E3E , 834 
0x4D4D , 857 
0x6E6E , 827 

11:30:34.268:
0x1C1C , 846 
0x2020 , 0 
0x3E3E , 837 
0x4D4D , 852 
0x6E6E , 823 

11:30:35.002:
0x1C1C , 848 
0x2020 , 0 
0x3E3E , 836 
0x4D4D , 853 
0x6E6E , 0 

11:30:35.737:
0x1C1C , 844 
0x2020 , 825 
0x3E3E , 835 
0x4D4D , 854 
0x6E6E , 0 

11:30:36.487:
0x1C1C , 844 
0x2020 , 0 
0x3E3E , 837 
0x4D4D , 851 
0x6E6E , 824 

11:30:37.268:
0x1C1C , 846 

11:30:37.284:
0x2020 , 818 
0x3E3E , 840 
0x4D4D , 860 
0x6E6E , 0 

11:30:38.049:
0x1C1C , 841 
0x2020 , 0 
0x3E3E , 836 
0x4D4D , 855 
0x6E6E , 822 

11:30:38.797:
0x1C1C , 840 
0x2020 , 0 
0x3E3E , 833 
0x4D4D , 863 
0x6E6E , 0 

11:31:53.420:
0x1C1C , 849 
0x2020 , 0 
0x3E3E , 840 
0x4D4
11:31:53.435:
D , 854 
0x6E6E , 819 

11:31:54.185:
0x1C1C , 844 
0x2020 , 825 
0x3E3E , 846 
0x4D4
11:31:54.201:
D , 848 
0x6E6E , 0 

11:31:54.967:
0x1C1C , 853 
0x202
11:31:54.982:
0 , 0 
0x3E3E , 835 
0x4D4D , 858 
0x6E6E , 828 

11:31:55.764:
0x1C1C , 843 
0x2020 , 825 
0x3E3E , 846 
0x4D4D , 853 
0x6E6E , 0 

11:31:56.529:
0x1C1C , 848 
0x2020 , 0 
0x3E3E , 844 
0x4D4D , 855 
0x6E6E , 825 

11:31:57.311:
0x1C1C , 849 
0x2020 , 827 
0x3E3E , 839 
0x4D4D , 857 
0
11:31:57.326:
x6E6E , 0 

11:31:58.998:
0x1C1C , 843 
0x2020 , 827 
0x3E3E , 840 
0x4D4D , 858 
0x6E6E , 0 

11:31:59.718:
0x1C1C , 845 
0x2020 , 0
11:31:59.734:
 
0x3E3E , 837 
0x4D4D , 858 
0x6E6E , 824 

11:32:00.484:
0x1C1C , 844 
0x2020 , 823 
0x3E3E , 841 
0x4D4D , 862 
0x6E6E , 0 

11:32:01.234:
0x1C1C , 843 
0x2020 , 0 
0x3E3E , 839 
0x4D4D , 856 
0x6E6E , 825 

11:32:01.968:
0x1C1C , 840 
0x2020 , 825 
0x3E3E , 842 
0x4D4
11:32:01.984:
D , 862 
0x6E6E , 0 

11:32:02.718:
0x1C1C , 844 

11:32:02.734:
0x2020 , 0 
0x3E3E , 842 
0x4D4D , 857 
0x6E6E , 828 

11:32:03.499:
0x1C1C , 842 
0x2020 , 822 
0x3E3E , 842 
0x4D4D , 855 
0x6E6E , 0 

11:32:04.265:
0x1C1C , 847 
0x2020 , 0 
0x3E3E , 838 
0x4D4D , 852 
0x6E6E , 823 

11:32:04.999:
0x1C1C , 843 
0x2020 , 0 

11:32:05.015:
0x3E3E , 844 
0x4D4D , 855 
0x6E6E , 0 

11:32:05.781:
0x1C1C , 846 
0x2020 , 826 
0x3E3E , 840 
0x4D4D , 862 
0x6E6E , 0 

11:32:06.562:
0x1C1C , 841 
0x2020 , 0 
0x3E3E , 843 
0x4D4D , 852 
0x6E6E , 827 

11:32:07.312:
0x1C1C , 848 
0x2020 , 0 
0x3E3E , 845 
0x4D4D , 854 

11:32:07.327:
0x6E6E , 0 

11:32:08.110:
0x1C1C , 844 
0x2020 , 0 
0x3E3E , 837 
0x4D4D , 846 
0x6E6E , 822 

11:32:09.719:
0x1C1C , 0 
0x2020 , 0 
0x3E3E , 0 
0x4D4D , 857 
0x6E6E , 0 

11:32:10.454:
0x1C1C , 845 
0x2020 , 826 
0x3E3E , 0 
0x4D4D , 853 
0x6E6E , 0 

11:32:11.188:
0x1C1C , 842 
0x2020 , 0 
0x3E3E , 841 
0x4D4D , 848 
0x6E6E , 0 

11:32:11.938:
0x1C1C , 851 
0x2020 , 0 
0x3E3E , 837 
0x4D4D , 854 
0x6E6E , 821 

11:32:12.673:
0x1C1C , 847 
0x2020 , 822 
0x3E3E , 839 
0x4D4D , 855 

11:32:12.688:
0x6E6E , 0 

11:32:13.423:
0x1C1C , 843 
0x2020 , 
11:32:13.438:
0 
0x3E3E , 841 
0x4D4D , 857 
0x6E6E , 822 

11:32:14.173:
0x1C1C , 842 
0x2020 , 0 
0x3E3E , 837 
0x4D4D , 85
11:32:14.188:
3 
0x6E6E , 0 

11:32:14.954:
0x1C1C , 842 
0x2020 , 820 
0x3E3E , 838 
0x4D4D , 858 
0x6E6E , 0 

11:32:15.720:
0x1C1C , 845 
0x2020 , 0 
0x3E3E , 837 
0x4D4D , 855 
0x6E6E , 822 

11:32:16.485:
0x1C1C , 845 
0x2020 , 0 
0x3E3E , 834 
0x4D4D , 852 
0x6E6E , 0 

11:32:17.235:
0x1C1C , 844 
0x2020 , 0 
0x3E3E , 836 
0x4D4D , 855 
0x6E6E , 0 

11:32:18.017:
0x1C1C , 843 
0x2020 , 0 
0x3E3E , 838 
0x4D4D , 861 
0x6E6E , 822 

11:32:18.798:
0x1C1C , 843 
0x2020 , 817 
0x3E3E , 842 
0x4D4D , 865 
0x6E6E , 0 

11:32:20.454:
0x1C1C , 844 

11:32:20.470:
0x2020 , 0 
0x3E3E , 840 
0x4D4D , 853 
0x6E6E , 819 

11:32:21.220:
0x1C1C , 843 
0x2020 , 822 
0x3E3E , 838 
0x4D4D , 858 
0x6E6E , 0 

11:32:21.971:
0x1C1C , 847 
0x2020 , 0 
0x3E3E , 834 
0x4D4D , 856 
0x6E6E , 0 

11:32:22.736:
0x1C1C , 842 
0x2020 , 818 
0x3E3E , 840 
0x4D4D , 853 
0x6E6E , 827 

11:32:23.456:
0x1C1C , 851 
0x2
11:32:23.472:
020 , 0 
0x3E3E , 839 
0x4D4D , 855 
0x6E6E , 0 

11:32:24.191:
0x1C1C , 0 
0x2020 , 0 
0x3E3E , 0 
0x4
11:32:24.206:
D4D , 853 
0x6E6E , 825 

11:32:24.925:
0x1C1C , 845 
0x2020 , 828 
0x3E3E , 0 

11:32:24.941:
0x4D4D , 0 
0x6E6E , 0 

11:32:25.675:
0x1C1C , 842 
0x2020 , 0 
0x3E3E , 840
11:32:25.691:
 
0x4D4D , 851 
0x6E6E , 0 

11:32:26.425:
0x1C1C ,
11:32:26.456:
 846 
0x2020 , 0 
0x3E3E , 0 
0x4D4D , 859 
0x6E6E , 826 

11:32:28.597:
0x1C1C , 848 
0x2020 , 0 
0x3E3E , 841 
0x4D4D , 854 
0x6E6E , 825 

11:32:29.363:
0x1C1C , 843 
0x2020 , 0 
0x3E3E , 840 
0x4D4D , 867 
0x6E6E , 0 

11:32:30.113:
0x1C1C , 846 
0x2020 , 0 

11:32:30.129:
0x3E3E , 836 
0x4D4D , 852 
0x6E6E , 0 

11:32:31.848:
0x1C1C , 843 
0x2020 , 0 
0x3E3E , 838 
0x4D4D , 858 
0x6E6E , 0 

11:32:32.582:
0x1C1C , 841 
0x2020 , 0 
0x3E3E , 838 
0x4D4D , 856 
0x6E6E , 0 

11:32:33.316:
0x1C1C , 844 
0x2020 , 0 
0x3E3E , 835 
0x4D4D , 854 
0x6E6E , 824 

11:32:34.035:
0x1C1C , 842 
0x2020 , 0 
0x3E3E , 0 
0x4D4D , 0 
0x6E6E , 0 

11:32:34.738:
0x1C1C , 0 
0x2020 , 0 
0x3E3E , 0 
0x4D4D , 0 
0x6E6E , 0 

11:32:35.441:
0x1C1C , 0 
0x2020 , 0 
0x3E3E , 839 
0x4D4D , 
11:32:35.457:
0 
0x6E6E , 0 

11:32:36.160:
0x1C1C , 0 

11:32:36.176:
0x2020 , 0 
0x3E3E , 835 
0x4D4D , 0 
0x6E6E , 0 

11:32:36.910:
0x1C1C , 845 
0
11:32:36.941:
x2020 , 0 
0x3E3E , 836 
0x4D4D , 861 
0x6E6E , 0 

11:32:37.691:
0x1C1C , 844 
0x2020 , 0 
0x3E3E , 833 
0x4D4D , 854 
0x6E6E , 0 

11:32:38.457:
0x1C1C , 845 
0x2020 , 0 

11:32:38.473:
0x3E3E , 833 
0x4D4D , 858 
0x6E6E , 824 

11:32:39.223:
0x1C1C , 848 
0x2020 , 0 
0x3E3E , 837 
0x4D4D , 850 
0
11:32:39.238:
x6E6E , 0 

11:32:40.004:
0x1C1C , 844 
0x2020 , 0 
0x3E3E , 839 
0x4D4D , 851 
0x6E6E , 0 

11:32:40.785:
0x1C1C , 842 
0x2020 , 0 
0x3E3E , 839 
0x4D4D , 855 
0x6E6E , 827 

11:32:42.395:
0x1C1C , 0 
0x2020 , 0 
0x3E3E , 0 
0x4D4D , 0 
0x6E6E , 0 

11:32:44.036:
0x1C1C , 0 
0x2020 , 822 

11:32:44.052:
0x3E3E , 837 
0x4D4D , 0 
0x6E6E , 0 

11:32:44.786:
0x1C1C , 842 
0x2020 , 825 
0x3E3E , 838 
0x4D4D , 851 

11:32:44.802:
0x6E6E , 0 

11:32:45.568:
0x1C1C , 843 
0x2020 , 822 
0x3E3E , 834 
0x4D4D , 852 
0x6E6E , 826 

11:32:46.302:
0x1C1C , 847 
0x2020 
11:32:46.318:
, 824 
0x3E3E , 838 
0x4D4D , 853 
0x6E6E , 0 

11:32:47.083:
0x1C1C , 844 
0x2020 , 0 
0x3E3E , 836 
0x4D4D , 858 
0x6E6E , 825 

11:32:47.849:
0x1C1C , 845 
0x2020 , 822 
0x3E3E , 834 
0x4D4D , 849 
0x6E6E , 0 

11:32:48.583:
0x1C1C , 0 
0x2020 , 0 

11:32:48.599:
0x3E3E , 832 
0x4D4D , 849 
0x6E6E , 825 

11:32:49.365:
0x1C1C , 0 
0x2020 , 821 
0x3E3E , 838 
0x4D4D , 856 
0x6E6E , 0 

11:32:50.177:
0x1C1C , 0 
0x2020 , 0 
0x3E3E , 0 
0x4D4D , 0 
0x6E6E , 0 

11:32:50.911:
0x1C1C , 0 
0x2020 , 0 
0x3E3E , 0 
0x4D4D , 0 
0x6E6E , 0 

11:32:51.661:
0x1C1C , 0 
0x2020 , 0 
0x3E3E , 832 
0x4D4D , 0 
0x6E6E , 0 

11:32:53.286:
0x1C1C , 843 
0x2020 , 0 
0x3E3E , 835 
0x4D4D ,
11:32:53.302:
 855 
0x6E6E , 0 

11:32:54.036:
0x1C1C , 849 
0x2020 , 822 
0x3E3E , 836 
0x4D4D 
11:32:54.052:
, 856 
0x6E6E , 825 

11:32:54.786:
0x1C1C , 848 
0x2020 , 0 
0x3E3E , 833 
0x4D4D , 853 
0x6E6E , 0 

11:32:55.537:
0x1C1C , 849 
0x2020 , 817 
0x3E3E , 833 
0x4D4D , 852 
0x6E6E , 822 

11:32:56.255:
0x1C1C , 849 

11:32:56.271:
0x2020 , 0 
0x3E3E , 835 
0x4D4D , 853 
0x6E6E , 0 

11:32:57.021:
0x1C1C , 844 
11:32:57.037:

0x2020 , 822 
0x3E3E , 832 
0x4D4D , 854 
0x6E6E , 821 

11:32:57.787:
0x1C1C , 838 
0x2020 , 0 
0x3E3E , 831 
11:32:57.802:

0x4D4D , 846 
0x6E6E , 0 

11:32:58.568:
0x1C1C , 860 
0x2020 , 824 
0x3E3E , 848 
0x4D4D , 877 
0x6E6E , 834 

11:32:59.302:
0x1C1C , 854 
0x2020 ,
11:32:59.318:
 0 
0x3E3E , 839 
0x4D4D , 862 
0x6E6E , 0 

11:33:00.099:
0x1C1C , 842 
0x2020 , 820 

11:33:00.115:
0x3E3E , 832 
0x4D4D , 849 
0x6E6E , 828 

11:33:00.865:
0x1C1C , 850 
0x2020 , 0 
0x3E3E , 831 
0x4D4D , 857 

11:33:00.880:
0x6E6E , 0 

11:33:01.662:
0x1C1C , 856 
0x2020 , 824 
0x3E3E , 840 
0x4D4D , 878 
0x6E6E , 0 

11:33:02.427:
0x1C1C , 862 
0x2020 , 0 
0x3E3E , 843 
0x4D4D , 865 

11:33:02.443:
0x6E6E , 831 

11:33:04.115:
0x1C1C , 851 
0x2020 , 0 
0x3E3E , 841 
0x4D4D , 868 
0x6E6E , 837 

11:33:04.834:
0x1C1C , 854 
0x
11:33:04.849:
2020 , 826 
0x3E3E , 842 
0x4D4D , 870 
0x6E6E , 0 

11:33:05.599:
0x1C1C , 851 
0x2020 , 0 
0x3E3E , 846 
0x4D4D , 865 
0x6E6E , 831 

11:33:06.349:
0x1C1C , 851 
0x2020 , 822 
0x3E3E , 839 
0x4D4D , 858 
0x6E6E , 0 

11:33:07.068:
0x1C1C , 850 

11:33:07.084:
0x2020 , 0 
0x3E3E , 840 
0x4D4D , 851 
0x6E6E , 0 

11:33:07.834:
0x1C1C , 845 

11:33:07.849:
0x2020 , 823 
0x3E3E , 837 
0x4D4D , 848 
0x6E6E , 826 

11:33:08.584:
0x1C1C , 854 
0x2020 , 0 
0x3E3E , 838 
11:33:08.599:

0x4D4D , 852 
0x6E6E , 0 

11:33:10.428:
0x1C1C , 846 
0x2020 , 823 
0x3E3E , 839 
0x4D4D , 848 
0x6E6E , 828 

11:33:11.178:
0x1C1C , 854 
0x2020 , 0 
0x3E3E , 0 
0x4D4D , 0 
0x6E6E , 0 

11:33:11.896:
0x1C1C , 0 
0x202
11:33:11.912:
0 , 0 
0x3E3E , 838 
0x4D4D , 0 
0x6E6E , 0 

11:33:12.678:
0x1C1C , 0 
0x2020 , 0 
0x3E3E , 833 
0x4D4D , 0 
0x6E6E , 823 

11:33:13.428:
0x1C1C , 848 
0x2020 , 0 
0x3E3E
11:33:13.443:
 , 834 
0x4D4D , 850 
0x6E6E , 0 

11:33:15.162:
0x1C1C , 849 
0x2020 , 0 
0x3E3E , 837 
0x4D4D , 857 
0x6E6E , 0 

11:33:15.897:
0x1C1C , 843 
0x2020 , 817 
0x3E3E , 833 
0x4D4D , 857 
11:33:15.912:

0x6E6E , 822 

11:33:16.647:
0x1C1C , 847 
0x2020 , 0 
0x3E3E , 833 
0x4D4D , 851 
0x6E6E , 0 

11:33:17.412:
0x1C1C , 843 
0x2020 , 826 
0x3E3E , 835 
0x4D4D , 854 
0x6E6E , 826 

11:33:18.131:
0x1C1C , 845 
0x2
11:33:18.147:
020 , 0 
0x3E3E , 836 
0x4D4D , 852 
0x6E6E , 0 

11:33:18.897:
0x1C1C , 0 
0x2020 , 818 
0x3E3E , 833 
0x4D4D , 857 
0x6E6E , 0 

11:33:19.632:
0x1C1C , 0 
0x2020 , 0 
0x3E3E , 833 
0x4D4D , 857 
0x6E6E , 825 

11:33:20.382:
0x1C1C , 0 
0x2020 , 815 
0x3E3E , 836 
0x4D4D , 8
11:33:20.398:
54 
0x6E6E , 0 

11:33:21.132:
0x1C1C , 0 
0x2020 , 
11:33:21.148:
0 
0x3E3E , 838 
0x4D4D , 857 
0x6E6E , 825 

11:33:21.913:
0x1C1C , 0 
0x2020 , 816 
0x3E3E , 833 
0x4D4D , 855 
0x6E6E , 0 

11:33:22.663:
0x1C1C , 0 
0x2020 , 0 
0x3E3E , 834 
0x4D4D , 857 
0x6E6E , 825 

11:33:23.429:
0x1C1C , 0 
0x2020 , 819 
0x3E3E , 833 
0x4D4D , 854 

11:33:23.445:
0x6E6E , 0 

11:33:24.195:
0x1C1C , 0 
0x2020 , 0 

11:33:24.210:
0x3E3E , 835 
0x4D4D , 849 
0x6E6E , 822 

11:33:25.820:
0x1C1C , 0 
0
11:33:25.835:
x2020 , 0 
0x3E3E , 0 
0x4D4D , 0 
0x6E6E , 0 

11:33:26.538:
0x1C1C , 0 
0x2020 , 0 
0x3E3E , 820 

11:33:26.554:
0x4D4D , 0 
0x6E6E , 816 

11:33:27.273:
0x1C1C , 0 
0x2020 , 0 
0x3E3E , 822 
0x4D4D , 0 
0x6E6E , 0 

11:33:27.992:
0x1C1C , 841 
0x2020 , 0 
0x3E3E , 833 
0x4D4D , 
11:33:28.007:
851 
0x6E6E , 0 

11:33:28.773:
0x1C1C , 845 
0x2020 , 812 
0x3E3E , 833 
0x4D4D , 855 
0x6E6E , 823 

11:33:29.507:
0x1C1C , 847 
0x2020 , 0 
0x3E3E , 830 
0x4D4D , 849 
0x6E6E , 0 

11:33:30.257:
0x1C1C , 841 
0x2020 , 811 

11:33:30.273:
0x3E3E , 828 
0x4D4D , 846 
0x6E6E , 822 

11:33:31.007:
0x1C1C , 851 
0x2020
11:33:31.038:
 , 0 
0x3E3E , 832 
0x4D4D , 851 
0x6E6E , 0 

11:33:31.820:
0x1C1C , 850 
0x2020 , 809 
0x3E3E , 831 
0x4D4D , 852 
0x6E6E , 819 

11:33:32.570:
0x1C1C , 843 
0x2020 , 0 
0x3E3E , 834 
0x4D4D , 854 
0x6E6E , 0 

11:33:33.335:
0x1C1C , 843 
0x2020 , 816 
0x3
11:33:33.351:
E3E , 833 
0x4D4D , 856 
0x6E6E , 825 

11:33:34.117:
0x1C1C , 845 
0x2020 , 0 
0x3E
11:33:34.132:
3E , 831 
0x4D4D , 853 
0x6E6E , 0 

11:33:34.929:
0x1C1C , 849 
0x2020 , 819 
0x3E3E , 835 
0x4D4D , 857 
0x6E6E , 823 

11:33:37.210:
0x1C1C , 845 
0x2020 , 821 
0x3E3E , 83
11:33:37.226:
8 
0x4D4D , 858 
0x6E6E , 827 

11:33:37.960:
0x1C1C , 847 
0x2020 , 0 
0x3E3E , 834 
0x4D4D , 847 
0x6E6E , 0 

11:33:38.695:
0x1C1C , 849 
0x2020 , 817 
11:33:38.710:

0x3E3E , 832 
0x4D4D , 846 
0x6E6E , 826 

11:33:39.429:
0x1C1C , 840 
0x2
11:33:39.445:
020 , 0 
0x3E3E , 825 
0x4D4D , 843 
0x6E6E , 0 

11:33:40.195:
0x1C1C , 841 
0x2020 , 813 
0x3E3E , 836 
0x
11:33:40.210:
4D4D , 854 
0x6E6E , 838 

11:33:40.960:
0x1C1C , 852 
0x2020 , 0 
0x3E3E , 845 
0x4D4D , 857 
0x6E6E , 0 

11:33:41.710:
0x1C1C , 852 
0x2020 , 819 
11:33:41.726:

0x3E3E , 840 
0x4D4D , 853 
0x6E6E , 842 

11:33:42.460:
0x1C1C , 846 
0x202
11:33:42.476:
0 , 0 
0x3E3E , 834 
0x4D4D , 865 
0x6E6E , 0 

11:33:43.242:
0x1C1C , 843 
0x2020 , 822 
0x3E3E , 835 
0x4D4D , 855 
11:33:43.257:

0x6E6E , 812 

11:33:44.023:
0x1C1C , 840 
0x2020 , 0 
0x3E3E , 833 
0x4D4D , 853 
0x6E6E , 0 

11:33:44.804:
0x1C1C , 837 
0x2020 , 836 
0x3E3E , 838 
0x4D4D , 852 
0x6E6E , 0 

11:33:45.554:
0x1C1C , 843 
0x2020 , 0 
0x3E3E , 0 
0x4D4D , 0 
0x6E6E , 0 

11:33:46.305:
0x1C1C , 0 
0x2020 , 0 
0x3E3E , 828 
0x4D4D , 0 
0x6E6E , 813 

11:33:47.930:
0x1C1C , 838 
0x2020 , 0 
0x3E3E , 832 
0x4D4D , 848
11:33:47.946:
 
0x6E6E , 0 

11:33:48.680:
0x1C1C , 836 
0x2020 , 828 
0x3E3E , 831 
0x4D4D , 
11:33:48.696:
852 
0x6E6E , 830 

11:33:49.430:
0x1C1C , 843 
0x2020 , 0 
0x3E3E , 830 
0x4D4D , 850 
0x6E6E , 0 

11:33:50.180:
0x1C1C , 841 
0x2020 , 826 
0x3E3E , 825 
0x4D4D , 854 
0x6E6E , 0 

11:33:52.477:
0x1C1C , 847 
0x2020 , 815 
0x3E3E , 838 
0x4D4D , 859 
0x6E6E , 821 

11:33:53.227:
0x1C1C , 844 
0x2020 , 0 
0x3E3E , 835 
0x4D4D , 849 
0x6E6E , 0 

11:33:53.993:
0x1C1C , 846 
0x2020 , 820 
0x3E3E , 837 
0x4D4D , 861 
0x6E6E , 829 

11:33:54.727:
0x1C1C , 847 
0x2020 
11:33:54.743:
, 0 
0x3E3E , 831 
0x4D4D , 856 
0x6E6E , 0 

11:33:55.524:
0x1C1C , 841 
0x2020 , 817 
0x3E3E , 837 
0x4D4D , 862 
0x6E6E , 0 

11:33:56.306:
0x1C1C , 843 
0x2020 , 0 
0x3E3E , 836 
0x4D4D , 855 
0x6E6E , 820 

11:33:57.071:
0x1C1C , 845 
0x2020 , 821 
0x3E3E , 0 
0x4D4D , 858 
0x6E6E , 0 

11:33:57.821:
0x1C1C , 849 
0x2020 , 0 
0x3E3E , 0 
0x4D4D , 0 
0x6E6E , 0 

11:33:59.509:
0x1C1C , 844 
0x2020 , 8
11:33:59.524:
18 
0x3E3E , 0 
0x4D4D , 861 
0x6E6E , 0 

11:34:00.228:
0x1C1C , 841 
0x2020 , 0 
0x3E3E , 0 
0x4D4D 
11:34:00.243:
, 857 
0x6E6E , 0 

11:34:00.978:
0x1C1C , 843 
0x2020 , 816 
0x3E3E , 0 
0x4D4D , 857 
0x6E6E , 0 

11:34:01.681:
0x1C1C , 845 
0x202
11:34:01.696:
0 , 0 
0x3E3E , 0 
0x4D4D , 862 
0x6E6E , 0 

11:34:02.446:
0x1C1C , 845 
0x2020 , 817 
0x3E3E , 0 
0x4D4D , 869 
0x6E6E , 0 

11:34:03.181:
0x1C1C , 847 
0x2020 , 0 
0x3E3E , 0 
0x4D4D , 854 
0x6E6E , 0 

11:34:03.932:
0x1C1C , 844 
0x2020 , 818 
0x3E3E , 0 
0x4D4D , 851 
0x6E6E , 0 
