0x1C1C , 845 
0x2020 , 826 
0x3E3E , 847 
0x4D4D , 867 
0x6E6E , 819 
0x1C1C , 840 
0x2020 , 825 
0x3E3E , 843 
0x4D4D , 854 
0x6E6E , 0 
0x1C1C , 845 
0x2020 , 0 
0x3E3E , 841 
0x4D4D , 849 
0x6E6E , 825 
0x1C1C , 843 
0x2020 , 0 
0x3E3E , 844 
0x4D4D , 854 
0x6E6E , 823 
0x1C1C , 846 
0x2020 , 0 
0x3E3E , 841 
0x4D4D , 862 
0x6E6E , 0 
0x1C1C , 844 
0x2020 , 825 
0x3E3E , 841 
0x4D4D , 858 
0x6E6E , 825 
0x1C1C , 845 
0x2020 , 0 
0x3E3E , 842 
0x4D4D , 855 
0x6E6E , 0 
0x1C1C , 848 
0x2020 , 0 
0x3E3E , 840 
0x4D4D , 857 
0x6E6E , 825 
0x1C1C , 842 
0x2020 , 827 
0x3E3E , 841 
0x4D4D , 855 
0x6E6E , 0 
0x1C1C , 841 
0x2020 , 0 
0x3E3E , 842 
0x4D4D , 855 
0x6E6E , 828 
0x1C1C , 847 
0x2020 , 0 
0x3E3E , 845 
0x4D4D , 854 
0x6E6E , 0 
0x1C1C , 845 
0x2020 , 821 
0x3E3E , 845 
0x4D4D , 863 
0x6E6E , 824 
0x1C1C , 844 
0x2020 , 0 
0x3E3E , 842 
0x4D4D , 858 
0x6E6E , 0 
0x1C1C , 840 
0x2020 , 827 
0x3E3E , 842 
0x4D4D , 853 
0x6E6E , 827 
0x1C1C , 851 
0x2020 , 0 
0x3E3E , 840 
0x4D4D , 858 
0x6E6E , 0 
0x1C1C , 839 
0x2020 , 826 
0x3E3E , 841 
0x4D4D , 855 
0x6E6E , 823 
0x1C1C , 839 
0x2020 , 822 
0x3E3E , 843 
0x4D4D , 854 
0x6E6E , 824 
0x1C1C , 847 
0x2020 , 0 
0x3E3E , 844 
0x4D4D , 856 
0x6E6E , 0 
0x1C1C , 841 
0x2020 , 828 
0x3E3E , 841 
0x4D4D , 854 
0x6E6E , 824 
0x1C1C , 844 
0x2020 , 0 
0x3E3E , 841 
0x4D4D , 855 
0x6E6E , 0 
0x1C1C , 840 
0x2020 , 816 
0x3E3E , 839 
0x4D4D , 859 
0x6E6E , 828 
0x1C1C , 844 
0x2020 , 0 
0x3E3E , 842 
0x4D4D , 854 
0x6E6E , 0 
0x1C1C , 844 
0x2020 , 824 
0x3E3E , 839 
0x4D4D , 856 
0x6E6E , 825 
0x1C1C , 837 
0x2020 , 0 
0x3E3E , 840 
0x4D4D , 858 
0x6E6E , 0 
0x1C1C , 846 
0x2020 , 0 
0x3E3E , 840 
0x4D4D , 854 
0x6E6E , 824 
0x1C1C , 842 
0x2020 , 829 
0x3E3E , 843 
0x4D4D , 851 
0x6E6E , 0 
0x1C1C , 840 
0x2020 , 0 
0x3E3E , 838 
0x4D4D , 860 
0x6E6E , 823 
0x1C1C , 844 
0x2020 , 819 
0x3E3E , 840 
0x4D4D , 857 
0x6E6E , 0 
0x1C1C , 844 
0x2020 , 0 
0x3E3E , 841 
0x4D4D , 857 
0x6E6E , 822 
0x1C1C , 848 
0x2020 , 0 
0x3E3E , 842 
0x4D4D , 855 
0x6E6E , 822 
0x1C1C , 844 
0x2020 , 820 
0x3E3E , 843 
0x4D4D , 853 
0x6E6E , 0 
0x1C1C , 843 
0x2020 , 0 
0x3E3E , 838 
0x4D4D , 854 
0x6E6E , 825 
0x1C1C , 840 
0x2020 , 823 
0x3E3E , 834 
0x4D4D , 860 
0x6E6E , 0 
0x1C1C , 842 
0x2020 , 0 
0x3E3E , 839 
0x4D4D , 857 
0x6E6E , 828 
0x1C1C , 847 
0x2020 , 0 
0x3E3E , 841 
0x4D4D , 851 
0x6E6E , 0 
0x1C1C , 845 
0x2020 , 825 
0x3E3E , 839 
0x4D4D , 858 
0x6E6E , 826 
0x1C1C , 845 
0x2020 , 0 
0x3E3E , 838 
0x4D4D , 866 
0x6E6E , 0 
0x1C1C , 841 
0x2020 , 825 
0x3E3E , 839 
0x4D4D , 866 
0x6E6E , 825 
0x1C1C , 842 
0x2020 , 0 
0x3E3E , 838 
0x4D4D , 853 
0x6E6E , 0 
0x1C1C , 844 
0x2020 , 830 
0x3E3E , 839 
0x4D4D , 853 
0x6E6E , 0 
0x1C1C , 843 
0x2020 , 0 
0x3E3E , 842 
0x4D4D , 856 
0x6E6E , 822 
0x1C1C , 847 
0x2020 , 0 
0x3E3E , 841 
0x4D4D , 851 
0x6E6E , 0 
0x1C1C , 855 
0x2020 , 827 
0x3E3E , 842 
0x4D4D , 868 
0x6E6E , 0 
0x1C1C , 839 
0x2020 , 0 
0x3E3E , 836 
0x4D4D , 855 
0x6E6E , 830 
0x1C1C , 857 
0x2020 , 825 
0x3E3E , 846 
0x4D4D , 867 
0x6E6E , 0 
0x1C1C , 846 
0x2020 , 0 
0x3E3E , 845 
0x4D4D , 861 
0x6E6E , 830 
0x1C1C , 841 
0x2020 , 825 
0x3E3E , 836 
0x4D4D , 0 
0x6E6E , 0 
0x1C1C , 851 
0x2020 , 0 
0x3E3E , 848 
0x4D4D , 0 
0x6E6E , 0 
0x1C1C , 842 
0x2020 , 0 
0x3E3E , 839 
0x4D4D , 865 
0x6E6E , 831 
0x1C1C , 854 
0x2020 , 0 
0x3E3E , 836 
0x4D4D , 867 
0x6E6E , 0 
0x1C1C , 848 
0x2020 , 0 
0x3E3E , 844 
0x4D4D , 855 
0x6E6E , 0 
0x1C1C , 839 
0x2020 , 0 
0x3E3E , 0 
0x4D4D , 0 
0x6E6E , 0 
0x1C1C , 0 
0x2020 , 0 
0x3E3E , 835 
0x4D4D , 0 
0x6E6E , 828 
0x1C1C , 0 
0x2020 , 0 
0x3E3E , 836 
0x4D4D , 0 
0x6E6E , 0 
0x1C1C , 842 
0x2020 , 0 
0x3E3E , 843 
0x4D4D , 847 
0x6E6E , 0 
0x1C1C , 845 
0x2020 , 0 
0x3E3E , 0 
0x4D4D , 0 
0x6E6E , 0 
0x1C1C , 0 
0x2020 , 0 
0x3E3E , 842 
0x4D4D , 0 
0x6E6E , 0 
0x1C1C , 0 
0x2020 , 0 
0x3E3E , 844 
0x4D4D , 0 
0x6E6E , 839 
0x1C1C , 849 
0x2020 , 0 
0x3E3E , 846 
0x4D4D , 864 
0x6E6E , 0 
0x1C1C , 848 
0x2020 , 0 
0x3E3E , 848 
0x4D4D , 860 
0x6E6E , 836 
0x1C1C , 850 
0x2020 , 0 
0x3E3E , 846 
0x4D4D , 863 
0x6E6E , 0 
0x1C1C , 844 
0x2020 , 0 
0x3E3E , 840 
0x4D4D , 866 
0x6E6E , 833 
0x1C1C , 857 
0x2020 , 0 
0x3E3E , 846 
0x4D4D , 870 
0x6E6E , 0 
0x1C1C , 853 
0x2020 , 0 
0x3E3E , 845 
0x4D4D , 895 
0x6E6E , 0 
0x1C1C , 850 
0x2020 , 0 
0x3E3E , 0 
0x4D4D , 0 
0x6E6E , 0 
0x1C1C , 0 
0x2020 , 0 
0x3E3E , 841 
0x4D4D , 0 
0x6E6E , 0 
0x1C1C , 0 
0x2020 , 0 
0x3E3E , 0 
0x4D4D , 0 
0x6E6E , 829 
0x1C1C , 0 
0x2020 , 0 
0x3E3E , 0 
0x4D4D , 0 
0x6E6E , 0 
0x1C1C , 842 
0x2020 , 0 
0x3E3E , 836 
0x4D4D , 875 
0x6E6E , 830 
0x1C1C , 848 
0x2020 , 0 
0x3E3E , 833 
0x4D4D , 860 
0x6E6E , 0 
0x1C1C , 845 
0x2020 , 0 
0x3E3E , 0 
0x4D4D , 884 
0x6E6E , 0 
0x1C1C , 850 
0x2020 , 0 
0x3E3E , 841 
0x4D4D , 864 
0x6E6E , 0 
0x1C1C , 845 
0x2020 , 0 
0x3E3E , 839 
0x4D4D , 872 
0x6E6E , 821 
0x1C1C , 843 
0x2020 , 0 
0x3E3E , 838 
0x4D4D , 864 
0x6E6E , 0 
0x1C1C , 853 
0x2020 , 0 
0x3E3E , 841 
0x4D4D , 859 
0x6E6E , 0 
0x1C1C , 846 
0x2020 , 0 
0x3E3E , 840 
0x4D4D , 878 
0x6E6E , 826 
0x1C1C , 848 
0x2020 , 0 
0x3E3E , 838 
0x4D4D , 873 
0x6E6E , 0 
0x1C1C , 840 
0x2020 , 0 
0x3E3E , 841 
0x4D4D , 0 
0x6E6E , 0 
0x1C1C , 844 
0x2020 , 0 
0x3E3E , 841 
0x4D4D , 0 
0x6E6E , 826 
0x1C1C , 849 
0x2020 , 0 
0x3E3E , 0 
0x4D4D , 865 
0x6E6E , 0 
0x1C1C , 844 
0x2020 , 0 
0x3E3E , 843 
0x4D4D , 852 
0x6E6E , 829 
0x1C1C , 847 
0x2020 , 0 
0x3E3E , 841 
0x4D4D , 858 
0x6E6E , 0 
0x1C1C , 843 
0x2020 , 0 
0x3E3E , 0 
0x4D4D , 867 
0x6E6E , 0 
0x1C1C , 847 
0x2020 , 0 
0x3E3E , 844 
0x4D4D , 860 
0x6E6E , 818 
0x1C1C , 846 
0x2020 , 0 
0x3E3E , 0 
0x4D4D , 865 
0x6E6E , 822 
0x1C1C , 847 
0x2020 , 0 
0x3E3E , 841 
0x4D4D , 859 
0x6E6E , 0 
0x1C1C , 851 
0x2020 , 0 
0x3E3E , 839 
0x4D4D , 861 
0x6E6E , 0 
0x1C1C , 844 
0x2020 , 0 
0x3E3E , 842 
0x4D4D , 860 
0x6E6E , 824 
0x1C1C , 842 
0x2020 , 0 
0x3E3E , 837 
0x4D4D , 862 
0x6E6E , 0 
0x1C1C , 852 
0x2020 , 0 
0x3E3E , 841 
0x4D4D , 866 
0x6E6E , 0 
0x1C1C , 846 
0x2020 , 0 
0x3E3E , 842 
0x4D4D , 860 
0x6E6E , 821 
0x1C1C , 842 
0x2020 , 0 
0x3E3E , 839 
0x4D4D , 848 
0x6E6E , 0 
0x1C1C , 848 
0x2020 , 0 
0x3E3E , 0 
0x4D4D , 873 
0x6E6E , 817 
0x1C1C , 843 
0x2020 , 0 
0x3E3E , 835 
0x4D4D , 872 
0x6E6E , 0 
0x1C1C , 846 
0x2020 , 0 
0x3E3E , 839 
0x4D4D , 862 
0x6E6E , 0 
0x1C1C , 841 
0x2020 , 0 
0x3E3E , 839 
0x4D4D , 861 
0x6E6E , 826 
0x1C1C , 845 
0x2020 , 0 
0x3E3E , 840 
0x4D4D , 876 
0x6E6E , 0 
0x1C1C , 847 
0x2020 , 0 
0x3E3E , 840 
0x4D4D , 866 
0x6E6E , 0 
0x1C1C , 845 
0x2020 , 0 
0x3E3E , 839 
0x4D4D , 857 
0x6E6E , 824 
0x1C1C , 846 
0x2020 , 0 
0x3E3E , 844 
0x4D4D , 870 
0x6E6E , 0 
0x1C1C , 847 
0x2020 , 0 
0x3E3E , 839 
0x4D4D , 863 
0x6E6E , 0 
0x1C1C , 850 
0x2020 , 0 
0x3E3E , 835 
0x4D4D , 870 
0x6E6E , 818 
0x1C1C , 848 
0x2020 , 0 
0x3E3E , 840 
0x4D4D , 860 
0x6E6E , 0 
0x1C1C , 846 
0x2020 , 0 
0x3E3E , 837 
0x4D4D , 865 
0x6E6E , 0 
0x1C1C , 851 
0x2020 , 0 
0x3E3E , 0 
0x4D4D , 859 
0x6E6E , 823 
0x1C1C , 852 
0x2020 , 0 
0x3E3E , 845 
0x4D4D , 865 
0x6E6E , 827 
0x1C1C , 847 
0x2020 , 0 
0x3E3E , 841 
0x4D4D , 877 
0x6E6E , 0 
0x1C1C , 850 
0x2020 , 0 
0x3E3E , 842 
0x4D4D , 868 
0x6E6E , 822 
0x1C1C , 849 
0x2020 , 0 
0x3E3E , 840 
0x4D4D , 877 
0x6E6E , 0 
0x1C1C , 851 
0x2020 , 0 
0x3E3E , 838 
0x4D4D , 864 
0x6E6E , 0 
0x1C1C , 844 
0x2020 , 0 
0x3E3E , 841 
0x4D4D , 865 
0x6E6E , 825 
0x1C1C , 847 
0x2020 , 0 
0x3E3E , 838 
0x4D4D , 870 
0x6E6E , 0 
0x1C1C , 848 
0x2020 , 0 
0x3E3E , 839 
0x4D4D , 874 
0x6E6E , 0 
0x1C1C , 846 
0x2020 , 0 
0x3E3E , 838 
0x4D4D , 867 
0x6E6E , 822 
0x1C1C , 839 
0x2020 , 0 
0x3E3E , 0 
0x4D4D , 865 
0x6E6E , 0 
0x1C1C , 847 
0x2020 , 0 
0x3E3E , 0 
0x4D4D , 863 
0x6E6E , 0 
0x1C1C , 849 
0x2020 , 0 
0x3E3E , 0 
0x4D4D , 868 
0x6E6E , 827 
0x1C1C , 847 
0x2020 , 0 
0x3E3E , 0 
0x4D4D , 856 
0x6E6E , 0 
0x1C1C , 845 
0x2020 , 0 
0x3E3E , 0 
0x4D4D , 870 
0x6E6E , 829 
0x1C1C , 847 
0x2020 , 0 
0x3E3E , 0 
0x4D4D , 862 
0x6E6E , 0 
0x1C1C , 847 
0x2020 , 0 
0x3E3E , 0 
0x4D4D , 0 
0x6E6E , 0 
0x1C1C , 0 
0x2020 , 0 
0x3E3E , 0 
0x4D4D , 855 
0x6E6E , 0 
0x1C1C , 0 
0x2020 , 0 
0x3E3E , 0 
0x4D4D , 855 
0x6E6E , 0 
0x1C1C , 847 
0x2020 , 0 
0x3E3E , 0 
0x4D4D , 871 
0x6E6E , 0 
0x1C1C , 845 
0x2020 , 0 
0x3E3E , 0 
0x4D4D , 862 
0x6E6E , 0 
0x1C1C , 839 
0x2020 , 0 
0x3E3E , 841 
0x4D4D , 857 
0x6E6E , 825 
0x1C1C , 855 
0x2020 , 0 
0x3E3E , 0 
0x4D4D , 870 
0x6E6E , 0 
0x1C1C , 855 
0x2020 , 0 
0x3E3E , 834 
0x4D4D , 857 
0x6E6E , 0 
0x1C1C , 844 
0x2020 , 0 
0x3E3E , 0 
0x4D4D , 844 
0x6E6E , 829 
0x1C1C , 845 
0x2020 , 0 
0x3E3E , 0 
0x4D4D , 0 
0x6E6E , 0 
0x1C1C , 0 
0x2020 , 0 
0x3E3E , 0 
0x4D4D , 863 
0x6E6E , 0 
0x1C1C , 845 
0x2020 , 0 
0x3E3E , 0 
0x4D4D , 861 
0x6E6E , 0 
0x1C1C , 842 
0x2020 , 0 
0x3E3E , 0 
0x4D4D , 848 
0x6E6E , 0 
0x1C1C , 841 
0x2020 , 0 
0x3E3E , 0 
0x4D4D , 858 
0x6E6E , 824 
0x1C1C , 849 
0x2020 , 0 
0x3E3E , 0 
0x4D4D , 856 
0x6E6E , 0 
0x1C1C , 856 
0x2020 , 0 
0x3E3E , 0 
0x4D4D , 855 
0x6E6E , 0 
0x1C1C , 851 
0x2020 , 0 
0x3E3E , 0 
0x4D4D , 856 
0x6E6E , 825 
0x1C1C , 843 
0x2020 , 0 
0x3E3E , 0 
0x4D4D , 850 
0x6E6E , 0 
0x1C1C , 837 
0x2020 , 0 
0x3E3E , 0 
0x4D4D , 850 
0x6E6E , 0 
0x1C1C , 841 
0x2020 , 0 
0x3E3E , 0 
0x4D4D , 848 
0x6E6E , 833 
0x1C1C , 842 
0x2020 , 0 
0x3E3E , 0 
0x4D4D , 849 
0x6E6E , 0 
0x1C1C , 844 
0x2020 , 0 
0x3E3E , 0 
0x4D4D , 849 
0x6E6E , 0 
0x1C1C , 843 
0x2020 , 0 
0x3E3E , 0 
0x4D4D , 850 
0x6E6E , 826 
0x1C1C , 847 
0x2020 , 0 
0x3E3E , 839 
0x4D4D , 863 
0x6E6E , 0 
0x1C1C , 861 
0x2020 , 0 
0x3E3E , 843 
0x4D4D , 875 
0x6E6E , 820 
0x1C1C , 848 
0x2020 , 0 
0x3E3E , 837 
0x4D4D , 855 
0x6E6E , 0 
0x1C1C , 840 
0x2020 , 0 
0x3E3E , 836 
0x4D4D , 863 
0x6E6E , 0 
0x1C1C , 838 
0x2020 , 0 
0x3E3E , 0 
0x4D4D , 849 
0x6E6E , 824 
0x1C1C , 845 
0x2020 , 0 
0x3E3E , 0 
0x4D4D , 847 
0x6E6E , 0 
0x1C1C , 842 
0x2020 , 0 
0x3E3E , 0 
0x4D4D , 855 
0x6E6E , 0 
0x1C1C , 839 
0x2020 , 0 
0x3E3E , 0 
0x4D4D , 849 
0x6E6E , 820 
0x1C1C , 842 
0x2020 , 0 
0x3E3E , 0 
0x4D4D , 850 
0x6E6E , 0 
0x1C1C , 844 
0x2020 , 0 
0x3E3E , 0 
0x4D4D , 848 
0x6E6E , 0 
0x1C1C , 834 
0x2020 , 0 
0x3E3E , 0 
0x4D4D , 845 
0x6E6E , 822 
0x1C1C , 848 
0x2020 , 0 
0x3E3E , 0 
0x4D4D , 849 
0x6E6E , 0 
0x1C1C , 840 
0x2020 , 0 
0x3E3E , 0 
0x4D4D , 849 
0x6E6E , 0 
0x1C1C , 841 
0x2020 , 0 
0x3E3E , 0 
0x4D4D , 848 
0x6E6E , 829 
0x1C1C , 0 
0x2020 , 822 
0x3E3E , 844 
0x4D4D , 858 
0x6E6E , 0 
0x1C1C , 0 
0x2020 , 825 
0x3E3E , 843 
0x4D4D , 856 
0x6E6E , 0 
0x1C1C , 841 
0x2020 , 825 
0x3E3E , 844 
0x4D4D , 855 
0x6E6E , 822 
0x1C1C , 0 
0x2020 , 825 
0x3E3E , 846 
0x4D4D , 855 
0x6E6E , 0 
0x1C1C , 846 
0x2020 , 0 
0x3E3E , 0 
0x4D4D , 0 
0x6E6E , 0 
0x1C1C , 0 
0x2020 , 0 
0x3E3E , 0 
0x4D4D , 0 
0x6E6E , 0 
0x1C1C , 0 
0x2020 , 824 
0x3E3E , 0 
0x4D4D , 0 
0x6E6E , 0 
0x1C1C , 848 
0x2020 , 0 
0x3E3E , 0 
0x4D4D , 0 
0x6E6E , 0 
0x1C1C , 846 
0x2020 , 818 
0x3E3E , 841 
0x4D4D , 860 
0x6E6E , 822 
0x1C1C , 845 
0x2020 , 0 
0x3E3E , 840 
0x4D4D , 855 
0x6E6E , 0 
0x1C1C , 845 
0x2020 , 826 
0x3E3E , 840 
0x4D4D , 856 
0x6E6E , 827 
0x1C1C , 846 
0x2020 , 0 
0x3E3E , 837 
0x4D4D , 850 
0x6E6E , 0 
0x1C1C , 840 
0x2020 , 835 
0x3E3E , 836 
0x4D4D , 850 
0x6E6E , 813 
0x1C1C , 0 
0x2020 , 829 
0x3E3E , 840 
0x4D4D , 852 
0x6E6E , 819 
0x1C1C , 846 
0x2020 , 0 
0x3E3E , 845 
0x4D4D , 854 
0x6E6E , 0 
0x1C1C , 849 
0x2020 , 823 
0x3E3E , 843 
0x4D4D , 854 
0x6E6E , 824 
0x1C1C , 843 
0x2020 , 0 
0x3E3E , 837 
0x4D4D , 861 
0x6E6E , 0 
0x1C1C , 847 
0x2020 , 822 
0x3E3E , 839 
0x4D4D , 847 
0x6E6E , 827 
0x1C1C , 0 
0x2020 , 0 
0x3E3E , 840 
0x4D4D , 853 
0x6E6E , 0 
0x1C1C , 844 
0x2020 , 832 
0x3E3E , 835 
0x4D4D , 852 
0x6E6E , 827 
0x1C1C , 0 
0x2020 , 0 
0x3E3E , 841 
0x4D4D , 856 
0x6E6E , 0 
0x1C1C , 0 
0x2020 , 813 
0x3E3E , 843 
0x4D4D , 861 
0x6E6E , 0 
0x1C1C , 840 
0x2020 , 0 
0x3E3E , 842 
0x4D4D , 872 
0x6E6E , 829 
0x1C1C , 839 
0x2020 , 823 
0x3E3E , 836 
0x4D4D , 855 
0x6E6E , 0 
0x1C1C , 853 
0x2020 , 0 
0x3E3E , 844 
0x4D4D , 865 
0x6E6E , 833 
0x1C1C , 850 
0x2020 , 822 
0x3E3E , 843 
0x4D4D , 865 
0x6E6E , 0 
0x1C1C , 852 
0x2020 , 830 
0x3E3E , 844 
0x4D4D , 861 
0x6E6E , 0 
0x1C1C , 850 
0x2020 , 0 
0x3E3E , 841 
0x4D4D , 857 
0x6E6E , 0 
0x1C1C , 850 
0x2020 , 827 
0x3E3E , 839 
0x4D4D , 856 
0x6E6E , 830 
0x1C1C , 0 
0x2020 , 821 
0x3E3E , 844 
0x4D4D , 854 
0x6E6E , 831 
0x1C1C , 0 
0x2020 , 0 
0x3E3E , 840 
0x4D4D , 857 
0x6E6E , 0 
0x1C1C , 848 
0x2020 , 816 
0x3E3E , 838 
0x4D4D , 853 
0x6E6E , 827 
0x1C1C , 0 
0x2020 , 0 
0x3E3E , 839 
0x4D4D , 848 
0x6E6E , 0 
0x1C1C , 838 
0x2020 , 821 
0x3E3E , 839 
0x4D4D , 852 
0x6E6E , 826 
0x1C1C , 849 
0x2020 , 822 
0x3E3E , 837 
0x4D4D , 855 
0x6E6E , 827 
0x1C1C , 848 
0x2020 , 0 
0x3E3E , 840 
0x4D4D , 853 
0x6E6E , 0 
0x1C1C , 848 
0x2020 , 821 
0x3E3E , 835 
0x4D4D , 861 
0x6E6E , 833 
0x1C1C , 844 
0x2020 , 815 
0x3E3E , 832 
0x4D4D , 850 
0x6E6E , 831 
0x1C1C , 845 
0x2020 , 815 
0x3E3E , 843 
0x4D4D , 872 
0x6E6E , 833 
0x1C1C , 848 
0x2020 , 0 
0x3E3E , 836 
0x4D4D , 859 
0x6E6E , 0 
0x1C1C , 844 
0x2020 , 803 
0x3E3E , 840 
0x4D4D , 864 
0x6E6E , 840 
0x1C1C , 842 
0x2020 , 0 
0x3E3E , 843 
0x4D4D , 862 
0x6E6E , 0 
0x1C1C , 843 
0x2020 , 816 
0x3E3E , 845 
0x4D4D , 861 
0x6E6E , 835 
0x1C1C , 848 
0x2020 , 0 
0x3E3E , 839 
0x4D4D , 871 
0x6E6E , 0 
0x1C1C , 840 
0x2020 , 807 
0x3E3E , 836 
0x4D4D , 858 
0x6E6E , 0 
0x1C1C , 846 
0x2020 , 0 
0x3E3E , 843 
0x4D4D , 867 
0x6E6E , 825 
0x1C1C , 842 
0x2020 , 803 
0x3E3E , 832 
0x4D4D , 870 
0x6E6E , 0 
0x1C1C , 838 
0x2020 , 0 
0x3E3E , 830 
0x4D4D , 862 
0x6E6E , 827 
0x1C1C , 840 
0x2020 , 0 
0x3E3E , 0 
0x4D4D , 0 
0x6E6E , 0 
0x1C1C , 0 
0x2020 , 0 
0x3E3E , 0 
0x4D4D , 0 
0x6E6E , 0 
0x1C1C , 0 
0x2020 , 803 
0x3E3E , 0 
0x4D4D , 0 
0x6E6E , 0 
0x1C1C , 0 
0x2020 , 0 
0x3E3E , 0 
0x4D4D , 0 
0x6E6E , 0 
0x1C1C , 849 
0x2020 , 803 
0x3E3E , 827 
0x4D4D , 891 
0x6E6E , 0 
0x1C1C , 852 
0x2020 , 0 
0x3E3E , 828 
0x4D4D , 867 
0x6E6E , 0 
0x1C1C , 855 
0x2020 , 810 
0x3E3E , 831 
0x4D4D , 854 
0x6E6E , 821 
0x1C1C , 848 
0x2020 , 0 
0x3E3E , 826 
0x4D4D , 850 
0x6E6E , 0 
0x1C1C , 849 
0x2020 , 815 
0x3E3E , 829 
0x4D4D , 855 
0x6E6E , 822 
0x1C1C , 857 
0x2020 , 0 
0x3E3E , 833 
0x4D4D , 881 
0x6E6E , 0 
0x1C1C , 856 
0x2020 , 812 
0x3E3E , 829 
0x4D4D , 886 
0x6E6E , 822 
0x1C1C , 859 
0x2020 , 0 
0x3E3E , 830 
0x4D4D , 863 
0x6E6E , 0 
0x1C1C , 856 
0x2020 , 816 
0x3E3E , 832 
0x4D4D , 857 
0x6E6E , 819 
0x1C1C , 853 
0x2020 , 0 
0x3E3E , 829 
0x4D4D , 875 
0x6E6E , 0 
0x1C1C , 858 
0x2020 , 0 
0x3E3E , 833 
0x4D4D , 857 
0x6E6E , 0 
0x1C1C , 849 
0x2020 , 810 
0x3E3E , 824 
0x4D4D , 851 
0x6E6E , 819 
0x1C1C , 855 
0x2020 , 0 
0x3E3E , 832 
0x4D4D , 882 
0x6E6E , 0 
0x1C1C , 853 
0x2020 , 810 
0x3E3E , 833 
0x4D4D , 868 
0x6E6E , 818 
0x1C1C , 854 
0x2020 , 0 
0x3E3E , 0 
0x4D4D , 0 
0x6E6E , 0 
0x1C1C , 0 
0x2020 , 0 
0x3E3E , 0 
0x4D4D , 0 
0x6E6E , 0 
0x1C1C , 0 
0x2020 , 0 
0x3E3E , 836 
0x4D4D , 0 
0x6E6E , 0 
0x1C1C , 0 
0x2020 , 0 
0x3E3E , 834 
0x4D4D , 0 
0x6E6E , 0 
0x1C1C , 847 
0x2020 , 0 
0x3E3E , 830 
0x4D4D , 850 
0x6E6E , 0 
0x1C1C , 852 
0x2020 , 811 
0x3E3E , 829 
0x4D4D , 846 
0x6E6E , 825 
0x1C1C , 858 
0x2020 , 0 
0x3E3E , 835 
0x4D4D , 872 
0x6E6E , 0 
0x1C1C , 854 
0x2020 , 808 
0x3E3E , 832 
0x4D4D , 883 
0x6E6E , 813 
0x1C1C , 854 
0x2020 , 0 
0x3E3E , 828 
0x4D4D , 861 
0x6E6E , 0 
0x1C1C , 853 
0x2020 , 0 
0x3E3E , 833 
0x4D4D , 878 
0x6E6E , 0 
0x1C1C , 847 
0x2020 , 804 
0x3E3E , 835 
0x4D4D , 878 
0x6E6E , 820 
0x1C1C , 848 
0x2020 , 0 
0x3E3E , 833 
0x4D4D , 864 
0x6E6E , 0 
0x1C1C , 855 
0x2020 , 812 
0x3E3E , 834 
0x4D4D , 871 
0x6E6E , 822 
0x1C1C , 852 
0x2020 , 0 
0x3E3E , 836 
0x4D4D , 879 
0x6E6E , 0 
0x1C1C , 0 
0x2020 , 0 
0x3E3E , 0 
0x4D4D , 0 
0x6E6E , 0 
0x1C1C , 861 
0x2020 , 814 
0x3E3E , 852 
0x4D4D , 883 
0x6E6E , 826 
0x1C1C , 859 
0x2020 , 0 
0x3E3E , 850 
0x4D4D , 879 
0x6E6E , 0 
0x1C1C , 864 
0x2020 , 810 
0x3E3E , 836 
0x4D4D , 869 
0x6E6E , 826 
0x1C1C , 857 
0x2020 , 0 
0x3E3E , 840 
0x4D4D , 870 
0x6E6E , 0 
0x1C1C , 856 
0x2020 , 807 
0x3E3E , 841 
0x4D4D , 0 
0x6E6E , 832 
0x1C1C , 0 
0x2020 , 0 
0x3E3E , 0 
0x4D4D , 867 
0x6E6E , 0 
0x1C1C , 853 
0x2020 , 0 
0x3E3E , 834 
0x4D4D , 849 
0x6E6E , 0 
0x1C1C , 857 
0x2020 , 817 
0x3E3E , 840 
0x4D4D , 886 
0x6E6E , 839 
0x1C1C , 861 
0x2020 , 0 
0x3E3E , 840 
0x4D4D , 880 
0x6E6E , 0 
0x1C1C , 845 
0x2020 , 817 
0x3E3E , 837 
0x4D4D , 842 
0x6E6E , 850 
0x1C1C , 860 
0x2020 , 0 
0x3E3E , 837 
0x4D4D , 885 
0x6E6E , 0 
0x1C1C , 856 
0x2020 , 809 
0x3E3E , 845 
0x4D4D , 887 
0x6E6E , 852 
0x1C1C , 855 
0x2020 , 0 
0x3E3E , 840 
0x4D4D , 879 
0x6E6E , 0 
0x1C1C , 849 
0x2020 , 813 
0x3E3E , 837 
0x4D4D , 844 
0x6E6E , 844 
0x1C1C , 850 
0x2020 , 0 
0x3E3E , 833 
0x4D4D , 857 
0x6E6E , 0 
0x1C1C , 867 
0x2020 , 814 
0x3E3E , 839 
0x4D4D , 875 
0x6E6E , 849 
0x1C1C , 856 
0x2020 , 0 
0x3E3E , 838 
0x4D4D , 869 
0x6E6E , 0 
0x1C1C , 855 
0x2020 , 811 
0x3E3E , 836 
0x4D4D , 876 
0x6E6E , 860 
0x1C1C , 856 
0x2020 , 0 
0x3E3E , 841 
0x4D4D , 874 
0x6E6E , 0 
0x1C1C , 848 
0x2020 , 0 
0x3E3E , 849 
0x4D4D , 864 
0x6E6E , 0 
0x1C1C , 846 
0x2020 , 852 
0x3E3E , 846 
0x4D4D , 867 
0x6E6E , 830 
0x1C1C , 843 
0x2020 , 0 
0x3E3E , 837 
0x4D4D , 859 
0x6E6E , 0 
0x1C1C , 0 
0x2020 , 0 
0x3E3E , 0 
0x4D4D , 0 
0x6E6E , 0 
0x1C1C , 856 
0x2020 , 814 
0x3E3E , 840 
0x4D4D , 886 
0x6E6E , 817 
0x1C1C , 858 
0x2020 , 0 
0x3E3E , 843 
0x4D4D , 870 
0x6E6E , 0 
0x1C1C , 848 
0x2020 , 818 
0x3E3E , 833 
0x4D4D , 861 
0x6E6E , 822 
0x1C1C , 854 
0x2020 , 0 
0x3E3E , 838 
0x4D4D , 875 
0x6E6E , 0 
0x1C1C , 855 
0x2020 , 817 
0x3E3E , 834 
0x4D4D , 880 
0x6E6E , 812 
0x1C1C , 854 
0x2020 , 0 
0x3E3E , 838 
0x4D4D , 865 
0x6E6E , 0 
0x1C1C , 851 
0x2020 , 819 
0x3E3E , 841 
0x4D4D , 869 
0x6E6E , 820 
0x1C1C , 859 
0x2020 , 0 
0x3E3E , 843 
0x4D4D , 877 
0x6E6E , 0 
0x1C1C , 856 
0x2020 , 0 
0x3E3E , 838 
0x4D4D , 873 
0x6E6E , 0 
0x1C1C , 852 
0x2020 , 814 
0x3E3E , 840 
0x4D4D , 881 
0x6E6E , 815 
0x1C1C , 852 
0x2020 , 0 
0x3E3E , 836 
0x4D4D , 888 
0x6E6E , 0 
0x1C1C , 838 
0x2020 , 817 
0x3E3E , 831 
0x4D4D , 851 
0x6E6E , 817 
0x1C1C , 842 
0x2020 , 0 
0x3E3E , 837 
0x4D4D , 845 
0x6E6E , 0 
0x1C1C , 846 
0x2020 , 825 
0x3E3E , 836 
0x4D4D , 854 
0x6E6E , 824 
0x1C1C , 848 
0x2020 , 0 
0x3E3E , 839 
0x4D4D , 852 
0x6E6E , 0 
0x1C1C , 840 
0x2020 , 822 
0x3E3E , 839 
0x4D4D , 858 
0x6E6E , 825 
0x1C1C , 848 
0x2020 , 0 
0x3E3E , 833 
0x4D4D , 850 
0x6E6E , 0 
0x1C1C , 0 
0x2020 , 823 
0x3E3E , 837 
0x4D4D , 854 
0x6E6E , 0 
0x1C1C , 0 
0x2020 , 0 
0x3E3E , 836 
0x4D4D , 860 
0x6E6E , 824 
0x1C1C , 0 
0x2020 , 818 
0x3E3E , 835 
0x4D4D , 855 
0x6E6E , 0 
0x1C1C , 845 
0x2020 , 0 
0x3E3E , 834 
0x4D4D , 857 
0x6E6E , 827 
0x1C1C , 846 
0x2020 , 0 
0x3E3E , 837 
0x4D4D , 852 
0x6E6E , 823 
0x1C1C , 848 
0x2020 , 0 
0x3E3E , 836 
0x4D4D , 853 
0x6E6E , 0 
0x1C1C , 844 
0x2020 , 825 
0x3E3E , 835 
0x4D4D , 854 
0x6E6E , 0 
0x1C1C , 844 
0x2020 , 0 
0x3E3E , 837 
0x4D4D , 851 
0x6E6E , 824 
0x1C1C , 846 
0x2020 , 818 
0x3E3E , 840 
0x4D4D , 860 
0x6E6E , 0 
0x1C1C , 841 
0x2020 , 0 
0x3E3E , 836 
0x4D4D , 855 
0x6E6E , 822 
0x1C1C , 840 
0x2020 , 0 
0x3E3E , 833 
0x4D4D , 863 
0x6E6E , 0 
0x1C1C , 849 
0x2020 , 0 
0x3E3E , 840 
0x4D4D , 854 
0x6E6E , 819 
0x1C1C , 844 
0x2020 , 825 
0x3E3E , 846 
0x4D4D , 848 
0x6E6E , 0 
0x1C1C , 853 
0x2020 , 0 
0x3E3E , 835 
0x4D4D , 858 
0x6E6E , 828 
0x1C1C , 843 
0x2020 , 825 
0x3E3E , 846 
0x4D4D , 853 
0x6E6E , 0 
0x1C1C , 848 
0x2020 , 0 
0x3E3E , 844 
0x4D4D , 855 
0x6E6E , 825 
0x1C1C , 849 
0x2020 , 827 
0x3E3E , 839 
0x4D4D , 857 
0x6E6E , 0 
0x1C1C , 843 
0x2020 , 827 
0x3E3E , 840 
0x4D4D , 858 
0x6E6E , 0 
0x1C1C , 845 
0x2020 , 0 
0x3E3E , 837 
0x4D4D , 858 
0x6E6E , 824 
0x1C1C , 844 
0x2020 , 823 
0x3E3E , 841 
0x4D4D , 862 
0x6E6E , 0 
0x1C1C , 843 
0x2020 , 0 
0x3E3E , 839 
0x4D4D , 856 
0x6E6E , 825 
0x1C1C , 840 
0x2020 , 825 
0x3E3E , 842 
0x4D4D , 862 
0x6E6E , 0 
0x1C1C , 844 
0x2020 , 0 
0x3E3E , 842 
0x4D4D , 857 
0x6E6E , 828 
0x1C1C , 842 
0x2020 , 822 
0x3E3E , 842 
0x4D4D , 855 
0x6E6E , 0 
0x1C1C , 847 
0x2020 , 0 
0x3E3E , 838 
0x4D4D , 852 
0x6E6E , 823 
0x1C1C , 843 
0x2020 , 0 
0x3E3E , 844 
0x4D4D , 855 
0x6E6E , 0 
0x1C1C , 846 
0x2020 , 826 
0x3E3E , 840 
0x4D4D , 862 
0x6E6E , 0 
0x1C1C , 841 
0x2020 , 0 
0x3E3E , 843 
0x4D4D , 852 
0x6E6E , 827 
0x1C1C , 848 
0x2020 , 0 
0x3E3E , 845 
0x4D4D , 854 
0x6E6E , 0 
0x1C1C , 844 
0x2020 , 0 
0x3E3E , 837 
0x4D4D , 846 
0x6E6E , 822 
0x1C1C , 0 
0x2020 , 0 
0x3E3E , 0 
0x4D4D , 857 
0x6E6E , 0 
0x1C1C , 845 
0x2020 , 826 
0x3E3E , 0 
0x4D4D , 853 
0x6E6E , 0 
0x1C1C , 842 
0x2020 , 0 
0x3E3E , 841 
0x4D4D , 848 
0x6E6E , 0 
0x1C1C , 851 
0x2020 , 0 
0x3E3E , 837 
0x4D4D , 854 
0x6E6E , 821 
0x1C1C , 847 
0x2020 , 822 
0x3E3E , 839 
0x4D4D , 855 
0x6E6E , 0 
0x1C1C , 843 
0x2020 , 0 
0x3E3E , 841 
0x4D4D , 857 
0x6E6E , 822 
0x1C1C , 842 
0x2020 , 0 
0x3E3E , 837 
0x4D4D , 853 
0x6E6E , 0 
0x1C1C , 842 
0x2020 , 820 
0x3E3E , 838 
0x4D4D , 858 
0x6E6E , 0 
0x1C1C , 845 
0x2020 , 0 
0x3E3E , 837 
0x4D4D , 855 
0x6E6E , 822 
0x1C1C , 845 
0x2020 , 0 
0x3E3E , 834 
0x4D4D , 852 
0x6E6E , 0 
0x1C1C , 844 
0x2020 , 0 
0x3E3E , 836 
0x4D4D , 855 
0x6E6E , 0 
0x1C1C , 843 
0x2020 , 0 
0x3E3E , 838 
0x4D4D , 861 
0x6E6E , 822 
0x1C1C , 843 
0x2020 , 817 
0x3E3E , 842 
0x4D4D , 865 
0x6E6E , 0 
0x1C1C , 844 
0x2020 , 0 
0x3E3E , 840 
0x4D4D , 853 
0x6E6E , 819 
0x1C1C , 843 
0x2020 , 822 
0x3E3E , 838 
0x4D4D , 858 
0x6E6E , 0 
0x1C1C , 847 
0x2020 , 0 
0x3E3E , 834 
0x4D4D , 856 
0x6E6E , 0 
0x1C1C , 842 
0x2020 , 818 
0x3E3E , 840 
0x4D4D , 853 
0x6E6E , 827 
0x1C1C , 851 
0x2020 , 0 
0x3E3E , 839 
0x4D4D , 855 
0x6E6E , 0 
0x1C1C , 0 
0x2020 , 0 
0x3E3E , 0 
0x4D4D , 853 
0x6E6E , 825 
0x1C1C , 845 
0x2020 , 828 
0x3E3E , 0 
0x4D4D , 0 
0x6E6E , 0 
0x1C1C , 842 
0x2020 , 0 
0x3E3E , 840 
0x4D4D , 851 
0x6E6E , 0 
0x1C1C , 846 
0x2020 , 0 
0x3E3E , 0 
0x4D4D , 859 
0x6E6E , 826 
0x1C1C , 848 
0x2020 , 0 
0x3E3E , 841 
0x4D4D , 854 
0x6E6E , 825 
0x1C1C , 843 
0x2020 , 0 
0x3E3E , 840 
0x4D4D , 867 
0x6E6E , 0 
0x1C1C , 846 
0x2020 , 0 
0x3E3E , 836 
0x4D4D , 852 
0x6E6E , 0 
0x1C1C , 843 
0x2020 , 0 
0x3E3E , 838 
0x4D4D , 858 
0x6E6E , 0 
0x1C1C , 841 
0x2020 , 0 
0x3E3E , 838 
0x4D4D , 856 
0x6E6E , 0 
0x1C1C , 844 
0x2020 , 0 
0x3E3E , 835 
0x4D4D , 854 
0x6E6E , 824 
0x1C1C , 842 
0x2020 , 0 
0x3E3E , 0 
0x4D4D , 0 
0x6E6E , 0 
0x1C1C , 0 
0x2020 , 0 
0x3E3E , 0 
0x4D4D , 0 
0x6E6E , 0 
0x1C1C , 0 
0x2020 , 0 
0x3E3E , 839 
0x4D4D , 0 
0x6E6E , 0 
0x1C1C , 0 
0x2020 , 0 
0x3E3E , 835 
0x4D4D , 0 
0x6E6E , 0 
0x1C1C , 845 
0x2020 , 0 
0x3E3E , 836 
0x4D4D , 861 
0x6E6E , 0 
0x1C1C , 844 
0x2020 , 0 
0x3E3E , 833 
0x4D4D , 854 
0x6E6E , 0 
0x1C1C , 845 
0x2020 , 0 
0x3E3E , 833 
0x4D4D , 858 
0x6E6E , 824 
0x1C1C , 848 
0x2020 , 0 
0x3E3E , 837 
0x4D4D , 850 
0x6E6E , 0 
0x1C1C , 844 
0x2020 , 0 
0x3E3E , 839 
0x4D4D , 851 
0x6E6E , 0 
0x1C1C , 842 
0x2020 , 0 
0x3E3E , 839 
0x4D4D , 855 
0x6E6E , 827 
0x1C1C , 0 
0x2020 , 0 
0x3E3E , 0 
0x4D4D , 0 
0x6E6E , 0 
0x1C1C , 0 
0x2020 , 822 
0x3E3E , 837 
0x4D4D , 0 
0x6E6E , 0 
0x1C1C , 842 
0x2020 , 825 
0x3E3E , 838 
0x4D4D , 851 
0x6E6E , 0 
0x1C1C , 843 
0x2020 , 822 
0x3E3E , 834 
0x4D4D , 852 
0x6E6E , 826 
0x1C1C , 847 
0x2020 , 824 
0x3E3E , 838 
0x4D4D , 853 
0x6E6E , 0 
0x1C1C , 844 
0x2020 , 0 
0x3E3E , 836 
0x4D4D , 858 
0x6E6E , 825 
0x1C1C , 845 
0x2020 , 822 
0x3E3E , 834 
0x4D4D , 849 
0x6E6E , 0 
0x1C1C , 0 
0x2020 , 0 
0x3E3E , 832 
0x4D4D , 849 
0x6E6E , 825 
0x1C1C , 0 
0x2020 , 821 
0x3E3E , 838 
0x4D4D , 856 
0x6E6E , 0 
0x1C1C , 0 
0x2020 , 0 
0x3E3E , 0 
0x4D4D , 0 
0x6E6E , 0 
0x1C1C , 0 
0x2020 , 0 
0x3E3E , 0 
0x4D4D , 0 
0x6E6E , 0 
0x1C1C , 0 
0x2020 , 0 
0x3E3E , 832 
0x4D4D , 0 
0x6E6E , 0 
0x1C1C , 843 
0x2020 , 0 
0x3E3E , 835 
0x4D4D , 855 
0x6E6E , 0 
0x1C1C , 849 
0x2020 , 822 
0x3E3E , 836 
0x4D4D , 856 
0x6E6E , 825 
0x1C1C , 848 
0x2020 , 0 
0x3E3E , 833 
0x4D4D , 853 
0x6E6E , 0 
0x1C1C , 849 
0x2020 , 817 
0x3E3E , 833 
0x4D4D , 852 
0x6E6E , 822 
0x1C1C , 849 
0x2020 , 0 
0x3E3E , 835 
0x4D4D , 853 
0x6E6E , 0 
0x1C1C , 844 
0x2020 , 822 
0x3E3E , 832 
0x4D4D , 854 
0x6E6E , 821 
0x1C1C , 838 
0x2020 , 0 
0x3E3E , 831 
0x4D4D , 846 
0x6E6E , 0 
0x1C1C , 860 
0x2020 , 824 
0x3E3E , 848 
0x4D4D , 877 
0x6E6E , 834 
0x1C1C , 854 
0x2020 , 0 
0x3E3E , 839 
0x4D4D , 862 
0x6E6E , 0 
0x1C1C , 842 
0x2020 , 820 
0x3E3E , 832 
0x4D4D , 849 
0x6E6E , 828 
0x1C1C , 850 
0x2020 , 0 
0x3E3E , 831 
0x4D4D , 857 
0x6E6E , 0 
0x1C1C , 856 
0x2020 , 824 
0x3E3E , 840 
0x4D4D , 878 
0x6E6E , 0 
0x1C1C , 862 
0x2020 , 0 
0x3E3E , 843 
0x4D4D , 865 
0x6E6E , 831 
0x1C1C , 851 
0x2020 , 0 
0x3E3E , 841 
0x4D4D , 868 
0x6E6E , 837 
0x1C1C , 854 
0x2020 , 826 
0x3E3E , 842 
0x4D4D , 870 
0x6E6E , 0 
0x1C1C , 851 
0x2020 , 0 
0x3E3E , 846 
0x4D4D , 865 
0x6E6E , 831 
0x1C1C , 851 
0x2020 , 822 
0x3E3E , 839 
0x4D4D , 858 
0x6E6E , 0 
0x1C1C , 850 
0x2020 , 0 
0x3E3E , 840 
0x4D4D , 851 
0x6E6E , 0 
0x1C1C , 845 
0x2020 , 823 
0x3E3E , 837 
0x4D4D , 848 
0x6E6E , 826 
0x1C1C , 854 
0x2020 , 0 
0x3E3E , 838 
0x4D4D , 852 
0x6E6E , 0 
0x1C1C , 846 
0x2020 , 823 
0x3E3E , 839 
0x4D4D , 848 
0x6E6E , 828 
0x1C1C , 854 
0x2020 , 0 
0x3E3E , 0 
0x4D4D , 0 
0x6E6E , 0 
0x1C1C , 0 
0x2020 , 0 
0x3E3E , 838 
0x4D4D , 0 
0x6E6E , 0 
0x1C1C , 0 
0x2020 , 0 
0x3E3E , 833 
0x4D4D , 0 
0x6E6E , 823 
0x1C1C , 848 
0x2020 , 0 
0x3E3E , 834 
0x4D4D , 850 
0x6E6E , 0 
0x1C1C , 849 
0x2020 , 0 
0x3E3E , 837 
0x4D4D , 857 
0x6E6E , 0 
0x1C1C , 843 
0x2020 , 817 
0x3E3E , 833 
0x4D4D , 857 
0x6E6E , 822 
0x1C1C , 847 
0x2020 , 0 
0x3E3E , 833 
0x4D4D , 851 
0x6E6E , 0 
0x1C1C , 843 
0x2020 , 826 
0x3E3E , 835 
0x4D4D , 854 
0x6E6E , 826 
0x1C1C , 845 
0x2020 , 0 
0x3E3E , 836 
0x4D4D , 852 
0x6E6E , 0 
0x1C1C , 0 
0x2020 , 818 
0x3E3E , 833 
0x4D4D , 857 
0x6E6E , 0 
0x1C1C , 0 
0x2020 , 0 
0x3E3E , 833 
0x4D4D , 857 
0x6E6E , 825 
0x1C1C , 0 
0x2020 , 815 
0x3E3E , 836 
0x4D4D , 854 
0x6E6E , 0 
0x1C1C , 0 
0x2020 , 0 
0x3E3E , 838 
0x4D4D , 857 
0x6E6E , 825 
0x1C1C , 0 
0x2020 , 816 
0x3E3E , 833 
0x4D4D , 855 
0x6E6E , 0 
0x1C1C , 0 
0x2020 , 0 
0x3E3E , 834 
0x4D4D , 857 
0x6E6E , 825 
0x1C1C , 0 
0x2020 , 819 
0x3E3E , 833 
0x4D4D , 854 
0x6E6E , 0 
0x1C1C , 0 
0x2020 , 0 
0x3E3E , 835 
0x4D4D , 849 
0x6E6E , 822 
0x1C1C , 0 
0x2020 , 0 
0x3E3E , 0 
0x4D4D , 0 
0x6E6E , 0 
0x1C1C , 0 
0x2020 , 0 
0x3E3E , 820 
0x4D4D , 0 
0x6E6E , 816 
0x1C1C , 0 
0x2020 , 0 
0x3E3E , 822 
0x4D4D , 0 
0x6E6E , 0 
0x1C1C , 841 
0x2020 , 0 
0x3E3E , 833 
0x4D4D , 851 
0x6E6E , 0 
0x1C1C , 845 
0x2020 , 812 
0x3E3E , 833 
0x4D4D , 855 
0x6E6E , 823 
0x1C1C , 847 
0x2020 , 0 
0x3E3E , 830 
0x4D4D , 849 
0x6E6E , 0 
0x1C1C , 841 
0x2020 , 811 
0x3E3E , 828 
0x4D4D , 846 
0x6E6E , 822 
0x1C1C , 851 
0x2020 , 0 
0x3E3E , 832 
0x4D4D , 851 
0x6E6E , 0 
0x1C1C , 850 
0x2020 , 809 
0x3E3E , 831 
0x4D4D , 852 
0x6E6E , 819 
0x1C1C , 843 
0x2020 , 0 
0x3E3E , 834 
0x4D4D , 854 
0x6E6E , 0 
0x1C1C , 843 
0x2020 , 816 
0x3E3E , 833 
0x4D4D , 856 
0x6E6E , 825 
0x1C1C , 845 
0x2020 , 0 
0x3E3E , 831 
0x4D4D , 853 
0x6E6E , 0 
0x1C1C , 849 
0x2020 , 819 
0x3E3E , 835 
0x4D4D , 857 
0x6E6E , 823 
0x1C1C , 845 
0x2020 , 821 
0x3E3E , 838 
0x4D4D , 858 
0x6E6E , 827 
0x1C1C , 847 
0x2020 , 0 
0x3E3E , 834 
0x4D4D , 847 
0x6E6E , 0 
0x1C1C , 849 
0x2020 , 817 
0x3E3E , 832 
0x4D4D , 846 
0x6E6E , 826 
0x1C1C , 840 
0x2020 , 0 
0x3E3E , 825 
0x4D4D , 843 
0x6E6E , 0 
0x1C1C , 841 
0x2020 , 813 
0x3E3E , 836 
0x4D4D , 854 
0x6E6E , 838 
0x1C1C , 852 
0x2020 , 0 
0x3E3E , 845 
0x4D4D , 857 
0x6E6E , 0 
0x1C1C , 852 
0x2020 , 819 
0x3E3E , 840 
0x4D4D , 853 
0x6E6E , 842 
0x1C1C , 846 
0x2020 , 0 
0x3E3E , 834 
0x4D4D , 865 
0x6E6E , 0 
0x1C1C , 843 
0x2020 , 822 
0x3E3E , 835 
0x4D4D , 855 
0x6E6E , 812 
0x1C1C , 840 
0x2020 , 0 
0x3E3E , 833 
0x4D4D , 853 
0x6E6E , 0 
0x1C1C , 837 
0x2020 , 836 
0x3E3E , 838 
0x4D4D , 852 
0x6E6E , 0 
0x1C1C , 843 
0x2020 , 0 
0x3E3E , 0 
0x4D4D , 0 
0x6E6E , 0 
0x1C1C , 0 
0x2020 , 0 
0x3E3E , 828 
0x4D4D , 0 
0x6E6E , 813 
0x1C1C , 838 
0x2020 , 0 
0x3E3E , 832 
0x4D4D , 848 
0x6E6E , 0 
0x1C1C , 836 
0x2020 , 828 
0x3E3E , 831 
0x4D4D , 852 
0x6E6E , 830 
0x1C1C , 843 
0x2020 , 0 
0x3E3E , 830 
0x4D4D , 850 
0x6E6E , 0 
0x1C1C , 841 
0x2020 , 826 
0x3E3E , 825 
0x4D4D , 854 
0x6E6E , 0 
0x1C1C , 847 
0x2020 , 815 
0x3E3E , 838 
0x4D4D , 859 
0x6E6E , 821 
0x1C1C , 844 
0x2020 , 0 
0x3E3E , 835 
0x4D4D , 849 
0x6E6E , 0 
0x1C1C , 846 
0x2020 , 820 
0x3E3E , 837 
0x4D4D , 861 
0x6E6E , 829 
0x1C1C , 847 
0x2020 , 0 
0x3E3E , 831 
0x4D4D , 856 
0x6E6E , 0 
0x1C1C , 841 
0x2020 , 817 
0x3E3E , 837 
0x4D4D , 862 
0x6E6E , 0 
0x1C1C , 843 
0x2020 , 0 
0x3E3E , 836 
0x4D4D , 855 
0x6E6E , 820 
0x1C1C , 845 
0x2020 , 821 
0x3E3E , 0 
0x4D4D , 858 
0x6E6E , 0 
0x1C1C , 849 
0x2020 , 0 
0x3E3E , 0 
0x4D4D , 0 
0x6E6E , 0 
0x1C1C , 844 
0x2020 , 818 
0x3E3E , 0 
0x4D4D , 861 
0x6E6E , 0 
0x1C1C , 841 
0x2020 , 0 
0x3E3E , 0 
0x4D4D , 857 
0x6E6E , 0 
0x1C1C , 843 
0x2020 , 816 
0x3E3E , 0 
0x4D4D , 857 
0x6E6E , 0 
0x1C1C , 845 
0x2020 , 0 
0x3E3E , 0 
0x4D4D , 862 
0x6E6E , 0 
0x1C1C , 845 
0x2020 , 817 
0x3E3E , 0 
0x4D4D , 869 
0x6E6E , 0 
0x1C1C , 847 
0x2020 , 0 
0x3E3E , 0 
0x4D4D , 854 
0x6E6E , 0 
0x1C1C , 844 
0x2020 , 818 
0x3E3E , 0 
0x4D4D , 851 
0x6E6E , 0 
