0x2020 , 4519 
0x3E3E , 5823 
0x1C1C , 4894 
0x5A5A , 4717 
0x6E6E , 5258 
0x2020 , 4553 
0x3E3E , 5777 
0x1C1C , 5004 
0x5A5A , 4750 
0x6E6E , 5273 
0x2020 , 4534 
0x3E3E , 5777 
0x1C1C , 5150 
0x5A5A , 4769 
0x6E6E , 5293 
0x2020 , 4563 
0x3E3E , 5786 
0x1C1C , 5063 
0x5A5A , 4736 
0x6E6E , 5298 
0x2020 , 4558 
0x3E3E , 5809 
0x1C1C , 4931 
0x5A5A , 4765 
0x6E6E , 5268 
0x2020 , 4514 
0x3E3E , 5790 
0x1C1C , 5049 
0x5A5A , 4765 
0x6E6E , 5273 
0x2020 , 4529 
0x3E3E , 5804 
0x1C1C , 4899 
0x5A5A , 4760 
0x6E6E , 5233 
0x2020 , 4548 
0x3E3E , 5758 
0x1C1C , 5022 
0x5A5A , 4755 
0x6E6E , 5223 
0x2020 , 4568 
0x3E3E , 5823 
0x1C1C , 5054 
0x5A5A , 4736 
0x6E6E , 5298 
0x2020 , 4514 
0x3E3E , 5753 
0x1C1C , 4985 
0x5A5A , 4736 
0x6E6E , 5298 
0x2020 , 4553 
0x3E3E , 5795 
0x1C1C , 5068 
0x5A5A , 4745 
0x6E6E , 5273 
0x2020 , 4514 
0x3E3E , 5790 
0x1C1C , 4995 
0x5A5A , 4774 
0x6E6E , 5273 
0x2020 , 4558 
0x3E3E , 5777 
0x1C1C , 5049 
0x5A5A , 4726 
0x6E6E , 5308 
0x2020 , 4539 
0x3E3E , 5739 
0x1C1C , 5100 
0x5A5A , 4731 
0x6E6E , 5258 
0x2020 , 4592 
0x3E3E , 5790 
0x1C1C , 5068 
0x5A5A , 4760 
0x6E6E , 5243 
0x2020 , 4510 
0x3E3E , 5809 
0x1C1C , 4990 
0x5A5A , 4702 
0x6E6E , 5273 
0x2020 , 4534 
0x3E3E , 5772 
0x1C1C , 4981 
0x5A5A , 4717 
0x6E6E , 5223 
0x2020 , 4534 
0x3E3E , 5800 
0x1C1C , 4926 
0x5A5A , 4755 
0x6E6E , 5263 
0x2020 , 4558 
0x3E3E , 5781 
0x1C1C , 5086 
0x5A5A , 4722 
0x6E6E , 5283 
0x2020 , 4553 
0x3E3E , 5772 
0x1C1C , 5058 
0x5A5A , 4745 
0x6E6E , 5278 
0x2020 , 4548 
0x3E3E , 5777 
0x1C1C , 5122 
0x5A5A , 4745 
0x6E6E , 5303 
0x2020 , 4558 
0x3E3E , 5790 
0x1C1C , 4999 
0x5A5A , 4750 
0x6E6E , 5258 
0x2020 , 4495 
0x3E3E , 5772 
0x1C1C , 5100 
0x5A5A , 4760 
0x6E6E , 5293 
0x2020 , 4592 
0x3E3E , 5795 
0x1C1C , 5127 
0x5A5A , 4712 
0x6E6E , 5268 
0x2020 , 4563 
0x3E3E , 5772 
0x1C1C , 5008 
0x5A5A , 4712 
0x6E6E , 5258 
0x2020 , 4553 
0x3E3E , 5781 
0x1C1C , 4885 
0x5A5A , 4726 
0x6E6E , 5263 
0x2020 , 4548 
0x3E3E , 5800 
0x1C1C , 5081 
0x5A5A , 4707 
0x6E6E , 5258 
0x2020 , 4524 
0x3E3E , 5781 
0x1C1C , 5072 
0x5A5A , 4722 
0x6E6E , 5288 
0x2020 , 4539 
0x3E3E , 5763 
0x1C1C , 5077 
0x5A5A , 4683 
0x6E6E , 5278 
0x2020 , 4490 
0x3E3E , 5814 
0x1C1C , 5118 
0x5A5A , 4736 
0x6E6E , 5308 
0x2020 , 4534 
0x3E3E , 5749 
0x1C1C , 4967 
0x5A5A , 4736 
0x6E6E , 5248 
0x2020 , 4524 
0x3E3E , 5753 
0x1C1C , 5017 
0x5A5A , 4755 
0x6E6E , 5273 
0x2020 , 4573 
0x3E3E , 5814 
0x1C1C , 5077 
0x5A5A , 4741 
0x6E6E , 5278 
0x2020 , 4558 
0x3E3E , 5809 
0x1C1C , 4963 
0x5A5A , 4731 
0x6E6E , 5253 
0x2020 , 4573 
0x3E3E , 5753 
0x1C1C , 4894 
0x5A5A , 4760 
0x6E6E , 5258 
0x2020 , 4524 
0x3E3E , 5800 
0x1C1C , 5068 
0x5A5A , 4688 
0x6E6E , 5293 
0x2020 , 4548 
0x3E3E , 5795 
0x1C1C , 5090 
0x5A5A , 4698 
0x6E6E , 5283 
0x2020 , 4519 
0x3E3E , 5804 
0x1C1C , 5077 
0x5A5A , 4726 
0x6E6E , 5198 
0x2020 , 4539 
0x3E3E , 5758 
0x1C1C , 5173 
0x5A5A , 4717 
0x6E6E , 5283 
0x2020 , 4548 
0x3E3E , 5772 
0x1C1C , 4949 
0x5A5A , 4722 
0x6E6E , 5258 
0x2020 , 4539 
0x3E3E , 5786 
0x1C1C , -159 
0x5A5A , 4688 
0x6E6E , 5278 
0x2020 , -291 
0x3E3E , -218 
0x1C1C , 5100 
0x5A5A , -339 
0x6E6E , -796 
0x2020 , 4505 
0x3E3E , 5772 
0x1C1C , 5017 
0x5A5A , -339 
0x6E6E , -796 
0x2020 , 4534 
0x3E3E , 5777 
0x1C1C , 4821 
0x5A5A , 4736 
0x6E6E , 5268 
0x2020 , 4495 
0x3E3E , 5767 
0x1C1C , 5013 
0x5A5A , 4722 
0x6E6E , 5293 
0x2020 , 4577 
0x3E3E , 5753 
0x1C1C , 5054 
0x5A5A , 4698 
0x6E6E , 5218 
0x2020 , 4534 
0x3E3E , 5739 
0x1C1C , 4981 
0x5A5A , 4741 
0x6E6E , 5283 
0x2020 , 4456 
0x3E3E , 5767 
0x1C1C , 4990 
0x5A5A , 4707 
0x6E6E , 5293 
0x2020 , 4529 
0x3E3E , 5749 
0x1C1C , 4999 
0x5A5A , 4736 
0x6E6E , 5213 
0x2020 , 4524 
0x3E3E , 5758 
0x1C1C , 5100 
0x5A5A , 4722 
0x6E6E , 5268 
0x2020 , 4597 
0x3E3E , 5804 
0x1C1C , 5072 
0x5A5A , 4707 
0x6E6E , 5258 
0x2020 , 4558 
0x3E3E , 5781 
0x1C1C , 4926 
0x5A5A , 4717 
0x6E6E , 5238 
0x2020 , 4592 
0x3E3E , 5763 
0x1C1C , 4976 
0x5A5A , 4712 
0x6E6E , 5308 
0x2020 , 4510 
0x3E3E , 5777 
0x1C1C , 5122 
0x5A5A , 4755 
0x6E6E , 5203 
0x2020 , 4529 
0x3E3E , 5744 
0x1C1C , 4999 
0x5A5A , 4736 
0x6E6E , 5283 
0x2020 , 4480 
0x3E3E , 5753 
0x1C1C , 4862 
0x5A5A , 4702 
0x6E6E , 5273 
0x2020 , 4558 
0x3E3E , 5777 
0x1C1C , 5054 
0x5A5A , 4784 
0x6E6E , 5278 
0x2020 , 4519 
0x3E3E , 5753 
0x1C1C , 4963 
0x5A5A , 4736 
0x6E6E , 5193 
0x2020 , 4519 
0x3E3E , 5744 
0x1C1C , 5063 
0x5A5A , 4736 
0x6E6E , 5278 
0x2020 , 4558 
0x3E3E , 5763 
0x1C1C , 5017 
0x5A5A , 4736 
0x6E6E , 5293 
0x2020 , 4529 
0x3E3E , 5795 
0x1C1C , 5017 
0x5A5A , 4760 
0x6E6E , 5243 
0x2020 , 4548 
0x3E3E , 5786 
0x1C1C , 5095 
0x5A5A , 4745 
0x6E6E , 5288 
0x2020 , 4548 
0x3E3E , 5777 
0x1C1C , 5068 
0x5A5A , 4736 
0x6E6E , 5273 
0x2020 , 4524 
0x3E3E , 5809 
0x1C1C , 5068 
0x5A5A , 4707 
0x6E6E , 5278 
0x2020 , 4577 
0x3E3E , 5790 
0x1C1C , -159 
0x5A5A , 4755 
0x6E6E , 5278 
0x2020 , -291 
0x3E3E , -218 
0x1C1C , 4935 
0x5A5A , -339 
0x6E6E , -796 
0x2020 , 4514 
0x3E3E , 5777 
0x1C1C , 4899 
0x5A5A , -339 
0x6E6E , -796 
0x2020 , 4563 
0x3E3E , 5781 
0x1C1C , -159 
0x5A5A , 4693 
0x6E6E , 5288 
0x2020 , -291 
0x3E3E , -218 
0x1C1C , 4976 
0x5A5A , -339 
0x6E6E , -796 
0x2020 , 4500 
0x3E3E , 5763 
0x1C1C , 5068 
0x5A5A , -339 
0x6E6E , -796 
0x2020 , 4543 
0x3E3E , 5758 
0x1C1C , 5086 
0x5A5A , 4669 
0x6E6E , -796 
0x2020 , 4587 
0x3E3E , 5809 
0x1C1C , 5013 
0x5A5A , 4736 
0x6E6E , 5188 
0x2020 , 4539 
0x3E3E , 5804 
0x1C1C , 4953 
0x5A5A , 4717 
0x6E6E , 5248 
0x2020 , 4539 
0x3E3E , 5800 
0x1C1C , 5036 
0x5A5A , 4702 
0x6E6E , 5253 
0x2020 , 4485 
0x3E3E , 5772 
0x1C1C , 4940 
0x5A5A , 4679 
0x6E6E , 5218 
0x2020 , 4446 
0x3E3E , 5781 
0x1C1C , 4890 
0x5A5A , 4722 
0x6E6E , 5273 
0x2020 , 4539 
0x3E3E , 5795 
0x1C1C , 4912 
0x5A5A , 4702 
0x6E6E , 5278 
0x2020 , 4573 
0x3E3E , 5744 
0x1C1C , 4940 
0x5A5A , 4726 
0x6E6E , 5278 
0x2020 , 4573 
0x3E3E , 5777 
0x1C1C , 4912 
0x5A5A , 4736 
0x6E6E , 5288 
0x2020 , 4534 
0x3E3E , 5744 
0x1C1C , 5045 
0x5A5A , 4683 
0x6E6E , 5238 
0x2020 , 4514 
0x3E3E , 5712 
0x1C1C , 4990 
0x5A5A , 4741 
0x6E6E , 5298 
0x2020 , 4510 
0x3E3E , 5790 
0x1C1C , 4999 
0x5A5A , 4698 
0x6E6E , 5243 
0x2020 , 4476 
0x3E3E , 5795 
0x1C1C , 5036 
0x5A5A , 4702 
0x6E6E , 5263 
0x2020 , 4548 
0x3E3E , 5781 
0x1C1C , 4899 
0x5A5A , 4717 
0x6E6E , 5263 
0x2020 , 4519 
0x3E3E , 5763 
0x1C1C , 4880 
0x5A5A , 4717 
0x6E6E , 5258 
0x2020 , 4539 
0x3E3E , 5800 
0x1C1C , 5159 
0x5A5A , 4722 
0x6E6E , 5278 
0x2020 , 4471 
0x3E3E , 5739 
0x1C1C , 4976 
0x5A5A , 4679 
0x6E6E , 5268 
0x2020 , 4524 
0x3E3E , 5753 
0x1C1C , 5058 
0x5A5A , 4722 
0x6E6E , 5203 
0x2020 , 4539 
0x3E3E , 5753 
0x1C1C , 4995 
0x5A5A , 4722 
0x6E6E , 5288 
0x2020 , 4490 
0x3E3E , 5814 
0x1C1C , 5004 
0x5A5A , 4698 
0x6E6E , 5308 
0x2020 , 4543 
0x3E3E , 5763 
0x1C1C , 4908 
0x5A5A , 4755 
0x6E6E , 5193 
0x2020 , 4514 
0x3E3E , 5818 
0x1C1C , 4953 
0x5A5A , 4702 
0x6E6E , 5288 
0x2020 , 4534 
0x3E3E , 5795 
0x1C1C , 4985 
0x5A5A , 4726 
0x6E6E , 5253 
0x2020 , 4524 
0x3E3E , 5767 
0x1C1C , 4995 
0x5A5A , 4688 
0x6E6E , 5258 
0x2020 , 4543 
0x3E3E , 5790 
0x1C1C , 5045 
0x5A5A , 4702 
0x6E6E , 5253 
0x2020 , 4514 
0x3E3E , 5767 
0x1C1C , 4862 
0x5A5A , 4674 
0x6E6E , 5238 
0x2020 , 4563 
0x3E3E , 5744 
0x1C1C , 4985 
0x5A5A , 4736 
0x6E6E , 5233 
0x2020 , 4519 
0x3E3E , 5795 
0x1C1C , 5077 
0x5A5A , 4745 
0x6E6E , 5208 
0x2020 , 4553 
0x3E3E , 5772 
0x1C1C , 4976 
0x5A5A , 4717 
0x6E6E , 5228 
0x2020 , 4510 
0x3E3E , 5795 
0x1C1C , 5100 
0x5A5A , 4707 
0x6E6E , 5268 
0x2020 , 4490 
0x3E3E , 5790 
0x1C1C , 5045 
0x5A5A , 4741 
0x6E6E , 5188 
0x2020 , 4514 
0x3E3E , 5786 
0x1C1C , 4963 
0x5A5A , 4726 
0x6E6E , 5268 
0x2020 , 4519 
0x3E3E , 5814 
0x1C1C , 5036 
0x5A5A , 4707 
0x6E6E , 5283 
0x2020 , 4534 
0x3E3E , 5763 
0x1C1C , -159 
0x5A5A , 4712 
0x6E6E , 5278 
0x2020 , -291 
0x3E3E , -218 
0x1C1C , 5022 
0x5A5A , -339 
0x6E6E , -796 
0x2020 , 4529 
0x3E3E , 5763 
0x1C1C , 4990 
0x5A5A , -339 
0x6E6E , -796 
0x2020 , 4461 
0x3E3E , 5786 
0x1C1C , 5090 
0x5A5A , 4683 
0x6E6E , -796 
0x2020 , 4563 
0x3E3E , 5800 
0x1C1C , 4949 
0x5A5A , 4683 
0x6E6E , 5198 
0x2020 , 4553 
0x3E3E , 5777 
0x1C1C , 4949 
0x5A5A , 4726 
0x6E6E , 5258 
0x2020 , 4505 
0x3E3E , 5712 
0x1C1C , 4958 
0x5A5A , 4717 
0x6E6E , 5278 
0x2020 , 4689 
0x3E3E , 5772 
0x1C1C , 5118 
0x5A5A , 4722 
0x6E6E , 5248 
0x2020 , 4568 
0x3E3E , 5772 
0x1C1C , 4931 
0x5A5A , 4712 
0x6E6E , 5308 
0x2020 , 4519 
0x3E3E , 5828 
0x1C1C , 5054 
0x5A5A , 4741 
0x6E6E , 5288 
0x2020 , 4495 
0x3E3E , 5781 
0x1C1C , 4958 
0x5A5A , 4726 
0x6E6E , 5243 
0x2020 , 4524 
0x3E3E , 5800 
0x1C1C , 5013 
0x5A5A , 4722 
0x6E6E , 5273 
0x2020 , 4524 
0x3E3E , 5772 
0x1C1C , 4903 
0x5A5A , 4722 
0x6E6E , 5273 
0x2020 , 4524 
0x3E3E , 5772 
0x1C1C , 4963 
0x5A5A , 4707 
0x6E6E , 5273 
0x2020 , 4529 
0x3E3E , 5790 
0x1C1C , 5090 
0x5A5A , 4736 
0x6E6E , 5268 
0x2020 , 4519 
0x3E3E , 5790 
0x1C1C , 4940 
0x5A5A , 4731 
0x6E6E , 5283 
0x2020 , 4519 
0x3E3E , 5772 
0x1C1C , 5004 
0x5A5A , 4726 
0x6E6E , 5278 
0x2020 , 4543 
0x3E3E , 5790 
0x1C1C , 4894 
0x5A5A , 4741 
0x6E6E , 5263 
0x2020 , 4534 
0x3E3E , 5851 
0x1C1C , 5109 
0x5A5A , 4688 
0x6E6E , 5273 
0x2020 , 4524 
0x3E3E , 5753 
0x1C1C , 4976 
0x5A5A , 4722 
0x6E6E , 5303 
0x2020 , 4466 
0x3E3E , 5772 
0x1C1C , -159 
0x5A5A , 4722 
0x6E6E , 5288 
0x2020 , -291 
0x3E3E , -218 
0x1C1C , 5008 
0x5A5A , -339 
0x6E6E , -796 
0x2020 , 4543 
0x3E3E , 5772 
0x1C1C , 4972 
0x5A5A , -339 
0x6E6E , -796 
0x2020 , 4471 
0x3E3E , 5758 
0x1C1C , 5040 
0x5A5A , 4702 
0x6E6E , 5278 
0x2020 , 4543 
0x3E3E , 5763 
0x1C1C , 5077 
0x5A5A , 4698 
0x6E6E , 5253 
0x2020 , 4534 
0x3E3E , 5749 
0x1C1C , 4995 
0x5A5A , 4707 
0x6E6E , 5283 
0x2020 , 4539 
0x3E3E , 5790 
0x1C1C , 5040 
0x5A5A , 4707 
0x6E6E , 5278 
0x2020 , 4568 
0x3E3E , 5781 
0x1C1C , 4899 
0x5A5A , 4722 
0x6E6E , 5278 
0x2020 , 4573 
0x3E3E , 5832 
0x1C1C , 5017 
0x5A5A , 4707 
0x6E6E , 5293 
0x2020 , 4524 
0x3E3E , 5790 
0x1C1C , 4944 
0x5A5A , 4765 
0x6E6E , 5293 
0x2020 , 4510 
0x3E3E , 5777 
0x1C1C , 4899 
0x5A5A , 4693 
0x6E6E , 5278 
0x2020 , 4490 
0x3E3E , 5753 
0x1C1C , 5104 
0x5A5A , 4750 
0x6E6E , 5293 
0x2020 , 4456 
0x3E3E , 5763 
0x1C1C , 5132 
0x5A5A , 4693 
0x6E6E , 5288 
0x2020 , 4524 
0x3E3E , 5777 
0x1C1C , 5058 
0x5A5A , 4722 
0x6E6E , 5278 
0x2020 , 4539 
0x3E3E , 5772 
0x1C1C , 5058 
0x5A5A , 4736 
0x6E6E , 5238 
0x2020 , 4524 
0x3E3E , 5800 
0x1C1C , 5031 
0x5A5A , 4750 
0x6E6E , 5203 
0x2020 , 4510 
0x3E3E , 5809 
0x1C1C , 5031 
0x5A5A , 4722 
0x6E6E , 5268 
0x2020 , 4519 
0x3E3E , 5753 
0x1C1C , 4908 
0x5A5A , 4717 
0x6E6E , 5238 
0x2020 , 4505 
0x3E3E , 5721 
0x1C1C , 5063 
0x5A5A , 4688 
0x6E6E , 5258 
0x2020 , 4495 
0x3E3E , 5818 
0x1C1C , 4967 
0x5A5A , 4717 
0x6E6E , 5273 
0x2020 , 4573 
0x3E3E , 5758 
0x1C1C , 5154 
0x5A5A , 4688 
0x6E6E , 5248 
0x2020 , 4519 
0x3E3E , 5767 
0x1C1C , 5063 
0x5A5A , 4741 
0x6E6E , 5258 
0x2020 , 4539 
0x3E3E , 5781 
0x1C1C , 4922 
0x5A5A , 4712 
0x6E6E , 5223 
0x2020 , 4519 
0x3E3E , 5739 
0x1C1C , 5004 
0x5A5A , 4707 
0x6E6E , 5243 
0x2020 , 4519 
0x3E3E , 5777 
0x1C1C , 4867 
0x5A5A , 4726 
0x6E6E , 5273 
0x2020 , 4476 
0x3E3E , 5772 
0x1C1C , 5072 
0x5A5A , 4736 
0x6E6E , 5278 
0x2020 , 4519 
0x3E3E , 5790 
0x1C1C , 4990 
0x5A5A , 4726 
0x6E6E , 5243 
0x2020 , 4524 
0x3E3E , 5818 
0x1C1C , 5090 
0x5A5A , 4722 
0x6E6E , 5288 
0x2020 , 4553 
0x3E3E , 5888 
0x1C1C , 4944 
0x5A5A , 4726 
0x6E6E , 5238 
0x2020 , 4573 
0x3E3E , 5684 
0x1C1C , 5118 
0x5A5A , 4717 
0x6E6E , 5273 
0x2020 , 4505 
0x3E3E , -218 
0x1C1C , 4963 
0x5A5A , 4726 
0x6E6E , 5233 
0x2020 , 4563 
0x3E3E , 5777 
0x1C1C , 5132 
0x5A5A , 4707 
0x6E6E , 5238 
0x2020 , 4500 
0x3E3E , 5800 
0x1C1C , -159 
0x5A5A , 4712 
0x6E6E , 5268 
0x2020 , 4539 
0x3E3E , 5763 
0x1C1C , -159 
0x5A5A , 4674 
0x6E6E , 5228 
0x2020 , 4534 
0x3E3E , 5786 
0x1C1C , 5027 
0x5A5A , 4698 
0x6E6E , 5273 
0x2020 , 4529 
0x3E3E , 5753 
0x1C1C , 4981 
0x5A5A , 4726 
0x6E6E , 5253 
0x2020 , 4510 
0x3E3E , 5772 
0x1C1C , 4944 
0x5A5A , 4750 
0x6E6E , 5283 
0x2020 , 4587 
0x3E3E , 5763 
0x1C1C , 4999 
0x5A5A , -339 
0x6E6E , 5258 
0x2020 , 4495 
0x3E3E , 5809 
0x1C1C , 5004 
0x5A5A , 4817 
0x6E6E , 5268 
0x2020 , 4534 
0x3E3E , 5753 
0x1C1C , 5095 
0x5A5A , 4717 
0x6E6E , 5268 
0x2020 , 4543 
0x3E3E , 5753 
0x1C1C , 4940 
0x5A5A , 4760 
0x6E6E , 5258 
0x2020 , 4524 
0x3E3E , 5800 
0x1C1C , 5036 
0x5A5A , 4745 
0x6E6E , 5273 
0x2020 , 4558 
0x3E3E , 5772 
0x1C1C , 5031 
0x5A5A , 4736 
0x6E6E , 5248 
0x2020 , 4539 
0x3E3E , 5763 
0x1C1C , 5008 
0x5A5A , 4702 
0x6E6E , 5208 
