0x2020 , 4553 
0x3E3E , 6120 
0x1C1C , 4867 
0x5A5A , 4392 
0x6E6E , 5273 
0x2020 , 4553 
0x3E3E , 6143 
0x1C1C , 4880 
0x5A5A , 4416 
0x6E6E , 5178 
0x2020 , 4529 
0x3E3E , 6101 
0x1C1C , 4844 
0x5A5A , 4426 
0x6E6E , 5253 
0x2020 , 4543 
0x3E3E , 6092 
0x1C1C , 4912 
0x5A5A , 4569 
0x6E6E , 5172 
0x2020 , 4534 
0x3E3E , 6125 
0x1C1C , 4899 
0x5A5A , 4516 
0x6E6E , 5087 
0x2020 , 4262 
0x3E3E , 6120 
0x1C1C , 4903 
0x5A5A , 4450 
0x6E6E , 5263 
0x2020 , 4330 
0x3E3E , 6171 
0x1C1C , 4912 
0x5A5A , 4397 
0x6E6E , 5273 
0x2020 , 4611 
0x3E3E , 6101 
0x1C1C , 4949 
0x5A5A , 4412 
0x6E6E , 5198 
0x2020 , 4611 
0x3E3E , 6120 
0x1C1C , 4944 
0x5A5A , 4412 
0x6E6E , 5183 
0x2020 , 4466 
0x3E3E , 6222 
0x1C1C , 4953 
0x5A5A , 4402 
0x6E6E , 5258 
0x2020 , 4592 
0x3E3E , 6134 
0x1C1C , 4890 
0x5A5A , 4478 
0x6E6E , 5203 
0x2020 , 4325 
0x3E3E , 6199 
0x1C1C , 4876 
0x5A5A , 5041 
0x6E6E , 5157 
0x2020 , 4403 
0x3E3E , 5990 
0x1C1C , 5145 
0x5A5A , 4960 
0x6E6E , 4926 
0x2020 , 4485 
0x3E3E , 6046 
0x1C1C , 4812 
0x5A5A , 4893 
0x6E6E , 5535 
0x2020 , 4248 
0x3E3E , 5916 
0x1C1C , 4739 
0x5A5A , 5022 
0x6E6E , 5525 
0x2020 , 4267 
0x3E3E , 5883 
0x1C1C , 4675 
0x5A5A , 5051 
0x6E6E , 5505 
0x2020 , 4228 
0x3E3E , 5869 
0x1C1C , 4725 
0x5A5A , 4946 
0x6E6E , 5505 
0x2020 , 4219 
0x3E3E , 5869 
0x1C1C , 4748 
0x5A5A , 4946 
0x6E6E , 5555 
0x2020 , 4252 
0x3E3E , 5869 
0x1C1C , 4780 
0x5A5A , 4936 
0x6E6E , 5545 
0x2020 , 4228 
0x3E3E , 5953 
0x1C1C , 4748 
0x5A5A , 4936 
0x6E6E , 5545 
0x2020 , 4194 
0x3E3E , 5860 
0x1C1C , 4730 
0x5A5A , 4898 
0x6E6E , 5475 
0x2020 , 4257 
0x3E3E , 5855 
0x1C1C , 4757 
0x5A5A , 4750 
0x6E6E , 5520 
0x2020 , 4262 
0x3E3E , 5869 
0x1C1C , 4798 
0x5A5A , 5008 
0x6E6E , 5510 
0x2020 , 4379 
0x3E3E , 5957 
0x1C1C , 4803 
0x5A5A , 4741 
0x6E6E , 5475 
0x2020 , 4146 
0x3E3E , 5967 
0x1C1C , 4894 
0x5A5A , -339 
0x6E6E , 5253 
0x2020 , 3947 
0x3E3E , 5962 
0x1C1C , 4972 
0x5A5A , -339 
0x6E6E , 5394 
0x2020 , -291 
0x3E3E , -218 
0x1C1C , -159 
0x5A5A , -339 
0x6E6E , -796 
0x2020 , 2468 
0x3E3E , 5039 
0x1C1C , 5958 
0x5A5A , 7130 
0x6E6E , 5923 
0x2020 , 2264 
0x3E3E , 5025 
0x1C1C , 5816 
0x5A5A , 6754 
0x6E6E , 6044 
0x2020 , 2531 
0x3E3E , -218 
0x1C1C , 5766 
0x5A5A , 6315 
0x6E6E , 6104 
0x2020 , 2681 
0x3E3E , 5210 
0x1C1C , 5711 
0x5A5A , 5971 
0x6E6E , 5842 
0x2020 , 2938 
0x3E3E , 5127 
0x1C1C , 5419 
0x5A5A , 5738 
0x6E6E , 6029 
0x2020 , 3384 
0x3E3E , 5698 
0x1C1C , 5351 
0x5A5A , 5461 
0x6E6E , 5656 
0x2020 , 3544 
0x3E3E , -218 
0x1C1C , -159 
0x5A5A , -339 
0x6E6E , 5596 
0x2020 , 3903 
0x3E3E , 6018 
0x1C1C , 5136 
0x5A5A , -339 
0x6E6E , 5167 
0x2020 , 4505 
0x3E3E , 6138 
0x1C1C , 5186 
0x5A5A , 4493 
0x6E6E , 5112 
0x2020 , 4505 
0x3E3E , 6213 
0x1C1C , 5173 
0x5A5A , 4598 
0x6E6E , 5102 
0x2020 , 4878 
0x3E3E , 6435 
0x1C1C , 4739 
0x5A5A , 4488 
0x6E6E , 5238 
0x2020 , 4980 
0x3E3E , 6440 
0x1C1C , 4406 
0x5A5A , 4612 
0x6E6E , 5787 
0x2020 , 4873 
0x3E3E , 5660 
0x1C1C , 4150 
0x5A5A , 4731 
0x6E6E , 6774 
0x2020 , 4776 
0x3E3E , 5206 
0x1C1C , 4013 
0x5A5A , 4893 
0x6E6E , 6815 
0x2020 , 4563 
0x3E3E , 5016 
0x1C1C , 3903 
0x5A5A , 5075 
0x6E6E , 6467 
0x2020 , 4543 
0x3E3E , 4876 
0x1C1C , 3798 
0x5A5A , 5599 
0x6E6E , 7731 
0x2020 , 4379 
0x3E3E , -218 
0x1C1C , 3798 
0x5A5A , 5862 
0x6E6E , 7243 
num_of_tries to send the NodeID: 2
num_of_tries to send the NodeID: 3
num_of_tries to send the NodeID: 4
ACK of Tag receivement from nodeID is missing! 
0x2020 , -291 
0x3E3E , -218 
0x1C1C , -159 
0x5A5A , -339 
0x6E6E , -796 
0x2020 , 2977 
0x3E3E , 2705 
0x1C1C , 4579 
0x5A5A , -339 
0x6E6E , 8417 
0x2020 , 2434 
0x3E3E , 2765 
0x1C1C , 5017 
0x5A5A , 8037 
0x6E6E , 8215 
0x2020 , 2109 
0x3E3E , 3030 
0x1C1C , 5282 
0x5A5A , 8242 
0x6E6E , 8160 
0x2020 , -291 
0x3E3E , -218 
0x1C1C , -159 
0x5A5A , -339 
0x6E6E , -796 
0x2020 , 1619 
0x3E3E , -218 
0x1C1C , 5771 
0x5A5A , 6964 
0x6E6E , 6739 
0x2020 , 1963 
0x3E3E , 4830 
0x1C1C , 5689 
0x5A5A , 6711 
0x6E6E , 6422 
0x2020 , 2376 
0x3E3E , 4969 
0x1C1C , 5625 
0x5A5A , 6305 
0x6E6E , 6281 
0x2020 , 2667 
0x3E3E , 5080 
0x1C1C , 5661 
0x5A5A , 5871 
0x6E6E , 6034 
0x2020 , 3142 
0x3E3E , 5299 
0x1C1C , 5570 
0x5A5A , 5633 
0x6E6E , 5978 
0x2020 , 3409 
0x3E3E , 5540 
0x1C1C , 4798 
0x5A5A , 5389 
0x6E6E , 6442 
0x2020 , 3588 
0x3E3E , 5693 
0x1C1C , 5200 
0x5A5A , 5098 
0x6E6E , 5460 
0x2020 , 3821 
0x3E3E , 6189 
0x1C1C , 4990 
0x5A5A , 4850 
0x6E6E , 5515 
0x2020 , 4189 
0x3E3E , 6134 
0x1C1C , 4985 
0x5A5A , 4655 
0x6E6E , 5253 
0x2020 , 4398 
0x3E3E , 6180 
0x1C1C , 5077 
0x5A5A , 4426 
0x6E6E , 5208 
0x2020 , 4859 
0x3E3E , 6292 
0x1C1C , 5004 
0x5A5A , 4598 
0x6E6E , 5258 
0x2020 , 5218 
0x3E3E , 6148 
0x1C1C , 4880 
0x5A5A , 4392 
0x6E6E , 5802 
0x2020 , 5247 
0x3E3E , 6305 
0x1C1C , 4177 
0x5A5A , 4383 
0x6E6E , 5822 
0x2020 , 5334 
0x3E3E , 6268 
0x1C1C , 4063 
0x5A5A , 4345 
0x6E6E , 6089 
0x2020 , 5407 
0x3E3E , 6143 
0x1C1C , 3826 
0x5A5A , 4545 
0x6E6E , 6386 
0x2020 , 5475 
0x3E3E , 5350 
0x1C1C , 3588 
0x5A5A , 4755 
0x6E6E , 6659 
0x2020 , 5441 
0x3E3E , 5271 
0x1C1C , 3196 
0x5A5A , 4855 
0x6E6E , 6865 
0x2020 , 5450 
0x3E3E , 5090 
0x1C1C , 3091 
0x5A5A , 5003 
0x6E6E , 6981 
0x2020 , 5504 
0x3E3E , 5002 
0x1C1C , 2762 
0x5A5A , 5275 
0x6E6E , 7444 
0x2020 , 5416 
0x3E3E , -218 
0x1C1C , 2525 
0x5A5A , 5490 
0x6E6E , 7480 
0x2020 , 5339 
0x3E3E , 4514 
0x1C1C , 2246 
0x5A5A , 5771 
0x6E6E , 7963 
0x2020 , 5329 
0x3E3E , 4329 
0x1C1C , 2168 
0x5A5A , 6167 
0x6E6E , 8190 
0x2020 , 5276 
0x3E3E , 3939 
0x1C1C , 2082 
0x5A5A , 6572 
0x6E6E , 8321 
0x2020 , 5286 
0x3E3E , 3795 
0x1C1C , 2054 
0x5A5A , 6849 
0x6E6E , 8492 
0x2020 , 5164 
0x3E3E , 3577 
0x1C1C , 2287 
0x5A5A , 6534 
0x6E6E , 8568 
0x2020 , 4956 
0x3E3E , 3786 
0x1C1C , 2520 
0x5A5A , 6944 
0x6E6E , 8492 
0x2020 , 4364 
0x3E3E , 3262 
0x1C1C , 3086 
0x5A5A , 7054 
0x6E6E , 8981 
0x2020 , 4301 
0x3E3E , 3020 
0x1C1C , 3360 
0x5A5A , 7006 
0x6E6E , 8734 
0x2020 , 3952 
0x3E3E , 3252 
0x1C1C , 3607 
0x5A5A , 6959 
0x6E6E , 7933 
0x2020 , 3932 
0x3E3E , 3568 
0x1C1C , 3844 
0x5A5A , 6854 
0x6E6E , 7883 
0x2020 , 3729 
0x3E3E , 3558 
0x1C1C , 3821 
0x5A5A , 7130 
0x6E6E , 7349 
0x2020 , 3675 
0x3E3E , 4278 
0x1C1C , 3967 
0x5A5A , 6281 
0x6E6E , 7112 
0x2020 , 3743 
0x3E3E , 4468 
0x1C1C , 3976 
0x5A5A , 6930 
0x6E6E , 6855 
0x2020 , 3758 
0x3E3E , 4728 
0x1C1C , 4186 
0x5A5A , 6009 
0x6E6E , 6412 
0x2020 , 3777 
0x3E3E , 4774 
0x1C1C , 4415 
0x5A5A , 5833 
0x6E6E , 6200 
0x2020 , 3966 
0x3E3E , 4992 
0x1C1C , 4524 
0x5A5A , 5742 
0x6E6E , 5873 
0x2020 , 3923 
0x3E3E , 5215 
0x1C1C , 4821 
0x5A5A , 5609 
0x6E6E , 5706 
0x2020 , 4058 
0x3E3E , 5568 
0x1C1C , 4912 
0x5A5A , 5284 
0x6E6E , 5389 
0x2020 , 4180 
0x3E3E , 6101 
0x1C1C , 5049 
0x5A5A , 5246 
0x6E6E , 5203 
0x2020 , 4451 
0x3E3E , 6222 
0x1C1C , 5072 
0x5A5A , 4345 
0x6E6E , 5072 
0x2020 , 4674 
0x3E3E , 6486 
0x1C1C , 4922 
0x5A5A , 4292 
0x6E6E , 5178 
0x2020 , 5319 
0x3E3E , 6774 
0x1C1C , 4958 
0x5A5A , 3892 
0x6E6E , 5052 
0x2020 , 5392 
0x3E3E , 6872 
0x1C1C , 4926 
0x5A5A , 3868 
0x6E6E , 5117 
0x2020 , 5552 
0x3E3E , 6816 
0x1C1C , 4826 
0x5A5A , 3415 
0x6E6E , 5319 
0x2020 , -291 
0x3E3E , 7020 
0x1C1C , 4794 
0x5A5A , 3496 
0x6E6E , 5319 
0x2020 , -291 
0x3E3E , 7011 
0x1C1C , 4584 
0x5A5A , 3405 
0x6E6E , 5631 
0x2020 , -291 
0x3E3E , 7006 
0x1C1C , 4406 
0x5A5A , 3300 
0x6E6E , 5863 
0x2020 , 6537 
0x3E3E , 7090 
0x1C1C , 3520 
0x5A5A , 3167 
0x6E6E , 6276 
0x2020 , 7143 
0x3E3E , 6305 
0x1C1C , 2693 
0x5A5A , 4221 
0x6E6E , 7520 
0x2020 , 6391 
0x3E3E , 6083 
0x1C1C , 2456 
0x5A5A , 4521 
0x6E6E , 7792 
0x2020 , 7109 
0x3E3E , 5860 
0x1C1C , 2223 
0x5A5A , 4693 
0x6E6E , 8049 
0x2020 , -291 
0x3E3E , -218 
0x1C1C , -159 
0x5A5A , -339 
0x6E6E , -796 
0x2020 , 6018 
0x3E3E , 5248 
0x1C1C , 1575 
0x5A5A , 5771 
0x6E6E , 8401 
0x2020 , -291 
0x3E3E , -218 
0x1C1C , -159 
0x5A5A , -339 
0x6E6E , -796 
0x2020 , 5174 
0x3E3E , 4083 
0x1C1C , 2817 
0x5A5A , 5843 
0x6E6E , 8109 
0x2020 , 4941 
0x3E3E , 4259 
0x1C1C , 2872 
0x5A5A , 5919 
0x6E6E , 7233 
0x2020 , 4723 
0x3E3E , 4055 
0x1C1C , 3497 
0x5A5A , 6095 
0x6E6E , 6971 
0x2020 , 4408 
0x3E3E , 4087 
0x1C1C , 3671 
0x5A5A , 5862 
0x6E6E , 7132 
0x2020 , 4248 
0x3E3E , 4259 
0x1C1C , 3812 
0x5A5A , 5747 
0x6E6E , 6739 
0x2020 , 4092 
0x3E3E , 4667 
0x1C1C , 3666 
0x5A5A , 5566 
0x6E6E , 6442 
0x2020 , 3947 
0x3E3E , 4895 
0x1C1C , 4433 
0x5A5A , 5523 
0x6E6E , 6210 
0x2020 , 4073 
0x3E3E , 5071 
0x1C1C , 4520 
0x5A5A , 5480 
0x6E6E , 5953 
0x2020 , 4063 
0x3E3E , 5698 
0x1C1C , 5136 
0x5A5A , 5423 
0x6E6E , 5591 
0x2020 , 4146 
0x3E3E , 5934 
0x1C1C , 5086 
0x5A5A , 5261 
0x6E6E , 5324 
0x2020 , 4398 
0x3E3E , 6194 
0x1C1C , 5145 
0x5A5A , 4311 
0x6E6E , 5077 
0x2020 , 4631 
0x3E3E , 6496 
0x1C1C , 5255 
0x5A5A , 4140 
0x6E6E , 4895 
0x2020 , 4927 
0x3E3E , -218 
0x1C1C , 5346 
0x5A5A , 4020 
0x6E6E , 4759 
0x2020 , 5087 
0x3E3E , 7150 
0x1C1C , 5337 
0x5A5A , 3491 
0x6E6E , 4684 
0x2020 , 5368 
0x3E3E , -218 
0x1C1C , 5360 
0x5A5A , 3152 
0x6E6E , 4508 
0x2020 , 5644 
0x3E3E , 7572 
0x1C1C , 5383 
0x5A5A , 2904 
0x6E6E , 4351 
0x2020 , 5683 
0x3E3E , 7892 
0x1C1C , 5360 
0x5A5A , 2775 
0x6E6E , 4286 
0x2020 , -291 
0x3E3E , 8254 
0x1C1C , 5342 
0x5A5A , -339 
0x6E6E , -796 
0x2020 , -291 
0x3E3E , -218 
0x1C1C , -159 
0x5A5A , -339 
0x6E6E , -796 
0x2020 , 7463 
0x3E3E , 7957 
0x1C1C , 5168 
0x5A5A , 1893 
0x6E6E , -796 
0x2020 , 7516 
0x3E3E , 7688 
0x1C1C , 4310 
0x5A5A , 2108 
0x6E6E , 6084 
0x2020 , 7667 
0x3E3E , 445 
0x1C1C , 4045 
0x5A5A , 2394 
0x6E6E , 6427 
0x2020 , 7725 
0x3E3E , 7229 
0x1C1C , 3894 
0x5A5A , 2828 
0x6E6E , 6754 
0x2020 , 7638 
0x3E3E , 6788 
0x1C1C , 3433 
0x5A5A , 3090 
0x6E6E , 7147 
0x2020 , 6610 
0x3E3E , 6723 
0x1C1C , 3187 
0x5A5A , 3634 
0x6E6E , 7268 
0x2020 , 7196 
0x3E3E , 6644 
0x1C1C , 3013 
0x5A5A , -339 
0x6E6E , 7434 
0x2020 , 6333 
0x3E3E , 6616 
0x1C1C , 2771 
0x5A5A , 4297 
0x6E6E , 7313 
0x2020 , 5998 
0x3E3E , 6547 
0x1C1C , 2598 
0x5A5A , 4526 
0x6E6E , 7278 
0x2020 , 6071 
0x3E3E , 6231 
0x1C1C , 2561 
0x5A5A , 4698 
0x6E6E , 7334 
0x2020 , 5499 
0x3E3E , 5749 
0x1C1C , 2575 
0x5A5A , 4841 
0x6E6E , 7364 
0x2020 , 5281 
0x3E3E , 5419 
0x1C1C , 2657 
0x5A5A , 5079 
0x6E6E , 7278 
0x2020 , 4898 
0x3E3E , 5192 
0x1C1C , 2986 
0x5A5A , 5189 
0x6E6E , 7067 
0x2020 , 5101 
0x3E3E , 4983 
0x1C1C , 3351 
0x5A5A , 5265 
0x6E6E , 7067 
0x2020 , 4961 
0x3E3E , 4918 
0x1C1C , 3757 
0x5A5A , 5137 
0x6E6E , 6759 
0x2020 , 4529 
0x3E3E , 5016 
0x1C1C , 4365 
0x5A5A , 5189 
0x6E6E , 6487 
0x2020 , 4160 
0x3E3E , 5206 
0x1C1C , -159 
0x5A5A , 5609 
0x6E6E , 5792 
0x2020 , -291 
0x3E3E , -218 
0x1C1C , 4972 
0x5A5A , -339 
0x6E6E , -796 
0x2020 , 4383 
0x3E3E , 6338 
0x1C1C , 5273 
0x5A5A , -339 
0x6E6E , -796 
0x2020 , 4704 
0x3E3E , 6663 
0x1C1C , 5337 
0x5A5A , 4674 
0x6E6E , -796 
0x2020 , 4980 
0x3E3E , 7011 
0x1C1C , 5588 
0x5A5A , 4493 
0x6E6E , 4316 
0x2020 , 5150 
0x3E3E , 7201 
0x1C1C , 5520 
0x5A5A , 4211 
0x6E6E , 4195 
0x2020 , 5397 
0x3E3E , 7595 
0x1C1C , 5570 
0x5A5A , 3372 
0x6E6E , 4089 
0x2020 , 5911 
0x3E3E , 7874 
0x1C1C , 5488 
0x5A5A , 3701 
0x6E6E , 4099 
0x2020 , 6139 
0x3E3E , 8143 
0x1C1C , 5419 
0x5A5A , 3748 
0x6E6E , 4150 
0x2020 , 6459 
0x3E3E , 8278 
0x1C1C , 5378 
0x5A5A , 2475 
0x6E6E , 4215 
0x2020 , 6716 
0x3E3E , -218 
0x1C1C , 5684 
0x5A5A , 2198 
0x6E6E , 4200 
0x2020 , 6876 
0x3E3E , 8254 
0x1C1C , 5771 
0x5A5A , 2437 
0x6E6E , 4266 
0x2020 , 7017 
0x3E3E , 8189 
0x1C1C , -159 
0x5A5A , 2165 
0x6E6E , 4341 
0x2020 , -291 
0x3E3E , -218 
0x1C1C , -159 
0x5A5A , -339 
0x6E6E , -796 
0x2020 , 6745 
0x3E3E , 8412 
0x1C1C , 6255 
0x5A5A , -339 
0x6E6E , -796 
0x2020 , -291 
0x3E3E , 8301 
0x1C1C , 6209 
0x5A5A , 2713 
0x6E6E , 3787 
0x2020 , 5974 
0x3E3E , 7878 
0x1C1C , 6150 
0x5A5A , 2914 
0x6E6E , 3576 
0x2020 , 5882 
0x3E3E , 7855 
0x1C1C , 6168 
0x5A5A , 3100 
0x6E6E , 3470 
0x2020 , -291 
0x3E3E , -218 
0x1C1C , -159 
0x5A5A , -339 
0x6E6E , -796 
0x2020 , 5378 
0x3E3E , 7238 
0x1C1C , 5506 
0x5A5A , 3667 
0x6E6E , 4346 
0x2020 , -291 
0x3E3E , -218 
0x1C1C , -159 
0x5A5A , -339 
0x6E6E , -796 
0x2020 , 4456 
0x3E3E , 6292 
0x1C1C , -159 
0x5A5A , 4435 
0x6E6E , 5747 
0x2020 , -291 
0x3E3E , -218 
0x1C1C , 4479 
0x5A5A , -339 
0x6E6E , -796 
0x2020 , 3811 
0x3E3E , 5354 
0x1C1C , 4652 
0x5A5A , -339 
0x6E6E , -796 
0x2020 , 3564 
0x3E3E , 5480 
0x1C1C , 4976 
0x5A5A , 5432 
0x6E6E , -796 
0x2020 , 3549 
0x3E3E , 5507 
0x1C1C , 5383 
0x5A5A , -339 
0x6E6E , 5520 
0x2020 , 3510 
0x3E3E , 5591 
0x1C1C , 5730 
0x5A5A , 6668 
0x6E6E , 5515 
0x2020 , 3287 
0x3E3E , 5804 
0x1C1C , 6141 
0x5A5A , 6043 
0x6E6E , 5364 
0x2020 , 3011 
0x3E3E , 6329 
0x1C1C , 6378 
0x5A5A , -339 
0x6E6E , 4926 
0x2020 , 2657 
0x3E3E , -218 
0x1C1C , 6629 
0x5A5A , 6973 
0x6E6E , 4931 
0x2020 , 2637 
0x3E3E , 6217 
0x1C1C , -159 
0x5A5A , -339 
0x6E6E , -796 
0x2020 , -291 
0x3E3E , -218 
0x1C1C , -159 
0x5A5A , -339 
0x6E6E , -796 
0x2020 , 2153 
0x3E3E , 6041 
0x1C1C , 6853 
0x5A5A , -339 
0x6E6E , -796 
0x2020 , 1784 
0x3E3E , 5707 
0x1C1C , 6816 
0x5A5A , -339 
0x6E6E , -796 
0x2020 , 2109 
0x3E3E , 5489 
0x1C1C , 6533 
0x5A5A , -339 
0x6E6E , 5893 
0x2020 , 2046 
0x3E3E , 4997 
0x1C1C , 6355 
0x5A5A , 7111 
0x6E6E , 5943 
0x2020 , 2075 
0x3E3E , 5220 
0x1C1C , 6122 
0x5A5A , 7068 
0x6E6E , 6074 
0x2020 , 2148 
0x3E3E , 5071 
0x1C1C , 5739 
0x5A5A , 6983 
0x6E6E , 6054 
0x2020 , 2652 
0x3E3E , 4862 
0x1C1C , 5670 
0x5A5A , 6682 
0x6E6E , 6220 
0x2020 , 2928 
0x3E3E , 4672 
0x1C1C , 5328 
0x5A5A , 6372 
0x6E6E , 6361 
0x2020 , 3147 
0x3E3E , -218 
0x1C1C , -159 
0x5A5A , 5924 
0x6E6E , 6341 
0x2020 , -291 
0x3E3E , -218 
0x1C1C , 5154 
0x5A5A , -339 
0x6E6E , -796 
0x2020 , 3472 
0x3E3E , 6222 
0x1C1C , -159 
0x5A5A , -339 
0x6E6E , -796 
0x2020 , -291 
0x3E3E , -218 
0x1C1C , 4702 
0x5A5A , -339 
0x6E6E , -796 
0x2020 , 4442 
0x3E3E , 6078 
0x1C1C , 4725 
0x5A5A , -339 
0x6E6E , -796 
0x2020 , 4393 
0x3E3E , 6148 
0x1C1C , 4789 
0x5A5A , 4440 
0x6E6E , -796 
0x2020 , 4432 
0x3E3E , 6120 
0x1C1C , 4812 
0x5A5A , 4426 
0x6E6E , 5233 
0x2020 , 4476 
0x3E3E , 6092 
0x1C1C , 4835 
0x5A5A , 4335 
0x6E6E , 5107 
0x2020 , 4587 
0x3E3E , -218 
0x1C1C , 4748 
0x5A5A , 4369 
0x6E6E , 5092 
0x2020 , 4616 
0x3E3E , -218 
0x1C1C , 4739 
0x5A5A , 4330 
0x6E6E , 5213 
0x2020 , 4539 
0x3E3E , 6092 
0x1C1C , -159 
0x5A5A , 4369 
0x6E6E , 5369 
0x2020 , -291 
0x3E3E , -218 
0x1C1C , 4785 
0x5A5A , -339 
0x6E6E , -796 
0x2020 , 4417 
0x3E3E , 6087 
0x1C1C , 4565 
0x5A5A , -339 
0x6E6E , -796 
0x2020 , 4383 
0x3E3E , 6087 
0x1C1C , 4652 
0x5A5A , 4412 
0x6E6E , -796 
0x2020 , 4379 
0x3E3E , 6069 
0x1C1C , 4743 
0x5A5A , 4392 
0x6E6E , 5303 
0x2020 , 4359 
0x3E3E , 6087 
0x1C1C , 4762 
0x5A5A , 4412 
0x6E6E , 5258 
0x2020 , 4364 
0x3E3E , 6064 
0x1C1C , 4762 
0x5A5A , 4364 
0x6E6E , 5253 
0x2020 , 4189 
0x3E3E , 6073 
0x1C1C , 4848 
0x5A5A , 4397 
0x6E6E , 5424 
