16:10:28.464:
0x2020 , 4514 
0x3
16:10:28.486:
E3E , 6148 
0x1C1C , 4931 
0x5A5A , 4469 
0x6E6E , 5303 

16:10:29.065:
0x2020 , 4539 
0x3E3E , 6101 
0x1C1C , 4926 
0x5A5A , 4435 
0x6E6E , 5288 

16:10:29.619:
0x2020 , 45
16:10:29.650:
10 
0x3E3E , 6115 
0x1C1C , 4926 
0x5A5A , 4388 
0x6E6E , 5344 

16:10:30.235:
0x2020 , 4553 
0x3E3E , 6097 
0x1C1C , 4871 
0x5A5A , 4421 
0x6E6E , 5273 

16:10:30.820:
0x2020 , 4514 
0x3E3E , 6120 
0x1C1C , 4935 
0x5A5A , 4388 
0x6E6E , 5223 

16:10:31.390:
0x2020 , 4577 
0x3E3E , 6157 
0x1C1C ,
16:10:31.406:
 4922 
0x5A5A , 4440 
0x6E6E , 5223 

16:10:31.990:
0
16:10:32.006:
x2020 , 4311 
0x3E3E , 6176 
0x1C1C , 4917 
0x5A5A , -339 
0x6E6E , 5243 

16:10:33.054:
0x2020 , -291 
0x3E3E , -218 
0x1C1C , -159 
0x5A5A , 4889 
0x6E6E , -796 

16:10:33.724:
0x2020 , 43
16:10:33.740:
16 
0x3E3E , 5841 
0x1C1C , 4711 
0x5A5A , 5089 
0x6E6E , -796 

16:10:34.394:
0x2020 , 4015 
0x3E3E , 5623 
0x1C1C , 4638 
0x5A5A , -339 
0x6E6E , -796 

16:10:35.389:
0x2020 , -291 
0x3E3E , -218 
0x1C1C , -159 
0x5A5A 
16:10:35.396:
, -339 
0x6E6E , -796 

16:10:36.144:
0x2020 , 3384 
0x3E3E , -218 
0x1C1C , -159 
0x5A5A , 6210 
0x6E6E , 6331 

16:10:36.776:
0x2
16:10:36.814:
020 , 2958 
0x3E3E , 4909 
0x1C1C , 4876 
0x5A5A , -339 
0x6E6E , 6628 

16:10:39.279:
0x2020 , 2206 
0x3E3E , 3851 
0x1C1C , 4844 

16:10:39.301:
0x5A5A , 7555 
0x6E6E , 7636 

16:10:39.880:
0x2020 , 2380 
0x3E3E , 3354 
0x1C1C , 4743 
0x5A5A , 7674 
0x6E6E , 7888 

16:10:40.465:
0x2020 , 2734 
0x3E3E , 3132 
0x1C1C , 4497 
0x5A5A , 7770 
0x6E6E , 8281 

16:10:41.066:
0x2020 , 3108 
0x3E3E , 3076 
0x1C1C , 4506 
0x5A5A , 7192 
0x6E6E , 8306 

16:10:41.635:
0x2020 , 3418 
0x3E3E , 3067 
0x1C1C ,
16:10:41.650:
 4278 
0x5A5A , 7674 
0x6E6E , 8255 

16:10:42.251:
0x2020 , 3700 
0x3E3E , 3141 
0x1C1C , 4059 
0x5A5A , 7488 
0x6E6E , 8094 

16:10:42.852:
0x2020 , 3947 
0x3E3E , 3224 
0x1C1C , 4018 
0x5A5A , 7212 
0x6E6E , 8064 

16:10:43.452:
0x2020 , 4238 
0x3E3E , 3187 
0x1C1C , 3940 
0x5A5A , 7126 
0x6E6E , 8371 

16:10:44.006:
0x2020 , 4374 
0x3E3E , 3155 
0x1C
16:10:44.021:
1C , 3470 
0x5A5A , 6954 
0x6E6E , 8930 

16:10:45.471:
0x2020 , -291 
0x3E3E , -218 

16:10:45.487:
0x1C1C , -159 
0x5A5A , -339 
0x6E6E , -796 

16:10:46.125:
0x202
16:10:46.157:
0 , 5179 
0x3E3E , 3879 
0x1C1C , 2347 
0x5A5A , 6358 
0x6E6E , -796 

16:10:46.727:
0x2020 , 5310 
0x3E3E , 4115 
0x1C1C , 2114 
0x5A5A , 5971 
0x6E6E , 8265 

16:10:47.290:
0x2020 , 5499 
0x3E3E , 4315 
0x1C1
16:10:47.306:
C , 1986 
0x5A5A , 5771 
0x6E6E , 8205 

16:10:47.891:
0x2020 , 5790 
0x3E3E , 4482 
0x1C1C , 1899 
0x5A5A , 5556 
0x6E6E , 8230 

16:10:48.476:
0x2020 , 5950 
0x3E3E , 4705 
0x1C1C , 1821 
0x5A5A , 5437 
0x6E6E , 8150 

16:10:49.061:
0x2020 , 6163 
0x3E3E , 4955 
0x1C1C , 1758 
0x5A5A , 5518 
0x6E6E , 8074 

16:10:49.630:
0x2020 , 6294 
0x3E3E , 5178 
0x1C1C , 1821
16:10:49.646:
 
0x5A5A , 5280 
0x6E6E , 8064 

16:10:50.247:
0x2020 , 6425 
0x3E3E , 5289 
0x1C1C , 1853 
0x5A5A , 5237 
0x6E6E , 7938 

16:10:50.847:
0x2020 , 6639 
0x3E3E , 5721 
0x1C1C , 2068 
0x5A5A , 5022 
0x6E6E , 7721 

16:10:51.463:
0x2020 , 6241 
0x3E3E , 5832 
0x1C1C , 2483 
0x5A5A , 4645 
0x6E6E , 7555 

16:10:51.995:
0x2020 , 6294 
0x3E3E , 5883 
0x1C1C
16:10:52.017:
 , 2926 
0x5A5A , 4435 
0x6E6E , 7293 

16:10:52.580:
0x2020 , 5931 
0x3E3E , 6268 
0x1C1C , 3177 
0x5A5A , 4173 
0x6E6E , 7318 

16:10:53.149:
0x2020 , 5882 
0x3E3E , 5962 
0x1C1C , 3333 
0x5A5A , 4154 
0x6E6E , 7122 

16:10:53.734:
0x2020 , 5834 
0x3E3E , 5767 
0x1C1C , 3529 
0x5A5A , 4140 
0x6E6E , 6880 

16:10:54.281:
0x2020 , 5707 
0x3E3E , 5735 
0x1C1
16:10:54.297:
C , 3639 
0x5A5A , 4283 
0x6E6E , 6714 

16:10:54.882:
0x2020 , 5630 
0x3E3E , 5781 
0x1C1C , 3794 
0x5A5A , 4302 
0x6E6E , 6437 

16:10:55.468:
0x2020 , 5654 
0x3E3E , 5814 
0x1C1C , 4109 
0x5A5A , 4445 
0x6E6E , 6140 

16:10:56.069:
0x2020 , 5426 
0x3E3E , 5786 
0x1C1C , 4269 
0x5A5A , 4388 
0x6E6E , 6059 

16:10:56.639:
0x2020 , 5009 
0x3E3E , 5874 
0x1C1C , 4
16:10:56.654:
474 
0x5A5A , 4416 
0x6E6E , 5701 

16:10:57.254:
0x2020 , 5082 
0x3E3E , 5906 
0x1C1C , 4652 
0x5A5A , 4588 
0x6E6E , 5928 

16:10:57.855:
0x2020 , 4670 
0x3E3E , 6018 
0x1C1C , 4716 
0x5A5A , 4669 
0x6E6E , 5651 

16:10:58.456:
0x2020 , 4684 
0x3E3E , 6041 
0x1C1C , 4963 
0x5A5A , 4712 
0x6E6E , 5419 

16:10:59.004:
0x2020 , 4670 
0x3E3E , 6022 
0x1C
16:10:59.026:
1C , 4995 
0x5A5A , 4612 
0x6E6E , 5288 

16:10:59.589:
0x2020 , 4223 
0x3E3E , 6630 
0x1C1C , 4858 
0x5A5A , 4540 
0x6E6E , 5021 

16:11:00.158:
0x2020 , 4791 
0x3E3E , 6254 
0x1C1C , 4844 
0x5A5A , 4373 
0x6E6E , 5067 

16:11:00.728:
0x2020 , 5353 
0x3E3E , 6421 
0x1C1C , 4899 
0x5A5A , 4044 
0x6E6E , 4936 

16:11:01.291:
0x2020 , 5479 
0x3E3E , 6644 
0x1C1
16:11:01.307:
C , 4958 
0x5A5A , 3820 
0x6E6E , 4785 

16:11:01.892:
0x2020 , 5286 
0x3E3E , 6950 
0x1C1C , 5086 
0x5A5A , 3539 
0x6E6E , 4780 

16:11:02.478:
0x2020 , 5834 
0x3E3E , 7215 
0x1C1C , 5195 
0x5A5A , 3381 
0x6E6E , 4513 

16:11:03.131:
0x2020 , 6081 
0x3E3E , 7312 
0x1C
16:11:03.147:
1C , 5300 
0x5A5A , 3147 
0x6E6E , 4341 

16:11:03.732:
0x2020 , 6294 
0x3E3E , 7
16:11:03.748:
558 
0x1C1C , 5424 
0x5A5A , 2833 
0x6E6E , 4125 

16:11:04.412:
0x2020 , 6721 
0x3E3E , -218 
0x1C1C , 564
16:11:04.434:
7 
0x5A5A , 2537 
0x6E6E , 3994 

16:11:05.034:
0x2020 , -291 
0x3E3E , 8718 
0x1C1C , 5821 
0x5A5A , 2232 
0x6E6E , 3963 

16:11:05.698:
0x2020 , -291 

16:11:05.733:
0x3E3E , 8157 
0x1C1C , 5880 
0x5A5A , 2651 
0x6E6E , 4422 

16:11:06.267:
0x2020 , 6939 
0x3E3E , 8421 
0x1C1C , 5876 

16:11:06.282:
0x5A5A , 2222 
0x6E6E , 4674 

16:11:06.853:
0x2020 , 7148 
0x3E3E , 8148 
0x1C1C , 5743 
0x5A5A , 1917 
0x6E6E , 4875 

16:11:07.431:
0x2020 , 7153 
0x3E3E , 7990 
0x1C1C , 5588 
0x5A5A , 1936 
0x6E6E , 5021 

16:11:08.001:
0x2020 , 7216 
0x3E3E , 7967 
0x1C1C , 5410 
0x5A5A , 2332 
0x6E6E , 5253 

16:11:08.554:
0x2020 , 7230 
0x3E3E , 7804 
0x1C1C , 4
16:11:08.570:
995 
0x5A5A , 2904 
0x6E6E , 5319 

16:11:09.236:
0x2020 , 7138 
0x3E3E , 7716 
0x1C1C , 4698 
0x5A5
16:11:09.239:
A , 2518 
0x6E6E , -796 

16:11:10.720:
0x2020 , -291 
0x3E3E 
16:11:10.739:
, -218 
0x1C1C , -159 
0x5A5A , -339 
0x6E6E , -796 

16:11:11.305:
0x2020 , 7211 
0x3E3E , 7118 
0x1C1C ,
16:11:11.321:
 3885 
0x5A5A , 3209 
0x6E6E , 6538 

16:11:11.905:
0x2020 , 7099 
0x3E3E ,
16:11:11.921:
 7104 
0x1C1C , 3785 
0x5A5A , 3395 
0x6E6E , 6648 

16:11:12.521:
0x2020 , 6954 
0x3E3E , 6890 
0x1C1C , 3721 
0x5A5A , 3410 
0x6E6E , 6502 

16:11:13.121:
0x2020 , 6673 
0x3E3E , 6978 
0x1C1C , 3812 
0x5A5A , 3300 
0x6E6E , 6361 

16:11:13.722:
0x2020 , 6343 
0x3E3E , 6728 
0x1C1C , -159 
0x5A5A , 3424 
0x6E6E , 6281 

16:11:14.623:
0x2020 , -291 
0x3
16:11:14.641:
E3E , -218 
0x1C1C , 3999 
0x5A5A , -339 
0x6E6E , -796 

16:11:15.378:
0x2020 , 5770 
0x3E3E , 6454 
0x1C1C , 4159 
0x5A5A , -339 
0x6E6E , -796 

16:11:16.025:
0x2020 , 5858 
0x3E3E , 6389 

16:11:16.044:
0x1C1C , 4365 
0x5A5A , 3901 
0x6E6E , -796 

16:11:16.595:
0x2020 , 5620 
0x3E3E , 6236 
0x1C1C , 4419
16:11:16.610:
 
0x5A5A , 4073 
0x6E6E , 5686 

16:11:17.180:
0x2020 , 4941 
0x3E3E ,
16:11:17.195:
 6176 
0x1C1C , 4675 
0x5A5A , 4235 
0x6E6E , 5520 

16:11:17.849:
0x2020 , 4320 
0x3E3E , 6087 

16:11:17.865:
0x1C1C , 4826 
0x5A5A , -339 
0x6E6E , 5248 

16:11:18.450:
0x2020 , 3981 
0x3E3E , 6004 
0x1C1C , 5118 
0x5A5A , 4736 
0x6E6E , 5434 

16:11:19.046:
0x2020 , 3690 
0x3E3E , 5902 
0x1C1C , 5268 
0x5A5A , 4998 
0x6E6E , 5188 

16:11:19.615:
0x2020 , 3506 
0x3E3E , 5916 
0x1C1C , 5469
16:11:19.630:
 
0x5A5A , 5065 
0x6E6E , 5248 

16:11:20.198:
0
16:11:20.230:
x2020 , 3506 
0x3E3E , 5814 
0x1C1C , 5830 
0x5A5A , 5323 
0x6E6E , 5152 

16:11:20.831:
0x2020 , 2856 
0x3E3E , 5841 
0x1C1C , 6045 
0x5A5A , 5900 
0x6E6E , 4996 

16:11:21.432:
0x2020 , 2730 
0x3E3E , 5814 
0x1C1C , 6118 
0x5A5A , 5900 
0x6E6E , 4936 

16:11:21.985:
0x2020 , 2705 
0x3E3E , 5888 
0x1C
16:11:22.001:
1C , 6405 
0x5A5A , 6076 
0x6E6E , 5021 

16:11:22.555:
0x2020 , 2570 
0x3E3E , 5976 
0x1C1C , 6533 
0x5A5A , 6262 
0x6E6E , 5021 

16:11:23.134:
0x2020 , 2342 
0x3E3E , 6138 
0x1C1C , 6921 
0x5A5A , 6248 
0x6E6E , 4961 

16:11:23.703:
0x2020 , 2424 
0x3E3E , 6254 
0x1C1C , 7474 
0x5A5A , 6615 
0x6E6E , 4659 

16:11:24.273:
0x2020 , 2691 
0x3E3E , 6537 
0x1C1C
16:11:24.288:
 , 7104 
0x5A5A , 6396 
0x6E6E , 4502 

16:11:24.874:
0x2020 , 3025 
0x3E3E , 6821 
0x1C1C , 7200 
0x5A5A , 6496 
0x6E6E , 4331 

16:11:25.459:
0x2020 , 3195 
0x3E3E , 6955 
0x1C1C , 7282 
0x5A5A , 6343 
0x6E6E , 4130 

16:11:26.038:
0x2020 , 3607 
0x3E3E , 7104 
0x1C1C , 7255 
0x5A5A , 6219 
0x6E6E , 3843 

16:11:26.624:
0x2020 , 3675 
0x3E3E , 7271 
0x1C1C ,
16:11:26.639:
 7378 
0x5A5A , 6095 
0x6E6E , 3581 

16:11:27.239:
0x2020 , 4073 
0x3E3E , 7350 
0x1C1C , 7524 
0x5A5A , 5871 
0x6E6E , 3283 

16:11:27.840:
0x2020 , 4398 
0x3E3E , 7554 
0x1C1C , 7615 
0x5A5A , 5633 
0x6E6E , 2951 

16:11:28.442:
0x2020 , 4379 
0x3E3E , 7827 
0x1C1C , 7437 
0x5A5A , 5432 
0x6E6E , 2714 

16:11:28.980:
0x2020 , 4771 
0x3E3E , 8032 
0x1C1C 
16:11:28.995:
, 7515 
0x5A5A , 5013 
0x6E6E , 2498 

16:11:29.565:
0x2020 , 5038 
0x3E3E , 8245 
0x1C1C , 7551 
0x5A5A , 4779 
0x6E6E , 2482 

16:11:30.143:
0x2020 , 5106 
0x3E3E , 8352 
0x1C1C , 7570 
0x5A5A , 4474 
0x6E6E , 2160 

16:11:30.712:
0x2020 , 5368 
0x3E3E , 8542 
0x1C1C , 7264 
0x5A5A , 4302 
0x6E6E , 2205 

16:11:31.282:
0x2020 , 5489 
0x3E3E , 8551 
0x1C1
16:11:31.297:
C , 7154 
0x5A5A , 4183 
0x6E6E , 2452 

16:11:31.882:
0x2020 , 5664 
0x3E3E , 8477 
0x1C1C , 7118 
0x5A5A , 4016 
0x6E6E , 2684 

16:11:32.468:
0x2020 , 5591 
0x3E3E , 8329 
0x1C1C , 7035 
0x5A5A , 3968 
0x6E6E , 2906 

16:11:33.047:
0x2020 , 5368 
0x3E3E , 8013 
0x1C1C , 6716 
0x5A5A , 4092 
0x6E6E , 2931 

16:11:33.632:
0x2020 , 5184 
0x3E3E , 7707 
0x1C1C , 6679 

16:11:33.648:
0x5A5A , 4636 
0x6E6E , 2981 

16:11:34.248:
0x2020 , 4674 
0x3E3E , 7920 
0x1C1C , 6917 
0x5A5A , 4078 
0x6E6E , 3047 

16:11:34.848:
0x2020 , 4587 
0x3E3E , 7786 
0x1C1C , 7031 
0x5A5A , 4970 
0x6E6E , 2971 

16:11:35.449:
0x2020 , 4524 
0x3E3E , 7767 
0x1C1C , 7154 
0x5A5A , 5256 
0x6E6E , 2855 

16:11:35.987:
0x2020 , 4364 
0x3E3E , 7600 
0x1C
16:11:36.002:
1C , 7355 
0x5A5A , 5485 
0x6E6E , 3032 

16:11:36.572:
0x2020 , 4175 
0x3E3E , 7489 
0x1C1C , 7323 
0x5A5A , 5890 
0x6E6E , 3233 

16:11:37.151:
0x2020 , 3865 
0x3E3E , 7424 
0x1C1C , 7487 
0x5A5A , 6067 
0x6E6E , 3424 

16:11:37.720:
0x2020 , 3559 
0x3E3E , 7261 
0x1C1C , 7465 
0x5A5A , 6234 
0x6E6E , 3707 

16:11:38.274:
0x2020 , 3360 
0x3E3E , 7066 
0x1C1C , 72
16:11:38.290:
86 
0x5A5A , 6539 
0x6E6E , 4049 

16:11:38.875:
0x2020 , 3375 
0x3E3E , 6756 
0x1C1C , 7154 
0x5A5A , 6444 
0x6E6E , 4377 

16:11:39.472:
0x2020 , 2992 
0x3E3E , 6677 
0x1C1C , 7031 
0x5A5A , 6620 
0x6E6E , 4764 

16:11:40.055:
0x2020 , 2895 
0x3E3E , 6500 
0x1C1C , 6766 
0x5A5A , 6725 
0x6E6E , 4820 

16:11:40.625:
0x2020 , 2681 
0x3E3E , 6171 
0x1C1C , 6428 

16:11:40.640:
0x5A5A , 6553 
0x6E6E , 5077 

16:11:41.226:
0
16:11:41.242:
x2020 , 2448 
0x3E3E , 5874 
0x1C1C , 6364 
0x5A5A , 6844 
0x6E6E , 5510 

16:11:41.842:
0x2020 , 2245 
0x3E3E , 5851 
0x1C1C , 6364 
0x5A5A , 7068 
0x6E6E , 5666 

16:11:42.442:
0x2020 , 1900 
0x3E3E , 5415 
0x1C1C , 6597 
0x5A5A , -339 
0x6E6E , 5842 

16:11:43.096:
0x2020 , 1590 
0x3E3E , 5544 
0x1C1C , 6949 
0x5A5A , -339 
0x6E6E , 5480 

16:11:43.760:
0x2020 , 1634 
0x3E3E , -728 
0x1C1C , 7095 
0x5A5A , -339 
0x6E6E , 5324 

16:11:44.398:
0x2020 , 2177 
0x3E3E , 6635 
0x1
16:11:44.414:
C1C , 7154 
0x5A5A , -339 
0x6E6E , 5238 

16:11:45.083:
0x2020 , 2492 
0x3E3E , 6268 
0x1C1C , 6871 
0x5A5A , -339 
0x6E6E , 4754 

16:11:45.748:
0x2020 , 2599 
0x3E3E , 6032 
0x1C1C , 6538 
0x5A5A , -339 
0x6E6E , 4926 

16:11:46.417:
0x2020 , 2555 
0x3E3E , 5735 
0x1C1C , 6574 
0x5A5A , -339 
0x6E6E , 5354 

16:11:47.065:
0x2020 , 2531 
0x3E3E , 5591 
0x1C1C 
16:11:47.087:
, 5771 
0x5A5A , -339 
0x6E6E , 5822 

16:11:47.766:
0x2020 , 2308 
0x3E3E , 5220 
0x1C1C , 5684 
0x5A5A , -339 
0x6E6E , 5722 

16:11:48.451:
0x2020 , 2177 
0x3E3E , 4853 
0x1C1C , 5259 
0x5A5A , -339 
0x6E6E , 6417 

16:11:49.137:
0x2020 , 2230 
0x3E3E , 4705 
0x1C1C , 5533 
0x5A5A , -339 
0x6E6E , 6800 

16:11:49.806:
0x2020 , 2405 
0x3E3E , 4259 
0x1C1C , 4844
16:11:49.822:
 
0x5A5A , -339 
0x6E6E , 7298 

16:11:50.508:
0x2020 , 2652 
0x3E3E , 3865 
0x1C1C , 4789 
0x5A5A , -339 
0x6E6E , 7449 

16:11:51.055:
0x2020 , 2667 
0x3E3E , 3791 
0x1C1C
16:11:51.071:
 , 4488 
0x5A5A , 7383 
0x6E6E , 7767 

16:11:51.710:
0x2020 , 2696 
0x3E3E , 3456 
0x1C1C , 4296 
16:11:51.725:

0x5A5A , -339 
0x6E6E , 9948 

16:11:52.473:
0x2020 , 2555 
0x3E3E , 3164 
0x1C1C , 4470 
0x5A5A , -339 
0x6E6E , -796 

16:11:53.459:
0x2020 , -291 
0x3
16:11:53.474:
E3E , 2798 
0x1C1C , -159 
0x5A5A , -339 
0x6E6E , -796 

16:11:54.244:
0x2020 , 1939 
0x3E3E , 3846 
0x1C1C , -159 
0x5A5A , -339 
0x6E6E , 7233 

16:11:55.716:
0x2020 , -291 
0x3E3E , -218 
0x1C1C , -159 
0x5A5A ,
16:11:55.731:
 -339 
0x6E6E , -796 

16:11:56.316:
0x2020 , 3316 
0x3E3E , 4041 
0x1C1C , 4602 
0x5A5A , 7002 
0x6E6E , 7177 

16:11:56.902:
0x2020 , 3219 
0x3E3E , 3837 
0x1C1C , 4547 
0x5A5A , 7002 
0x6E6E , 7313 

16:11:59.105:
0x2020 , -291 

16:11:59.137:
0x3E3E , -218 
0x1C1C , -159 
0x5A5A , -339 
0x6E6E , -796 

16:11:59.706:
0x2020 , 4573 
0x3E3E , 3619 

16:11:59.722:
0x1C1C , 3118 
0x5A5A , 6596 
0x6E6E , 7983 

16:12:00.323:
0x2020 , 4941 
0x3E3E , 4185 
0x1C1C , 2634 
0x5A5A , 6362 
0x6E6E , 8145 

16:12:00.940:
0x2020 , 5295 
0x3E3E , 4101 
0x1C1C , 2228 
0x5A5A , 5914 
0x6E6E , 8079 

16:12:01.472:
0x2020 , 5484 
0x3E3E , 4273 

16:12:01.488:
0x1C1C , 2013 
0x5A5A , 5661 
0x6E6E , 8134 

16:12:02.057:
0x2020 , 5824 
0x3E3E , 4607 
0x1C1C , 1831 
0x5A5A , 5447 
0x6E6E , 8175 

16:12:02.628:
0x2020 , 6192 
0x3E3E , 4867 
0x1C1C , 1776 
0x5A5A , 5437 
0x6E6E , 8059 

16:12:03.212:
0x2020 , 6425 
0x3E3E , 5549 
0x1C1C , 1858 
0x5A5A , 5237 
0x6E6E , 7903 

16:12:03.760:
0x2020 , 6648 
0x3E3E , 5739 
0x1C1C , 20
16:12:03.776:
45 
0x5A5A , 4626 
0x6E6E , 7706 

16:12:04.361:
0x2020 , 6343 
0x3E3E , 6083 
0x1C1C , 2575 
0x5A5A , 4574 
0x6E6E , 7530 

16:12:04.947:
0x2020 , 5906 
0x3E3E , 5735 
0x1C1C , 3127 
0x5A5A , 4202 
0x6E6E , 7137 

16:12:05.548:
0x2020 , 5717 
0x3E3E , 6060 
0x1C1C , 3502 
0x5A5A , 4054 
0x6E6E , 6991 

16:12:06.117:
0x2020 , 5620 
0x3E3E , 5888 
0x1C1C , 3634 
16:12:06.133:

0x5A5A , 4144 
0x6E6E , 6699 

16:12:06.734:
0x2020 , 5610 
0x3E3E , 5865 
0x1C1C , 3931 
0x5A5A , 4216 
0x6E6E , 6417 

16:12:07.336:
0x2020 , 5610 
0x3E3E , 5944 
0x1C1C , 4145 
0x5A5A , 4292 
0x6E6E , 6089 

16:12:07.936:
0x2020 , 4888 
0x3E3E , 5902 
0x1C1C , 4451 
0x5A5A , 4307 
0x6E6E , 5792 

16:12:08.484:
0x2020 , 4403 
0x3E3E , 5995 
0x1C1C , 4
16:12:08.499:
707 
0x5A5A , 4536 
0x6E6E , 5636 

16:12:09.069:
0x2020 , 4471 
0x3E3E , 6050 
0x1C1C , 4871 
0x5A5A , 4636 
0x6E6E , 5575 

16:12:09.639:
0x2020 , 3865 
0x3E3E , 5911 
0x1C1C , 5068 
0x5A5A , 4874 
0x6E6E , 5344 

16:12:10.218:
0x2020 , 3971 
0x3E3E , 5693 
0x1C1C , 5072 
0x5A5A , 4989 
0x6E6E , 5515 

16:12:10.771:
0x2020 , 3797 
0x3E3E , 5387 
0x1
16:12:10.787:
C1C , 4689 
0x5A5A , 5528 
0x6E6E , 5606 

16:12:11.372:
0x2020 , 3801 
0x3E3E , 5285 
0x1C1C , 4447 
0x5A5A , 5766 
0x6E6E , 6185 

16:12:11.958:
0x2020 , 3700 
0x3E3E , 4807 
0x1C1C , 4269 
0x5A5A , 5986 
0x6E6E , 6659 

16:12:12.543:
0x2020 , 3719 
0x3E3E , 4542 
0x1C1C , 3954 
0x5A5A , 5714 
0x6E6E , 6875 

16:12:14.291:
0x2020 , 4
16:12:14.307:
097 
0x3E3E , 3442 
0x1C1C , 3168 
0x5A5A , 6615 
0x6E6E , 8109 

16:12:15.793:
0x2020 , -291 
0x3E3E , -218 
0x1C1C
16:12:15.808:
 , -159 
0x5A5A , -339 
0x6E6E , -796 

16:12:16.409:
0x2020 , 5591 
0x3E3E , 3475 
0x1C1C , 2707 
0x5A5A ,
16:12:16.430:
 6477 
0x6E6E , 8316 

16:12:16.963:
0x2020 , 5208 
0x3E3E , 3967 

16:12:16.978:
0x1C1C , 2264 
0x5A5A , 6367 
0x6E6E , 8129 

16:12:17.548:
0x2020 , 5465 
0x3E3E , 4134 
0x1C1C , 1977 
0x5A5A , 6124 
0x6E6E , 8386 

16:12:18.129:
0x2020 , 5683 
0x3E3E , 4417 
0x1C1C , 1812 
0x5A5A , 5671 
0x6E6E , 8265 

16:12:18.697:
0x2020 , 5926 
0x3E3E , 5122 
0x1C1C , 1643 
0x5A5A , 5418 
0x6E6E , 8356 

16:12:19.250:
0x2020 , 6241 
0x3E3E , 4858 
0x
16:12:19.266:
1C1C , 1666 
0x5A5A , 5552 
0x6E6E , 8180 

16:12:19.851:
0x2020 , 6416 
0x3E3E , 5326 
0x1C1C , 1726 
0x5A5A , 5203 
0x6E6E , 8099 

16:12:20.514:
0x2020 , 6643 
0x3E3E , -218 
0x1C1C
16:12:20.534:
 , 1958 
0x5A5A , 4917 
0x6E6E , 7862 

16:12:21.099:
0x2020 , 6886 
0x3E3E , 5953 
0x1C1C , 2164 
0x5
16:12:21.114:
A5A , 4459 
0x6E6E , 7716 

16:12:21.699:
0x2020 , 6639 
0x3E3E , 6138 
0x1C1C , -159 

16:12:21.717:
0x5A5A , 4111 
0x6E6E , 7470 

16:12:22.670:
0x2020 , -291 
0x3E3E , -218 
0x1C1C , 2926 
0x5A5A , -339 
0x6E6E , -796 

16:12:23.439:
0x2020 , 7187 
0x3E3E , 6746 
0x1C1C , 3205 
0x5A5A , -339 
0x6E6E , -796 

16:12:24.119:
0x2020 , 7080 
16:12:24.140:

0x3E3E , 6918 
0x1C1C , 3812 
0x5A5A , 3105 
0x6E6E , -796 

16:12:24.673:
0x2020 , 7429 
0x3E3E , 7159 
0x1C1C , 4410 

16:12:24.688:
0x5A5A , 2623 
0x6E6E , 6215 

16:12:25.257:
0x2020 , 6934 
0x3E3E , 7586 
0x1C1C , 4360 
0x5A5A , 2465 
0x6E6E , 6598 

16:12:25.840:
0x2020 , 6348 
0x3E3E , 7169 
0x1C1C , 4314 
0x5A5A , 2561 
0x6E6E , 6079 

16:12:26.406:
0x2020 , 6304 
0x3E3E , 7201 
0x1C1C , 4360 
0x5A5A , 2728 
0x6E6E , 5747 

16:12:26.959:
0x2020 , 6178 
0x3E3E , 7020 

16:12:26.974:
0x1C1C , 4474 
0x5A5A , 3028 
0x6E6E , 5626 

16:12:27.560:
0x2020 , 5892 
0x3E3E , 6932 
0x1C1C , 4447 
0x5A5A , 3224 
0x6E6E , 5525 

16:12:28.160:
0x2020 , 5770 
0x3E3E , 6783 
0x1C1C , 4488 
0x5A5A , 3314 
0x6E6E , 5520 

16:12:28.744:
0x2020 , 5596 
0x3E3E , 6672 
0x1C1C , 4351 
0x5A5A , 3477 
0x6E6E , 5581 

16:12:29.424:
0x2020 , 5455 
0x3E3E , 6375 
0x1C1C , 4013 
0x5A5A , -339 
0x6E6E , -796 

16:12:30.378:
0x2020 , -291 
0x3E3E , -218 
0x1C1C , -159 
0x5A5A , 4330 
0x6E6E , -796 

16:12:31.048:
0x2020 , 5897 
0x3E3E , 5795 
0x1
16:12:31.064:
C1C , 3369 
0x5A5A , 4350 
0x6E6E , -796 

16:12:31.649:
0x2020 , 6057 
0x3E3E , 5596 
0x1C1C , 2990 
0x5A5A , 4
16:12:31.665:
397 
0x6E6E , 7198 

16:12:32.213:
0x2020 , 6323 
0x3E3E , 5712 
0x1
16:12:32.229:
C1C , 2776 
0x5A5A , 4493 
0x6E6E , 7404 

16:12:32.798:
0x2020 , 6537 
0x3E3E , 5633 
0x1C1C , 2588 
0x5A5A , 4612 
0x6E6E , 7832 

16:12:33.367:
0x2020 , 6479 
0x3E3E , 5484 
0x1C1C , 2625 
0x5A5A , 4831 
0x6E6E , 7772 

16:12:33.949:
0x2020 , 6285 
0x3E3E , 5118 
0x1C1C , 2178 
0x5A5A , 5194 
0x6E6E , 7888 

16:12:34.500:
0x2020 , 6120 
0x3E3E , 5549 
0x1C1C 
16:12:34.516:
, 1968 
0x5A5A , 5103 
0x6E6E , 7963 

16:12:35.101:
0x2020 , 5867 
0x3E3E , 5043 
0x1C1C , 1931 
0x5A5A , 5199 
0x6E6E , 8044 

16:12:35.686:
0x2020 , 5538 
0x3E3E , 4649 
0x1C1C , 2109 
0x5A5A , 5470 
0x6E6E , 8069 

16:12:36.271:
0x2020 , 5383 
0x3E3E , 4403 
0x1C1C , 2200 
0x5A5A , 5647 
0x6E6E , 8134 

16:12:36.856:
0x2020 , 5203 
0x3E3E , 4004 
0x1C1C , 
16:12:36.872:
2452 
0x5A5A , 5928 
0x6E6E , 8165 

16:12:37.461:
0x2020 , 4931 
0x3E3E , 4403 
0x1C1C , 2570 
0x5A5A , 6124 
0x6E6E , 8250 

16:12:38.062:
0x2020 , 4834 
0x3E3E , 3786 
0x1C1C , 2876 
0x5A5A , 6320 
0x6E6E , 8210 

16:12:38.678:
0x2020 , 4718 
0x3E3E , 3526 
0x1C1C , 3214 
0x5A5A , 6549 
0x6E6E , 8200 

16:12:39.217:
0x2020 , 4223 
0x3E3E , 3572 
0x1C1C , 
16:12:39.233:
-159 
0x5A5A , 6487 
0x6E6E , 8074 

16:12:40.149:
0x2020 , -291 
0x3E3E , -218 
0x1C1C , 3324 
0x5A5A , -339 
0x6E6E , -796 

16:12:40.897:
0x2020 , 4049 
0x3E3E , 3990 
0x1C1C , 3374 
0x5A5A , -339 
0x6E6E , -796 

16:12:41.535:
0x
16:12:41.566:
2020 , 4233 
0x3E3E , 4264 
0x1C1C , 3529 
0x5A5A , 5666 
0x6E6E , -796 

16:12:42.120:
0x2020 , 4490 
0x3E3E , 4589 
0x1C1
16:12:42.136:
C , 3725 
0x5A5A , 5504 
0x6E6E , 6795 

16:12:42.722:
0x2020 , 4388 
0x3E3E , 4821 
0x1C1C , 3871 
0x5A5A , 5270 
0x6E6E , 6533 

16:12:43.300:
0x2020 , 4388 
0x3E3E , 5090 
0x1C1C , 4068 
0x5A5A , 5165 
0x6E6E , 6386 

16:12:43.901:
0x2020 , 4393 
0x3E3E , 5215 
0x1C1C , 4378 
0x5A5A , 5008 
0x6E6E , 6170 

16:12:44.470:
0x2020 , 4359 
0x3E3E , 5623 
0x1C1C , -159 
0x5A
16:12:44.486:
5A , 4922 
0x6E6E , 6039 

16:12:45.440:
0x2020 , -291 
0x3E3E , -218 
0x1C1C , 4680 
0x5A5A , -339 
0x6E6E , -796 

16:12:46.225:
0x2020 , 4529 
0x3E3E , 5772 
0x1C1C , 4670 
0x5A5A , -339 
0x6E6E , -796 

16:12:46.888:
0x2020 , 4568
16:12:46.920:
 
0x3E3E , 5869 
0x1C1C , 4711 
0x5A5A , 4731 
0x6E6E , -796 

16:12:47.457:
0x2020 , 4602 
0x3E3E , 5814 
0x1C1C , 4680 

16:12:47.473:
0x5A5A , 4717 
0x6E6E , 5444 

16:12:48.042:
0x2020 , 4563 
0x3E3E , 5967 
0x1C1C , 4730 
0x5A5A , 4760 
0x6E6E , 5490 

16:12:48.605:
0x2020 , 4573 
0x3E3E , 5832 
0x1C1C , 4931 
0x5A5A , 4774 
0x6E6E , 5394 

16:12:49.243:
0
16:12:49.274:
x2020 , 4252 
0x3E3E , 5531 
0x1C1C , -159 
0x5A5A , 4726 
0x6E6E , 5434 

16:12:49.828:
0x2020 , 4573 
0x3E3E , 5526 
0x1C1C , 4
16:12:49.844:
757 
0x5A5A , 4702 
0x6E6E , 5384 

16:12:50.429:
0x2020 , 4616 
0x3E3E , 5596 
0x1C1C , 5036 
0x5A5A , 4750 
0x6E6E , 5379 

16:12:51.009:
0x2020 , 4553 
0x3E3E , 5628 
0x1C1C , 4995 
0x5A5A , 4769 
0x6E6E , 5359 

16:12:51.694:
0x2020 , 4573 
0x3E3E , 5619 
0x1C1C , -159 
0x5A5A , 4693 
0x6E6E , 5334 

16:12:52.263:
0x2020 , 4553 
0x3E3E , 5716 
0x1C1C , 5017
16:12:52.279:
 
0x5A5A , 4707 
0x6E6E , 5329 

16:12:52.880:
0x2020 , 4611 
0x3E3E , 5684 
0x1C1C , 4949 
0x5A5A , 4717 
0x6E6E , 5298 

16:12:53.549:
0x2020 , 4519 
0x3E3E , 5730 
0x1C1C , -
16:12:53.580:
159 
0x5A5A , 4669 
0x6E6E , 5404 

16:12:54.181:
0x2020 , 4577 
0x3E3E , 5674 
0x1C1C , 5027 
0x5A5A , 4707 
0x6E6E , 5334 

16:12:54.836:
0x2020 , 4577 
0x3E3E , 5698 
0x1C1C , -159 
0x5A5A , 4679 
0x6E6E , 5369 

16:12:55.367:
0x2020 , 
16:12:55.399:
4577 
0x3E3E , 5730 
0x1C1C , 4990 
0x5A5A , 4722 
0x6E6E , 5359 

16:12:55.968:
0x2020 , 4568 
0x3E3E , 5693 
0x1C1C , 4949 
0x5A5A , 4717 
0x6E6E , 5379 

16:12:56.536:
0x2020 , 4568 
0x3E3E , 5674 
0x1C1C , 5045 
0x5A5A , 4707 
0x6E6E , 5384 

16:12:57.100:
0x2020 , 4587 
0x3E3E , 5688 
0x
16:12:57.116:
1C1C , 4999 
0x5A5A , 4741 
0x6E6E , 5374 

16:12:57.701:
0x2020 , 4587 
0x3E3E , 5693 
0x1C1C , 5054 
0x5A5A , 4722 
0x6E6E , 5374 

16:12:58.287:
0x2020 , 4577 
0x3E3E , 5637 
0x1C1C , 4972 
0x5A5A , 4712 
0x6E6E , 5384 

16:12:58.941:
0x2020 , 4
16:12:58.957:
597 
0x3E3E , 5744 
0x1C1C , -159 
0x5A5A , 4688 
0x6E6E , 5379 
