0x2020 , 4185 
0x3E3E , 5985 
0x1C1C , 4702 
0x5A5A , 4536 
0x6E6E , 5606 
0x2020 , 4199 
0x3E3E , 5995 
0x1C1C , 4702 
0x5A5A , 4483 
0x6E6E , 5444 
0x2020 , 4209 
0x3E3E , 5995 
0x1C1C , 4730 
0x5A5A , 4531 
0x6E6E , 5298 
0x2020 , 4199 
0x3E3E , 5999 
0x1C1C , 4666 
0x5A5A , 4550 
0x6E6E , 5455 
0x2020 , 4175 
0x3E3E , 5995 
0x1C1C , 4693 
0x5A5A , 4574 
0x6E6E , 5480 
0x2020 , 4175 
0x3E3E , 5939 
0x1C1C , 4698 
0x5A5A , 4421 
0x6E6E , 5601 
0x2020 , -291 
0x3E3E , 5902 
0x1C1C , 4689 
0x5A5A , -339 
0x6E6E , 5298 
0x2020 , 4165 
0x3E3E , 5995 
0x1C1C , -159 
0x5A5A , 4574 
0x6E6E , 5334 
0x2020 , -291 
0x3E3E , -218 
0x1C1C , 4689 
0x5A5A , -339 
0x6E6E , -796 
0x2020 , 4306 
0x3E3E , 5869 
0x1C1C , 4730 
0x5A5A , -339 
0x6E6E , -796 
0x2020 , 4374 
0x3E3E , 6445 
0x1C1C , 4812 
0x5A5A , 4884 
0x6E6E , -796 
0x2020 , 4393 
0x3E3E , 5758 
0x1C1C , 5163 
0x5A5A , 4846 
0x6E6E , 5505 
0x2020 , 4408 
0x3E3E , 5883 
0x1C1C , 5036 
0x5A5A , 4922 
0x6E6E , 5560 
0x2020 , 4257 
0x3E3E , 5860 
0x1C1C , 5008 
0x5A5A , 4850 
0x6E6E , 5550 
0x2020 , 4199 
0x3E3E , 5888 
0x1C1C , 4990 
0x5A5A , 4850 
0x6E6E , 5545 
0x2020 , -291 
0x3E3E , 5902 
0x1C1C , -159 
0x5A5A , 4917 
0x6E6E , 5470 
0x2020 , -291 
0x3E3E , -218 
0x1C1C , 4876 
0x5A5A , -339 
0x6E6E , -796 
0x2020 , 3991 
0x3E3E , 5971 
0x1C1C , 4922 
0x5A5A , -339 
0x6E6E , -796 
0x2020 , 3865 
0x3E3E , 5916 
0x1C1C , 5132 
0x5A5A , 4879 
0x6E6E , -796 
0x2020 , 3690 
0x3E3E , 6050 
0x1C1C , 5255 
0x5A5A , 5337 
0x6E6E , 5213 
0x2020 , 3569 
0x3E3E , 6022 
0x1C1C , 5488 
0x5A5A , 5399 
0x6E6E , 5384 
0x2020 , 3428 
0x3E3E , 5874 
0x1C1C , 5451 
0x5A5A , 5475 
0x6E6E , 5349 
0x2020 , 3249 
0x3E3E , 5944 
0x1C1C , 5766 
0x5A5A , 5719 
0x6E6E , 5379 
0x2020 , -291 
0x3E3E , -218 
0x1C1C , -159 
0x5A5A , -339 
0x6E6E , -796 
0x2020 , 3098 
0x3E3E , 5990 
0x1C1C , 6058 
0x5A5A , 5852 
0x6E6E , 5188 
0x2020 , 3045 
0x3E3E , 6101 
0x1C1C , 6004 
0x5A5A , 5943 
0x6E6E , 5188 
0x2020 , 3030 
0x3E3E , 6092 
0x1C1C , 6067 
0x5A5A , 6009 
0x6E6E , 5132 
0x2020 , 3021 
0x3E3E , 6009 
0x1C1C , 6036 
0x5A5A , 6024 
0x6E6E , 5152 
0x2020 , 2851 
0x3E3E , 6106 
0x1C1C , 6182 
0x5A5A , 6196 
0x6E6E , 5021 
0x2020 , 2831 
0x3E3E , 6013 
0x1C1C , 6227 
0x5A5A , 6277 
0x6E6E , 5016 
0x2020 , 2744 
0x3E3E , 6050 
0x1C1C , 6328 
0x5A5A , 6367 
0x6E6E , 5172 
0x2020 , -291 
0x3E3E , -218 
0x1C1C , -159 
0x5A5A , -339 
0x6E6E , -796 
0x2020 , 2196 
0x3E3E , 4092 
0x1C1C , 5698 
0x5A5A , 7192 
0x6E6E , 6628 
0x2020 , 1954 
0x3E3E , 4203 
0x1C1C , 5611 
0x5A5A , 7264 
0x6E6E , 6638 
0x2020 , 2123 
0x3E3E , 4357 
0x1C1C , 5520 
0x5A5A , 7588 
0x6E6E , 6759 
0x2020 , 2201 
0x3E3E , 4505 
0x1C1C , 5501 
0x5A5A , 7603 
0x6E6E , 6885 
0x2020 , 2225 
0x3E3E , 4500 
0x1C1C , 5360 
0x5A5A , 7455 
0x6E6E , -796 
0x2020 , -291 
0x3E3E , -218 
0x1C1C , -159 
0x5A5A , -339 
0x6E6E , -796 
0x2020 , -291 
0x3E3E , -218 
0x1C1C , -159 
0x5A5A , -339 
0x6E6E , -796 
0x2020 , 2414 
0x3E3E , 4166 
0x1C1C , 5173 
0x5A5A , 7359 
0x6E6E , 7218 
0x2020 , 2444 
0x3E3E , 4078 
0x1C1C , 5031 
0x5A5A , 7383 
0x6E6E , 7288 
0x2020 , 2444 
0x3E3E , 4152 
0x1C1C , 5004 
0x5A5A , 7278 
0x6E6E , 7429 
0x2020 , 2507 
0x3E3E , 3981 
0x1C1C , 4972 
0x5A5A , 7345 
0x6E6E , 7465 
0x2020 , 2473 
0x3E3E , 3684 
0x1C1C , 4985 
0x5A5A , 7369 
0x6E6E , 7480 
0x2020 , 2647 
0x3E3E , 3619 
0x1C1C , 4908 
0x5A5A , 7407 
0x6E6E , 7565 
0x2020 , 2633 
0x3E3E , 3846 
0x1C1C , 4766 
0x5A5A , 7417 
0x6E6E , 7611 
0x2020 , 3030 
0x3E3E , 3591 
0x1C1C , 4757 
0x5A5A , 7364 
0x6E6E , 7666 
0x2020 , 2909 
0x3E3E , 4046 
0x1C1C , 4648 
0x5A5A , 7364 
0x6E6E , -796 
0x2020 , -291 
0x3E3E , -218 
0x1C1C , -159 
0x5A5A , -339 
0x6E6E , 7691 
0x2020 , 3176 
0x3E3E , 3433 
0x1C1C , 4323 
0x5A5A , -339 
0x6E6E , 7686 
0x2020 , 3074 
0x3E3E , 3419 
0x1C1C , 4333 
0x5A5A , 7078 
0x6E6E , 7822 
0x2020 , 3166 
0x3E3E , 3670 
0x1C1C , 4406 
0x5A5A , 7197 
0x6E6E , 7817 
0x2020 , 3142 
0x3E3E , 3758 
0x1C1C , 4415 
0x5A5A , 7111 
0x6E6E , 7767 
0x2020 , 3122 
0x3E3E , 3415 
0x1C1C , 4725 
0x5A5A , 6930 
0x6E6E , 7726 
0x2020 , 3200 
0x3E3E , 3257 
0x1C1C , 4460 
0x5A5A , 6863 
0x6E6E , 7888 
0x2020 , 3210 
0x3E3E , 3637 
0x1C1C , 4237 
0x5A5A , -339 
0x6E6E , 8039 
0x2020 , 3409 
0x3E3E , 3531 
0x1C1C , 4123 
0x5A5A , 6763 
0x6E6E , 8114 
0x2020 , 3525 
0x3E3E , 3396 
0x1C1C , 4008 
0x5A5A , 6725 
0x6E6E , -796 
0x2020 , -291 
0x3E3E , -218 
0x1C1C , -159 
0x5A5A , -339 
0x6E6E , 8150 
0x2020 , 3777 
0x3E3E , 3350 
0x1C1C , 3739 
0x5A5A , -339 
0x6E6E , 8240 
0x2020 , 4063 
0x3E3E , 3452 
0x1C1C , 3666 
0x5A5A , 6725 
0x6E6E , -796 
0x2020 , -291 
0x3E3E , -218 
0x1C1C , -159 
0x5A5A , -339 
0x6E6E , 8029 
0x2020 , 4248 
0x3E3E , 3619 
0x1C1C , 3305 
0x5A5A , -339 
0x6E6E , 8140 
0x2020 , 4277 
0x3E3E , 3758 
0x1C1C , -159 
0x5A5A , 6510 
0x6E6E , 8175 
0x2020 , -291 
0x3E3E , -218 
0x1C1C , -159 
0x5A5A , -339 
0x6E6E , -796 
0x2020 , 4592 
0x3E3E , 4083 
0x1C1C , 2986 
0x5A5A , -339 
0x6E6E , -796 
0x2020 , 4670 
0x3E3E , 4078 
0x1C1C , 2862 
0x5A5A , 6358 
0x6E6E , 8104 
0x2020 , 4801 
0x3E3E , 4101 
0x1C1C , 2799 
0x5A5A , 6291 
0x6E6E , 8104 
0x2020 , 4839 
0x3E3E , 4139 
0x1C1C , 2830 
0x5A5A , 6267 
0x6E6E , 8150 
0x2020 , 4927 
0x3E3E , 4176 
0x1C1C , 2684 
0x5A5A , 6243 
0x6E6E , 8089 
0x2020 , -291 
0x3E3E , -218 
0x1C1C , -159 
0x5A5A , -339 
0x6E6E , -796 
0x2020 , 5310 
0x3E3E , 4306 
0x1C1C , -159 
0x5A5A , 5771 
0x6E6E , 8119 
0x2020 , -291 
0x3E3E , -218 
0x1C1C , 2155 
0x5A5A , -339 
0x6E6E , -796 
0x2020 , 5416 
0x3E3E , 4477 
0x1C1C , 2114 
0x5A5A , -339 
0x6E6E , -796 
0x2020 , 5460 
0x3E3E , 4658 
0x1C1C , 2127 
0x5A5A , 5838 
0x6E6E , -796 
0x2020 , 5606 
0x3E3E , 4626 
0x1C1C , 2050 
0x5A5A , 5342 
0x6E6E , -796 
0x2020 , -291 
0x3E3E , -218 
0x1C1C , -159 
0x5A5A , -339 
0x6E6E , -796 
0x2020 , 5887 
0x3E3E , 4946 
0x1C1C , 2036 
0x5A5A , -339 
0x6E6E , 7908 
0x2020 , 5984 
0x3E3E , 4969 
0x1C1C , 2054 
0x5A5A , 4855 
0x6E6E , -796 
0x2020 , -291 
0x3E3E , -218 
0x1C1C , -159 
0x5A5A , -339 
0x6E6E , 7842 
0x2020 , 6241 
0x3E3E , -218 
0x1C1C , 2452 
0x5A5A , -339 
0x6E6E , 7767 
0x2020 , 6260 
0x3E3E , 5312 
0x1C1C , 2602 
0x5A5A , 5366 
0x6E6E , 7777 
0x2020 , 6391 
0x3E3E , 5517 
0x1C1C , 2657 
0x5A5A , 5175 
0x6E6E , 7696 
0x2020 , 6498 
0x3E3E , 5535 
0x1C1C , 2789 
0x5A5A , 4984 
0x6E6E , 7626 
0x2020 , 6537 
0x3E3E , 5772 
0x1C1C , 2648 
0x5A5A , 4889 
0x6E6E , 7500 
0x2020 , 6663 
0x3E3E , 5869 
0x1C1C , 3100 
0x5A5A , 4760 
0x6E6E , -796 
0x2020 , -291 
0x3E3E , 5962 
0x1C1C , -159 
0x5A5A , -339 
0x6E6E , 7394 
0x2020 , 6799 
0x3E3E , 6120 
0x1C1C , 2885 
0x5A5A , -339 
0x6E6E , 7243 
0x2020 , 6896 
0x3E3E , 6245 
0x1C1C , 3027 
0x5A5A , 4221 
0x6E6E , -796 
0x2020 , -291 
0x3E3E , 6319 
0x1C1C , -159 
0x5A5A , -339 
0x6E6E , 7253 
0x2020 , 6920 
0x3E3E , 6426 
0x1C1C , 3164 
0x5A5A , -339 
0x6E6E , 6890 
0x2020 , 6983 
0x3E3E , 6551 
0x1C1C , 3342 
0x5A5A , 3734 
0x6E6E , 6895 
0x2020 , 7056 
0x3E3E , 6607 
0x1C1C , 3415 
0x5A5A , 3691 
0x6E6E , 7308 
0x2020 , 7075 
0x3E3E , 6839 
0x1C1C , 3607 
0x5A5A , 3591 
0x6E6E , 6749 
0x2020 , 7051 
0x3E3E , 6872 
0x1C1C , -159 
0x5A5A , 3505 
0x6E6E , 6800 
0x2020 , -291 
0x3E3E , -218 
0x1C1C , 3935 
0x5A5A , -339 
0x6E6E , -796 
0x2020 , 7104 
0x3E3E , 7071 
0x1C1C , 4150 
0x5A5A , -339 
0x6E6E , -796 
0x2020 , 7274 
0x3E3E , 7206 
0x1C1C , 4132 
0x5A5A , 2747 
0x6E6E , -796 
0x2020 , 7099 
0x3E3E , 7312 
0x1C1C , 4118 
0x5A5A , 2594 
0x6E6E , 6684 
0x2020 , 7022 
0x3E3E , 7363 
0x1C1C , 4109 
0x5A5A , 2561 
0x6E6E , 6608 
0x2020 , 7225 
0x3E3E , 7461 
0x1C1C , 4218 
0x5A5A , 2556 
0x6E6E , 6482 
0x2020 , 7298 
0x3E3E , 7577 
0x1C1C , 4278 
0x5A5A , 2408 
0x6E6E , 6336 
0x2020 , 7022 
0x3E3E , 7698 
0x1C1C , 4460 
0x5A5A , 2456 
0x6E6E , 6225 
0x2020 , 6930 
0x3E3E , 7767 
0x1C1C , 4529 
0x5A5A , 2322 
0x6E6E , -796 
0x2020 , -291 
0x3E3E , -218 
0x1C1C , -159 
0x5A5A , -339 
0x6E6E , -796 
0x2020 , 6828 
0x3E3E , 7888 
0x1C1C , 4748 
0x5A5A , -339 
0x6E6E , 5717 
0x2020 , 6755 
0x3E3E , 7916 
0x1C1C , 4931 
0x5A5A , 2155 
0x6E6E , 5616 
0x2020 , 6867 
0x3E3E , 8036 
0x1C1C , 4949 
0x5A5A , -339 
0x6E6E , 5475 
0x2020 , 6789 
0x3E3E , 8036 
0x1C1C , -159 
0x5A5A , 2275 
0x6E6E , 5319 
0x2020 , -291 
0x3E3E , -218 
0x1C1C , 5268 
0x5A5A , -339 
0x6E6E , -796 
0x2020 , 6944 
0x3E3E , 8301 
0x1C1C , 5351 
0x5A5A , 2241 
0x6E6E , -796 
0x2020 , 6862 
0x3E3E , 8848 
0x1C1C , -159 
0x5A5A , 2298 
0x6E6E , -796 
0x2020 , -291 
0x3E3E , -218 
0x1C1C , 5752 
0x5A5A , -339 
0x6E6E , -796 
0x2020 , 6803 
0x3E3E , 9062 
0x1C1C , 5816 
0x5A5A , -339 
0x6E6E , -796 
0x2020 , 6716 
0x3E3E , 8208 
0x1C1C , 5990 
0x5A5A , 2351 
0x6E6E , -796 
0x2020 , 6663 
0x3E3E , 8779 
0x1C1C , 6067 
0x5A5A , 2494 
0x6E6E , 4099 
0x2020 , 6673 
0x3E3E , 8542 
0x1C1C , 6172 
0x5A5A , 2112 
0x6E6E , 3888 
0x2020 , 6571 
0x3E3E , 8510 
0x1C1C , 6204 
0x5A5A , 2146 
0x6E6E , 3737 
0x2020 , 6542 
0x3E3E , 8496 
0x1C1C , 6341 
0x5A5A , 2565 
0x6E6E , 3616 
0x2020 , 6527 
0x3E3E , 8570 
0x1C1C , 6410 
0x5A5A , 2666 
0x6E6E , 3364 
0x2020 , 6483 
0x3E3E , 8561 
0x1C1C , 6542 
0x5A5A , 2880 
0x6E6E , 3258 
0x2020 , 6386 
0x3E3E , 8612 
0x1C1C , 6538 
0x5A5A , 2952 
0x6E6E , 3208 
0x2020 , 6246 
0x3E3E , 8394 
0x1C1C , 6597 
0x5A5A , 3100 
0x6E6E , 3057 
0x2020 , 6265 
0x3E3E , 8519 
0x1C1C , -159 
0x5A5A , 3214 
0x6E6E , 2931 
num_of_tries to send the NodeID: 2
num_of_tries to send the NodeID: 3
num_of_tries to send the NodeID: 4
ACK of Tag receivement from nodeID is missing! 
num_of_tries to send the NodeID: 2
num_of_tries to send the NodeID: 3
num_of_tries to send the NodeID: 4
ACK of Tag receivement from nodeID is missing! 
0x2020 , 5732 
0x3E3E , 8431 
0x1C1C , 6985 
0x5A5A , 3658 
0x6E6E , 2538 
0x2020 , 5717 
0x3E3E , 8454 
0x1C1C , 7099 
0x5A5A , 3782 
0x6E6E , 2538 
0x2020 , 5635 
0x3E3E , 8343 
0x1C1C , 7195 
0x5A5A , 3963 
0x6E6E , 2493 
0x2020 , 5475 
0x3E3E , 8338 
0x1C1C , 7259 
0x5A5A , 4121 
0x6E6E , 2558 
0x2020 , 5295 
0x3E3E , 8333 
0x1C1C , 7241 
0x5A5A , 4249 
0x6E6E , 2467 
0x2020 , 5256 
0x3E3E , 8189 
0x1C1C , 7355 
0x5A5A , 4350 
0x6E6E , 2760 
0x2020 , 5625 
0x3E3E , 8199 
0x1C1C , 7131 
0x5A5A , 4416 
0x6E6E , 2780 
0x2020 , 5412 
0x3E3E , 8064 
0x1C1C , 7323 
0x5A5A , 4583 
0x6E6E , 2739 
0x2020 , 5208 
0x3E3E , 7795 
0x1C1C , 7729 
0x5A5A , 4965 
0x6E6E , 2936 
0x2020 , 4849 
0x3E3E , 7753 
0x1C1C , 7410 
0x5A5A , 5075 
0x6E6E , 3258 
0x2020 , 4776 
0x3E3E , 7730 
0x1C1C , 7410 
0x5A5A , 5175 
0x6E6E , 3052 
0x2020 , 4723 
0x3E3E , 7558 
0x1C1C , 7378 
0x5A5A , 5370 
0x6E6E , 3102 
0x2020 , 4519 
0x3E3E , 7493 
0x1C1C , 7360 
0x5A5A , 5490 
0x6E6E , 2996 
0x2020 , 4427 
0x3E3E , 7470 
0x1C1C , 7387 
0x5A5A , 5604 
0x6E6E , 3324 
0x2020 , 4233 
0x3E3E , 7285 
0x1C1C , 7364 
0x5A5A , 5738 
0x6E6E , 3636 
0x2020 , 4073 
0x3E3E , 7215 
0x1C1C , 7305 
0x5A5A , 5795 
0x6E6E , 3782 
0x2020 , 3981 
0x3E3E , 7127 
0x1C1C , 7387 
0x5A5A , 5933 
0x6E6E , 3853 
0x2020 , 3855 
0x3E3E , 6890 
0x1C1C , 7337 
0x5A5A , 6057 
0x6E6E , 3979 
0x2020 , 3501 
0x3E3E , 7122 
0x1C1C , 7391 
0x5A5A , 6196 
0x6E6E , -796 
0x2020 , -291 
0x3E3E , -218 
0x1C1C , -159 
0x5A5A , -339 
0x6E6E , 4195 
0x2020 , 3166 
0x3E3E , 7076 
0x1C1C , 7236 
0x5A5A , -339 
0x6E6E , 4306 
0x2020 , 2123 
0x3E3E , 4282 
0x1C1C , 5419 
0x5A5A , 7545 
0x6E6E , 6764 
0x2020 , 2356 
0x3E3E , 4064 
0x1C1C , 5944 
0x5A5A , 7159 
0x6E6E , 6910 
0x2020 , 2022 
0x3E3E , 3948 
0x1C1C , 4922 
0x5A5A , 7140 
0x6E6E , 7062 
0x2020 , 2390 
0x3E3E , 3837 
0x1C1C , 4940 
0x5A5A , 7226 
0x6E6E , 7182 
0x2020 , 2594 
0x3E3E , 3675 
0x1C1C , 5538 
0x5A5A , 7068 
0x6E6E , 7349 
0x2020 , 3011 
0x3E3E , 3596 
0x1C1C , 5346 
0x5A5A , 7097 
0x6E6E , -796 
0x2020 , -291 
0x3E3E , 3563 
0x1C1C , -159 
0x5A5A , -339 
0x6E6E , 7671 
0x2020 , 2948 
0x3E3E , 3480 
0x1C1C , 4912 
0x5A5A , -339 
0x6E6E , 7802 
0x2020 , 3045 
0x3E3E , 3698 
0x1C1C , 4794 
0x5A5A , 7016 
0x6E6E , 7933 
0x2020 , 3428 
0x3E3E , 3415 
0x1C1C , 4606 
0x5A5A , -339 
0x6E6E , 7988 
0x2020 , 3190 
0x3E3E , 3804 
0x1C1C , 4447 
0x5A5A , 6983 
0x6E6E , 8059 
0x2020 , 3278 
0x3E3E , 3656 
0x1C1C , 4246 
0x5A5A , 6968 
0x6E6E , 8089 
0x2020 , 3443 
0x3E3E , 3563 
0x1C1C , 4177 
0x5A5A , 6940 
0x6E6E , 8059 
0x2020 , 3540 
0x3E3E , 3447 
0x1C1C , 3986 
0x5A5A , 6725 
0x6E6E , 8059 
0x2020 , 3515 
0x3E3E , 3461 
0x1C1C , 3876 
0x5A5A , 6735 
0x6E6E , 8044 
num_of_tries to send the NodeID: 2
num_of_tries to send the NodeID: 3
num_of_tries to send the NodeID: 4
ACK of Tag receivement from nodeID is missing! 
0x2020 , -291 
0x3E3E , -218 
0x1C1C , 3410 
0x5A5A , -339 
0x6E6E , -796 
0x2020 , 4461 
0x3E3E , 3758 
0x1C1C , 3314 
0x5A5A , -339 
0x6E6E , -796 
0x2020 , 4524 
0x3E3E , 3971 
0x1C1C , 3031 
0x5A5A , 6396 
0x6E6E , -796 
0x2020 , 4607 
0x3E3E , 4180 
0x1C1C , 2853 
0x5A5A , 6305 
0x6E6E , 7993 
0x2020 , 4830 
0x3E3E , 3920 
0x1C1C , 2799 
0x5A5A , 6186 
0x6E6E , 8059 
0x2020 , 4883 
0x3E3E , 4273 
0x1C1C , 2712 
0x5A5A , 6200 
0x6E6E , 8094 
0x2020 , 5038 
0x3E3E , 4203 
0x1C1C , 2515 
0x5A5A , -339 
0x6E6E , 8074 
0x2020 , 5208 
0x3E3E , 4273 
0x1C1C , 2356 
0x5A5A , 5914 
0x6E6E , 8145 
0x2020 , 5315 
0x3E3E , 4380 
0x1C1C , 2246 
0x5A5A , 5819 
0x6E6E , 8099 
0x2020 , 5349 
0x3E3E , 4445 
0x1C1C , 2105 
0x5A5A , 5571 
0x6E6E , 8109 
0x2020 , 5518 
0x3E3E , 4510 
0x1C1C , 2031 
0x5A5A , 5499 
0x6E6E , 8099 
0x2020 , 5562 
0x3E3E , 4519 
0x1C1C , 2009 
0x5A5A , -339 
0x6E6E , 8114 
0x2020 , 5804 
0x3E3E , 4779 
0x1C1C , 1958 
0x5A5A , 5575 
0x6E6E , 8004 
0x2020 , 5824 
0x3E3E , 4913 
0x1C1C , 2009 
0x5A5A , 5027 
0x6E6E , 8019 
0x2020 , 6013 
0x3E3E , 4913 
0x1C1C , 2063 
0x5A5A , 5671 
0x6E6E , 7978 
0x2020 , 6217 
0x3E3E , 5178 
0x1C1C , 2237 
0x5A5A , 5532 
0x6E6E , 7797 
0x2020 , 6207 
0x3E3E , 5261 
0x1C1C , 2643 
0x5A5A , 5342 
0x6E6E , 7797 
0x2020 , 6260 
0x3E3E , 5308 
0x1C1C , 1981 
0x5A5A , 5246 
0x6E6E , 7706 
0x2020 , 6260 
0x3E3E , 5424 
0x1C1C , -159 
0x5A5A , -339 
0x6E6E , -796 
0x2020 , -291 
0x3E3E , -218 
0x1C1C , -159 
0x5A5A , -339 
0x6E6E , -796 
0x2020 , 6537 
0x3E3E , 5688 
0x1C1C , 2844 
0x5A5A , 4664 
0x6E6E , 7807 
0x2020 , 6202 
0x3E3E , 5679 
0x1C1C , 2712 
0x5A5A , 4402 
0x6E6E , 7656 
0x2020 , 5960 
0x3E3E , 5721 
0x1C1C , 2762 
0x5A5A , 4345 
0x6E6E , 7515 
0x2020 , -291 
0x3E3E , 6301 
0x1C1C , 2753 
0x5A5A , 4330 
0x6E6E , 7369 
0x2020 , 5867 
0x3E3E , 6222 
0x1C1C , 2876 
0x5A5A , 4421 
0x6E6E , -796 
0x2020 , -291 
0x3E3E , -218 
0x1C1C , -159 
0x5A5A , -339 
0x6E6E , -796 
0x2020 , 5518 
0x3E3E , 6087 
0x1C1C , 3159 
0x5A5A , -339 
0x6E6E , 6795 
0x2020 , 5373 
0x3E3E , 5999 
0x1C1C , 3319 
0x5A5A , 4149 
0x6E6E , 6764 
0x2020 , 5174 
0x3E3E , 5841 
0x1C1C , 3397 
0x5A5A , -339 
0x6E6E , 6477 
0x2020 , 5106 
0x3E3E , 5948 
0x1C1C , 3442 
0x5A5A , 4617 
0x6E6E , 6417 
0x2020 , 4995 
0x3E3E , 6120 
0x1C1C , 3620 
0x5A5A , 4636 
0x6E6E , 6225 
0x2020 , 4810 
0x3E3E , 6194 
0x1C1C , 3753 
0x5A5A , 4702 
0x6E6E , 6034 
0x2020 , 4713 
0x3E3E , 5596 
0x1C1C , 3867 
0x5A5A , 4812 
0x6E6E , 6109 
0x2020 , 4650 
0x3E3E , 5628 
0x1C1C , 3908 
0x5A5A , 4707 
0x6E6E , 5822 
0x2020 , 4587 
0x3E3E , 5777 
0x1C1C , 4100 
0x5A5A , 4674 
0x6E6E , 5752 
0x2020 , 4422 
0x3E3E , 5893 
0x1C1C , 4223 
0x5A5A , 4893 
0x6E6E , 5732 
0x2020 , 4359 
0x3E3E , 5897 
0x1C1C , 4346 
0x5A5A , 4788 
0x6E6E , 5661 
0x2020 , 4296 
0x3E3E , 5883 
0x1C1C , 4506 
0x5A5A , 4760 
0x6E6E , 5455 
0x2020 , 4199 
0x3E3E , 5967 
0x1C1C , 4689 
0x5A5A , 4674 
0x6E6E , 5389 
0x2020 , 4252 
0x3E3E , 5851 
0x1C1C , 4780 
0x5A5A , 4655 
0x6E6E , 5329 
0x2020 , 4214 
0x3E3E , 5893 
0x1C1C , 4711 
0x5A5A , 4955 
0x6E6E , 5379 
0x2020 , 4311 
0x3E3E , 6533 
0x1C1C , -159 
0x5A5A , 4750 
0x6E6E , 5465 
0x2020 , -291 
0x3E3E , -218 
0x1C1C , 5214 
0x5A5A , -339 
0x6E6E , -796 
