0x2020 , 4214 
0x3E3E , 5981 
0x1C1C , 4762 
0x5A5A , 4841 
0x6E6E , 4981 
0x2020 , 4151 
0x3E3E , 5985 
0x1C1C , 4762 
0x5A5A , -339 
0x6E6E , 5213 
0x2020 , 4354 
0x3E3E , 6050 
0x1C1C , 4794 
0x5A5A , 4583 
0x6E6E , 5193 
0x2020 , 4403 
0x3E3E , 5976 
0x1C1C , 4785 
0x5A5A , -339 
0x6E6E , 5218 
0x2020 , 4233 
0x3E3E , 6009 
0x1C1C , 4730 
0x5A5A , 4955 
0x6E6E , 5233 
0x2020 , 4359 
0x3E3E , 5990 
0x1C1C , 4684 
0x5A5A , -339 
0x6E6E , 5465 
0x2020 , 4364 
0x3E3E , 5967 
0x1C1C , 4661 
0x5A5A , 4827 
0x6E6E , 5540 
0x2020 , 4286 
0x3E3E , 5860 
0x1C1C , 4680 
0x5A5A , -339 
0x6E6E , 5475 
0x2020 , 4335 
0x3E3E , 5920 
0x1C1C , 4753 
0x5A5A , 4860 
0x6E6E , 5626 
0x2020 , 4248 
0x3E3E , 5953 
0x1C1C , 4771 
0x5A5A , -339 
0x6E6E , 5374 
0x2020 , 4272 
0x3E3E , 5953 
0x1C1C , 4730 
0x5A5A , 4960 
0x6E6E , 5399 
0x2020 , 4306 
0x3E3E , 5957 
0x1C1C , 4734 
0x5A5A , -339 
0x6E6E , 5314 
0x2020 , 4277 
0x3E3E , 5916 
0x1C1C , 4711 
0x5A5A , 4922 
0x6E6E , 5303 
0x2020 , 4301 
0x3E3E , 5920 
0x1C1C , 4698 
0x5A5A , -339 
0x6E6E , 5329 
0x2020 , 4262 
0x3E3E , 5869 
0x1C1C , 4707 
0x5A5A , 4889 
0x6E6E , 5369 
0x2020 , 4219 
0x3E3E , 5916 
0x1C1C , 4721 
0x5A5A , -339 
0x6E6E , 5329 
0x2020 , 4320 
0x3E3E , 5930 
0x1C1C , 4716 
0x5A5A , 4936 
0x6E6E , 5455 
0x2020 , 4286 
0x3E3E , 5930 
0x1C1C , 4734 
0x5A5A , -339 
0x6E6E , 5424 
0x2020 , 4248 
0x3E3E , 5967 
0x1C1C , 4716 
0x5A5A , 4922 
0x6E6E , 5450 
0x2020 , 4233 
0x3E3E , 5948 
0x1C1C , 4739 
0x5A5A , -339 
0x6E6E , 5465 
0x2020 , 4320 
0x3E3E , 5911 
0x1C1C , 4730 
0x5A5A , 4941 
0x6E6E , 5480 
0x2020 , 4262 
0x3E3E , 5939 
0x1C1C , 4762 
0x5A5A , -339 
0x6E6E , 5460 
0x2020 , 4267 
0x3E3E , 5971 
0x1C1C , 4753 
0x5A5A , 4898 
0x6E6E , 5404 
0x2020 , 4267 
0x3E3E , 5957 
0x1C1C , 4693 
0x5A5A , -339 
0x6E6E , 5389 
0x2020 , 4228 
0x3E3E , 5967 
0x1C1C , 4730 
0x5A5A , 4869 
0x6E6E , 5359 
0x2020 , 4306 
0x3E3E , 5879 
0x1C1C , 4725 
0x5A5A , 4917 
0x6E6E , 5414 
0x2020 , 4272 
0x3E3E , 5883 
0x1C1C , 4734 
0x5A5A , -339 
0x6E6E , 5334 
0x2020 , 4272 
0x3E3E , 5948 
0x1C1C , 4707 
0x5A5A , 4979 
0x6E6E , 5349 
0x2020 , 4286 
0x3E3E , 6009 
0x1C1C , 4711 
0x5A5A , -339 
0x6E6E , 5334 
0x2020 , 4262 
0x3E3E , 5934 
0x1C1C , 4711 
0x5A5A , 4927 
0x6E6E , 5298 
0x2020 , 4243 
0x3E3E , 5920 
0x1C1C , 4730 
0x5A5A , -339 
0x6E6E , 5243 
0x2020 , 4306 
0x3E3E , 5995 
0x1C1C , 4707 
0x5A5A , 4879 
0x6E6E , 5298 
num_of_tries to send the NodeID: 2
num_of_tries to send the NodeID: 3
num_of_tries to send the NodeID: 4
ACK of Tag receivement from nodeID is missing! 
0x2020 , 4039 
0x3E3E , 6078 
0x1C1C , 4871 
0x5A5A , 5237 
0x6E6E , 5490 
0x2020 , 3603 
0x3E3E , 5944 
0x1C1C , 5040 
0x5A5A , -339 
0x6E6E , 5606 
0x2020 , 3171 
0x3E3E , 5832 
0x1C1C , 5296 
0x5A5A , -339 
0x6E6E , 5757 
0x2020 , 2734 
0x3E3E , 5317 
0x1C1C , 5638 
0x5A5A , 6281 
0x6E6E , 5676 
num_of_tries to send the NodeID: 2
num_of_tries to send the NodeID: 3
num_of_tries to send the NodeID: 4
ACK of Tag receivement from nodeID is missing! 
0x2020 , 2298 
0x3E3E , 5094 
0x1C1C , 6017 
0x5A5A , 6839 
0x6E6E , 6185 
0x2020 , 2342 
0x3E3E , 4904 
0x1C1C , 5894 
0x5A5A , -339 
0x6E6E , 6271 
0x2020 , 2240 
0x3E3E , 4459 
0x1C1C , 5506 
0x5A5A , 7021 
0x6E6E , 6769 
0x2020 , 2322 
0x3E3E , 4375 
0x1C1C , 5214 
0x5A5A , -339 
0x6E6E , 7268 
0x2020 , 2783 
0x3E3E , 3851 
0x1C1C , 4826 
0x5A5A , 7307 
0x6E6E , 7621 
0x2020 , 3045 
0x3E3E , 3902 
0x1C1C , 4269 
0x5A5A , -339 
0x6E6E , 7923 
0x2020 , 3530 
0x3E3E , 3484 
0x1C1C , 3803 
0x5A5A , 6835 
0x6E6E , 8210 
0x2020 , 4267 
0x3E3E , 3568 
0x1C1C , 3177 
0x5A5A , -339 
0x6E6E , 8215 
0x2020 , -291 
0x3E3E , -218 
0x1C1C , -159 
0x5A5A , -339 
0x6E6E , -796 
0x2020 , -291 
0x3E3E , -218 
0x1C1C , -159 
0x5A5A , -339 
0x6E6E , -796 
0x2020 , 6459 
0x3E3E , 5489 
0x1C1C , 2452 
0x5A5A , 4378 
0x6E6E , 7721 
0x2020 , 6653 
0x3E3E , 5976 
0x1C1C , 3219 
0x5A5A , -339 
0x6E6E , 7389 
0x2020 , -291 
0x3E3E , -218 
0x1C1C , -159 
0x5A5A , -339 
0x6E6E , -796 
0x2020 , 7211 
0x3E3E , 7442 
0x1C1C , 4415 
0x5A5A , 2814 
0x6E6E , 5903 
0x2020 , 7259 
0x3E3E , 7814 
0x1C1C , 4684 
0x5A5A , 2313 
0x6E6E , 5963 
0x2020 , 7240 
0x3E3E , 8083 
0x1C1C , 5620 
0x5A5A , -339 
0x6E6E , 4704 
0x2020 , 6910 
0x3E3E , 8194 
0x1C1C , 5775 
0x5A5A , 2108 
0x6E6E , 4412 
0x2020 , 7022 
0x3E3E , 8421 
0x1C1C , 6232 
0x5A5A , -339 
0x6E6E , 4377 
0x2020 , 6537 
0x3E3E , 8468 
0x1C1C , 6469 
0x5A5A , 3372 
0x6E6E , 3621 
0x2020 , 6139 
0x3E3E , 8394 
0x1C1C , 6670 
0x5A5A , -339 
0x6E6E , 3072 
0x2020 , 5834 
0x3E3E , 8556 
0x1C1C , 6908 
0x5A5A , 3758 
0x6E6E , 2684 
0x2020 , 5407 
0x3E3E , 8616 
0x1C1C , 7076 
0x5A5A , -339 
0x6E6E , 2482 
0x2020 , 5038 
0x3E3E , 8273 
0x1C1C , 7350 
0x5A5A , -339 
0x6E6E , 2679 
0x2020 , 4587 
0x3E3E , 7962 
0x1C1C , 7350 
0x5A5A , 5237 
0x6E6E , 3127 
0x2020 , 3991 
0x3E3E , 7656 
0x1C1C , 7506 
0x5A5A , -339 
0x6E6E , 3888 
0x2020 , 3370 
0x3E3E , 7173 
0x1C1C , 7373 
0x5A5A , 6267 
0x6E6E , 4175 
0x2020 , 2919 
0x3E3E , 6788 
0x1C1C , 7186 
0x5A5A , 6362 
0x6E6E , 4568 
0x2020 , 2734 
0x3E3E , 6278 
0x1C1C , 7081 
0x5A5A , 6768 
0x6E6E , 5303 
0x2020 , 2240 
0x3E3E , 5939 
0x1C1C , 6853 
0x5A5A , 7102 
0x6E6E , 5495 
0x2020 , 1765 
0x3E3E , 5248 
0x1C1C , 6446 
0x5A5A , -339 
0x6E6E , 5983 
0x2020 , 1876 
0x3E3E , 4640 
0x1C1C , 6008 
0x5A5A , 7269 
0x6E6E , 6371 
0x2020 , 2022 
0x3E3E , 4111 
0x1C1C , 5643 
0x5A5A , 7293 
0x6E6E , 6845 
0x2020 , 2288 
0x3E3E , 4259 
0x1C1C , 5214 
0x5A5A , 7388 
0x6E6E , 7127 
0x2020 , 2608 
0x3E3E , 3702 
0x1C1C , 4757 
0x5A5A , 7350 
0x6E6E , 7691 
0x2020 , 3069 
0x3E3E , 3494 
0x1C1C , 4501 
0x5A5A , -339 
0x6E6E , 8064 
0x2020 , 3467 
0x3E3E , 3391 
0x1C1C , 3698 
0x5A5A , 6830 
0x6E6E , 8225 
0x2020 , 4282 
0x3E3E , 3596 
0x1C1C , 3520 
0x5A5A , -339 
0x6E6E , 8215 
0x2020 , 4815 
0x3E3E , 4241 
0x1C1C , 3004 
0x5A5A , 6234 
0x6E6E , 8255 
0x2020 , 5252 
0x3E3E , 4268 
0x1C1C , 2365 
0x5A5A , -339 
0x6E6E , 8114 
0x2020 , 5654 
0x3E3E , 4904 
0x1C1C , 1949 
0x5A5A , 5327 
0x6E6E , 8104 
0x2020 , 6115 
0x3E3E , 5633 
0x1C1C , 2091 
0x5A5A , -339 
0x6E6E , 7878 
0x2020 , 6745 
0x3E3E , 5707 
0x1C1C , 2662 
0x5A5A , 4321 
0x6E6E , 7711 
0x2020 , 6896 
0x3E3E , 6134 
0x1C1C , 3278 
0x5A5A , -339 
0x6E6E , 7323 
0x2020 , 7094 
0x3E3E , 6593 
0x1C1C , 3602 
0x5A5A , 3958 
0x6E6E , 6936 
0x2020 , 7162 
0x3E3E , 6978 
0x1C1C , 4031 
0x5A5A , -339 
0x6E6E , 6427 
0x2020 , 7259 
0x3E3E , 7438 
0x1C1C , 4474 
0x5A5A , 3009 
0x6E6E , 5797 
0x2020 , 7250 
0x3E3E , 7809 
0x1C1C , 4748 
0x5A5A , 2446 
0x6E6E , 5293 
0x2020 , 7284 
0x3E3E , 7995 
0x1C1C , 5739 
0x5A5A , -339 
0x6E6E , 5132 
0x2020 , 6905 
0x3E3E , 8203 
0x1C1C , 6127 
0x5A5A , 2127 
0x6E6E , 4598 
0x2020 , 6818 
0x3E3E , 8579 
0x1C1C , 6305 
0x5A5A , 2594 
0x6E6E , 4014 
0x2020 , 6416 
0x3E3E , 8644 
0x1C1C , 6561 
0x5A5A , -339 
0x6E6E , 3299 
0x2020 , 6086 
0x3E3E , 8500 
0x1C1C , 6807 
0x5A5A , 3410 
0x6E6E , 2815 
0x2020 , 5727 
0x3E3E , 8649 
0x1C1C , 7063 
0x5A5A , -339 
0x6E6E , 2346 
0x2020 , 5310 
0x3E3E , 8361 
0x1C1C , 7145 
0x5A5A , -339 
0x6E6E , 2452 
0x2020 , 4873 
0x3E3E , 8101 
0x1C1C , 7506 
0x5A5A , 4912 
0x6E6E , 2916 
0x2020 , 4393 
0x3E3E , 7892 
0x1C1C , 7483 
0x5A5A , -339 
0x6E6E , 3283 
0x2020 , 3729 
0x3E3E , 7428 
0x1C1C , 7579 
0x5A5A , 6000 
0x6E6E , 3752 
0x2020 , 3176 
0x3E3E , 7006 
0x1C1C , 7163 
0x5A5A , -339 
0x6E6E , 4623 
0x2020 , 2536 
0x3E3E , 6463 
0x1C1C , 7072 
0x5A5A , 6649 
0x6E6E , 4704 
0x2020 , 2671 
0x3E3E , 6022 
0x1C1C , 6885 
0x5A5A , 6892 
0x6E6E , 5676 
0x2020 , 1604 
0x3E3E , 5396 
0x1C1C , 6519 
0x5A5A , -339 
0x6E6E , 5898 
0x2020 , 1934 
0x3E3E , 5090 
0x1C1C , 6086 
0x5A5A , 7183 
0x6E6E , 6407 
0x2020 , 1988 
0x3E3E , 4626 
0x1C1C , 5625 
0x5A5A , 7345 
0x6E6E , 6880 
0x2020 , 2317 
0x3E3E , 4143 
0x1C1C , 5141 
0x5A5A , 7417 
0x6E6E , 7318 
0x2020 , -291 
0x3E3E , 3610 
0x1C1C , 4570 
0x5A5A , 7288 
0x6E6E , 7847 
0x2020 , 3467 
0x3E3E , 3572 
0x1C1C , 4145 
0x5A5A , 6959 
0x6E6E , 8004 
0x2020 , 3603 
0x3E3E , 3438 
0x1C1C , 4104 
0x5A5A , 6639 
0x6E6E , 8160 
0x2020 , 4374 
0x3E3E , 3791 
0x1C1C , 3392 
0x5A5A , -339 
0x6E6E , 8250 
0x2020 , 5038 
0x3E3E , 4603 
0x1C1C , 2935 
0x5A5A , 6009 
0x6E6E , 8049 
0x2020 , 5407 
0x3E3E , 4630 
0x1C1C , 2287 
0x5A5A , -339 
0x6E6E , 7903 
0x2020 , 5766 
0x3E3E , 5322 
0x1C1C , 2123 
0x5A5A , 4955 
0x6E6E , 7847 
0x2020 , 6382 
0x3E3E , 5897 
0x1C1C , 2684 
0x5A5A , 4516 
0x6E6E , 7621 
0x2020 , 6755 
0x3E3E , 6138 
0x1C1C , 3004 
0x5A5A , 3863 
0x6E6E , 7263 
0x2020 , 7022 
0x3E3E , 6691 
0x1C1C , 3680 
0x5A5A , -339 
0x6E6E , 6850 
0x2020 , 7162 
0x3E3E , 7280 
0x1C1C , 4355 
0x5A5A , 3167 
0x6E6E , 6271 
0x2020 , 7225 
0x3E3E , 7595 
0x1C1C , 4602 
0x5A5A , 2532 
0x6E6E , 5611 
0x2020 , 7216 
0x3E3E , 7902 
0x1C1C , 5241 
0x5A5A , 2184 
0x6E6E , 5248 
0x2020 , 7080 
0x3E3E , 8148 
0x1C1C , 5876 
0x5A5A , -339 
0x6E6E , 4361 
0x2020 , 7090 
0x3E3E , 8426 
0x1C1C , 6250 
0x5A5A , 2351 
0x6E6E , 4246 
0x2020 , 6479 
0x3E3E , 8523 
0x1C1C , -159 
0x5A5A , -339 
0x6E6E , -796 
0x2020 , -291 
0x3E3E , -218 
0x1C1C , -159 
0x5A5A , -339 
0x6E6E , 2754 
0x2020 , 5431 
0x3E3E , 8472 
0x1C1C , 6990 
0x5A5A , 4044 
0x6E6E , 2558 
0x2020 , 5024 
0x3E3E , 8236 
0x1C1C , 7250 
0x5A5A , 4516 
0x6E6E , 2709 
0x2020 , 4471 
0x3E3E , 7841 
0x1C1C , 7305 
0x5A5A , -339 
0x6E6E , 3248 
0x2020 , 3898 
0x3E3E , 7493 
0x1C1C , 7510 
0x5A5A , 5857 
0x6E6E , 3727 
0x2020 , 3321 
0x3E3E , 7173 
0x1C1C , 7300 
0x5A5A , 6224 
0x6E6E , 4054 
0x2020 , 3127 
0x3E3E , 6607 
0x1C1C , 7140 
0x5A5A , 6539 
0x6E6E , 4941 
0x2020 , 2308 
0x3E3E , 6041 
0x1C1C , 6885 
0x5A5A , 6801 
0x6E6E , 4931 
0x2020 , 2531 
0x3E3E , 5600 
0x1C1C , 6542 
0x5A5A , -339 
0x6E6E , 5807 
0x2020 , 1954 
0x3E3E , 4784 
0x1C1C , 6072 
0x5A5A , 7183 
0x6E6E , 6286 
0x2020 , 1852 
0x3E3E , 4793 
0x1C1C , 5570 
0x5A5A , 7293 
0x6E6E , 6754 
0x2020 , -291 
0x3E3E , 4046 
0x1C1C , 5118 
0x5A5A , 7355 
0x6E6E , 7233 
0x2020 , 2967 
0x3E3E , 3675 
0x1C1C , 4606 
0x5A5A , 7231 
0x6E6E , 7752 
0x2020 , 3433 
0x3E3E , 3572 
0x1C1C , 4027 
0x5A5A , 6887 
0x6E6E , 7993 
0x2020 , 4054 
0x3E3E , 3526 
0x1C1C , 3771 
0x5A5A , 6549 
0x6E6E , 8140 
0x2020 , 4466 
0x3E3E , 3832 
0x1C1C , 3324 
0x5A5A , -339 
0x6E6E , 8220 
0x2020 , 4990 
0x3E3E , 4352 
0x1C1C , 2739 
0x5A5A , 5838 
0x6E6E , 8009 
0x2020 , 5470 
0x3E3E , 4788 
0x1C1C , 2242 
0x5A5A , -339 
0x6E6E , 7918 
0x2020 , 5935 
0x3E3E , 5651 
0x1C1C , 2168 
0x5A5A , 4893 
0x6E6E , 7812 
0x2020 , 6571 
0x3E3E , 5925 
0x1C1C , 2830 
0x5A5A , 4183 
0x6E6E , 7520 
0x2020 , 6871 
0x3E3E , 6254 
0x1C1C , 3360 
0x5A5A , -339 
0x6E6E , 7122 
0x2020 , 7128 
0x3E3E , 6867 
0x1C1C , 4031 
0x5A5A , 3648 
0x6E6E , 6719 
0x2020 , 7230 
0x3E3E , 7257 
0x1C1C , 4501 
0x5A5A , 3090 
0x6E6E , 6155 
0x2020 , 7230 
0x3E3E , 7693 
0x1C1C , 4575 
0x5A5A , 2503 
0x6E6E , 6089 
0x2020 , 7225 
0x3E3E , 7916 
0x1C1C , 5323 
0x5A5A , 1998 
0x6E6E , 5233 
0x2020 , 7162 
0x3E3E , 8236 
0x1C1C , 6109 
0x5A5A , 2046 
0x6E6E , 4860 
0x2020 , 7017 
0x3E3E , 8361 
0x1C1C , 6314 
0x5A5A , 2413 
0x6E6E , 4165 
0x2020 , 6498 
0x3E3E , 8542 
0x1C1C , 6570 
0x5A5A , -339 
0x6E6E , 3324 
0x2020 , 5964 
0x3E3E , 8579 
0x1C1C , 6725 
0x5A5A , -339 
0x6E6E , 2785 
0x2020 , 5504 
0x3E3E , 8561 
0x1C1C , 7022 
0x5A5A , 4144 
0x6E6E , 2528 
0x2020 , 4995 
0x3E3E , 8343 
0x1C1C , 7227 
0x5A5A , 4564 
0x6E6E , 2679 
0x2020 , 4548 
0x3E3E , 7916 
0x1C1C , 7300 
0x5A5A , -339 
0x6E6E , 3107 
0x2020 , 3845 
0x3E3E , 7540 
0x1C1C , 7519 
0x5A5A , 5938 
0x6E6E , 3450 
0x2020 , -291 
0x3E3E , 7043 
0x1C1C , 7195 
0x5A5A , 6243 
0x6E6E , 4230 
0x2020 , 2788 
0x3E3E , 6644 
0x1C1C , 7095 
0x5A5A , 6549 
0x6E6E , 4810 
0x2020 , 2802 
0x3E3E , 6055 
0x1C1C , 6944 
0x5A5A , 6868 
0x6E6E , 4795 
0x2020 , 2429 
0x3E3E , 5526 
0x1C1C , 6620 
0x5A5A , 6868 
0x6E6E , 5666 
0x2020 , 1871 
0x3E3E , 5326 
0x1C1C , 6131 
0x5A5A , -339 
0x6E6E , 6306 
0x2020 , 2002 
0x3E3E , 4603 
0x1C1C , 5593 
0x5A5A , 7278 
0x6E6E , 6764 
0x2020 , -291 
0x3E3E , 4194 
0x1C1C , 5104 
0x5A5A , 7278 
0x6E6E , 7298 
0x2020 , 2933 
0x3E3E , 3976 
0x1C1C , 4565 
0x5A5A , 7231 
0x6E6E , 7827 
0x2020 , 3588 
0x3E3E , 3526 
0x1C1C , 3926 
0x5A5A , 6902 
0x6E6E , 8145 
0x2020 , 4248 
0x3E3E , 3545 
0x1C1C , 3922 
0x5A5A , -339 
0x6E6E , 8235 
0x2020 , 4655 
0x3E3E , 3883 
0x1C1C , 3250 
0x5A5A , 6205 
0x6E6E , 8200 
0x2020 , 5155 
0x3E3E , 4319 
0x1C1C , 2410 
0x5A5A , 5766 
0x6E6E , 8155 
0x2020 , 5576 
0x3E3E , -218 
0x1C1C , -159 
0x5A5A , -339 
0x6E6E , -796 
0x2020 , -291 
0x3E3E , -218 
0x1C1C , -159 
0x5A5A , -339 
0x6E6E , 7510 
0x2020 , 6910 
0x3E3E , 6440 
0x1C1C , 3278 
0x5A5A , -339 
0x6E6E , 7041 
0x2020 , 7099 
0x3E3E , 6964 
0x1C1C , 3917 
0x5A5A , 3453 
0x6E6E , 6613 
0x2020 , 7216 
0x3E3E , 7387 
0x1C1C , 4474 
0x5A5A , 3176 
0x6E6E , 5928 
0x2020 , 7187 
0x3E3E , 7725 
0x1C1C , 4739 
0x5A5A , 2360 
0x6E6E , 5036 
0x2020 , 7191 
0x3E3E , 8022 
0x1C1C , 5871 
0x5A5A , -339 
0x6E6E , 4397 
0x2020 , 7031 
0x3E3E , 8468 
0x1C1C , 6264 
0x5A5A , 2327 
0x6E6E , 4256 
0x2020 , 6736 
0x3E3E , 8783 
0x1C1C , 6510 
0x5A5A , 2675 
0x6E6E , 3611 
0x2020 , 6207 
0x3E3E , 8417 
0x1C1C , 6761 
0x5A5A , -339 
0x6E6E , 2941 
0x2020 , 5800 
0x3E3E , 8445 
0x1C1C , -159 
0x5A5A , 3839 
0x6E6E , 2533 
0x2020 , -291 
0x3E3E , -218 
0x1C1C , 7108 
0x5A5A , -339 
0x6E6E , -796 
0x2020 , 4471 
0x3E3E , 7920 
0x1C1C , 7277 
0x5A5A , -339 
0x6E6E , -796 
0x2020 , 3734 
0x3E3E , 7479 
0x1C1C , 7360 
0x5A5A , 5885 
0x6E6E , -796 
0x2020 , 3108 
0x3E3E , 6969 
0x1C1C , 7122 
0x5A5A , 6339 
0x6E6E , 4215 
0x2020 , 2560 
0x3E3E , 6403 
0x1C1C , 7022 
0x5A5A , 6649 
0x6E6E , 5183 
0x2020 , 2526 
0x3E3E , 5920 
0x1C1C , 6885 
0x5A5A , 7178 
0x6E6E , 5747 
0x2020 , 1638 
0x3E3E , 5350 
0x1C1C , 6456 
0x5A5A , -339 
0x6E6E , 5999 
0x2020 , 1949 
0x3E3E , 4779 
0x1C1C , 5894 
0x5A5A , 7312 
0x6E6E , 6447 
0x2020 , 1978 
0x3E3E , 4384 
0x1C1C , 5401 
0x5A5A , 7345 
0x6E6E , 6956 
0x2020 , -291 
0x3E3E , 3763 
0x1C1C , 4894 
0x5A5A , 7316 
0x6E6E , 7585 
0x2020 , 3195 
0x3E3E , 3726 
0x1C1C , 4205 
0x5A5A , 7068 
0x6E6E , 7933 
0x2020 , 4000 
0x3E3E , 3470 
0x1C1C , 3470 
0x5A5A , -339 
0x6E6E , 8094 
0x2020 , 4383 
0x3E3E , 3786 
0x1C1C , 3465 
0x5A5A , 6243 
0x6E6E , 8225 
0x2020 , 4961 
0x3E3E , 4686 
0x1C1C , 2867 
0x5A5A , -339 
0x6E6E , 7963 
0x2020 , 5344 
0x3E3E , 5382 
0x1C1C , 2237 
0x5A5A , 5404 
0x6E6E , 7842 
0x2020 , 5843 
0x3E3E , 5053 
0x1C1C , 2273 
0x5A5A , -339 
0x6E6E , 7802 
0x2020 , 6551 
0x3E3E , 6208 
0x1C1C , 2794 
0x5A5A , 4264 
0x6E6E , 7505 
0x2020 , 6828 
0x3E3E , 6268 
0x1C1C , -159 
0x5A5A , 3658 
0x6E6E , 7187 
0x2020 , -291 
0x3E3E , -218 
0x1C1C , 4068 
0x5A5A , -339 
0x6E6E , -796 
0x2020 , 7221 
0x3E3E , 7572 
0x1C1C , 4552 
0x5A5A , -339 
0x6E6E , -796 
0x2020 , 7230 
0x3E3E , 7981 
0x1C1C , 5510 
0x5A5A , 1879 
0x6E6E , -796 
0x2020 , 6881 
0x3E3E , 8259 
0x1C1C , 6109 
0x5A5A , 2308 
0x6E6E , 4578 
0x2020 , 6488 
0x3E3E , 8579 
0x1C1C , -159 
0x5A5A , -339 
0x6E6E , -796 
0x2020 , -291 
0x3E3E , -218 
0x1C1C , -159 
0x5A5A , -339 
0x6E6E , -796 
0x2020 , 5494 
0x3E3E , 8523 
0x1C1C , 7045 
0x5A5A , -339 
0x6E6E , -796 
0x2020 , 4893 
0x3E3E , 8268 
0x1C1C , 7355 
0x5A5A , 4722 
0x6E6E , -796 
0x2020 , 4359 
0x3E3E , 7786 
0x1C1C , 7401 
0x5A5A , -339 
0x6E6E , 3198 
0x2020 , 3607 
0x3E3E , 7322 
0x1C1C , 7442 
0x5A5A , -339 
0x6E6E , 3984 
0x2020 , 3040 
0x3E3E , 6797 
0x1C1C , -159 
0x5A5A , 6410 
0x6E6E , 4623 
0x2020 , -291 
0x3E3E , -218 
0x1C1C , 6903 
0x5A5A , -339 
0x6E6E , -796 
0x2020 , 2182 
0x3E3E , 5178 
0x1C1C , 6428 
0x5A5A , -339 
0x6E6E , -796 
0x2020 , 1988 
0x3E3E , 4732 
0x1C1C , 5794 
0x5A5A , 7274 
0x6E6E , -796 
0x2020 , -291 
0x3E3E , 4097 
0x1C1C , 5122 
0x5A5A , 7316 
0x6E6E , 7182 
0x2020 , 3064 
0x3E3E , 3661 
0x1C1C , 4579 
0x5A5A , 7183 
0x6E6E , 7742 
0x2020 , 3302 
0x3E3E , 3521 
0x1C1C , 3712 
0x5A5A , -339 
0x6E6E , 8145 
0x2020 , -291 
0x3E3E , -218 
0x1C1C , 3447 
0x5A5A , -339 
0x6E6E , 8276 
0x2020 , 5053 
0x3E3E , 4139 
0x1C1C , -159 
0x5A5A , 5919 
0x6E6E , 8099 
0x2020 , -291 
0x3E3E , -218 
0x1C1C , 2027 
0x5A5A , -339 
0x6E6E , -796 
0x2020 , 6517 
0x3E3E , 5558 
0x1C1C , -159 
0x5A5A , 4392 
0x6E6E , -796 
0x2020 , -291 
0x3E3E , -218 
0x1C1C , 3292 
0x5A5A , -339 
0x6E6E , -796 
0x2020 , 7148 
0x3E3E , 7039 
0x1C1C , -159 
0x5A5A , -339 
0x6E6E , -796 
0x2020 , 7245 
0x3E3E , 7674 
0x1C1C , -159 
0x5A5A , -339 
0x6E6E , -796 
0x2020 , -291 
0x3E3E , -218 
0x1C1C , 6004 
0x5A5A , -339 
0x6E6E , -796 
0x2020 , 6939 
0x3E3E , 8542 
0x1C1C , -159 
0x5A5A , -339 
0x6E6E , -796 
0x2020 , 5984 
0x3E3E , 8426 
0x1C1C , -159 
0x5A5A , -339 
0x6E6E , -796 
0x2020 , -291 
0x3E3E , -218 
0x1C1C , -159 
0x5A5A , -339 
0x6E6E , -796 
0x2020 , 4597 
0x3E3E , 7883 
0x1C1C , -159 
0x5A5A , 5141 
0x6E6E , -796 
0x2020 , 3666 
0x3E3E , 7336 
0x1C1C , 7419 
0x5A5A , 5881 
0x6E6E , -796 
0x2020 , 2895 
0x3E3E , 6783 
0x1C1C , 7054 
0x5A5A , -339 
0x6E6E , 4659 
0x2020 , 2439 
0x3E3E , 6101 
0x1C1C , 6926 
0x5A5A , 6763 
0x6E6E , 4679 
0x2020 , 2337 
0x3E3E , 5531 
0x1C1C , 6565 
0x5A5A , -339 
0x6E6E , 5782 
0x2020 , 2007 
0x3E3E , 5104 
0x1C1C , 5994 
0x5A5A , -339 
0x6E6E , 6412 
0x2020 , 1925 
0x3E3E , 4644 
0x1C1C , 5387 
0x5A5A , 7312 
0x6E6E , 7077 
0x2020 , -291 
0x3E3E , 3809 
0x1C1C , 4748 
0x5A5A , -339 
0x6E6E , 7726 
0x2020 , 3622 
0x3E3E , 3688 
0x1C1C , 3881 
0x5A5A , 7021 
0x6E6E , 8009 
0x2020 , 4243 
0x3E3E , 3470 
0x1C1C , 3237 
0x5A5A , -339 
0x6E6E , 8286 
0x2020 , 4616 
0x3E3E , 4036 
0x1C1C , 3292 
0x5A5A , 6243 
0x6E6E , 8260 
0x2020 , 5130 
0x3E3E , 4217 
0x1C1C , 2433 
0x5A5A , -339 
0x6E6E , 8109 
0x2020 , 5586 
0x3E3E , 4951 
0x1C1C , 2031 
0x5A5A , 5203 
0x6E6E , 7943 
0x2020 , 6289 
0x3E3E , 5261 
0x1C1C , 2383 
0x5A5A , -339 
0x6E6E , 7691 
0x2020 , 6697 
0x3E3E , 6022 
0x1C1C , 3342 
0x5A5A , 3839 
0x6E6E , 7349 
0x2020 , 6983 
0x3E3E , 6561 
0x1C1C , 3488 
0x5A5A , -339 
0x6E6E , 6815 
0x2020 , 7167 
0x3E3E , 7108 
0x1C1C , 4186 
0x5A5A , -339 
0x6E6E , 6120 
0x2020 , 7284 
0x3E3E , 7670 
0x1C1C , 4666 
0x5A5A , 2379 
0x6E6E , 5636 
0x2020 , 7216 
0x3E3E , 7934 
0x1C1C , 5237 
0x5A5A , -339 
0x6E6E , 4825 
0x2020 , 6842 
0x3E3E , 8240 
0x1C1C , 6086 
0x5A5A , 2074 
0x6E6E , 4311 
0x2020 , 6687 
0x3E3E , 8588 
0x1C1C , 6287 
0x5A5A , -339 
0x6E6E , 3802 
0x2020 , 6348 
0x3E3E , 8440 
0x1C1C , -159 
0x5A5A , 2980 
0x6E6E , 3178 
0x2020 , -291 
0x3E3E , -218 
0x1C1C , 6880 
0x5A5A , -339 
0x6E6E , -796 
0x2020 , 5140 
0x3E3E , 8296 
0x1C1C , 7378 
0x5A5A , 4626 
0x6E6E , -796 
0x2020 , 4340 
0x3E3E , 7841 
0x1C1C , 7474 
0x5A5A , -339 
0x6E6E , 3430 
0x2020 , 3700 
0x3E3E , 7363 
0x1C1C , 7478 
0x5A5A , 5933 
0x6E6E , 3903 
0x2020 , 3050 
0x3E3E , 6913 
0x1C1C , 7063 
0x5A5A , -339 
0x6E6E , 4598 
0x2020 , 2846 
0x3E3E , 6250 
0x1C1C , 6949 
0x5A5A , 6758 
0x6E6E , 5354 
0x2020 , 2250 
0x3E3E , 5651 
0x1C1C , 6716 
0x5A5A , -339 
0x6E6E , 5782 
0x2020 , 1837 
0x3E3E , 4927 
0x1C1C , 6195 
0x5A5A , 7264 
0x6E6E , 6336 
0x2020 , 1876 
0x3E3E , 4190 
0x1C1C , 5762 
0x5A5A , -339 
0x6E6E , 6789 
0x2020 , 2468 
0x3E3E , 4069 
0x1C1C , 5182 
0x5A5A , 7464 
0x6E6E , 7308 
0x2020 , 2739 
0x3E3E , 3842 
0x1C1C , 4616 
0x5A5A , -339 
0x6E6E , 7938 
0x2020 , 3603 
0x3E3E , 3252 
0x1C1C , 3748 
0x5A5A , 6954 
0x6E6E , 8386 
0x2020 , 4029 
0x3E3E , -218 
0x1C1C , 3693 
0x5A5A , -339 
0x6E6E , 8376 
0x2020 , 4757 
0x3E3E , 4227 
0x1C1C , 3013 
0x5A5A , 6358 
0x6E6E , 8361 
0x2020 , -291 
0x3E3E , -218 
0x1C1C , -159 
0x5A5A , -339 
0x6E6E , -796 
0x2020 , 5916 
0x3E3E , 4937 
0x1C1C , 2821 
0x5A5A , 5103 
0x6E6E , 7318 
0x2020 , 5756 
0x3E3E , 5326 
0x1C1C , 3214 
0x5A5A , -339 
0x6E6E , 7661 
0x2020 , 5557 
0x3E3E , 5127 
0x1C1C , -159 
0x5A5A , 4726 
0x6E6E , 7127 
0x2020 , -291 
0x3E3E , -218 
0x1C1C , 4077 
0x5A5A , -339 
0x6E6E , -796 
0x2020 , -291 
0x3E3E , 6027 
0x1C1C , -159 
0x5A5A , 4836 
0x6E6E , -796 
0x2020 , 4529 
0x3E3E , 6227 
0x1C1C , 5049 
0x5A5A , 4884 
0x6E6E , -796 
0x2020 , 4451 
0x3E3E , 6199 
0x1C1C , 5081 
0x5A5A , 4927 
0x6E6E , 5329 
0x2020 , 4432 
0x3E3E , 6199 
0x1C1C , 5036 
0x5A5A , -339 
0x6E6E , 5308 
0x2020 , 4519 
0x3E3E , 6022 
0x1C1C , 5237 
0x5A5A , 4846 
0x6E6E , 5319 
0x2020 , 4607 
0x3E3E , 5962 
0x1C1C , 5209 
0x5A5A , 4889 
0x6E6E , 5243 
0x2020 , 4791 
0x3E3E , 6176 
0x1C1C , 5191 
0x5A5A , -339 
0x6E6E , 5208 
0x2020 , 4689 
0x3E3E , 6176 
0x1C1C , 5068 
0x5A5A , 4855 
0x6E6E , 5268 
0x2020 , 4640 
0x3E3E , 6245 
0x1C1C , 5045 
0x5A5A , -339 
0x6E6E , 5218 
0x2020 , 4660 
0x3E3E , 6227 
0x1C1C , 4848 
0x5A5A , 4874 
0x6E6E , 5258 
0x2020 , 4679 
0x3E3E , 6194 
0x1C1C , 4798 
0x5A5A , -339 
0x6E6E , 5329 
0x2020 , 4689 
0x3E3E , 6222 
0x1C1C , 4771 
0x5A5A , 4889 
0x6E6E , 5369 
0x2020 , 4665 
0x3E3E , 6208 
0x1C1C , 4807 
0x5A5A , -339 
0x6E6E , 5324 
0x2020 , 4679 
0x3E3E , 6208 
0x1C1C , 4803 
0x5A5A , 4860 
0x6E6E , 5364 
0x2020 , 4665 
0x3E3E , 6241 
0x1C1C , 4816 
0x5A5A , 4869 
0x6E6E , 5344 
0x2020 , 4655 
0x3E3E , 6217 
0x1C1C , 4839 
0x5A5A , -339 
0x6E6E , 5394 
0x2020 , 4679 
0x3E3E , 6189 
0x1C1C , 4853 
0x5A5A , 4884 
0x6E6E , 5379 
0x2020 , 4670 
0x3E3E , 6176 
0x1C1C , 4853 
0x5A5A , -339 
0x6E6E , 5344 
0x2020 , -291 
0x3E3E , 6213 
0x1C1C , 4794 
0x5A5A , 4903 
0x6E6E , 5283 
