15:13:29.335:
0x2020 , 4214 
0x3E3E , 5981 
0x1C1C , 4762 
0x5A5A , 4841 
0x6E6E , 4981 

15:13:29.983:
0x2020 , 4
15:13:29.998:
151 
0x3E3E , 5985 
0x1C1C , 4762 
0x5A5A , -339 
0x6E6E , 5213 

15:13:30.583:
0x2020 , 4354 
0x3E3E , 6050 
0x1C1C , 4794 
0x
15:13:30.598:
5A5A , 4583 
0x6E6E , 5193 

15:13:31.284:
0x2020 , 4403 
0x3E3E , 5976 
0x1C1C , 4785 
0x5A5A , -339 
0x6E6E , 5218 

15:13:31.885:
0x2020 , 4233 
0x3E3E , 6009 
0x1C1C , 4730 
0x5A5A , 4955 
0x6E6E , 5233 

15:13:32.555:
0x2020 , 4359 

15:13:32.586:
0x3E3E , 5990 
0x1C1C , 4684 
0x5A5A , -339 
0x6E6E , 5465 

15:13:33.124:
0x2020 , 4364 
0x3E3E , 5967 
0x1C1C , 4661 

15:13:33.140:
0x5A5A , 4827 
0x6E6E , 5540 

15:13:33.772:
0x2020 , 4286 
0x3E3E , 5860 
0x1C1C , 4680 
0x5A5A , -33
15:13:33.788:
9 
0x6E6E , 5475 

15:13:34.358:
0x2020 , 4335 
0x3E3E , 5920 
0x1C1C , 4753 
0x5A5A , 4860 
0x6E6E , 5626 

15:13:35.005:
0x2020
15:13:35.027:
 , 4248 
0x3E3E , 5953 
0x1C1C , 4771 
0x5A5A , -339 
0x6E6E , 5374 

15:13:35.591:
0x2020 , 4272 
0x3E3E , 5953 
0x1C1C , 4730 

15:13:35.606:
0x5A5A , 4960 
0x6E6E , 5399 

15:13:36.260:
0x2020 , 4306 
0x3E3E , 5957 
0x1C1C , 4734 
0x5A5A , -339
15:13:36.276:
 
0x6E6E , 5314 

15:13:36.861:
0x2020 , 4277 
0x3E3E , 5916 
0x1C1C , 4711 
0x5A5A , 4922 
0x6E6E , 5303 

15:13:37.509:
0x2020 , 
15:13:37.531:
4301 
0x3E3E , 5920 
0x1C1C , 4698 
0x5A5A , -339 
0x6E6E , 5329 

15:13:38.109:
0x2020 , 4262 
0x3E3E , 5869 
0x1C1C , 4707 
0x5A5A 
15:13:38.131:
, 4889 
0x6E6E , 5369 

15:13:38.810:
0x2020 , 4219 
0x3E3E , 5916 
0x1C1C , 4721 
0x5A5A , -339 
0x6E6E , 5329 

15:13:39.410:
0x2020 , 4320 
0x3E3E , 5930 
0x1C1C , 4716 
0x5A5A , 4936 
0x6E6E , 5455 

15:13:40.080:
0x2020 , 42
15:13:40.111:
86 
0x3E3E , 5930 
0x1C1C , 4734 
0x5A5A , -339 
0x6E6E , 5424 

15:13:40.649:
0x2020 , 4248 
0x3E3E , 5967 
0x1C1C , 4716 

15:13:40.665:
0x5A5A , 4922 
0x6E6E , 5450 

15:13:41.313:
0x2020 , 4233 
0x3E3E , 5948 
0x1C1C , 4739 
0x5A5A , -
15:13:41.333:
339 
0x6E6E , 5465 

15:13:41.898:
0x2020 , 4320 
0x3E3E , 5911 
0x1C1C , 4730 
0x5A5A , 4941 
0x6E6E , 5480 

15:13:42.537:
0x20
15:13:42.552:
20 , 4262 
0x3E3E , 5939 
0x1C1C , 4762 
0x5A5A , -339 
0x6E6E , 5460 

15:13:43.116:
0x2020 , 4267 
0x3E3E , 5971 
0x1C1C , 4753 

15:13:43.138:
0x5A5A , 4898 
0x6E6E , 5404 

15:13:43.801:
0x2020 , 4267 
0x3E3E , 5957 
0x1C1C , 4693 
0x5A5A , -339 
0x6E6E , 5389 

15:13:44.386:
0x2020 , 4228 
0x3E3E , 5967 
0x1C1C , 4730 
0x5A5A , 4869 
0x6E6E , 5359 

15:13:44.987:
0x2020 , 4306 
0x3E3E , 5879 
0x1C1C , 4725 
0x5A5A , 4917 
0x6E6E , 5414 

15:13:45.657:
0x2020 , 4272 
0x3E3E , 5883 
0x1C1C , 4734 
0x5A5A , -339 
0x6E6E , 5334 

15:13:46.242:
0x2020 , 4272 

15:13:46.258:
0x3E3E , 5948 
0x1C1C , 4707 
0x5A5A , 4979 
0x6E6E , 5349 

15:13:46.940:
0x2020 , 4286 
0x3E3E , 6009 
0x1C1C , 4711 
0x5A5A
15:13:46.943:
 , -339 
0x6E6E , 5334 

15:13:47.560:
0x2020 , 4262 
0x3E3E , 5934 
0x1C1C , 4711 
0x5A5A , 4927 
0x6E6E , 5298 

15:13:48.208:
0x2020 , 4243 
0x3E3E , 5920 
0x1C1C , 4730 
0x5A5A , -339 
0x6E6E , 5243 

15:13:48.747:
0x20
15:13:48.778:
20 , 4306 
0x3E3E , 5995 
0x1C1C , 4707 
0x5A5A , 4879 
0x6E6E , 5298 

15:13:49.279:
num_of_tries to send the NodeID: 2

15:13:49.363:
num_of_tries to send the No
15:13:49.379:
deID: 3

15:13:49.410:
num_of_tries to send the NodeID: 4

15:13:49.526:
ACK of Tag receivement from nodeID is missing! 

15:13:50.079:
0x2020 , 4039 
0x3E3E , 6078 
0x1C1C , 4871 

15:13:50.095:
0x5A5A , 5237 
0x6E6E , 5490 

15:13:50.765:
0x2020 , 3603 
0x3E3E , 5944 
0x1C1C , 5040 
0x5A5A , -339 
0x6E6E , 5606 

15:13:51.447:
0x2020 , 3171 
0x3E3E , 5832 
0x1C1C , 5296 
0x5A5A , -339 
0x6E6E , 5757 

15:13:52.029:
0x2020 , 2734 
0x3E3E , 5317 
0x1C1C , 5638 
0x5A5A , 6281 
0x6E6E , 5676 

15:13:52.530:
num_of_tries to send the NodeID: 2

15:13:52.652:
num_of_tries to send the NodeID: 3

15:13:52.768:
num_of_tries to send the NodeID: 4
15:13:52.783:


15:13:52.884:
ACK of Tag receivement from nodeID is missing! 

15:13:53.470:
0x2020 , 2298 

15:13:53.485:
0x3E3E , 5094 
0x1C1C , 6017 
0x5A5A , 6839 
0x6E6E , 6185 

15:13:54.171:
0x2020 , 2342 
0x3E3E , 4904 
0x1C1C , 5894 
0x5A5A , -339 
0x6E6E , 6271 

15:13:54.771:
0x2020 , 2240 
0x3E3E , 4459 
0x1C1C , 5506 
0x5A5A , 7021 
0x6E6E , 6769 

15:13:55.452:
0x2020 , 232
15:13:55.473:
2 
0x3E3E , 4375 
0x1C1C , 5214 
0x5A5A , -339 
0x6E6E , 7268 

15:13:56.004:
0x2020 , 2783 
0x3E3E , 3851 
0x1C1C , 4826 
15:13:56.020:

0x5A5A , 7307 
0x6E6E , 7621 

15:13:56.674:
0x2020 , 3045 
0x3E3E , 3902 
0x1C1C , 4269 
0x5A5A , -
15:13:56.689:
339 
0x6E6E , 7923 

15:13:57.259:
0x2020 , 3530 
0x3E3E , 3484 
0x1C1C , 3803 
0x5A5A , 6835 
0x6E6E , 8210 

15:13:57.907:
0x2020 , 4267 
0x3E3E , 3568 
0x1C1C , 3177 
0x5A5A , -339 
0x6E6E , 8215 

15:13:59.394:
0x2020 , -291 
0x3E3E , -218 
0x1C1C , -159 
0x5A5A , -339 
0x6E6E , -796 

15:14:00.865:
0x2020 , -291 
0x3E3E , -218 
0x1C1C , -159 
0x5A5A , -3
15:14:00.881:
39 
0x6E6E , -796 

15:14:01.467:
0x2020 , 6459 
0x3E3E , 5489 
0x1C1C , 2452 
0x5A5A , 4378 
0x6E6E , 7721 

15:14:02.130:
0x2020 , 6
15:14:02.145:
653 
0x3E3E , 5976 
0x1C1C , 3219 
0x5A5A , -339 
0x6E6E , 7389 

15:14:03.647:
0x2020 , -291 
0x3E3E , -218 
0x1C1C , -159 
0x5A5A , -339 
0x6E6E , -796 

15:14:04.216:
0x2020 , 7211 

15:14:04.247:
0x3E3E , 7442 
0x1C1C , 4415 
0x5A5A , 2814 
0x6E6E , 5903 

15:14:04.848:
0x2020 , 7259 
0x3E3E , 7814 
0x1C1C , 4684 
0x5A5A , 2313 
0x6E6E , 5963 

15:14:05.518:
0x2020 , 7240 
15:14:05.533:

0x3E3E , 8083 
0x1C1C , 5620 
0x5A5A , -339 
0x6E6E , 4704 

15:14:06.088:
0x2020 , 6910 
0x3E3E , 8194 
0x1C1C , 5775 

15:14:06.103:
0x5A5A , 2108 
0x6E6E , 4412 

15:14:06.736:
0x2020 , 7022 
0x3E3E , 8421 
0x1C1C , 6232 
0x5A5A , -339
15:14:06.751:
 
0x6E6E , 4377 

15:14:07.321:
0x2020 , 6537 
0x3E3E , 8468 
0x1C1C , 6469 
0x5A5A , 3372 
0x6E6E , 3621 

15:14:07.972:
0x20
15:14:07.990:
20 , 6139 
0x3E3E , 8394 
0x1C1C , 6670 
0x5A5A , -339 
0x6E6E , 3072 

15:14:08.553:
0x2020 , 5834 
0x3E3E , 8556 
0x1C1C ,
15:14:08.571:
 6908 
0x5A5A , 3758 
0x6E6E , 2684 

15:14:09.222:
0x2020 , 5407 
0x3E3E , 8616 
0x1C1C , 7076 
0
15:14:09.237:
x5A5A , -339 
0x6E6E , 2482 

15:14:09.892:
0x2020 , 5038 
0x3E3E , 8273
15:14:09.907:
 
0x1C1C , 7350 
0x5A5A , -339 
0x6E6E , 2679 

15:14:10.477:
0x2020 , 4587 
0x3E3E , 7962 
0x1C1C , 7350 

15:14:10.492:
0x5A5A , 5237 
0x6E6E , 3127 

15:14:11.178:
0x2020 , 3991 
0x3E3E , 7656 
0x1C1C , 7506 
0x5A5A , -339 
0x6E6E , 3888 

15:14:11.757:
0x2020 , 33
15:14:11.779:
70 
0x3E3E , 7173 
0x1C1C , 7373 
0x5A5A , 6267 
0x6E6E , 4175 

15:14:12.379:
0x2020 , 2919 
0x3E3E , 6788 
0x1C1C , 7186 
0x5A5A , 6362 
0x6E6E , 4568 

15:14:12.980:
0x2020 , 2734 
0x3E3E , 6278 
0x1C1C , 7081 
0x5A5A , 6768 
0x6E6E , 5303 

15:14:13.528:
0x2020 , 2240 
0x3E3E , 5939 
0x1C
15:14:13.544:
1C , 6853 
0x5A5A , 7102 
0x6E6E , 5495 

15:14:14.182:
0x2020 , 1765 
0x3E3E , 5248 
0x1C1C , 6446 

15:14:14.198:
0x5A5A , -339 
0x6E6E , 5983 

15:14:14.780:
0x2020 , 1876 
0x3E3E , 4640 
0x1C1C , 6008 
0x5A5A , 7269 
0x6E6E , 6371 

15:14:15.347:
0x2020 , 2022 
0x3E3E , 4111 
0x1C1C , 5643 
0x5A5A , 7293 
0x6E6E , 6845 

15:14:15.900:
0x2020 , 2288 
0x3E3E , 4259 
0x1C1C , 521
15:14:15.916:
4 
0x5A5A , 7388 
0x6E6E , 7127 

15:14:16.502:
0x2020 , 2608 
0x3E3E , 3702 
0x1C1C , 4757 
0x5A5A , 7350 
0x6E6E , 7691 

15:14:17.165:
0x2020 , 3069 
0x3E3E , 3494 
0x1C
15:14:17.185:
1C , 4501 
0x5A5A , -339 
0x6E6E , 8064 

15:14:17.750:
0x2020 , 3467 
0x3E3E , 3391 
0x1C1C , 3698 
0x5A5A ,
15:14:17.765:
 6830 
0x6E6E , 8225 

15:14:18.450:
0x2020 , 4282 
0x3E3E , 3596 
0x1C1C , 3520 
0x5A5A , -339 
0x6E6E , 8215 

15:14:19.020:
0x2020 , 4815 

15:14:19.051:
0x3E3E , 4241 
0x1C1C , 3004 
0x5A5A , 6234 
0x6E6E , 8255 

15:14:19.721:
0x2020 , 5252 
0x3E3E , 4268 
0x1C1C , 2365 
0x5A5A , 
15:14:19.737:
-339 
0x6E6E , 8114 

15:14:20.338:
0x2020 , 5654 
0x3E3E , 4904 
0x1C1C , 1949 
0x5A5A , 5327 
0x6E6E , 8104 

15:14:20.992:
0x2020 , 6115 
0x3E3E , 5633 
0x1C1C , 2091 
0x5A5A , -339 
0x6E6E , 7878 

15:14:21.540:
0
15:14:21.556:
x2020 , 6745 
0x3E3E , 5707 
0x1C1C , 2662 
0x5A5A , 4321 
0x6E6E , 7711 

15:14:22.193:
0x2020 , 6896 
0x3E3E , 6134 

15:14:22.209:
0x1C1C , 3278 
0x5A5A , -339 
0x6E6E , 7323 

15:14:22.773:
0x2020 , 7094 
0x3E3E , 6593 
0x1C1C , 3602 
15:14:22.795:

0x5A5A , 3958 
0x6E6E , 6936 

15:14:23.458:
0x2020 , 7162 
0x3E3E , 6978 
0x1C1C , 4031 
0x5A5A , -339 
0x6E6E , 6427 

15:14:24.013:
0x
15:14:24.044:
2020 , 7259 
0x3E3E , 7438 
0x1C1C , 4474 
0x5A5A , 3009 
0x6E6E , 5797 

15:14:24.629:
0x2020 , 7250 
0x3E3E , 7809 
0x1C1C , 4748 
0x5A5A , 2446 
0x6E6E , 5293 

15:14:25.276:
0x
15:14:25.298:
2020 , 7284 
0x3E3E , 7995 
0x1C1C , 5739 
0x5A5A , -339 
0x6E6E , 5132 

15:14:25.877:
0x2020 , 6905 
0x3E3E , 8203 
0x1C1C , 6127 
15:14:25.899:

0x5A5A , 2127 
0x6E6E , 4598 

15:14:26.499:
0x2020 , 6818 
0x3E3E , 8579 
0x1C1C , 6305 
0x5A5A , 2594 
0x6E6E , 4014 

15:14:27.164:
0x2020 , 6416 
0x3E3E , 8644 
0x1C1C , 65
15:14:27.179:
61 
0x5A5A , -339 
0x6E6E , 3299 

15:14:27.797:
0x2020 , 6086 
0x3E3E , 8500 
0x1C1C , 6807 
0x5A5A , 3410 
0x6E6E , 2815 

15:14:28.433:
0x2020 , 5727 
0x3E3E , 8649 
0x1C1C , 7063 
0x5A5A , -339 
0x6E6E , 2346 

15:14:29.101:
0x2020 , 5310 
0x3E3E , 8361 
0x1C1C , 7145 
0x5A5A , -339 
0x6E6E , 2452 

15:14:29.667:
0x2020 , 4873 
0x3E3E , 8101 
0x1C1C , 7506 
0x5A5A , 4912 
0x6E6E , 2916 

15:14:30.306:
0x
15:14:30.322:
2020 , 4393 
0x3E3E , 7892 
0x1C1C , 7483 
0x5A5A , -339 
0x6E6E , 3283 

15:14:30.886:
0x2020 , 3729 
0x3E3E , 7428 
0x1C1C , 75
15:14:30.908:
79 
0x5A5A , 6000 
0x6E6E , 3752 

15:14:31.555:
0x2020 , 3176 
0x3E3E , 7006 
0x1C1C , 7163 
0x5A5A
15:14:31.571:
 , -339 
0x6E6E , 4623 

15:14:32.156:
0x2020 , 2536 
0x3E3E , 6463 
0x1C1C , 7072 
0x5A5A , 6649 
0x6E6E , 4704 

15:14:32.757:
0x2020 , 2671 
0x3E3E , 6022 
0x1C1C , 6885 
0x5A5A , 6892 
0x6E6E , 5676 

15:14:33.426:
0x2020 , 1604 
0x3E3E , 5396 
0x1C1C , 6519 
0x5A5A , -339 
0x6E6E , 5898 

15:14:34.011:
0x2020 
15:14:34.027:
, 1934 
0x3E3E , 5090 
0x1C1C , 6086 
0x5A5A , 7183 
0x6E6E , 6407 

15:14:34.628:
0x2020 , 1988 
0x3E3E , 4626 
0x1C1C , 5625 
0x5A5A , 7345 
0x6E6E , 6880 

15:14:35.228:
0x2020 , 2317 
0x3E3E , 4143 
0x1C1C , 5141 
0x5A5A , 7417 
0x6E6E , 7318 

15:14:35.892:
0x2020 , -291 
0x3E3E , 3610 
0x1C1C , 4570 
0x5A5A , 7288 
0x6E6E , 7847 

15:14:36.430:
0x2020 , 
15:14:36.445:
3467 
0x3E3E , 3572 
0x1C1C , 4145 
0x5A5A , 6959 
0x6E6E , 8004 

15:14:37.015:
0x2020 , 3603 
0x3E3E , 3438 
0x1C1C , 4104 
0x5A5A , 6639 
0x6E6E , 8160 

15:14:37.679:
0x2020 , 4374 
0x3E3E , 3791 
0x1C1C , 3392 
0x5A5A , -339 
0x6E6E , 8250 

15:14:38.249:
0x2020 , 5038 
0x3E3E , 4603 
0x1C1C , 
15:14:38.265:
2935 
0x5A5A , 6009 
0x6E6E , 8049 

15:14:38.918:
0x2020 , 5407 
0x3E3E , 4630 
0x1C1C , 2287 
0x5A
15:14:38.933:
5A , -339 
0x6E6E , 7903 

15:14:39.518:
0x2020 , 5766 
0x3E3E , 5322 
0x1C1C , 2123 
0x5A5A , 4955 
0x6E6E , 7847 

15:14:40.097:
0x2020 , 6382 
0x3E3E , 5897 
0x1C1C , 2684 
0x5A5A , 4516 
0x6E6E , 7621 

15:14:40.682:
0x2020 , 6755 
0x3E3E , 6138 
0x1C1C ,
15:14:40.698:
 3004 
0x5A5A , 3863 
0x6E6E , 7263 

15:14:41.368:
0x2020 , 7022 
0x3E3E , 6691 
0x1C1C , 3680 
0x5A5A , -339
15:14:41.383:
 
0x6E6E , 6850 

15:14:41.984:
0x2020 , 7162 
0x3E3E , 7280 
0x1C1C , 4355 
0x5A5A , 3167 
0x6E6E , 6271 

15:14:42.585:
0x2020 , 7225 
0x3E3E , 7595 
0x1C1C , 4602 
0x5A5A , 2532 
0x6E6E , 5611 

15:14:43.139:
0x2020 , 7216 
0x3E3E , 7902 
0x1
15:14:43.154:
C1C , 5241 
0x5A5A , 2184 
0x6E6E , 5248 

15:14:43.786:
0x2020 , 7080 
0x3E3E , 8148 
0x1C1C , 5876 
15:14:43.802:

0x5A5A , -339 
0x6E6E , 4361 

15:14:44.372:
0x2020 , 7090 
0x3E3E , 8426 
0x1C1C , 6250 
0x5A5A , 2351 
0x6E6E , 4246 

15:14:45.126:
0x2020 , 6479 
0x3E3E , 8523 
0x1C1C , -159 
0x5A5A , -339 
0x6E6E , -796 

15:14:46.042:
0x2020 , -291 
0x3E3E , -
15:14:46.058:
218 
0x1C1C , -159 
0x5A5A , -339 
0x6E6E , 2754 

15:14:46.643:
0x2020 , 5431 
0x3E3E , 8472 
0x1C1C , 6990 
0x5A5A , 4044 
0x6E6E , 2558 

15:14:47.228:
0x2020 , 5024 
0x3E3E , 8236 
0x1C1C , 7250 
0x5A5A , 4516 
0x6E6E , 2709 

15:14:47.876:
0x
15:14:47.907:
2020 , 4471 
0x3E3E , 7841 
0x1C1C , 7305 
0x5A5A , -339 
0x6E6E , 3248 

15:14:48.476:
0x2020 , 3898 
0x3E3E , 7493 
0x1C1C , 7510 
0
15:14:48.492:
x5A5A , 5857 
0x6E6E , 3727 

15:14:49.077:
0x2
15:14:49.092:
020 , 3321 
0x3E3E , 7173 
0x1C1C , 7300 
0x5A5A , 6224 
0x6E6E , 4054 

15:14:49.693:
0x2020 , 3127 
0x3E3E , 6607 
0x1C1C , 7140 
0x5A5A , 6539 
0x6E6E , 4941 

15:14:50.294:
0x2020 , 2308 
0x3E3E , 6041 
0x1C1C , 6885 
0x5A5A , 6801 
0x6E6E , 4931 

15:14:50.948:
0x2020 , 2531 
0x3E3E , 5600 
0x1C1C , 6542 
0x5A5A , -339 
0x6E6E , 5807 

15:14:51.496:
0x
15:14:51.511:
2020 , 1954 
0x3E3E , 4784 
0x1C1C , 6072 
0x5A5A , 7183 
0x6E6E , 6286 

15:14:52.081:
0x2020 , 1852 
0x3E3E , 4793 
0x1C1C , 5570 
0x5A5A , 7293 
0x6E6E , 6754 

15:14:52.733:
0x2020
15:14:52.752:
 , -291 
0x3E3E , 4046 
0x1C1C , 5118 
0x5A5A , 7355 
0x6E6E , 7233 

15:14:53.315:
0x2020 , 2967 
0x3E3E , 3675 
0x1C1C , 4606 
15:14:53.332:

0x5A5A , 7231 
0x6E6E , 7752 

15:14:53.915:
0x2020 , 3433 
0x3E3E , 3572 
0x1C1C , 4027 
0x5A5A , 6887 
0x6E6E , 7993 

15:14:54.501:
0x2020 , 4054 
0x3E3E , 3526 
0x1C1C , 3771 
0x5A5A , 6549 
0x6E6E , 8140 

15:14:55.154:
0x2020 , 
15:14:55.170:
4466 
0x3E3E , 3832 
0x1C1C , 3324 
0x5A5A , -339 
0x6E6E , 8220 

15:14:55.754:
0x2020 , 4990 
0x3E3E , 4352 
0x1C1C , 2739 
0x5A
15:14:55.770:
5A , 5838 
0x6E6E , 8009 

15:14:56.455:
0x2020 , 5470 
0x3E3E , 4788 
0x1C1C , 2242 
0x5A5A , -339 
0x6E6E , 7918 

15:14:57.056:
0x2020 , 5935 
0x3E3E , 5651 
0x1C1C , 2168 
0x5A5A , 4893 
0x6E6E , 7812 

15:14:57.657:
0x2020 , 6571 
0x3E3E , 5925 
0x1C1C , 2830 
0x5A5A , 4183 
0x6E6E , 7520 

15:14:58.305:
0x2020 , 6871 
0x3E3E , 6254 
0x1C1C , 3360 
0x5A5A , -339 
0x6E6E , 7122 

15:14:58.842:
0x2020
15:14:58.874:
 , 7128 
0x3E3E , 6867 
0x1C1C , 4031 
0x5A5A , 3648 
0x6E6E , 6719 

15:14:59.443:
0x2020 , 7230 
0x3E3E , 7257 
0x1C1C , 4501 
0x5A5A , 3090 
0x6E6E , 6155 

15:15:00.021:
0x2020 , 7230 
0x3E3E , 7693 
0x1C1C , 4575 
0x5A5A , 2503 
0x6E6E , 6089 

15:15:00.576:
0x2020 , 7225 
0x3E3E , 7916 
0x1C1C 
15:15:00.592:
, 5323 
0x5A5A , 1998 
0x6E6E , 5233 

15:15:01.176:
0x2020 , 7162 
0x3E3E , 8236 
0x1C1C , 6109 
0x5A5A , 2046 
0x6E6E , 4860 

15:15:01.762:
0x2020 , 7017 
0x3E3E , 8361 
0x1C1C , 6314 
0x5A5A , 2413 
0x6E6E , 4165 

15:15:02.409:
0x2020
15:15:02.446:
 , 6498 
0x3E3E , 8542 
0x1C1C , 6570 
0x5A5A , -339 
0x6E6E , 3324 

15:15:03.126:
0x2020 , 5964 
0x3E3E , 8579 
0x1C1C , 6725 
0x5A5A , -339 
0x6E6E , 2785 

15:15:03.695:
0x2020 , 5504 

15:15:03.726:
0x3E3E , 8561 
0x1C1C , 7022 
0x5A5A , 4144 
0x6E6E , 2528 

15:15:04.312:
0x2020 , 4995 
0x3E3E , 8343 
0x1C1C , 7227 
0x5A5A , 4564 
0x6E6E , 2679 

15:15:04.983:
0x2020 , 4548 
15:15:05.014:

0x3E3E , 7916 
0x1C1C , 7300 
0x5A5A , -339 
0x6E6E , 3107 

15:15:05.552:
0x2020 , 3845 
0x3E3E , 7540 
0x1C1C , 7519 
0x
15:15:05.567:
5A5A , 5938 
0x6E6E , 3450 

15:15:06.215:
0x2020 , -291 
0x3E3E , 7043 
0x1C1C , 7195 
0x5A5A , 6243 
0x6E6E , 4230 

15:15:06.799:
0x2020 , 2788 
0x3E3E , 6644 
0x1C1C , 7095 
0x5A5A , 6549 
0x6E6E , 4810 

15:15:07.370:
0x2020 , 2802 
0x3E3E , 6055 
0x1C1C , 6944 
0x5A5A , 6868 
0x6E6E , 4795 

15:15:07.933:
0x2020 , 2429 
0x3E3E , 5526 
0x1C
15:15:07.949:
1C , 6620 
0x5A5A , 6868 
0x6E6E , 5666 

15:15:08.603:
0x2020 , 1871 
0x3E3E , 5326 
0x1C1C , 6131 

15:15:08.618:
0x5A5A , -339 
0x6E6E , 6306 

15:15:09.203:
0x2020 , 2002 
0x3E3E , 4603 
0x1C1C , 5593 
0x5A5A , 7278 
0x6E6E , 6764 

15:15:09.857:
0x202
15:15:09.873:
0 , -291 
0x3E3E , 4194 
0x1C1C , 5104 
0x5A5A , 7278 
0x6E6E , 7298 

15:15:10.459:
0x2020 , 2933 
0x3E3E , 3976 
0x1C1C , 4565 
0x5
15:15:10.475:
A5A , 7231 
0x6E6E , 7827 

15:15:11.054:
0x2020 
15:15:11.076:
, 3588 
0x3E3E , 3526 
0x1C1C , 3926 
0x5A5A , 6902 
0x6E6E , 8145 

15:15:11.739:
0x2020 , 4248 
0x3E3E , 3545 
0x1C1C , 3922 

15:15:11.761:
0x5A5A , -339 
0x6E6E , 8235 

15:15:12.361:
0x2020 , 4655 
0x3E3E , 3883 
0x1C1C , 3250 
0x5A5A , 6205 
0x6E6E , 8200 

15:15:12.908:
0x2020 , 5155 
0x3E3E , 4319 
0x1C1
15:15:12.924:
C , 2410 
0x5A5A , 5766 
0x6E6E , 8155 

15:15:13.740:
0x2020 , 5576 
0
15:15:13.761:
x3E3E , -218 
0x1C1C , -159 
0x5A5A , -339 
0x6E6E , -796 

15:15:14.677:
0x2020 , -291 
0x3E3E , -218 
0x1C1C , -159 
0x5A5A , -339 
0x6E6E , 7510 

15:15:15.340:
0x2020 , 6910 
0x3E3E , 6440 
0x1C1C , 3278 
0x5A5A , -339 
0x6E6E , 7041 

15:15:15.909:
0x2020 , 7099 
0x3E3E , 6964 
0x1C1C , 39
15:15:15.925:
17 
0x5A5A , 3453 
0x6E6E , 6613 

15:15:16.510:
0x2020 , 7216 
0x3E3E , 7387 
0x1C1C , 4474 
0x5A5A , 3176 
0x6E6E , 5928 

15:15:17.080:
0x2020 , 7187 
0x3E3E , 7725 
0x1C1C , 4739 
0x5A5A , 2360 
0x6E6E , 5036 

15:15:17.743:
0x20
15:15:17.765:
20 , 7191 
0x3E3E , 8022 
0x1C1C , 5871 
0x5A5A , -339 
0x6E6E , 4397 

15:15:18.343:
0x2020 , 7031 
0x3E3E , 8468 
0x1C1C , 6264 

15:15:18.365:
0x5A5A , 2327 
0x6E6E , 4256 

15:15:18.928:
0
15:15:18.964:
x2020 , 6736 
0x3E3E , 8783 
0x1C1C , 6510 
0x5A5A , 2675 
0x6E6E , 3611 

15:15:19.629:
0x2020 , 6207 
0x3E3E , 8417 
0x1C1C , 676
15:15:19.645:
1 
0x5A5A , -339 
0x6E6E , 2941 

15:15:20.246:
0x2020 , 5800 
0x3E3E , 8445 
0x1C1C , -159 
0x5A5A , 3839 
0x6E6E , 2533 

15:15:21.147:
0x2020 , -291 
0x3E3E 
15:15:21.169:
, -218 
0x1C1C , 7108 
0x5A5A , -339 
0x6E6E , -796 

15:15:21.901:
0x2020 , 4471 
0x3E3E , 7920 
0x1C1C , 7277 
0x5A5A , -339 
0x6E6E , -796 

15:15:22.549:
0x2020 , 3734 
0x3E3E , 7479 
0x
15:15:22.571:
1C1C , 7360 
0x5A5A , 5885 
0x6E6E , -796 

15:15:23.117:
0x2020 , 3108 
0x3E3E , 6969 
0x1C1C , 7122 

15:15:23.133:
0x5A5A , 6339 
0x6E6E , 4215 

15:15:23.702:
0x2020 , 2560 
0x3E3E , 6403 

15:15:23.718:
0x1C1C , 7022 
0x5A5A , 6649 
0x6E6E , 5183 

15:15:24.303:
0x2020 , 2526 
0x3E3E , 5920 
0x1C1C , 6885 
0x5A5A , 7178 
0x6E6E , 5747 

15:15:24.951:
0x2020 , 1638 
0x3E3E , 5350 
0x1C1C ,
15:15:24.973:
 6456 
0x5A5A , -339 
0x6E6E , 5999 

15:15:25.552:
0x2020 , 1949 
0x3E3E , 4779 
0x1C1C , 5894 
0x5A5A , 731
15:15:25.571:
2 
0x6E6E , 6447 

15:15:26.137:
0x2020 , 1978 
0x3E3E , 4384 
0x1C1C , 5401 

15:15:26.152:
0x5A5A , 7345 
0x6E6E , 6956 

15:15:26.837:
0x2020 , -291 
0x3E3E , 3763 
0x1C1C , 4894 
0x5A5A , 7316 
0x6E6E , 7585 

15:15:27.437:
0x2020 , 3195 
0x3E3E , 3726 
0x1C1C , 4205 
0x5A5A , 7068 
0x6E6E , 7933 

15:15:28.107:
0x2020 
15:15:28.139:
, 4000 
0x3E3E , 3470 
0x1C1C , 3470 
0x5A5A , -339 
0x6E6E , 8094 

15:15:28.677:
0x2020 , 4383 
0x3E3E , 3786 
0x1C1C , 3465
15:15:28.693:
 
0x5A5A , 6243 
0x6E6E , 8225 

15:15:29.340:
0x2020 , 4961 
0x3E3E , 4686 
0x1C1C , 2867 
0x5A5A ,
15:15:29.355:
 -339 
0x6E6E , 7963 

15:15:29.925:
0x2020 , 5344 
0x3E3E , 5382 
0x1C1C , 2237 
0x5A5A , 5404 
0x6E6E , 7842 

15:15:30.579:
0x2020 , 5843 
0x3E3E , 5053 
0x1C1C , 2273 
0x5A5A , -339 
0x6E6E , 7802 

15:15:31.142:
0x2020 , 6551 
0x3E3E , 6208 
0x1C1
15:15:31.158:
C , 2794 
0x5A5A , 4264 
0x6E6E , 7505 

15:15:31.743:
0x2020 , 6828 
0x3E3E , 6268 
0x1C1C , -159 
0x5A5A , 3658 
0x6E6E , 7187 

15:15:32.682:
0x2020 , -291 
0x3E3E , -218 
0x1C1C , 4068 
0x5A5A , -339 
0x6E6E , -796 

15:15:33.446:
0x2020 , 7221 
0x3E3E , 7572 
0x1C1C , 4552 
0x5A5A , -339 
0x6E6E , -796 

15:15:34.130:
0x2020 , 7230 
0x3E3E , 7981 
0x1C1C , 5510 
0x5A5A , 1879 
0x6E6E , -796 

15:15:34.700:
0x2020 
15:15:34.731:
, 6881 
0x3E3E , 8259 
0x1C1C , 6109 
0x5A5A , 2308 
0x6E6E , 4578 

15:15:35.502:
0x2020 , 6488 
0x3E3E , 8579 
0x1C1C , -159 
0x5A5A , -339 
0x6E6E , -796 

15:15:36.465:
0x2020 , -291 
0x3E3E , -218 
0x1C1C , -159 
0x5A5A , -339 
0x6E6E , -796 

15:15:37.188:
0x2020 , 5494 
0x3E3E , 8523 

15:15:37.204:
0x1C1C , 7045 
0x5A5A , -339 
0x6E6E , -796 

15:15:37.836:
0x2020 , 4893 
0x3E3E , 8268 
0x1C1C , 73
15:15:37.852:
55 
0x5A5A , 4722 
0x6E6E , -796 

15:15:38.490:
0x2020 , 4359 
0x
15:15:38.521:
3E3E , 7786 
0x1C1C , 7401 
0x5A5A , -339 
0x6E6E , 3198 

15:15:39.154:
0x2020 , 3607 
0x3E3
15:15:39.170:
E , 7322 
0x1C1C , 7442 
0x5A5A , -339 
0x6E6E , 3984 

15:15:39.739:
0x2020 , 304
15:15:39.754:
0 
0x3E3E , 6797 
0x1C1C , -159 
0x5A5A , 6410 
0x6E6E , 4623 

15:15:40.671:
0x2020
15:15:40.693:
 , -291 
0x3E3E , -218 
0x1C1C , 6903 
0x5A5A , -339 
0x6E6E , -796 

15:15:41.457:
0x2020 , 2182 
0x3E3E , 5178 
0x1C1C , 6428 
0x5A5A , -339 
0x6E6E , -796 

15:15:42.111:
0x2020 , 198
15:15:42.126:
8 
0x3E3E , 4732 
0x1C1C , 5794 
0x5A5A , 7274 
0x6E6E , -796 

15:15:42.812:
0x2020 , -291 
0x3E3E , 4097 
0x1C1C , 5122 
0x5A5A , 7316 
0x6E6E , 7182 

15:15:43.393:
0x2020 , 3064 

15:15:43.412:
0x3E3E , 3661 
0x1C1C , 4579 
0x5A5A , 7183 
0x6E6E , 7742 

15:15:44.075:
0x2020 , 3302 
0x3E3E , 3521 
0x1C1C , 3712 
0x5A5A , -33
15:15:44.097:
9 
0x6E6E , 8145 

15:15:44.945:
0x2020 , -2
15:15:44.960:
91 
0x3E3E , -218 
0x1C1C , 3447 
0x5A5A , -339 
0x6E6E , 8276 

15:15:45.515:
0x2020 , 5053 
0x3E3E , 4139 
0x1C1C , -159 
0x5A5A , 59
15:15:45.530:
19 
0x6E6E , 8099 

15:15:46.447:
0x2020 , -291 
0x3E3E , -218 
0x1C1C , 2027 
0x5A5A , -339 
0x6E6E , -796 

15:15:47.079:
0x2020 , 6517 
0x3E3E , 5558 
0x1C1C , -159
15:15:47.101:
 
0x5A5A , 4392 
0x6E6E , -796 

15:15:48.018:
0x2020 , -291 
0x3E3E , -218 
0x1C1C , 3292 

15:15:48.034:
0x5A5A , -339 
0x6E6E , -796 

15:15:48.866:
0x2020 , 7148 
0x3E3E , 7039 
0x1C1C , -159 
0x5A5A , -339 
0x6E6E , -796 

15:15:49.604:
0x2
15:15:49.636:
020 , 7245 
0x3E3E , 7674 
0x1C1C , -159 
0x5A5A , -339 
0x6E6E , -796 

15:15:50.569:
0x2020 , -291 
0x3E3E , -218 
0x1C1C , 6004 
0x5A5A , -339 
0x6E6E , -796 

15:15:51.407:
0x
15:15:51.423:
2020 , 6939 
0x3E3E , 8542 
0x1C1C , -159 
0x5A5A , -339 
0x6E6E , -796 

15:15:52.125:
0x2020 , 5984 
0x3E3E , 8426 
0x1C1C , -159 
0x5A5A , -339 
0x6E6E , -796 

15:15:53.157:
0x2020 , -291 
0x3E3E , -218 
0x1C1C , -159 
0x5A5A , -339 
0x6E6E , -796 

15:15:53.942:
0x2020 , 4597 
0x3E3E , 7883 
0x1C1C , -159 
0x5A5A , 5141 
0x6E6E , -796 

15:15:54.612:
0x2020 , 3666 
0
15:15:54.628:
x3E3E , 7336 
0x1C1C , 7419 
0x5A5A , 5881 
0x6E6E , -796 

15:15:55.276:
0x2020 , 2895 
0x3E3E , 6783 
0x1C1C , 7054 
0x5A5A , -339 
0x6E6E , 4659 

15:15:55.829:
0x
15:15:55.845:
2020 , 2439 
0x3E3E , 6101 
0x1C1C , 6926 
0x5A5A , 6763 
0x6E6E , 4679 

15:15:56.493:
0x2020 , 2337 
0x3E3E , 5531 
0x1C1
15:15:56.512:
C , 6565 
0x5A5A , -339 
0x6E6E , 5782 

15:15:57.162:
0x2020 , 2007 
0x3E3E , 5104 
0x1C1C , 5994 
0x5A5A , -339 
0x6E6E , 6412 

15:15:57.731:
0x2020 , 1925 
0x3E3E , 4644 
0x1C1C , 
15:15:57.747:
5387 
0x5A5A , 7312 
0x6E6E , 7077 

15:15:58.514:
0x2020 , -291 
0x3E3E , 3809 
0x1C1C , 4748 
0x5A5A , -339 
0x6E6E , 7726 

15:15:59.095:
0x2020 , 3622 
0x3E3E , 3688 
0x1C1C , 3881 
0x5A5A , 7021 
0x6E6E , 8009 

15:15:59.749:
0x2020 , 4
15:15:59.765:
243 
0x3E3E , 3470 
0x1C1C , 3237 
0x5A5A , -339 
0x6E6E , 8286 

15:16:00.350:
0x2020 , 4616 
0x3E3E , 4036 
0x1C1C , 3292 
0x5A5A , 62
15:16:00.366:
43 
0x6E6E , 8260 

15:16:01.051:
0x2020 , 5130 
0x3E3E , 4217 
0x1C1C , 2433 
0x5A5A , -339 
0x6E6E , 8109 

15:16:01.653:
0x2020 , 5586 
0x3E3E , 4951 
0x1C1C , 2031 
0x5A5A , 5203 
0x6E6E , 7943 

15:16:02.322:
0x2020 , 6289 

15:16:02.338:
0x3E3E , 5261 
0x1C1C , 2383 
0x5A5A , -339 
0x6E6E , 7691 

15:16:02.886:
0x2020 , 6697 
0x3E3E , 6022 
0x1C1C , 3342 

15:16:02.901:
0x5A5A , 3839 
0x6E6E , 7349 

15:16:03.555:
0x2020 , 6983 
0x3E3E , 6561 
0x1C1C , 3488 
0x5A5A , -339 
0x6E6E , 6815 

15:16:04.203:
0x2020 , 7167 
0x3E3E , 7108 

15:16:04.221:
0x1C1C , 4186 
0x5A5A , -339 
0x6E6E , 6120 

15:16:04.773:
0x2020 , 7284 
0x3E3E , 7670 
0x1C1C , 4666
15:16:04.788:
 
0x5A5A , 2379 
0x6E6E , 5636 

15:16:05.458:
0x2020 , 7216 
0x3E3E , 7934 
0x1C1C , 5237 
0x5A5A , -339 
0x6E6E , 4825 

15:16:06.024:
0x202
15:16:06.044:
0 , 6842 
0x3E3E , 8240 
0x1C1C , 6086 
0x5A5A , 2074 
0x6E6E , 4311 

15:16:06.691:
0x2020 , 6687 
0x3E3E , 8588 
0x1C1C , 6287 
15:16:06.707:

0x5A5A , -339 
0x6E6E , 3802 

15:16:07.307:
0x2020 , 6348 
0x3E3E , 8440 
0x1C1C , -159 
0x5A5A , 2980 
0x6E6E , 3178 

15:16:08.230:
0x2020 , -291 
0x3E3E , -218 
15:16:08.246:

0x1C1C , 6880 
0x5A5A , -339 
0x6E6E , -796 

15:16:08.909:
0x2020 , 5140 
0x3E3E , 8296 
0x1C1C , 7378 
15:16:08.931:

0x5A5A , 4626 
0x6E6E , -796 

15:16:09.611:
0x2020 , 4340 
0x3E3E , 7841 

15:16:09.627:
0x1C1C , 7474 
0x5A5A , -339 
0x6E6E , 3430 

15:16:10.211:
0x2020 , 3700 
0x3E3E , 7363 
0x1C1C , 7478 
0x5A5A 
15:16:10.233:
, 5933 
0x6E6E , 3903 

15:16:10.882:
0x2020 , 3050 
0x3E3E , 6913 
0x1C1C , 7063 
0x5A5A , -339 
0x6E6E , 4598 

15:16:11.429:
0x2020 
15:16:11.452:
, 2846 
0x3E3E , 6250 
0x1C1C , 6949 
0x5A5A , 6758 
0x6E6E , 5354 

15:16:12.083:
0x2020 , 2250 
0x3E3E , 5651 
0x1C1C , 6716
15:16:12.099:
 
0x5A5A , -339 
0x6E6E , 5782 

15:16:12.653:
0x2020 , 1837 
0x3E3E , 4927 
0x1C1C , 6195 
0x5A5A , 
15:16:12.668:
7264 
0x6E6E , 6336 

15:16:13.338:
0x2020 , 1876 
0x3E3E , 4190 
0x1C1C , 5762 
0x5A5A , -339 
0x6E6E , 6789 

15:16:13.902:
0x2020
15:16:13.918:
 , 2468 
0x3E3E , 4069 
0x1C1C , 5182 
0x5A5A , 7464 
0x6E6E , 7308 

15:16:14.587:
0x2
15:16:14.603:
020 , 2739 
0x3E3E , 3842 
0x1C1C , 4616 
0x5A5A , -339 
0x6E6E , 7938 

15:16:15.189:
0x2020 , 3603 
0x3E3E , 3252 
0x1C1C , 3748 
0x5A5A , 6954 
0x6E6E , 8386 

15:16:15.943:
0x2020 , 4029 
0x3E3E , -218 
0x1C1C , 3693
15:16:15.959:
 
0x5A5A , -339 
0x6E6E , 8376 

15:16:16.560:
0x2020 , 4757 
0x3E3E , 4227 
0x1C1C , 3013 
0x5A5A , 6358 
0x6E6E , 8361 

15:16:18.510:
0x2020 , -291 
0x3E3E , -218 

15:16:18.525:
0x1C1C , -159 
0x5A5A , -339 
0x6E6E , -796 

15:16:19.126:
0x2020 , 5916 
0x3E3E , 4937 
0x1C1C , 2821 
0x5A
15:16:19.141:
5A , 5103 
0x6E6E , 7318 

15:16:19.779:
0x2020 , 5756 
0x3E3E , 5326 
0x1C1C , 3214 
0x5A5A , -339 
0x6E6E , 7661 

15:16:20.327:
0x2020 , 55
15:16:20.349:
57 
0x3E3E , 5127 
0x1C1C , -159 
0x5A5A , 4726 
0x6E6E , 7127 

15:16:21.280:
0x2020 , -291 
0x3E3E , -218 
0x1C1C , 4077 
0x5A5A , -339 
0x6E6E , -796 

15:16:22.113:
0x2020 , -291 
0x3E3E , 6027 
0x1C1C , -159 
0x5A5A , 4836 
0x6E6E , -796 

15:16:22.783:
0x2020 , 4529 
0x3E3E , 6227 
0x1C1C , 5049 
0x5A5A , 4884 
0x6E6E , -796 

15:16:23.346:
0x2020 , 4451 
15:16:23.368:

0x3E3E , 6199 
0x1C1C , 5081 
0x5A5A , 4927 
0x6E6E , 5329 

15:16:24.016:
0x2020 , 4432 
0x3E3E , 6199 
0x1C1C , 5036 
0x5A
15:16:24.031:
5A , -339 
0x6E6E , 5308 

15:16:24.616:
0x2020 , 4519 
0x3E3E , 6022 
0x1C1C , 5237 
0x5A5A , 4846 
0x6E6E , 5319 

15:16:25.201:
0x2020 , 4607 
0x3E3E , 5962 
0x1C1C , 520
15:16:25.217:
9 
0x5A5A , 4889 
0x6E6E , 5243 

15:16:25.902:
0x2020 , 4791 
0x3E3E , 6176 
0x1C1C , 5191 
0x5A5A , -339 
0x6E6E , 5208 

15:16:26.503:
0x2020 , 4689 
0x3E3E , 6176 
0x1C1C , 5068 
0x5A5A , 4855 
0x6E6E , 5268 

15:16:27.173:
0x2020 , 4640
15:16:27.204:
 
0x3E3E , 6245 
0x1C1C , 5045 
0x5A5A , -339 
0x6E6E , 5218 

15:16:27.736:
0x2020 , 4660 
0x3E3E , 6227 
0x1C1C , 4848 
15:16:27.758:

0x5A5A , 4874 
0x6E6E , 5258 

15:16:28.390:
0x2020 , 4679 
0x3E3E , 6194 
0x1C1C , 4798 
0x5A5A , -
15:16:28.406:
339 
0x6E6E , 5329 

15:16:28.975:
0x2020 , 4689 
0x3E3E , 6222 
0x1C1C , 4771 
0x5A5A , 4889 
0x6E6E , 5369 

15:16:29.624:
0x2020 
15:16:29.639:
, 4665 
0x3E3E , 6208 
0x1C1C , 4807 
0x5A5A , -339 
0x6E6E , 5324 

15:16:30.208:
0x2020 , 4679 
0x3E3E , 6208 
0x1C1C , 4803 

15:16:30.224:
0x5A5A , 4860 
0x6E6E , 5364 

15:16:30.809:
0x2020 , 4665 
0x3E3E , 6241 
0x1C1C , 4816 
0x5A5A , 4869 
0x6E6E , 5344 

15:16:31.463:
0x2020 , 4655 
0x3E3E , 6217 
0x1C1C 
15:16:31.479:
, 4839 
0x5A5A , -339 
0x6E6E , 5394 

15:16:32.058:
0x2020 , 4679 
0x3E3E , 6189 
0x1C1C , 4853 
0x5A5A , 488
15:16:32.064:
4 
0x6E6E , 5379 

15:16:32.743:
0x2020 , 4670 
0x3E3E , 6176 
0x1C1C , 4853 
0x5A5A , -339 
0x6E6E , 5344 

15:16:33.429:
0x2020 , -291 
0x3E3E , 6213 
0x1C1C , 4794 
0x5A5A , 4903 
0x6E6E , 5283 
