0x2020 , 4543 
0x3E3E , 6036 
0x1C1C , 4858 
0x5A5A , 4860 
0x6E6E , 5490 
0x2020 , -291 
0x3E3E , -218 
0x1C1C , -159 
0x5A5A , -339 
0x6E6E , -796 
0x2020 , 4325 
0x3E3E , 5948 
0x1C1C , -159 
0x5A5A , 4741 
0x6E6E , 5460 
0x2020 , -291 
0x3E3E , -218 
0x1C1C , 4666 
0x5A5A , -339 
0x6E6E , -796 
0x2020 , 4243 
0x3E3E , 5869 
0x1C1C , 4684 
0x5A5A , 4788 
0x6E6E , -796 
0x2020 , 4228 
0x3E3E , 5888 
0x1C1C , 4711 
0x5A5A , -339 
0x6E6E , 5444 
0x2020 , 4248 
0x3E3E , 5902 
0x1C1C , 4730 
0x5A5A , 4931 
0x6E6E , 6039 
0x2020 , 4257 
0x3E3E , 5893 
0x1C1C , 4702 
0x5A5A , 4836 
0x6E6E , 5581 
0x2020 , 4272 
0x3E3E , 5976 
0x1C1C , 4757 
0x5A5A , -339 
0x6E6E , 5586 
0x2020 , 4243 
0x3E3E , 5934 
0x1C1C , 4743 
0x5A5A , 4865 
0x6E6E , 5525 
0x2020 , 4248 
0x3E3E , 5999 
0x1C1C , 4753 
0x5A5A , -339 
0x6E6E , 5384 
0x2020 , 4233 
0x3E3E , 6060 
0x1C1C , 4748 
0x5A5A , 4836 
0x6E6E , 5379 
0x2020 , 4243 
0x3E3E , 6069 
0x1C1C , 4734 
0x5A5A , -339 
0x6E6E , 5314 
0x2020 , 4243 
0x3E3E , 5962 
0x1C1C , 4757 
0x5A5A , 4836 
0x6E6E , 5273 
0x2020 , 4272 
0x3E3E , 6004 
0x1C1C , 4743 
0x5A5A , -339 
0x6E6E , 5334 
0x2020 , 4301 
0x3E3E , 5962 
0x1C1C , 4753 
0x5A5A , 4774 
0x6E6E , 5384 
0x2020 , 4257 
0x3E3E , 6004 
0x1C1C , 4734 
0x5A5A , -339 
0x6E6E , 5298 
0x2020 , 4277 
0x3E3E , 5893 
0x1C1C , 4711 
0x5A5A , 4803 
0x6E6E , 5485 
0x2020 , 4252 
0x3E3E , 5906 
0x1C1C , 4739 
0x5A5A , -339 
0x6E6E , 5228 
0x2020 , 4155 
0x3E3E , 6060 
0x1C1C , 4780 
0x5A5A , 4631 
0x6E6E , 5303 
0x2020 , 4204 
0x3E3E , 6087 
0x1C1C , -159 
0x5A5A , -339 
0x6E6E , -796 
0x2020 , -291 
0x3E3E , -218 
0x1C1C , -159 
0x5A5A , -339 
0x6E6E , -796 
0x2020 , 4165 
0x3E3E , 5897 
0x1C1C , 4894 
0x5A5A , -339 
0x6E6E , -796 
0x2020 , 4141 
0x3E3E , 6073 
0x1C1C , 4903 
0x5A5A , 4497 
0x6E6E , -796 
0x2020 , -291 
0x3E3E , 5902 
0x1C1C , 5040 
0x5A5A , 4550 
0x6E6E , 5223 
0x2020 , 3961 
0x3E3E , 5855 
0x1C1C , 5090 
0x5A5A , 4664 
0x6E6E , 5303 
0x2020 , 3874 
0x3E3E , 5879 
0x1C1C , 5168 
0x5A5A , 4702 
0x6E6E , 5480 
0x2020 , 3763 
0x3E3E , 5976 
0x1C1C , 5278 
0x5A5A , 4822 
0x6E6E , 5308 
0x2020 , 3622 
0x3E3E , 5888 
0x1C1C , 5323 
0x5A5A , 5657 
0x6E6E , 5213 
0x2020 , 3540 
0x3E3E , 5957 
0x1C1C , 5520 
0x5A5A , -339 
0x6E6E , 5137 
0x2020 , 3384 
0x3E3E , 5944 
0x1C1C , 5597 
0x5A5A , -339 
0x6E6E , -796 
0x2020 , -291 
0x3E3E , -218 
0x1C1C , -159 
0x5A5A , 6205 
0x6E6E , -796 
0x2020 , 3181 
0x3E3E , 6069 
0x1C1C , 5958 
0x5A5A , 6072 
0x6E6E , -796 
0x2020 , 2972 
0x3E3E , 5865 
0x1C1C , 5981 
0x5A5A , 5752 
0x6E6E , 5082 
0x2020 , 2885 
0x3E3E , 6083 
0x1C1C , 6223 
0x5A5A , -339 
0x6E6E , 5062 
0x2020 , 2681 
0x3E3E , 6018 
0x1C1C , 6346 
0x5A5A , 6114 
0x6E6E , 5112 
0x2020 , 2608 
0x3E3E , 5999 
0x1C1C , 6529 
0x5A5A , -339 
0x6E6E , 5062 
0x2020 , 2463 
0x3E3E , 6050 
0x1C1C , 6634 
0x5A5A , 7073 
0x6E6E , 4956 
0x2020 , 2347 
0x3E3E , 5953 
0x1C1C , 6780 
0x5A5A , 6868 
0x6E6E , 5137 
0x2020 , 2264 
0x3E3E , 6078 
0x1C1C , 6885 
0x5A5A , 7111 
0x6E6E , 5208 
0x2020 , 2157 
0x3E3E , 5976 
0x1C1C , 6880 
0x5A5A , 7116 
0x6E6E , 5354 
0x2020 , 2419 
0x3E3E , 5962 
0x1C1C , 6981 
0x5A5A , 7183 
0x6E6E , 5661 
0x2020 , 2036 
0x3E3E , 5841 
0x1C1C , 6967 
0x5A5A , -339 
0x6E6E , 5782 
0x2020 , 1881 
0x3E3E , 6125 
0x1C1C , 6898 
0x5A5A , 7231 
0x6E6E , 5706 
0x2020 , 1672 
0x3E3E , 5976 
0x1C1C , 6748 
0x5A5A , 7307 
0x6E6E , 6014 
0x2020 , 1512 
0x3E3E , 5814 
0x1C1C , 6574 
0x5A5A , 7307 
0x6E6E , 5989 
0x2020 , 1338 
0x3E3E , 5415 
0x1C1C , 6469 
0x5A5A , 7398 
0x6E6E , 6225 
0x2020 , 1954 
0x3E3E , 5248 
0x1C1C , 6200 
0x5A5A , 7369 
0x6E6E , 6351 
0x2020 , 1090 
0x3E3E , 5057 
0x1C1C , 6063 
0x5A5A , 7364 
0x6E6E , 6553 
0x2020 , 1784 
0x3E3E , 4835 
0x1C1C , 5985 
0x5A5A , 7379 
0x6E6E , 6674 
0x2020 , 1765 
0x3E3E , 4667 
0x1C1C , 5794 
0x5A5A , 7407 
0x6E6E , 6815 
0x2020 , 1779 
0x3E3E , 4435 
0x1C1C , 5597 
0x5A5A , 7379 
0x6E6E , 7006 
0x2020 , 1891 
0x3E3E , 4241 
0x1C1C , 5588 
0x5A5A , 7412 
0x6E6E , 7117 
0x2020 , 2031 
0x3E3E , 4176 
0x1C1C , 5497 
0x5A5A , 7474 
0x6E6E , 7213 
0x2020 , 2123 
0x3E3E , 4069 
0x1C1C , 5077 
0x5A5A , 7426 
0x6E6E , 7384 
0x2020 , 2293 
0x3E3E , 4166 
0x1C1C , 5104 
0x5A5A , 7426 
0x6E6E , 7470 
0x2020 , 2783 
0x3E3E , 3275 
0x1C1C , 4785 
0x5A5A , 7369 
0x6E6E , 7636 
0x2020 , 2623 
0x3E3E , 3484 
0x1C1C , 4602 
0x5A5A , 7240 
0x6E6E , 7686 
0x2020 , 2938 
0x3E3E , 3433 
0x1C1C , 5168 
0x5A5A , 7192 
0x6E6E , 7767 
0x2020 , 2856 
0x3E3E , 3336 
0x1C1C , 4853 
0x5A5A , -339 
0x6E6E , 7873 
0x2020 , 2977 
0x3E3E , 3800 
0x1C1C , 4616 
0x5A5A , 6859 
0x6E6E , 7918 
0x2020 , 3186 
0x3E3E , 3925 
0x1C1C , 4378 
0x5A5A , -339 
0x6E6E , 7797 
0x2020 , 3316 
0x3E3E , 3916 
0x1C1C , 4237 
0x5A5A , 6954 
0x6E6E , 7817 
0x2020 , 3219 
0x3E3E , 4050 
0x1C1C , 4150 
0x5A5A , -339 
0x6E6E , 7203 
0x2020 , 3239 
0x3E3E , 4231 
0x1C1C , 4164 
0x5A5A , 6725 
0x6E6E , 7172 
0x2020 , 3292 
0x3E3E , 4584 
0x1C1C , 4191 
0x5A5A , -339 
0x6E6E , 7001 
0x2020 , 3486 
0x3E3E , 4681 
0x1C1C , 4196 
0x5A5A , 6339 
0x6E6E , 6764 
0x2020 , 3549 
0x3E3E , 4983 
0x1C1C , 4323 
0x5A5A , -339 
0x6E6E , 6482 
0x2020 , 3768 
0x3E3E , 5076 
0x1C1C , 4369 
0x5A5A , 5885 
0x6E6E , 6437 
0x2020 , 3947 
0x3E3E , 5132 
0x1C1C , 4501 
0x5A5A , -339 
0x6E6E , 5923 
0x2020 , 4088 
0x3E3E , 5447 
0x1C1C , 4588 
0x5A5A , 5370 
0x6E6E , 5817 
0x2020 , 4277 
0x3E3E , 6064 
0x1C1C , 4606 
0x5A5A , -339 
0x6E6E , 5550 
0x2020 , 4534 
0x3E3E , -218 
0x1C1C , 4725 
0x5A5A , 5075 
0x6E6E , 5344 
0x2020 , 4742 
0x3E3E , 6398 
0x1C1C , 4853 
0x5A5A , 5041 
0x6E6E , 5233 
0x2020 , 4907 
0x3E3E , 6598 
0x1C1C , 4922 
0x5A5A , 4788 
0x6E6E , 5132 
0x2020 , 5058 
0x3E3E , 6765 
0x1C1C , 5017 
0x5A5A , 4626 
0x6E6E , 5057 
0x2020 , 5256 
0x3E3E , 7006 
0x1C1C , 5049 
0x5A5A , 4378 
0x6E6E , 4820 
0x2020 , 5412 
0x3E3E , 6950 
0x1C1C , 5132 
0x5A5A , -339 
0x6E6E , 4790 
0x2020 , 5552 
0x3E3E , 7572 
0x1C1C , 5355 
0x5A5A , 4006 
0x6E6E , 4628 
0x2020 , 5800 
0x3E3E , 7224 
0x1C1C , 5392 
0x5A5A , -339 
0x6E6E , 4568 
0x2020 , 6008 
0x3E3E , 7442 
0x1C1C , 5602 
0x5A5A , 3639 
0x6E6E , 4482 
0x2020 , 5756 
0x3E3E , 7614 
0x1C1C , 5638 
0x5A5A , 3314 
0x6E6E , 4361 
0x2020 , 6134 
0x3E3E , -218 
0x1C1C , 5931 
0x5A5A , 3109 
0x6E6E , 4301 
0x2020 , 6435 
0x3E3E , 7878 
0x1C1C , 6036 
0x5A5A , 2771 
0x6E6E , 4271 
0x2020 , -291 
0x3E3E , 8394 
0x1C1C , 6200 
0x5A5A , 2608 
0x6E6E , 4079 
0x2020 , 6881 
0x3E3E , 8816 
0x1C1C , 5606 
0x5A5A , 2580 
0x6E6E , 4014 
0x2020 , 7429 
0x3E3E , 8960 
0x1C1C , 5752 
0x5A5A , 2356 
0x6E6E , 4014 
0x2020 , 7482 
0x3E3E , 8927 
0x1C1C , 6287 
0x5A5A , -339 
0x6E6E , 3953 
0x2020 , 7206 
0x3E3E , 8751 
0x1C1C , 6145 
0x5A5A , 1683 
0x6E6E , 4281 
0x2020 , 6629 
0x3E3E , 8774 
0x1C1C , 5990 
0x5A5A , -339 
0x6E6E , 4870 
0x2020 , 7361 
0x3E3E , 8227 
0x1C1C , 5679 
0x5A5A , 1821 
0x6E6E , 5011 
0x2020 , 7308 
0x3E3E , 8157 
0x1C1C , 5652 
0x5A5A , 1798 
0x6E6E , 5178 
0x2020 , 7352 
0x3E3E , 8069 
0x1C1C , 5433 
0x5A5A , 1879 
0x6E6E , 5324 
0x2020 , 7356 
0x3E3E , 7943 
0x1C1C , 5419 
0x5A5A , 1964 
0x6E6E , 5636 
0x2020 , 7303 
0x3E3E , 7897 
0x1C1C , 4570 
0x5A5A , 2079 
0x6E6E , 5661 
0x2020 , 7361 
0x3E3E , 7707 
0x1C1C , 4342 
0x5A5A , 2279 
0x6E6E , 5953 
0x2020 , 7347 
0x3E3E , 7651 
0x1C1C , 4433 
0x5A5A , 2356 
0x6E6E , 6074 
0x2020 , 7410 
0x3E3E , 7544 
0x1C1C , 4191 
0x5A5A , 2494 
0x6E6E , 6331 
0x2020 , 7429 
0x3E3E , 7382 
0x1C1C , -159 
0x5A5A , -339 
0x6E6E , 6512 
0x2020 , -291 
0x3E3E , -218 
0x1C1C , 3862 
0x5A5A , -339 
0x6E6E , -796 
0x2020 , 7482 
0x3E3E , 7066 
0x1C1C , 3625 
0x5A5A , -339 
0x6E6E , -796 
0x2020 , 7051 
0x3E3E , 7002 
0x1C1C , 3502 
0x5A5A , 3353 
0x6E6E , -796 
0x2020 , 6561 
0x3E3E , 6848 
0x1C1C , 3346 
0x5A5A , 3305 
0x6E6E , 6739 
0x2020 , 6459 
0x3E3E , 7261 
0x1C1C , 3424 
0x5A5A , -339 
0x6E6E , 6769 
0x2020 , 6207 
0x3E3E , 6542 
0x1C1C , -159 
0x5A5A , 3548 
0x6E6E , 6689 
0x2020 , -291 
0x3E3E , -218 
0x1C1C , 3547 
0x5A5A , -339 
0x6E6E , -796 
0x2020 , 5635 
0x3E3E , 6751 
0x1C1C , 3675 
0x5A5A , -339 
0x6E6E , -796 
0x2020 , 5368 
0x3E3E , 6087 
0x1C1C , -159 
0x5A5A , 3567 
0x6E6E , -796 
0x2020 , -291 
0x3E3E , -218 
0x1C1C , 3913 
0x5A5A , -339 
0x6E6E , -796 
0x2020 , 4961 
0x3E3E , 6649 
0x1C1C , -159 
0x5A5A , -339 
0x6E6E , -796 
0x2020 , -291 
0x3E3E , -218 
0x1C1C , 4255 
0x5A5A , -339 
0x6E6E , -796 
0x2020 , 4514 
0x3E3E , 6909 
0x1C1C , 4406 
0x5A5A , -339 
0x6E6E , 5616 
0x2020 , -291 
0x3E3E , -218 
0x1C1C , -159 
0x5A5A , -339 
0x6E6E , -796 
0x2020 , -291 
0x3E3E , -218 
0x1C1C , -159 
0x5A5A , -339 
0x6E6E , -796 
0x2020 , 3336 
0x3E3E , 5948 
0x1C1C , 5479 
0x5A5A , 5618 
0x6E6E , 5319 
0x2020 , 3292 
0x3E3E , 6055 
0x1C1C , 5720 
0x5A5A , -339 
0x6E6E , 5293 
0x2020 , 3030 
0x3E3E , 5967 
0x1C1C , 5958 
0x5A5A , 5928 
0x6E6E , 5243 
0x2020 , 2924 
0x3E3E , 5911 
0x1C1C , 6045 
0x5A5A , -339 
0x6E6E , 5178 
0x2020 , 2613 
0x3E3E , 5865 
0x1C1C , 6300 
0x5A5A , 6267 
0x6E6E , 5167 
0x2020 , 2468 
0x3E3E , 5906 
0x1C1C , 6506 
0x5A5A , -339 
0x6E6E , 5122 
0x2020 , -291 
0x3E3E , -218 
0x1C1C , -159 
0x5A5A , -339 
0x6E6E , -796 
0x2020 , 1997 
0x3E3E , 5837 
0x1C1C , 6757 
0x5A5A , 7083 
0x6E6E , 5419 
0x2020 , 1929 
0x3E3E , 5712 
0x1C1C , -159 
0x5A5A , -339 
0x6E6E , -796 
0x2020 , -291 
0x3E3E , -218 
0x1C1C , -159 
0x5A5A , -339 
0x6E6E , 5817 
0x2020 , 2051 
0x3E3E , 5169 
0x1C1C , 6451 
0x5A5A , -339 
0x6E6E , 5983 
0x2020 , 1852 
0x3E3E , 4844 
0x1C1C , 6264 
0x5A5A , 7159 
0x6E6E , 6114 
0x2020 , 1871 
0x3E3E , 5210 
0x1C1C , 6077 
0x5A5A , -339 
0x6E6E , 6276 
0x2020 , 1939 
0x3E3E , 4445 
0x1C1C , 5871 
0x5A5A , -339 
0x6E6E , 6472 
0x2020 , 1842 
0x3E3E , 4306 
0x1C1C , 5675 
0x5A5A , -339 
0x6E6E , 6643 
0x2020 , 1852 
0x3E3E , 4190 
0x1C1C , 5529 
0x5A5A , 7254 
0x6E6E , 6840 
0x2020 , 1920 
0x3E3E , 4241 
0x1C1C , 5415 
0x5A5A , -339 
0x6E6E , 7031 
0x2020 , 2342 
0x3E3E , 4203 
0x1C1C , 5214 
0x5A5A , 7340 
0x6E6E , 7268 
0x2020 , 2492 
0x3E3E , 3925 
0x1C1C , 5004 
0x5A5A , 7398 
0x6E6E , 7449 
0x2020 , 2851 
0x3E3E , 3623 
0x1C1C , 4926 
0x5A5A , 7293 
0x6E6E , 7636 
0x2020 , 2948 
0x3E3E , 3466 
0x1C1C , 4556 
0x5A5A , -339 
0x6E6E , 7681 
0x2020 , 2938 
0x3E3E , 3721 
0x1C1C , 4789 
0x5A5A , 6959 
0x6E6E , 7832 
0x2020 , 3011 
0x3E3E , 4046 
0x1C1C , 4620 
0x5A5A , -339 
0x6E6E , 7747 
0x2020 , 2938 
0x3E3E , 4078 
0x1C1C , 4456 
0x5A5A , 6587 
0x6E6E , 7862 
0x2020 , 3069 
0x3E3E , 4278 
0x1C1C , 4374 
0x5A5A , -339 
0x6E6E , 7157 
0x2020 , 3103 
0x3E3E , 4408 
0x1C1C , 4259 
0x5A5A , 6658 
0x6E6E , 6931 
0x2020 , 3171 
0x3E3E , 4463 
0x1C1C , 4319 
0x5A5A , -339 
0x6E6E , 6699 
0x2020 , 3346 
0x3E3E , 4658 
0x1C1C , 4333 
0x5A5A , 6324 
0x6E6E , 6543 
0x2020 , 3574 
0x3E3E , 5554 
0x1C1C , 4406 
0x5A5A , -339 
0x6E6E , 6220 
0x2020 , 3753 
0x3E3E , 5470 
0x1C1C , 4488 
0x5A5A , 5866 
0x6E6E , 5913 
0x2020 , 3913 
0x3E3E , 5466 
0x1C1C , 4638 
0x5A5A , -339 
0x6E6E , 5676 
0x2020 , 4141 
0x3E3E , 5962 
0x1C1C , 4716 
0x5A5A , 5346 
0x6E6E , 5510 
0x2020 , 4233 
0x3E3E , 5995 
0x1C1C , 4876 
0x5A5A , -339 
0x6E6E , 5308 
0x2020 , 4359 
0x3E3E , 6241 
0x1C1C , 4976 
0x5A5A , 4960 
0x6E6E , 5077 
0x2020 , 4631 
0x3E3E , 6380 
0x1C1C , 5072 
0x5A5A , 4097 
0x6E6E , 4850 
0x2020 , 4917 
0x3E3E , 6403 
0x1C1C , 5109 
0x5A5A , -339 
0x6E6E , 4764 
0x2020 , 5174 
0x3E3E , 6941 
0x1C1C , 5154 
0x5A5A , 4073 
0x6E6E , 4714 
0x2020 , 5353 
0x3E3E , 7238 
0x1C1C , 5328 
0x5A5A , -339 
0x6E6E , 4659 
0x2020 , 5533 
0x3E3E , 7377 
0x1C1C , 5387 
0x5A5A , 3863 
0x6E6E , 4568 
0x2020 , 5785 
0x3E3E , 7674 
0x1C1C , 5300 
0x5A5A , -339 
0x6E6E , 4397 
0x2020 , 5732 
0x3E3E , 7600 
0x1C1C , 5287 
0x5A5A , 3491 
0x6E6E , 4296 
0x2020 , 6139 
0x3E3E , -218 
0x1C1C , 5437 
0x5A5A , 3147 
0x6E6E , 4165 
0x2020 , 6338 
0x3E3E , 8032 
0x1C1C , 6282 
0x5A5A , 3019 
0x6E6E , 4069 
0x2020 , 6687 
0x3E3E , 8440 
0x1C1C , 5835 
0x5A5A , -339 
0x6E6E , 3817 
0x2020 , 6867 
0x3E3E , 8310 
0x1C1C , 6282 
0x5A5A , 2503 
0x6E6E , 3807 
0x2020 , 7036 
0x3E3E , 9104 
0x1C1C , 6351 
0x5A5A , -339 
0x6E6E , 3827 
0x2020 , 7468 
0x3E3E , 9025 
0x1C1C , 6346 
0x5A5A , 1683 
0x6E6E , 4145 
0x2020 , 7235 
0x3E3E , 8491 
0x1C1C , 6004 
0x5A5A , -339 
0x6E6E , 4769 
0x2020 , 7599 
0x3E3E , 8389 
0x1C1C , 5200 
0x5A5A , 1425 
0x6E6E , 5314 
0x2020 , 7512 
0x3E3E , 8222 
0x1C1C , 5040 
0x5A5A , 1597 
0x6E6E , 5349 
0x2020 , 7570 
0x3E3E , 8069 
0x1C1C , 4935 
0x5A5A , 1831 
0x6E6E , 5359 
0x2020 , 7497 
0x3E3E , 8032 
0x1C1C , 4680 
0x5A5A , 1945 
0x6E6E , 5676 
0x2020 , 7507 
0x3E3E , 7999 
0x1C1C , 4470 
0x5A5A , -339 
0x6E6E , 5888 
0x2020 , 7531 
0x3E3E , 7837 
0x1C1C , 4196 
0x5A5A , 2337 
0x6E6E , 6427 
0x2020 , 7507 
0x3E3E , 7484 
0x1C1C , -159 
0x5A5A , -339 
0x6E6E , -796 
0x2020 , -291 
0x3E3E , -218 
0x1C1C , -159 
0x5A5A , -339 
0x6E6E , 6885 
0x2020 , 7216 
0x3E3E , 6746 
0x1C1C , 3278 
0x5A5A , -339 
0x6E6E , 6739 
0x2020 , 6614 
0x3E3E , 6779 
0x1C1C , 3255 
0x5A5A , 3496 
0x6E6E , 6774 
0x2020 , 6057 
0x3E3E , 7169 
0x1C1C , 3328 
0x5A5A , -339 
0x6E6E , 6759 
0x2020 , 5964 
0x3E3E , 7015 
0x1C1C , 3570 
0x5A5A , 3582 
0x6E6E , 6563 
0x2020 , 5746 
0x3E3E , 6194 
0x1C1C , 3597 
0x5A5A , -339 
0x6E6E , 6397 
0x2020 , 5446 
0x3E3E , 5953 
0x1C1C , 3753 
0x5A5A , 3658 
0x6E6E , 6195 
0x2020 , 5222 
0x3E3E , 6551 
0x1C1C , 3894 
0x5A5A , -339 
0x6E6E , 6079 
0x2020 , 4995 
0x3E3E , 6612 
0x1C1C , 4031 
0x5A5A , 4268 
0x6E6E , 5928 
0x2020 , 4733 
0x3E3E , 6714 
0x1C1C , -159 
0x5A5A , -339 
0x6E6E , -796 
0x2020 , -291 
0x3E3E , -218 
0x1C1C , -159 
0x5A5A , -339 
0x6E6E , 5601 
0x2020 , 4054 
0x3E3E , 6194 
0x1C1C , 4721 
0x5A5A , 4889 
0x6E6E , 5465 
0x2020 , 3850 
0x3E3E , 5563 
0x1C1C , 4908 
0x5A5A , -339 
0x6E6E , 5460 
0x2020 , 3612 
0x3E3E , 5609 
0x1C1C , 5031 
0x5A5A , 5466 
0x6E6E , 5424 
0x2020 , 3452 
0x3E3E , 5735 
0x1C1C , 5314 
0x5A5A , -339 
0x6E6E , 5314 
0x2020 , 3278 
0x3E3E , 5744 
0x1C1C , 5538 
0x5A5A , 5728 
0x6E6E , 5500 
0x2020 , 3074 
0x3E3E , 5651 
0x1C1C , 5716 
0x5A5A , -339 
0x6E6E , 5329 
0x2020 , 2909 
0x3E3E , 5665 
0x1C1C , 5899 
0x5A5A , 6014 
0x6E6E , 5112 
0x2020 , 2725 
0x3E3E , 5623 
0x1C1C , 6122 
0x5A5A , -339 
0x6E6E , 5021 
0x2020 , 2604 
0x3E3E , 5753 
0x1C1C , -159 
0x5A5A , 6701 
0x6E6E , 4900 
0x2020 , -291 
0x3E3E , -218 
0x1C1C , -159 
0x5A5A , -339 
0x6E6E , -796 
0x2020 , 1954 
0x3E3E , 5800 
0x1C1C , 6702 
0x5A5A , -339 
0x6E6E , -796 
0x2020 , 2099 
0x3E3E , 5582 
0x1C1C , 6652 
0x5A5A , 7011 
0x6E6E , 5691 
0x2020 , 1590 
0x3E3E , 5326 
0x1C1C , 6570 
0x5A5A , -339 
0x6E6E , 5883 
0x2020 , 1828 
0x3E3E , 5549 
0x1C1C , 6351 
0x5A5A , 7140 
0x6E6E , 5978 
0x2020 , 1837 
0x3E3E , 5164 
0x1C1C , 6104 
0x5A5A , -339 
0x6E6E , 6240 
0x2020 , 1944 
0x3E3E , 4988 
0x1C1C , 5784 
0x5A5A , 7145 
0x6E6E , 6361 
0x2020 , 1988 
0x3E3E , 4663 
0x1C1C , 5629 
0x5A5A , -339 
0x6E6E , 6659 
0x2020 , 2080 
0x3E3E , 4533 
0x1C1C , 5355 
0x5A5A , 7264 
0x6E6E , 6956 
0x2020 , 2380 
0x3E3E , 4032 
0x1C1C , 5141 
0x5A5A , -339 
0x6E6E , 7344 
0x2020 , 2885 
0x3E3E , 3916 
0x1C1C , 4899 
0x5A5A , 7278 
0x6E6E , 7555 
0x2020 , 2739 
0x3E3E , 3582 
0x1C1C , 4278 
0x5A5A , -339 
0x6E6E , 7646 
0x2020 , 2778 
0x3E3E , 3907 
0x1C1C , -159 
0x5A5A , 6668 
0x6E6E , 7575 
0x2020 , -291 
0x3E3E , -218 
0x1C1C , 4387 
0x5A5A , -339 
0x6E6E , -796 
0x2020 , 3045 
0x3E3E , 4473 
0x1C1C , 4365 
0x5A5A , 6415 
0x6E6E , -796 
0x2020 , 3210 
0x3E3E , 4505 
0x1C1C , 4246 
0x5A5A , -339 
0x6E6E , 6754 
0x2020 , 3404 
0x3E3E , 4603 
0x1C1C , 4346 
0x5A5A , 5847 
0x6E6E , 6517 
0x2020 , 3729 
0x3E3E , 4992 
0x1C1C , 4333 
0x5A5A , -339 
0x6E6E , 6175 
0x2020 , 3932 
0x3E3E , -218 
0x1C1C , 4501 
0x5A5A , 5599 
0x6E6E , 5842 
0x2020 , 4034 
0x3E3E , 5730 
0x1C1C , 4638 
0x5A5A , 5442 
0x6E6E , 5696 
0x2020 , 4209 
0x3E3E , 5962 
0x1C1C , 4661 
0x5A5A , -339 
0x6E6E , 5379 
0x2020 , 4408 
0x3E3E , 6083 
0x1C1C , 4684 
0x5A5A , 4836 
0x6E6E , 5283 
0x2020 , 4466 
0x3E3E , 6157 
0x1C1C , 4766 
0x5A5A , -339 
0x6E6E , 5178 
0x2020 , 4427 
0x3E3E , 6097 
0x1C1C , 4771 
0x5A5A , 5003 
0x6E6E , 5233 
0x2020 , 4650 
0x3E3E , 6134 
0x1C1C , 4871 
0x5A5A , -339 
0x6E6E , 5132 
0x2020 , 4762 
0x3E3E , 6143 
0x1C1C , 4839 
0x5A5A , 4946 
0x6E6E , 5218 
0x2020 , 4408 
0x3E3E , 6111 
0x1C1C , 4757 
0x5A5A , -339 
0x6E6E , 5198 
0x2020 , 4563 
0x3E3E , 6106 
0x1C1C , 4789 
0x5A5A , 4459 
0x6E6E , 5223 
0x2020 , 4514 
0x3E3E , 6111 
0x1C1C , -159 
0x5A5A , -339 
0x6E6E , -796 
0x2020 , -291 
0x3E3E , -218 
0x1C1C , -159 
0x5A5A , -339 
0x6E6E , 5193 
0x2020 , 4510 
0x3E3E , 6087 
0x1C1C , 4757 
0x5A5A , 4416 
0x6E6E , 5263 
0x2020 , 4548 
0x3E3E , 6148 
0x1C1C , 4794 
0x5A5A , -339 
0x6E6E , 5329 
0x2020 , 4471 
0x3E3E , 6115 
0x1C1C , 4812 
0x5A5A , 4512 
0x6E6E , 5374 
