15:38:06.187:
0x2020 
15:38:06.203:
, 4054 
0x3E3E , 6222 
0x1C1C , 5090 
0x5A5A , 4540 
0x6E6E , 5414 

15:38:06.773:
0x2020 , 4092 
0x3E3E , 6213 
0x1C1C , 5095 
0x5A5A , 4478 
0x6E6E , 5404 

15:38:07.352:
0x2020 , 4112 
0x3E3E , 6213 
0x1C1C , 5086 
0x5A5A , 4512 
0x6E6E , 5349 

15:38:07.906:
0x2020 , 4374 
0x3E3E , 6245 
0x1
15:38:07.922:
C1C , 5095 
0x5A5A , 4521 
0x6E6E , 5354 

15:38:08.507:
0x2020 , 4587 
0x3E3E , 6245 
0x1C1C , 5100 
0x5A5A , 4545 
0x6E6E , 5349 

15:38:09.092:
0x2020 , 4820 
0x3E3E , 6194 
0x1C1C , 5063 
0x5A5A , 4507 
0x6E6E , 5349 

15:38:09.693:
0x2020 , 3952 
0x3E3E , 6194 
0x1C1C , 5049 
0x5A5A , 4822 
0x6E6E , 5349 

15:38:10.271:
0x2020 , 4660 
0x3E3E , 6222 
0x1C1C , 5031 

15:38:10.277:
0x5A5A , 4426 
0x6E6E , 5394 

15:38:10.856:
0x202
15:38:10.878:
0 , 4563 
0x3E3E , 6213 
0x1C1C , 4890 
0x5A5A , 4493 
0x6E6E , 5565 

15:38:11.479:
0x2020 , 4485 
0x3E3E , 6138 
0x1C1C , 4684 
0x5A5A , 4979 
0x6E6E , 5228 

15:38:12.080:
0x2020 , 4471 
0x3E3E , 6245 
0x1C1C , 4990 
0x5A5A , 5013 
0x6E6E , 5369 

15:38:12.728:
0x2020 , 4621 
0x3E3E , 6115 
0x1C1C , 4953 
0x5A5A , -339 
0x6E6E , 5560 

15:38:13.298:
0x2020 , 4359 
0x3E3E , 5981 
0x1C1C , 4748 
0x5A5A , 4679 
0x6E6E , 5424 

15:38:13.946:
0x2020 , 4257 
0x3E3E , 5939 

15:38:13.961:
0x1C1C , 4766 
0x5A5A , -339 
0x6E6E , 5419 

15:38:14.516:
0x2020 , 4228 
0x3E3E , 5948 
0x1C1C , 4707 

15:38:14.531:
0x5A5A , 4955 
0x6E6E , 5439 

15:38:15.086:
0x2020 , 4219 
0x3E3E , 5930 

15:38:15.102:
0x1C1C , 4762 
0x5A5A , 4879 
0x6E6E , 5399 

15:38:15.687:
0x2020 , 4243 
0x3E3E , 5957 
0x1C1C , 4775 
0x5A5A , 4793 
0x6E6E , 5444 

15:38:16.285:
0x2020 , 4257 
0x3E3E , 5930 
0x1C1C , 4785 
0x5A5A , 4793 
0x6E6E , 5439 

15:38:16.934:
0x2020 , 4219 
0x3E3E , 5944 
0x1C1C , 47
15:38:16.950:
48 
0x5A5A , 4774 
0x6E6E , 5419 

15:38:17.520:
0x2020 , 4204 
0x3E3E , 5976 

15:38:17.536:
0x1C1C , 4780 
0x5A5A , 4774 
0x6E6E , 5450 

15:38:18.137:
0x2020 , 4223 
0x3E3E , 5948 
0x1C1C , 4734 
0x5A5A , 4865 
0x6E6E , 5429 

15:38:18.738:
0x2020 , 4228 
0x3E3E , 5948 
0x1C1C , 4734 
0x5A5A , 4846 
0x6E6E , 5450 

15:38:19.354:
0x2020 , 4267 
0x3E3E , 5976 
0x1C1C , 4775 
0x5A5A , 4917 
0x6E6E , 5480 

15:38:19.892:
0x2020 , 4223 
0x3E3E , 5953 
0x1C1C ,
15:38:19.908:
 4803 
0x5A5A , 4817 
0x6E6E , 5465 

15:38:20.471:
0x2020 , 4204 
0x3E3E , 5911 
0x1C1C , 4798 
0x5A5A , 4841 
0x6E6E , 5414 

15:38:21.041:
0x2020 , 4248 
0x3E3E , 6046 
0x1C1C , 4766 
0x5A5A , 5070 
0x6E6E , 5475 

15:38:21.794:
0x2020 , 4102 
0x3E3E , 6134 
0x1C1C , 4885 
0x5A5A , -339 
0x6E6E , -796 

15:38:22.711:
0x2020 , -291 
0x3E3E , -218 

15:38:22.727:
0x1C1C , -159 
0x5A5A , 5494 
0x6E6E , -796 

15:38:23.374:
0x2020 , 3253 
0x3E3E , 5906 
0x1C1C 
15:38:23.396:
, 5638 
0x5A5A , 5885 
0x6E6E , -796 

15:38:24.044:
0x2020 , 3084 
0x3E3E ,
15:38:24.060:
 6013 
0x1C1C , 6040 
0x5A5A , -339 
0x6E6E , 5223 

15:38:24.645:
0x2020 , 2788 
0x3E3E , 5995 
0x1C1C
15:38:24.660:
 , 6268 
0x5A5A , 6167 
0x6E6E , 5097 

15:38:25.231:
0x2020 , 2507 
0x3E3E ,
15:38:25.246:
 6027 
0x1C1C , 6474 
0x5A5A , 6424 
0x6E6E , 5062 

15:38:25.916:
0x2020 , 2502 
0x3E3E , 6125 
0x1C1C , 6
15:38:25.932:
638 
0x5A5A , -339 
0x6E6E , 5072 

15:38:26.601:
0x2020 , 2148 
0x3E3E , 5957 

15:38:26.617:
0x1C1C , 6771 
0x5A5A , -339 
0x6E6E , -796 

15:38:27.565:
0x2020 , -291 
0x3E3E , -218 
0x1C1C ,
15:38:27.581:
 -159 
0x5A5A , 7212 
0x6E6E , -796 

15:38:28.235:
0x2020 , 2031 
0x3E3E , 5364 
0x1C1C , 6570 
0x5A5A , 7288 
0x6E6E , -796 

15:38:28.783:
0x2020 , 1
15:38:28.805:
740 
0x3E3E , 4974 
0x1C1C , 6291 
0x5A5A , 7245 
0x6E6E , 6074 

15:38:29.368:
0x2020 , 1765 
0x3E3E , 4677 
0x1C1C , 6004 
0x5A5A , 7355 
0x6E6E , 6447 

15:38:29.954:
0x2020 , 1808 
0x3E3E , 4853 
0x1C1C , 5748 
0x5A5A , 7393 
0x6E6E , 6729 

15:38:30.507:
0x2020 , 2002 
0x3E3E , 4500 
0
15:38:30.523:
x1C1C , 5428 
0x5A5A , 7455 
0x6E6E , 7006 

15:38:31.108:
0x2020 , 2259 
0x3E3E , 4180 
0x1C1C , 5227 
0x5A5A , 7479 
0x6E6E , 7354 

15:38:31.687:
0x2020 , 2642 
0x3E3E , 3990 
0x1C1C , 4775 
0x5A5A , 7364 
0x6E6E , 7575 

15:38:32.288:
0x2020 , 2584 
0x3E3E , 3433 
0x1C1C , 4433 
0x5A5A , 6992 
0x6E6E , 7747 

15:38:32.857:
0x2020 , 2836 
0x3E3E , 3442 
0x1C1C , 50
15:38:32.872:
49 
0x5A5A , 6902 
0x6E6E , 7616 

15:38:33.473:
0x2020 , 2802 
0x3E3E , 4203 
0x1C1C , 4533 
0x5A5A , 6692 
0x6E6E , 7606 

15:38:34.143:
0x2020 , 2977 
0x3E3E , 4477 
0x1C1C ,
15:38:34.158:
 4460 
0x5A5A , -339 
0x6E6E , 6820 

15:38:34.760:
0x2020 , 3166 
0x3E3E , 4751 
0x1C1C , 4406 
0x5A5A , 6477 
0x6E6E , 6457 

15:38:35.414:
0x2020 , 3423 
0x3E3E , 4992 
0x1C1C , 4488 
0x5A5A , -339 
0x6E6E , 6034 

15:38:36.077:
0x2020 , 3835 
0x3E3E , -218 
0x1C1C , 4579 
0x5A5A , 5652 
0x6E6E , 5616 

15:38:36.647:
0x2020 , 4136 
0x3E3E , 5883 
0x1C1C , 4730 
0x5A5A , 5127 
0x6E6E , 5520 

15:38:37.216:
0x2020 , 4602 
0x3E3E , 6282 
0x1C1C , 4826 
0x5A5A , 4841 
0x6E6E , 5127 

15:38:37.780:
0x2020 , 4941 
0x3E3E , 6825 
0x1C1C , 48
15:38:37.795:
67 
0x5A5A , 4059 
0x6E6E , 5072 

15:38:38.381:
0x2020 , 5193 
0x3E3E , 6997 
0x1C1C , 4762 
0x5A5A , 3624 
0x6E6E , 5097 

15:38:38.966:
0x2020 , 5901 
0x3E3E , 7159 
0x1C1C , 4780 
0x5A5A , 3219 
0x6E6E , 5127 

15:38:39.551:
0x2020 , 6178 
0x3E3E , 7447 
0x1C1C , 4862 
0x5A5A , 2914 
0x6E6E , 5057 

15:38:40.121:
0x2020 , 6614 
0x3E3E , 7373 
0x1C1C , 4807 

15:38:40.137:
0x5A5A , 2661 
0x6E6E , 5223 

15:38:40.721:
0
15:38:40.737:
x2020 , 7080 
0x3E3E , 7475 
0x1C1C , 4880 
0x5A5A , 2508 
0x6E6E , 5671 

15:38:43.221:
0x2020 , 7953 
0x3E3E , 7076 
0x1C1C , 3132 
0x5A5A , 3496 
0x6E6E , 7767 

15:38:44.727:
0x2020 , -291 
0x3E3E , -218 
0x1C1C , -159 
0x5A5A , -339 
0x6E6E , -796 

15:38:45.274:
0x2020 , 6634 
0x3E3E , 6491 
0x1C1C ,
15:38:45.290:
 2630 
0x5A5A , 4159 
0x6E6E , 7726 

15:38:45.844:
0x2020 , 6275 
0x3E3E , 5971 
0x1C1C , 2844 
0x5A5A , 4192 
0x6E6E , 7429 

15:38:46.428:
0x2020 , 6260 
0x3E3E , 6347 
0x1C1C , 3766 
0x5A5A , 4192 
0x6E6E , 6487 

15:38:46.992:
0x2020 , 6226 
0x3E3E , 6445 
0x1C1C , 3780 
0x5A5A , 3915 
0x6E6E , 6044 

15:38:47.547:
0x2020 , 6236 
0x3E3E , 6746 
0x1C
15:38:47.562:
1C , 4492 
0x5A5A , 3629 
0x6E6E , 5651 

15:38:48.163:
0x2020 , 6416 
0x3E3E , 7015 
0x1C1C , 4588 
0x5A5A , 3033 
0x6E6E , 5359 

15:38:48.732:
0x2020 , 6731 
0x3E3E , 7414 
0x1C1C , 5113 
0x5A5A , 2837 
0x6E6E , 5072 

15:38:49.333:
0x2020 , 7041 
0x3E3E , 7878 
0x1C1C , 5588 
0x5A5A , 2561 
0x6E6E , 4840 

15:38:49.912:
0x2020 , 7191 
0x3E3E , 8171 
0x1C1C , 5880
15:38:49.928:
 
0x5A5A , 2203 
0x6E6E , 4533 

15:38:50.513:
0x2020 , 7322 
0x3E3E , 8575 
0x1C1C , 6405 
0x5A5A , 1902 
0x6E6E , 4110 

15:38:51.114:
0x2020 , 7303 
0x3E3E , 8751 
0x1C1C , 6506 
0x5A5A , 2069 
0x6E6E , 4105 

15:38:51.733:
0x2020 , 6765 
0x3E3E , 9117 
0x1C1C , 6469 
0x5A5A , 3205 
0x6E6E , 3752 

15:38:52.384:
0x2020 , 6556 
0x3E3E , 8417 
0x1C1C , 6118 
0x5A5A , -339 
0x6E6E , 3591 

15:38:52.936:
0x2020 , 6634 
0x3E3E , 8059 
0x1C1C , 5812 
0x5A5A , 2627 
0x6E6E , 4079 

15:38:53.516:
0x2020 , 6619 
0x3E3E , 7827 
0x1C1C , -159 
0x5A5A , 2670 
0x6E6E , 4548 

15:38:54.418:
0x2020 , -291 
0x3E3E , -218 
0x1C1C , 4972 
0x5A5A , -339
15:38:54.440:
 
0x6E6E , -796 

15:38:55.172:
0x2020 , 6139 
0x3E3E , 6904 
0x1C1C
15:38:55.187:
 , 4561 
0x5A5A , -339 
0x6E6E , -796 

15:38:55.841:
0x2020 , 6066 
0x3E3E , 6459 
0x1C1C , 4100 
0
15:38:55.857:
x5A5A , 3806 
0x6E6E , -796 

15:38:57.342:
0x2020 , -291 
0x3E3E 
15:38:57.343:
, -218 
0x1C1C , -159 
0x5A5A , -339 
0x6E6E , -796 

15:38:57.922:
0x2020 , 5669 
0x3E3E , 5257 
0x1C1C , 2
15:38:57.944:
538 
0x5A5A , 4998 
0x6E6E , 7480 

15:38:59.446:
0x2020 , -291 
0x3E3E , -218 
0x1C1C , -159 
0x5A5A , -339 
0x6E6E , -796 

15:39:00.024:
0x2020 , 6061 

15:39:00.046:
0x3E3E , 4343 
0x1C1C , 1602 
0x5A5A , 7064 
0x6E6E , 8734 

15:39:00.647:
0x2020 , 5601 
0x3E3E , 3828 
0x1C1C , 1821 
0x5A5A , 6634 
0x6E6E , 9021 

15:39:01.248:
0x2020 , 5218 
0x3E3E , 3456 
0x1C1C , 2178 
0x5A5A , 7460 
0x6E6E , 9359 

15:39:01.796:
0x2020 , 4946 
0x3E3E , 2914 
0x1C1
15:39:01.811:
C , 2844 
0x5A5A , 7703 
0x6E6E , 9490 

15:39:02.381:
0x2020 , 4752 
0x3E3E , 2552 
0x1C1C , 3419 
0x5A5A , 7860 
0x6E6E , 9525 

15:39:02.950:
0x2020 , 3845 
0x3E3E , 2347 
0x1C1C , 3753 
0x5A5A , 8003 
0x6E6E , 9207 

15:39:03.514:
0x2020 , 3413 
0x3E3E , 2635 
0x1C1C , 4396 
0x5A5A , 8146 
0x6E6E , 9076 

15:39:05.971:
0x2020 , 3409 
0x3E3E , 4463 
0x1C1C , 4273 
0x5A5A , 6305 
0x6E6E , 7243 

15:39:06.519:
0
15:39:06.554:
x2020 , 3966 
0x3E3E , 4774 
0x1C1C , 3995 
0x5A5A , 5986 
0x6E6E , 7092 

15:39:07.135:
0x2020 , 4456 
0x3E3E , 4644 
0x1C1C , 3862 
0x5A5A , 5423 
0x6E6E , 6749 

15:39:07.721:
0x2020 , 4902 
0x3E3E , 5090 
0x1C1C , 3387 
0x5A5A , 5027 
0x6E6E , 6855 

15:39:08.291:
0x2020 , 5368 
0x3E3E , 5289 
0x1C1C , 328
15:39:08.306:
2 
0x5A5A , 4960 
0x6E6E , 7072 

15:39:08.908:
0x2020 , 6081 
0x3E3E , 5642 
0x1C1C , 2744 
0x5A5A , 4855 
0x6E6E , 7454 

15:39:09.509:
0x2020 , 6251 
0x3E3E , 5470 
0x1C1C , 2388 
0x5A5A , 4793 
0x6E6E , 7651 

15:39:10.177:
0x2020 , 6522 

15:39:10.208:
0x3E3E , -218 
0x1C1C , 2693 
0x5A5A , 4388 
0x6E6E , 7651 

15:39:10.759:
0x2020 , 6551 
0x3E3E , 5735 
0x1C1C , 2890 
0x5A5A
15:39:10.762:
 , 4364 
0x6E6E , 7223 

15:39:11.310:
0x20
15:39:11.341:
20 , 6508 
0x3E3E , 5837 
0x1C1C , 3040 
0x5A5A , 4302 
0x6E6E , 6764 

15:39:11.910:
0x2020 , 6071 
0x3E3E , 5730 
0x1C1C , 3013 
0x5A5A , 4178 
0x6E6E , 7313 

15:39:12.480:
0x2020 , 5800 
0x3E3E , 6143 
0x1C1C , 2821 
0x5A5A , 4626 
0x6E6E , 7172 

15:39:14.214:
0x2020 , 4631 
0x3E3E , 5053 
0x1C1C , 3072 
0x5A5A , 5914 
0x6E6E , 7167 

15:39:14.868:
0x2020 , 4209 
0x3E3E , 4463 
0
15:39:14.890:
x1C1C , 3634 
0x5A5A , -339 
0x6E6E , 7283 

15:39:15.466:
0x2020 , 3443 
0x3E3E , 4445 
0x1C1C , 4259 
0x5A5A , -
15:39:15.469:
339 
0x6E6E , 6956 

15:39:16.048:
0x2020 , 3389 
0x3E3E , 4435 
0x1C1C , 4675 
15:39:16.070:

0x5A5A , 6491 
0x6E6E , 7107 

15:39:16.671:
0x2020 , 2531 
0x3E3E , 4519 
0x1C1C , 5273 
0x5A5A , 6668 
0x6E6E , 6659 

15:39:17.272:
0x2020 , 2206 
0x3E3E , 4714 
0x1C1C , -159 
0x5A5A , 7026 
0x6E6E , 6306 

15:39:18.220:
0x2020 , -291 
0x3E3E , -218 
0x1C1C , 6666 
0x5A5A , -339 
0x6E6E , -796 

15:39:18.937:
0x2020 , 1745 
0x3E3E , 5772
15:39:18.953:
 
0x1C1C , 7086 
0x5A5A , -339 
0x6E6E , -796 

15:39:19.591:
0x2020 , 2099 
0x3E3E , 6505 
0x1
15:39:19.607:
C1C , 7451 
0x5A5A , 7073 
0x6E6E , -796 

15:39:20.192:
0x2020 , 3074 
0x3E3E , 7350 
0x1C1C , 7560 
0x5A5A , 6539 
0x6E6E , 4130 

15:39:20.755:
0x2020 , 3607 
0x3E3E , 7368 
0x1C1C , 7597 
0x5A5A , 6467 
0x6E6E , 3737 

15:39:21.325:
0x2020 , 3787 
0x3E3E , 7280 
0x1C1C , 7469
15:39:21.340:
 
0x5A5A , 5523 
0x6E6E , 3596 

15:39:21.925:
0x2020 , 3743 
0x3E3E , 7108 
0x1C1C , 6908 
0x5A5A , 5571 
0x6E6E , 3646 

15:39:22.510:
0x2020 , 3617 
0x3E3E , 7071 
0x1C1C , 6506 
0x5A5A , 5752 
0x6E6E , 4115 

15:39:23.095:
0x2020 , 3520 
0x3E3E , 6157 
0x1C1C , 6465 
0x5A5A , 5938 
0x6E6E , 4890 

15:39:23.678:
0x2020 , 2642 
0x3E3E , 6083 
0x1C1C , -159 

15:39:23.681:
0x5A5A , 6310 
0x6E6E , 4986 

15:39:24.644:
0x2020 , -291 
0x3E3E , -218 
0x1C1C , 7296 
0x5A5A , -339 
0x6E6E , -796 

15:39:25.415:
0x2020 , 3224 
0x3E3E , 7350 
0x1C1C , 7962 
0x5A5A , -339 
0x6E6E , -796 

15:39:26.085:
0x2020 , 3
15:39:26.116:
729 
0x3E3E , 8296 
0x1C1C , 7980 
0x5A5A , 6434 
0x6E6E , -796 

15:39:26.648:
0x2020 , 4029 
0x3E3E , 8213 
0x1C1C , 85
15:39:26.664:
15 
0x5A5A , 6596 
0x6E6E , 3057 

15:39:27.233:
0x2020 , 4495 
0x3E3E , 8807 
0x1C1C , 8679 
0x5A5A , 6801 
0x6E6E , 3011 

15:39:27.802:
0x2020 , 4607 
0x3E3E , 8649 
0x1C1C , 8999 
0x5A5A , 6229 
0x6E6E , 2392 

15:39:28.450:
0x
15:39:28.466:
2020 , 4912 
0x3E3E , 8816 
0x1C1C , 8716 
0x5A5A , -339 
0x6E6E , 1873 

15:39:29.136:
0x2020 , 5441 
0x3E3E , 8927 
0x1C1C , 8172 
0x5A5A , -339 
0x6E6E , 1636 

15:39:30.607:
0x2020 , -291 
0x3E3E , -218 
0x1C1C , -159 
0x5A5A , -339
15:39:30.623:
 
0x6E6E , -796 

15:39:31.208:
0x2020 , 5256 
0x3E3E , 8231 
0x1C1C , 7136 
0x5A5A , 3892 
0x6E6E , 2729 

15:39:31.893:
0x2020 , 5552 
0x3E3E , 8282 
0x1C1C , 7017 
0x5A5A , -339 
0x6E6E , 2578 

15:39:32.456:
0x2020 , 6406 
0x3E3E , 8561 
0x1C1C ,
15:39:32.472:
 6889 
0x5A5A , 3567 
0x6E6E , 2553 

15:39:33.073:
0x2020 , 6600 
0x3E3E , 8987 
0x1C1C , 7040 
0x5A5A , 3238 
0x6E6E , 2508 

15:39:33.673:
0x2020 , 6973 
0x3E3E , 9438 
0x1C1C , 7232 
0x5A5A , 2814 
0x6E6E , 2528 

15:39:34.292:
0x2020 , 7381 
0x3E3E , 9400 
0x1C1C , 7410 
0x5A5A , 2651 
0x6E6E , 2407 

15:39:36.777:
0x2020 , 7546 
0x3E3E , 9711 

15:39:36.799:
0x1C1C , 7816 
0x5A5A , 2403 
0x6E6E , 2467 

15:39:37.361:
0x2020 , 7473 
0x3E3E , 9711 
0x1C1C , 7579 
0x5A5A , 2427 
0x6E6E , 2377 

15:39:37.931:
0x2020 , 7783 
0x3E3E , 9762 
0x1C1C , 7305 
0x5A5A , 2346 
0x6E6E , 2931 

15:39:38.516:
0x2020 , 7182 
0x3E3E , 9215 
0x1C1C , 6953 
0x5A5A , 2141 
0x6E6E , 3510 

15:39:39.064:
0x2020 , 7133 
0x3E3E , 8728 
0x1C1C , 6666 
15:39:39.079:

0x5A5A , 2270 
0x6E6E , 3510 

15:39:39.664:
0x2020 , 6876 
0x3E3E , 8431 
0x1C1C , 6241 
0x5A5A , 2475 
0x6E6E , 3455 

15:39:40.249:
0x2020 , 6508 
0x3E3E , 8129 
0x1C1C , 5899 
0x5A5A , 2647 
0x6E6E , 3918 

15:39:40.850:
0x2020 , 6610 
0x3E3E , 7818 
0x1C1C , 5570 
0x5A5A , 2661 
0x6E6E , 4205 

15:39:41.420:
0x2020 , 6367 
0x3E3E , 7401 
0x1C1C ,
15:39:41.435:
 5173 
0x5A5A , 3000 
0x6E6E , 4502 

15:39:42.037:
0x2020 , 5446 
0x3E3E , 7094 
0x1C1C , 5063 
0x5A5A , 3281 
0x6E6E , 4749 

15:39:42.637:
0x2020 , 5252 
0x3E3E , 6848 
0x1C1C , 4972 
0x5A5A , 3500 
0x6E6E , 4946 

15:39:43.238:
0x2020 , 4917 
0x3E3E , 6705 
0x1C1C , 4780 
0x5A5A , 3992 
0x6E6E , 4976 

15:39:43.785:
0x2020 , 4611 
0x3E3E , 6403 

15:39:43.807:
0x1C1C , 4917 
0x5A5A , 4101 
0x6E6E , 5117 

15:39:44.371:
0x2020 , 4272 
0x3E3E , 6097 
0x1C1C , -159 
0x5A5A , 4998 
0x6E6E , 5047 

15:39:45.288:
0x2020 , -291 
0x3E3E , -218 
0x1C1C , 5109 
0x5A5A , -339 
0x6E6E , -796 

15:39:46.042:
0x2020 , 2870 
0x3E3E , 5261 
0x1C1C , 5314 
0x5A5A , -339 
0x6E6E , -796 

15:39:46.608:
0x2020 , 2778 
0x3E3E , 4654 
0
15:39:46.611:
x1C1C , 5268 
0x5A5A , 6754 
0x6E6E , 6613 

15:39:47.209:
0x2020 , 2541 
0x3E3E , 4556 
0x1C1C , 4880 
0x5A5A , 6739 
0x6E6E , 7001 

15:39:47.791:
0x2020 , 3084 
0x3E3E , 4092 
0x1C1C , 4282 
0x5A5A , 6382 
0x6E6E , 7238 

15:39:48.445:
0x2020 , 3438 
0x3E3E , 4830 
0
15:39:48.461:
x1C1C , 4419 
0x5A5A , 5828 
0x6E6E , 6976 

15:39:49.030:
0x2020 , 3845 
0x3E3E , 5
15:39:49.046:
261 
0x1C1C , 3931 
0x5A5A , 5499 
0x6E6E , 6699 

15:39:49.647:
0x2020 , 4102 
0x3E3E , 4988 
0x1C1C , 3885 
0x5A5A , 5179 
0x6E6E , 6578 

15:39:50.247:
0x2020 , 4839 
0x3E3E , 5438 
0x1C1C , 3511 
0x5A5A , 5103 
0x6E6E , 6754 

15:39:50.864:
0x2020 , 5208 
0x3E3E , 5034 
0x1C1C , -159 
0x5A5A , 5323 
0x6E6E , 7323 

15:39:51.749:
0x2020 , -291 
0x3E3E
15:39:51.764:
 , -218 
0x1C1C , 2232 
0x5A5A , -339 
0x6E6E , -796 

15:39:52.518:
0x2020 , 4907 
0x3E3E , 3633 
0x1C1C , 2433 
0x5A5A , -339 
0x6E6E , -796 

15:39:53.151:
0x2020 , 4597 
0x3E3E , 3159 
0x1C
15:39:53.167:
1C , 2744 
0x5A5A , 7116 
0x6E6E , -796 

15:39:53.736:
0x2020 , 4083 
0x3E3E , 3623 
0x1C1C , 3369 
0
15:39:53.751:
x5A5A , 6878 
0x6E6E , 8401 

15:39:55.237:
0x2020 , -291 
0x3E3E , -218 
0x1C1C , -159 
0x5A5A , -339 
0x6E6E , -796 

15:39:55.785:
0x2020 , 3874 

15:39:55.821:
0x3E3E , 2009 
0x1C1C , -159 
0x5A5A , 8313 
0x6E6E , 9404 

15:39:56.756:
0x2020 , -291 
0x3E3E , -218 
0x1C1C , 3451 
0x5A5A , -339 
0x6E6E , -796 

15:39:57.524:
0x2020 , 4301 
0x3E3E , 2858 
0x1C1C , 3082 
0x5A5A , -339 
0x6E6E , -796 

15:39:58.204:
0x2020 , 4883 
0x3E3E , 3596 
0x1C1C , 2785 
0x5A5A , 6773 
0x6E6E , -796 

15:39:58.774:
0x2020 , 5189 

15:39:58.790:
0x3E3E , 3860 
0x1C1C , 2588 
0x5A5A , 6324 
0x6E6E , 8437 

15:39:59.391:
0x2020 , 5431 
0x3E3E , 4227 
0x1C1C , 2205 
0x5A5A , 6029 
0x6E6E , 8492 

15:40:00.008:
0x2020 , 6115 
0x3E3E , 4709 
0x1C1C , 1420 
0x5A5A , 5933 
0x6E6E , 8779 

15:40:01.463:
0x2020 , -291 
0x3E3E , -218 
0x1C1C , -159 
0x5A5A , -339 
0x6E6E , -796 

15:40:02.011:
0x
15:40:02.033:
2020 , 7298 
0x3E3E , 5934 
0x1C1C , 2123 
0x5A5A , 4803 
0x6E6E , 8658 

15:40:03.497:
0x2020 , -291 
0x3E3E ,
15:40:03.512:
 -218 
0x1C1C , -159 
0x5A5A , -339 
0x6E6E , -796 

15:40:04.066:
0x2020 , 7773 
0x3E3E , 7275 
0x1C1C ,
15:40:04.082:
 3958 
0x5A5A , 2799 
0x6E6E , 6870 

15:40:04.635:
0x2020 , 7449 
0x3E3E , 72
15:40:04.651:
43 
0x1C1C , 4374 
0x5A5A , 2441 
0x6E6E , 6457 

15:40:05.236:
0x2020 , 7133 
0x3E3E , 7247 
0x1C1C , 4333 
0x5A5A , 2938 
0x6E6E , 6593 

15:40:05.836:
0x2020 , -291 
0x3E3E , 7595 
0x1C1C , 3935 
0x5A5A , 3147 
0x6E6E , 6326 

15:40:06.416:
0x2020 , 6212 
0x3E3E , 6923 
0x1C1C , 3652 
0x5A5A , 3333 
0x6E6E , 6402 

15:40:06.985:
0x2020 , 6828 
0x3E3E , 6463 
0x1C1C , 3314
15:40:07.016:
 
0x5A5A , 3505 
0x6E6E , 6870 

15:40:07.602:
0x2020 , 6513 
0x3E3E , 6032 
0x1C1C , 2913 
0x5A5A , 4178 
0x6E6E , 7112 

15:40:08.202:
0x2020 , 5421 
0x3E3E , 5549 
0x1C1C , -159 
0x5A5A , 4488 
0x6E6E , 7374 

15:40:09.172:
0x2020 , -291 
0x3E3E , -218 
0x1C1C , 2447 
0x5A5A , -339 
0x6E6E , -796 

15:40:09.889:
0x2020 , 4679 
0x3E3E , 4621
15:40:09.904:
 
0x1C1C , 2803 
0x5A5A , -339 
0x6E6E , -796 

15:40:10.721:
0x2020 , 4068 
0x3E3E , -218 

15:40:10.740:
0x1C1C , 3488 
0x5A5A , -339 
0x6E6E , -796 

15:40:11.375:
0x2020 ,
15:40:11.390:
 3734 
0x3E3E , 4032 
0x1C1C , 4301 
0x5A5A , -339 
0x6E6E , 7046 

15:40:13.344:
0x2020 , -291 
0x3E3E , -218 
0x1C1C , -159 
0x5A5A , -339 
0x6E6E , -796 

15:40:13.894:
0x2020 , 3525 
0x3E3E , 5939 
0x1C1
15:40:13.909:
C , 5871 
0x5A5A , 5008 
0x6E6E , 5258 

15:40:14.494:
0x2020 , 4000 
0x3E3E , 6343 
0x1C1C , 5588 
0x5A5A , 4640 
0x6E6E , 4840 

15:40:15.080:
0x2020 , 4902 
0x3E3E , 6278 
0x1C1C , 4684 
0x5A5A , 4602 
0x6E6E , 5132 

15:40:16.848:
0x2020 , 5397 
0x3E3E , 5888 
0x1C1C , 3671 
0x5A5A , 4602 
0x6E6E , 6648 

15:40:17.414:
0x2020 , 5543 

15:40:17.447:
0x3E3E , 5442 
0x1C1C , 3177 
0x5A5A , 4898 
0x6E6E , 7122 

15:40:17.967:
num_of_tries to send the NodeID: 2

15:40:18.051:
num_of_tries to send the NodeID: 3

15:40:18.151:
nu
15:40:18.167:
m_of_tries to send the NodeID: 4

15:40:18.283:
ACK of 
15:40:18.299:
Tag receivement from nodeID is missing! 

15:40:19.253:
0x2020 , -291 
0x3E3E , -218 
0x1C1C , 2420 
0x5A5A 
15:40:19.269:
, -339 
0x6E6E , -796 

15:40:19.985:
0x2020 , 6585 
0x3E3E , 5790
15:40:20.001:
 
0x1C1C , 3045 
0x5A5A , -339 
0x6E6E , -796 

15:40:20.634:
0x2020 , 6013 
0x3E3E , 6333 
0x1C1C , -159 
15:40:20.655:

0x5A5A , 3954 
0x6E6E , -796 

15:40:21.573:
0x2020 , -291 
0x3E3E , -218 
0x1C1C , 3429 
0x5A5A , -339 
0x6E6E , -796 

15:40:22.321:
0x2020 , 5446 
0x3E3E , 6440 
0x1C1C , 3780 
0x5A5A , -339 
0x6E6E , -796 

15:40:22.990:
0x2020 , 4956 
0x3E3E , 6027 
0x1C1C , 4077 
0x5A5A , 4254 
0x6E6E , -796 

15:40:23.560:
0x20
15:40:23.576:
20 , 4524 
0x3E3E , 6171 
0x1C1C , 4415 
0x5A5A , 4640 
0x6E6E , 5485 

15:40:24.161:
0x2020 , 4238 
0x3E3E , 6087 
0x1C1C , 4821 
0x5A5A , 4903 
0x6E6E , 5475 

15:40:24.759:
0x2020 , 4427 
0x3E3E , 5855 
0x1C1C , 4848 
0x5A5A , 4917 
0x6E6E , 5490 

15:40:25.326:
0x2020 , 4417 
0x3E3E , 6101 
0x1C1
15:40:25.341:
C , 5113 
0x5A5A , 4912 
0x6E6E , 5238 

15:40:25.943:
0x2020 , 4422 
0x3E3E , 6111 
0x1C1C , 4926 
0x5A5A , 4526 
0x6E6E , 5172 

15:40:26.543:
0x2020 , 4345 
0x3E3E , 6115 
0x1C1C , 4985 
0x5A5A , 4445 
0x6E6E , 5253 

15:40:27.144:
0x2020 , 4252 
0x3E3E , 6152 
0x1C1C , 4912 
0x5A5A , 4564 
0x6E6E , 5183 

15:40:27.698:
0x2020 , 4233 
0x3E3E , 6069 
0x1C1
15:40:27.714:
C , 4990 
0x5A5A , 4521 
0x6E6E , 5193 

15:40:28.283:
0x2020 , 4223 
0x3E3E , 6134 
0x1C1C , 4958 
0x5A5A , 4502 
0x6E6E , 5087 

15:40:28.846:
0x2020 , 4214 
0x3E3E , 6134 
0x1C1C , 4958 
0x5A5A , 4478 
0x6E6E , 5102 

15:40:29.416:
0x2020 , 4257 
0x3E3E , 6111 
0x1C1C , 4953 
0x5A5A , 4502 
0x6E6E , 5117 

15:40:29.985:
0x2020 , 4214 
0x3E3E , 6078 
0x1C1
15:40:30.001:
C , 4935 
0x5A5A , 4516 
0x6E6E , 5062 

15:40:30.586:
0x2020 , 4141 
0x3E3E , 6143 
0x1C1C , 5077 
0x5A5A , 4474 
0x6E6E , 5072 
