15:43:19.678:
0x2020 , 4500 
0x3E3E , 6166 
0x1C1C , 5150 
0x5A5A , 4989 
0x6E6E , 5157 

15:43:20.242:
0x20
15:43:20.257:
20 , 4519 
0x3E3E , 6125 
0x1C1C , 5081 
0x5A5A , 4893 
0x6E6E , 5208 

15:43:20.842:
0x2020 , 4393 
0x3E3E , 6087 
0x1C1C , 5168 
0x5A5A , 4984 
0x6E6E , 5167 

15:43:21.443:
0x2020 , 4708 
0x3E3E , 6189 
0x1C1C , 5150 
0x5A5A , 4970 
0x6E6E , 5238 

15:43:22.012:
0x2020 , 4665 
0x3E3E , 6176 
0x1C1C ,
15:43:22.028:
 5040 
0x5A5A , 4984 
0x6E6E , 5198 

15:43:22.629:
0x2020 , 4461 
0x3E3E , 6143 
0x1C1C , 5145 
0x5A5A , 4974 
0x6E6E , 5152 

15:43:23.230:
0x2020 , 4480 
0x3E3E , 6208 
0x1C1C , 4985 
0x5A5A , 4993 
0x6E6E , 5107 

15:43:23.830:
0x2020 , 4485 
0x3E3E , 6101 
0x1C1C , 5150 
0x5A5A , 4922 
0x6E6E , 5616 

15:43:24.384:
0x2020 , 4626 
0x3E3E , 6120 
0x1
15:43:24.400:
C1C , 4890 
0x5A5A , 4951 
0x6E6E , 5525 

15:43:24.963:
0x2020 , 4626 
0x3E3E , 6152 
0x1C1C , 4812 
0x5A5A , 4946 
0x6E6E , 5510 

15:43:25.532:
0x2020 , 4631 
0x3E3E , 6111 
0x1C1C , 4862 
0x5A5A , 4970 
0x6E6E , 5429 

15:43:26.102:
0x2020 , 4393 
0x3E3E , 6032 
0x1C1C , 4816 
0x5A5A , 4989 
0x6E6E , 5450 

15:43:26.665:
0x2020 , 4354 
0x3E3E , 6032 
0x1C1C , 
15:43:26.688:
4789 
0x5A5A , 4879 
0x6E6E , 5409 

15:43:27.266:
0x2020 , 4335 
0x3E3E , 6050 
0x1C1C , 4848 
0x5A5A , 4955 
0x6E6E , 5465 

15:43:27.851:
0x2020 , 4359 
0x3E3E , 5893 
0x1C1C , 4743 
0x5A5A , 4903 
0x6E6E , 5470 

15:43:28.437:
0x2020 , 4223 
0x3E3E , 5976 
0x1C1C , 4748 
0x5A5A , 5146 
0x6E6E , 5540 

15:43:29.122:
0x2020 , 4189 
0x3E3E , 5990 
0x1C1C , 4739 
0x5A5A , -339 
0x6E6E , 5540 

15:43:29.691:
0x2020 , 3966 

15:43:29.723:
0x3E3E , 5981 
0x1C1C , 4890 
0x5A5A , -339 
0x6E6E , 5344 

15:43:30.324:
0x2020 , 3889 
0x3E3E , 6032 
0x1C1C , 5031 
0x5A5A , 5294 
0x6E6E , 5339 

15:43:30.924:
0x2020 , 3801 
0x3E3E , 6009 
0x1C1C , 5077 
0x5A5A , 5346 
0x6E6E , 5616 

15:43:31.472:
0x2020 , 3641 
0x3E3E , 6018 

15:43:31.491:
0x1C1C , 5205 
0x5A5A , 5513 
0x6E6E , 5208 

15:43:32.057:
0x2020 , 3501 
0x3E3E , 6004 
0x1C1C , 5241 
0x5A5A , 5270 
0x6E6E , 5243 

15:43:32.627:
0x2020 , 3510 
0x3E3E , 5930 
0x1C1C , 5351 
0x5A5A , 5709 
0x6E6E , 5298 

15:43:33.197:
0x2020 , 3884 
0x3E3E , 5702 
0x1C1C , 5542 
0x5A5A , 5614 
0x6E6E , 5334 

15:43:33.944:
0x2020 , 3365 
0x3E3E , 5758 
0x1C1C , 5638 
0x5A5A , -339 
0x6E6E , -796 

15:43:34.878:
0x2020 , -291 
0x3E3E , -218 
0x1C1C , -159 
0x5A5A , 5847 
0x6E6E , -796 

15:43:35.532:
0x2020 , 2928 
0x3E3E , 5962 
0x
15:43:35.547:
1C1C , 5720 
0x5A5A , 6124 
0x6E6E , -796 

15:43:36.132:
0x2020 , 2846 
0x3E3E , 5786 
0x1C1C , 5812 
0x5A5A
15:43:36.148:
 , 6124 
0x6E6E , 5228 

15:43:36.718:
0x2020 , 2764 
0x3E3E , 5948 
0x1C1C , 5953
15:43:36.733:
 
0x5A5A , 6186 
0x6E6E , 5218 

15:43:37.334:
0x2020 , 2652 
0x3E3E , 5855 
0x1C1C , 6095 
0x5A5A , 6157 
0x6E6E , 5167 

15:43:37.935:
0x2020 , 2618 
0x3E3E , 5916 
0x1C1C , 6182 
0x5A5A , 6377 
0x6E6E , 5172 

15:43:38.535:
0x2020 , 2579 
0x3E3E , 6009 
0x1C1C , 6328 
0x5A5A , 6549 
0x6E6E , 5157 

15:43:39.183:
0x2020 , 2414 
0x3E3E , 5990 
0x1C1C , 6373 
0x5A5A , 6649 
0x6E6E , 5157 

15:43:39.837:
0x2020 , 2347 
0x3E3E , 5990 
0x1C1C , 6501 
0x5A5A , -339 
0x6E6E , 5183 

15:43:40.502:
0x2020 , 2162 
0x3E3E , 6050 
0x1C1C , 6757 
0x5A5A , 7045 
0x6E6E , 5354 

15:43:41.154:
0x2020 , 2812 
0x3E3E , 6064 
0x1C1C , 6848 
0x5A5A , -339 
0x6E6E , 5409 

15:43:41.723:
0x2020 , 2434 
0x3E3E , 5944 
0x1C1C , 705
15:43:41.738:
8 
0x5A5A , 7240 
0x6E6E , 4875 

15:43:42.324:
0x2020 , 2089 
0x3E3E , 5804 
0x1C1C , 7049 
0x5A5A , 7359 
0x6E6E , 5520 

15:43:42.909:
0x2020 , 1973 
0x3E3E , 5665 
0x1C1C , 6999 
0x5A5A , 7369 
0x6E6E , 5621 

15:43:43.488:
0x2020 , 1692 
0x3E3E , 6064 
0x1C1C , 6889 
0x5A5A , 7359 
0x6E6E , 5727 

15:43:44.073:
0x2020 , 1512 
0x3E3E , 5739 
0x1C1C , 674
15:43:44.089:
8 
0x5A5A , 7312 
0x6E6E , 5853 

15:43:44.659:
0x
15:43:44.674:
2020 , 1527 
0x3E3E , 5498 
0x1C1C , 6474 
0x5A5A , 7307 
0x6E6E , 5742 

15:43:45.275:
0x2020 , 1284 
0x3E3E , 5104 
0x1C1C , 6985 
0x5A5A , 7135 
0x6E6E , 5933 

15:43:45.892:
0x2020 , 1323 
0x3E3E , 5350 
0x1C1C , 6716 
0x5A5A , 7078 
0x6E6E , 6180 

15:43:46.431:
0x2020 , 1440 
0x3E3E , 5145 

15:43:46.446:
0x1C1C , 6561 
0x5A5A , 7121 
0x6E6E , 6311 

15:43:47.015:
0x2020 , 1760 
0x3E3E , 4890 
0x1C1C , 6442 
0x5A5A , 6987 
0x6E6E , 6402 

15:43:47.579:
0x2020 , 2056 
0x3E3E , 4941 
0x1C1C , 6255 
0x5A5A , 6758 
0x6E6E , 6150 

15:43:48.164:
0x2020 , 2725 
0x3E3E , 4719 
0x1C1C , 6022 
0x5A5A , 6615 
0x6E6E , 6523 

15:43:48.718:
0x2020 , 2390 
0x3E3E , 4654 
0x1
15:43:48.734:
C1C , 5835 
0x5A5A , 6754 
0x6E6E , 6517 

15:43:49.319:
0x2020 , 2618 
0x3E3E , 4338 
0x1C1C , 5784 
0x5A5A , 6749 
0x6E6E , 6664 

15:43:49.899:
0x2020 , 2502 
0x3E3E , 4078 
0x1C1C , 5652 
0x5A5A , 6873 
0x6E6E , 6795 

15:43:50.499:
0x2020 , 2264 
0x3E3E , 3869 
0x1C1C , 5428 
0x5A5A , 7045 
0x6E6E , 7117 

15:43:51.068:
0x2020 , 2468 
0x3E3E , 3744 
0x1C1C , 5337 

15:43:51.084:
0x5A5A , 6987 
0x6E6E , 7359 

15:43:51.669:
0
15:43:51.685:
x2020 , 2327 
0x3E3E , 3591 
0x1C1C , 5182 
0x5A5A , 7135 
0x6E6E , 7626 

15:43:52.286:
0x2020 , 3093 
0x3E3E , 3693 
0x1C1C , 4899 
0x5A5A , 6997 
0x6E6E , 7616 

15:43:52.887:
0x2020 , 2962 
0x3E3E , 3633 
0x1C1C , 4602 
0x5A5A , 6964 
0x6E6E , 7570 

15:43:53.426:
0x2020 , 2768 
0x3E3E , 3721 

15:43:53.442:
0x1C1C , 4396 
0x5A5A , 6835 
0x6E6E , 7495 

15:43:54.026:
0x2020 , 3006 
0x3E3E , 3739 
0x1C1C , 4410 
0x5A5A , 7092 
0x6E6E , 7349 

15:43:54.590:
0x2020 , 3050 
0x3E3E , 4231 
0x1C1C , 4470 
0x5A5A , 7006 
0x6E6E , 7555 

15:43:55.160:
0x2020 , 3253 
0x3E3E , 4273 
0x1C1C , 4415 
0x5A5A , 6730 
0x6E6E , 7021 

15:43:55.729:
0x2020 , 3389 
0x3E3E , 4347 
0x1C1C , 
15:43:55.745:
4333 
0x5A5A , 6620 
0x6E6E , 6956 

15:43:56.330:
0x2020 , 3486 
0x3E3E , 4510 
0x1C1C , 4748 
0x5A5A , 6591 
0x6E6E , 6699 

15:43:56.909:
0x2020 , 3603 
0x3E3E , 4542 
0x1C1C , 4816 
0x5A5A , 6334 
0x6E6E , 7328 

15:43:57.493:
0x2020 , 3734 
0x3E3E , 4728 
0x1C1C , -159 
0x5A5A , 6267 
0x6E6E , 6971 

15:43:58.431:
0x2020 , -291 
0x3E3E , -218 

15:43:58.447:
0x1C1C , 4355 
0x5A5A , -339 
0x6E6E , -796 

15:43:59.210:
0x2020 , 3976 
0x3E3E , 4951 
0x1C1C , 4702 
0x5A5A , -339 
0x6E6E , -796 

15:43:59.896:
0x2020 , 3666 
0x3E3E , 5623 
0x1C1C , 48
15:43:59.911:
62 
0x5A5A , 5528 
0x6E6E , -796 

15:44:00.512:
0x2020 , 3961 
0x3E3E , 5623 
0x1C1C , 4684 
0x5A5A , 5423 
0x6E6E , 5908 

15:44:01.050:
0x2020 , 4054 
0x3E3E , 5832 
0x1C1C , 
15:44:01.066:
4830 
0x5A5A , 5265 
0x6E6E , 5868 

15:44:01.635:
0x2020 , 4306 
0x3E3E , 6143 
0x1C1C , -159 
0x5A5A , 5165 
0x6E6E , 5762 

15:44:02.568:
0x2020 , -291 
0x3E3E , -218 
0x1C1C , 4894 
0x5A5A , -339 
0x6E6E , -796 

15:44:03.316:
0x2020 , 4660 
0x3E3E , 6380 
0x1C1C , 5447 
0x5A5A , -339 
0x6E6E , -796 

15:44:03.985:
0x2020 , 5053 
0x3E3E , 6561 
0x1C1C , 5104 
0x5A5A , 4602 
0x6E6E , -796 

15:44:04.540:
0x2020 ,
15:44:04.555:
 5310 
0x3E3E , 6570 
0x1C1C , 4721 
0x5A5A , 4302 
0x6E6E , 5152 

15:44:05.140:
0x2020 , 5470 
0x3E3E , 6533 
0x1C1C , 4401 
0x5A5A , 3887 
0x6E6E , 5324 

15:44:05.741:
0x2020 , 5644 
0x3E3E , 6370 
0x1C1C , 4200 
0x5A5A , 3768 
0x6E6E , 5636 

15:44:06.304:
0x2020 , 5368 
0x3E3E , 6292 
0x1C1C , 3
15:44:06.320:
990 
0x5A5A , 3958 
0x6E6E , 5853 

15:44:06.921:
0x2020 , 5785 
0x3E3E , 6217 
0x1C1C , 3817 
0x5A5A , 4035 
0x6E6E , 6054 

15:44:07.521:
0x2020 , 5945 
0x3E3E , 6157 
0x1C1C , 3652 
0x5A5A , 4197 
0x6E6E , 6276 

15:44:08.139:
0x2020 , 6265 
0x3E3E , 5925 
0x1C1C , 3492 
0x5A5A , 4369 
0x6E6E , 6517 

15:44:08.676:
0x2020 , 6163 
0x3E3E , 5874 
0
15:44:08.691:
x1C1C , 3310 
0x5A5A , 4412 
0x6E6E , 6724 

15:44:09.161:
num_of_tries to send the NodeID: 2

15:44:09.245:
num_of_tries to send the NodeID: 3

15:44:09.345:
num_of_tries to send the NodeID: 4

15:44:09.445:
ACK of Tag receivement from nodeID
15:44:09.461:
 is missing! 

15:44:10.025:
0x2020 , 6037 
0x3E3E , 5647 
0x1C1C , 2926 
0x5A5A , 4650 
0x6E6E , 7132 

15:44:10.609:
0x2020 , 6076 
0x3E3E , 5623 
0x1C1C , 2785 
0x5A5A , 4702 
0x6E6E , 7263 

15:44:11.164:
0x2020 , 6018 
0x3E3E , 5582 
0x1C1
15:44:11.179:
C , 2588 
0x5A5A , 4793 
0x6E6E , 7500 

15:44:11.764:
0x2020 , 6061 
0x3E3E , 5419 
0x1C1C , 2342 
0x5A5A , 4855 
0x6E6E , 7631 

15:44:12.350:
0x2020 , 6241 
0x3E3E , 5684 
0x1C1C , 2237 
0x5A5A , 4798 
0x6E6E , 7721 

15:44:12.944:
0x2020 , 6294 
0x3E3E , 6352 
0x1C1C , 2310 
0x5A5A , 4621 
0x6E6E , 7782 

15:44:13.514:
0x2020 , 6406 
0x3E3E , 5526 
0x1C1C , 270
15:44:13.529:
3 
0x5A5A , 5084 
0x6E6E , 7560 

15:44:14.129:
0x2020 , 6474 
0x3E3E , 5660 
0x1C1C , 2712 
0x5A5A , 4989 
0x6E6E , 7626 

15:44:14.730:
0x2020 , 6687 
0x3E3E , 5721 
0x1C1C , 2634 
0x5A5A , 4741 
0x6E6E , 7364 

15:44:15.331:
0x2020 , 6668 
0x3E3E , 5934 
0x1C1C , 2735 
0x5A5A , 4469 
0x6E6E , 7223 

15:44:15.869:
0x2020 , 6803 
0x3E3E , 6106 
0x1C1C ,
15:44:15.885:
 -159 
0x5A5A , 4345 
0x6E6E , 7308 

15:44:16.817:
0x2020 , -291 
0x3E3E , -218 
0x1C1C , 3072 
0x5A5A , -339 
0x6E6E , -796 

15:44:17.556:
0x2020 , 7056 
0x3E3E , 6542 
0x1C1C , -159 
0x5A5A , -339 
0x6E6E , -796 

15:44:18.472:
0x2020 , -291 
0x3E3E , -218 
0x1C1C , 3730 
0x5A5A ,
15:44:18.488:
 -339 
0x6E6E , -796 

15:44:19.220:
0x2020 , 6930 
0x3E3E , 6974 

15:44:19.236:
0x1C1C , 4013 
0x5A5A , -339 
0x6E6E , -796 

15:44:19.890:
0x2020 , 6828 
0x3E3E , 7127 
0x1C1C , 414
15:44:19.905:
5 
0x5A5A , 2694 
0x6E6E , -796 

15:44:20.490:
0x2020 , 6794 
0x3E3E , 7892 
0x1C1C , 4154 
0x5A5A , 2594 
0x6E6E , 6341 

15:44:21.090:
0x2020 , 6774 
0x3E3E , 7999 
0x1C1C , 4291 
0x5A5A , 2627 
0x6E6E , 6135 

15:44:21.660:
0x2020 , 6711 
0x3E3E , 7874 
0x1C1C , 439
15:44:21.676:
6 
0x5A5A , 2589 
0x6E6E , 5918 

15:44:22.277:
0x2020 , 6576 
0x3E3E , 7475 
0x1C1C , 4565 
0x5A5A , 2217 
0x6E6E , 5868 

15:44:22.878:
0x2020 , 6580 
0x3E3E , 7526 
0x1C1C , 4680 
0x5A5A , 2146 
0x6E6E , 5626 

15:44:23.478:
0x2020 , 6682 
0x3E3E , 7698 
0x1C1C , -159 
0x5A5A , 2694 
0x6E6E , 5379 

15:44:24.380:
0x2020 , -291 
0x3E3E , -2
15:44:24.395:
18 
0x1C1C , 5086 
0x5A5A , -339 
0x6E6E , -796 

15:44:25.144:
0x2020 , 6639 
0x3E3E , 7860 
0x1C1C , 5364 
0x5A5A , -339 
0x6E6E , -796 

15:44:25.782:
0x2020 , 6682 
0x3E3E , 8783 

15:44:25.797:
0x1C1C , 5707 
0x5A5A , 2470 
0x6E6E , -796 

15:44:26.365:
0x2020 , 6643 
0x3E3E , 8111 
0x1C1C , 59
15:44:26.367:
67 
0x5A5A , 2394 
0x6E6E , 4412 

15:44:26.931:
0x2020 , 6692 
0x3E3E ,
15:44:26.947:
 8282 
0x1C1C , 6136 
0x5A5A , 2294 
0x6E6E , 3994 

15:44:27.531:
0x2020 , 6687 
0x3E3E , 8162 
0x1C1C , 6182 
0x5A5A , 2427 
0x6E6E , 3898 

15:44:28.117:
0x2020 , 6808 
0x3E3E , 8510 
0x1C1C , 6428 
0x5A5A , 2241 
0x6E6E , 3777 

15:44:28.718:
0x2020 , 6896 
0x3E3E , 9266 
0x1C1C , 6739 
0x5A5A , 2384 
0x6E6E , 3671 

15:44:29.287:
0x2020 , 6842 
0x3E3E , 8895 
0x1C1C , 6830 

15:44:29.303:
0x5A5A , 2532 
0x6E6E , 3515 

15:44:31.036:
0x2020 , -291 
0x3E3E , -218 
0x1C1C , -159 
0x5A5A , -339
15:44:31.051:
 
0x6E6E , -796 

15:44:31.652:
0x2020 , 7279 
0x3E3E , 9674 
0x1C1C , 7364 
0x5A5A , 2351 
0x6E6E , 3032 

15:44:32.253:
0x2020 , 7051 
0x3E3E , 9257 
0x1C1C , 7218 
0x5A5A , 2623 
0x6E6E , 2618 

15:44:32.791:
0x2020 , 6784 
0x3E3E , 9043 
0x1C1
15:44:32.807:
C , 7099 
0x5A5A , 2613 
0x6E6E , 2624 

15:44:33.376:
0x2020 , 6546 
0x3E3E , 8834 
0x1C1C , 6921 
0x5A5A , 2713 
0x6E6E , 2749 

15:44:33.955:
0x2020 , 6503 
0x3E3E , 8663 
0x1C1C , 6739 
0x5A5A , 2871 
0x6E6E , 3006 

15:44:34.524:
0x2020 , 6532 
0x3E3E , 8672 
0x1C1C , 6638 
0x5A5A , 3162 
0x6E6E , 3419 

15:44:36.998:
0x2020 , 5640 
15:44:37.029:

0x3E3E , 8593 
0x1C1C , 6401 
0x5A5A , 3386 
0x6E6E , 3727 

15:44:37.582:
0x2020 , 5867 
0x3
15:44:37.598:
E3E , 7614 
0x1C1C , 6428 
0x5A5A , 3381 
0x6E6E , 3938 

15:44:38.199:
0x2020 , 5426 
0x3E3E , 7521 
0x1C1C , 6186 
0x5A5A , 3424 
0x6E6E , 4019 

15:44:38.784:
0x2020 , 5087 
0x3E3E , 8027 
0x1C1C , 5999 
0x5A5A , 3496 
0x6E6E , 4170 

15:44:39.364:
0x2020 , 5019 
0x3E3E , 7809 
0x1C1C , 
15:44:39.380:
5844 
0x5A5A , 3648 
0x6E6E , 4372 

15:44:39.980:
0x2020 , 5150 
0x3E3E , 7609 
0x1C1C , 5689 
0x5A5A , 3734 
0x6E6E , 4613 

15:44:40.565:
0x2020 , 5446 
0x3E3E , 7507 
0x1C1C , 5501 
0x5A5A , 3925 
0x6E6E , 4734 

15:44:41.185:
0x2020 , 5353 
0x3E3E , 6593 
0x1C1C , 4981 
0x5A5A , 4030 
0x6E6E , 5112 

15:44:41.720:
0x2020 , 5179 
0x3E3E , 6222 
0
15:44:41.735:
x1C1C , 5049 
0x5A5A , 4292 
0x6E6E , 5001 

15:44:42.305:
0x2020 , 4092 
0x3E3E , 6115 
0x1C1C , 5132 
0x5A5A , 4683 
0x6E6E , 4477 

15:44:42.868:
0x2020 , 4626 
0x3E3E , 6143 
0x1C1C , 5360 
0x5A5A , 4955 
0x6E6E , 4613 

15:44:43.453:
0x2020 , 4398 
0x3E3E , 6046 
0x1C1C , 5501 
0x5A5A , 5065 
0x6E6E , 5052 

15:44:44.007:
0x2020 , 3389 
0x3E3E , 5995 
0x1C1C , -
15:44:44.022:
159 
0x5A5A , 5389 
0x6E6E , 5117 

15:44:44.954:
0x2020 , -291 
0x3E3E , -218 
0x1C1C , 5752 
0x5A5A , -339 
0x6E6E , -796 

15:44:45.724:
0x2020 , 3118 
0x3E3E , 6111 
0x1C1C , 6246 
0x5A5A , -339 
0x6E6E , -796 

15:44:46.372:
0x20
15:44:46.410:
20 , 3132 
0x3E3E , 6254 
0x1C1C , 6488 
0x5A5A , 6033 
0x6E6E , -796 

15:44:46.973:
0x2020 , 3404 
0x3E3E , 6737 
0x1C1C , -159 
0x5A5A , 
15:44:46.995:
5962 
0x6E6E , 4190 

15:44:47.943:
0x2020 , -291 
0x3E3E , -218 
0x1C1C , 6816 
0x5A5A , -339 
0x6E6E , -796 

15:44:48.728:
0x2020 , 3704 
0x3E3E , 7145 
0x1C1C , 7401 
0x5A5A , -339 
0x6E6E , -796 

15:44:49.398:
0x2020 , 372
15:44:49.414:
4 
0x3E3E , 7234 
0x1C1C , 7291 
0x5A5A , 5928 
0x6E6E , -796 

15:44:49.961:
0x2020 , 3646 
0x3E3E , 7317 
0x1C1C , 7405 

15:44:49.977:
0x5A5A , 5962 
0x6E6E , 3676 

15:44:50.547:
0x2020 , 3384 
0x3E3E , 7303 
0x1C1C , 7474 
0x5A5A , 6100 
0x6E6E , 4115 

15:44:51.116:
0x2020 , 3637 
0x3E3E , 6825 
0x1C1C , 7355 
0x5A5A , 6186 
0x6E6E , 3979 

15:44:51.696:
0x2020 , 3234 
0x3E3E , 7187 
0x1C1C , 7405 
0x5A5A , 6033 
0x6E6E , 3767 

15:44:52.350:
0x2020 , 3186 
0x3E3E , 6807 
0x1C1C , 7378 
0x5A5A , -339 
0x6E6E , -796 

15:44:53.367:
0x2020 , -291 
0x3E3E , -218 
0x1C1C , -159 
0x5A5A , -339
15:44:53.382:
 
0x6E6E , -796 

15:44:54.052:
0x2020 , 2914 
0x3E3E , 6203 
0x1C1C , 6615 
0x5A5A , -339 
0x6E6E , 4694 

15:44:54.985:
0x2020 , -291 
0x3E3E , -218 
0x1C1C , -159 
0x5A5A , 5709 
0x6E6E , -796 

15:44:55.670:
0x2020 , 2895 
0x3E3E , 5893 
0x1C1C , 6045 
0x5A5A , 5699 
0x6E6E , -796 

15:44:56.239:
0x2020 , 2962
15:44:56.270:
 
0x3E3E , 5605 
0x1C1C , 5752 
0x5A5A , 5690 
0x6E6E , 5379 

15:44:56.871:
0x2020 , 3035 
0x3E3E , 5354 
0x1C1C , 5752 
0x5A5A , 5719 
0x6E6E , 5772 

15:44:57.471:
0x2020 , 3321 
0x3E3E , 5122 
0x1C1C , 5497 
0x5A5A , 5800 
0x6E6E , 6225 

15:44:58.010:
0x2020 , 3472 
0x3E3E , 4946 
0x1C1C , -15
15:44:58.025:
9 
0x5A5A , 5776 
0x6E6E , 6356 

15:44:59.042:
0x2020 , -291 
0x3E3E , -218 
0x1C1C , 5031 
0x5A5A , -339 
0x6E6E , -796 

15:44:59.790:
0x2020 , 3719 
0x3E3E , 4542 
0x1C1C , 4762 
0x5A5A , -339 
0x6E6E , -796 

15:45:00.444:
0x2020 , 3792 
0x3E3E , 4705 
0x1C1C , 3931 
0x5A5A , 6009 
0x6E6E , -796 

15:45:01.014:
0x2020 , 3593 
0x3E3E , 4166 
0x1C1C , -159 

15:45:01.030:
0x5A5A , 6224 
0x6E6E , 7439 

15:45:01.962:
0x2020 , -291 
0x3E3E , -218 
0x1C1C , 3392 
0x5A5A , -339 
0x6E6E , -796 

15:45:02.716:
0x2020 , 3898 
0x3E3E , 3489 
0x1C1C , 3817 
0x5A5A , -339 
0x6E6E , -796 

15:45:03.395:
0x2020 , 4209 
0x3E3E , 3410 
0x1C1C , -159 
0x5A5A , 6763 
0x6E6E , -796 

15:45:04.335:
0x2020 , -291 
0x3E3E , -218 

15:45:04.350:
0x1C1C , 3182 
0x5A5A , -339 
0x6E6E , -796 

15:45:05.120:
0x2020 , 4379 
0x3E3E , 3610 
0x1C1C , -159 
0x5A5A , -339 
0x6E6E , -796 

15:45:06.069:
0x2020 , -291 
0x3E3E , -218 
0x1C1C , 2474 
0x5A5A , -339 
0x6E6E , -796 

15:45:06.854:
0x2020 , 4990 
0x3E3E , 3726 
0x1C1C , 2461 
0x5A5A , -339 
0x6E6E , -796 

15:45:07.503:
0x2020 , 5218 
0x3E3E , 3832 
0x1C1C , 2310 
0x5A5A , 6243 
0x6E6E , -796 

15:45:08.072:
0x2020 , 5387 
0x3E3E , 4092 
0x1C1C , 2123 
0x5A5A , 6181 
0x6E6E , 8009 

15:45:08.642:
0x2020 , 5446 
0x3E3E , 4473 
0x1C1C , 2031 
0x5A5A , 6043 
0x6E6E , 8014 

15:45:09.225:
0x2020 , 5751 
0x3E3E , 4612 
0x1C1C , 1990 
0x5A5A , 5885 
0x6E6E , 8094 

15:45:09.774:
0x2020 , 5901 
0x3E3E , 4737 
0x1C1C , 2
15:45:09.789:
091 
0x5A5A , 5695 
0x6E6E , 7973 

15:45:10.374:
0x2020 , 6144 
0x3E3E , 5029 
0x1C1C , 2424 
0x5A5A , 5413 
0x6E6E , 7767 

15:45:11.028:
0x2020 , 6241 
0x3E3E , 5215 
0x1C1C 
15:45:11.044:
, 2360 
0x5A5A , -339 
0x6E6E , 8230 

15:45:11.630:
0x2020 , 6420 
0x3E3E , 5419 
0x1C1C , 2525 
0x5A5A , 
15:45:11.645:
4960 
0x6E6E , 8114 

15:45:12.209:
0x2020 , 6323 
0x3E3E , 5651 
0x1C1C , 2611 
15:45:12.231:

0x5A5A , 4583 
0x6E6E , 7898 

15:45:12.831:
0x2020 , 6173 
0x3E3E , 6194 
0x1C1C , 2429 
0x5A5A , 4364 
0x6E6E , 7802 

15:45:13.432:
0x2020 , 6222 
0x3E3E , 5971 
0x1C1C , 2529 
0x5A5A , 4245 
0x6E6E , 7580 

15:45:14.032:
0x2020 , 6091 
0x3E3E , 6111 
0x1C1C , -159 
0x5A5A , 4097 
0x6E6E , 7308 

15:45:14.933:
0x2020 , -291 
0x3E3E , -
15:45:14.949:
218 
0x1C1C , 3009 
0x5A5A , -339 
0x6E6E , -796 

15:45:15.698:
0x2020 , 6018 
0x3E3E , 6723 
0x1C1C , 3296 
0x5A5A , -339 
0x6E6E , -796 

15:45:16.336:
0x2020 , 5974 
0x3E3E , 6528 
0
15:45:16.352:
x1C1C , 3680 
0x5A5A , 3448 
0x6E6E , -796 

15:45:16.915:
0x2020 , 6008 
0x3E3E , 6551 
0x1C1C , 3922 

15:45:16.933:
0x5A5A , 3267 
0x6E6E , 6205 

15:45:17.484:
0x2020 , 6047 
0x3E3E , 6779 

15:45:17.500:
0x1C1C , 4086 
0x5A5A , 3095 
0x6E6E , 5878 

15:45:18.085:
0x2020 , 5926 
0x3E3E , 6983 
0x1C1C , 4150 
0x5A5A , 3028 
0x6E6E , 5706 

15:45:18.670:
0x2020 , 5780 
0x3E3E , 6844 
0x1C1C , 4164 
0x5A5A , 3500 
0x6E6E , 5711 

15:45:19.255:
0x2020 , 6270 
0x3E3E , 6858 
0x1C1C , 4255 
0x5A5A , 3500 
0x6E6E , 5686 

15:45:19.841:
0x2020 , 5606 
0x3E3E , 6649 
0x1C1C , 418
15:45:19.856:
6 
0x5A5A , 3710 
0x6E6E , 5711 

15:45:20.541:
0x2020 , 5969 
0x3E3E , 6579 
0x1C1C , 4150 
0x5A5A , 3534 
0x6E6E , 5661 

15:45:21.142:
0x2020 , 5853 
0x3E3E , 6370 
0x1C1C , 4200 
0x5A5A , 3935 
0x6E6E , 5717 

15:45:21.743:
0x2020 , 5703 
0x3E3E , 6278 
0x1C1C , 4186 
0x5A5A , 3782 
0x6E6E , 5621 

15:45:22.291:
0x2020 , 5722 
0x3E3E , 6050 
0x1C1
15:45:22.306:
C , 4136 
0x5A5A , 4049 
0x6E6E , 5701 

15:45:22.876:
0x2020 , 5504 
0x3E3E , 5888 
0x1C1C , 4173 
0x5A5A , 4159 
0x6E6E , 5611 

15:45:23.446:
0x2020 , 5232 
0x3E3E , 5721 
0x1C1C , 4132 
0x5A5A , 4283 
0x6E6E , 5621 

15:45:24.024:
0x2020 , 5092 
0x3E3E , 5670 
0x1C1C , 4118 
0x5A5A , 4426 
0x6E6E , 5611 

15:45:24.578:
0x2020 , 4752 
0x3E3E , 5684 
0x1C1C
15:45:24.594:
 , 4241 
0x5A5A , 4674 
0x6E6E , 6235 

15:45:25.179:
0x2020 , 4704 
0x3E3E , 5600 
0x1C1C , 4269 
0x5A5A , 4769 
0x6E6E , 5621 

15:45:25.765:
0x2020 , 4495 
0x3E3E , 5275 
0x1C1C , 4291 
0x5A5A , 5003 
0x6E6E , 6281 

15:45:26.350:
0x2020 , 4301 
0x3E3E , 5071 
0x1C1C , 4355 
0x5A5A , 5242 
0x6E6E , 6407 

15:45:26.929:
0x2020 , 3748 
0x3E3E , 4927 
0x1C1C , 4401 
15:45:26.950:

0x5A5A , 5418 
0x6E6E , 6397 

15:45:27.549:
0x2020 , 3438 
0x3E3E , 4886 
0x1C1C , 4470 
0x5A5A , 5633 
0x6E6E , 6407 

15:45:28.151:
0x2020 , 3525 
0x3E3E , 4835 
0x1C1C , 4680 
0x5A5A , 5742 
0x6E6E , 6346 

15:45:28.815:
0x2020 , 3409 

15:45:28.830:
0x3E3E , 4788 
0x1C1C , 4853 
0x5A5A , -339 
0x6E6E , 6311 

15:45:29.384:
0x2020 , 3249 
0x3E3E , 4640 
0x1C1C , 4985 
0
15:45:29.400:
x5A5A , 6267 
0x6E6E , 6583 

15:45:30.032:
0x2020 , 3079 
0x3E3E , 4371 
0x1C1C , 5058 
0x5A5A , -3
15:45:30.054:
39 
0x6E6E , 6482 

15:45:30.617:
0x2020 , 2473 
0x3E3E , 4737 
0x1C1C , 4871 
0x5A5A , 6520 
0x6E6E , 6905 

15:45:31.202:
0x2020 , 2768 
0x3E3E , 4375 
0x1C1C , 4657 
0x5A5A , 6467 
0x6E6E , 6946 

15:45:31.755:
0x
15:45:31.787:
2020 , 3166 
0x3E3E , 4259 
0x1C1C , 5027 
0x5A5A , 6229 
0x6E6E , 7046 

15:45:32.335:
0x2020 , 2
15:45:32.356:
982 
0x3E3E , 4157 
0x1C1C , 4803 
0x5A5A , 6238 
0x6E6E , 7077 

15:45:34.090:
0x2020 , 3457 

15:45:34.105:
0x3E3E , 3786 
0x1C1C , 4479 
0x5A5A , 6558 
0x6E6E , 7601 

15:45:34.691:
0x2020 , 3278 
0x3E3E , 3633 
0x1C1C , 4246 
0x5A5A , 668
15:45:34.706:
7 
0x6E6E , 7852 

15:45:35.275:
0x2020 , 3447 

15:45:35.307:
0x3E3E , 3466 
0x1C1C , 3999 
0x5A5A , 6777 
0x6E6E , 7923 

15:45:35.908:
0x2020 , 3428 
0x3E3E , 3340 
0x1C1C , 3803 
0x5A5A , 6902 
0x6E6E , 8185 

15:45:36.509:
0x2020 , 3758 
0x3E3E , 3308 
0x1C1C , 3652 
0x5A5A , 6758 
0x6E6E , 8129 

15:45:37.058:
0x2020 , 3889 
0x3E3E , 3285 

15:45:37.062:
0x1C1C , 3383 
0x5A5A , 6668 
0x6E6E , 8180 

15:45:37.641:
0x2020 , 4010 
0x3E3E , 3781 
0x1C1C , 3109 
0x5A5A , 6725 
0x6E6E , 8276 

15:45:38.211:
0x2020 , 4204 
0x3E3E , 3141 
0x1C1C , 2844 
0x5A5A , 6482 
0x6E6E , 8286 

15:45:38.843:
0x2020 , 4456 
0x3E3E , 3373 
0x1C
15:45:38.865:
1C , 2684 
0x5A5A , 6491 
0x6E6E , 8331 

15:45:39.428:
0x2020 , 4679 
0x3E3E , 
15:45:39.444:
3684 
0x1C1C , -159 
0x5A5A , 6358 
0x6E6E , 8381 

15:45:40.383:
0x2020 , -291 
0x3E3E , -218 
0x1C1C , -159 
0x5A5A , -339 
0x6E6E , -796 

15:45:41.146:
0x2020 , 5184 
0x3E3E , 3828 
0x1C1C , 2342 
0x5A5A , -339 
0x6E6E , -796 

15:45:41.732:
0x2020 , 5397 
0x3E3E , 4018 
0x1C1C , -159 
0x5A5A , 6215 
0x6E6E , 8129 

15:45:46.152:
0x2020 , 5383 
0x3E3E , 5600 
0x1C1C , 2474 
0x5A5A , 5227 
0x6E6E , 7721 

15:45:46.738:
0x2020 , 53
15:45:46.753:
19 
0x3E3E , 5535 
0x1C1C , 2588 
0x5A5A , 5208 
0x6E6E , 7359 

15:45:47.354:
0x2020 , 5092 
0x3E3E , 5507 
0x1C1C , 2776 
0x5A5A , 5036 
0x6E6E , 7273 

15:45:47.955:
0x2020 , 4985 
0x3E3E , 5614 
0x1C1C , 2990 
0x5A5A , 5089 
0x6E6E , 7001 

15:45:48.509:
0x2020 , 4674 
0x3E3E , 5466 

15:45:48.524:
0x1C1C , 3264 
0x5A5A , 5108 
0x6E6E , 6669 

15:45:49.094:
0x2020 , 4607 
0x3E3E , 5698 
0x1C1C , 3502 
0x5A5A , 5184 
0x6E6E , 6598 

15:45:49.658:
0x2020 , 4495 
0x3E3E , 5145 
0x1C1C , -159 
0x5A5A , 5094 
0x6E6E , 6301 

15:45:50.559:
0x2020 , -291 
0x3E3E , -218 
0x1C1C , 3990 
0x5A5A 
15:45:50.580:
, -339 
0x6E6E , -796 

15:45:51.313:
0x2020 , 4175 
0x3E3E , 5517 
15:45:51.328:

0x1C1C , 4205 
0x5A5A , -339 
0x6E6E , -796 

15:45:51.982:
0x2020 , 4170 
0x3E3E , -2023 
0x1C1C 
15:45:51.998:
, 4319 
0x5A5A , 5652 
0x6E6E , -796 

15:45:52.600:
0x2020 , 3399 
0x3E3E , 5016 
0x1C1C , 4396 
0x5A5A , 5404 
0x6E6E , 6220 

15:45:53.247:
0x2020 , 4025 
15:45:53.279:

0x3E3E , 5062 
0x1C1C , 4556 
0x5A5A , -339 
0x6E6E , -796 

15:45:54.201:
0x2020 , -291 
0x3E3E , -218 
0x1C1C , -159 

15:45:54.217:
0x5A5A , 6019 
0x6E6E , -796 

15:45:54.887:
0x2020 , 3224 
0x3E3E , 4528 
0x1C1C , 4766 
0x5A5A , 630
15:45:54.903:
5 
0x6E6E , -796 

15:45:55.504:
0x2020 , 2317 
0x3E3E , 4338 
0x1C1C , 4912 
0x5A5A , 6510 
0x6E6E , 6684 

15:45:56.105:
0x2020 , 2371 
0x3E3E , 4394 
0x1C1C , 4940 
0x5A5A , 6677 
0x6E6E , 6719 

15:45:56.752:
0x2020 , 2162 
0x3E3E , 4371 
0x1C1C , 5323 
0x5A5A , -339 
0x6E6E , 6457 

15:45:57.321:
0x2020 , 1992 
0x3E3E , 4612 
0x1C1C , 5771 
0x5A5A , 7107 
0x6E6E , 6306 

15:45:57.891:
0x2020 , 2259 
0x3E3E , 4937 
0x1C1C , 5848 
0x5A5A , 7011 
0x6E6E , 6135 

15:45:58.470:
0x2020 , 2303 
0x3E3E , 5164 
0x1C1C , 6095 
0x5A5A , 6964 
0x6E6E , 6054 

15:45:59.023:
0x2020 , 2211 
0x3E3E , 5229 
0x1C1
15:45:59.039:
C , 6287 
0x5A5A , 6911 
0x6E6E , 5827 

15:45:59.624:
0x2020 , 2303 
0x3E3E , 5660 
0x1C1C , 6401 
0x5A5A , 6887 
0x6E6E , 5676 

15:46:00.209:
0x2020 , 2390 
0x3E3E , 6055 
0x1C1C , 6624 
0x5A5A , 6844 
0x6E6E , 4991 

15:46:00.810:
0x2020 , 2652 
0x3E3E , 6245 
0x1C1C , 6766 
0x5A5A , 6596 
0x6E6E , 4845 

15:46:01.373:
0x2020 , 2710 
0x3E3E , 6510 
0x1C1C , 70
15:46:01.396:
99 
0x5A5A , 6577 
0x6E6E , 4508 

15:46:01.996:
0x2020 , 2880 
0x3E3E , 6695 
0x1C1C , 7213 
0x5A5A , 6458 
0x6E6E , 4150 

15:46:02.597:
0x2020 , 2948 
0x3E3E , 6997 
0x1C1C , 7428 
0x5A5A , 6539 
0x6E6E , 3999 

15:46:03.197:
0x2020 , 3132 
0x3E3E , 7150 
0x1C1C , 7551 
0x5A5A , 6439 
0x6E6E , 3817 

15:46:03.746:
0x2020 , 3384 
0x3E3E , 7373 
0x1C1C , -1
15:46:03.761:
59 
0x5A5A , 6324 
0x6E6E , 3646 

15:46:04.679:
0x2020 , -291 
0x3E3E , -218 
0x1C1C , 7688 
0x5A5A , -339 
0x6E6E , -796 

15:46:05.432:
0x2020 , 4199 
0x3E3E , 7637 
0x1C1C , 7478 
0x5A5A , -339 
0x6E6E , -796 

15:46:06.065:
0
15:46:06.098:
x2020 , 4374 
0x3E3E , 7725 
0x1C1C , 7538 
0x5A5A , 5771 
0x6E6E , -796 

15:46:06.650:
0x2020 , 4233 
0x3E3E , 7591 
0x1C1C , 76
15:46:06.666:
02 
0x5A5A , 5160 
0x6E6E , 3027 

15:46:07.251:
0x2020 , 4034 
0x3E3E , 7670 
0x1C1C , 7442 
0x5A5A , 5575 
0x6E6E , 3278 

15:46:07.836:
0x2020 , 3763 
0x3E3E , 7447 
0x1C1C , -159 
0x5A5A , 5690 
0x6E6E , 3576 

15:46:08.769:
0x2020 , -291 
0x3E3E , -218 
0x1C1C , 6757 
0x5A5A , -33
15:46:08.784:
9 
0x6E6E , -796 

15:46:09.523:
0x2020 , 3438 
0x3E3E , 6904 
0x1C1C ,
15:46:09.538:
 6451 
0x5A5A , -339 
0x6E6E , -796 

15:46:10.223:
0x2020 , 3249 
0x3E3E , 6556 
0x1C1C , 6309 
0x5A5A 
15:46:10.239:
, 5943 
0x6E6E , -796 

15:46:10.839:
0x2020 , 3171 
0x3E3E , 6259 
0x1C1C , -159 
0x5A5A , 6029 
0x6E6E , 4865 

15:46:11.788:
0x2020 , -291 
0x3E3E , -218 
0x1C1C , 5830 
0x5A5A , -339 
0x6E6E , -796 

15:46:12.511:
0x2020 , 3113 
0x3E3E , 5712 

15:46:12.527:
0x1C1C , -159 
0x5A5A , -339 
0x6E6E , -796 

15:46:13.444:
0x2020 , -291 
0x3E3E , -218 
0x1C1C , 5342 
0x5A5A , -339 
0x6E6E , -796 

15:46:14.192:
0x2020 , 3190 
0x3E3E , 5387 
0x1C1C , 5168 
0x5A5A , -339 
0x6E6E , -796 

15:46:14.830:
0x
15:46:14.861:
2020 , 3370 
0x3E3E , 5016 
0x1C1C , 4922 
0x5A5A , 6372 
0x6E6E , -796 

15:46:15.415:
0x2020 , 2938 
0x3E3E , 4551 
0x1C1C , 473
15:46:15.431:
0 
0x5A5A , 6405 
0x6E6E , 6890 

15:46:16.016:
0x2020 , 3428 
0x3E3E , 4398 
0x1C1C , 4501 
0x5A5A , 6415 
0x6E6E , 7072 

15:46:16.611:
0x2020 , 3181 
0x3E3E , 4171 
0x1C1C , 4314 
0x5A5A , 6405 
0x6E6E , 7162 

15:46:17.180:
0x2020 , 3321 
0x3E3E , 4023 
0x1C1C , 4168 
0x5A5A
15:46:17.196:
 , 6420 
0x6E6E , 7379 

15:46:17.766:
0x2020 , 3336 
0x3E3E , 3883 
0x1C1C , 4059 
15:46:17.781:

0x5A5A , 6544 
0x6E6E , 7636 

15:46:18.367:
0
15:46:18.383:
x2020 , 3477 
0x3E3E , 3647 
0x1C1C , 3849 
0x5A5A , 6696 
0x6E6E , 7827 

15:46:18.984:
0x2020 , 3564 
0x3E3E , 3382 
0x1C1C , 3858 
0x5A5A , 6830 
0x6E6E , 8094 

15:46:19.600:
0x2020 , 4092 
0x3E3E , 3146 
0x1C1C , 3616 
0x5A5A , 6930 
0x6E6E , 8276 

15:46:20.139:
0x2020 , 3942 
0x3E3E , 3164 

15:46:20.154:
0x1C1C , 3917 
0x5A5A , 6959 
0x6E6E , 8265 

15:46:20.724:
0x2020 , 4146 
0x3E3E , 3122 
0x1C1C , -159 
0x5A5A , 7021 
0x6E6E , 8583 

15:46:21.687:
0x2020 , -291 
0x3E3E , -218 
0x1C1C , 3205 
15:46:21.702:

0x5A5A , -339 
0x6E6E , -796 

15:46:22.426:
0x2020 , 4262 
0x3E3E , 3326 
0x1C1C , 2986 
0x5A5A 
15:46:22.441:
, -339 
0x6E6E , -796 

15:46:23.122:
0x2020 , 4393 
0x3E3E , 3628 
0x1C1C , 2780 
0x5A5A , 6611 
0x6E6E , -796 

15:46:23.674:
0x2
15:46:23.705:
020 , 4558 
0x3E3E , 3424 
0x1C1C , 2680 
0x5A5A , 6515 
0x6E6E , 8326 

15:46:24.289:
0x2020 , 4820 
0x3E3E , 3517 
0x1C1C , 2552 
0x5A5A , 6763 
0x6E6E , 8291 

15:46:24.875:
0x2020 , 4995 
0x3E3E , 3628 
0x1C1C , 2515 
0x5A5A , 6611 
0x6E6E , 8145 

15:46:25.445:
0x2020 , 5155 
0x3E3E , 3851 
0x1C1C , 
15:46:25.460:
2301 
0x5A5A , 6253 
0x6E6E , 8034 

15:46:26.062:
0x2020 , 5349 
0x3E3E , 4074 
0x1C1C , 2433 
0x5A5A , 6129 
0x6E6E , 7973 

15:46:28.596:
0x2020 , 5688 
0x3E3E , 4872 
0x1C1C , 2867 
0x5A5A , 5256 
0x6E6E , 7782 

15:46:29.212:
0x2020 , 5737 
0x3E3E , 5150 
0x1C1C , 3013 
0x5A5A , 5084 
0x6E6E , 7631 

15:46:29.751:
0x2020 , 5698 
0x3E3E , 5303 

15:46:29.766:
0x1C1C , 3100 
0x5A5A , 4755 
0x6E6E , 7273 

15:46:30.335:
0x2020 , 5722 
0x3E3E , 5484 
0x1C1C , 3191 
0x5A5A , 4688 
0x6E6E , 7198 

15:46:30.899:
0x2020 , 5722 
0x3E3E , 5475 
0x1C1C , 3351 
0x5A5A , 4607 
0x6E6E , 6936 

15:46:31.484:
0x2020 , 5319 
0x3E3E , 5521 
0x1C1C , 3314 
0x5A5A , 4636 
0x6E6E , 6890 

15:46:32.038:
0x2020 , 5159 
0x3E3E , 5749 
0
15:46:32.054:
x1C1C , 3387 
0x5A5A , 4693 
0x6E6E , 6528 

15:46:32.639:
0x2020 , 4999 
0x3E3E , 5851 
0x1C1C , 3547 
0x5A5A , 4598 
0x6E6E , 6361 

15:46:33.218:
0x2020 , 4820 
0x3E3E , 6032 
0x1C1C , 3680 
0x5A5A , 4555 
0x6E6E , 6240 

15:46:33.887:
0x2020 , 467
15:46:33.903:
0 
0x3E3E , 6129 
0x1C1C , 3867 
0x5A5A , -339 
0x6E6E , 5973 

15:46:35.859:
0x2020 , 4238 
0x3E3E , 5823 
0x1C1C , 4451 

15:46:35.875:
0x5A5A , 4955 
0x6E6E , 5460 

15:46:36.476:
0x2020 , 4718 
0x3E3E , 5549 
0x1C1C , 4506 
0x5A5A , 4893 
0x6E6E , 5238 

15:46:37.076:
0x2020 , 3787 
0x3E3E , 5503 
0x1C1C , 4616 
0x5A5A , 4984 
0x6E6E , 5827 

15:46:37.623:
0x2020 , 3598 
0x3E3E , 5419 

15:46:37.645:
0x1C1C , 4702 
0x5A5A , 5137 
0x6E6E , 5822 

15:46:38.277:
0x2020 , 3821 
0x3E3E , 5345 
0x1C1C , 4853 

15:46:38.292:
0x5A5A , -339 
0x6E6E , -796 

15:46:39.210:
0x2020 , -291 
0x3E3E , -218 
0x1C1C , -159 
0x5A5A , 5628 
0x6E6E , -796 

15:46:39.864:
0
15:46:39.879:
x2020 , 3569 
0x3E3E , 5016 
0x1C1C , 5118 
0x5A5A , 5885 
0x6E6E , -796 

15:46:40.447:
0x2020 , 3321 
0x3E3E , 4927 
0x1C1C , 52
15:46:40.449:
09 
0x5A5A , 6100 
0x6E6E , 6059 

15:46:41.047:
0x2020 , 3079 
0x3E3E , 4695 
0x1C1C , 5150 
0x5A5A , 6243 
0x6E6E , 6351 

15:46:41.628:
0x2020 , 3103 
0x3E3E , 4779 
0x1C1C , 5081 
0x5A5A , 6300 
0x6E6E , 6523 

15:46:42.213:
0x2020 , 3229 
0x3E3E , 5085 
0x1C1C , 4931 
0x5A5A , 6353 
0x6E6E , 6608 

15:46:42.798:
0x2020 , 2914 
0x3E3E , 4626 
0x1C1C , 475
15:46:42.814:
7 
0x5A5A , 6477 
0x6E6E , 6729 

15:46:43.400:
0x2020 , 2953 
0x3E3E , 4422 
0x1C1C , 4634 
0x5A5A , 6229 
0x6E6E , 6890 

15:46:44.000:
0x2020 , 3239 
0x3E3E , 4426 
0x1C1C , 5054 
0x5A5A , 6005 
0x6E6E , 6946 

15:46:44.616:
0x2020 , 3278 
0x3E3E , 4593 
0x1C1C , 4862 
0x5A5A , 5909 
0x6E6E , 6941 

15:46:45.154:
0x2020 , 3603 
0x3E3E , 4292 
0x1C1C
15:46:45.170:
 , 4538 
0x5A5A , 5947 
0x6E6E , 6789 

15:46:45.733:
0x2020 , 3316 
0x3E3E , 4454 
0x1C1C , 4314 
0x5A5A , 6372 
0x6E6E , 6653 

15:46:46.303:
0x2020 , 3506 
0x3E3E , 4422 
0x1C1C , -159 
0x5A5A , 6205 
0x6E6E , 6533 

15:46:47.790:
0x2020 , -291 
0x3E3E , -218 
0x1C1C , -159 
0x5A5A , -339 
0x6E6E , -796 

15:46:48.522:
0x2020 , 3884 
0x3E3E , 4839
15:46:48.537:
 
0x1C1C , 4355 
0x5A5A , -339 
0x6E6E , -796 

15:46:49.122:
0x2020 , 3690 
0x3E3E , 5011 
0x1C1C , 4497 
0x5A5A , 5566 
0x6E6E , 6407 

15:46:49.708:
0x2020 , 3637 
0x3E3E , 4974 
0x1C1C , 4675 
0x5A5A , 5504 
0x6E6E , 6245 

15:46:50.292:
0x2020 , 3544 
0x3E3E , 5169 
0x1C1C , 4816 
0x5A5A , 5532 
0x6E6E , 5868 

15:46:50.877:
0x2020 , 3496 
0x3E3E , 5489 
0x1C1C , 4
15:46:50.893:
999 
0x5A5A , 5513 
0x6E6E , 5429 

15:46:51.494:
0x2020 , 3520 
0x3E3E , 5809 
0x1C1C , 5068 
0x5A5A , 5470 
0x6E6E , 5243 

15:46:52.095:
0x2020 , 3593 
0x3E3E , 5944 
0x1C1C , 5364 
0x5A5A , 5394 
0x6E6E , 5303 

15:46:52.695:
0x2020 , 3894 
0x3E3E , 6171 
0x1C1C , 5415 
0x5A5A , 5408 
0x6E6E , 4855 

15:46:53.243:
0x2020 , 4354 
0x3E3E , 6245 
0x1
15:46:53.263:
C1C , 5296 
0x5A5A , 5194 
0x6E6E , 4865 

15:46:53.827:
0x2020 , 4500 
0x3E3E , 6166 
0x1C1C , 5191 
0x5A5A , 4440 
0x6E6E , 5021 

15:46:54.398:
0x2020 , 4466 
0x3E3E , 6115 
0x1C1C , 5031 
0x5A5A , 4412 
0x6E6E , 5203 

15:46:54.967:
0x2020 , 4437 
0x3E3E , 6143 
0x1C1C , 4922 
0x5A5A , 4426 
0x6E6E , 5228 

15:46:55.530:
0x2020 , 4349 
0x3E3E , 6101 
0x1C1C , 4899 
15:46:55.546:

0x5A5A , 4440 
0x6E6E , 5213 

15:46:56.131:
0x2020 , 4393 
0x3E3E , 6069 
0x1C1C , 4835 
0x5A5A , 4445 
0x6E6E , 5268 

15:46:56.715:
0x2020 , 4316 
0x3E3E , 6041 
0x1C1C , -159 
0x5A5A , 4469 
0x6E6E , 5329 

15:46:57.649:
0x2020 , -291 
0x3E3E , -218 
0x1C1C , -159 
0x5A5A , -339 
0x6E6E , -796 

15:46:58.402:
0x2020 , 4223 
0x3E3E , 6134 
0x1C1C ,
15:46:58.417:
 4871 
0x5A5A , -339 
0x6E6E , -796 

15:46:59.018:
0x2020 , 4180 
0x3E3E , 6138 
0x1C1C , 4867 
0x5A5A , 4412 
0x6E6E , 5233 

15:46:59.619:
0x2020 , 4252 
0x3E3E , 6125 
0x1C1C , 4926 
0x5A5A , 4464 
0x6E6E , 5213 

15:47:00.220:
0x2020 , 4204 
0x3E3E , 6097 
0x1C1C , 4917 
0x5A5A , 4445 
0x6E6E , 5213 

15:47:00.773:
0x2020 , 4277 
0x3E3E , 6092 
0
15:47:00.789:
x1C1C , 4876 
0x5A5A , 4412 
0x6E6E , 5167 

15:47:01.352:
0x2020 , 4345 
0x3E3E , 6111 
0x1C1C , 4890 
0x5A5A , 4474 
0x6E6E , 5329 

15:47:01.922:
0x2020 , 4320 
0x3E3E , 6134 
0x1C1C , 5013 
0x5A5A , 4383 
0x6E6E , 5334 
