0x1C1C , 5647 
0x3E3E , 4746 
0x4D4D , 2794 
0x5A5A , 1130 
0x6E6E , 3208 
0x1C1C , 5670 
0x3E3E , 4765 
0x4D4D , 2809 
0x5A5A , 1082 
0x6E6E , 3122 
0x1C1C , 5647 
0x3E3E , 4784 
0x4D4D , 2799 
0x5A5A , -339 
0x6E6E , -796 
0x1C1C , 5670 
0x3E3E , 4756 
0x4D4D , 2799 
0x5A5A , 1063 
0x6E6E , 3152 
0x1C1C , 5652 
0x3E3E , -218 
0x4D4D , 2834 
0x5A5A , -339 
0x6E6E , -796 
0x1C1C , 5657 
0x3E3E , 4821 
0x4D4D , 2804 
0x5A5A , 1068 
0x6E6E , 3173 
0x1C1C , 5634 
0x3E3E , -218 
0x4D4D , -688 
0x5A5A , -339 
0x6E6E , -796 
0x1C1C , 5657 
0x3E3E , 4802 
0x4D4D , 2785 
0x5A5A , 1125 
0x6E6E , 3157 
0x1C1C , 5652 
0x3E3E , 4765 
0x4D4D , 2790 
0x5A5A , -339 
0x6E6E , -796 
0x1C1C , 5652 
0x3E3E , 4797 
0x4D4D , 2790 
0x5A5A , 1030 
0x6E6E , 3137 
0x1C1C , 5657 
0x3E3E , 4732 
0x4D4D , 2809 
0x5A5A , -339 
0x6E6E , -796 
0x1C1C , 5652 
0x3E3E , -218 
0x4D4D , 2804 
0x5A5A , 968 
0x6E6E , 3147 
0x1C1C , 5629 
0x3E3E , 4746 
0x4D4D , 2799 
0x5A5A , -339 
0x6E6E , -796 
0x1C1C , 5647 
0x3E3E , -218 
0x4D4D , -688 
0x5A5A , -339 
0x6E6E , -796 
0x1C1C , -159 
0x3E3E , -218 
0x4D4D , -688 
0x5A5A , 968 
0x6E6E , -796 
0x1C1C , 5647 
0x3E3E , -218 
0x4D4D , -688 
0x5A5A , -339 
0x6E6E , 3107 
0x1C1C , 5652 
0x3E3E , 4756 
0x4D4D , 2814 
0x5A5A , -339 
0x6E6E , -796 
0x1C1C , 5675 
0x3E3E , -218 
0x4D4D , 2780 
0x5A5A , 996 
0x6E6E , 3163 
0x1C1C , 5629 
0x3E3E , 4746 
0x4D4D , 2829 
0x5A5A , -339 
0x6E6E , -796 
0x1C1C , 5638 
0x3E3E , -218 
0x4D4D , -688 
0x5A5A , -339 
0x6E6E , -796 
0x1C1C , -159 
0x3E3E , -218 
0x4D4D , -688 
0x5A5A , 1025 
0x6E6E , -796 
0x1C1C , 5647 
0x3E3E , -218 
0x4D4D , -688 
0x5A5A , -339 
0x6E6E , 3117 
0x1C1C , 5647 
0x3E3E , 4732 
0x4D4D , 2829 
0x5A5A , -339 
0x6E6E , -796 
0x1C1C , 5661 
0x3E3E , -218 
0x4D4D , -688 
0x5A5A , 1015 
0x6E6E , 3173 
0x1C1C , 5615 
0x3E3E , 4774 
0x4D4D , 2770 
0x5A5A , -339 
0x6E6E , -796 
0x1C1C , 5643 
0x3E3E , -218 
0x4D4D , -688 
0x5A5A , 948 
0x6E6E , 3112 
0x1C1C , 5657 
0x3E3E , 4728 
0x4D4D , 2794 
0x5A5A , -339 
0x6E6E , -796 
0x1C1C , 5620 
0x3E3E , 4737 
0x4D4D , 2765 
0x5A5A , -339 
0x6E6E , -796 
0x1C1C , 5666 
0x3E3E , 4807 
0x4D4D , 2780 
0x5A5A , 972 
0x6E6E , 3168 
0x1C1C , 5652 
0x3E3E , 4737 
0x4D4D , 2839 
0x5A5A , -339 
0x6E6E , -796 
0x1C1C , 5643 
0x3E3E , -218 
0x4D4D , -688 
0x5A5A , 1034 
0x6E6E , 3147 
0x1C1C , 5661 
0x3E3E , 4784 
0x4D4D , 2790 
0x5A5A , -339 
0x6E6E , -796 
0x1C1C , 5666 
0x3E3E , -218 
0x4D4D , 2819 
0x5A5A , 1006 
0x6E6E , 3112 
0x1C1C , 5661 
0x3E3E , -218 
0x4D4D , 2809 
0x5A5A , -339 
0x6E6E , -796 
0x1C1C , 5647 
0x3E3E , -218 
0x4D4D , -688 
0x5A5A , 1039 
0x6E6E , 3137 
0x1C1C , 5652 
0x3E3E , 4779 
0x4D4D , 2804 
0x5A5A , -339 
0x6E6E , -796 
0x1C1C , 5657 
0x3E3E , -218 
0x4D4D , -688 
0x5A5A , 1030 
0x6E6E , 3188 
0x1C1C , 5661 
0x3E3E , 4779 
0x4D4D , 2750 
0x5A5A , -339 
0x6E6E , -796 
0x1C1C , 5638 
0x3E3E , -218 
0x4D4D , -688 
0x5A5A , 1030 
0x6E6E , 3188 
0x1C1C , 5620 
0x3E3E , 4788 
0x4D4D , 2804 
0x5A5A , 1006 
0x6E6E , 3163 
0x1C1C , 5666 
0x3E3E , 4774 
0x4D4D , 2780 
0x5A5A , 958 
0x6E6E , 3132 
0x1C1C , 5638 
0x3E3E , 4784 
0x4D4D , -688 
0x5A5A , -339 
0x6E6E , -796 
0x1C1C , 5652 
0x3E3E , 4802 
0x4D4D , 2804 
0x5A5A , 1044 
0x6E6E , 3112 
0x1C1C , 5647 
0x3E3E , -218 
0x4D4D , -688 
0x5A5A , -339 
0x6E6E , -796 
0x1C1C , 5693 
0x3E3E , 4760 
0x4D4D , 2790 
0x5A5A , 1106 
0x6E6E , 3142 
0x1C1C , 5634 
0x3E3E , -218 
0x4D4D , -688 
0x5A5A , -339 
0x6E6E , -796 
0x1C1C , 5643 
0x3E3E , 4746 
0x4D4D , 2844 
0x5A5A , 982 
0x6E6E , 3132 
0x1C1C , 5670 
0x3E3E , -218 
0x4D4D , -688 
0x5A5A , -339 
0x6E6E , -796 
0x1C1C , 5652 
0x3E3E , 4779 
0x4D4D , 2775 
0x5A5A , 982 
0x6E6E , 3218 
0x1C1C , 5643 
0x3E3E , -218 
0x4D4D , -688 
0x5A5A , -339 
0x6E6E , -796 
0x1C1C , 5643 
0x3E3E , -218 
0x4D4D , 2824 
0x5A5A , 1001 
0x6E6E , 3218 
0x1C1C , 5643 
0x3E3E , -218 
0x4D4D , -688 
0x5A5A , -339 
0x6E6E , -796 
0x1C1C , 5657 
0x3E3E , 4779 
0x4D4D , 2799 
0x5A5A , 987 
0x6E6E , 3082 
0x1C1C , 5643 
0x3E3E , 4793 
0x4D4D , 2790 
0x5A5A , 958 
0x6E6E , 3168 
0x1C1C , 5679 
0x3E3E , 4807 
0x4D4D , -688 
0x5A5A , -339 
0x6E6E , -796 
0x1C1C , 5661 
0x3E3E , 4756 
0x4D4D , 2765 
0x5A5A , 982 
0x6E6E , 3173 
0x1C1C , 5634 
0x3E3E , -218 
0x4D4D , -688 
0x5A5A , -339 
0x6E6E , -796 
0x1C1C , 5661 
0x3E3E , 4770 
0x4D4D , 2770 
0x5A5A , 953 
0x6E6E , 3188 
0x1C1C , 5666 
0x3E3E , -218 
0x4D4D , -688 
0x5A5A , -339 
0x6E6E , -796 
0x1C1C , 5643 
0x3E3E , 4784 
0x4D4D , 2790 
0x5A5A , 968 
0x6E6E , 3168 
0x1C1C , 5657 
0x3E3E , -218 
0x4D4D , -688 
0x5A5A , -339 
0x6E6E , -796 
0x1C1C , 5675 
0x3E3E , 4756 
0x4D4D , 2849 
0x5A5A , 944 
0x6E6E , 3157 
0x1C1C , 5675 
0x3E3E , -218 
0x4D4D , -688 
0x5A5A , -339 
0x6E6E , -796 
0x1C1C , 5666 
0x3E3E , 4760 
0x4D4D , -688 
0x5A5A , -339 
0x6E6E , -796 
0x1C1C , -159 
0x3E3E , -218 
0x4D4D , -688 
0x5A5A , -339 
0x6E6E , -796 
0x1C1C , -159 
0x3E3E , -218 
0x4D4D , -688 
0x5A5A , 1020 
0x6E6E , -796 
0x1C1C , 5643 
0x3E3E , 4742 
0x4D4D , -688 
0x5A5A , -339 
0x6E6E , -796 
0x1C1C , 5638 
0x3E3E , -218 
0x4D4D , 2799 
0x5A5A , 939 
0x6E6E , 3173 
0x1C1C , 5638 
0x3E3E , 4765 
0x4D4D , -688 
0x5A5A , -339 
0x6E6E , -796 
0x1C1C , 5657 
0x3E3E , 4784 
0x4D4D , 2790 
0x5A5A , 1063 
0x6E6E , 3132 
0x1C1C , 5647 
0x3E3E , 4751 
0x4D4D , -688 
0x5A5A , -339 
0x6E6E , -796 
0x1C1C , 5643 
0x3E3E , -218 
0x4D4D , 2755 
0x5A5A , 987 
0x6E6E , 3168 
0x1C1C , 5679 
0x3E3E , 4816 
0x4D4D , -688 
0x5A5A , -339 
0x6E6E , -796 
0x1C1C , 5679 
0x3E3E , -218 
0x4D4D , 2794 
0x5A5A , 944 
0x6E6E , 3163 
0x1C1C , 5647 
0x3E3E , 4737 
0x4D4D , -688 
0x5A5A , -339 
0x6E6E , -796 
0x1C1C , 5670 
0x3E3E , -218 
0x4D4D , 2785 
0x5A5A , 1030 
0x6E6E , 3142 
0x1C1C , 5643 
0x3E3E , 4751 
0x4D4D , -688 
0x5A5A , -339 
0x6E6E , -796 
0x1C1C , 5657 
0x3E3E , 4756 
0x4D4D , 2829 
0x5A5A , 958 
0x6E6E , -796 
0x1C1C , 5647 
0x3E3E , -218 
0x4D4D , -688 
0x5A5A , -339 
0x6E6E , 3168 
0x1C1C , 5675 
0x3E3E , -218 
0x4D4D , -688 
0x5A5A , -339 
0x6E6E , 3132 
0x1C1C , 5666 
0x3E3E , 4742 
0x4D4D , 2790 
0x5A5A , 996 
0x6E6E , -796 
0x1C1C , 5652 
0x3E3E , 4746 
0x4D4D , -688 
0x5A5A , -339 
0x6E6E , 3157 
0x1C1C , 5670 
0x3E3E , 4784 
0x4D4D , 2794 
0x5A5A , 996 
0x6E6E , -796 
0x1C1C , 5629 
0x3E3E , -218 
0x4D4D , -688 
0x5A5A , -339 
0x6E6E , 3132 
0x1C1C , 5647 
0x3E3E , 4774 
0x4D4D , 2775 
0x5A5A , 1039 
0x6E6E , -796 
0x1C1C , 5666 
0x3E3E , -218 
0x4D4D , -688 
0x5A5A , -339 
0x6E6E , 3122 
0x1C1C , 5634 
0x3E3E , 4788 
0x4D4D , 2785 
0x5A5A , 996 
0x6E6E , -796 
0x1C1C , 5661 
0x3E3E , -218 
0x4D4D , -688 
0x5A5A , -339 
0x6E6E , 3122 
0x1C1C , 5647 
0x3E3E , 4765 
0x4D4D , 2814 
0x5A5A , 1001 
0x6E6E , -796 
0x1C1C , 5652 
0x3E3E , -218 
0x4D4D , -688 
0x5A5A , -339 
0x6E6E , 3198 
0x1C1C , 5666 
0x3E3E , 4816 
0x4D4D , 2780 
0x5A5A , 1020 
0x6E6E , -796 
0x1C1C , 5647 
0x3E3E , -218 
0x4D4D , -688 
0x5A5A , -339 
0x6E6E , 3082 
0x1C1C , 5647 
0x3E3E , -218 
0x4D4D , -688 
0x5A5A , -339 
0x6E6E , 3188 
0x1C1C , 5661 
0x3E3E , 4714 
0x4D4D , 2765 
0x5A5A , 1001 
0x6E6E , -796 
0x1C1C , 5657 
0x3E3E , 4746 
0x4D4D , -688 
0x5A5A , -339 
0x6E6E , 3157 
0x1C1C , 5647 
0x3E3E , 4742 
0x4D4D , 2809 
0x5A5A , 934 
0x6E6E , -796 
0x1C1C , 5647 
0x3E3E , 4742 
0x4D4D , -688 
0x5A5A , -339 
0x6E6E , -796 
0x1C1C , -159 
0x3E3E , -218 
0x4D4D , -688 
0x5A5A , -339 
0x6E6E , 3178 
0x1C1C , 5652 
0x3E3E , 4765 
0x4D4D , -688 
0x5A5A , -339 
0x6E6E , -796 
0x1C1C , 5638 
0x3E3E , 4751 
0x4D4D , 2785 
0x5A5A , 1101 
0x6E6E , 3127 
0x1C1C , 5647 
0x3E3E , -218 
0x4D4D , -688 
0x5A5A , -339 
0x6E6E , -796 
0x1C1C , 5625 
0x3E3E , 4779 
0x4D4D , 2834 
0x5A5A , 1034 
0x6E6E , 3168 
0x1C1C , 5629 
0x3E3E , -218 
0x4D4D , -688 
0x5A5A , -339 
0x6E6E , -796 
0x1C1C , 5657 
0x3E3E , 4770 
0x4D4D , 2814 
0x5A5A , 1020 
0x6E6E , 3157 
0x1C1C , 5643 
0x3E3E , -218 
0x4D4D , -688 
0x5A5A , -339 
0x6E6E , -796 
0x1C1C , 5661 
0x3E3E , -218 
0x4D4D , -688 
0x5A5A , -339 
0x6E6E , -796 
0x1C1C , 5666 
0x3E3E , 4737 
0x4D4D , 2765 
0x5A5A , 1034 
0x6E6E , 3132 
0x1C1C , 5652 
0x3E3E , -218 
0x4D4D , -688 
0x5A5A , -339 
0x6E6E , -796 
0x1C1C , 5693 
0x3E3E , 4742 
0x4D4D , 2765 
0x5A5A , 1025 
0x6E6E , 3173 
0x1C1C , 5647 
0x3E3E , -218 
0x4D4D , -688 
0x5A5A , -339 
0x6E6E , -796 
0x1C1C , 5643 
0x3E3E , 4742 
0x4D4D , 2775 
0x5A5A , 1030 
0x6E6E , 3142 
0x1C1C , 5638 
0x3E3E , -218 
0x4D4D , -688 
0x5A5A , -339 
0x6E6E , -796 
0x1C1C , 5638 
0x3E3E , -218 
0x4D4D , 2799 
0x5A5A , 991 
0x6E6E , 3228 
0x1C1C , 5652 
0x3E3E , -218 
0x4D4D , -688 
0x5A5A , -339 
0x6E6E , -796 
0x1C1C , 5670 
0x3E3E , -218 
0x4D4D , 2834 
0x5A5A , 982 
0x6E6E , 3072 
0x1C1C , 5652 
0x3E3E , -218 
0x4D4D , -688 
0x5A5A , -339 
0x6E6E , -796 
0x1C1C , 5675 
0x3E3E , 4746 
0x4D4D , 2794 
0x5A5A , 1053 
0x6E6E , 3127 
0x1C1C , 5652 
0x3E3E , -218 
0x4D4D , -688 
0x5A5A , -339 
0x6E6E , -796 
0x1C1C , 5638 
0x3E3E , -218 
0x4D4D , -688 
0x5A5A , -339 
0x6E6E , -796 
0x1C1C , 5634 
0x3E3E , 4760 
0x4D4D , 2790 
0x5A5A , 1125 
0x6E6E , 3142 
0x1C1C , 5666 
0x3E3E , 4756 
0x4D4D , -688 
0x5A5A , -339 
0x6E6E , -796 
0x1C1C , 5657 
0x3E3E , 4746 
0x4D4D , 2785 
0x5A5A , 1053 
0x6E6E , 3132 
0x1C1C , 5643 
0x3E3E , -218 
0x4D4D , -688 
0x5A5A , -339 
0x6E6E , -796 
0x1C1C , 5643 
0x3E3E , 4760 
0x4D4D , 2755 
0x5A5A , 1044 
0x6E6E , 3183 
0x1C1C , 5647 
0x3E3E , -218 
0x4D4D , -688 
0x5A5A , -339 
0x6E6E , -796 
0x1C1C , 5657 
0x3E3E , 4732 
0x4D4D , 2785 
0x5A5A , 1082 
0x6E6E , 3147 
0x1C1C , 5657 
0x3E3E , -218 
0x4D4D , -688 
0x5A5A , -339 
0x6E6E , -796 
0x1C1C , 5661 
0x3E3E , 4742 
0x4D4D , 2790 
0x5A5A , 1020 
0x6E6E , 3208 
0x1C1C , 5643 
0x3E3E , -218 
0x4D4D , -688 
0x5A5A , -339 
0x6E6E , -796 
0x1C1C , 5661 
0x3E3E , 4774 
0x4D4D , 2790 
0x5A5A , 1144 
0x6E6E , 3173 
0x1C1C , 5629 
0x3E3E , -218 
0x4D4D , -688 
0x5A5A , -339 
0x6E6E , -796 
0x1C1C , 5670 
0x3E3E , -218 
0x4D4D , -688 
0x5A5A , -339 
0x6E6E , -796 
0x1C1C , 5661 
0x3E3E , 4779 
0x4D4D , 2785 
0x5A5A , 1020 
0x6E6E , 3178 
0x1C1C , 5620 
0x3E3E , -218 
0x4D4D , -688 
0x5A5A , -339 
0x6E6E , -796 
0x1C1C , 5643 
0x3E3E , 4751 
0x4D4D , 2770 
0x5A5A , 1025 
0x6E6E , 3183 
0x1C1C , 5629 
0x3E3E , -218 
0x4D4D , -688 
0x5A5A , -339 
0x6E6E , -796 
0x1C1C , 5657 
0x3E3E , 4756 
0x4D4D , 2775 
0x5A5A , 1030 
0x6E6E , 3157 
0x1C1C , 5629 
0x3E3E , -218 
0x4D4D , -688 
0x5A5A , -339 
0x6E6E , -796 
0x1C1C , 5666 
0x3E3E , 4760 
0x4D4D , 2804 
0x5A5A , 977 
0x6E6E , 3168 
0x1C1C , 5652 
0x3E3E , -218 
0x4D4D , -688 
0x5A5A , -339 
0x6E6E , -796 
0x1C1C , 5625 
0x3E3E , 4732 
0x4D4D , 2740 
0x5A5A , 1068 
0x6E6E , 3077 
0x1C1C , 5647 
0x3E3E , -218 
0x4D4D , -688 
0x5A5A , -339 
0x6E6E , -796 
0x1C1C , 5634 
0x3E3E , 4751 
0x4D4D , 2765 
0x5A5A , -339 
0x6E6E , 3188 
0x1C1C , 5684 
0x3E3E , -218 
0x4D4D , -688 
0x5A5A , -339 
0x6E6E , -796 
0x1C1C , 5666 
0x3E3E , -218 
0x4D4D , -688 
0x5A5A , -339 
0x6E6E , -796 
0x1C1C , 5657 
0x3E3E , 4742 
0x4D4D , 2794 
0x5A5A , -339 
0x6E6E , 3147 
0x1C1C , 5661 
0x3E3E , -218 
0x4D4D , -688 
0x5A5A , -339 
0x6E6E , -796 
0x1C1C , 5657 
0x3E3E , 4756 
0x4D4D , 2750 
0x5A5A , 1025 
0x6E6E , 3188 
0x1C1C , 5629 
0x3E3E , -218 
0x4D4D , -688 
0x5A5A , -339 
0x6E6E , -796 
0x1C1C , 5684 
0x3E3E , 4774 
0x4D4D , 2765 
0x5A5A , -339 
0x6E6E , -796 
0x1C1C , -159 
0x3E3E , -218 
0x4D4D , -688 
0x5A5A , -339 
0x6E6E , 3137 
0x1C1C , 5652 
0x3E3E , 4788 
0x4D4D , 2799 
0x5A5A , -339 
0x6E6E , -796 
0x1C1C , 5670 
0x3E3E , -218 
0x4D4D , -688 
0x5A5A , -339 
0x6E6E , -796 
0x1C1C , -159 
0x3E3E , -218 
0x4D4D , -688 
0x5A5A , -339 
0x6E6E , 3117 
0x1C1C , 5652 
0x3E3E , -218 
0x4D4D , -688 
0x5A5A , -339 
0x6E6E , -796 
0x1C1C , 5657 
0x3E3E , 4732 
0x4D4D , 2785 
0x5A5A , -339 
0x6E6E , -796 
0x1C1C , -159 
0x3E3E , -218 
0x4D4D , -688 
0x5A5A , -339 
0x6E6E , 3082 
0x1C1C , 5657 
0x3E3E , -218 
0x4D4D , -688 
0x5A5A , -339 
0x6E6E , -796 
0x1C1C , -159 
0x3E3E , -218 
0x4D4D , -688 
0x5A5A , -339 
0x6E6E , -796 
0x1C1C , 5643 
0x3E3E , -218 
0x4D4D , -688 
0x5A5A , -339 
0x6E6E , 3137 
0x1C1C , 5643 
0x3E3E , 4746 
0x4D4D , 2814 
0x5A5A , -339 
0x6E6E , -796 
0x1C1C , 5647 
0x3E3E , -218 
0x4D4D , -688 
0x5A5A , 996 
0x6E6E , 3178 
0x1C1C , 5666 
0x3E3E , 4746 
0x4D4D , 2829 
0x5A5A , -339 
0x6E6E , -796 
0x1C1C , 5670 
0x3E3E , -218 
0x4D4D , -688 
0x5A5A , -339 
0x6E6E , 3178 
0x1C1C , 5652 
0x3E3E , 4742 
0x4D4D , 2765 
0x5A5A , -339 
0x6E6E , -796 
0x1C1C , 5652 
0x3E3E , -218 
0x4D4D , -688 
0x5A5A , 948 
0x6E6E , 3147 
0x1C1C , 5666 
0x3E3E , 4746 
0x4D4D , 2819 
0x5A5A , -339 
0x6E6E , -796 
0x1C1C , 5661 
0x3E3E , -218 
0x4D4D , -688 
0x5A5A , 1053 
0x6E6E , 3163 
0x1C1C , 5661 
0x3E3E , 4737 
0x4D4D , 2799 
0x5A5A , -339 
0x6E6E , -796 
0x1C1C , 5661 
0x3E3E , -218 
0x4D4D , -688 
0x5A5A , 815 
0x6E6E , 3127 
0x1C1C , 5670 
0x3E3E , -218 
0x4D4D , -688 
0x5A5A , -339 
0x6E6E , 3157 
0x1C1C , 5661 
0x3E3E , 4751 
0x4D4D , 2770 
0x5A5A , -339 
0x6E6E , -796 
0x1C1C , 5661 
0x3E3E , -218 
0x4D4D , -688 
0x5A5A , -339 
0x6E6E , 3132 
