15:11:39.734:
0x1C1C , 5647 
0x3E3E , 4746 
0x4D4D , 2794 
0x5A5A , 1130 
0x6E6E , 3208 

15:11:42.172:
0x1C1C
15:11:42.203:
 , 5670 
0x3E3E , 4765 
0x4D4D , 2809 
0x5A5A , 1082 
0x6E6E , 3122 

15:11:43.490:
0x1C1C , 5647 
0x3E3E , 4784 
0x4D4D , 2799 
0x5A5A , -339 
0x6E6E , -796 

15:11:44.818:
0x1C1C , 5670 
0x3E3E , 4756 
0x4D4D , 27
15:11:44.834:
99 
0x5A5A , 1063 
0x6E6E , 3152 

15:11:46.099:
0x1C1C , 5652 
0x3E3E , -218 
15:11:46.115:

0x4D4D , 2834 
0x5A5A , -339 
0x6E6E , -796 

15:11:47.474:
0x1C1C , 5657 
0x3E3E , 4821 
0x4D4D , 2804 
0x5A5A , 1068 
0x6E6E , 3173 

15:11:48.709:
0x
15:11:48.740:
1C1C , 5634 
0x3E3E , -218 
0x4D4D , -688 
0x5A5A , -339 
0x6E6E , -796 

15:11:50.084:
0x1C1C , 5657 
0x3E3E , 4802 

15:11:50.099:
0x4D4D , 2785 
0x5A5A , 1125 
0x6E6E , 3157 

15:11:51.381:
0x1C1C , 5652 
0x3E3E , 4765 
0x4D4D , 2790 

15:11:51.396:
0x5A5A , -339 
0x6E6E , -796 

15:11:52.740:
0x1C1C , 5652 
0x3E3E , 4797 
0x4D4D , 2790 
0x5A5A , 1030 
0x6E6E , 3137 

15:11:54.021:
0x1C1C , 5657 
0x3E3E , 4732 
0x4D4D , 2809 
0x5A5A , -339 
0x6E6E , -796 

15:11:55.334:
0x1C1C , 5652 
0x3E3E , -218 
0x4D4D , 2804 
0x5A5A
15:11:55.349:
 , 968 
0x6E6E , 3147 

15:11:56.662:
0x1C1C , 5629 
0x3E3E , 4746 
0x4D4D , 2799 
0x5A5A , -339 
0x6E6E , -796 

15:11:57.959:
0x1C1C , 5647 
0x3E3E , -218 
0x4D4D , -688 
0x5A5A , -339 
0x6E6E , -796 

15:12:00.506:
0x1C1C , -159 
0x3E3E , -
15:12:00.521:
218 
0x4D4D , -688 
0x5A5A , 968 
0x6E6E , -796 

15:12:01.834:
0x1C1C , 5647 
0x3
15:12:01.850:
E3E , -218 
0x4D4D , -688 
0x5A5A , -339 
0x6E6E , 3107 

15:12:03.162:
0x1C1C , 
15:12:03.193:
5652 
0x3E3E , 4756 
0x4D4D , 2814 
0x5A5A , -339 
0x6E6E , -796 

15:12:04.522:
0x1C1C , 5675 
0x3E3E , -218 
0x4D4D , 2780 
0x5A5A , 996 
0x6E6E , 3163 

15:12:05.818:
0x1C1C , 5629 
0x3E3E , 4746 
0x4D4D , 2829 
0x5A5A , -339 
0x6E6E , -796 

15:12:07.100:
0x1C1C , 5638 
0x3E3E 
15:12:07.115:
, -218 
0x4D4D , -688 
0x5A5A , -339 
0x6E6E , -796 

15:12:08.412:
0x1C1C , -159 
0x3E3E , -218 
0x4D4D , 
15:12:08.428:
-688 
0x5A5A , 1025 
0x6E6E , -796 

15:12:09.740:
0x1C1C , 5647 
0x3E3E , -218
15:12:09.756:
 
0x4D4D , -688 
0x5A5A , -339 
0x6E6E , 3117 

15:12:11.068:
0x1C1C , 5647 
0x3E3E , 473
15:12:11.084:
2 
0x4D4D , 2829 
0x5A5A , -339 
0x6E6E , -796 

15:12:12.397:
0x1C1C , 5661 
0x3E3E , -218 
0x4D4D , -688 
0x5A5A , 1015 
0x6E6E , 3173 

15:12:13.693:
0x1C1C , 5
15:12:13.725:
615 
0x3E3E , 4774 
0x4D4D , 2770 
0x5A5A , -339 
0x6E6E , -796 

15:12:15.020:
0x1C1C , 5643 
0x3E3E , -218 
0x4D4D , -68
15:12:15.035:
8 
0x5A5A , 948 
0x6E6E , 3112 

15:12:16.332:
0x1C1C 
15:12:16.348:
, 5657 
0x3E3E , 4728 
0x4D4D , 2794 
0x5A5A , -339 
0x6E6E , -796 

15:12:18.911:
0x1C1C , 5620 
0x3E3E , 4737 
0x4D
15:12:18.926:
4D , 2765 
0x5A5A , -339 
0x6E6E , -796 

15:12:20.270:
0x1C1C , 5666 
0x3E3E , 4807 
0x4D4D , 2780 
0x5A5A , 972 
0x6E6E , 3168 

15:12:21.567:
0x1C1C , 5652 
0x3E3E , 4737 
0x4D4D , 2839 
0x5A5A , -339 
0x6E6E , -796 

15:12:22.864:
0x1C1C , 5643 
0x3E3E
15:12:22.879:
 , -218 
0x4D4D , -688 
0x5A5A , 1034 
0x6E6E , 3147 

15:12:24.192:
0x1C1C , 5661 
0x3E3E , 4784 
0x4D4D , 2790 
0x5A5A , -339 
0x6E6E , -796 

15:12:25.504:
0x1C1C , 5666 
0x3E3E , -218 
0x4D4D , 2819 
0x5A5A , 1
15:12:25.520:
006 
0x6E6E , 3112 

15:12:26.817:
0x1C1C , 5661 
0x3E3E , -218 
0x4D4D , 2809 
0x5A5A , -339 
0x6E6E , -796 

15:12:28.129:
0x1C1C , 5647 
0x3E3E , -218 
0x4D4D , -688 
0x
15:12:28.145:
5A5A , 1039 
0x6E6E , 3137 

15:12:29.442:
0x1C1C , 5652
15:12:29.458:
 
0x3E3E , 4779 
0x4D4D , 2804 
0x5A5A , -339 
0x6E6E , -796 

15:12:30.754:
0x1C1C , 5657 
0x3E3E , -218 

15:12:30.770:
0x4D4D , -688 
0x5A5A , 1030 
0x6E6E , 3188 

15:12:32.098:
0x1C1C , 5661 
0x3E3E , 4779 
0x4D4D , 2750 
0x5A5A , -339 
0x6E6E , -796 

15:12:33.395:
0x1C1C , 5638 
0x3E3E
15:12:33.411:
 , -218 
0x4D4D , -688 
0x5A5A , 1030 
0x6E6E , 3188 

15:12:36.036:
0x1C1C , 5620 
0x3E3E , 4788 
0x4D4
15:12:36.051:
D , 2804 
0x5A5A , 1006 
0x6E6E , 3163 

15:12:38.614:
0x1C1C , 5666 

15:12:38.645:
0x3E3E , 4774 
0x4D4D , 2780 
0x5A5A , 958 
0x6E6E , 3132 

15:12:39.926:
0x1C1C , 5638 
0x3E3E , 4784 
0x4D4D , -688 
0x5A5A , -339 
0x6E6E , -796 

15:12:41.270:
0x1C1C , 5652 
0x3E3E , 4802 
0x4D4D , 2804 
0x5A5A , 1044 
0x6E6E , 3112 

15:12:42.520:
0x1C1C , 564
15:12:42.536:
7 
0x3E3E , -218 
0x4D4D , -688 
0x5A5A , -339 
0x6E6E , -796 

15:12:43.880:
0x1C1C , 5693 
0x3E3E , 4760 
0x
15:12:43.895:
4D4D , 2790 
0x5A5A , 1106 
0x6E6E , 3142 

15:12:45.177:
0x1C1C , 5634 
0x3E3E , -218 
0x4D4D , -688 
0x5A5A , -339 
0x6E6E , -796 

15:12:46.521:
0x1C1C , 5643 
0x3E3E , 
15:12:46.536:
4746 
0x4D4D , 2844 
0x5A5A , 982 
0x6E6E , 3132 

15:12:47.802:
0x1C1C , 5670 
0x3E3E , -218 
0x4D4D , -688 
0x5A5A , -339 
0x6E6E , -796 

15:12:49.146:
0x1C1C , 5652 
0x3
15:12:49.161:
E3E , 4779 
0x4D4D , 2775 
0x5A5A , 982 
0x6E6E , 3218 

15:12:50.443:
0x1C1C , 5643 
0x3E3E , -218 
0x4D4D , -688 
0x5A5A , -339 
0x6E6E , -796 

15:12:51.786:
0x1C1C , 5643 
0x3E3E , -218 
0x4D4D , 2824 
0x5A5A , 1001 
0x6E6E , 3218 

15:12:53.052:
0x1C1C , 5643 
0x3E3E , -218 
0x4D4D , 
15:12:53.068:
-688 
0x5A5A , -339 
0x6E6E , -796 

15:12:54.411:
0x1C1C , 56
15:12:54.443:
57 
0x3E3E , 4779 
0x4D4D , 2799 
0x5A5A , 987 
0x6E6E , 3082 

15:12:56.990:
0x1C1C , 5643 
0x3E3E , 4793 
0
15:12:57.005:
x4D4D , 2790 
0x5A5A , 958 
0x6E6E , 3168 

15:12:58.271:
0x1C1C , 5679 
0x3E3E , 4
15:12:58.286:
807 
0x4D4D , -688 
0x5A5A , -339 
0x6E6E , -796 

15:12:59.646:
0x1C1C , 5661 
0x3E3E , 4756 
0x4D4D , 2765 
0x5A5A , 982 
0x6E6E , 3173 

15:13:00.896:
0x1C1C , 
15:13:00.912:
5634 
0x3E3E , -218 
0x4D4D , -688 
0x5A5A , -339 
0x6E6E , -796 

15:13:02.255:
0x1C1C , 5661 
0x3E3E , 4770 

15:13:02.271:
0x4D4D , 2770 
0x5A5A , 953 
0x6E6E , 3188 

15:13:03.552:
0x1C1C , 5666 
0x3E3E , -218 
0x4D4D , -688 
0x5A5A , -339 
0x6E6E , -796 

15:13:04.896:
0x1C1C , 5643 
0x3E3E , 47
15:13:04.912:
84 
0x4D4D , 2790 
0x5A5A , 968 
0x6E6E , 3168 

15:13:06.177:
0x1C1C , 5657 
0x3E3E , -218 
0x4D4D , -688 
0x5A5A , -339 
0x6E6E , -796 

15:13:07.521:
0x1C1C , 5675 
0x3E3E , 475
15:13:07.537:
6 
0x4D4D , 2849 
0x5A5A , 944 
0x6E6E , 3157 

15:13:08.818:
0x1C1C , 5675 
0x3E3E , -218 
0x4D4D , -688 
0x5A5A , -339 
0x6E6E , -796 

15:13:10.208:
0x1C1C , 5666 
0x3E3E , 4760 
0x4D4D , -688 
0x5
15:13:10.224:
A5A , -339 
0x6E6E , -796 

15:13:11.443:
0x1C1C , -159 
0x3E3E , -218 
0x4D4D , -688 
0x5A5A , -339 
0x6E6E , -796 

15:13:12.740:
0x1C1C , -159 
0x3E3E , -
15:13:12.755:
218 
0x4D4D , -688 
0x5A5A , 1020 
0x6E6E , -796 

15:13:15.334:
0x1C1C , 5643 
0x3E3E , 4742 
15:13:15.349:

0x4D4D , -688 
0x5A5A , -339 
0x6E6E , -796 

15:13:16.690:
0x1C1C , 5638 
0x3E3E , -218 
0x4D4D , 2799 
0x5A5A , 939 
0x6E6E , 3173 

15:13:17.987:
0x1C1C , 5638 
0x3E3E , 4765 
0x4D4D , -688 
0x5A5A , -339 
0x6E6E , -796 

15:13:19.331:
0x1C1C , 5657 
0x3E3E , 4784 
0x4D4D , 2790 
0x5A5A , 1063 
0x6E6E , 3132 

15:13:20.596:
0x1C1C , 5647 
0x3E3E , 4751 
0x4D4D ,
15:13:20.612:
 -688 
0x5A5A , -339 
0x6E6E , -796 

15:13:21.956:
0x1C1C , 5643 
0x3E3E , -218 
0x4D4D , 2755 
0x5A5A , 987 
0x6E6E , 3168 

15:13:23.253:
0x1C1C , 5679 
0x3E3E , 4816 
0x4D4D , -688 
0x5A5A , -339 
0x6E6E , -796 

15:13:24.596:
0x1C1C , 5679 
0x3E3E , -218 
0x4D4D , 2794 
0x5A5A , 944 
0x6E6E , 3163 

15:13:25.878:
0x1C1C , 5647 
0x3E3E , 4737 
0x4D4D , -688 
0x5A5A , -339 
0x6E6E , -796 

15:13:27.221:
0x1C1C , 5670 
0x3E3E , -218 
0x4D4D , 2785 
0x5A5A , 1030 
0x6E6E , 3142 

15:13:28.518:
0x1C1C , 5643 
0x3E3E , 4751 
0x4D4D , -688 
0x5A5A , -339 
0x6E6E , -796 

15:13:43.987:
0x1C1C , 5657 
0x3E3E , 4756 
0x4D4D , 2829 
0x5A5A , 958 
0x6E6E , -796 

15:13:45.144:
0x1C1C , 5647 
0x3E3E , -218 
0x4D4D , -688 
0x5A5
15:13:45.159:
A , -339 
0x6E6E , 3168 

15:13:47.719:
0x1C1C , 5675 
0x3E3E , -218 
0x4D4D , -688 

15:13:47.734:
0x5A5A , -339 
0x6E6E , 3132 

15:13:49.078:
0x1C1C , 5666 
0x3E3E , 4742 
0x4D4D , 2790 
0x5A5A , 996 
0x6E6E , -796 

15:13:50.391:
0x1C1C , 5652 
0x3E3E , 4746 
0x4D4D , -688 
0x5A5A , -339 
0x6E6E , 3157 

15:13:51.703:
0x1C1C , 5670 
0x3E3E , 4784 
0x4D4D , 2794 
0
15:13:51.719:
x5A5A , 996 
0x6E6E , -796 

15:13:53.000:
0x1C1C , 5629 
0x3E3E , -218 
0x4D4D , -688 
0x5A5A , -339 
0x6E6E , 3132 

15:13:54.344:
0x1C1C , 5647 
0x3E3E , 4774 
0x4D4D , 2775 
0x5A5A , 1039 
0x6E6E , -796 

15:13:55.641:
0x1C1C , 5666 
0x3E3E , -218 
0x4D4D , -688 
0x5A5A , -339 
0x6E6E , 3122 

15:13:56.985:
0x1C1C , 5634 
0x3E3E , 4788 
0x4D4D , 2785 
0x5A5A , 996 
0x6E6E , -796 

15:13:58.266:
0x1C1C , 5661 
0x3E3E , -218 
0x4D4D , -688 
0x5A5A , -339 
0x6E6E , 3122 

15:13:59.610:
0x1C1C , 5647 
0x3E3E , 4765 
0x4D4D , 2814 
0x5A5A , 1001 
0x6E6E , -796 

15:14:00.907:
0x1C1C , 5652 
0x3E3E , -218 
0x4D4D , -688 
0x5A5A , -339 
0x6E6E , 3198 

15:14:02.250:
0x1C1C , 5666 
0x3E3E , 4816 
0x4D4D , 2780 
0x5A5A , 1020 
0x6E6E , -796 

15:14:03.532:
0x1C1C , 5647 
0x3E3E , -218 
0x4D4D , -688 
0x5A5A , -339 
0x6E6E , 3082 

15:14:06.094:
0x1C1C , 5647 
0x3E3E , -218 
15:14:06.110:

0x4D4D , -688 
0x5A5A , -339 
0x6E6E , 3188 

15:14:07.438:
0x1C1C , 5661 
0x3E3E , 4714 
0x4D4D , 2765 
0x5A5A , 100
15:14:07.453:
1 
0x6E6E , -796 

15:14:08.766:
0x1C1C , 5657 
0x3E3E , 4746 
0x4D4D , -688 
0x5A5A , -339 
0x6E6E , 3157 

15:14:10.078:
0x1C1C , 5647 
0x3E3E , 4742 
0x4D4D , 2809 

15:14:10.094:
0x5A5A , 934 
0x6E6E , -796 

15:14:11.375:
0x1C1C , 5647 
0x3E3E , 4742 
0x4D4D , -688 
0x5A5A , -339 
0x6E6E , -796 

15:14:12.688:
0x1C1C , -159 
0x3E3E , -218 
0x4D4D , -688 
0x5A5A , -339 
0x6E6E , 3178 

15:14:14.000:
0x1C1C , 5652 
0x3E3E , 4765 
0x4D4D , -688 
0x5
15:14:14.016:
A5A , -339 
0x6E6E , -796 

15:14:36.029:
0x1C1C , 5638 
0x3E3E , 4751 
0x4D4D , 2785 
0x5A5A , 1101 
0x6E6E , 3127 

15:14:37.201:
0x1C1C , 5647 
0x3E3E , -218 
0x4D4D , -688 
0x5A5A , -339 
0x6E6E , -796 

15:14:38.545:
0x1C1C , 5625 
0x3E3E , 
15:14:38.560:
4779 
0x4D4D , 2834 
0x5A5A , 1034 
0x6E6E , 3168 

15:14:39.826:
0x1C1C , 5629 
0x3E3E , -218 
0x4D4D , -688 
0x5A5A , -339 
0x6E6E , -796 

15:14:41.170:
0x1C1C , 5657 
0x3E3E , 4770
15:14:41.185:
 
0x4D4D , 2814 
0x5A5A , 1020 
0x6E6E , 3157 

15:14:42.451:
0x1C1C , 5643 
0x3E3E , -218 
0x4D4D , -688 
0x5A5A , -339 
0x6E6E , -796 

15:14:45.014:
0x1C1C , 5661 
0x3E3E , -
15:14:45.029:
218 
0x4D4D , -688 
0x5A5A , -339 
0x6E6E , -796 

15:14:46.404:
0x1C1C , 5666 
0x3E3E , 4737 
0x4D4D , 2765 
0x5A5A , 1034 
0x6E6E , 3132 

15:14:47.654:
0x1C1C 
15:14:47.670:
, 5652 
0x3E3E , -218 
0x4D4D , -688 
0x5A5A , -339 
0x6E6E , -796 

15:14:49.014:
0x1C1C , 5693 
0x3E3E , 4742 
15:14:49.029:

0x4D4D , 2765 
0x5A5A , 1025 
0x6E6E , 3173 

15:14:50.273:
0x1C1C , 5647 
0x3E3E , -218 
0x4D4
15:14:50.288:
D , -688 
0x5A5A , -339 
0x6E6E , -796 

15:14:51.632:
0x1C1C 
15:14:51.664:
, 5643 
0x3E3E , 4742 
0x4D4D , 2775 
0x5A5A , 1030 
0x6E6E , 3142 

15:14:52.914:
0x1C1C , 5638 

15:14:52.929:
0x3E3E , -218 
0x4D4D , -688 
0x5A5A , -339 
0x6E6E , -796 

15:14:54.257:
0x1C1
15:14:54.289:
C , 5638 
0x3E3E , -218 
0x4D4D , 2799 
0x5A5A , 991 
0x6E6E , 3228 

15:14:55.539:
0x1C1C , 5652 
0x3E3E , -218 
0x4D4D , -688 
0x
15:14:55.554:
5A5A , -339 
0x6E6E , -796 

15:14:56.914:
0x1C1C , 5670 
0x3E3E , -218 
0x4D4D , 2834 
0x5A5A , 982 
0x6E6E , 3072 

15:14:58.179:
0x1C1C , 5652 
0x3E3E , -218 
0x4D4D , -6
15:14:58.195:
88 
0x5A5A , -339 
0x6E6E , -796 

15:14:59.539:
0x1C1C , 5675
15:14:59.554:
 
0x3E3E , 4746 
0x4D4D , 2794 
0x5A5A , 1053 
0x6E6E , 3127 

15:15:00.804:
0x1C1C , 5652 
0x3E3E
15:15:00.820:
 , -218 
0x4D4D , -688 
0x5A5A , -339 
0x6E6E , -796 

15:15:03.414:
0x1C1C , 5638 
0x3E3E , -218 
0x4D4D , -688 
0x5A5A , -339 
0x6E6E , -796 

15:15:04.757:
0x1C1C , 5634 
0x
15:15:04.773:
3E3E , 4760 
0x4D4D , 2790 
0x5A5A , 1125 
0x6E6E , 3142 

15:15:06.054:
0x1C1C , 5666 
0x3E3E , 4756 
0x4D4D , -688 
0x5A5A , -339 
0x6E6E , -796 

15:15:07.398:
0x1C1C , 5657 
0x3E3E , 4746 
0x4D4D , 2785 
0x5A5A , 1053 
0x6E6E , 3132 

15:15:08.648:
0x1C1C , 5643
15:15:08.679:
 
0x3E3E , -218 
0x4D4D , -688 
0x5A5A , -339 
0x6E6E , -796 

15:15:10.023:
0x1C1C , 5643 
0x3E3E , 4760 

15:15:10.039:
0x4D4D , 2755 
0x5A5A , 1044 
0x6E6E , 3183 

15:15:11.304:
0x1C1C , 5647 
0x3E3E , -218 
0x4D4D , -688 
0x5A5A , -339 
0x6E6E , -796 

15:15:12.648:
0x1C1C , 5657 
0x3E3E 
15:15:12.664:
, 4732 
0x4D4D , 2785 
0x5A5A , 1082 
0x6E6E , 3147 

15:15:13.929:
0x1C1C , 5657 
0x3E3E , -218 
0x4D4D , -688 
0x5A5A , -339 
0x6E6E , -796 

15:15:15.273:
0x1C1C , 5661 
0x
15:15:15.304:
3E3E , 4742 
0x4D4D , 2790 
0x5A5A , 1020 
0x6E6E , 3208 

15:15:16.554:
0x1C1C , 5643 
0x3E3E , -21
15:15:16.570:
8 
0x4D4D , -688 
0x5A5A , -339 
0x6E6E , -796 

15:15:17.929:
0x1C1C , 5661 
0x3E3E , 4774 
0x4D4D , 2790 
0x5A5A , 1144 
0x6E6E , 3173 

15:15:19.179:
0x1C1C , 5
15:15:19.211:
629 
0x3E3E , -218 
0x4D4D , -688 
0x5A5A , -339 
0x6E6E , -796 

15:15:21.783:
0x1C1C , 5670 
0x3E3E , -218 
0x4D4D , -688 
0x5A5A , -339 
0x6E6E , -796 

15:15:23.111:
0x1C1C , 5661 
0x3E
15:15:23.142:
3E , 4779 
0x4D4D , 2785 
0x5A5A , 1020 
0x6E6E , 3178 

15:15:24.408:
0x1C1C , 5620 
0x3E3E , -218 
0x4D4D , -688 
0x5A5A , -339 
0x6E6E , -796 

15:15:25.752:
0x1C1C , 5643 
0x3E3E 
15:15:25.767:
, 4751 
0x4D4D , 2770 
0x5A5A , 1025 
0x6E6E , 3183 

15:15:27.048:
0x1C1C , 5629 
0x3E3E , -218 
0x4D4D , -688 
0x5A5A , -339 
0x6E6E , -796 

15:15:28.392:
0x1C1C , 5657 
0x3E3E
15:15:28.408:
 , 4756 
0x4D4D , 2775 
0x5A5A , 1030 
0x6E6E , 3157 

15:15:29.674:
0x1C1C , 5629 
0x3E3E , -218 
0x4D4D , -688 
0x5A5A , -339 
0x6E6E , -796 

15:15:31.017:
0x1C1C , 5666 
0x3E3E 
15:15:31.033:
, 4760 
0x4D4D , 2804 
0x5A5A , 977 
0x6E6E , 3168 

15:15:32.314:
0x1C1C , 5652 
0x3E3E , -218 
0x4D4D , -688 
0x5A5A , -339 
0x6E6E , -796 

15:15:33.642:
0x1C1C , 5625 

15:15:33.674:
0x3E3E , 4732 
0x4D4D , 2740 
0x5A5A , 1068 
0x6E6E , 3077 

15:15:34.924:
0x1C1C , 5647 
0x3E3E , -218 

15:15:34.939:
0x4D4D , -688 
0x5A5A , -339 
0x6E6E , -796 

15:15:36.299:
0x1C1C , 5634 
0x3E3E , 4751 
0x4D4D , 2765 
0x5A5A , -339 
0x6E6E , 3188 

15:15:37.549:
0x1C1C , 5684 
0x3E3E , -218 
0x4D4D , -688 

15:15:37.564:
0x5A5A , -339 
0x6E6E , -796 

15:15:40.127:
0x1C1C , 5666 
0
15:15:40.158:
x3E3E , -218 
0x4D4D , -688 
0x5A5A , -339 
0x6E6E , -796 

15:15:41.486:
0x1C1C , 565
15:15:41.502:
7 
0x3E3E , 4742 
0x4D4D , 2794 
0x5A5A , -339 
0x6E6E , 3147 

15:15:42.767:
0x1C1C , 5661 
0x3E3E , -218 
0x4D4D , -688 
0
15:15:42.783:
x5A5A , -339 
0x6E6E , -796 

15:15:44.127:
0x1C1C , 5657 
0x3E3E , 47
15:15:44.142:
56 
0x4D4D , 2750 
0x5A5A , 1025 
0x6E6E , 3188 

15:15:45.424:
0x1C1C , 5629 
0x3E3E , -218 
0x4D4D , -688 
0x5A5A , -339 
0x6E6E , -796 

15:15:46.752:
0x1C1C , 5684 
0x3E3E , 4774 
0x4D4D , 2765 
0x5A5A , -339 
0x6E6E , -796 

15:15:48.049:
0x1C1C , -159 
0x3E3E , -218 
0x4D4D , -688 
0x5A5A , -339 
0x6E6E , 3137 

15:15:49.392:
0x1C1C , 5652 
0x3E3E , 4788 
0x4D4D , 2799 
0x5A5A , -339 
0x6E6E , -796 

15:15:50.689:
0x1C1C , 5670 
0x3E3E , -218 
0x4D4D , -688 
0x5A5A , -339 
0x6E6E , -796 

15:15:51.979:
0x1C1C , -159 
0x3E3
15:15:51.995:
E , -218 
0x4D4D , -688 
0x5A5A , -339 
0x6E6E , 3117 

15:15:53.308:
0x1C1C , 5652 
0x3E3E , -218 
0x4D
15:15:53.323:
4D , -688 
0x5A5A , -339 
0x6E6E , -796 

15:15:54.667:
0x1C1C , 5657 
0x3E3E , 4732 
0x4D4D , 2785 
0x5A5A , -339 
0x6E6E , -796 

15:15:55.964:
0x1C1C , -159 
0x3E3E , -218 
0x4D4D , -688 
0x5A5A , -339 
0x6E6E , 3082 

15:15:58.542:
0x1C1C , 5657 
0x3E3E , -218 
0x4D4D , -688 
0x5A5A , -339 
0x6E6E , -796 

15:15:59.823:
0x1C1C , -159 
0x3E3E , -218 

15:15:59.839:
0x4D4D , -688 
0x5A5A , -339 
0x6E6E , -796 

15:16:01.167:
0x1C1C , 5643 
0x3E3E , -218 
0x4D4D , -688 
0x5A5A ,
15:16:01.183:
 -339 
0x6E6E , 3137 

15:16:02.495:
0x1C1C , 5643 
0x3E3E , 4746 
0x4D4D , 2814 
0x
15:16:02.511:
5A5A , -339 
0x6E6E , -796 

15:16:03.808:
0x1C1C , 5647 
15:16:03.823:

0x3E3E , -218 
0x4D4D , -688 
0x5A5A , 996 
0x6E6E , 3178 

15:16:05.120:
0x1C1C , 5666 
0x3E3E , 474
15:16:05.136:
6 
0x4D4D , 2829 
0x5A5A , -339 
0x6E6E , -796 

15:16:06.448:
0x1C1C , 5670 
0x3E3E , -218 
0x4D4D , -688 
0x5A5A , -339 
0x6E6E , 3178 

15:16:07.761:
0x1C1C , 5652 
0x3E3E , 4742 
0x4D4D , 2765 

15:16:07.776:
0x5A5A , -339 
0x6E6E , -796 

15:16:09.073:
0x1C1C , 5652 
15:16:09.089:

0x3E3E , -218 
0x4D4D , -688 
0x5A5A , 948 
0x6E6E , 3147 

15:16:10.386:
0x1C1C , 5666 
0x3E3E , 4746
15:16:10.402:
 
0x4D4D , 2819 
0x5A5A , -339 
0x6E6E , -796 

15:16:11.730:
0x1C1C , 5661 
0x3E3E , -218 
0x4D4D , -688 
0x5A5A , 1053 
0x6E6E , 3163 

15:16:13.011:
0x1C1C , 5661 
0
15:16:13.042:
x3E3E , 4737 
0x4D4D , 2799 
0x5A5A , -339 
0x6E6E , -796 

15:16:14.339:
0x1C1C , 5661 
0x3E3E , -218 
0x4D4D
15:16:14.355:
 , -688 
0x5A5A , 815 
0x6E6E , 3127 

15:16:16.917:
0x1C1C , 5670 
0x3E3E , -218 
0x4D4D , -688 
0x5A5A , -339 
0x6E6E , 3157 

15:16:18.230:
0x1C1C , 5661 
0x3E3E , 4751 
0x4D4D , 2770 
0x5A5
15:16:18.245:
A , -339 
0x6E6E , -796 

15:16:19.558:
0x1C1C , 5661 
0x3E3E , -218 
0x4D4D , -688 
0x5A5A , -339 
0x6E6E , 3132 
