0x1C1C , 5483 
0x3E3E , 5797 
0x5A5A , 0 
0x6E6E , 3395 
0x1C1C , 5492 
0x3E3E , 5740 
0x5A5A , 0 
0x6E6E , 3456 
0x1C1C , 5440 
0x3E3E , 0 
0x5A5A , 0 
0x6E6E , 3409 
0x1C1C , 5497 
0x3E3E , 5778 
0x5A5A , 0 
0x6E6E , 3414 
0x1C1C , 5515 
0x3E3E , 5755 
0x5A5A , 0 
0x6E6E , 3456 
0x1C1C , 5473 
0x3E3E , 5726 
0x5A5A , 0 
0x6E6E , 3452 
0x1C1C , 5497 
0x3E3E , 5722 
0x5A5A , 0 
0x6E6E , 3391 
0x1C1C , 5468 
0x3E3E , 5764 
0x5A5A , 0 
0x6E6E , 3470 
0x1C1C , 5501 
0x3E3E , 5722 
0x5A5A , 0 
0x6E6E , 3428 
0x1C1C , 5497 
0x3E3E , 5726 
0x5A5A , 0 
0x6E6E , 3395 
0x1C1C , 5501 
0x3E3E , 5778 
0x5A5A , 0 
0x6E6E , 3423 
0x1C1C , 5511 
0x3E3E , 5694 
0x5A5A , 0 
0x6E6E , 3419 
0x1C1C , 5483 
0x3E3E , 5712 
0x5A5A , 0 
0x6E6E , 3405 
0x1C1C , 5501 
0x3E3E , 5740 
0x5A5A , 0 
0x6E6E , 3423 
0x1C1C , 5492 
0x3E3E , 5769 
0x5A5A , 0 
0x6E6E , 3461 
0x1C1C , 5478 
0x3E3E , 5722 
0x5A5A , 0 
0x6E6E , 3391 
0x1C1C , 5506 
0x3E3E , 5698 
0x5A5A , 0 
0x6E6E , 3381 
0x1C1C , 5506 
0x3E3E , 5745 
0x5A5A , 0 
0x6E6E , 3419 
0x1C1C , 5478 
0x3E3E , 5731 
0x5A5A , 0 
0x6E6E , 3456 
0x1C1C , 5450 
0x3E3E , 5722 
0x5A5A , 0 
0x6E6E , 3423 
0x1C1C , 5483 
0x3E3E , 5750 
0x5A5A , 0 
0x6E6E , 3391 
0x1C1C , 5501 
0x3E3E , 5740 
0x5A5A , 0 
0x6E6E , 3461 
0x1C1C , 5492 
0x3E3E , 5731 
0x5A5A , 0 
0x6E6E , 3461 
0x1C1C , 5473 
0x3E3E , 5764 
0x5A5A , 0 
0x6E6E , 3409 
0x1C1C , 5478 
0x3E3E , 5755 
0x5A5A , 0 
0x6E6E , 3377 
0x1C1C , 5497 
0x3E3E , 5745 
0x5A5A , 0 
0x6E6E , 3372 
0x1C1C , 5483 
0x3E3E , 5708 
0x5A5A , 0 
0x6E6E , 3419 
0x1C1C , 5497 
0x3E3E , 5689 
0x5A5A , 0 
0x6E6E , 3409 
0x1C1C , 5473 
0x3E3E , 0 
0x5A5A , 0 
0x6E6E , 3438 
0x1C1C , 5450 
0x3E3E , 0 
0x5A5A , 0 
0x6E6E , 3433 
0x1C1C , 5520 
0x3E3E , 5722 
0x5A5A , 0 
0x6E6E , 3414 
0x1C1C , 5492 
0x3E3E , 5717 
0x5A5A , 0 
0x6E6E , 3442 
0x1C1C , 5529 
0x3E3E , 5717 
0x5A5A , 0 
0x6E6E , 3391 
0x1C1C , 5426 
0x3E3E , 5740 
0x5A5A , 0 
0x6E6E , 3423 
0x1C1C , 5483 
0x3E3E , 5745 
0x5A5A , 0 
0x6E6E , 3419 
0x1C1C , 5483 
0x3E3E , 5689 
0x5A5A , 0 
0x6E6E , 3377 
0x1C1C , 5440 
0x3E3E , 5712 
0x5A5A , 0 
0x6E6E , 3414 
0x1C1C , 5487 
0x3E3E , 5736 
0x5A5A , 0 
0x6E6E , 3386 
0x1C1C , 5487 
0x3E3E , 5712 
0x5A5A , 0 
0x6E6E , 3438 
0x1C1C , 5478 
0x3E3E , 5712 
0x5A5A , 0 
0x6E6E , 3442 
0x1C1C , 5487 
0x3E3E , 5684 
0x5A5A , 0 
0x6E6E , 3409 
0x1C1C , 5468 
0x3E3E , 5703 
0x5A5A , 0 
0x6E6E , 3386 
0x1C1C , 5450 
0x3E3E , 5717 
0x5A5A , 0 
0x6E6E , 3461 
0x1C1C , 5511 
0x3E3E , 5708 
0x5A5A , 0 
0x6E6E , 3428 
0x1C1C , 5487 
0x3E3E , 5694 
0x5A5A , 0 
0x6E6E , 3461 
0x1C1C , 5464 
0x3E3E , 5670 
0x5A5A , 0 
0x6E6E , 3442 
0x1C1C , 5454 
0x3E3E , 5717 
0x5A5A , 0 
0x6E6E , 3405 
0x1C1C , 5440 
0x3E3E , 5675 
0x5A5A , 0 
0x6E6E , 3433 
0x1C1C , 5436 
0x3E3E , 5712 
0x5A5A , 0 
0x6E6E , 3442 
0x1C1C , 5506 
0x3E3E , 5665 
0x5A5A , 0 
0x6E6E , 3423 
0x1C1C , 5487 
0x3E3E , 5684 
0x5A5A , 0 
0x6E6E , 3391 
0x1C1C , 5436 
0x3E3E , 5764 
0x5A5A , 0 
0x6E6E , 3395 
0x1C1C , 5487 
0x3E3E , 5703 
0x5A5A , 0 
0x6E6E , 3442 
0x1C1C , 5440 
0x3E3E , 5684 
0x5A5A , 0 
0x6E6E , 3423 
0x1C1C , 5506 
0x3E3E , 5684 
0x5A5A , 0 
0x6E6E , 3414 
0x1C1C , 5483 
0x3E3E , 5689 
0x5A5A , 0 
0x6E6E , 3409 
0x1C1C , 5487 
0x3E3E , 5698 
0x5A5A , 0 
0x6E6E , 3381 
0x1C1C , 5511 
0x3E3E , 5708 
0x5A5A , 0 
0x6E6E , 3423 
0x1C1C , 5478 
0x3E3E , 5694 
0x5A5A , 0 
0x6E6E , 3395 
0x1C1C , 5483 
0x3E3E , 5684 
0x5A5A , 0 
0x6E6E , 3395 
0x1C1C , 5459 
0x3E3E , 5680 
0x5A5A , 0 
0x6E6E , 3409 
0x1C1C , 5492 
0x3E3E , 5717 
0x5A5A , 0 
0x6E6E , 3438 
0x1C1C , 5515 
0x3E3E , 5684 
0x5A5A , 0 
0x6E6E , 3419 
0x1C1C , 5478 
0x3E3E , 5698 
0x5A5A , 0 
0x6E6E , 3423 
0x1C1C , 5468 
0x3E3E , 5684 
0x5A5A , 0 
0x6E6E , 3438 
0x1C1C , 5468 
0x3E3E , 5694 
0x5A5A , 0 
0x6E6E , 3391 
0x1C1C , 5483 
0x3E3E , 5656 
0x5A5A , 0 
0x6E6E , 3409 
0x1C1C , 5511 
0x3E3E , 5708 
0x5A5A , 0 
0x6E6E , 3409 
0x1C1C , 5468 
0x3E3E , 5684 
0x5A5A , 0 
0x6E6E , 3423 
0x1C1C , 5459 
0x3E3E , 5717 
0x5A5A , 0 
0x6E6E , 3447 
0x1C1C , 5511 
0x3E3E , 5675 
0x5A5A , 0 
0x6E6E , 3395 
0x1C1C , 5483 
0x3E3E , 5689 
0x5A5A , 0 
0x6E6E , 3409 
0x1C1C , 5454 
0x3E3E , 0 
0x5A5A , 0 
0x6E6E , 3405 
0x1C1C , 5497 
0x3E3E , 0 
0x5A5A , 0 
0x6E6E , 3400 
0x1C1C , 5454 
0x3E3E , 5670 
0x5A5A , 0 
0x6E6E , 3400 
0x1C1C , 5511 
0x3E3E , 5670 
0x5A5A , 0 
0x6E6E , 3400 
0x1C1C , 5501 
0x3E3E , 5717 
0x5A5A , 0 
0x6E6E , 3428 
0x1C1C , 5473 
0x3E3E , 5731 
0x5A5A , 0 
0x6E6E , 3391 

0x1C1C , 0 
0x3E3E , 0 
0x5A5A , 0 
0x6E6E , 0 
0x1C1C , 5487 
0x3E3E , 5769 
0x5A5A , 0 
0x6E6E , 3409 
0x1C1C , 5459 
0x3E3E , 5745 
0x5A5A , 0 
0x6E6E , 3405 
0x1C1C , 5487 
0x3E3E , 5740 
0x5A5A , 0 
0x6E6E , 3428 
0x1C1C , 5492 
0x3E3E , 5740 
0x5A5A , 0 
0x6E6E , 3405 
0x1C1C , 5473 
0x3E3E , 5708 
0x5A5A , 0 
0x6E6E , 3438 
0x1C1C , 5501 
0x3E3E , 5975 
0x5A5A , 0 
0x6E6E , 3367 
0x1C1C , 5529 
0x3E3E , 6181 
0x5A5A , 0 
0x6E6E , 3438 
0x1C1C , 5506 
0x3E3E , 5708 
0x5A5A , 0 
0x6E6E , 3414 
0x1C1C , 5515 
0x3E3E , 5726 
0x5A5A , 0 
0x6E6E , 3409 
0x1C1C , 5473 
0x3E3E , 5745 
0x5A5A , 0 
0x6E6E , 3381 
0x1C1C , 5492 
0x3E3E , 5755 
0x5A5A , 0 
0x6E6E , 3386 
0x1C1C , 5492 
0x3E3E , 0 
0x5A5A , 0 
0x6E6E , 3447 
0x1C1C , 5501 
0x3E3E , 0 
0x5A5A , 0 
0x6E6E , 3452 
0x1C1C , 5492 
0x3E3E , 5745 
0x5A5A , 0 
0x6E6E , 3381 
0x1C1C , 5501 
0x3E3E , 5684 
0x5A5A , 0 
0x6E6E , 3423 
0x1C1C , 5468 
0x3E3E , 5712 
0x5A5A , 0 
0x6E6E , 3423 
0x1C1C , 5506 
0x3E3E , 5731 
0x5A5A , 0 
0x6E6E , 3414 
0x1C1C , 5483 
0x3E3E , 5722 
0x5A5A , 0 
0x6E6E , 3409 
0x1C1C , 5473 
0x3E3E , 5750 
0x5A5A , 0 
0x6E6E , 3428 
0x1C1C , 5487 
0x3E3E , 5703 
0x5A5A , 0 
0x6E6E , 3452 
0x1C1C , 5506 
0x3E3E , 5708 
0x5A5A , 0 
0x6E6E , 3386 
0x1C1C , 5511 
0x3E3E , 5712 
0x5A5A , 0 
0x6E6E , 3391 
0x1C1C , 5483 
0x3E3E , 5717 
0x5A5A , 0 
0x6E6E , 3405 
0x1C1C , 5525 
0x3E3E , 5684 
0x5A5A , 0 
0x6E6E , 3419 
0x1C1C , 5459 
0x3E3E , 5726 
0x5A5A , 0 
0x6E6E , 3414 
0x1C1C , 5497 
0x3E3E , 5712 
0x5A5A , 0 
0x6E6E , 3433 
0x1C1C , 5450 
0x3E3E , 5726 
0x5A5A , 0 
0x6E6E , 3362 
0x1C1C , 5445 
0x3E3E , 5698 
0x5A5A , 0 
0x6E6E , 3409 
0x1C1C , 5459 
0x3E3E , 5722 
0x5A5A , 0 
0x6E6E , 3433 
0x1C1C , 5459 
0x3E3E , 5750 
0x5A5A , 0 
0x6E6E , 3438 
0x1C1C , 5501 
0x3E3E , 5731 
0x5A5A , 0 
0x6E6E , 3428 
0x1C1C , 5506 
0x3E3E , 5680 
0x5A5A , 0 
0x6E6E , 3419 
0x1C1C , 5473 
0x3E3E , 5680 
0x5A5A , 0 
0x6E6E , 3423 
0x1C1C , 5506 
0x3E3E , 5665 
0x5A5A , 0 
0x6E6E , 3405 
0x1C1C , 5501 
0x3E3E , 5675 
0x5A5A , 0 
0x6E6E , 3405 
0x1C1C , 5464 
0x3E3E , 5726 
0x5A5A , 0 
0x6E6E , 3405 
0x1C1C , 5450 
0x3E3E , 5726 
0x5A5A , 0 
0x6E6E , 3466 
0x1C1C , 5473 
0x3E3E , 5703 
0x5A5A , 0 
0x6E6E , 3484 
0x1C1C , 5473 
0x3E3E , 5689 
0x5A5A , 0 
0x6E6E , 3391 
0x1C1C , 5436 
0x3E3E , 5736 
0x5A5A , 0 
0x6E6E , 3442 
0x1C1C , 5525 
0x3E3E , 5722 
0x5A5A , 0 
0x6E6E , 3423 
0x1C1C , 5454 
0x3E3E , 5731 
0x5A5A , 0 
0x6E6E , 3433 
0x1C1C , 5464 
0x3E3E , 5717 
0x5A5A , 0 
0x6E6E , 3405 
0x1C1C , 5501 
0x3E3E , 5731 
0x5A5A , 0 
0x6E6E , 3452 
0x1C1C , 5454 
0x3E3E , 5717 
0x5A5A , 0 
0x6E6E , 3400 
0x1C1C , 5487 
0x3E3E , 5689 
0x5A5A , 0 
0x6E6E , 3419 
0x1C1C , 5483 
0x3E3E , 5722 
0x5A5A , 0 
0x6E6E , 3400 
0x1C1C , 5492 
0x3E3E , 5722 
0x5A5A , 0 
0x6E6E , 3414 
0x1C1C , 5511 
0x3E3E , 5726 
0x5A5A , 0 
0x6E6E , 3395 
0x1C1C , 5464 
0x3E3E , 5708 
0x5A5A , 0 
0x6E6E , 3409 
0x1C1C , 5464 
0x3E3E , 5703 
0x5A5A , 0 
0x6E6E , 3433 
0x1C1C , 5473 
0x3E3E , 5694 
0x5A5A , 0 
0x6E6E , 3414 
0x1C1C , 5473 
0x3E3E , 5703 
0x5A5A , 0 
0x6E6E , 3409 
0x1C1C , 5468 
0x3E3E , 5680 
0x5A5A , 0 
0x6E6E , 3414 
0x1C1C , 5478 
0x3E3E , 5717 
0x5A5A , 0 
0x6E6E , 3395 
0x1C1C , 5506 
0x3E3E , 5708 
0x5A5A , 0 
0x6E6E , 3391 
0x1C1C , 5468 
0x3E3E , 0 
0x5A5A , 0 
0x6E6E , 3428 
0x1C1C , 5464 
0x3E3E , 0 
0x5A5A , 0 
0x6E6E , 3400 
0x1C1C , 5468 
0x3E3E , 5661 
0x5A5A , 0 
0x6E6E , 3391 
0x1C1C , 5506 
0x3E3E , 5698 
0x5A5A , 0 
0x6E6E , 3405 
0x1C1C , 5464 
0x3E3E , 5712 
0x5A5A , 0 
0x6E6E , 3428 
0x1C1C , 5515 
0x3E3E , 5694 
0x5A5A , 0 
0x6E6E , 3386 
0x1C1C , 5506 
0x3E3E , 5680 
0x5A5A , 0 
0x6E6E , 3400 
0x1C1C , 5436 
0x3E3E , 5717 
0x5A5A , 0 
0x6E6E , 3423 
0x1C1C , 5497 
0x3E3E , 5637 
0x5A5A , 0 
0x6E6E , 3423 
0x1C1C , 5492 
0x3E3E , 5694 
0x5A5A , 0 
0x6E6E , 3414 
0x1C1C , 5497 
0x3E3E , 5712 
0x5A5A , 0 
0x6E6E , 3377 
0x1C1C , 5487 
0x3E3E , 5694 
0x5A5A , 0 
0x6E6E , 3419 
0x1C1C , 5501 
0x3E3E , 5778 
0x5A5A , 0 
0x6E6E , 3480 
0x1C1C , 5483 
0x3E3E , 5703 
0x5A5A , 0 
0x6E6E , 3447 
0x1C1C , 5478 
0x3E3E , 0 
0x5A5A , 0 
0x6E6E , 3442 
0x1C1C , 5497 
0x3E3E , 0 
0x5A5A , 0 
0x6E6E , 3461 
0x1C1C , 5492 
0x3E3E , 0 
0x5A5A , 0 
0x6E6E , 3419 
0x1C1C , 5468 
0x3E3E , 0 
0x5A5A , 0 
0x6E6E , 3400 
0x1C1C , 5483 
0x3E3E , 5675 
0x5A5A , 0 
0x6E6E , 3414 
0x1C1C , 5464 
0x3E3E , 5694 
0x5A5A , 0 
0x6E6E , 3367 
0x1C1C , 5478 
0x3E3E , 5684 
0x5A5A , 0 
0x6E6E , 3409 
0x1C1C , 5506 
0x3E3E , 5703 
0x5A5A , 0 
0x6E6E , 3395 
0x1C1C , 5487 
0x3E3E , 5703 
0x5A5A , 0 
0x6E6E , 3391 
0x1C1C , 5483 
0x3E3E , 5689 
0x5A5A , 0 
0x6E6E , 3381 
0x1C1C , 5492 
0x3E3E , 5694 
0x5A5A , 0 
0x6E6E , 3456 
0x1C1C , 5483 
0x3E3E , 0 
0x5A5A , 0 
0x6E6E , 0 
0x1C1C , 0 
0x3E3E , 5680 
0x5A5A , 0 
0x6E6E , 0 
0x1C1C , 0 
0x3E3E , 5665 
0x5A5A , 0 
0x6E6E , 0 
0x1C1C , 5492 
0x3E3E , 5661 
0x5A5A , 0 
0x6E6E , 3447 
0x1C1C , 5487 
0x3E3E , 5684 
0x5A5A , 0 
0x6E6E , 3433 
0x1C1C , 5464 
0x3E3E , 5712 
0x5A5A , 0 
0x6E6E , 3391 
0x1C1C , 5511 
0x3E3E , 5684 
0x5A5A , 0 
0x6E6E , 3377 
0x1C1C , 5497 
0x3E3E , 5717 
0x5A5A , 0 
0x6E6E , 3386 
0x1C1C , 5506 
0x3E3E , 5694 
0x5A5A , 0 
0x6E6E , 3423 
0x1C1C , 5478 
0x3E3E , 0 
0x5A5A , 0 
0x6E6E , 3400 
0x1C1C , 5515 
0x3E3E , 0 
0x5A5A , 0 
0x6E6E , 3386 
0x1C1C , 5487 
0x3E3E , 5703 
0x5A5A , 0 
0x6E6E , 3423 
0x1C1C , 5454 
0x3E3E , 5647 
0x5A5A , 0 
0x6E6E , 3414 
0x1C1C , 5501 
0x3E3E , 5726 
0x5A5A , 0 
0x6E6E , 3409 
0x1C1C , 5473 
0x3E3E , 5708 
0x5A5A , 0 
0x6E6E , 3395 
0x1C1C , 5497 
0x3E3E , 5698 
0x5A5A , 0 
0x6E6E , 3395 
0x1C1C , 5487 
0x3E3E , 5684 
0x5A5A , 0 
0x6E6E , 3456 
0x1C1C , 5525 
0x3E3E , 5731 
0x5A5A , 0 
0x6E6E , 3442 
0x1C1C , 5473 
0x3E3E , 5722 
0x5A5A , 0 
0x6E6E , 3405 
0x1C1C , 5464 
0x3E3E , 5787 
0x5A5A , 0 
0x6E6E , 3391 
0x1C1C , 5459 
0x3E3E , 5698 
0x5A5A , 0 
0x6E6E , 3400 
0x1C1C , 5506 
0x3E3E , 5698 
0x5A5A , 0 
0x6E6E , 3409 
0x1C1C , 5497 
0x3E3E , 5665 
0x5A5A , 0 
0x6E6E , 3442 
0x1C1C , 5492 
0x3E3E , 5684 
0x5A5A , 0 
0x6E6E , 3362 
0x1C1C , 5506 
0x3E3E , 5651 
0x5A5A , 0 
0x6E6E , 3419 
0x1C1C , 5483 
0x3E3E , 5694 
0x5A5A , 0 
0x6E6E , 3419 
0x1C1C , 5459 
0x3E3E , 5736 
0x5A5A , 0 
0x6E6E , 3395 
0x1C1C , 5492 
0x3E3E , 0 
0x5A5A , 0 
0x6E6E , 3381 
0x1C1C , 5473 
0x3E3E , 0 
0x5A5A , 0 
0x6E6E , 3395 
0x1C1C , 5454 
0x3E3E , 5684 
0x5A5A , 0 
0x6E6E , 3433 
0x1C1C , 5468 
0x3E3E , 0 
0x5A5A , 0 
0x6E6E , 3386 
0x1C1C , 5515 
0x3E3E , 0 
0x5A5A , 0 
0x6E6E , 3381 
0x1C1C , 5501 
0x3E3E , 5647 
0x5A5A , 0 
0x6E6E , 3400 
0x1C1C , 5506 
0x3E3E , 5675 
0x5A5A , 0 
0x6E6E , 3428 
0x1C1C , 5515 
0x3E3E , 5698 
0x5A5A , 0 
0x6E6E , 3419 
0x1C1C , 5487 
0x3E3E , 5675 
0x5A5A , 0 
0x6E6E , 3419 
0x1C1C , 5483 
0x3E3E , 5694 
0x5A5A , 0 
0x6E6E , 3405 
0x1C1C , 5478 
0x3E3E , 5661 
0x5A5A , 0 
0x6E6E , 3419 
0x1C1C , 5492 
0x3E3E , 5698 
0x5A5A , 0 
0x6E6E , 3433 
0x1C1C , 5459 
0x3E3E , 5717 
0x5A5A , 0 
0x6E6E , 3414 
0x1C1C , 5478 
0x3E3E , 5680 
0x5A5A , 0 
0x6E6E , 3400 
0x1C1C , 5483 
0x3E3E , 5689 
0x5A5A , 0 
0x6E6E , 3409 
0x1C1C , 5501 
0x3E3E , 5736 
0x5A5A , 0 
0x6E6E , 3419 
0x1C1C , 5511 
0x3E3E , 0 
0x5A5A , 0 
0x6E6E , 3414 
0x1C1C , 5492 
0x3E3E , 0 
0x5A5A , 0 
0x6E6E , 3428 
0x1C1C , 5450 
0x3E3E , 5708 
0x5A5A , 0 
0x6E6E , 3400 
0x1C1C , 5468 
0x3E3E , 5703 
0x5A5A , 0 
0x6E6E , 3405 
0x1C1C , 5497 
0x3E3E , 5698 
0x5A5A , 0 
0x6E6E , 3447 
0x1C1C , 5511 
0x3E3E , 5712 
0x5A5A , 0 
0x6E6E , 3386 
0x1C1C , 5492 
0x3E3E , 5670 
0x5A5A , 0 
0x6E6E , 3391 
0x1C1C , 5478 
0x3E3E , 5684 
0x5A5A , 0 
0x6E6E , 3480 
0x1C1C , 5501 
0x3E3E , 5717 
0x5A5A , 0 
0x6E6E , 3391 
0x1C1C , 5483 
0x3E3E , 5680 
0x5A5A , 0 
0x6E6E , 3395 
0x1C1C , 5478 
0x3E3E , 5708 
0x5A5A , 0 
0x6E6E , 3395 
0x1C1C , 5492 
0x3E3E , 5708 
0x5A5A , 0 
0x6E6E , 3447 
0x1C1C , 5478 
0x3E3E , 5717 
0x5A5A , 0 
0x6E6E , 3405 
0x1C1C , 5468 
0x3E3E , 0 
0x5A5A , 0 
0x6E6E , 3391 
0x1C1C , 0 
0x3E3E , 5665 
0x5A5A , 0 
0x6E6E , 0 
0x1C1C , 0 
0x3E3E , 5731 
0x5A5A , 0 
0x6E6E , 0 
0x1C1C , 5459 
0x3E3E , 5745 
0x5A5A , 0 
0x6E6E , 3339 
0x1C1C , 5511 
0x3E3E , 5670 
0x5A5A , 0 
0x6E6E , 3377 
0x1C1C , 5497 
0x3E3E , 5712 
0x5A5A , 0 
0x6E6E , 3428 
0x1C1C , 5478 
0x3E3E , 5647 
0x5A5A , 0 
0x6E6E , 3372 
0x1C1C , 5459 
0x3E3E , 5684 
0x5A5A , 0 
0x6E6E , 3414 
0x1C1C , 5483 
0x3E3E , 0 
0x5A5A , 0 
0x6E6E , 3442 
0x1C1C , 5511 
0x3E3E , 0 
0x5A5A , 0 
0x6E6E , 3395 
0x1C1C , 5473 
0x3E3E , 5717 
0x5A5A , 0 
0x6E6E , 3391 
0x1C1C , 5464 
0x3E3E , 5656 
0x5A5A , 0 
0x6E6E , 3423 
0x1C1C , 5487 
0x3E3E , 5684 
0x5A5A , 0 
0x6E6E , 3400 
0x1C1C , 5487 
0x3E3E , 5684 
0x5A5A , 0 
0x6E6E , 3419 
0x1C1C , 5483 
0x3E3E , 5661 
0x5A5A , 0 
0x6E6E , 3367 
0x1C1C , 5506 
0x3E3E , 5670 
0x5A5A , 0 
0x6E6E , 3395 
0x1C1C , 5511 
0x3E3E , 5712 
0x5A5A , 0 
0x6E6E , 3395 
0x1C1C , 5459 
0x3E3E , 5712 
0x5A5A , 0 
0x6E6E , 3452 
0x1C1C , 5506 
0x3E3E , 5689 
0x5A5A , 0 
0x6E6E , 3395 
0x1C1C , 5511 
0x3E3E , 5675 
0x5A5A , 0 
0x6E6E , 3438 
0x1C1C , 5478 
0x3E3E , 5745 
0x5A5A , 0 
0x6E6E , 3386 
0x1C1C , 5473 
0x3E3E , 5694 
0x5A5A , 0 
0x6E6E , 3456 
0x1C1C , 5473 
0x3E3E , 5698 
0x5A5A , 0 
0x6E6E , 3395 
0x1C1C , 5497 
0x3E3E , 5675 
0x5A5A , 0 
0x6E6E , 3395 
0x1C1C , 5473 
0x3E3E , 5708 
0x5A5A , 0 
0x6E6E , 3391 
0x1C1C , 5511 
0x3E3E , 0 
0x5A5A , 0 
0x6E6E , 0 
0x1C1C , 0 
0x3E3E , 5675 
0x5A5A , 0 
0x6E6E , 0 
0x1C1C , 0 
0x3E3E , 5684 
0x5A5A , 0 
0x6E6E , 0 
0x1C1C , 5506 
0x3E3E , 0 
0x5A5A , 0 
0x6E6E , 0 
0x1C1C , 0 
0x3E3E , 5670 
0x5A5A , 0 
0x6E6E , 0 
0x1C1C , 0 
0x3E3E , 5717 
0x5A5A , 0 
0x6E6E , 0 
0x1C1C , 5473 
0x3E3E , 5684 
0x5A5A , 0 
0x6E6E , 3405 
0x1C1C , 5473 
0x3E3E , 0 
0x5A5A , 0 
0x6E6E , 3395 
0x1C1C , 5483 
0x3E3E , 0 
0x5A5A , 0 
0x6E6E , 3377 
0x1C1C , 5478 
0x3E3E , 5684 
0x5A5A , 0 
0x6E6E , 3400 
0x1C1C , 5487 
0x3E3E , 5684 
0x5A5A , 0 
0x6E6E , 3381 
0x1C1C , 5501 
0x3E3E , 5637 
0x5A5A , 0 
0x6E6E , 3381 
0x1C1C , 5483 
0x3E3E , 5665 
0x5A5A , 0 
0x6E6E , 3433 
0x1C1C , 5468 
0x3E3E , 5670 
0x5A5A , 0 
0x6E6E , 3386 
0x1C1C , 5497 
0x3E3E , 5684 
0x5A5A , 0 
0x6E6E , 3419 
0x1C1C , 5473 
0x3E3E , 5684 
0x5A5A , 0 
0x6E6E , 3433 
0x1C1C , 5492 
0x3E3E , 5694 
0x5A5A , 0 
0x6E6E , 3372 
0x1C1C , 5478 
0x3E3E , 5717 
0x5A5A , 0 
0x6E6E , 3400 
0x1C1C , 5492 
0x3E3E , 5698 
0x5A5A , 0 
0x6E6E , 3438 
0x1C1C , 5501 
0x3E3E , 5637 
0x5A5A , 0 
0x6E6E , 3433 
0x1C1C , 5501 
0x3E3E , 5694 
0x5A5A , 0 
0x6E6E , 3409 
0x1C1C , 5515 
0x3E3E , 5698 
0x5A5A , 0 
0x6E6E , 3367 
0x1C1C , 5487 
0x3E3E , 5647 
0x5A5A , 0 
0x6E6E , 3409 
0x1C1C , 5483 
0x3E3E , 5642 
0x5A5A , 0 
0x6E6E , 3391 
0x1C1C , 5464 
0x3E3E , 5642 
0x5A5A , 0 
0x6E6E , 3395 
0x1C1C , 5525 
0x3E3E , 5712 
0x5A5A , 0 
0x6E6E , 3438 
0x1C1C , 5492 
0x3E3E , 0 
0x5A5A , 0 
0x6E6E , 3423 
0x1C1C , 5473 
0x3E3E , 0 
0x5A5A , 0 
0x6E6E , 3438 
0x1C1C , 5487 
0x3E3E , 5661 
0x5A5A , 0 
0x6E6E , 3419 
0x1C1C , 5473 
0x3E3E , 5661 
0x5A5A , 0 
0x6E6E , 3400 
0x1C1C , 5520 
0x3E3E , 0 
0x5A5A , 0 
0x6E6E , 0 
0x1C1C , 0 
0x3E3E , 5604 
0x5A5A , 0 
0x6E6E , 0 
0x1C1C , 0 
0x3E3E , 5680 
0x5A5A , 0 
0x6E6E , 0 
0x1C1C , 5478 
0x3E3E , 5680 
0x5A5A , 0 
0x6E6E , 3414 
0x1C1C , 5459 
0x3E3E , 5656 
0x5A5A , 0 
0x6E6E , 3409 
0x1C1C , 5511 
0x3E3E , 0 
0x5A5A , 0 
0x6E6E , 3386 
0x1C1C , 0 
0x3E3E , 0 
0x5A5A , 0 
0x6E6E , 3405 
0x1C1C , 5473 
0x3E3E , 5680 
0x5A5A , 0 
0x6E6E , 3372 
0x1C1C , 5534 
0x3E3E , 5647 
0x5A5A , 0 
0x6E6E , 3372 
0x1C1C , 5483 
0x3E3E , 5684 
0x5A5A , 0 
0x6E6E , 3381 
0x1C1C , 5497 
0x3E3E , 5637 
0x5A5A , 0 
0x6E6E , 3386 
0x1C1C , 5459 
0x3E3E , 5665 
0x5A5A , 0 
0x6E6E , 3456 
0x1C1C , 5506 
0x3E3E , 5680 
0x5A5A , 0 
0x6E6E , 3400 
0x1C1C , 5501 
0x3E3E , 5656 
0x5A5A , 0 
0x6E6E , 3414 
0x1C1C , 5544 
0x3E3E , 5694 
0x5A5A , 0 
0x6E6E , 3414 
0x1C1C , 5497 
0x3E3E , 5661 
0x5A5A , 0 
0x6E6E , 3377 
0x1C1C , 5501 
0x3E3E , 5731 
0x5A5A , 0 
0x6E6E , 3419 
0x1C1C , 5492 
0x3E3E , 5712 
0x5A5A , 0 
0x6E6E , 3391 
0x1C1C , 5464 
0x3E3E , 5647 
0x5A5A , 0 
0x6E6E , 3381 
0x1C1C , 5501 
0x3E3E , 5703 
0x5A5A , 0 
0x6E6E , 3367 
0x1C1C , 5492 
0x3E3E , 5694 
0x5A5A , 0 
0x6E6E , 3400 
0x1C1C , 5483 
0x3E3E , 5647 
0x5A5A , 0 
0x6E6E , 3400 
0x1C1C , 5464 
0x3E3E , 5689 
0x5A5A , 0 
0x6E6E , 3391 
0x1C1C , 5515 
0x3E3E , 5680 
0x5A5A , 0 
0x6E6E , 3391 
0x1C1C , 5483 
0x3E3E , 5684 
0x5A5A , 0 
0x6E6E , 3433 
0x1C1C , 5454 
0x3E3E , 5703 
0x5A5A , 0 
0x6E6E , 3409 
0x1C1C , 5464 
0x3E3E , 0 
0x5A5A , 0 
0x6E6E , 3409 
0x1C1C , 5511 
0x3E3E , 0 
0x5A5A , 0 
0x6E6E , 3414 
0x1C1C , 5497 
0x3E3E , 5633 
0x5A5A , 0 
0x6E6E , 3358 
0x1C1C , 5450 
0x3E3E , 5642 
0x5A5A , 0 
0x6E6E , 3414 
0x1C1C , 5497 
0x3E3E , 0 
0x5A5A , 0 
0x6E6E , 0 
0x1C1C , 0 
0x3E3E , 5633 
0x5A5A , 0 
0x6E6E , 0 
0x1C1C , 0 
0x3E3E , 5642 
0x5A5A , 0 
0x6E6E , 0 
0x1C1C , 5454 
0x3E3E , 5647 
0x5A5A , 0 
0x6E6E , 3391 
0x1C1C , 5529 
0x3E3E , 5642 
0x5A5A , 0 
0x6E6E , 3372 
0x1C1C , 5487 
0x3E3E , 5698 
0x5A5A , 0 
0x6E6E , 3414 
0x1C1C , 5422 
0x3E3E , 5675 
0x5A5A , 0 
0x6E6E , 3414 
0x1C1C , 5506 
0x3E3E , 5665 
0x5A5A , 0 
0x6E6E , 3405 
0x1C1C , 5459 
0x3E3E , 5670 
0x5A5A , 0 
0x6E6E , 3423 
0x1C1C , 5483 
0x3E3E , 5633 
0x5A5A , 0 
0x6E6E , 3400 
0x1C1C , 5478 
0x3E3E , 5661 
0x5A5A , 0 
0x6E6E , 3438 
0x1C1C , 5487 
0x3E3E , 5755 
0x5A5A , 0 
0x6E6E , 3377 
0x1C1C , 5450 
0x3E3E , 5628 
0x5A5A , 0 
0x6E6E , 3381 
0x1C1C , 5464 
0x3E3E , 5661 
0x5A5A , 0 
0x6E6E , 3395 
0x1C1C , 5478 
0x3E3E , 5684 
0x5A5A , 0 
0x6E6E , 3362 
0x1C1C , 5450 
0x3E3E , 5694 
0x5A5A , 0 
0x6E6E , 3386 
0x1C1C , 5483 
0x3E3E , 5689 
0x5A5A , 0 
0x6E6E , 3409 
0x1C1C , 5520 
0x3E3E , 5684 
0x5A5A , 0 
0x6E6E , 3419 
0x1C1C , 5478 
0x3E3E , 5670 
0x5A5A , 0 
0x6E6E , 3372 
0x1C1C , 5506 
0x3E3E , 5637 
0x5A5A , 0 
0x6E6E , 3386 
0x1C1C , 5487 
0x3E3E , 0 
0x5A5A , 0 
0x6E6E , 3344 
0x1C1C , 5497 
0x3E3E , 0 
0x5A5A , 0 
0x6E6E , 3362 
0x1C1C , 5473 
0x3E3E , 5628 
0x5A5A , 0 
0x6E6E , 3344 
0x1C1C , 5478 
0x3E3E , 5661 
0x5A5A , 0 
0x6E6E , 3409 
0x1C1C , 5478 
0x3E3E , 5689 
0x5A5A , 0 
0x6E6E , 3428 
0x1C1C , 5473 
0x3E3E , 5680 
0x5A5A , 0 
0x6E6E , 3400 
