0x1C1C , 4671 
0x3E3E , 4080 
0x4D4D , 3588 
0x6E6E , 3803 
0x1C1C , 4666 
0x3E3E , 4108 
0x4D4D , 3639 
0x6E6E , 3724 
0x1C1C , 4624 
0x3E3E , 4094 
0x4D4D , 3653 
0x6E6E , 3738 
0x1C1C , 4779 
0x3E3E , 4014 
0x4D4D , 3559 
0x6E6E , 3817 
0x1C1C , 4741 
0x3E3E , 4014 
0x4D4D , 3555 
0x6E6E , 3747 
0x1C1C , 4690 
0x3E3E , 4099 
0x4D4D , 3649 
0x6E6E , 3742 
0x1C1C , 4671 
0x3E3E , 4207 
0x4D4D , 3728 
0x6E6E , 3602 
0x1C1C , 4549 
0x3E3E , 4272 
0x4D4D , 3841 
0x6E6E , 3550 
0x1C1C , 4479 
0x3E3E , 4347 
0x4D4D , 3592 
0x6E6E , 3489 
0x1C1C , 4362 
0x3E3E , 4502 
0x4D4D , 4066 
0x6E6E , 3353 
0x1C1C , 4277 
0x3E3E , 4676 
0x4D4D , 4127 
0x6E6E , 3217 
0x1C1C , 4197 
0x3E3E , 4756 
0x4D4D , 4216 
0x6E6E , 3137 
0x1C1C , 4136 
0x3E3E , 4821 
0x4D4D , 4254 
0x6E6E , 3025 
0x1C1C , 4089 
0x3E3E , 4892 
0x4D4D , 4357 
0x6E6E , 2954 
0x1C1C , 4024 
0x3E3E , 4943 
0x4D4D , 4469 
0x6E6E , 2861 
0x1C1C , 3949 
0x3E3E , 4957 
0x4D4D , 4488 
0x6E6E , 2804 
0x1C1C , 3892 
0x3E3E , 5070 
0x4D4D , 4652 
0x6E6E , 2664 
0x1C1C , 3846 
0x3E3E , 5051 
0x4D4D , 4746 
0x6E6E , 2603 
0x1C1C , 3747 
0x3E3E , 5032 
0x4D4D , 4831 
0x6E6E , 2542 
0x1C1C , 3630 
0x3E3E , 4948 
0x4D4D , 4877 
0x6E6E , 2476 
0x1C1C , 3611 
0x3E3E , 5009 
0x4D4D , 4906 
0x6E6E , 2387 
0x1C1C , 3480 
0x3E3E , 5042 
0x4D4D , 4999 
0x6E6E , 2354 
0x1C1C , 3344 
0x3E3E , 5787 
0x4D4D , 5150 
0x6E6E , 2307 
0x1C1C , 3236 
0x3E3E , 6013 
0x4D4D , 5225 
0x6E6E , 2265 
0x1C1C , 3133 
0x3E3E , 5966 
0x4D4D , 5314 
0x6E6E , 2260 
0x1C1C , 2936 
0x3E3E , 5966 
0x4D4D , 5407 
0x6E6E , 2378 
0x1C1C , 2725 
0x3E3E , 6022 
0x4D4D , 5581 
0x6E6E , 2537 
0x1C1C , 2589 
0x3E3E , 5942 
0x4D4D , 5694 
0x6E6E , 2570 
0x1C1C , 2331 
0x3E3E , 6059 
0x4D4D , 5787 
0x6E6E , 2753 
0x1C1C , 2171 
0x3E3E , 6186 
0x4D4D , 5966 
0x6E6E , 2922 
0x1C1C , 2035 
0x3E3E , 6022 
0x4D4D , 5347 
0x6E6E , 3180 
0x1C1C , 1923 
0x3E3E , 5708 
0x4D4D , 5492 
0x6E6E , 3377 
0x1C1C , 1801 
0x3E3E , 5670 
0x4D4D , 5684 
0x6E6E , 3630 
0x1C1C , 2368 
0x3E3E , 5581 
0x4D4D , 5529 
0x6E6E , 3897 
0x1C1C , 1571 
0x3E3E , 5286 
0x4D4D , 5497 
0x6E6E , 4080 
0x1C1C , 1552 
0x3E3E , 5323 
0x4D4D , 5506 
0x6E6E , 4254 
0x1C1C , 1529 
0x3E3E , 5140 
0x4D4D , 5417 
0x6E6E , 4324 
0x1C1C , 1594 
0x3E3E , 5051 
0x4D4D , 5332 
0x6E6E , 4526 
0x1C1C , 1735 
0x3E3E , 4995 
0x4D4D , 5210 
0x6E6E , 4638 
0x1C1C , 1974 
0x3E3E , 4760 
0x4D4D , 4990 
0x6E6E , 4732 
0x1C1C , 2176 
0x3E3E , 4441 
0x4D4D , 4774 
0x6E6E , 4713 
0x1C1C , 2246 
0x3E3E , 4277 
0x4D4D , 4741 
0x6E6E , 4741 
0x1C1C , 2415 
0x3E3E , 0 
0x4D4D , 0 
0x6E6E , 0 
0x1C1C , 0 
0x3E3E , 0 
0x4D4D , 0 
0x6E6E , 0 
0x1C1C , 0 
0x3E3E , 0 
0x4D4D , 4329 
0x6E6E , 0 
0x1C1C , 0 
0x3E3E , 3503 
0x4D4D , 0 
0x6E6E , 0 
0x1C1C , 0 
0x3E3E , 3484 
0x4D4D , 0 
0x6E6E , 0 
0x1C1C , 3391 
0x3E3E , 3231 
0x4D4D , 3972 
0x6E6E , 5253 
0x1C1C , 3489 
0x3E3E , 3161 
0x4D4D , 3827 
0x6E6E , 5187 
0x1C1C , 3423 
0x3E3E , 3184 
0x4D4D , 3869 
0x6E6E , 5225 
0x1C1C , 3395 
0x3E3E , 3231 
0x4D4D , 3888 
0x6E6E , 5215 
0x1C1C , 3672 
0x3E3E , 2912 
0x4D4D , 3691 
0x6E6E , 5220 
0x1C1C , 3892 
0x3E3E , 2729 
0x4D4D , 3395 
0x6E6E , 5168 
0x1C1C , 4085 
0x3E3E , 2678 
0x4D4D , 3128 
0x6E6E , 5178 
0x1C1C , 4207 
0x3E3E , 2570 
0x4D4D , 2898 
0x6E6E , 5084 
0x1C1C , 4291 
0x3E3E , 2575 
0x4D4D , 2795 
0x6E6E , 5178 
0x1C1C , 4296 
0x3E3E , 2856 
0x4D4D , 2631 
0x6E6E , 4985 
0x1C1C , 4544 
0x3E3E , 0 
0x4D4D , 2598 
0x6E6E , 5107 
0x1C1C , 0 
0x3E3E , 2992 
0x4D4D , 0 
0x6E6E , 0 
0x1C1C , 0 
0x3E3E , 0 
0x4D4D , 0 
0x6E6E , 0 
0x1C1C , 0 
0x3E3E , 2809 
0x4D4D , 0 
0x6E6E , 0 
0x1C1C , 0 
0x3E3E , 2804 
0x4D4D , 0 
0x6E6E , 0 
0x1C1C , 4371 
0x3E3E , 2851 
0x4D4D , 2668 
0x6E6E , 4704 
0x1C1C , 4390 
0x3E3E , 0 
0x4D4D , 2748 
0x6E6E , 4634 
0x1C1C , 4455 
0x3E3E , 0 
0x4D4D , 2711 
0x6E6E , 4695 
0x1C1C , 4413 
0x3E3E , 3058 
0x4D4D , 2748 
0x6E6E , 4582 
0x1C1C , 4502 
0x3E3E , 3034 
0x4D4D , 2687 
0x6E6E , 4662 
0x1C1C , 4507 
0x3E3E , 3151 
0x4D4D , 2711 
0x6E6E , 4530 
0x1C1C , 4582 
0x3E3E , 3400 
0x4D4D , 2922 
0x6E6E , 4347 
0x1C1C , 4437 
0x3E3E , 3625 
0x4D4D , 3170 
0x6E6E , 4099 
0x1C1C , 4399 
0x3E3E , 3813 
0x4D4D , 3353 
0x6E6E , 3883 
0x1C1C , 4315 
0x3E3E , 4089 
0x4D4D , 3480 
0x6E6E , 3649 
0x1C1C , 4258 
0x3E3E , 4226 
0x4D4D , 3635 
0x6E6E , 3503 
0x1C1C , 4240 
0x3E3E , 4329 
0x4D4D , 3728 
0x6E6E , 3358 
0x1C1C , 4071 
0x3E3E , 4591 
0x4D4D , 4080 
0x6E6E , 3184 
0x1C1C , 4094 
0x3E3E , 4652 
0x4D4D , 4352 
0x6E6E , 3151 
0x1C1C , 3649 
0x3E3E , 4305 
0x4D4D , 4043 
0x6E6E , 3466 
0x1C1C , 3161 
0x3E3E , 3968 
0x4D4D , 4183 
0x6E6E , 3958 
0x1C1C , 3278 
0x3E3E , 3935 
0x4D4D , 4071 
0x6E6E , 3878 
0x1C1C , 3273 
0x3E3E , 3991 
0x4D4D , 4150 
0x6E6E , 3897 
0x1C1C , 3320 
0x3E3E , 3860 
0x4D4D , 3986 
0x6E6E , 4024 
