14:47:04.952:
0x1C1C , 332 
0x2020 , 320 
0x3E3E , 324 
0x4D4D , 354 
0x6E6E , 326 

14:47:05.718:
0x1C1C , 333 
0x2020 , 321 
0
14:47:05.733:
x3E3E , 321 
0x4D4D , 344 
0x6E6E , 324 

14:47:06.530:
0x1C1C , 333 
0x2020 , 320 
0x3E3E , 322 
0x4D4D , 351 
0x6E6E , 323 

14:47:07.327:
0x1C1C , 333 
0x2020 , 321 
0x3E3E , 322 
0x4D4D , 360 
0x6E6E , 321 

14:47:09.015:
0x1C1C , 336 
0x2020 , 320 
0x3E3E , 323 
0x4D4D , -318 
0x6E6E , 323 

14:47:09.749:
0x1C1C , 335 
0x2020 , 320 
0x3E3E , 322 
0x4D4
14:47:09.765:
D , 350 
0x6E6E , 321 

14:47:10.532:
0x1C1C , 333 
0x2020 , 315 
0x3E3E , 321 
0x4D4D , 361 
0x6E6E , 322 

14:47:11.282:
0x1C1C , 330 
0x2020 , 318 
0x3E3E , 322 
0x4D4D , 353 
0x6E6E , 322 

14:47:40.120:
0x1C1C , 335 
0x2020 , 324 
0x3E3E , 325 

14:47:40.135:
0x4D4D , 353 
0x6E6E , 320 

14:47:40.916:
0x1C1C , 337 
0x2020 , 317 
0x3E3E , 322 
0x4D4D , 345 
0x6E6E , 321 

14:47:41.698:
0x1C1C , 336 
0x2020 , 321 
0x3E3E , 320 
0x4D4D , 348 
0x6E6E , 321 

14:47:42.463:
0x1C1C , 331 
0x2020 , 326 
0x3E3E , 322 
0x4D4D , 356 

14:47:42.479:
0x6E6E , 325 

14:47:43.245:
0x1C1C , 333 
0x2020 , 325 
0
14:47:43.260:
x3E3E , 324 
0x4D4D , 340 
0x6E6E , 320 

14:47:48.057:
0x1C1C , 0 
0x2020 , 0 
0x3E3E , 0 
0x4D4D , 0 
0x6E6E , 0 

14:47:49.745:
0x1
14:47:49.760:
C1C , 335 
0x2020 , 321 
0x3E3E , 321 
0x4D4D , -401 
0x6E6E , 321 

14:47:50.526:
0x1C1C , 336 
0x2020 , 319 
0x3E3E , 320 
0x4D4D , 352 
0x6E6E , 322 

14:47:51.292:
0x1C1C , 333 
0x2020 , 322 
0x3E3E , 324 
0x4D4D , 349 
0x6E6E , 323 

14:47:52.042:
0x1C1C , 333 
0x2020 , 321 
0x3E3E , 322 
0x4D4D , 35
14:47:52.057:
3 
0x6E6E , 321 

14:47:52.807:
0x1C1C ,
14:47:52.823:
 334 
0x2020 , 319 
0x3E3E , 321 
0x4D4D , 348 
0x6E6E , 323 

14:47:53.604:
0x1C1C , 332 
0x2020 , 315 
0x3E3E , 323 
0x4D4D , 361 
0x6E6E , 324 

14:47:54.385:
0x1C1C , 335 
0x2020 , 317 
0x3E3E , 323 
0x4D4D , 347 
0x6E6E , 322 

14:47:55.151:
0x1C1C , 330 
0x2020 , 322 
0x3E3E , 322 

14:47:55.167:
0x4D4D , 362 
0x6E6E , 320 

14:47:55.932:
0x1C1C , 335 

14:47:55.948:
0x2020 , 319 
0x3E3E , 325 
0x4D4D , 356 
0x6E6E , 324 

14:47:56.745:
0x1C1C , 333 
0x2020 , 318 
0x3E3E , 322 
0x4D4D , 355 
0x6E6E , 324 

14:48:00.948:
0x1C1C , 329 
0x2020 , 318 
0x3E
14:48:00.964:
3E , 322 
0x4D4D , 364 
0x6E6E , 320 

14:48:03.058:
0x1C1C , 335 
0x2020 , 322 
0x3E3E , 322 
0x4D4D , 344 
0x6E6E , 322 

14:48:06.511:
0x1C1C , 335 
0
14:48:06.527:
x2020 , 321 
0x3E3E , 320 
0x4D4D , 359 
0x6E6E , 323 

14:48:07.308:
0x1C1C , 333 
0x2020 , 319 
0x3E3E , 323 
0x4D4D , 350 
0x6E6E , 324 

14:48:13.120:
0
14:48:13.136:
x1C1C , 332 
0x2020 , 321 
0x3E3E , 324 
0x4D4D , 350 
0x6E6E , 323 

14:48:13.933:
0x1C1C , 333 
0x2020 , 321 
0x3E3E , 321 
0x4D4D , 355 
0x6E6E , 325 

14:48:16.214:
0x1C1C , 0 
0x2020 , 0
14:48:16.230:
 
0x3E3E , 0 
0x4D4D , 0 
0x6E6E , 0 

14:48:16.964:
0x1C1C , 333 
0x2020 , 315
14:48:16.980:
 
0x3E3E , 322 
0x4D4D , 352 
0x6E6E , 321 

14:48:17.745:
0x1C1C , 332 
0x2020 , 318 
0x3E3E , 325 
0x4D4D , 346 
0x6E6E , 324 

14:48:19.839:
0x1C1C , 334 
0x2020 , 318 
0x3E3E , 321 
0x4D4D , 350 
0x6E6E , 323 

14:48:20.589:
0x1C1C , 333 
0x2020 , 315 
0x3E3E , 324 
14:48:20.620:

0x4D4D , 351 
0x6E6E , 326 

14:48:21.371:
0x1C1C , 33
14:48:21.386:
5 
0x2020 , 320 
0x3E3E , 326 
0x4D4D , 347 
0x6E6E , 320 

14:48:25.498:
0x1C1C , 336 
0x2020 , 321 

14:48:25.513:
0x3E3E , 324 
0x4D4D , 368 
0x6E6E , 323 

14:48:26.279:
0x1C1C , 334 
0x2020 , 314 

14:48:26.295:
0x3E3E , 324 
0x4D4D , 349 
0x6E6E , 321 

14:48:27.060:
0x
14:48:27.092:
1C1C , 334 
0x2020 , 317 
0x3E3E , 324 
0x4D4D , 341 
0x6E6E , 322 

14:48:27.889:
0x1C1C , 338 
0x2020 , 320 
0x3E3E , 323 
0x4D4D , 353 
0x6E6E , 322 

14:48:28.670:
0x1C1C , 333 
0x2020 , 316 
0x3E3E , 323 
0x4D4D , 349 
0x6E6E , 323 

14:48:30.357:
0x1C1C , 333 
0x2020 , 315 
0x3E3E , 324 
0x4D4D , 352 
0x6E6E , 320 

14:48:31.108:
0x1C1C , 334 
0x2020 , 323 

14:48:31.124:
0x3E3E , 321 
0x4D4D , 355 
0x6E6E , 322 

14:48:32.827:
0x1C1C , 333 
0x2020 , 312 
0x3E3E , 327 
0x4D4D , 347 
0x6E6E , 323 

14:48:33.592:
0x1C1C , 336 
0x2020 , 323 
0x3E3E , 324 
0x4D4D , 345 
0x6E6E , 323 

14:48:39.609:
0x1C1C , 0 
0x2
14:48:39.625:
020 , 0 
0x3E3E , 0 
0x4D4D , 0 
0x6E6E , 0 

14:48:40.406:
0x1C1C , 335 
0x2020 , 322 
0x3E3E , 323 
0x4D4D , 348 
0x6E6E , 322 

14:48:41.171:
0x1C1C , 335
14:48:41.203:
 
0x2020 , 318 
0x3E3E , 322 
0x4D4D , 353 
0x6E6E , 324 

14:48:41.968:
0x1C1C 
14:48:42.000:
, 336 
0x2020 , 317 
0x3E3E , 321 
0x4D4D , 347 
0x6E6E , 320 

14:48:42.781:
0x1C1C , 334 
0x2020 , 315 
0x3E3E , 322 
0x4D4D , 363 
0x6E6E , 319 

14:48:44.468:
0x1C1C , 333 
0x2020 , 322 
0x3E3E , 323 
0x4D4D , 348 
0x6E6E , 321 

14:49:20.287:
0x1C1C , 333 
0x
14:49:20.302:
2020 , 321 
0x3E3E , 323 
0x4D4D , 356 
0x6E6E , 321 

14:49:21.053:
0x1C1C , 331 
0x2020 , 318 
0x3E3E , 322 

14:49:21.068:
0x4D4D , 361 
0x6E6E , 323 

14:49:21.834:
0x1C1C , 336 
0x2020 , 316 
0x3E3E , 322 
0x4D4D , 361 
0x6E6E , 321 

14:49:22.584:
0x1C1C , 331 
0x2020 , 313 
0x3E3E , 321 
0x4D4D ,
14:49:22.599:
 352 
0x6E6E , 325 

14:49:38.334:
0x1C1C , 329 
0x2020 , 32
14:49:38.350:
0 
0x3E3E , 321 
0x4D4D , 353 
0x6E6E , 323 

14:49:45.381:
0x1C1C , 0 
0x2020 , 0 
0x3E3E , 0 
0x4D4D , 0 
0x6E6E , 0 

14:49:46.147:
0x1C1C , 332 
0x2020 , 321 
0x3E3E , 322 
0x4D4D , 356 
0x6E6E , 319 

14:49:46.928:
0x1C1C , 333 
0x2020 , 312 
0x3E3E , 322 
0x4D4D , 349 
0x6E6E , 320 

14:49:47.694:
0x1C1C , 332 
0x2020 , 316 
0x3E3E , 323 
0x4D4D , 357 

14:49:47.710:
0x6E6E , 326 

14:49:48.475:
0x1C1C , 336 
0x2020 , 315 
14:49:48.491:

0x3E3E , 324 
0x4D4D , 346 
0x6E6E , 323 

14:49:49.288:
0x1C1C , 333 
0x2020 , 319 
0x3E3E , 325 
0x4D4D , 348 
0x6E6E , 324 

14:49:50.085:
0x1C1C , 333 
0x2020 , 313 
0x3E3E , 322 
0x4D4D , 355 
0x6E6E , 319 
