0x1C1C , 436 
0x2020 , 424 
0x3E3E , 431 
0x4D4D , 464 
0x6E6E , 420 
0x1C1C , 0 
0x2020 , 0 
0x3E3E , 0 
0x4D4D , 0 
0x6E6E , 0 
0x1C1C , 435 
0x2020 , 428 
0x3E3E , 434 
0x4D4D , 468 
0x6E6E , 422 
0x1C1C , 439 
0x2020 , 427 
0x3E3E , 431 
0x4D4D , 472 
0x6E6E , 421 
0x1C1C , 438 
0x2020 , 424 
0x3E3E , 432 
0x4D4D , 466 
0x6E6E , 423 
0x1C1C , 437 
0x2020 , 437 
0x3E3E , 432 
0x4D4D , 471 
0x6E6E , 420 
0x1C1C , 436 
0x2020 , 432 
0x3E3E , 435 
0x4D4D , 469 
0x6E6E , 423 
0x1C1C , 431 
0x2020 , 423 
0x3E3E , 434 
0x4D4D , 462 
0x6E6E , 424 
0x1C1C , 436 
0x2020 , 427 
0x3E3E , 435 
0x4D4D , 475 
0x6E6E , 419 
0x1C1C , 435 
0x2020 , 429 
0x3E3E , 433 
0x4D4D , 465 
0x6E6E , 420 
0x1C1C , 434 
0x2020 , 431 
0x3E3E , 432 
0x4D4D , 460 
0x6E6E , 423 
0x1C1C , 436 
0x2020 , 437 
0x3E3E , 434 
0x4D4D , 473 
0x6E6E , 415 
0x1C1C , 436 
0x2020 , 421 
0x3E3E , 435 
0x4D4D , 471 
0x6E6E , 416 
0x1C1C , 426 
0x2020 , 429 
0x3E3E , 433 
0x4D4D , 472 
0x6E6E , 422 
0x1C1C , 435 
0x2020 , 418 
0x3E3E , 437 
0x4D4D , 464 
0x6E6E , 422 
0x1C1C , 433 
0x2020 , 429 
0x3E3E , 435 
0x4D4D , 466 
0x6E6E , 421 
0x1C1C , 438 
0x2020 , 436 
0x3E3E , 433 
0x4D4D , 467 
0x6E6E , 419 
0x1C1C , 436 
0x2020 , 443 
0x3E3E , 433 
0x4D4D , 465 
0x6E6E , 419 
0x1C1C , 435 
0x2020 , 422 
0x3E3E , 434 
0x4D4D , 469 
0x6E6E , 419 
0x1C1C , 435 
0x2020 , 422 
0x3E3E , 434 
0x4D4D , 477 
0x6E6E , 422 
0x1C1C , 433 
0x2020 , 431 
0x3E3E , 435 
0x4D4D , 466 
0x6E6E , 421 
0x1C1C , 438 
0x2020 , 430 
0x3E3E , 435 
0x4D4D , 469 
0x6E6E , 419 
0x1C1C , 429 
0x2020 , 439 
0x3E3E , 438 
0x4D4D , 470 
0x6E6E , 421 
0x1C1C , 435 
0x2020 , 424 
0x3E3E , 436 
0x4D4D , 463 
0x6E6E , 419 
0x1C1C , 436 
0x2020 , 422 
0x3E3E , 433 
0x4D4D , 476 
0x6E6E , 422 
0x1C1C , 434 
0x2020 , 429 
0x3E3E , 436 
0x4D4D , 469 
0x6E6E , 417 
0x1C1C , 437 
0x2020 , 432 
0x3E3E , 434 
0x4D4D , 472 
0x6E6E , 416 
0x1C1C , 433 
0x2020 , 423 
0x3E3E , 431 
0x4D4D , 468 
0x6E6E , 417 
0x1C1C , 432 
0x2020 , 422 
0x3E3E , 433 
0x4D4D , 476 
0x6E6E , 418 
0x1C1C , 434 
0x2020 , 445 
0x3E3E , 435 
0x4D4D , 468 
0x6E6E , 420 
0x1C1C , 435 
0x2020 , 424 
0x3E3E , 437 
0x4D4D , 461 
0x6E6E , 420 
0x1C1C , 436 
0x2020 , 433 
0x3E3E , 438 
0x4D4D , 467 
0x6E6E , 419 
0x1C1C , 439 
0x2020 , 422 
0x3E3E , 436 
0x4D4D , 469 
0x6E6E , 420 
0x1C1C , 436 
0x2020 , 443 
0x3E3E , 432 
0x4D4D , 459 
0x6E6E , 421 
0x1C1C , 435 
0x2020 , 433 
0x3E3E , 436 
0x4D4D , 468 
0x6E6E , 417 
0x1C1C , 431 
0x2020 , 419 
0x3E3E , 433 
0x4D4D , 477 
0x6E6E , 422 
0x1C1C , 434 
0x2020 , 422 
0x3E3E , 432 
0x4D4D , 475 
0x6E6E , 422 
0x1C1C , 433 
0x2020 , 428 
0x3E3E , 433 
0x4D4D , 470 
0x6E6E , 420 
0x1C1C , 435 
0x2020 , 426 
0x3E3E , 436 
0x4D4D , 465 
0x6E6E , 418 
0x1C1C , 434 
0x2020 , 424 
0x3E3E , 438 
0x4D4D , 472 
0x6E6E , 421 
0x1C1C , 435 
0x2020 , 438 
0x3E3E , 436 
0x4D4D , 465 
0x6E6E , 418 
0x1C1C , 433 
0x2020 , 433 
0x3E3E , 431 
0x4D4D , 474 
0x6E6E , 425 
0x1C1C , 430 
0x2020 , 422 
0x3E3E , 434 
0x4D4D , 472 
0x6E6E , 418 
0x1C1C , 432 
0x2020 , 423 
0x3E3E , 435 
0x4D4D , 458 
0x6E6E , 420 
0x1C1C , 0 
0x2020 , 0 
0x3E3E , 0 
0x4D4D , 0 
0x6E6E , 0 
0x1C1C , 435 
0x2020 , 435 
0x3E3E , 432 
0x4D4D , 465 
0x6E6E , 421 
0x1C1C , 432 
0x2020 , 433 
0x3E3E , 433 
0x4D4D , 468 
0x6E6E , 420 
0x1C1C , 435 
0x2020 , 438 
0x3E3E , 436 
0x4D4D , 457 
0x6E6E , 422 
0x1C1C , 432 
0x2020 , 423 
0x3E3E , 435 
0x4D4D , 464 
0x6E6E , 418 
0x1C1C , 428 
0x2020 , 446 
0x3E3E , 432 
0x4D4D , 460 
0x6E6E , 422 
0x1C1C , 434 
0x2020 , 416 
0x3E3E , 433 
0x4D4D , 469 
0x6E6E , 420 
0x1C1C , 432 
0x2020 , 418 
0x3E3E , 433 
0x4D4D , 462 
0x6E6E , 416 
0x1C1C , 435 
0x2020 , 428 
0x3E3E , 434 
0x4D4D , 464 
0x6E6E , 420 
0x1C1C , 432 
0x2020 , 447 
0x3E3E , 435 
0x4D4D , 463 
0x6E6E , 419 
0x1C1C , 431 
0x2020 , 421 
0x3E3E , 431 
0x4D4D , 464 
0x6E6E , 420 
0x1C1C , 433 
0x2020 , 449 
0x3E3E , 433 
0x4D4D , 472 
0x6E6E , 420 
0x1C1C , 434 
0x2020 , 423 
0x3E3E , 433 
0x4D4D , 465 
0x6E6E , 418 
0x1C1C , 434 
0x2020 , 441 
0x3E3E , 436 
0x4D4D , 465 
0x6E6E , 422 
0x1C1C , 434 
0x2020 , 426 
0x3E3E , 431 
0x4D4D , 479 
0x6E6E , 416 
0x1C1C , 433 
0x2020 , 430 
0x3E3E , 435 
0x4D4D , 469 
0x6E6E , 423 
0x1C1C , 434 
0x2020 , 418 
0x3E3E , 433 
0x4D4D , 465 
0x6E6E , 419 
0x1C1C , 438 
0x2020 , 440 
0x3E3E , 436 
0x4D4D , 466 
0x6E6E , 420 
0x1C1C , 433 
0x2020 , 461 
0x3E3E , 432 
0x4D4D , 471 
0x6E6E , 419 
0x1C1C , 437 
0x2020 , 431 
0x3E3E , 433 
0x4D4D , 470 
0x6E6E , 415 
0x1C1C , 432 
0x2020 , 424 
0x3E3E , 434 
0x4D4D , 465 
0x6E6E , 418 
0x1C1C , 436 
0x2020 , 451 
0x3E3E , 435 
0x4D4D , 461 
0x6E6E , 421 
0x1C1C , 437 
0x2020 , 451 
0x3E3E , 436 
0x4D4D , 463 
0x6E6E , 423 
0x1C1C , 434 
0x2020 , 435 
0x3E3E , 435 
0x4D4D , 469 
0x6E6E , 419 
0x1C1C , 436 
0x2020 , 420 
0x3E3E , 436 
0x4D4D , 470 
0x6E6E , 419 
0x1C1C , 433 
0x2020 , 428 
0x3E3E , 433 
0x4D4D , 469 
0x6E6E , 421 
0x1C1C , 0 
0x2020 , 0 
0x3E3E , 0 
0x4D4D , 0 
0x6E6E , 0 
0x1C1C , 433 
0x2020 , 433 
0x3E3E , 433 
0x4D4D , 464 
0x6E6E , 419 
0x1C1C , 435 
0x2020 , 421 
0x3E3E , 437 
0x4D4D , 469 
0x6E6E , 418 
0x1C1C , 431 
0x2020 , 433 
0x3E3E , 433 
0x4D4D , 463 
0x6E6E , 419 
0x1C1C , 438 
0x2020 , 456 
0x3E3E , 434 
0x4D4D , 468 
0x6E6E , 418 
0x1C1C , 432 
0x2020 , 432 
0x3E3E , 432 
0x4D4D , 470 
0x6E6E , 421 
0x1C1C , 437 
0x2020 , 432 
0x3E3E , 436 
0x4D4D , 471 
0x6E6E , 419 
0x1C1C , 436 
0x2020 , 418 
0x3E3E , 436 
0x4D4D , 460 
0x6E6E , 418 
0x1C1C , 437 
0x2020 , 428 
0x3E3E , 435 
0x4D4D , 469 
0x6E6E , 419 
0x1C1C , 431 
0x2020 , 423 
0x3E3E , 436 
0x4D4D , 469 
0x6E6E , 416 
0x1C1C , 430 
0x2020 , 418 
0x3E3E , 434 
0x4D4D , 465 
0x6E6E , 416 
0x1C1C , 436 
0x2020 , 421 
0x3E3E , 431 
0x4D4D , 468 
0x6E6E , 418 
0x1C1C , 432 
0x2020 , 420 
0x3E3E , 431 
0x4D4D , 469 
0x6E6E , 419 
0x1C1C , 434 
0x2020 , 424 
0x3E3E , 435 
0x4D4D , 472 
0x6E6E , 414 
0x1C1C , 439 
0x2020 , 421 
0x3E3E , 432 
0x4D4D , 463 
0x6E6E , 421 
0x1C1C , 431 
0x2020 , 416 
0x3E3E , 433 
0x4D4D , 468 
0x6E6E , 422 
0x1C1C , 430 
0x2020 , 414 
0x3E3E , 433 
0x4D4D , 470 
0x6E6E , 424 
0x1C1C , 434 
0x2020 , 419 
0x3E3E , 434 
0x4D4D , 470 
0x6E6E , 422 
0x1C1C , 435 
0x2020 , 419 
0x3E3E , 436 
0x4D4D , 471 
0x6E6E , 418 
0x1C1C , 433 
0x2020 , 421 
0x3E3E , 431 
0x4D4D , 468 
0x6E6E , 417 
0x1C1C , 436 
0x2020 , 432 
0x3E3E , 436 
0x4D4D , 459 
0x6E6E , 416 
0x1C1C , 438 
0x2020 , 454 
0x3E3E , 432 
0x4D4D , 464 
0x6E6E , 417 
0x1C1C , 435 
0x2020 , 416 
0x3E3E , 432 
0x4D4D , 465 
0x6E6E , 419 
0x1C1C , 0 
0x2020 , 0 
0x3E3E , 0 
0x4D4D , 0 
0x6E6E , 0 
0x1C1C , 433 
0x2020 , 457 
0x3E3E , 436 
0x4D4D , 464 
0x6E6E , 414 
0x1C1C , 433 
0x2020 , 428 
0x3E3E , 436 
0x4D4D , 481 
0x6E6E , 419 
0x1C1C , 435 
0x2020 , 445 
0x3E3E , 432 
0x4D4D , 463 
0x6E6E , 420 
0x1C1C , 438 
0x2020 , 427 
0x3E3E , 435 
0x4D4D , 468 
0x6E6E , 421 
0x1C1C , 433 
0x2020 , 420 
0x3E3E , 436 
0x4D4D , 468 
0x6E6E , 419 
0x1C1C , 436 
0x2020 , 417 
0x3E3E , 435 
0x4D4D , 469 
0x6E6E , 422 
0x1C1C , 435 
0x2020 , 420 
0x3E3E , 433 
0x4D4D , 471 
0x6E6E , 416 
0x1C1C , 435 
0x2020 , 420 
0x3E3E , 432 
0x4D4D , 459 
0x6E6E , 422 
0x1C1C , 434 
0x2020 , 424 
0x3E3E , 435 
0x4D4D , 468 
0x6E6E , 421 
0x1C1C , 436 
0x2020 , 449 
0x3E3E , 434 
0x4D4D , 462 
0x6E6E , 420 
0x1C1C , 435 
0x2020 , 430 
0x3E3E , 434 
0x4D4D , 468 
0x6E6E , 418 
0x1C1C , 436 
0x2020 , 421 
0x3E3E , 433 
0x4D4D , 466 
0x6E6E , 420 
0x1C1C , 437 
0x2020 , 440 
0x3E3E , 436 
0x4D4D , 469 
0x6E6E , 420 
0x1C1C , 437 
0x2020 , 424 
0x3E3E , 435 
0x4D4D , 469 
0x6E6E , 424 
0x1C1C , 433 
0x2020 , 416 
0x3E3E , 433 
0x4D4D , 463 
0x6E6E , 418 
0x1C1C , 434 
0x2020 , 417 
0x3E3E , 432 
0x4D4D , 465 
0x6E6E , 417 