10:50:58.122:
0x1C1C , 0 
0x2020 , 628 
0x3E3E , 635 

10:50:58.137:
0x4D4D , 629 
0x6E6E , 615 

10:50:58.887:
0x1C1C , 0 
0x2020 , 632 
0x3E3E , 636 
10:50:58.903:

0x4D4D , 631 
0x6E6E , 0 

10:50:59.669:
0x1C1C , 0 
0x2020 , 633 
0x3E3E , 633 

10:50:59.684:
0x4D4D , 628 
0x6E6E , 613 

10:51:01.356:
0x1C1C , 0 
0x2020 , 627 
0x3E3E , 637 
0x4D4D , 628 
0x6E6E , 614 

10:51:02.091:
0x1C1C , 0 
0x2020 , 630 
0x3E3E , 636 
0x4D4D , 628 
0x6E6E , 0 

10:51:02.841:
0x1C1C , 0 
0x2020 , 627 
0x3E3E , 634 
0x4D4D , 628 
0x6E6E , 613 

10:51:03.559:
0x1C1C , 0 
0x2020 , 630 
0x3E3E , 637 
0x4D4D
10:51:03.575:
 , 626 
0x6E6E , 0 

10:51:04.309:
0x1C1C , 0 
0x2020 , 631 
0x3E3E , 631 
0x
10:51:04.325:
4D4D , 629 
0x6E6E , 614 

10:51:05.685:
0x1C1C , 0 
0x2020 , 0 
0x3E3E , 0 
0x4D4D , 0 
0x6E6E , 0 

10:51:06.435:
0x1C1C , 623 
0x2020 , 0 
0x3E3E , 630 
0x4D4D , 626 
0x6E6E , 617 

10:51:07.200:
0x1C1C , 625 
0x2020 , 631 
0x3E3E , 636 
0x4D4D , 625 
0x6E6E , 0 

10:51:07.982:
0x1C1C , 623 
0x2020 , 628 
0x3E3E , 635 
0x4D4D , 627 
0x6E6E , 616 

10:51:08.732:
0x1C1C , 626 
0x2020 ,
10:51:08.747:
 630 
0x3E3E , 630 
0x4D4D , 627 
0x6E6E , 0 

10:51:09.529:
0x1C1C , 628 
0x2020 , 624 
0x3E3E , 0 
0x4D4D , 627 
0x6E6E , 615 

10:51:10.310:
0x1C1C , 625 
0x2020 , 629 
0x3E3E , 630 
0x4D4D , 624 
0x6E6E , 0 

10:51:11.076:
0x1C1C , 630 
0x2020 , 627 
0x3E3E , 0 
0x4D4D , 632 

10:51:11.091:
0x6E6E , 613 

10:51:13.669:
0x1C1C , 0 
0x2020 , 626 
0x3E3E , 633 
0x4D4D , 630 
0x6E6E , 613 

10:51:14.388:
0x1C1C , 631 
0
10:51:14.404:
x2020 , 628 
0x3E3E , 635 
0x4D4D , 628 
0x6E6E , 0 

10:51:15.169:
0x1C1C , 626 
0x2020 , 626 
0x3E3E , 634 
0x4D4D , 628 
0x6E6E , 612 

10:51:15.888:
0x1C1C , 0 
0x2020 , 631 
0x3E3E , 636 
0x4D4D , 
10:51:15.904:
629 
0x6E6E , 0 

10:51:16.638:
0x1C1C , 0 
0x2020 , 625 
0x3E3E , 632 
0x4D4D
10:51:16.654:
 , 627 
0x6E6E , 615 

10:51:17.388:
0x1C1C , 0 
0x2020 , 627 
0x3E3E , 630 
0x4D4D , 628 
0x6E6E , 0 

10:51:18.154:
0x1C1C , 0 
0x2020 , 625 
0x3E3E , 634 
0x4D4D , 628 
0x6E6E , 614 

10:51:18.888:
0x1C1C , 0 
0x2020 , 630 
0x3E3E , 636 
0x4D4D , 6
10:51:18.904:
25 
0x6E6E , 0 

10:51:19.654:
0x1C1C , 0 
0x2020 , 626 
0x3E3E , 630 
0x4D4D , 629 
10:51:19.669:

0x6E6E , 609 

10:51:20.435:
0x1C1C , 0 
0x2020 , 632 
0x3E3E , 635 
0x4D4D , 625 
0x6E6E , 0 

10:51:21.216:
0x1C1C , 0 
0x2020 , 627 
0x3E3E , 634 
0x4D4D , 626 
0x6E6E , 614 

10:51:21.966:
0x1C1C , 0 
0x2020 , 628 
0x3E3E , 637 
0x4D4D , 626 

10:51:21.982:
0x6E6E , 0 

10:51:22.763:
0x1C1C , 0 
0x2020 , 626 
0x3E3E , 635 
0x4D4D , 622 
0x6E6E , 615 

10:51:24.435:
0x1C1C , 0 
0x2020 , 645 
0x3E3E , 638 
0x4D4D , 659 
0x6E6E , 606 

10:51:25.169:
0x1C1C , 0 
0x2020 , 646 
0x3E3E , 637 
0x4D4D , 660 
0x6E6E , 0 

10:51:25.904:
0x1C1C , 0 
0x2020 , 660 
0x3E3E , 642 
0x4D4D , 658 
0x6E6E , 614 

10:51:26.623:
0x1C1C , 0 
0x2020 , 652 
0x3E3E , 640 
0x
10:51:26.638:
4D4D , 675 
0x6E6E , 0 

10:51:27.373:
0x1C1C , 0 
0x2020 , 617 
0x3E3E , 641 

10:51:27.388:
0x4D4D , 654 
0x6E6E , 612 

10:51:28.138:
0x1C1C , 0 
0x2020 , 638 
0x3E3E , 642 
0x4D4D , 626 
0x6E6E , 0 

10:51:28.904:
0x1C1C , 0 
0x2020 , 631 
0x3E3E , 638 
0x4D4D , 614 
0x6E6E , 627 

10:51:29.641:
0x1C1C , 0 
0x2020 , 623 
0x3E3E , 640 
0x4D4D , 621 

10:51:29.657:
0x6E6E , 0 

10:51:30.407:
0x1C1C , 0 
0x2020 , 628 
0x3E3E , 640 
0x4D4D , 630 
0
10:51:30.422:
x6E6E , 619 

10:51:31.172:
0x1C1C , 0 
0x2020 , 628 
0x3E3E , 637 
0x4D4D , 621 
0x6E6E , 0 

10:51:31.954:
0x1C1C , 0 
0x2020 , 631 
0x3E3E , 639 
0x4D4D , 635 
0x6E6E , 619 

10:51:32.704:
0x1C1C , 0 
0x2020 , 627 
0x3E3E , 636 
0x4D4D , 624 
0x
10:51:32.719:
6E6E , 0 

10:51:33.501:
0x1C1C , 0 
0x2020 , 630 
0x3E3E , 647 
0x4D4D , 652 
0x6E6E , 618 

10:51:35.126:
0x1C1C , 0 
0x2020 , 631 
0x3E3E , 0 
0x4D4D , 0 
0x6E6E , 0 

10:51:35.813:
0x1C1C , 0 
0x2020 , 0 
0x3E3E , 0 
0x4D4D ,
10:51:35.829:
 625 
0x6E6E , 0 

10:51:36.532:
0x1C1C , 0 
0x2020 , 0 
0x3E3E , 0 
0x4D4D , 617 
0x6E6E , 0 

10:51:37.251:
0x1C1C , 0 
0x2020 , 621 
0x3E3E , 628 
0x4D4D , 
10:51:37.266:
617 
0x6E6E , 0 

10:51:38.001:
0x1C1C , 0 
0x2020 , 623 
0x3E3E , 634 
0x4D
10:51:38.016:
4D , 629 
0x6E6E , 614 

10:51:38.766:
0x1C1C , 0 
0x2020 , 622 
0x3E3E , 628 
0x4D4D , 621 
0x6E6E , 0 

10:51:39.532:
0x1C1C , 0 
0x2020 , 625 
0x3E3E , 626 
0x4D4D , 621 
0x6E6E , 619 

10:51:40.267:
0x1C1C , 0 
0x2020 , 623 
0x3E3E , 629 
0x4D4D , 62
10:51:40.283:
1 
0x6E6E , 0 

10:51:41.033:
0x1C1C , 0 
0x2020 , 621 
0x3E3E , 630 
0x4D4D , 619 
10:51:41.049:

0x6E6E , 621 

10:51:42.439:
0x1C1C , 0 
0x2020 , 617 
0x3E3E , 0 
0x4D4D , 0 
0x6E6E , 0 

10:51:43.158:
0x1C1C , 0 
0x2020 ,
10:51:43.174:
 0 
0x3E3E , 0 
0x4D4D , 0 
0x6E6E , 0 

10:51:43.924:
0x1C1C , 0 
0x2020 , 629 
0x3E3E , 0 
0x4D4D , 643 
0x6E6E , 0 

10:51:44.689:
0x1C1C , 0 
0x2020 , 0 
0x3E3E , 0 
0x4D4D , 613 
0x6E6E , 613 

10:51:46.331:
0x1C1C , 0 
0x2020 , 621 

10:51:46.347:
0x3E3E , 630 
0x4D4D , 636 
0x6E6E , 620 

10:51:47.081:
0x1C1C , 0 
0x2020 , 621 
0x3E3E , 629 
0x4D4D , 620 
0x6E6E , 0 

10:51:47.831:
0x1C1C , 0 
0x2020 , 621 
0x3E3E , 627 
0x4D4D , 618 
0x6E6E , 621 

10:51:48.550:
0x1C1C , 0 
0x2020 , 614 
0x3E3E , 626 
0x4D4D , 60
10:51:48.565:
8 
0x6E6E , 0 

10:51:49.300:
0x1C1C , 0 
0x2020 , 617 
0x3E3E , 627 
0x4D4D , 620
10:51:49.315:
 
0x6E6E , 623 

10:51:50.066:
0x1C1C , 0 
0x2020 , 620 
0x3E3E , 627 
0x4D4D , 623 
0x6E6E , 0 

10:51:50.816:
0x1C1C , 0 
0x2020 , 614 
0x3E3E , 626 
0x4D4D , 605 
0x6E6E , 617 

10:51:51.550:
0x1C1C , 0 
0x2020 , 0 
0x3E3E , 0 
0x4D4D , 608 
0x6E6E , 0 

10:51:52.331:
0x1C1C , 0 
0x2020 , 0 
0x3E3E , 0 
0x4D4D , 0 
0x6E6E , 0 

10:51:53.034:
0x1C1C , 0 
0x20
10:51:53.050:
20 , 0 
0x3E3E , 0 
0x4D4D , 0 
0x6E6E , 0 

10:51:53.800:
0x1C1C , 0 
0x2020 , 615 
0x3E3E , 0 
0x4D4D , 0 
0x6E6E , 0 

10:51:54.519:
0x1C1C , 0 
0x2020 , 0 
0x3E3E , 0 
0x4D4D , 0 
0x6E6E , 0 

10:51:55.284:
0x1C1C , 0 
0x2020 , 618 
0
10:51:55.300:
x3E3E , 631 
0x4D4D , 612 
0x6E6E , 0 

10:51:56.956:
0x1C1C , 0 
0x2020 , 619 
0x3E3E , 631 
0x4D4D , 613 
0x6E6E , 0 

10:51:57.675:
0x1C1C , 0 
0x2020 ,
10:51:57.691:
 617 
0x3E3E , 635 
0x4D4D , 604 
0x6E6E , 625 

10:51:58.409:
0x1C1C , 0 
0x2020 , 619 
0x3E3E , 629 

10:51:58.425:
0x4D4D , 613 
0x6E6E , 0 

10:51:59.176:
0x1C1C , 0 
0x2020 , 621 
0x3E3E , 630 
0x4D4D , 623 
0x6E6E , 623 

10:51:59.895:
0x1C1C , 0 
0x
10:51:59.910:
2020 , 616 
0x3E3E , 626 
0x4D4D , 610 
0x6E6E , 0 

10:52:00.676:
0x1C1C , 0 
0x2020 , 627 
0x3E3E , 636 
0x4D4D , 617 
0x6E6E , 629 

10:52:01.426:
0x1C1C , 0 
0x2020 , 621 
0x3E3E , 627 
0x4D4D , 614 
0x6E6E , 0 

10:52:02.176:
0x1C1C , 0 
0x2020 , 626 
0x3E3E , 631 
0x4D4D , 624 
0x6E6E , 627 

10:52:02.910:
0x1C1C , 0 
0x2020 ,
10:52:02.942:
 622 
0x3E3E , 631 
0x4D4D , 619 
0x6E6E , 0 

10:52:03.707:
0x1C1C , 0 
0x2020 , 619 
0x3E3E , 625 
0x4D4D , 639 
0x6E6E , 622 

10:52:04.473:
0x1C1C , 0 
0x2020 , 619 
0x3E3E , 623 
0x4D4D , 654 
0x6E6E , 0 

10:52:05.254:
0x1C1C , 0 
0x2020 , 623 
0x3E3E , 627 
0x4D4D , 643 
0x6E6E , 617 

10:52:06.004:
0x1C1C , 0 
0x2020 , 621 
0x3E
10:52:06.020:
3E , 628 
0x4D4D , 669 
0x6E6E , 0 

10:52:07.660:
0x1C1C , 0 
0x2020
10:52:07.692:
 , 619 
0x3E3E , 624 
0x4D4D , 637 
0x6E6E , 0 

10:52:08.395:
0x1C1C , 0 
0x2020 , 0 
0x3E3E , 0 
0x4D4D , 0 
0x6E6E , 0 

10:52:09.098:
0x1C1C , 0 
0x2020 , 619 
0x3E3E , 0 
0x4D4D , 65
10:52:09.114:
0 
0x6E6E , 0 

10:52:09.817:
0x1C1C , 0 

10:52:09.832:
0x2020 , 0 
0x3E3E , 0 
0x4D4D , 631 
0x6E6E , 627 

10:52:10.582:
0x1C1C , 0 
0x2020 , 618 
0x3E3E , 625 
0x4D4D , 661 
0x6E6E , 0 

10:52:11.317:
0x1C1C , 0 
0x2020 , 61
10:52:11.332:
6 
0x3E3E , 627 
0x4D4D , 663 
0x6E6E , 627 

10:52:12.067:
0x1C1C , 0 
0x2020 , 615 
0x3E3E , 631 
0x4D4D
10:52:12.082:
 , 662 
0x6E6E , 0 

10:52:12.848:
0x1C1C , 0 
0x2020 , 620 
0x3E3E , 626 
0x4D4D , 614 
0x6E6E , 626 

10:52:13.582:
0x1C1C , 0 
0x2020 
10:52:13.598:
, 614 
0x3E3E , 623 
0x4D4D , 686 
0x6E6E , 0 

10:52:14.379:
0x1C1C , 0 
0x2020 , 621 
0x3E3E , 624 
0x4D4D , 655 
0x6E6E , 615 

10:52:15.145:
0x1C1C , 0 
0x2020 , 613 
0x3E3E , 629 
0x4D4D , 645 
0x6E6E , 0 

10:52:15.926:
0x1C1C , 0 
0x2020 , 630 
0x3E3E , 639 
0x4D4D , 630 
0x6E6E , 623 

10:52:16.676:
0x1C1C , 0 
0x2020 , 633 

10:52:16.692:
0x3E3E , 633 
0x4D4D , 622 
0x6E6E , 0 

10:52:18.333:
0x1C1C , 0 

10:52:18.348:
0x2020 , 626 
0x3E3E , 637 
0x4D4D , 628 
0x6E6E , 0 

10:52:19.067:
0x1C1C , 0 
0x2020 , 0 
0x3E3E , 0 
0x4D4D , 0 
0x6E6E , 0 

10:52:19.770:
0x1C1C , 0 
0x2020 , 624 
0x3E3E , 0 
0x4D4D , 62
10:52:19.786:
3 
0x6E6E , 0 

10:52:20.490:
0x1C1C , 624 
0x2020 , 0 
0x3E3E , 0 
0x4D4D , 0 
0
10:52:20.506:
x6E6E , 0 

10:52:21.224:
0x1C1C , 0 
0x2020 , 0 
0x3E3E , 0 
0x4D4D , 631 
0x6E6E , 0 

10:52:21.927:
0x1C1C , 0 
0x2020 , 0 
0x3E3E , 0 
0x4D4D , 0 
0x6E6E , 0 

10:52:22.631:
0x1C1C , 0 
0x20
10:52:22.646:
20 , 0 
0x3E3E , 0 
0x4D4D , 629 
0x6E6E , 0 

10:52:23.382:
0x1C1C , 0 
0x2020
10:52:23.397:
 , 628 
0x3E3E , 0 
0x4D4D , 623 
0x6E6E , 610 

10:52:24.147:
0x1C1C , 0 
0x2020 , 0 
0x3E3E , 638 
0x4D4D , 626 
0x6E6E , 0 

10:52:24.897:
0x1C1C , 0 
0x2020 , 621 

10:52:24.913:
0x3E3E , 637 
0x4D4D , 627 
0x6E6E , 613 

10:52:25.663:
0x1C1C , 626 
0x2020 , 0 
0x3E3E , 0 
0x4D4D , 0 
0x6E6E , 0 

10:52:26.382:
0x1C1C , 0 
0x2020 , 0 
0x3E3E , 0 

10:52:26.397:
0x4D4D , 0 
0x6E6E , 0 

10:52:27.147:
0x1C1C , 0 
0x2020 , 0 
0x3E3E , 634 
0x4D4D , 0 
0x6E6E , 0 

10:52:30.132:
0x1C1C , 0 
0x2020 , 615 
0x3E3E , 630 
0x4D4D , 627 
0x6E6E , 615 

10:52:30.866:
0x1C1C , 0 
0x2020 , 625 
0x3E3E , 633 
0x4D4D , 628 
0x6E6E , 0 

10:52:31.632:
0x1C1C , 628 
0x2020 , 628 
0x3E3E , 633 
0x4D4D , 626 
0x6E6E , 616 

10:52:32.335:
0x1C1C , 0 
0x2020 , 0 
0x3E3E , 0 
0x4D4D , 0 
0x6E6E , 0 

10:52:33.069:
0x1C1C , 0 
0x2020 , 624 
0x3E3E , 0 
0x4D4D , 629 
0x6E6E , 0 

10:52:33.788:
0x1C1C , 627 
0x2020 , 0 
0x3E3E , 0 
0x4D4D , 
10:52:33.804:
627 
0x6E6E , 0 

10:52:34.538:
0x1C1C , 0 
0x2020 , 626 
0x3E3E , 635 
0x
10:52:34.554:
4D4D , 631 
0x6E6E , 0 

10:52:35.319:
0x1C1C , 629 
0x2020 , 0 
0x3E3E , 637 
0x4D4D
10:52:35.335:
 , 627 
0x6E6E , 613 

10:52:36.085:
0x1C1C , 0 
0x2020 , 626 
0x3E3E , 634 
0x4D4D , 628 
0x6E6E , 0 

10:52:36.867:
0x1C1C , 0 
0x2020 , 627 
0x3E3E , 633 
0x4D4D , 631 
0x6E6E , 616 

10:52:37.617:
0x1C1C , 0 
0x2020 , 626 
0x3E3E , 634 
0x4D4D , 629
10:52:37.633:
 
0x6E6E , 0 

10:52:38.398:
0x1C1C , 0 
0x2020 , 623 
0x3E3E , 634 
0x4D4D , 626 

10:52:38.414:
0x6E6E , 617 

10:52:40.090:
0x1C1C , 0 
0x2020 , 627 
0x3E3E , 636 
0x4D4D , 624 
0x6E6E , 615 

10:52:40.825:
0x1C1C , 0 
0x2020 , 628 
0x3E3E , 631 
0x4D4D , 627 
0x6E6E , 0 

10:52:41.559:
0x1C1C , 0 
0x2020 , 624 
0x3E3E , 630 
0x4D4D , 629 
0x6E6E , 613 

10:52:42.278:
0x1C1C , 0 
0x2020 , 621 
0x3E3E , 633 
0x4D4D ,
10:52:42.293:
 625 
0x6E6E , 0 

10:52:43.028:
0x1C1C , 0 
0x2020 , 621 
0x3E3E , 632 
0x4D
10:52:43.043:
4D , 626 
0x6E6E , 614 

10:52:43.793:
0x1C1C , 0 
0x2020 , 627 
0x3E3E , 630 
0x4D4D , 628 
0x6E6E , 0 

10:52:45.903:
0x1C1C , 629 
0x2020 , 
10:52:45.918:
627 
0x3E3E , 632 
0x4D4D , 623 
0x6E6E , 610 

10:52:46.668:
0x1C1C , 0 
0x2020 , 0 
0x3E3E , 632 
0x4D4D , 628 
0x6E6E , 0 

10:52:47.419:
0x1C1C , 0 
0x2020 , 625 

10:52:47.434:
0x3E3E , 634 
0x4D4D , 626 
0x6E6E , 617 

10:52:48.169:
0x1C1C , 0 
0x2020 , 
10:52:48.200:
0 
0x3E3E , 632 
0x4D4D , 627 
0x6E6E , 0 

10:52:48.965:
0x1C1C , 0 
0x2020 , 627 
0x3E3E , 636 
0x4D4D , 623 
0x
10:52:48.981:
6E6E , 614 

10:52:49.731:
0x1C1C , 0 
0x2020 , 628 

10:52:49.747:
0x3E3E , 634 
0x4D4D , 625 
0x6E6E , 0 

10:52:51.387:
0x1C1C , 0 

10:52:51.403:
0x2020 , 624 
0x3E3E , 632 
0x4D4D , 629 
0x6E6E , 0 

10:52:52.153:
0x1C1C , 0 
0x2020 , 617 
0x3E3E , 631 
0x4D4D , 633 
0x6E6E , 613 

10:52:52.887:
0x1C1C , 0 
0x2020 , 628 
0x3E3E , 633 
0x4D4D , 624 
0x6E6E , 0 

10:52:53.637:
0x1C1C , 0 
0x2020 , 622 
0x3E3E , 631 
0x4D4D , 625 
0x6E6E , 605 

10:52:54.356:
0x1C1C , 0 
0x2020 ,
10:52:54.372:
 621 
0x3E3E , 628 
0x4D4D , 626 
0x6E6E , 0 

10:52:55.137:
0x1C1C , 0 
0x2020 , 628 
0x3E3E , 636 
0x4D4D , 632 
0x6E6E , 616 

10:52:55.872:
0x1C1C , 0 
0x2020 , 613 
0x3E3E , 628 
0x4D4D , 629 
0x6E6E , 0 

10:52:56.637:
0x1C1C , 0 
0x2020 , 618 
0x3E3E , 631 
0x4D4D , 626 
0x6E6E , 605 

10:52:57.372:
0x1C1C , 0 
0x2020 , 
10:52:57.387:
616 
0x3E3E , 629 
0x4D4D , 619 
0x6E6E , 0 

10:52:58.169:
0x1C1C , 0 
0x2020 , 623 
0x3E3E , 638 
0x4D4D , 632 
0x6E6E , 617 

10:52:58.934:
0x1C1C , 0 
0x2020 , 623 
0x3E3E , 636 
0x4D4D , 627 
0x6E6E , 0 

10:52:59.716:
0x1C1C , 0 
0x2020 , 624 
0x3E3E , 639 
0x4D4D , 625 
0x6E6E , 618 

10:53:00.466:
0x1C
10:53:00.481:
1C , 0 
0x2020 , 621 
0x3E3E , 635 
0x4D4D , 616 
0x6E6E , 0 

10:53:02.184:
0x1C1C , 0 
0x2020 , 623
10:53:02.200:
 
0x3E3E , 637 
0x4D4D , 622 
0x6E6E , 0 

10:53:02.934:
0x1C1C , 0 
0x2020 , 627 
0x3E3E , 642 
0x4D4D , 625 
0x6E6E , 623 

10:53:03.669:
0x1C1C , 0 
0x2020 , 624 
0x3E3E , 637 
0x4D4D , 625 
0x6E6E , 0 

10:53:04.419:
0x1C1C , 0 
0x2020 , 622 
0x3E3E , 640 
0x4D4D , 621 
0x6E6E , 621 

10:53:05.137:
0x1C1C , 0 
0x2020 , 
10:53:05.153:
622 
0x3E3E , 633 
0x4D4D , 612 
0x6E6E , 0 

10:53:05.919:
0x1C1C , 0 
0x2020 , 613 
0x3E3E , 633 
0x4D4D , 608 
0x6E6E , 614 

10:53:06.669:
0x1C1C , 0 
0x2020 , 611 
0x3E3E , 635 
0x4D4D , 608 
0x6E6E , 0 

10:53:07.434:
0x1C1C , 0 
0x2020 , 623 
0x3E3E , 633 
0x4D4D , 621 
0x6E6E , 616 

10:53:08.169:
0x1C1C , 0 
0x2020 , 617
10:53:08.184:
 
0x3E3E , 633 
0x4D4D , 615 
0x6E6E , 0 

10:53:08.966:
0x1C1C , 0 
0x2020 , 621 
0x3E3E , 634 
0x4D4D , 617 
0x6E6E , 618 

10:54:44.361:
0x1C1C , 630 
0x2020 , 630 
0x3E3E , 635 
0x4D4D , 628 
0x6E6E , 609 

10:54:45.142:
0x1C1C , 626 
0x2020 , 629 
0x3E3E , 637 
0x4D4D , 626 
0x6E6E , 0 

10:54:45.939:
0x1C1C , 628 
0x2020 , 633 
0x3E3E , 636 
0x4D4D , 627 
0x6E6E , 609 

10:54:47.627:
0x1C1C , 624 
0x2020 , 625 
0x3E3E , 635 
0x4D4D , 629 
0x6E6E , 613 

10:54:48.345:
0x1C1C , 628 
0x
10:54:48.361:
2020 , 630 
0x3E3E , 635 
0x4D4D , 625 
0x6E6E , 0 

10:54:49.111:
0x1C1C , 630 
0x2020 , 629 
0x3E3E , 633 
0x4D4D , 629 
0x6E6E , 605 

10:54:49.862:
0x1C1C , 627 
0x2020 , 628 
0x3E3E , 633 
0x4D4D , 628 
0x6E6E , 0 

10:54:50.596:
0x1C1C , 0 
0x2020 , 626 
0x3E3E , 634 
0x4D4D ,
10:54:50.612:
 627 
0x6E6E , 615 

10:54:51.363:
0x1C1C , 0 
0x2020 , 624 
0x3E3E , 635 
0x4D4D , 629 
0x6E6E , 0 

10:54:52.129:
0x1C1C , 0 
0x2020 , 628 
0x3E3E , 632 
0x4D4D , 627 
0x6E6E , 614 

10:54:52.894:
0x1C1C , 626 
0x2020 , 628 
0x3E3E , 634 
0x4D4D , 627 
0x6E6E , 0 

10:54:53.660:
0x1C1C , 629 
0x2020 , 634 
0x3E3E , 636 
0x4D4D , 638 
0x6E6E , 608 

10:54:54.426:
0x1C1C , 627 
0x2020 , 
10:54:54.441:
631 
0x3E3E , 628 
0x4D4D , 618 
0x6E6E , 0 

10:54:55.223:
0x1C1C , 627 
0x2020 , 630 
0x3E3E , 632 
0x4D4D , 616 
0x6E6E , 619 

10:54:56.004:
0x1C1C , 627 
0x2020 , 627 
0x3E3E , 633 
0x4D4D , 618 
0x6E6E , 0 

10:54:56.801:
0x1C1C , 622 
0x2020 , 628 
0x3E3E , 626 
0x4D4D , 628 
0x6E6E , 612 

10:54:58.488:
0x1C1C , 623 
0x2020 , 626 
0x3E3E , 634 
0x4D4D , 623 
0x6E6E , 614 

10:54:59.207:
0x1C1C , 626 
0x202
10:54:59.223:
0 , 626 
0x3E3E , 634 
0x4D4D , 623 
0x6E6E , 0 

10:54:59.974:
0x1C1C , 624 
0x2020 , 0 
0x3E3E , 634 
0x4D4D , 629 
0x6E6E , 615 

10:55:00.724:
0x1C1C , 626 
0x2020 , 628 
0x3E3E , 636 
0x4D4D , 625 
0x6E6E , 0 

10:55:01.490:
0x1C1C , 628 
0x2020 , 621 
0x3E3E , 634 
0x4D4D , 621 
0x6E6E , 618 

10:55:02.224:
0x1C1C , 623 
0x2
10:55:02.240:
020 , 630 
0x3E3E , 635 
0x4D4D , 632 
0x6E6E , 0 

10:55:03.021:
0x1C1C , 625 
0x2020 , 628 
0x3E3E , 630 
0x4D4D , 626 
0x6E6E , 610 

10:55:03.771:
0x1C1C , 628 
0x2020 , 634 
0x3E3E , 630 
0x4D4D , 624 
0x6E6E , 0 

10:55:04.552:
0x1C1C , 625 
0x2020 , 627 
0x3E3E , 633 
0x4D4D , 620 
0x6E6E , 616 

10:55:05.302:
0x1C1C , 628 
0x2020 , 628 

10:55:05.334:
0x3E3E , 638 
0x4D4D , 628 
0x6E6E , 0 

10:55:06.115:
0x1C1C , 621 
0x2020 , 624 
0x3E3E , 634 
0x4D4D , 626 
0x6E6E , 615 

10:55:06.896:
0x1C1C , 624 
0x2020 , 629 
0x3E3E , 633 
0x4D4D , 626 
0x6E6E , 0 

10:55:07.693:
0x1C1C , 625 
0x2020 , 628 
0x3E3E , 635 
0x4D4D , 625 
0x6E6E , 615 

10:55:09.428:
0x1C1C , 626 
0x2020 , 621 
0x3E3E , 633 
0x4D4D , 624 
0x6E6E , 614 

10:55:10.163:
0x1C1C , 0 
0x2020 , 628 
0x3E3E , 631 
0x4D4D , 630 
0x6E6E , 0 

10:55:10.897:
0x1C1C , 622 
0x2020 , 
10:55:10.913:
626 
0x3E3E , 629 
0x4D4D , 624 
0x6E6E , 611 

10:55:11.647:
0x1C1C , 623 
0x2020 , 628 
0x3E3E , 635 
0x4D4D
10:55:11.663:
 , 622 
0x6E6E , 0 

10:55:12.428:
0x1C1C , 625 
0x2020 , 628 
0x3E3E , 629 
0x4D4D , 623 
0x6E6E , 612 

10:55:13.163:
0x1C1C , 624 
0x2020
10:55:13.178:
 , 627 
0x3E3E , 635 
0x4D4D , 626 
0x6E6E , 0 

10:55:13.944:
0x1C1C , 0 
0x2020 , 627 
0x3E3E , 632 
0x4D4D , 626 
0x6E6E , 613 

10:55:14.678:
0x1C1C , 0 
0x2020 , 625 
0x3E3E , 635 
0x4D4D , 62
10:55:14.694:
7 
0x6E6E , 0 

10:55:15.444:
0x1C1C , 0 
0x2020 , 625 
0x3E3E , 631 
0x4D4D , 628
10:55:15.460:
 
0x6E6E , 614 

10:55:16.225:
0x1C1C , 0 
0x2020 , 624 
0x3E3E , 630 
0x4D4D , 626 
0x6E6E , 0 

10:55:17.007:
0x1C1C , 0 
0x2020 , 621 
0x3E3E , 630 
0x4D4D , 626 
0x6E6E , 617 

10:55:17.757:
0x1C1C , 0 
0x2020 , 628 
0x3E3E , 632 
0x4D4D , 624 
0x6
10:55:17.772:
E6E , 0 

10:55:18.554:
0x1C1C , 0 
0x2020 , 626 
0x3E3E , 632 
0x4D4D , 625 
0x6E6E , 613 

10:55:20.210:
0x1C1C , 624 
10:55:20.241:

0x2020 , 627 
0x3E3E , 635 
0x4D4D , 623 
0x6E6E , 614 

10:55:20.960:
0x1C1C , 625 
0x2020 , 628 

10:55:20.975:
0x3E3E , 634 
0x4D4D , 623 
0x6E6E , 0 

10:55:21.714:
0x1C1C , 625 
0x2020 , 630 
0x3E3E , 635 
0x4D4D , 624 
0x6E6E , 0 

10:55:22.480:
0x1C1C , 624 
0x2020 , 630 
0x3E3E , 636 
0x4D4D , 626 
0x6E6E , 618 

10:55:23.214:
0x1C1C , 625 
0x2020 , 628 
0x3E3E , 634 
0x4D4D , 6
10:55:23.230:
25 
0x6E6E , 0 

10:55:23.964:
0x1C1C , 624 
0x
10:55:23.980:
2020 , 630 
0x3E3E , 632 
0x4D4D , 624 
0x6E6E , 0 

10:55:25.761:
0x1C1C , 625 
0x2020 , 632 
0x3E3E , 631 
0x4D4D , 623 
0x6E6E , 0 

10:55:26.511:
0x1C1C , 629 
0x2020 , 0 
0x3E3E , 636 
0x4D4D , 624 

10:55:26.527:
0x6E6E , 620 

10:55:27.277:
0x1C1C , 626 
0x2020 , 628 
10:55:27.292:

0x3E3E , 634 
0x4D4D , 624 
0x6E6E , 0 

10:55:28.074:
0x1C1C , 625 
0x2020 , 0 
0x3E3E , 629 
0x4D4D , 626 
0x6E6E , 618 

10:55:28.855:
0x1C1C , 620 
0x2020 , 623 
0x3E3E , 640 
0x4D4D , 629 
0x6E6E , 0 

10:55:29.621:
0x1C1C , 625 
0x2020 , 0 
0x3E3E , 630 
0x4D4D , 624 
0x6
10:55:29.636:
E6E , 612 

10:55:31.308:
0x1C1C , 0 
0x2020 , 636 
0x3E3E , 634 
0x4D4D , 628 
0x6E6E , 612 

10:55:32.027:
0x1C1C , 620 

10:55:32.042:
0x2020 , 629 
0x3E3E , 634 
0x4D4D , 628 
0x6E6E , 0 

10:55:32.808:
0x1C1C , 628 
0x2020 , 630 
0x3E3E , 629 
0x4D4D , 634 
0x6E6E , 615 

10:55:33.527:
0x1C1C , 0 
0x2020 , 625 
0x3E3E , 631 
0x4D4
10:55:33.542:
D , 624 
0x6E6E , 0 

10:55:34.277:
0x1C1C , 0 
0x2020 , 624 
0x3E3E , 632 
0
10:55:34.293:
x4D4D , 631 
0x6E6E , 617 

10:55:35.043:
0x1C1C , 0 
0x2020 , 621 
0x3E3E , 632 
0x4D4D , 624 
0x6E6E , 0 

10:55:35.793:
0x1C1C , 0 
0x2020 , 622 
0x3E3E , 631 
0x4D4D , 626 
0x6E6E , 613 

10:55:36.543:
0x1C1C , 0 
0x2020 , 624 
0x3E3E , 627 
0x4D4D , 636
10:55:36.559:
 
0x6E6E , 0 

10:55:37.309:
0x1C1C , 0 
0x2020 , 623 
0x3E3E , 631 
0x4D4D , 612 

10:55:37.325:
0x6E6E , 623 

10:55:38.075:
0x1C1C , 0 
0x2020 , 628 
0x3E3E , 636 
0x4D4D , 618 
0x6E6E , 0 

10:55:38.856:
0x1C1C , 0 
0x2020 , 627 
0x3E3E , 632 
0x4D4D , 621 
0x6E6E , 622 

10:55:39.637:
0x1C1C , 619 
0x2020 , 623 
0x3E3E , 631 
0x4D4D , 625 
0x6E6E , 0 

10:55:40.387:
0x1C1C , 0 
0x2020 , 0 
10:55:40.403:

0x3E3E , 633 
0x4D4D , 629 
0x6E6E , 614 

10:55:42.075:
0x1C1C , 0 
0x2020 , 625 
0x3E3E , 633 
0x4D4D , 622 
0x6E6E , 619 

10:55:42.809:
0x1C1C , 0 
0x2020 , 621 
0x3E3E , 631 
0x4D4D , 623 
0x6E6E , 0 

10:55:43.543:
0x1C1C , 0 
0x2020 , 622 
0x3E3E , 633 
0x4D4D , 625 
0x6E6E , 615 

10:55:44.262:
0x1C1C , 0 
0x2020 , 621 
0x3E3E , 634 
0x4D4D
10:55:44.278:
 , 626 
0x6E6E , 0 

10:55:45.012:
0x1C1C , 0 
0x2020 , 624 
0x3E3E , 633 

10:55:45.028:
0x4D4D , 628 
0x6E6E , 616 

10:55:45.778:
0x1C1C , 0 
0x2020 , 621 
0x3E3E , 634 
0x4D4D , 612 
0x6E6E , 0 

10:55:46.528:
0x1C1C , 0 
0x2020 , 0 
0x3E3E , 628 
0x4D4D , 635 
0x6E6E , 611 

10:55:47.262:
0x1C1C , 0 
0x2020 , 619 
0x3E3E , 626 
0x4D4D , 622 
10:55:47.278:

0x6E6E , 0 

10:55:48.012:
0x1C1C , 0 
0x2020
10:55:48.028:
 , 0 
0x3E3E , 630 
0x4D4D , 619 
0x6E6E , 614 

10:55:48.794:
0x1C1C , 0 
0x2020 , 625 
0x3E3E , 634 
0x4D4D , 623 
0x6E6E , 0 

10:55:49.559:
0x1C1C , 0 
0x2020 , 0 
0x3E3E , 636 
0x4D4D , 624 
0x6E6E , 619 

10:55:50.309:
0x1C1C , 0 
0x2020 , 625 
0x3E3E , 633 
0x4D4D , 628 

10:55:50.325:
0x6E6E , 0 

10:55:51.075:
0x1C1C , 0 
0x2020 , 0 
0
10:55:51.090:
x3E3E , 635 
0x4D4D , 627 
0x6E6E , 617 

10:55:52.762:
0x1C1C , 619 
0x2020 , 0 
0x3E3E , 630 
0x4D4D , 632
10:55:52.778:
 
0x6E6E , 614 

10:55:53.497:
0x1C1C , 616 

10:55:53.512:
0x2020 , 625 
0x3E3E , 628 
0x4D4D , 638 
0x6E6E , 0 

10:55:54.262:
0x1C1C , 615 
0x2020 , 0 
0x3E3E , 632 
0x4D4D , 641 
0x6E6E , 623 

10:55:55.012:
0x1C1C , 622 
0x2020 , 628 
0x3E3E , 629 
0x4D4D , 644 
0x6E6E , 0 

10:55:55.747:
0x1C1C , 623 
0x2020 , 0 
0x3E3E , 628 
0x4D4D , 6
10:55:55.762:
40 
0x6E6E , 621 

10:55:56.497:
0x1C1C , 618 

10:55:56.512:
0x2020 , 626 
0x3E3E , 628 
0x4D4D , 641 
0x6E6E , 0 

10:55:57.278:
0x1C1C , 619 
0x2020 , 0 
0x3E3E , 628 
0x4D4D , 643 
0x6E6E , 619 

10:55:58.044:
0x1C1C , 618 
0x2020 , 628 
0x3E3E , 633 
0x4D4D , 645 
0x6E6E , 0 

10:55:58.794:
0x1C1C , 618 
0x2020 , 0 
0x3E3E , 632 
0x4D4D , 634 

10:55:58.809:
0x6E6E , 621 

10:55:59.559:
0x1C1C , 640 
0x2020 , 618
10:55:59.575:
 
0x3E3E , 633 
0x4D4D , 604 
0x6E6E , 0 

10:56:00.356:
0x1C1C , 630 
0x2020 , 0 
0x3E3E , 622 
0x4D4D , 658 
0x6E6E , 594 

10:56:01.137:
0x1C1C , 632 
0x2020 , 623 
0x3E3E , 628 
0x4D4D , 658 
0x6E6E , 0 

10:56:01.903:
0x1C1C , 633 
0x2020 , 0 
0x3E3E , 624 
0x4D4D , 667 

10:56:01.919:
0x6E6E , 604 

10:56:03.591:
0x1C1C , 630 
0x2020 , 0 
0x3E3E , 623 
0x4D4D , 644 
0x6E6E , 619 

10:56:04.310:
0x1C1C , 638 

10:56:04.325:
0x2020 , 626 
0x3E3E , 630 
0x4D4D , 650 
0x6E6E , 0 

10:56:05.060:
0x1C1C , 0 
0x2020 , 0 
0x3E3E , 
10:56:05.075:
636 
0x4D4D , 643 
0x6E6E , 607 

10:56:05.825:
0x1C1C , 629 
0x2020 , 621 
0x3E3E , 628 
0x4D4D , 636 
0x6E6E , 0 

10:56:06.560:
0x1C1C , 632 
0x2020 , 0 
0x3E3E , 637 
0x4D4D ,
10:56:06.575:
 636 
0x6E6E , 610 

10:56:07.310:
0x1C1C , 0 
0x2020 , 627 
0x3E3E , 628 
0x4D4D , 637 
0x6E6E , 0 

10:56:08.075:
0x1C1C , 630 
0x2020 , 0 
0x3E3E , 633 
0x4D4D , 649 
0x6E6E , 604 

10:56:08.841:
0x1C1C , 636 
0x2020 , 623 
0x3E3E , 626 
0x4D4D , 670 
0x6E6E , 0 

10:56:09.591:
0x1C1C , 633 
0x2020 , 0 
0x3E3E , 627 
0x4D4D , 652 

10:56:09.607:
0x6E6E , 613 

10:56:10.357:
0x1C1C , 640 
0x2020 , 6
10:56:10.372:
31 
0x3E3E , 629 
0x4D4D , 674 
0x6E6E , 0 

10:56:11.154:
0x1C1C , 633 
0x2020 , 0 
0x3E3E , 626 
0x4D4D , 665 
0x6E6E , 612 

10:56:11.935:
0x1C1C , 633 
0x2020 , 617 
0x3E3E , 625 
0x4D4D , 603 
0x6E6E , 0 

10:56:12.716:
0x1C1C , 627 
0x2020 , 0 
0x3E3E , 632 
0x4D4D , 608 
0x6E6E , 616 

10:56:14.435:
0x1C1C , 636 
0x2020 , 0 
0x3E3E , 632 
0x4D4
10:56:14.451:
D , 607 
0x6E6E , 625 

10:56:15.169:
0x1C1C , 62
10:56:15.185:
6 
0x2020 , 621 
0x3E3E , 632 
0x4D4D , 636 
0x6E6E , 0 

10:56:15.919:
0x1C1C , 0 
0x2020 , 0 
0x3E3E , 629 
0x4D4D , 632 
0x6E6E , 644 

10:56:16.638:
0x1C1C , 0 
0x2020 , 622 
0x3E3E , 638 
0x4D4D , 6
10:56:16.654:
38 
0x6E6E , 0 

10:56:17.372:
0x1C1C , 0 

10:56:17.388:
0x2020 , 0 
0x3E3E , 629 
0x4D4D , 628 
0x6E6E , 618 

10:56:18.138:
0x1C1C , 0 
0x2020 , 621 
0x3E3E , 624 
0x4D4D , 625 
0x6E6E , 0 

10:56:18.841:
0x1C1C , 0 
0x2020 , 0 
0x3E3E , 0 
0x4D4D , 0 
0x6E6E ,
10:56:18.857:
 0 

10:56:19.591:
0x1C1C , 0 
0x2020 , 0 
0x3E3E , 627 
0x4D4D , 0 
0x6E6E , 0 

10:56:20.326:
0x1C1C , 0 
0x2020 , 0 
0x3E3E , 625 
0x4D4D , 0 
0x6E6E , 0 

10:56:21.076:
0x1C1C , 0 
0x2020 , 624 
0x3E3E , 626 
0x4D4D , 625 
0x6E6E , 0 

10:56:21.841:
0x1C1C , 0 
0x2020 , 0 
0x3E3E , 634 
0x4D4D , 633 
0x6E6E , 628 

10:56:22.591:
0x1C1C , 0 
0x2020 , 623 
0x3E3E , 634 
0x4D4D , 634 

10:56:22.607:
0x6E6E , 0 

10:56:23.357:
0x1C1C , 0 
0x2020 , 0 
0x3E3E , 0 
0x4D4D , 0 
0x6E6E , 0 

10:56:24.951:
0x1C1C , 0 
0x20
10:56:24.966:
20 , 0 
0x3E3E , 634 
0x4D4D , 0 
0x6E6E , 0 

10:56:25.669:
0x1C1C , 0 
0x2020 , 0 
0x3E3E , 621 

10:56:25.685:
0x4D4D , 623 
0x6E6E , 0 

10:56:26.435:
0x1C1C , 0 
0x2020 , 618 
0x3E3E , 621 
0x4D4D , 635 
0x6E6E , 601 

10:56:27.169:
0x1C1C , 0 
0x2020 , 0 
0x3E3E , 630 
0x4D4D , 638 
0x6E6E , 0 

10:56:27.904:
0x1C1C , 0 
0x2020 , 623 
0x3E3E , 627 
0x4D4D , 632
10:56:27.919:
 
0x6E6E , 616 

10:56:28.654:
0x1C1C , 0 
0x2020 , 0 
0x3E3E , 631 
0x4D4D , 673 
0x6E6E , 0 

10:56:29.404:
0x1C1C , 0 
0x2020 , 619 
0x3E3E , 631 
0x4D4D , 629 
0x6E6E , 619 

10:56:30.123:
0x1C1C , 0 
0x2020 
10:56:30.138:
, 0 
0x3E3E , 634 
0x4D4D , 626 
0x6E6E , 0 

10:56:30.904:
0x1C1C , 0 
0x2020 , 
10:56:30.920:
635 
0x3E3E , 634 
0x4D4D , 634 
0x6E6E , 626 

10:56:31.654:
0x1C1C , 0 
0x2020 , 0 
0x3E3E , 632 
0x4D4D 
10:56:31.670:
, 632 
0x6E6E , 0 

10:56:32.435:
0x1C1C , 0 
0x2020 , 623 
0x3E3E , 631 
0x4D4D , 618 
0x6E6E , 620 

10:56:33.185:
0x1C1C , 0 
0x2020 , 0
10:56:33.201:
 
0x3E3E , 627 
0x4D4D , 633 
0x6E6E , 0 

10:56:33.935:
0x1C1C , 0 
0x2020 , 0 
0x3E3E , 0 
0x4D4D , 0 
0x6E6E , 0 

10:56:35.545:
0x1C1C , 0 
0x2020 , 620 
0x3E3E , 0 
0x4D4D , 0 
0x6E6E , 0 

10:56:36.216:
0x1C1C , 0 

10:56:36.232:
0x2020 , 0 
0x3E3E , 0 
0x4D4D , 0 
0x6E6E , 0 

10:56:36.982:
0x1C1C , 0 
0x2020 , 618 
0x3E3E , 627 
0x4D4D , 622 
0x6E6E , 620 

10:56:37.685:
0x1C1C , 0 
0x
10:56:37.701:
2020 , 0 
0x3E3E , 624 
0x4D4D , 619 
0x6E6E , 0 

10:56:38.435:
0x1C1C , 0 

10:56:38.451:
0x2020 , 623 
0x3E3E , 625 
0x4D4D , 630 
0x6E6E , 613 

10:56:39.185:
0x1C1C , 0 
0x2020 , 0 
0x3E3E
10:56:39.201:
 , 621 
0x4D4D , 629 
0x6E6E , 0 

10:56:39.951:
0x1C1C , 0 
0x2020 , 623 
0x3E3E , 622 
0x4D4D , 621 
0x6E6E , 618 

10:56:40.670:
0x1C1C , 0 

10:56:40.685:
0x2020 , 0 
0x3E3E , 626 
0x4D4D , 620 
0x6E6E , 0 

10:56:41.451:
0x1C1C , 0 
0x20
10:56:41.467:
20 , 625 
0x3E3E , 631 
0x4D4D , 621 
0x6E6E , 622 

10:56:42.201:
0x1C1C , 0 
0x2020 , 0 
0x3E3E , 624 
0
10:56:42.217:
x4D4D , 622 
0x6E6E , 0 

10:56:42.982:
0x1C1C , 0 
0x2020 , 618 
0x3E3E , 633 
0x4D4D , 619 
0x6E6E , 621 

10:56:43.732:
0x1C1C , 0 
0x2020 , 0 
10:56:43.748:

0x3E3E , 631 
0x4D4D , 617 
0x6E6E , 0 

10:56:44.513:
0x1C1C , 0 
0x2020 , 625 

10:56:44.529:
0x3E3E , 629 
0x4D4D , 618 
0x6E6E , 619 

10:56:47.093:
0x1C1C , 0 
0x2020 , 620 
0x3E3E , 622 
0x4D4D , 619 
0x6E6E , 0 

10:56:47.781:
0x1C1C , 0 
0x2020 , 0 
0x3E3E , 0 
0x4D4D , 0 
0x6E6E ,
10:56:47.797:
 0 

10:56:48.500:
0x1C1C , 0 
0x2020 , 0 
10:56:48.515:

0x3E3E , 626 
0x4D4D , 0 
0x6E6E , 617 

10:56:49.218:
0x1C1C , 0 
0x2020 , 0 
0x3E3E , 631 
0x4D4D
10:56:49.234:
 , 0 
0x6E6E , 0 

10:56:49.969:
0x1C1C , 0 
0x2020 , 0 
0x3E3E , 629 
0x4D4D , 613 
0x6E6E , 0 

10:56:50.734:
0x1C1C , 0 
0x2020 , 623 
0x3E3E , 627 
0x4D4D , 616 
0x6E6E , 625 

10:56:51.453:
0x1C1C , 0 
0x20
10:56:51.468:
20 , 0 
0x3E3E , 628 
0x4D4D , 615 
0x6E6E , 0 

10:56:52.219:
0x1C1C , 0 
0x2020 ,
10:56:52.234:
 626 
0x3E3E , 629 
0x4D4D , 622 
0x6E6E , 622 

10:56:52.969:
0x1C1C , 0 
0x2020 , 0 
0x3E3E , 627 
0x4D4
10:56:52.984:
D , 619 
0x6E6E , 0 

10:56:53.765:
0x1C1C , 0 
0x2020 , 621 
0x3E3E , 626 
0x4D4D , 615 
0x6E6E , 634 

10:56:54.500:
0x1C1C , 0 
0x2020 , 0 
10:56:54.515:

0x3E3E , 634 
0x4D4D , 624 
0x6E6E , 0 

10:56:55.271:
0x1C1C , 0 
0x2020 , 0 
0x3E3E , 0 
0x4D4D , 0 
0x6E6E , 0 
