0x1C1C , 535 
0x2020 , 530 
0x3E3E , 540 
0x4D4D , 522 
0x6E6E , 0 
0x1C1C , 533 
0x2020 , 531 
0x3E3E , 536 
0x4D4D , 516 
0x6E6E , 507 
0x1C1C , 532 
0x2020 , 529 
0x3E3E , 538 
0x4D4D , 524 
0x6E6E , 0 
0x1C1C , 533 
0x2020 , 527 
0x3E3E , 536 
0x4D4D , 521 
0x6E6E , 511 
0x1C1C , 536 
0x2020 , 529 
0x3E3E , 539 
0x4D4D , 525 
0x6E6E , 0 
0x1C1C , 533 
0x2020 , 530 
0x3E3E , 539 
0x4D4D , 521 
0x6E6E , 507 
0x1C1C , 533 
0x2020 , 522 
0x3E3E , 538 
0x4D4D , 518 
0x6E6E , 0 
0x1C1C , 532 
0x2020 , 527 
0x3E3E , 536 
0x4D4D , 521 
0x6E6E , 514 
0x1C1C , 540 
0x2020 , 524 
0x3E3E , 534 
0x4D4D , 525 
0x6E6E , 0 
0x1C1C , 528 
0x2020 , 528 
0x3E3E , 537 
0x4D4D , 517 
0x6E6E , 507 
0x1C1C , 534 
0x2020 , 528 
0x3E3E , 536 
0x4D4D , 518 
0x6E6E , 0 
0x1C1C , 536 
0x2020 , 532 
0x3E3E , 536 
0x4D4D , 515 
0x6E6E , 502 
0x1C1C , 541 
0x2020 , 530 
0x3E3E , 538 
0x4D4D , 520 
0x6E6E , 0 
0x1C1C , 535 
0x2020 , 533 
0x3E3E , 539 
0x4D4D , 521 
0x6E6E , 0 
0x1C1C , 537 
0x2020 , 533 
0x3E3E , 542 
0x4D4D , 520 
0x6E6E , 501 
0x1C1C , 539 
0x2020 , 533 
0x3E3E , 539 
0x4D4D , 521 
0x6E6E , 0 
0x1C1C , 537 
0x2020 , 528 
0x3E3E , 537 
0x4D4D , 522 
0x6E6E , 508 
0x1C1C , 531 
0x2020 , 536 
0x3E3E , 538 
0x4D4D , 516 
0x6E6E , 0 
0x1C1C , 536 
0x2020 , 536 
0x3E3E , 539 
0x4D4D , 520 
0x6E6E , 503 
0x1C1C , 535 
0x2020 , 532 
0x3E3E , 541 
0x4D4D , 518 
0x6E6E , 0 
0x1C1C , 530 
0x2020 , 535 
0x3E3E , 536 
0x4D4D , 519 
0x6E6E , 504 
0x1C1C , 534 
0x2020 , 533 
0x3E3E , 540 
0x4D4D , 518 
0x6E6E , 509 
0x1C1C , 529 
0x2020 , 541 
0x3E3E , 538 
0x4D4D , 517 
0x6E6E , 0 
0x1C1C , 534 
0x2020 , 528 
0x3E3E , 539 
0x4D4D , 518 
0x6E6E , 508 
0x1C1C , 535 
0x2020 , 528 
0x3E3E , 540 
0x4D4D , 517 
0x6E6E , 0 
0x1C1C , 0 
0x2020 , 0 
0x3E3E , 0 
0x4D4D , 0 
0x6E6E , 0 
0x1C1C , 533 
0x2020 , 530 
0x3E3E , 542 
0x4D4D , 516 
0x6E6E , 507 
0x1C1C , 528 
0x2020 , 538 
0x3E3E , 538 
0x4D4D , 516 
0x6E6E , 0 
0x1C1C , 532 
0x2020 , 529 
0x3E3E , 537 
0x4D4D , 522 
0x6E6E , 507 
0x1C1C , 540 
0x2020 , 529 
0x3E3E , 539 
0x4D4D , 528 
0x6E6E , 0 
0x1C1C , 543 
0x2020 , 530 
0x3E3E , 535 
0x4D4D , 0 
0x6E6E , 512 
0x1C1C , 539 
0x2020 , 531 
0x3E3E , 0 
0x4D4D , 573 
0x6E6E , 0 
0x1C1C , 537 
0x2020 , 525 
0x3E3E , 535 
0x4D4D , 573 
0x6E6E , 511 
0x1C1C , 548 
0x2020 , 524 
0x3E3E , 524 
0x4D4D , 568 
0x6E6E , 0 
0x1C1C , 538 
0x2020 , 530 
0x3E3E , 0 
0x4D4D , 565 
0x6E6E , 510 
0x1C1C , 539 
0x2020 , 524 
0x3E3E , 531 
0x4D4D , 570 
0x6E6E , 0 
0x1C1C , 540 
0x2020 , 524 
0x3E3E , 536 
0x4D4D , 558 
0x6E6E , 508 
0x1C1C , 535 
0x2020 , 528 
0x3E3E , 535 
0x4D4D , 568 
0x6E6E , 0 
0x1C1C , 541 
0x2020 , 522 
0x3E3E , 533 
0x4D4D , 574 
0x6E6E , 0 
0x1C1C , 541 
0x2020 , 529 
0x3E3E , 534 
0x4D4D , 564 
0x6E6E , 508 
0x1C1C , 535 
0x2020 , 528 
0x3E3E , 531 
0x4D4D , 568 
0x6E6E , 0 
0x1C1C , 539 
0x2020 , 524 
0x3E3E , 537 
0x4D4D , 568 
0x6E6E , 513 
0x1C1C , 536 
0x2020 , 524 
0x3E3E , 533 
0x4D4D , 569 
0x6E6E , 0 
0x1C1C , 537 
0x2020 , 524 
0x3E3E , 534 
0x4D4D , 566 
0x6E6E , 516 
0x1C1C , 537 
0x2020 , 528 
0x3E3E , 537 
0x4D4D , 568 
0x6E6E , 0 
0x1C1C , 537 
0x2020 , 529 
0x3E3E , 534 
0x4D4D , 569 
0x6E6E , 513 
0x1C1C , 534 
0x2020 , 527 
0x3E3E , 537 
0x4D4D , 568 
0x6E6E , 0 
0x1C1C , 538 
0x2020 , 533 
0x3E3E , 538 
0x4D4D , 576 
0x6E6E , 511 
0x1C1C , 537 
0x2020 , 528 
0x3E3E , 533 
0x4D4D , 561 
0x6E6E , 0 
0x1C1C , 533 
0x2020 , 527 
0x3E3E , 534 
0x4D4D , 568 
0x6E6E , 508 
0x1C1C , 535 
0x2020 , 530 
0x3E3E , 539 
0x4D4D , 558 
0x6E6E , 0 
0x1C1C , 542 
0x2020 , 522 
0x3E3E , 533 
0x4D4D , 576 
0x6E6E , 0 
0x1C1C , 534 
0x2020 , 530 
0x3E3E , 537 
0x4D4D , 555 
0x6E6E , 504 
0x1C1C , 537 
0x2020 , 529 
0x3E3E , 537 
0x4D4D , 561 
0x6E6E , 0 
0x1C1C , 532 
0x2020 , 528 
0x3E3E , 534 
0x4D4D , 567 
0x6E6E , 505 
0x1C1C , 536 
0x2020 , 530 
0x3E3E , 529 
0x4D4D , 562 
0x6E6E , 0 
0x1C1C , 537 
0x2020 , 530 
0x3E3E , 539 
0x4D4D , 560 
0x6E6E , 515 
0x1C1C , 537 
0x2020 , 529 
0x3E3E , 532 
0x4D4D , 560 
0x6E6E , 0 
0x1C1C , 538 
0x2020 , 530 
0x3E3E , 537 
0x4D4D , 567 
0x6E6E , 510 
0x1C1C , 538 
0x2020 , 525 
0x3E3E , 534 
0x4D4D , 563 
0x6E6E , 0 
0x1C1C , 539 
0x2020 , 525 
0x3E3E , 531 
0x4D4D , 575 
0x6E6E , 510 
0x1C1C , 540 
0x2020 , 525 
0x3E3E , 536 
0x4D4D , 565 
0x6E6E , 0 
0x1C1C , 536 
0x2020 , 527 
0x3E3E , 531 
0x4D4D , 566 
0x6E6E , 513 
0x1C1C , 535 
0x2020 , 526 
0x3E3E , 529 
0x4D4D , 569 
0x6E6E , 0 
0x1C1C , 535 
0x2020 , 526 
0x3E3E , 535 
0x4D4D , 570 
0x6E6E , 508 
0x1C1C , 537 
0x2020 , 524 
0x3E3E , 533 
0x4D4D , 574 
0x6E6E , 0 
0x1C1C , 541 
0x2020 , 524 
0x3E3E , 534 
0x4D4D , 563 
0x6E6E , 512 
0x1C1C , 542 
0x2020 , 524 
0x3E3E , 531 
0x4D4D , 567 
0x6E6E , 0 
0x1C1C , 536 
0x2020 , 532 
0x3E3E , 535 
0x4D4D , 563 
0x6E6E , 512 
0x1C1C , 540 
0x2020 , 520 
0x3E3E , 530 
0x4D4D , 563 
0x6E6E , 0 
0x1C1C , 537 
0x2020 , 525 
0x3E3E , 531 
0x4D4D , 563 
0x6E6E , 511 
0x1C1C , 538 
0x2020 , 526 
0x3E3E , 530 
0x4D4D , 566 
0x6E6E , 0 
0x1C1C , 538 
0x2020 , 530 
0x3E3E , 531 
0x4D4D , 561 
0x6E6E , 510 
0x1C1C , 0 
0x2020 , 0 
0x3E3E , 0 
0x4D4D , 0 
0x6E6E , 0 
0x1C1C , 538 
0x2020 , 525 
0x3E3E , 532 
0x4D4D , 566 
0x6E6E , 510 
0x1C1C , 538 
0x2020 , 526 
0x3E3E , 531 
0x4D4D , 569 
0x6E6E , 0 
0x1C1C , 543 
0x2020 , 528 
0x3E3E , 533 
0x4D4D , 565 
0x6E6E , 511 
0x1C1C , 533 
0x2020 , 526 
0x3E3E , 531 
0x4D4D , 563 
0x6E6E , 509 
0x1C1C , 538 
0x2020 , 531 
0x3E3E , 533 
0x4D4D , 568 
0x6E6E , 0 
0x1C1C , 538 
0x2020 , 526 
0x3E3E , 530 
0x4D4D , 575 
0x6E6E , 511 
0x1C1C , 533 
0x2020 , 530 
0x3E3E , 531 
0x4D4D , 564 
0x6E6E , 0 
0x1C1C , 538 
0x2020 , 526 
0x3E3E , 530 
0x4D4D , 564 
0x6E6E , 507 
0x1C1C , 537 
0x2020 , 523 
0x3E3E , 525 
0x4D4D , 568 
0x6E6E , 0 
0x1C1C , 535 
0x2020 , 522 
0x3E3E , 534 
0x4D4D , 564 
0x6E6E , 509 
0x1C1C , 533 
0x2020 , 524 
0x3E3E , 531 
0x4D4D , 566 
0x6E6E , 0 
0x1C1C , 535 
0x2020 , 522 
0x3E3E , 530 
0x4D4D , 565 
0x6E6E , 507 
0x1C1C , 539 
0x2020 , 530 
0x3E3E , 529 
0x4D4D , 572 
0x6E6E , 0 
0x1C1C , 535 
0x2020 , 527 
0x3E3E , 529 
0x4D4D , 573 
0x6E6E , 509 
0x1C1C , 542 
0x2020 , 527 
0x3E3E , 530 
0x4D4D , 575 
0x6E6E , 0 
0x1C1C , 537 
0x2020 , 522 
0x3E3E , 528 
0x4D4D , 568 
0x6E6E , 509 
0x1C1C , 535 
0x2020 , 531 
0x3E3E , 529 
0x4D4D , 566 
0x6E6E , 508 
0x1C1C , 538 
0x2020 , 524 
0x3E3E , 529 
0x4D4D , 573 
0x6E6E , 0 
0x1C1C , 542 
0x2020 , 525 
0x3E3E , 530 
0x4D4D , 566 
0x6E6E , 506 
0x1C1C , 538 
0x2020 , 527 
0x3E3E , 531 
0x4D4D , 570 
0x6E6E , 0 
0x1C1C , 538 
0x2020 , 529 
0x3E3E , 533 
0x4D4D , 568 
0x6E6E , 509 
0x1C1C , 541 
0x2020 , 528 
0x3E3E , 528 
0x4D4D , 572 
0x6E6E , 0 
0x1C1C , 538 
0x2020 , 524 
0x3E3E , 529 
0x4D4D , 571 
0x6E6E , 512 
0x1C1C , 536 
0x2020 , 527 
0x3E3E , 532 
0x4D4D , 556 
0x6E6E , 0 
0x1C1C , 536 
0x2020 , 525 
0x3E3E , 526 
0x4D4D , 565 
0x6E6E , 510 
0x1C1C , 534 
0x2020 , 526 
0x3E3E , 530 
0x4D4D , 572 
0x6E6E , 0 
0x1C1C , 537 
0x2020 , 529 
0x3E3E , 0 
0x4D4D , 574 
0x6E6E , 512 
0x1C1C , 537 
0x2020 , 530 
0x3E3E , 531 
0x4D4D , 576 
0x6E6E , 0 
0x1C1C , 535 
0x2020 , 521 
0x3E3E , 530 
0x4D4D , 569 
0x6E6E , 510 
0x1C1C , 537 
0x2020 , 525 
0x3E3E , 0 
0x4D4D , 572 
0x6E6E , 511 
0x1C1C , 0 
0x2020 , 0 
0x3E3E , 0 
0x4D4D , 0 
0x6E6E , 0 
0x1C1C , 541 
0x2020 , 522 
0x3E3E , 532 
0x4D4D , 575 
0x6E6E , 513 
0x1C1C , 530 
0x2020 , 527 
0x3E3E , 526 
0x4D4D , 567 
0x6E6E , 0 
0x1C1C , 531 
0x2020 , 528 
0x3E3E , 533 
0x4D4D , 563 
0x6E6E , 509 
0x1C1C , 533 
0x2020 , 524 
0x3E3E , 529 
0x4D4D , 581 
0x6E6E , 0 
0x1C1C , 534 
0x2020 , 526 
0x3E3E , 528 
0x4D4D , 575 
0x6E6E , 511 
0x1C1C , 533 
0x2020 , 523 
0x3E3E , 528 
0x4D4D , 565 
0x6E6E , 0 
0x1C1C , 534 
0x2020 , 528 
0x3E3E , 532 
0x4D4D , 566 
0x6E6E , 507 
0x1C1C , 531 
0x2020 , 526 
0x3E3E , 531 
0x4D4D , 567 
0x6E6E , 0 
0x1C1C , 533 
0x2020 , 527 
0x3E3E , 526 
0x4D4D , 567 
0x6E6E , 508 
0x1C1C , 539 
0x2020 , 528 
0x3E3E , 533 
0x4D4D , 560 
0x6E6E , 0 
0x1C1C , 535 
0x2020 , 529 
0x3E3E , 534 
0x4D4D , 555 
0x6E6E , 505 
0x1C1C , 534 
0x2020 , 529 
0x3E3E , 528 
0x4D4D , 568 
0x6E6E , 509 
0x1C1C , 532 
0x2020 , 533 
0x3E3E , 533 
0x4D4D , 568 
0x6E6E , 0 
0x1C1C , 531 
0x2020 , 532 
0x3E3E , 535 
0x4D4D , 569 
0x6E6E , 512 
0x1C1C , 527 
0x2020 , 529 
0x3E3E , 536 
0x4D4D , 570 
0x6E6E , 0 
0x1C1C , 534 
0x2020 , 531 
0x3E3E , 534 
0x4D4D , 564 
0x6E6E , 509 
0x1C1C , 531 
0x2020 , 533 
0x3E3E , 534 
0x4D4D , 568 
0x6E6E , 0 
0x1C1C , 525 
0x2020 , 532 
0x3E3E , 537 
0x4D4D , 552 
0x6E6E , 506 
0x1C1C , 527 
0x2020 , 530 
0x3E3E , 535 
0x4D4D , 560 
0x6E6E , 0 
0x1C1C , 532 
0x2020 , 533 
0x3E3E , 532 
0x4D4D , 564 
0x6E6E , 501 
0x1C1C , 530 
0x2020 , 531 
0x3E3E , 537 
0x4D4D , 562 
0x6E6E , 0 
0x1C1C , 527 
0x2020 , 530 
0x3E3E , 534 
0x4D4D , 562 
0x6E6E , 507 
0x1C1C , 526 
0x2020 , 531 
0x3E3E , 536 
0x4D4D , 557 
0x6E6E , 0 
0x1C1C , 532 
0x2020 , 531 
0x3E3E , 533 
0x4D4D , 567 
0x6E6E , 508 
0x1C1C , 529 
0x2020 , 532 
0x3E3E , 537 
0x4D4D , 572 
0x6E6E , 512 
0x1C1C , 530 
0x2020 , 531 
0x3E3E , 534 
0x4D4D , 568 
0x6E6E , 0 
0x1C1C , 529 
0x2020 , 529 
0x3E3E , 536 
0x4D4D , 561 
0x6E6E , 508 
0x1C1C , 530 
0x2020 , 532 
0x3E3E , 537 
0x4D4D , 554 
0x6E6E , 0 
0x1C1C , 529 
0x2020 , 537 
0x3E3E , 530 
0x4D4D , 561 
0x6E6E , 508 
0x1C1C , 527 
0x2020 , 532 
0x3E3E , 534 
0x4D4D , 556 
0x6E6E , 0 
0x1C1C , 534 
0x2020 , 529 
0x3E3E , 534 
0x4D4D , 576 
0x6E6E , 0 
0x1C1C , 529 
0x2020 , 532 
0x3E3E , 536 
0x4D4D , 565 
0x6E6E , 509 
0x1C1C , 533 
0x2020 , 535 
0x3E3E , 532 
0x4D4D , 569 
0x6E6E , 0 
0x1C1C , 534 
0x2020 , 537 
0x3E3E , 535 
0x4D4D , 573 
0x6E6E , 510 
0x1C1C , 532 
0x2020 , 530 
0x3E3E , 537 
0x4D4D , 571 
0x6E6E , 0 
0x1C1C , 530 
0x2020 , 530 
0x3E3E , 536 
0x4D4D , 565 
0x6E6E , 511 
0x1C1C , 532 
0x2020 , 534 
0x3E3E , 540 
0x4D4D , 557 
0x6E6E , 511 
0x1C1C , 533 
0x2020 , 534 
0x3E3E , 538 
0x4D4D , 565 
0x6E6E , 0 
0x1C1C , 534 
0x2020 , 532 
0x3E3E , 533 
0x4D4D , 559 
0x6E6E , 510 
0x1C1C , 531 
0x2020 , 533 
0x3E3E , 537 
0x4D4D , 567 
0x6E6E , 0 
0x1C1C , 526 
0x2020 , 536 
0x3E3E , 537 
0x4D4D , 560 
0x6E6E , 510 
0x1C1C , 533 
0x2020 , 0 
0x3E3E , 0 
0x4D4D , 0 
0x6E6E , 0 
0x1C1C , 0 
0x2020 , 522 
0x3E3E , 0 
0x4D4D , 565 
0x6E6E , 0 
0x1C1C , 0 
0x2020 , 530 
0x3E3E , 0 
0x4D4D , 555 
0x6E6E , 0 
0x1C1C , 536 
0x2020 , 531 
0x3E3E , 537 
0x4D4D , 549 
0x6E6E , 0 
0x1C1C , 541 
0x2020 , 519 
0x3E3E , 533 
0x4D4D , 571 
0x6E6E , 510 
