10:31:23.120:
0x1C1C , 536 
0x2020
10:31:23.136:
 , 534 
0x3E3E , 540 
0x4D4D , 525 
0x6E6E , 0 

10:31:23.870:
0x1C1C , 536 
0x
10:31:23.886:
2020 , 534 
0x3E3E , 539 
0x4D4D , 527 
0x6E6E , 509 

10:31:24.636:
0x1C1C , 537 
0x2020 , 531 
0x3E3E , 540 
0x4D4D , 527 
0x6E6E , 0 

10:31:25.402:
0x1C1C , 535 
0x2020 , 531 
0x3E3E , 539 
0x4D4D , 523 
0x6E6E , 513 

10:31:26.136:
0x1C1C , 537 
0x2020 , 535 
0x3E3E , 538 
0x4D4D , 5
10:31:26.152:
22 
0x6E6E , 0 

10:31:26.902:
0x1C1C , 530 
0x2020 , 532 
0x3E3E , 536 
0x4D4D ,
10:31:26.917:
 521 
0x6E6E , 516 

10:31:27.683:
0x1C1C , 533 
0x2020 , 537 
0x3E3E , 537 
0x4D4D , 523 
0x6E6E , 0 

10:31:28.448:
0x1C1C , 537 
0x2020 , 534 
0x3E3E , 539 
0x4D4D , 526 
0x6E6E , 514 

10:31:29.199:
0x1C1C , 537 
0x2020 , 534 
0x3E3E , 540 
0x4D4D , 522 

10:31:29.214:
0x6E6E , 0 

10:31:29.980:
0x1C1C , 538 
0x2020 , 538 
0x3E3E , 540 
0x4D4D , 524 

10:31:30.011:
0x6E6E , 512 

10:31:30.777:
0x1C1C , 536 
0x2020 , 534 
0x3E3E , 539 
0x4D4D , 523 
0x6E6E , 0 

10:31:31.574:
0x1C1C , 538 
0x2020 , 534 
0x3E3E , 540 
0x4D4D , 521 
0x6E6E , 513 

10:31:32.339:
0x1C1C , 537 
0x2020 , 536 
0x3E3E , 539 
0x4D4D , 526 
10:31:32.355:

0x6E6E , 0 

10:31:33.995:
0x1C1C , 0 
0x2020 , 530 
0x3E3E , 540 

10:31:34.011:
0x4D4D , 525 
0x6E6E , 0 

10:31:34.745:
0x1C1C , 534 
0x2020 , 530 
0x3E3E , 539 
10:31:34.761:

0x4D4D , 527 
0x6E6E , 515 

10:31:35.511:
0x1C1C , 534 
0x2020 , 533 
0x3E3E , 539 
0x4D4D , 527 
0x6E6E , 0 

10:31:36.277:
0x1C1C , 537 
0x2020 , 534 
0x3E3E , 542 
0x4D4D , 523 
0x6E6E , 515 

10:31:36.995:
0x1C1C , 0 

10:31:37.011:
0x2020 , 537 
0x3E3E , 538 
0x4D4D , 526 
0x6E6E , 0 

10:31:37.777:
0x1C1C , 0 
0x2020 , 531 
0x3E3E , 539 
0x4D4D , 529 
0x6E6E , 513 

10:31:38.527:
0x1C1C , 0 
0x2020 , 532 
0x3E3E , 541 
0x4D4D , 524 
0x6E6E , 0 

10:31:39.293:
0x1C1C , 0 
0x2020 , 533 
0x3E3E , 540 
0x4D4D , 524 
0x6E6E , 510 

10:31:40.027:
0x1C1C , 0 
0x2020 , 53
10:31:40.043:
1 
0x3E3E , 538 
0x4D4D , 525 
0x6E6E , 0 

10:31:40.794:
0x1C1C , 0 
0x2020 , 531 
0x3E3E , 538 
0x4D4D , 526 
0x6E6E , 0 

10:31:41.513:
0x1C1C , 0 
0x2
10:31:41.544:
020 , 0 
0x3E3E , 0 
0x4D4D , 0 
0x6E6E , 512 

10:31:42.263:
0x1C1C , 0 
0x2020 , 0 
0x3E3E , 0 
0x4D4D , 
10:31:42.279:
0 
0x6E6E , 0 

10:31:43.044:
0x1C1C , 0 
0x2020 , 528 
0x3E3E , 541 
0x4D4D , 524 
10:31:43.060:

0x6E6E , 513 

10:31:44.732:
0x1C1C , 0 
0x2020 , 535 
0x3E3E , 541 
0x4D4D , 524 
0x6E6E , 512 

10:31:45.451:
0x1C1C , 0 
0x2020 , 534 
0x3E3E , 538 
0x4D4D , 522 
0x6E6E , 0 

10:31:46.201:
0x1C1C , 0 
0x2020 , 528 
0x3E3E , 538 
0x4D4D , 523 
0x6E6E , 512 

10:31:46.951:
0x1C1C , 0 
0x2020 , 535 
0x3E3E , 541 
0x4D4D , 523 
0x6E6E , 512 

10:31:47.686:
0x1C1C , 0 
0x2020 , 535 
0x3E3E , 540 
0x4D4D ,
10:31:47.701:
 521 
0x6E6E , 511 

10:31:48.452:
0x1C1C , 0 
0x2020 , 536 
0x3E3E , 539 
0x4D4D , 524 
0x6E6E , 0 

10:31:49.202:
0x1C1C , 0 
0x2020 , 530 
0x3E3E , 539 
0x4D4D , 523 
0x6E6E , 515 

10:31:49.936:
0x1C1C , 0 
0x2020 , 528 
0x3E3E , 537 
0x4D4D
10:31:49.952:
 , 525 
0x6E6E , 0 

10:31:50.734:
0x1C1C , 539 
0x2020 , 532 
0x3E3E , 542 
0x4D4D , 526 
0x6E6E , 511 

10:31:51.499:
0x1C1C , 531 
0x2020 , 534 

10:31:51.515:
0x3E3E , 537 
0x4D4D , 522 
0x6E6E , 0 

10:31:52.296:
0x1C1C , 537 
0x2020 , 530 
0x3E3E , 536 
0x4D4D , 524 
0x6E6E , 513 

10:31:53.047:
0x1C1C , 533 
0x2020 , 537 
0x3E3E , 0 
0x4D4D , 525
10:31:53.063:
 
0x6E6E , 0 

10:31:53.859:
0x1C1C , 535 
0x2020 , 532 
0x3E3E , 540 
0x4D4D , 522 
0x6E6E , 515 

10:31:55.548:
0x1C1C , 533 
0x2020 , 532 
0x3E3E , 540 
0x4D4D , 527 
0x6E6E , 512 

10:31:56.283:
0x1C1C , 539 
0x2020 , 530 
0x3E3E , 0 
0x4D4D , 527 
0x6E6E , 0 

10:31:57.018:
0x1C1C , 537 
0x2020 , 5
10:31:57.033:
36 
0x3E3E , 538 
0x4D4D , 527 
0x6E6E , 512 

10:31:57.768:
0x1C1C , 541 
0x2020 , 537 
0x3E3E , 538 
0x4D4D
10:31:57.783:
 , 524 
0x6E6E , 0 

10:31:58.553:
0x1C1C , 535 
0x2020 , 531 
0x3E3E , 538 
0x4D4D , 525 
0x6E6E , 514 

10:31:59.287:
0x1C1C , 530 

10:31:59.303:
0x2020 , 529 
0x3E3E , 538 
0x4D4D , 523 
0x6E6E , 0 

10:32:00.084:
0x1C1C , 536 
0x2020 , 530 
0x3E3E , 538 
0x4D4D , 525 
0x6E6E , 515 

10:32:00.834:
0x1C1C , 535 
0x2020 , 530 
0x3E3E , 542 
0x4D4D , 527 
0x6E6E , 0 

10:32:01.615:
0x1C1C , 533 
0x2020 , 533 
0x3E3E , 537 
0x4D4D , 522 
0x6E6E , 512 

10:32:02.365:
0x1C1C , 537 
0x2020 , 5
10:32:02.381:
28 
0x3E3E , 540 
0x4D4D , 526 
0x6E6E , 0 

10:32:03.179:
0x1C1C , 529 
0x2020 , 532 
0x3E3E , 539 
0x4D4D , 519 
0x6E6E , 513 

10:32:03.960:
0x1C1C , 536 
0x2020 , 534 
0x3E3E , 540 
0x4D4D , 525 
0x6E6E , 0 

10:32:04.757:
0x1C1C , 533 
0x2020 , 529 
0x3E3E , 537 
0x4D4D , 522 
0x6E6E , 507 

10:32:06.492:
0x1C1C , 537 
0x2020 , 531 
0x3E3E , 541 
0x4D4D , 528 
0x6E6E , 516 

10:32:07.210:
0x1C1C , 533 

10:32:07.226:
0x2020 , 526 
0x3E3E , 540 
0x4D4D , 520 
0x6E6E , 0 

10:32:07.992:
0x1C1C , 536 
0x2020 , 528 
0x3E3E , 539 
0x4D4D , 521 
0x6E6E , 512 

10:32:08.742:
0x1C1C , 536 
0x2020 , 531 
0x3E3E , 539 
0x4D4D , 521 
0x6E6E , 0 

10:32:09.507:
0x1C1C , 532 
0x2020 , 529 
0x3E3E , 540 
0x4D4D , 524 
0x6E6E , 510 

10:32:10.243:
0x1C1C , 535 
0
10:32:10.259:
x2020 , 527 
0x3E3E , 540 
0x4D4D , 523 
0x6E6E , 0 

10:32:11.041:
0x1C1C , 536 
0x2020 , 527 
0x3E3E , 540 
0x4D4D , 522 
0x6E6E , 514 

10:32:11.807:
0x1C1C , 537 
0x2020 , 529 
0x3E3E , 541 
0x4D4D , 525 
0x6E6E , 0 

10:32:12.572:
0x1C1C , 538 
0x2020 , 530 
0x3E3E , 541 
0x4D4D , 522 
0x6E6E , 511 

10:32:13.324:
0x1C1C , 539 
0x2020 , 53
10:32:13.355:
0 
0x3E3E , 538 
0x4D4D , 522 
0x6E6E , 0 

10:32:14.136:
0x1C1C , 537 
0x2020 , 533 
0x3E3E , 543 
0x4D4D , 524 
0x6E6E , 514 

10:32:14.917:
0x1C1C , 537 
0x2020 , 531 
0x3E3E , 539 
0x4D4D , 522 
0x6E6E , 0 

10:32:15.714:
0x1C1C , 535 
0x2020 , 528 
0x3E3E , 539 
0x4D4D , 526 
0x6E6E , 513 

10:32:17.449:
0x1C1C , 535 
0x2020 , 529 
0x3E3E , 539 
0x4D4D , 528 
0x6E6E , 512 

10:32:18.168:
0x1C1C , 536 

10:32:18.184:
0x2020 , 527 
0x3E3E , 540 
0x4D4D , 523 
0x6E6E , 0 

10:32:18.949:
0x1C1C , 534 
0x2020 , 528 
0x3E3E , 540 
0x4D4D , 525 
0x6E6E , 515 

10:32:19.701:
0x1C1C , 535 
0x2020 , 529 
0x3E3E , 538 
0x4D4D , 525 
0x6E6E , 0 

10:32:20.467:
0x1C1C , 537 
0x2020 , 530 
0x3E3E , 537 
0x4D4D , 523 
0x6E6E , 514 

10:32:21.201:
0x1C1C , 537 

10:32:21.217:
0x2020 , 532 
0x3E3E , 541 
0x4D4D , 523 
0x6E6E , 0 

10:32:21.998:
0x1C1C , 537 
0x2020 , 530 
0x3E3E , 538 
0x4D4D , 521 
0x6E6E , 513 

10:32:22.764:
0x1C1C , 535 
0x2020 , 528 
0x3E3E , 539 
0x4D4D , 522 
0x6E6E , 0 

10:32:23.545:
0x1C1C , 538 
0x2020 , 530 
0x3E3E , 541 
0x4D4D , 523 
0x6E6E , 512 

10:32:24.296:
0x1C1C , 532 
0x2020 , 
10:32:24.312:
531 
0x3E3E , 541 
0x4D4D , 529 
0x6E6E , 0 

10:32:25.093:
0x1C1C , 533 
0x2020 , 532 
0x3E3E , 539 
0x4D4D , 525 
0x6E6E , 516 

10:32:25.875:
0x1C1C , 537 
0x2020 , 530 
0x3E3E , 542 
0x4D4D , 526 
0x6E6E , 0 

10:32:26.671:
0x1C1C , 532 
0x2020 , 531 
0x3E3E , 541 
0x4D4D , 525 
0x6E6E , 513 

10:32:28.360:
0x1C1C , 533 
0x2020 , 530 
0x3E3E , 540 
0x4D4D , 527 
0x6E6E , 511 

10:32:29.079:
0x1C1C , 534 

10:32:29.094:
0x2020 , 527 
0x3E3E , 537 
0x4D4D , 523 
0x6E6E , 0 

10:32:29.860:
0x1C1C , 532 
0x2020 , 532 
0x3E3E , 539 
0x4D4D , 520 
0x6E6E , 515 

10:32:30.610:
0x1C1C , 535 
0x2020 , 531 
0x3E3E , 537 
0x4D4D , 528 
0x6E6E , 0 

10:32:31.376:
0x1C1C , 537 
0x2020 , 534 
0x3E3E , 541 
0x4D4D , 524 
0x6E6E , 511 

10:32:32.110:
0x1C1C , 541 
0x2020
10:32:32.125:
 , 530 
0x3E3E , 541 
0x4D4D , 522 
0x6E6E , 0 

10:32:32.907:
0x1C1C , 534 
0x2020 , 528 
0x3E3E , 541 
0x4D4D , 528 
0x6E6E , 509 

10:32:33.657:
0x1C1C , 535 
0x2020 , 529 
0x3E3E , 538 
0x4D4D , 521 
0x6E6E , 0 

10:32:34.438:
0x1C1C , 534 
0x2020 , 528 
0x3E3E , 538 
0x4D4D , 524 
0x6E6E , 507 

10:32:35.188:
0x1C1C , 532 
0x2020 
10:32:35.204:
, 530 
0x3E3E , 539 
0x4D4D , 526 
0x6E6E , 0 

10:32:36.001:
0x1C1C , 533 
0x2020 , 533 
0x3E3E , 541 
0x4D4D , 530 
0x6E6E , 509 

10:32:36.782:
0x1C1C , 533 
0x2020 , 530 
0x3E3E , 541 
0x4D4D , 527 
0x6E6E , 0 

10:32:37.579:
0x1C1C , 531 
0x2020 , 533 
0x3E3E , 540 
0x4D4D , 528 
0x6E6E , 511 

10:32:39.266:
0x1C1C , 535 
0x2020 , 527 
0x3E3E , 542 
0x4D4D , 522 
0x6E6E , 511 

10:32:39.985:
0x1C1C , 530 

10:32:40.001:
0x2020 , 534 
0x3E3E , 538 
0x4D4D , 525 
0x6E6E , 0 

10:32:40.766:
0x1C1C , 532 
0x2020 , 525 
0x3E3E , 541 
0x4D4D , 526 
0x6E6E , 515 

10:32:41.516:
0x1C1C , 532 
0x2020 , 532 
0x3E3E , 544 
0x4D4D , 529 
0x6E6E , 0 

10:32:42.282:
0x1C1C , 536 
0x2020 , 533 
0x3E3E , 537 
0x4D4D , 528 
0x6E6E , 520 

10:32:43.016:
0x1C1C , 531 
0x2020 
10:32:43.032:
, 528 
0x3E3E , 537 
0x4D4D , 523 
0x6E6E , 0 

10:32:43.797:
0x1C1C , 535 
0x2020 , 527 
0x3E3E , 539 
0x4D4D , 524 
0x6E6E , 512 

10:32:44.547:
0x1C1C , 0 
0x2020 , 531 
0x3E3E , 542 
0x4D4D , 52
10:32:44.563:
1 
0x6E6E , 0 

10:32:45.329:
0x1C1C , 532 
0x2020 , 530 
0x3E3E , 539 
0x4D4D , 525 
0x6E6E , 512 

10:32:46.094:
0x1C1C , 535 
0x2020 , 
10:32:46.110:
533 
0x3E3E , 541 
0x4D4D , 527 
0x6E6E , 0 

10:32:46.891:
0x1C1C , 533 
0x2020 , 526 
0x3E3E , 540 
0x4D4D , 523 
0x6E6E , 509 

10:32:47.673:
0x1C1C , 532 
0x2020 , 531 
0x3E3E , 538 
0x4D4D , 520 
0x6E6E , 0 

10:32:48.470:
0x1C1C , 534 
0x2020 , 530 
0x3E3E , 533 
0x4D4D , 525 
0x6E6E , 510 

10:32:50.205:
0x1C1C , 538 
0x2020 , 530 
0x3E3E , 541 
0x4D4D , 530 
0x6E6E , 515 

10:32:50.924:
0x1C1C , 533 
0x2
10:32:50.939:
020 , 525 
0x3E3E , 541 
0x4D4D , 528 
0x6E6E , 0 

10:32:51.705:
0x1C1C , 536 
0x2020 , 529 
0x3E3E , 537 
0x4D4D , 528 
0x6E6E , 515 

10:32:52.455:
0x1C1C , 534 
0x2020 , 528 
0x3E3E , 540 
0x4D4D , 530 
0x6E6E , 0 

10:32:53.221:
0x1C1C , 537 
0x2020 , 525 
0x3E3E , 538 
0x4D4D , 525 
0x6E6E , 510 

10:32:53.955:
0x1C1C , 532 
0x
10:32:53.971:
2020 , 530 
0x3E3E , 539 
0x4D4D , 522 
0x6E6E , 0 

10:32:54.752:
0x1C1C , 536 
0x2020 , 526 
0x3E3E , 538 
0x4D4D , 522 
0x6E6E , 515 

10:32:55.517:
0x1C1C , 532 
0x2020 , 532 
0x3E3E , 539 
0x4D4D , 523 
0x6E6E , 0 

10:32:56.300:
0x1C1C , 527 
0x2020 , 525 
0x3E3E , 541 
0x4D4D , 524 
0x6E6E , 508 

10:32:57.050:
0x1C1C , 534 
0x2020 , 530 

10:32:57.066:
0x3E3E , 540 
0x4D4D , 523 
0x6E6E , 0 

10:32:57.847:
0x1C1C , 534 
0x2020 , 526 
0x3E3E , 540 
0x4D4D , 525 
0x6E6E , 514 

10:32:58.629:
0x1C1C , 532 
0x2020 , 530 
0x3E3E , 541 
0x4D4D , 526 
0x6E6E , 0 

10:32:59.426:
0x1C1C , 532 
0x2020 , 530 
0x3E3E , 539 
0x4D4D , 523 
0x6E6E , 513 

10:33:01.113:
0x1C1C , 531 
0x2020 , 529 
0x3E3E , 543 
0x4D4D , 526 
0x6E6E , 514 

10:33:01.832:
0x1C1C , 538 
0
10:33:01.848:
x2020 , 533 
0x3E3E , 540 
0x4D4D , 525 
0x6E6E , 0 

10:33:02.613:
0x1C1C , 537 
0x2020 , 528 
0x3E3E , 539 
0x4D4D , 526 
0x6E6E , 510 

10:33:03.363:
0x1C1C , 537 
0x2020 , 522 
0x3E3E , 540 
0x4D4D , 526 
0x6E6E , 0 

10:33:04.129:
0x1C1C , 537 
0x2020 , 526 
0x3E3E , 541 
0x4D4D , 523 
0x6E6E , 513 

10:33:04.863:
0x1C1C , 535 
0x2020 , 
10:33:04.879:
528 
0x3E3E , 537 
0x4D4D , 525 
0x6E6E , 0 

10:33:05.645:
0x1C1C , 537 
0x2020 , 529 
0x3E3E , 540 
0x4D4D , 525 
0x6E6E , 515 

10:33:06.410:
0x1C1C , 536 
0x2020 , 525 
0x3E3E , 543 
0x4D4D , 525 
0x6E6E , 0 

10:33:07.191:
0x1C1C , 536 
0x2020 , 521 
0x3E3E , 538 
0x4D4D , 526 
0x6E6E , 513 

10:33:07.941:
0x1C1C , 534 
0x2020 ,
10:33:07.957:
 529 
0x3E3E , 538 
0x4D4D , 521 
0x6E6E , 0 

10:33:08.754:
0x1C1C , 537 
0x2020 , 526 
0x3E3E , 542 
0x4D4D , 523 
0x6E6E , 511 

10:33:09.535:
0x1C1C , 535 
0x2020 , 530 
0x3E3E , 543 
0x4D4D , 528 
0x6E6E , 0 

10:33:10.332:
0x1C1C , 536 
0x2020 , 529 
0x3E3E , 539 
0x4D4D , 525 
0x6E6E , 516 

10:33:12.021:
0x1C1C , 532 
0x2020 , 526 
0x3E3E , 542 
0x4D4D , 528 
0x6E6E , 510 

10:33:12.740:
0x1C1C , 534 

10:33:12.755:
0x2020 , 533 
0x3E3E , 542 
0x4D4D , 527 
0x6E6E , 0 

10:33:13.521:
0x1C1C , 537 
0x2020 , 526 
0x3E3E , 538 
0x4D4D , 522 
0x6E6E , 513 

10:33:14.271:
0x1C1C , 531 
0x2020 , 530 
0x3E3E , 539 
0x4D4D , 530 
0x6E6E , 0 

10:33:15.021:
0x1C1C , 530 
0x2020 , 530 
0x3E3E , 539 
0x4D4D , 526 
0x6E6E , 515 

10:33:15.771:
0x1C1C , 533 
0x
10:33:15.787:
2020 , 527 
0x3E3E , 540 
0x4D4D , 527 
0x6E6E , 0 

10:33:16.552:
0x1C1C , 532 
0x2020 , 526 
0x3E3E , 537 
0x4D4D , 523 
0x6E6E , 513 

10:33:17.318:
0x1C1C , 530 
0x2020 , 531 
0x3E3E , 539 
0x4D4D , 524 
0x6E6E , 0 

10:33:18.099:
0x1C1C , 532 
0x2020 , 525 
0x3E3E , 539 
0x4D4D , 525 
0x6E6E , 512 

10:33:18.849:
0x1C1C , 534 
0x2020 , 531 

10:33:18.865:
0x3E3E , 539 
0x4D4D , 525 
0x6E6E , 0 

10:33:19.662:
0x1C1C , 534 
0x2020 , 527 
0x3E3E , 539 
0x4D4D , 526 
0x6E6E , 512 

10:33:20.444:
0x1C1C , 534 
0x2020 , 528 
0x3E3E , 538 
0x4D4D , 525 
0x6E6E , 0 

10:33:21.241:
0x1C1C , 530 
0x2020 , 531 
0x3E3E , 537 
0x4D4D , 524 
0x6E6E , 508 

10:33:22.928:
0x1C1C , 533 
0x2020 , 522 
0x3E3E , 538 
0x4D4D , 525 
0x6E6E , 514 

10:33:23.647:
0x1C1C , 533 

10:33:23.663:
0x2020 , 524 
0x3E3E , 538 
0x4D4D , 526 
0x6E6E , 0 

10:33:24.428:
0x1C1C , 529 
0x2020 , 531 
0x3E3E , 539 
0x4D4D , 524 
0x6E6E , 512 

10:33:25.163:
0x1C1C , 533 
0x2020 , 527 
0x3E3E , 537 
0x4D4D , 526 
0x6E6E , 0 

10:33:25.975:
0x1C1C , 536 
0x2020 , 0 
0x3E3E , 0 
0x4D4D , 0 
0x6E6E , 0 

10:33:26.709:
0x1C1C , 0 
0x2020 , 524 
0x3E3E , 0 
0x4D4D , 522 
0x6E6E , 0 

10:33:27.459:
0x1C1C , 0 
0x2020 , 525 
0x3E3E , 0 
0x4D4D , 523 
0x6E6E , 507 

10:33:28.194:
0x1C1C , 529 
0x2020 , 529 
0x3E3E , 0 
0x4D4D , 5
10:33:28.209:
25 
0x6E6E , 0 

10:33:28.960:
0x1C1C , 534 
0x2020 , 525 
0x3E3E , 0 
0x4D4D , 528 
10:33:28.975:

0x6E6E , 508 

10:33:29.743:
0x1C1C , 533 
0x2020 , 526 
0x3E3E , 0 
0x4D4D , 522 
0x6E6E , 0 

10:33:30.508:
0x1C1C , 530 
0x2020 , 530 
0x3E3E , 0 
0x4D4D , 522 
0x6E6E , 511 

10:33:31.258:
0x1C1C , 533 
0x2020 , 528 
0x3E3E , 0 
0x4D4D , 522 

10:33:31.274:
0x6E6E , 0 

10:33:32.055:
0x1C1C , 531 
0x2020 , 523 
0x3E3E , 0 
0x4D4D , 522 
0x6E6E , 505 

10:33:55.669:
0x1C1C , 536 
10:33:55.685:

0x2020 , 531 
0x3E3E , 538 
0x4D4D , 526 
0x6E6E , 509 

10:33:56.435:
0x1C1C , 533 
0x2020 , 531 
0x3E3E , 541 
0x4D4D , 524 
0x6E6E , 0 

10:33:57.169:
0x1C1C , 536 
0x2
10:33:57.185:
020 , 532 
0x3E3E , 541 
0x4D4D , 528 
0x6E6E , 508 

10:33:58.794:
0x1C1C , 0 
0x2020 , 0 
0x3E3E , 0 
0x
10:33:58.810:
4D4D , 0 
0x6E6E , 0 

10:33:59.576:
0x1C1C , 532 
0x2020 , 533 
0x3E3E , 543 
0x4D4D , 523 
0x6E6E , 510 

10:34:00.310:
0x1C1C , 533 
0x2020
10:34:00.341:
 , 532 
0x3E3E , 541 
0x4D4D , 520 
0x6E6E , 0 

10:34:01.107:
0x1C1C , 535 
0x2020 , 530 
0x3E3E , 539 
0x4D4D , 530 
0x6E6E , 512 

10:34:01.873:
0x1C1C , 532 
0x2020 , 530 
0x3E3E , 540 
0x4D4D , 525 
0x6E6E , 0 

10:34:02.654:
0x1C1C , 533 
0x2020 , 534 
0x3E3E , 540 
0x4D4D , 527 
0x6E6E , 511 

10:34:03.404:
0x1C1C , 536 
0x2020 
10:34:03.419:
, 526 
0x3E3E , 544 
0x4D4D , 527 
0x6E6E , 0 

10:34:04.216:
0x1C1C , 532 
0x2020 , 525 
0x3E3E , 542 
0x4D4D , 526 
0x6E6E , 510 

10:34:04.998:
0x1C1C , 532 
0x2020 , 527 
0x3E3E , 539 
0x4D4D , 524 
0x6E6E , 0 

10:34:05.795:
0x1C1C , 535 
0x2020 , 530 
0x3E3E , 542 
0x4D4D , 522 
0x6E6E , 512 

10:34:07.483:
0x1C1C , 535 
0x2020 , 530 
0x3E3E , 537 
0x4D4D , 524 
0x6E6E , 514 

10:34:08.189:
0x1C1C , 536 

10:34:08.220:
0x2020 , 522 
0x3E3E , 542 
0x4D4D , 530 
0x6E6E , 0 

10:34:08.970:
0x1C1C , 533 
0x2020 , 530 
0x3E3E , 543 
0x4D4D , 529 
0x6E6E , 511 

10:34:09.720:
0x1C1C , 534 
0x2020 , 533 
0x3E3E , 540 
0x4D4D , 530 
0x6E6E , 0 

10:34:10.486:
0x1C1C , 538 
0x2020 , 534 
0x3E3E , 537 
0x4D4D , 530 
0x6E6E , 511 

10:34:11.220:
0x1C1C , 531 
0x202
10:34:11.236:
0 , 529 
0x3E3E , 543 
0x4D4D , 528 
0x6E6E , 0 

10:34:12.017:
0x1C1C , 533 
0x2020 , 529 
0x3E3E , 538 
0x4D4D , 524 
0x6E6E , 514 

10:34:12.752:
0x1C1C , 0 
0x2020 , 526 
0x3E3E , 542 
0x4D4D , 528 

10:34:12.767:
0x6E6E , 0 

10:34:13.548:
0x1C1C , 536 
0x2020 , 526 
0x3E3E , 537 
0x4D4D , 522 
0x6E6E , 511 

10:34:14.298:
0x1C1C , 537 
0x2020 , 526 
10:34:14.314:

0x3E3E , 542 
0x4D4D , 522 
0x6E6E , 0 

10:34:15.111:
0x1C1C , 535 
0x2020 , 527 
0x3E3E , 541 
0x4D4D , 520 
0x6E6E , 507 

10:34:15.892:
0x1C1C , 537 
0x2020 , 532 
0x3E3E , 536 
0x4D4D , 521 
0x6E6E , 0 

10:34:16.674:
0x1C1C , 532 
0x2020 , 527 
0x3E3E , 540 
0x4D4D , 525 
0x6E6E , 511 

10:34:18.333:
0x1C1C , 0 
0x2020 , 526 
10:34:18.348:

0x3E3E , 540 
0x4D4D , 517 
0x6E6E , 509 

10:34:19.036:
0x1C1C , 0 
0x2020 , 0 
0x3E3E , 0 
0x4D4D , 0 
0x6E6E , 0 

10:34:19.723:
0x1C1C , 0 
0
10:34:19.739:
x2020 , 0 
0x3E3E , 0 
0x4D4D , 0 
0x6E6E , 0 

10:34:20.458:
0x1C1C , 0 
0x2020 , 526 
0x3E3E , 0 
0x4D4D , 0 
0x6E6E , 0 

10:34:21.177:
0x1C1C , 0 
0x2020 , 528 
0x3E3E , 0 
0x4D4D , 0 
0x6E6E , 0 

10:34:21.911:
0x1C1C , 535 
0x2020 , 527 
10:34:21.927:

0x3E3E , 537 
0x4D4D , 526 
0x6E6E , 0 

10:34:22.708:
0x1C1C , 535 
0x2020 , 536 
0x3E3E , 542 
0x4D4D , 522 
0x6E6E , 509 

10:34:23.474:
0x1C1C , 532 
0x2020 , 528 
0x3E3E , 538 
0x4D4D , 520 
0x6E6E , 0 

10:34:24.255:
0x1C1C , 533 
0x2020 , 530 
0x3E3E , 542 
0x4D4D , 525 
0x6E6E , 507 

10:34:25.005:
0x1C1C , 534 
0x2020 , 
10:34:25.020:
528 
0x3E3E , 541 
0x4D4D , 524 
0x6E6E , 0 

10:34:25.817:
0x1C1C , 536 
0x2020 , 527 
0x3E3E , 541 
0x4D4D , 521 
0x6E6E , 504 

10:34:26.584:
0x1C1C , 531 
0x2020 , 525 
0x3E3E , 539 
0x4D4D , 524 
0x6E6E , 0 

10:34:27.380:
0x1C1C , 534 
0x2020 , 532 
0x3E3E , 537 
0x4D4D , 522 
0x6E6E , 507 

10:34:29.130:
0x1C1C , 529 
0x2020 , 526 
0x3E3E , 537 
0x4D4D , 522 
0x6E6E , 507 

10:34:29.849:
0x1C1C , 534 
0x20
10:34:29.865:
20 , 530 
0x3E3E , 539 
0x4D4D , 522 
0x6E6E , 0 

10:34:30.615:
0x1C1C , 536 
0x2020 , 529 
0x3E3E , 544 
0x4D4D , 523 
0x6E6E , 514 

10:34:31.365:
0x1C1C , 536 
0x2020 , 525 
0x3E3E , 540 
0x4D4D , 525 
0x6E6E , 0 

10:34:32.131:
0x1C1C , 531 
0x2020 , 528 
0x3E3E , 540 
0x4D4D , 524 
0x6E6E , 510 

10:34:32.865:
0x1C1C , 530 

10:34:32.880:
0x2020 , 527 
0x3E3E , 538 
0x4D4D , 524 
0x6E6E , 0 

10:34:33.662:
0x1C1C , 529 
0x2020 , 528 
0x3E3E , 541 
0x4D4D , 523 
0x6E6E , 503 

10:34:34.428:
0x1C1C , 529 
0x2020 , 531 
0x3E3E , 538 
0x4D4D , 525 
0x6E6E , 0 

10:34:35.209:
0x1C1C , 531 
0x2020 , 521 
0x3E3E , 539 
0x4D4D , 523 
0x6E6E , 501 

10:34:35.959:
0x1C1C , 537 
0x2020 ,
10:34:35.974:
 526 
0x3E3E , 541 
0x4D4D , 525 
0x6E6E , 0 

10:34:36.771:
0x1C1C , 531 
0x2020 , 532 
0x3E3E , 542 
0x4D4D , 523 
0x6E6E , 508 

10:34:37.553:
0x1C1C , 530 
0x2020 , 531 
0x3E3E , 538 
0x4D4D , 520 
0x6E6E , 0 

10:34:38.334:
0x1C1C , 530 
0x2020 , 523 
0x3E3E , 541 
0x4D4D , 522 
0x6E6E , 504 

10:34:40.037:
0x1C1C , 533 
0x2020 , 533 
0x3E3E , 538 
0x4D4D , 521 
0x6E6E , 504 

10:34:40.756:
0x1C1C , 535 
0x202
10:34:40.771:
0 , 528 
0x3E3E , 542 
0x4D4D , 520 
0x6E6E , 0 

10:34:41.521:
0x1C1C , 533 
0x2020 , 528 
0x3E3E , 541 
0x4D4D , 520 
0x6E6E , 502 

10:34:42.271:
0x1C1C , 531 
0x2020 , 526 
0x3E3E , 538 
0x4D4D , 525 
0x6E6E , 0 

10:34:43.037:
0x1C1C , 536 
0x2020 , 527 
0x3E3E , 541 
0x4D4D , 520 
0x6E6E , 508 

10:34:43.771:
0x1C1C , 530 
0x2020 ,
10:34:43.787:
 531 
0x3E3E , 541 
0x4D4D , 522 
0x6E6E , 0 

10:34:44.568:
0x1C1C , 533 
0x2020 , 530 
0x3E3E , 540 
0x4D4D , 522 
0x6E6E , 508 

10:34:45.928:
0x1C1C , 0 
0x2020 , 0 
0x3E3E , 0 
0x4D4D , 0 
0x6E6E
10:34:45.943:
 , 0 

10:34:46.725:
0x1C1C , 530 
0x2020 , 526 
0x3E3E , 540 
0x4D4D , 526 
0x6E6E , 512 

10:34:47.475:
0x1C1C , 532 
0x2020 , 526 
10:34:47.490:

0x3E3E , 537 
0x4D4D , 524 
0x6E6E , 0 

10:34:48.287:
0x1C1C , 535 
0x2020 , 522 
0x3E3E , 540 
0x4D4D , 523 
0x6E6E , 511 

10:34:49.053:
0x1C1C , 538 
0x2020 , 526 
0x3E3E , 541 
0x4D4D , 527 
0x6E6E , 0 

10:34:49.834:
0x1C1C , 0 
0x2020 , 524 
0x3E3E , 539 
0x4D4D , 522 

10:34:49.850:
0x6E6E , 513 

10:34:51.507:
0x1C1C , 537 
0x2020 , 529 
0x3E3E , 540 
0x4D4D , 531 
10:34:51.522:

0x6E6E , 515 

10:34:52.241:
0x1C1C , 533 

10:34:52.257:
0x2020 , 523 
0x3E3E , 537 
0x4D4D , 524 
0x6E6E , 0 

10:34:53.007:
0x1C1C , 0 
0x2020 , 531 
0x3E3E , 541 
0x4D4D , 525 
0x6E6E , 511 

10:34:53.725:
0x1C1C , 0 
0x2020 , 530 
0x3E3E , 539 
0x4D
10:34:53.741:
4D , 523 
0x6E6E , 0 

10:34:54.475:
0x1C1C , 0 
0x2020 , 527 
0x3E3E , 540 

10:34:54.491:
0x4D4D , 523 
0x6E6E , 507 

10:34:55.241:
0x1C1C , 0 
0x2020 , 527 
0x3E3E , 540 
0x4D4D , 523 
0x6E6E , 0 

10:34:56.008:
0x1C1C , 0 
0x2020 , 532 
0x3E3E , 538 
0x4D4D , 522 
0x6E6E , 506 

10:34:56.742:
0x1C1C , 0 
0x2020 , 527 
0x3E3E , 542 
0x4D4D , 528 
10:34:56.758:

0x6E6E , 0 

10:34:57.508:
0x1C1C , 0 
0x2020 , 527 
0x3E3E , 539 
0x4D4D , 527 
10:34:57.523:

0x6E6E , 515 

10:34:58.274:
0x1C1C , 529 
0x2020 ,
10:34:58.289:
 528 
0x3E3E , 540 
0x4D4D , 526 
0x6E6E , 0 

10:34:59.087:
0x1C1C , 541 
0x2020 , 523 
0x3E3E , 541 
0x4D4D , 525 
0x6E6E , 511 

10:34:59.853:
0x1C1C , 536 
0x2020 , 526 
0x3E3E , 540 
0x4D4D , 520 
0x6E6E , 0 

10:35:00.650:
0x1C1C , 533 
0x2020 , 529 
0x3E3E , 538 
0x4D4D , 519 
0x6E6E , 510 

10:35:02.400:
0x1C1C , 530 
0x2020 , 531 
0x3E3E , 540 
0x4D4D , 519 
0x6E6E , 506 

10:35:03.119:
0x1C1C , 529 
0x
10:35:03.134:
2020 , 528 
0x3E3E , 542 
0x4D4D , 521 
0x6E6E , 0 

10:35:03.900:
0x1C1C , 531 
0x2020 , 530 
0x3E3E , 540 
0x4D4D , 520 
0x6E6E , 504 

10:35:04.634:
0x1C1C , 529 
0x2020 , 532 
0x3E3E , 537 
0x4D4D , 519 
0x6E6E , 0 

10:35:05.400:
0x1C1C , 526 
0x2020 , 530 
0x3E3E , 541 
0x4D4D , 519 
0x6E6E , 509 

10:35:06.134:
0x1C1C , 533 
0x2020 ,
10:35:06.150:
 530 
0x3E3E , 539 
0x4D4D , 518 
0x6E6E , 0 

10:35:06.931:
0x1C1C , 529 
0x2020 , 531 
0x3E3E , 541 
0x4D4D , 517 
0x6E6E , 508 

10:35:07.697:
0x1C1C , 532 
0x2020 , 532 
0x3E3E , 540 
0x4D4D , 518 
0x6E6E , 0 

10:35:08.478:
0x1C1C , 535 
0x2020 , 530 
0x3E3E , 540 
0x4D4D , 521 
0x6E6E , 503 

10:35:09.228:
0x1C1C , 531 
0x2020
10:35:09.244:
 , 534 
0x3E3E , 545 
0x4D4D , 517 
0x6E6E , 0 

10:35:10.041:
0x1C1C , 531 
0x2020 , 534 
0x3E3E , 539 
0x4D4D , 521 
0x6E6E , 509 

10:35:10.822:
0x1C1C , 531 
0x2020 , 528 
0x3E3E , 543 
0x4D4D , 519 
0x6E6E , 0 

10:35:11.619:
0x1C1C , 532 
0x2020 , 526 
0x3E3E , 540 
0x4D4D , 521 
0x6E6E , 506 

10:35:13.353:
0x1C1C , 533 
0x2020 , 532 
0x3E3E , 540 
0x4D4D , 518 
0x6E6E , 508 

10:35:14.072:
0x1C1C , 531 

10:35:14.088:
0x2020 , 527 
0x3E3E , 538 
0x4D4D , 522 
0x6E6E , 0 

10:35:14.853:
0x1C1C , 530 
0x2020 , 532 
0x3E3E , 540 
0x4D4D , 519 
0x6E6E , 499 

10:35:15.603:
0x1C1C , 534 
0x2020 , 531 
0x3E3E , 540 
0x4D4D , 522 
0x6E6E , 0 

10:35:16.353:
0x1C1C , 526 
0x2020 , 530 
0x3E3E , 539 
0x4D4D , 518 
0x6E6E , 504 

10:35:17.103:
0x1C1C , 533 
0x2020 
10:35:17.119:
, 531 
0x3E3E , 542 
0x4D4D , 514 
0x6E6E , 0 

10:35:17.885:
0x1C1C , 529 
0x2020 , 531 
0x3E3E , 537 
0x4D4D , 520 
0x6E6E , 507 

10:35:18.650:
0x1C1C , 530 
0x2020 , 530 
0x3E3E , 543 
0x4D4D , 517 
0x6E6E , 0 

10:35:19.431:
0x1C1C , 531 
0x2020 , 526 
0x3E3E , 540 
0x4D4D , 515 
0x6E6E , 509 

10:35:20.181:
0x1C1C , 528 
0x2020 , 532 
10:35:20.197:

0x3E3E , 543 
0x4D4D , 520 
0x6E6E , 0 

10:35:20.994:
0x1C1C , 530 
0x2020 , 532 
0x3E3E , 541 
0x4D4D , 518 
0x6E6E , 504 

10:35:21.775:
0x1C1C , 531 
0x2020 , 530 
0x3E3E , 543 
0x4D4D , 520 
0x6E6E , 0 

10:35:22.572:
0x1C1C , 530 
0x2020 , 535 
0x3E3E , 539 
0x4D4D , 520 
0x6E6E , 508 

10:35:24.307:
0x1C1C , 532 
0x2020 , 527 
0x3E3E , 542 
0x4D4D , 522 
0x6E6E , 506 

10:35:25.025:
0x1C1C , 535 
0x2
10:35:25.041:
020 , 530 
0x3E3E , 539 
0x4D4D , 520 
0x6E6E , 0 

10:35:25.807:
0x1C1C , 531 
0x2020 , 529 
0x3E3E , 544 
0x4D4D , 520 
0x6E6E , 507 

10:35:26.557:
0x1C1C , 530 
0x2020 , 531 
0x3E3E , 540 
0x4D4D , 522 
0x6E6E , 0 

10:35:27.322:
0x1C1C , 530 
0x2020 , 533 
0x3E3E , 539 
0x4D4D , 521 
0x6E6E , 507 

10:35:28.057:
0x1C1C , 529 
0x202
10:35:28.072:
0 , 534 
0x3E3E , 542 
0x4D4D , 518 
0x6E6E , 0 

10:35:28.838:
0x1C1C , 530 
0x2020 , 531 
0x3E3E , 542 
0x4D4D , 522 
0x6E6E , 508 

10:35:29.603:
0x1C1C , 531 
0x2020 , 533 
0x3E3E , 541 
0x4D4D , 520 
0x6E6E , 0 

10:35:30.385:
0x1C1C , 532 
0x2020 , 531 
0x3E3E , 540 
0x4D4D , 520 
0x6E6E , 501 

10:35:31.135:
0x1C1C , 531 
0x2020 , 530 

10:35:31.150:
0x3E3E , 537 
0x4D4D , 521 
0x6E6E , 0 

10:35:31.947:
0x1C1C , 530 
0x2020 , 527 
0x3E3E , 542 
0x4D4D , 522 
0x6E6E , 507 

10:35:32.729:
0x1C1C , 530 
0x2020 , 524 
0x3E3E , 540 
0x4D4D , 521 
0x6E6E , 0 

10:35:33.525:
0x1C1C , 530 
0x2020 , 531 
0x3E3E , 543 
0x4D4D , 523 
0x6E6E , 510 

10:35:35.213:
0x1C1C , 534 
0x2020 , 532 
0x3E3E , 541 
0x4D4D , 516 
0x6E6E , 506 

10:35:35.932:
0x1C1C , 535 
0x
10:35:35.947:
2020 , 529 
0x3E3E , 544 
0x4D4D , 520 
0x6E6E , 0 

10:35:36.713:
0x1C1C , 529 
0x2020 , 527 
0x3E3E , 540 
0x4D4D , 518 
0x6E6E , 507 

10:35:37.463:
0x1C1C , 531 
0x2020 , 527 
0x3E3E , 540 
0x4D4D , 521 
0x6E6E , 0 

10:35:38.213:
0x1C1C , 530 
0x2020 , 528 
0x3E3E , 540 
0x4D4D , 519 
0x6E6E , 508 

10:35:38.963:
0x1C1C , 530 
0x202
10:35:38.979:
0 , 535 
0x3E3E , 543 
0x4D4D , 522 
0x6E6E , 0 

10:35:39.744:
0x1C1C , 531 
0x2020 , 533 
0x3E3E , 540 
0x4D4D , 522 
0x6E6E , 507 

10:35:40.510:
0x1C1C , 528 
0x2020 , 528 
0x3E3E , 537 
0x4D4D , 519 
0x6E6E , 0 

10:35:41.291:
0x1C1C , 531 
0x2020 , 528 
0x3E3E , 539 
0x4D4D , 520 
0x6E6E , 507 

10:35:42.041:
0x1C1C , 538 
0x2020 , 523
10:35:42.057:
 
0x3E3E , 540 
0x4D4D , 522 
0x6E6E , 0 

10:35:42.854:
0x1C1C , 534 
0x2020 , 526 
0x3E3E , 538 
0x4D4D , 518 
0x6E6E , 513 

10:35:43.635:
0x1C1C , 532 
0x2020 , 522 
0x3E3E , 539 
0x4D4D , 526 
0x6E6E , 0 

10:35:44.432:
0x1C1C , 536 
0x2020 , 531 
0x3E3E , 538 
0x4D4D , 524 
0x6E6E , 505 

10:35:46.119:
0x1C1C , 536 
0x2020 , 528 
0x3E3E , 540 
0x4D4D , 522 
0x6E6E , 522 

10:35:46.838:
0x1C1C , 534 

10:35:46.854:
0x2020 , 532 
0x3E3E , 538 
0x4D4D , 529 
0x6E6E , 0 

10:35:47.619:
0x1C1C , 534 
0x2020 , 530 
0x3E3E , 542 
0x4D4D , 521 
0x6E6E , 514 

10:35:48.354:
0x1C1C , 534 
0x2020 , 523 
0x3E3E , 537 
0x4D4D , 522 
0x6E6E , 0 

10:35:49.119:
0x1C1C , 534 
0x2020 , 528 
0x3E3E , 541 
0x4D4D , 525 
0x6E6E , 514 

10:35:49.854:
0x1C1C , 537 
0x202
10:35:49.885:
0 , 526 
0x3E3E , 538 
0x4D4D , 523 
0x6E6E , 0 

10:35:50.651:
0x1C1C , 536 
0x2020 , 528 
0x3E3E , 541 
0x4D4D , 523 
0x6E6E , 511 

10:35:51.416:
0x1C1C , 534 
0x2020 , 526 
0x3E3E , 537 
0x4D4D , 522 
0x6E6E , 0 

10:35:52.197:
0x1C1C , 536 
0x2020 , 526 
0x3E3E , 539 
0x4D4D , 527 
0x6E6E , 514 

10:35:52.948:
0x1C1C , 532 
0x2020 , 529 
10:35:52.963:

0x3E3E , 537 
0x4D4D , 528 
0x6E6E , 0 

10:35:53.760:
0x1C1C , 537 
0x2020 , 523 
0x3E3E , 542 
0x4D4D , 524 
0x6E6E , 509 

10:35:54.541:
0x1C1C , 533 
0x2020 , 531 
0x3E3E , 539 
0x4D4D , 526 
0x6E6E , 0 

10:35:55.323:
0x1C1C , 537 
0x2020 , 527 
0x3E3E , 539 
0x4D4D , 524 
0x6E6E , 510 

10:35:57.073:
0x1C1C , 533 
0x2020 , 528 
0x3E3E , 538 
0x4D4D , 521 
0x6E6E , 505 

10:35:57.791:
0x1C1C , 534 

10:35:57.807:
0x2020 , 531 
0x3E3E , 540 
0x4D4D , 523 
0x6E6E , 0 

10:35:58.573:
0x1C1C , 541 
0x2020 , 527 
0x3E3E , 541 
0x4D4D , 522 
0x6E6E , 508 

10:35:59.323:
0x1C1C , 538 
0x2020 , 528 
0x3E3E , 538 
0x4D4D , 523 
0x6E6E , 0 

10:36:00.073:
0x1C1C , 533 
0x2020 , 529 
0x3E3E , 540 
0x4D4D , 522 
0x6E6E , 513 

10:36:00.823:
0x1C1C , 529 
0x2
10:36:00.838:
020 , 529 
0x3E3E , 539 
0x4D4D , 528 
0x6E6E , 0 

10:36:01.604:
0x1C1C , 526 
0x2020 , 531 
0x3E3E , 540 
0x4D4D , 518 
0x6E6E , 511 

10:36:02.370:
0x1C1C , 525 
0x2020 , 528 
0x3E3E , 539 
0x4D4D , 520 
0x6E6E , 0 

10:36:03.151:
0x1C1C , 531 
0x2020 , 528 
0x3E3E , 538 
0x4D4D , 518 
0x6E6E , 513 

10:36:03.901:
0x1C1C , 527 
0x2020 , 528 
10:36:03.916:

0x3E3E , 540 
0x4D4D , 524 
0x6E6E , 0 

10:36:04.713:
0x1C1C , 528 
0x2020 , 529 
0x3E3E , 537 
0x4D4D , 522 
0x6E6E , 509 

10:36:05.495:
0x1C1C , 527 
0x2020 , 528 
0x3E3E , 538 
0x4D4D , 524 
0x6E6E , 0 

10:36:06.291:
0x1C1C , 535 
0x2020 , 525 
0x3E3E , 538 
0x4D4D , 524 
0x6E6E , 512 
