10:37:56.587:
0x1C1C ,
10:37:56.603:
 535 
0x2020 , 530 
0x3E3E , 540 
0x4D4D , 522 
0x6E6E , 0 

10:37:57.337:
0x1C1C , 533 
0x2020 , 531 
0x3E3E , 536 
0x4D4D , 516 

10:37:57.353:
0x6E6E , 507 

10:37:58.103:
0x1C1C , 532 
0x2020 , 529 
0x3E3E , 538 
0x4D4D , 524 
0x6E6E , 0 

10:37:58.869:
0x1C1C , 533 
0x2020 , 527 
0x3E3E , 536 
0x4D4D , 521 
0x6E6E , 511 

10:37:59.603:
0x1C1C , 536 
0x2020 , 529 
0x3E3E , 539 
0x4D
10:37:59.619:
4D , 525 
0x6E6E , 0 

10:38:00.369:
0x1C1C , 533 
0x2020 , 530 
0x3E3E , 539 
0x
10:38:00.384:
4D4D , 521 
0x6E6E , 507 

10:38:01.150:
0x1C1C , 533 
0x2020 , 522 
0x3E3E , 538 
0x4D4D , 518 
0x6E6E , 0 

10:38:01.915:
0x1C1C , 532 
0x2020 , 527 
0x3E3E , 536 
0x4D4D , 521 
0x6E6E , 514 

10:38:02.665:
0x1C1C , 540 
0x2020 , 524 
0x3E3E , 534 
0x4D4D , 525 

10:38:02.681:
0x6E6E , 0 

10:38:03.447:
0x1C1C , 528 
0x2020 , 528 
0x3E3E , 537 
0x4D4D , 517 

10:38:03.478:
0x6E6E , 507 

10:38:04.244:
0x1C1C , 534 
0x2020 , 528 
0x3E3E , 536 
0x4D4D , 518 
0x6E6E , 0 

10:38:05.009:
0
10:38:05.041:
x1C1C , 536 
0x2020 , 532 
0x3E3E , 536 
0x4D4D , 515 
0x6E6E , 502 

10:38:05.822:
0x1C1C , 541 
0x2020 , 530 
0x3E3E , 538 
0x4D4D , 520 
0x6E6E , 0 

10:38:07.525:
0x1C1C , 535 
0x2020 , 533 
0x3E3E , 539 
0x4D4
10:38:07.541:
D , 521 
0x6E6E , 0 

10:38:08.275:
0x1C1C , 537 
0x2020 , 533 
0x3E3E , 542 
0x4
10:38:08.306:
D4D , 520 
0x6E6E , 501 

10:38:09.041:
0x1C1C , 539 
0x2020 , 533 
0x3E3E , 539 
0x4D4D , 521 
0x6E6E , 0 

10:38:09.806:
0x1C1C , 537 
0x2020 , 528 
0x3E3E , 537 
0x4D4D , 522 
0x6E6E , 508 

10:38:10.541:
0x1C1C , 531 
0x2020 , 536 
0x3E3E , 538 
0x4D4
10:38:10.556:
D , 516 
0x6E6E , 0 

10:38:11.306:
0x1C1C , 536 
0x2020 , 536 
0x3E3E , 539 
0x4
10:38:11.322:
D4D , 520 
0x6E6E , 503 

10:38:12.088:
0x1C1C , 535 
0x2020 , 532 
0x3E3E , 541 
0x4D4D , 518 
0x6E6E , 0 

10:38:12.853:
0x1C1C , 530 
0x2020 , 535 
0x3E3E , 536 
0x4D4D , 519 
0x6E6E , 504 

10:38:14.994:
0x1C1C , 534 
0x2020 , 
10:38:15.009:
533 
0x3E3E , 540 
0x4D4D , 518 
0x6E6E , 509 

10:38:15.791:
0x1C1C , 529 
0x2020 , 541 
0x3E3E , 538 
0x4D4D , 517 
0x6E6E , 0 

10:38:16.556:
0x
10:38:16.572:
1C1C , 534 
0x2020 , 528 
0x3E3E , 539 
0x4D4D , 518 
0x6E6E , 508 

10:38:17.338:
0x1C1C , 535 
0x2020 , 528 
0x3E3E , 540 
0x4D4D , 517 

10:38:17.353:
0x6E6E , 0 

10:38:19.681:
0x1C1C , 0 
0x2020 , 0 

10:38:19.697:
0x3E3E , 0 
0x4D4D , 0 
0x6E6E , 0 

10:38:20.431:
0x1C1C , 533 
0x2020 , 530 

10:38:20.447:
0x3E3E , 542 
0x4D4D , 516 
0x6E6E , 507 

10:38:21.197:
0x1C1C , 528 
0x2020 , 538 
0x3E3E , 538 
0x4D4D , 516 
0x6E6E , 0 

10:38:21.947:
0x1C1C , 532 
0x2020 , 529 
0x3E3E , 537 
0x4D4D , 522 
0x6E6E , 507 

10:38:22.697:
0x1C1C , 540 
0x2020 , 529 
0x3E3E , 539 
0x4D4D ,
10:38:22.713:
 528 
0x6E6E , 0 

10:38:23.447:
0x1C1C , 543 

10:38:23.463:
0x2020 , 530 
0x3E3E , 535 
0x4D4D , 0 
0x6E6E , 512 

10:38:24.197:
0x1C1C , 539 
0x2020 , 531 
0x3E3E , 0 

10:38:24.213:
0x4D4D , 573 
0x6E6E , 0 

10:38:24.994:
0x1C1C , 537 
0x2020 , 525 
0x3E3E , 535 
0x4D4D , 573 
0x6E6E , 511 

10:38:25.744:
0x1C1C , 548 
0x2020 , 524 
0x3E3E , 524 
0x4D4D , 568 

10:38:25.760:
0x6E6E , 0 

10:38:26.510:
0x1C1C , 538 
0x2020 , 530 

10:38:26.525:
0x3E3E , 0 
0x4D4D , 565 
0x6E6E , 510 

10:38:27.306:
0x1C1C , 539 
0x2020 , 524 
0x3E3E , 531 
0x4D4D , 570 
0x6E6E , 0 

10:38:28.088:
0x1C1C , 540 
0x2020 , 524 
0x3E3E , 536 
0x4D4D , 558 
0x6E6E , 508 

10:38:28.869:
0x1C1C , 535 
0x2020 , 528 
0x3E3E , 535 
0x4D4D , 568 
0x6E6E , 0 

10:38:30.588:
0x1C1C , 541 
0x2020 , 522 
0x3E3E , 533 

10:38:30.603:
0x4D4D , 574 
0x6E6E , 0 

10:38:31.338:
0x1C1C , 541 
0x2020 , 529 
0x3E3E , 534 

10:38:31.353:
0x4D4D , 564 
0x6E6E , 508 

10:38:32.103:
0x1C1C , 535 
0x2020 , 528 
0x3E3E , 531 
0x4D4D , 568 
0x6E6E , 0 

10:38:32.853:
0x1C1C , 539 
0x2020 , 524 
0x3E3E , 537 
0x4D4D , 568 
0x6E6E , 513 

10:38:33.603:
0x1C1C , 536 
0x2020 , 524 
0x3E3E , 533 
0x4D4D , 5
10:38:33.619:
69 
0x6E6E , 0 

10:38:34.369:
0x1C1C , 537 
0x2020 , 524 
0x3E3E , 534 
0x4D4D , 56
10:38:34.385:
6 
0x6E6E , 516 

10:38:35.135:
0x1C1C , 537 
0x2020 , 528 
0x3E3E , 537 
0x4D4D , 568 
0x6E6E , 0 

10:38:35.916:
0x1C1C , 537 
0x2020 , 529 
0x3E3E , 534 
0x4D4D , 569 
0x6E6E , 513 

10:38:36.666:
0x1C1C , 534 
0x2020 , 527 
0x3E3E , 537 
0x4D4D , 568 
10:38:36.682:

0x6E6E , 0 

10:38:37.463:
0x1C1C , 538 
0x2020 , 533 
0x3E3E , 538 
0x4D4D , 576 
0x6E6E , 511 

10:38:38.244:
0x1C1C , 537 
0x2020 , 528 
0x3E3E , 533 
0x4D4D , 561 
0x6E6E , 0 

10:38:39.041:
0x1C1C , 533 
0x2020 , 527 
0x3E3E , 534 
0x4D4D , 568 
0x6E6E , 508 

10:38:39.822:
0x1C1C , 535 
0x2020 , 530 
0x3E3E , 539 
0x4D4D , 558 
0x6E6E , 0 

10:38:41.525:
0x1C1C , 542 
0x2020 , 522 
0x3E3E , 533 
0x4D
10:38:41.541:
4D , 576 
0x6E6E , 0 

10:38:42.275:
0x1C1C , 534 
0x2020 , 530 
0x3E3E , 537 
0
10:38:42.291:
x4D4D , 555 
0x6E6E , 504 

10:38:43.041:
0x1C1C , 537 
0x2020 , 529 
0x3E3E , 537 
0x4D4D , 561 
0x6E6E , 0 

10:38:43.807:
0x1C1C , 532 
0x2020 , 528 
0x3E3E , 534 
0x4D4D , 567 
0x6E6E , 505 

10:38:44.541:
0x1C1C , 536 
0x2020 , 530 
0x3E3E , 529 
0x4D4D , 56
10:38:44.557:
2 
0x6E6E , 0 

10:38:45.307:
0x1C1C , 537 
0x2020 , 530 
0x3E3E , 539 
0x4D4D 
10:38:45.322:
, 560 
0x6E6E , 515 

10:38:46.088:
0x1C1C , 537 
0x2020 , 529 
0x3E3E , 532 
0x4D4D , 560 
0x6E6E , 0 

10:38:46.854:
0x1C1C , 538 
0x2020 , 530 
0x3E3E , 537 
0x4D4D , 567 
0x6E6E , 510 

10:38:47.604:
0x1C1C , 538 
0x2020 , 525 
0x3E3E , 534 
0x4D4D 
10:38:47.619:
, 563 
0x6E6E , 0 

10:38:48.401:
0x1C1C , 539 
0x2020 , 525 
0x3E3E , 531 
0x4D4D , 575
10:38:48.416:
 
0x6E6E , 510 

10:38:49.182:
0x1C1C , 540 
0x2020 , 525 
0x3E3E , 536 
0x4D4D , 565 
0x6E6E , 0 

10:38:49.979:
0x1C1C , 536 
0x2020 , 527 
0x3E3E , 531 
0x4D4D , 566 
0x6E6E , 513 

10:38:50.760:
0x1C1C , 535 
0x2020 , 526 
0x3E3E , 529 
0x4D4D , 569 
0x6E6E , 0 

10:38:53.072:
0x1C1C , 535 
0x
10:38:53.088:
2020 , 526 
0x3E3E , 535 
0x4D4D , 570 
0x6E6E , 508 

10:38:53.838:
0x1C1C , 537 
0x2020 , 524 
0x3E3E , 533 
0x4D4D , 574 
0x6E6E , 0 

10:38:54.572:
0x1C1C , 541 
0x2020 
10:38:54.588:
, 524 
0x3E3E , 534 
0x4D4D , 563 
0x6E6E , 512 

10:38:55.322:
0x1C1C , 542 
0x2020 , 524 
0x3E3E , 531 
0x4
10:38:55.338:
D4D , 567 
0x6E6E , 0 

10:38:56.104:
0x1C1C , 536 
0x2020 , 532 
0x3E3E , 535 
0x4D4D , 563 
0x6E6E , 512 

10:38:56.838:
0x1C1C , 540 
0
10:38:56.854:
x2020 , 520 
0x3E3E , 530 
0x4D4D , 563 
0x6E6E , 0 

10:38:57.635:
0x1C1C , 537 
0x2020 , 525 
0x3E3E , 531 
0x4D4D , 563 
0x6E6E , 511 

10:38:58.401:
0x1C1C , 538 
0x2020 , 526 
0x3E3E , 530 
0x4D4D , 566 
0x6E6E , 0 

10:38:59.182:
0x1C1C , 538 
0x2020 , 530 
0x3E3E , 531 
0x4D4D , 561 
0x6E6E , 510 

10:39:00.573:
0x1C1C , 0 
0x2020 , 0 
0x3E3E , 0 
0x4D4D , 0 
0x6E6E , 0 

10:39:01.354:
0x1C1C , 538 
0x2020 , 525 
0x3E3E , 53
10:39:01.369:
2 
0x4D4D , 566 
0x6E6E , 510 

10:39:02.151:
0x1C1C , 538 
0x2020 , 526 
0x3E3E , 531 
0x4D4D , 569 
0x6E6E , 0 

10:39:02.948:
0x1C1C , 543 
0x2020 , 528 
0x3E3E , 533 
0x4D4D , 565 
0x6E6E , 511 

10:39:04.635:
0x1C1C , 533 
0x2020 , 526 
0x3E3E , 531 
0x4D4D , 563 
0x6E6E , 509 

10:39:05.354:
0x1C1C , 538 
0x2020 , 
10:39:05.369:
531 
0x3E3E , 533 
0x4D4D , 568 
0x6E6E , 0 

10:39:06.120:
0x1C1C , 538 
0x2020 , 526 
0x3E3E , 530 
0x4D4D , 575 
0x6E6E , 511 

10:39:06.869:
0x1C1C , 533 
0x2020 , 530 
0x3E3E , 531 
0x4D4D , 564 
0x6E6E , 0 

10:39:07.635:
0x1C1C , 538 
0x2020 , 526 
0x3E3E , 530 
0x4D4D , 564 
0x6E6E , 507 

10:39:08.370:
0x1C1C , 537 
0x20
10:39:08.385:
20 , 523 
0x3E3E , 525 
0x4D4D , 568 
0x6E6E , 0 

10:39:09.166:
0x1C1C , 535 
0x2020 , 522 
0x3E3E , 534 
0x4D4D , 564 
0x6E6E , 509 

10:39:09.932:
0x1C1C , 533 
0x2020 , 524 
0x3E3E , 531 
0x4D4D , 566 
0x6E6E , 0 

10:39:10.713:
0x1C1C , 535 
0x2020 , 522 
0x3E3E , 530 
0x4D4D , 565 
0x6E6E , 507 

10:39:11.463:
0x1C1C , 539 
0x2020 , 530
10:39:11.479:
 
0x3E3E , 529 
0x4D4D , 572 
0x6E6E , 0 

10:39:12.260:
0x1C1C , 535 
0x2020 , 527 
0x3E3E , 529 
0x4D4D , 573 
0x6E6E , 509 

10:39:13.041:
0x1C1C , 542 
0x2020 , 527 
0x3E3E , 530 
0x4D4D , 575 
0x6E6E , 0 

10:39:13.838:
0x1C1C , 537 
0x2020 , 522 
0x3E3E , 528 
0x4D4D , 568 
0x6E6E , 509 

10:39:15.526:
0x1C1C , 535 
0x2020 , 531 
0x3E3E , 529 
0x4D4D , 566 
0x6E6E , 508 

10:39:16.245:
0x1C1C , 538 
0x20
10:39:16.260:
20 , 524 
0x3E3E , 529 
0x4D4D , 573 
0x6E6E , 0 

10:39:17.026:
0x1C1C , 542 
0x2020 , 525 
0x3E3E , 530 
0x4D4D , 566 
0x6E6E , 506 

10:39:17.776:
0x1C1C , 538 
0x2020 , 527 
0x3E3E , 531 
0x4D4D , 570 
0x6E6E , 0 

10:39:18.542:
0x1C1C , 538 
0x2020 , 529 
0x3E3E , 533 
0x4D4D , 568 
0x6E6E , 509 

10:39:19.276:
0x1C1C , 541 
0x2020
10:39:19.292:
 , 528 
0x3E3E , 528 
0x4D4D , 572 
0x6E6E , 0 

10:39:20.073:
0x1C1C , 538 
0x2020 , 524 
0x3E3E , 529 
0x4D4D , 571 
0x6E6E , 512 

10:39:20.838:
0x1C1C , 536 
0x2020 , 527 
0x3E3E , 532 
0x4D4D , 556 
0x6E6E , 0 

10:39:21.604:
0x1C1C , 536 
0x2020 , 525 
0x3E3E , 526 
0x4D4D , 565 
0x6E6E , 510 

10:39:22.354:
0x1C1C , 534 
0x2020 , 
10:39:22.370:
526 
0x3E3E , 530 
0x4D4D , 572 
0x6E6E , 0 

10:39:23.151:
0x1C1C , 537 
0x2020 , 529 
0x3E3E , 0 
0x4D4D , 574 
0x6E6E , 512 

10:39:23.932:
0x1C1C , 537 
0x2020 , 530 
0x3E3E , 531 
0x4D4D , 576 
0x6E6E , 0 

10:39:24.729:
0x1C1C , 535 
0x2020 , 521 
0x3E3E , 530 
0x4D4D , 569 
0x6E6E , 510 

10:39:26.401:
0x1C1C , 537 
0x2020 , 525 
0x3E3E , 0 
0x4D4D , 572 
0x6E6E , 511 

10:39:27.776:
0x1C1C , 0 
0x2020 , 0 
0x3E3E , 0 
0x4D4D , 0 
0x6E6E , 0 

10:39:28.510:
0x1C1C , 541 
0x2020 , 522 
0x3
10:39:28.526:
E3E , 532 
0x4D4D , 575 
0x6E6E , 513 

10:39:29.260:
0x1C1C , 530 
0x2020 , 527 
0x3E3E , 526 
0x4D4D , 567 

10:39:29.292:
0x6E6E , 0 

10:39:30.042:
0x1C1C , 531 
0x2020 , 528 
0x3E3E , 533 
0x4D4D , 563 
0x6E6E , 509 

10:39:30.776:
0x1C1C , 533 
0x
10:39:30.792:
2020 , 524 
0x3E3E , 529 
0x4D4D , 581 
0x6E6E , 0 

10:39:31.573:
0x1C1C , 534 
0x2020 , 526 
0x3E3E , 528 
0x4D4D , 575 
0x6E6E , 511 

10:39:32.339:
0x1C1C , 533 
0x2020 , 523 
0x3E3E , 528 
0x4D4D , 565 
0x6E6E , 0 

10:39:33.120:
0x1C1C , 534 
0x2020 , 528 
0x3E3E , 532 
0x4D4D , 566 
0x6E6E , 507 

10:39:33.870:
0x1C1C , 531 
0x2020 , 52
10:39:33.885:
6 
0x3E3E , 531 
0x4D4D , 567 
0x6E6E , 0 

10:39:34.682:
0x1C1C , 533 
0x2020 , 527 
0x3E3E , 526 
0x4D4D , 567 
0x6E6E , 508 

10:39:35.464:
0x1C1C , 539 
0x2020 , 528 
0x3E3E , 533 
0x4D4D , 560 
0x6E6E , 0 

10:39:36.261:
0x1C1C , 535 
0x2020 , 529 
0x3E3E , 534 
0x4D4D , 555 
0x6E6E , 505 

10:39:37.948:
0x1C1C , 534 
0x2020 , 529 
0x3E3E , 528 
0x4D4D , 568 
0x6E6E , 509 

10:39:38.667:
0x1C1C , 532 
10:39:38.682:

0x2020 , 533 
0x3E3E , 533 
0x4D4D , 568 
0x6E6E , 0 

10:39:39.448:
0x1C1C , 531 
0x2020 , 532 
0x3E3E , 535 
0x4D4D , 569 
0x6E6E , 512 

10:39:40.182:
0x1C1C , 527 
0x2020 , 529 
0x3E3E , 536 
0x4D4D , 570 
0x6E6E , 0 

10:39:40.948:
0x1C1C , 534 
0x2020 , 531 
0x3E3E , 534 
0x4D4D , 564 
0x6E6E , 509 

10:39:41.682:
0x1C1C , 531 
0x
10:39:41.698:
2020 , 533 
0x3E3E , 534 
0x4D4D , 568 
0x6E6E , 0 

10:39:42.479:
0x1C1C , 525 
0x2020 , 532 
0x3E3E , 537 
0x4D4D , 552 
0x6E6E , 506 

10:39:43.245:
0x1C1C , 527 
0x2020 , 530 
0x3E3E , 535 
0x4D4D , 560 
0x6E6E , 0 

10:39:44.026:
0x1C1C , 532 
0x2020 , 533 
0x3E3E , 532 
0x4D4D , 564 
0x6E6E , 501 

10:39:44.776:
0x1C1C , 530 
0x2
10:39:44.792:
020 , 531 
0x3E3E , 537 
0x4D4D , 562 
0x6E6E , 0 

10:39:45.589:
0x1C1C , 527 
0x2020 , 530 
0x3E3E , 534 
0x4D4D , 562 
0x6E6E , 507 

10:39:46.370:
0x1C1C , 526 
0x2020 , 531 
0x3E3E , 536 
0x4D4D , 557 
0x6E6E , 0 

10:39:47.167:
0x1C1C , 532 
0x2020 , 531 
0x3E3E , 533 
0x4D4D , 567 
0x6E6E , 508 

10:39:48.854:
0x1C1C , 529 
0x2020 , 532 
0x3E3E , 537 
0x4D4D , 572 
0x6E6E , 512 

10:39:49.573:
0x1C1C , 530 
0x2020 ,
10:39:49.589:
 531 
0x3E3E , 534 
0x4D4D , 568 
0x6E6E , 0 

10:39:50.339:
0x1C1C , 529 
0x2020 , 529 
0x3E3E , 536 
0x4D4D , 561 
0x6E6E , 508 

10:39:51.089:
0x1C1C , 530 
0x2020 , 532 
0x3E3E , 537 
0x4D4D , 554 
0x6E6E , 0 

10:39:51.854:
0x1C1C , 529 
0x2020 , 537 
0x3E3E , 530 
0x4D4D , 561 
0x6E6E , 508 

10:39:52.589:
0x1C1C , 527 
0x
10:39:52.604:
2020 , 532 
0x3E3E , 534 
0x4D4D , 556 
0x6E6E , 0 

10:39:54.370:
0x1C1C , 534 
0x2020 , 529 
0x3E3E , 534 
0x4D4D , 576 
0x6E6E , 0 

10:39:55.151:
0x1C1C , 529 
0x2020 , 532 
0x3E3E , 536 
0x4D4D , 565 
0x6E6E , 509 

10:39:55.901:
0x1C1C , 533 
0x2020 , 53
10:39:55.917:
5 
0x3E3E , 532 
0x4D4D , 569 
0x6E6E , 0 

10:39:56.714:
0x1C1C , 534 
0x2020 , 537 
0x3E3E , 535 
0x4D4D , 573 
0x6E6E , 510 

10:39:57.495:
0x1C1C , 532 
0x2020 , 530 
0x3E3E , 537 
0x4D4D , 571 
0x6E6E , 0 

10:39:58.292:
0x1C1C , 530 
0x2020 , 530 
0x3E3E , 536 
0x4D4D , 565 
0x6E6E , 511 

10:39:59.980:
0x1C1C , 532 
0x2020 , 534 
0x3E3E , 540 
0x4D4D , 557 
0x6E6E , 511 

10:40:00.698:
0x1C1C , 533 

10:40:00.714:
0x2020 , 534 
0x3E3E , 538 
0x4D4D , 565 
0x6E6E , 0 

10:40:01.480:
0x1C1C , 534 
0x2020 , 532 
0x3E3E , 533 
0x4D4D , 559 
0x6E6E , 510 

10:40:02.230:
0x1C1C , 531 
0x2020 , 533 
0x3E3E , 537 
0x4D4D , 567 
0x6E6E , 0 

10:40:02.995:
0x1C1C , 526 
0x2020 , 536 
0x3E3E , 537 
0x4D4D , 560 
0x6E6E , 510 

10:40:03.792:
0x1C1C , 533 
0x2020 , 0 
0x3E3E , 0 
0x4D4D , 0 
0x6E6E , 0 

10:40:04.511:
0x1C1C , 0 
0x2020 , 522 
0x3E3E , 0 
0x4D4D , 565 
10:40:04.527:

0x6E6E , 0 

10:40:05.245:
0x1C1C , 0 
0x202
10:40:05.261:
0 , 530 
0x3E3E , 0 
0x4D4D , 555 
0x6E6E , 0 

10:40:06.027:
0x1C1C , 536 
0x2020 ,
10:40:06.042:
 531 
0x3E3E , 537 
0x4D4D , 549 
0x6E6E , 0 

10:40:06.808:
0x1C1C , 541 
0x2020 , 519 

10:40:06.823:
0x3E3E , 533 
0x4D4D , 571 
0x6E6E , 510 
