0x1C1C , 720 
0x2020 , 0 
0x3E3E , 725 
0x4D4D , 742 
0x6E6E , 0 
0x1C1C , 722 
0x2020 , 721 
0x3E3E , 717 
0x4D4D , 744 
0x6E6E , 711 
0x1C1C , 722 
0x2020 , 723 
0x3E3E , 714 
0x4D4D , 742 
0x6E6E , 0 
0x1C1C , 720 
0x2020 , 0 
0x3E3E , 721 
0x4D4D , 739 
0x6E6E , 704 
0x1C1C , 0 
0x2020 , 0 
0x3E3E , 725 
0x4D4D , 743 
0x6E6E , 0 
0x1C1C , 0 
0x2020 , 0 
0x3E3E , 719 
0x4D4D , 747 
0x6E6E , 711 
0x1C1C , 720 
0x2020 , 0 
0x3E3E , 719 
0x4D4D , 741 
0x6E6E , 0 
0x1C1C , 0 
0x2020 , 720 
0x3E3E , 718 
0x4D4D , 748 
0x6E6E , 718 
0x1C1C , 720 
0x2020 , 0 
0x3E3E , 0 
0x4D4D , 742 
0x6E6E , 0 
0x1C1C , 724 
0x2020 , 0 
0x3E3E , 722 
0x4D4D , 740 
0x6E6E , 705 
0x1C1C , 0 
0x2020 , 0 
0x3E3E , 716 
0x4D4D , 738 
0x6E6E , 0 
0x1C1C , 0 
0x2020 , 0 
0x3E3E , 723 
0x4D4D , 738 
0x6E6E , 704 
0x1C1C , 0 
0x2020 , 0 
0x3E3E , 715 
0x4D4D , 736 
0x6E6E , 0 
0x1C1C , 0 
0x2020 , 735 
0x3E3E , 708 
0x4D4D , 725 
0x6E6E , 0 
0x1C1C , 0 
0x2020 , 727 
0x3E3E , 709 
0x4D4D , 730 
0x6E6E , 719 
0x1C1C , 0 
0x2020 , 728 
0x3E3E , 707 
0x4D4D , 0 
0x6E6E , 0 
0x1C1C , 0 
0x2020 , 0 
0x3E3E , 0 
0x4D4D , 745 
0x6E6E , 0 
0x1C1C , 0 
0x2020 , 0 
0x3E3E , 0 
0x4D4D , 751 
0x6E6E , 0 
0x1C1C , 725 
0x2020 , 713 
0x3E3E , 724 
0x4D4D , 741 
0x6E6E , 0 
0x1C1C , 718 
0x2020 , 714 
0x3E3E , 722 
0x4D4D , 744 
0x6E6E , 720 
0x1C1C , 722 
0x2020 , 0 
0x3E3E , 0 
0x4D4D , 0 
0x6E6E , 0 
0x1C1C , 0 
0x2020 , 716 
0x3E3E , 0 
0x4D4D , 742 
0x6E6E , 0 
0x1C1C , 0 
0x2020 , 0 
0x3E3E , 0 
0x4D4D , 742 
0x6E6E , 0 
0x1C1C , 723 
0x2020 , 718 
0x3E3E , 719 
0x4D4D , 746 
0x6E6E , 0 
0x1C1C , 0 
0x2020 , 0 
0x3E3E , 719 
0x4D4D , 749 
0x6E6E , 706 
0x1C1C , 0 
0x2020 , 0 
0x3E3E , 723 
0x4D4D , 744 
0x6E6E , 0 
0x1C1C , 0 
0x2020 , 714 
0x3E3E , 717 
0x4D4D , 740 
0x6E6E , 0 
0x1C1C , 0 
0x2020 , 0 
0x3E3E , 718 
0x4D4D , 749 
0x6E6E , 704 
0x1C1C , 0 
0x2020 , 0 
0x3E3E , 720 
0x4D4D , 751 
0x6E6E , 0 
0x1C1C , 0 
0x2020 , 0 
0x3E3E , 727 
0x4D4D , 749 
0x6E6E , 711 
0x1C1C , 720 
0x2020 , 0 
0x3E3E , 724 
0x4D4D , 750 
0x6E6E , 0 
0x1C1C , 0 
0x2020 , 0 
0x3E3E , 719 
0x4D4D , 749 
0x6E6E , 708 
0x1C1C , 0 
0x2020 , 0 
0x3E3E , 721 
0x4D4D , 745 
0x6E6E , 0 
0x1C1C , 0 
0x2020 , 0 
0x3E3E , 723 
0x4D4D , 748 
0x6E6E , 713 
0x1C1C , 0 
0x2020 , 0 
0x3E3E , 724 
0x4D4D , 741 
0x6E6E , 0 
0x1C1C , 0 
0x2020 , 0 
0x3E3E , 722 
0x4D4D , 749 
0x6E6E , 708 
0x1C1C , 725 
0x2020 , 0 
0x3E3E , 727 
0x4D4D , 745 
0x6E6E , 0 
0x1C1C , 724 
0x2020 , 0 
0x3E3E , 723 
0x4D4D , 747 
0x6E6E , 710 
0x1C1C , 721 
0x2020 , 0 
0x3E3E , 726 
0x4D4D , 744 
0x6E6E , 0 
0x1C1C , 0 
0x2020 , 0 
0x3E3E , 722 
0x4D4D , 748 
0x6E6E , 0 
0x1C1C , 0 
0x2020 , 0 
0x3E3E , 721 
0x4D4D , 738 
0x6E6E , 709 
0x1C1C , 723 
0x2020 , 0 
0x3E3E , 724 
0x4D4D , 742 
0x6E6E , 0 
0x1C1C , 721 
0x2020 , 0 
0x3E3E , 724 
0x4D4D , 741 
0x6E6E , 711 
0x1C1C , 723 
0x2020 , 723 
0x3E3E , 721 
0x4D4D , 744 
0x6E6E , 0 
0x1C1C , 726 
0x2020 , 721 
0x3E3E , 721 
0x4D4D , 740 
0x6E6E , 711 
0x1C1C , 719 
0x2020 , 717 
0x3E3E , 724 
0x4D4D , 741 
0x6E6E , 0 
0x1C1C , 726 
0x2020 , 719 
0x3E3E , 723 
0x4D4D , 746 
0x6E6E , 711 
0x1C1C , 722 
0x2020 , 722 
0x3E3E , 721 
0x4D4D , 744 
0x6E6E , 0 
0x1C1C , 721 
0x2020 , 724 
0x3E3E , 718 
0x4D4D , 742 
0x6E6E , 707 
0x1C1C , 724 
0x2020 , 0 
0x3E3E , 720 
0x4D4D , 743 
0x6E6E , 0 
0x1C1C , 727 
0x2020 , 0 
0x3E3E , 721 
0x4D4D , 743 
0x6E6E , 713 
0x1C1C , 726 
0x2020 , 0 
0x3E3E , 721 
0x4D4D , 749 
0x6E6E , 0 
0x1C1C , 726 
0x2020 , 726 
0x3E3E , 718 
0x4D4D , 745 
0x6E6E , 0 
0x1C1C , 727 
0x2020 , 0 
0x3E3E , 722 
0x4D4D , 743 
0x6E6E , 711 
0x1C1C , 726 
0x2020 , 0 
0x3E3E , 721 
0x4D4D , 742 
0x6E6E , 0 
0x1C1C , 724 
0x2020 , 0 
0x3E3E , 723 
0x4D4D , 745 
0x6E6E , 707 
0x1C1C , 0 
0x2020 , 0 
0x3E3E , 719 
0x4D4D , 744 
0x6E6E , 0 
0x1C1C , 723 
0x2020 , 722 
0x3E3E , 715 
0x4D4D , 746 
0x6E6E , 711 
0x1C1C , 722 
0x2020 , 720 
0x3E3E , 718 
0x4D4D , 741 
0x6E6E , 0 
0x1C1C , 727 
0x2020 , 719 
0x3E3E , 718 
0x4D4D , 747 
0x6E6E , 707 
0x1C1C , 724 
0x2020 , 721 
0x3E3E , 721 
0x4D4D , 750 
0x6E6E , 0 
0x1C1C , 728 
0x2020 , 726 
0x3E3E , 722 
0x4D4D , 743 
0x6E6E , 708 
0x1C1C , 727 
0x2020 , 727 
0x3E3E , 719 
0x4D4D , 742 
0x6E6E , 0 
0x1C1C , 724 
0x2020 , 722 
0x3E3E , 719 
0x4D4D , 741 
0x6E6E , 0 
0x1C1C , 726 
0x2020 , 720 
0x3E3E , 721 
0x4D4D , 746 
0x6E6E , 703 
0x1C1C , 725 
0x2020 , 715 
0x3E3E , 721 
0x4D4D , 744 
0x6E6E , 706 
0x1C1C , 724 
0x2020 , 0 
0x3E3E , 718 
0x4D4D , 745 
0x6E6E , 0 
0x1C1C , 727 
0x2020 , 718 
0x3E3E , 719 
0x4D4D , 746 
0x6E6E , 704 
0x1C1C , 727 
0x2020 , 724 
0x3E3E , 723 
0x4D4D , 742 
0x6E6E , 0 
0x1C1C , 724 
0x2020 , 720 
0x3E3E , 721 
0x4D4D , 749 
0x6E6E , 707 
0x1C1C , 724 
0x2020 , 718 
0x3E3E , 721 
0x4D4D , 746 
0x6E6E , 0 
0x1C1C , 726 
0x2020 , 722 
0x3E3E , 718 
0x4D4D , 745 
0x6E6E , 704 
0x1C1C , 723 
0x2020 , 727 
0x3E3E , 719 
0x4D4D , 745 
0x6E6E , 0 
0x1C1C , 725 
0x2020 , 723 
0x3E3E , 721 
0x4D4D , 748 
0x6E6E , 709 
0x1C1C , 722 
0x2020 , 719 
0x3E3E , 719 
0x4D4D , 747 
0x6E6E , 0 
0x1C1C , 726 
0x2020 , 724 
0x3E3E , 720 
0x4D4D , 749 
0x6E6E , 707 
0x1C1C , 724 
0x2020 , 722 
0x3E3E , 718 
0x4D4D , 741 
0x6E6E , 0 
0x1C1C , 723 
0x2020 , 713 
0x3E3E , 720 
0x4D4D , 742 
0x6E6E , 706 
0x1C1C , 727 
0x2020 , 723 
0x3E3E , 721 
0x4D4D , 748 
0x6E6E , 711 
0x1C1C , 726 
0x2020 , 720 
0x3E3E , 721 
0x4D4D , 739 
0x6E6E , 0 
0x1C1C , 726 
0x2020 , 719 
0x3E3E , 721 
0x4D4D , 744 
0x6E6E , 704 
0x1C1C , 724 
0x2020 , 722 
0x3E3E , 716 
0x4D4D , 744 
0x6E6E , 0 
0x1C1C , 727 
0x2020 , 719 
0x3E3E , 718 
0x4D4D , 748 
0x6E6E , 706 
0x1C1C , 725 
0x2020 , 719 
0x3E3E , 722 
0x4D4D , 745 
0x6E6E , 0 
0x1C1C , 723 
0x2020 , 718 
0x3E3E , 721 
0x4D4D , 751 
0x6E6E , 709 
0x1C1C , 724 
0x2020 , 724 
0x3E3E , 723 
0x4D4D , 747 
0x6E6E , 0 
0x1C1C , 726 
0x2020 , 718 
0x3E3E , 719 
0x4D4D , 742 
0x6E6E , 703 
0x1C1C , 726 
0x2020 , 719 
0x3E3E , 721 
0x4D4D , 744 
0x6E6E , 0 
0x1C1C , 725 
0x2020 , 720 
0x3E3E , 720 
0x4D4D , 747 
0x6E6E , 706 
0x1C1C , 726 
0x2020 , 719 
0x3E3E , 721 
0x4D4D , 746 
0x6E6E , 0 
0x1C1C , 725 
0x2020 , 718 
0x3E3E , 722 
0x4D4D , 745 
0x6E6E , 707 
0x1C1C , 724 
0x2020 , 722 
0x3E3E , 720 
0x4D4D , 750 
0x6E6E , 702 
0x1C1C , 725 
0x2020 , 721 
0x3E3E , 720 
0x4D4D , 749 
0x6E6E , 0 
0x1C1C , 723 
0x2020 , 719 
0x3E3E , 720 
0x4D4D , 747 
0x6E6E , 706 
0x1C1C , 725 
0x2020 , 718 
0x3E3E , 720 
0x4D4D , 744 
0x6E6E , 0 
0x1C1C , 725 
0x2020 , 725 
0x3E3E , 718 
0x4D4D , 738 
0x6E6E , 703 
0x1C1C , 724 
0x2020 , 723 
0x3E3E , 720 
0x4D4D , 741 
0x6E6E , 0 
0x1C1C , 726 
0x2020 , 715 
0x3E3E , 721 
0x4D4D , 743 
0x6E6E , 713 
0x1C1C , 726 
0x2020 , 725 
0x3E3E , 722 
0x4D4D , 744 
0x6E6E , 0 
0x1C1C , 726 
0x2020 , 723 
0x3E3E , 720 
0x4D4D , 742 
0x6E6E , 710 
0x1C1C , 726 
0x2020 , 717 
0x3E3E , 716 
0x4D4D , 746 
0x6E6E , 0 
0x1C1C , 726 
0x2020 , 717 
0x3E3E , 724 
0x4D4D , 746 
0x6E6E , 705 
0x1C1C , 725 
0x2020 , 719 
0x3E3E , 718 
0x4D4D , 741 
0x6E6E , 0 
0x1C1C , 727 
0x2020 , 0 
0x3E3E , 718 
0x4D4D , 744 
0x6E6E , 710 
0x1C1C , 726 
0x2020 , 719 
0x3E3E , 721 
0x4D4D , 743 
0x6E6E , 707 
0x1C1C , 722 
0x2020 , 716 
0x3E3E , 717 
0x4D4D , 753 
0x6E6E , 0 
0x1C1C , 726 
0x2020 , 723 
0x3E3E , 717 
0x4D4D , 748 
0x6E6E , 705 
0x1C1C , 726 
0x2020 , 720 
0x3E3E , 718 
0x4D4D , 746 
0x6E6E , 0 
0x1C1C , 726 
0x2020 , 719 
0x3E3E , 719 
0x4D4D , 745 
0x6E6E , 710 
0x1C1C , 728 
0x2020 , 720 
0x3E3E , 721 
0x4D4D , 742 
0x6E6E , 0 
0x1C1C , 728 
0x2020 , 0 
0x3E3E , 719 
0x4D4D , 746 
0x6E6E , 704 
0x1C1C , 722 
0x2020 , 716 
0x3E3E , 719 
0x4D4D , 748 
0x6E6E , 0 
0x1C1C , 723 
0x2020 , 0 
0x3E3E , 718 
0x4D4D , 742 
0x6E6E , 707 
0x1C1C , 723 
0x2020 , 718 
0x3E3E , 714 
0x4D4D , 741 
0x6E6E , 0 
0x1C1C , 721 
0x2020 , 0 
0x3E3E , 721 
0x4D4D , 747 
0x6E6E , 705 
0x1C1C , 723 
0x2020 , 714 
0x3E3E , 718 
0x4D4D , 748 
0x6E6E , 0 
0x1C1C , 726 
0x2020 , 0 
0x3E3E , 718 
0x4D4D , 742 
0x6E6E , 708 
0x1C1C , 727 
0x2020 , 717 
0x3E3E , 715 
0x4D4D , 742 
0x6E6E , 708 
0x1C1C , 722 
0x2020 , 717 
0x3E3E , 721 
0x4D4D , 746 
0x6E6E , 0 
0x1C1C , 725 
0x2020 , 721 
0x3E3E , 718 
0x4D4D , 747 
0x6E6E , 704 
0x1C1C , 722 
0x2020 , 718 
0x3E3E , 719 
0x4D4D , 746 
0x6E6E , 0 
0x1C1C , 721 
0x2020 , 714 
0x3E3E , 718 
0x4D4D , 747 
0x6E6E , 0 
0x1C1C , 724 
0x2020 , 0 
0x3E3E , 719 
0x4D4D , 743 
0x6E6E , 707 
0x1C1C , 726 
0x2020 , 721 
0x3E3E , 719 
0x4D4D , 746 
0x6E6E , 0 
0x1C1C , 723 
0x2020 , 0 
0x3E3E , 715 
0x4D4D , 747 
0x6E6E , 705 
0x1C1C , 720 
0x2020 , 714 
0x3E3E , 718 
0x4D4D , 748 
0x6E6E , 0 
0x1C1C , 725 
0x2020 , 0 
0x3E3E , 719 
0x4D4D , 742 
0x6E6E , 707 
0x1C1C , 721 
0x2020 , 719 
0x3E3E , 722 
0x4D4D , 746 
0x6E6E , 0 
0x1C1C , 722 
0x2020 , 0 
0x3E3E , 716 
0x4D4D , 745 
0x6E6E , 710 
0x1C1C , 730 
0x2020 , 718 
0x3E3E , 717 
0x4D4D , 745 
0x6E6E , 705 
0x1C1C , 725 
0x2020 , 722 
0x3E3E , 718 
0x4D4D , 747 
0x6E6E , 0 
0x1C1C , 726 
0x2020 , 720 
0x3E3E , 720 
0x4D4D , 745 
0x6E6E , 705 
0x1C1C , 718 
0x2020 , 719 
0x3E3E , 717 
0x4D4D , 744 
0x6E6E , 0 
0x1C1C , 725 
0x2020 , 718 
0x3E3E , 718 
0x4D4D , 744 
0x6E6E , 713 
0x1C1C , 723 
0x2020 , 717 
0x3E3E , 720 
0x4D4D , 742 
0x6E6E , 0 
0x1C1C , 721 
0x2020 , 0 
0x3E3E , 719 
0x4D4D , 745 
0x6E6E , 704 
0x1C1C , 724 
0x2020 , 716 
0x3E3E , 719 
0x4D4D , 743 
0x6E6E , 0 
0x1C1C , 721 
0x2020 , 0 
0x3E3E , 720 
0x4D4D , 747 
0x6E6E , 707 
0x1C1C , 724 
0x2020 , 717 
0x3E3E , 719 
0x4D4D , 748 
0x6E6E , 0 
0x1C1C , 721 
0x2020 , 0 
0x3E3E , 718 
0x4D4D , 745 
0x6E6E , 706 
0x1C1C , 727 
0x2020 , 723 
0x3E3E , 719 
0x4D4D , 745 
0x6E6E , 0 
0x1C1C , 720 
0x2020 , 0 
0x3E3E , 719 
0x4D4D , 742 
0x6E6E , 710 
0x1C1C , 725 
0x2020 , 720 
0x3E3E , 719 
0x4D4D , 743 
0x6E6E , 706 
0x1C1C , 726 
0x2020 , 718 
0x3E3E , 719 
0x4D4D , 742 
0x6E6E , 0 
0x1C1C , 726 
0x2020 , 716 
0x3E3E , 721 
0x4D4D , 751 
0x6E6E , 705 
0x1C1C , 724 
0x2020 , 718 
0x3E3E , 717 
0x4D4D , 744 
0x6E6E , 0 
0x1C1C , 721 
0x2020 , 721 
0x3E3E , 719 
0x4D4D , 746 
0x6E6E , 703 
0x1C1C , 724 
0x2020 , 715 
0x3E3E , 719 
0x4D4D , 740 
0x6E6E , 0 
0x1C1C , 722 
0x2020 , 0 
0x3E3E , 719 
0x4D4D , 744 
0x6E6E , 705 
0x1C1C , 722 
0x2020 , 714 
0x3E3E , 717 
0x4D4D , 742 
0x6E6E , 0 
0x1C1C , 724 
0x2020 , 0 
0x3E3E , 719 
0x4D4D , 747 
0x6E6E , 707 
0x1C1C , 722 
0x2020 , 720 
0x3E3E , 716 
0x4D4D , 742 
0x6E6E , 0 
0x1C1C , 725 
0x2020 , 0 
0x3E3E , 717 
0x4D4D , 744 
0x6E6E , 705 
0x1C1C , 726 
0x2020 , 715 
0x3E3E , 715 
0x4D4D , 751 
0x6E6E , 0 
0x1C1C , 722 
0x2020 , 0 
0x3E3E , 719 
0x4D4D , 743 
0x6E6E , 706 
0x1C1C , 724 
0x2020 , 719 
0x3E3E , 716 
0x4D4D , 745 
0x6E6E , 705 
0x1C1C , 724 
0x2020 , 719 
0x3E3E , 721 
0x4D4D , 743 
0x6E6E , 705 
0x1C1C , 721 
0x2020 , 721 
0x3E3E , 721 
0x4D4D , 743 
0x6E6E , 0 
0x1C1C , 719 
0x2020 , 719 
0x3E3E , 716 
0x4D4D , 742 
0x6E6E , 704 
0x1C1C , 724 
0x2020 , 721 
0x3E3E , 717 
0x4D4D , 742 
0x6E6E , 0 
0x1C1C , 725 
0x2020 , 722 
0x3E3E , 717 
0x4D4D , 742 
0x6E6E , 708 
0x1C1C , 727 
0x2020 , 716 
0x3E3E , 719 
0x4D4D , 745 
0x6E6E , 0 
0x1C1C , 720 
0x2020 , 718 
0x3E3E , 716 
0x4D4D , 739 
0x6E6E , 707 
0x1C1C , 725 
0x2020 , 718 
0x3E3E , 717 
0x4D4D , 747 
0x6E6E , 0 
0x1C1C , 727 
0x2020 , 0 
0x3E3E , 724 
0x4D4D , 743 
0x6E6E , 713 
0x1C1C , 717 
0x2020 , 713 
0x3E3E , 717 
0x4D4D , 739 
0x6E6E , 0 
0x1C1C , 725 
0x2020 , 0 
0x3E3E , 717 
0x4D4D , 742 
0x6E6E , 706 
0x1C1C , 724 
0x2020 , 723 
0x3E3E , 713 
0x4D4D , 744 
0x6E6E , 0 
0x1C1C , 725 
0x2020 , 712 
0x3E3E , 719 
0x4D4D , 741 
0x6E6E , 0 
0x1C1C , 724 
0x2020 , 0 
0x3E3E , 720 
0x4D4D , 745 
0x6E6E , 711 
0x1C1C , 727 
0x2020 , 717 
0x3E3E , 718 
0x4D4D , 748 
0x6E6E , 0 
0x1C1C , 728 
0x2020 , 0 
0x3E3E , 720 
0x4D4D , 743 
0x6E6E , 709 
0x1C1C , 724 
0x2020 , 724 
0x3E3E , 719 
0x4D4D , 742 
0x6E6E , 0 
0x1C1C , 724 
0x2020 , 0 
0x3E3E , 719 
0x4D4D , 743 
0x6E6E , 709 
0x1C1C , 721 
0x2020 , 717 
0x3E3E , 717 
0x4D4D , 749 
0x6E6E , 0 
0x1C1C , 0 
0x2020 , 0 
0x3E3E , 0 
0x4D4D , 0 
0x6E6E , 0 
0x1C1C , 725 
0x2020 , 716 
0x3E3E , 720 
0x4D4D , 744 
0x6E6E , 707 
0x1C1C , 724 
0x2020 , 0 
0x3E3E , 718 
0x4D4D , 748 
0x6E6E , 0 
0x1C1C , 722 
0x2020 , 717 
0x3E3E , 723 
0x4D4D , 745 
0x6E6E , 706 
0x1C1C , 727 
0x2020 , 0 
0x3E3E , 0 
0x4D4D , 0 
0x6E6E , 0 
0x1C1C , 0 
0x2020 , 0 
0x3E3E , 715 
0x4D4D , 0 
0x6E6E , 0 
0x1C1C , 726 
0x2020 , 724 
0x3E3E , 718 
0x4D4D , 747 
0x6E6E , 0 
0x1C1C , 726 
0x2020 , 0 
0x3E3E , 721 
0x4D4D , 744 
0x6E6E , 712 
0x1C1C , 726 
0x2020 , 714 
0x3E3E , 720 
0x4D4D , 741 
0x6E6E , 0 
0x1C1C , 723 
0x2020 , 0 
0x3E3E , 716 
0x4D4D , 743 
0x6E6E , 705 
0x1C1C , 719 
0x2020 , 719 
0x3E3E , 713 
0x4D4D , 742 
0x6E6E , 0 
0x1C1C , 722 
0x2020 , 0 
0x3E3E , 719 
0x4D4D , 747 
0x6E6E , 705 
0x1C1C , 722 
0x2020 , 712 
0x3E3E , 717 
0x4D4D , 736 
0x6E6E , 0 
0x1C1C , 722 
0x2020 , 0 
0x3E3E , 719 
0x4D4D , 745 
0x6E6E , 708 
0x1C1C , 723 
0x2020 , 718 
0x3E3E , 714 
0x4D4D , 744 
0x6E6E , 0 
0x1C1C , 719 
0x2020 , 0 
0x3E3E , 712 
0x4D4D , 743 
0x6E6E , 709 
0x1C1C , 721 
0x2020 , 719 
0x3E3E , 719 
0x4D4D , 742 
0x6E6E , 0 
0x1C1C , 727 
0x2020 , 0 
0x3E3E , 717 
0x4D4D , 742 
0x6E6E , 702 
0x1C1C , 724 
0x2020 , 717 
0x3E3E , 716 
0x4D4D , 742 
0x6E6E , 0 
0x1C1C , 724 
0x2020 , 717 
0x3E3E , 718 
0x4D4D , 742 
0x6E6E , 0 
0x1C1C , 0 
0x2020 , 0 
0x3E3E , 0 
0x4D4D , 0 
0x6E6E , 0 
0x1C1C , 725 
0x2020 , 723 
0x3E3E , 721 
0x4D4D , 747 
0x6E6E , 706 
0x1C1C , 725 
0x2020 , 0 
0x3E3E , 715 
0x4D4D , 740 
0x6E6E , 0 
0x1C1C , 726 
0x2020 , 716 
0x3E3E , 719 
0x4D4D , 744 
0x6E6E , 711 
0x1C1C , 722 
0x2020 , 0 
0x3E3E , 0 
0x4D4D , 0 
0x6E6E , 0 
0x1C1C , 0 
0x2020 , 0 
0x3E3E , 720 
0x4D4D , 0 
0x6E6E , 0 
0x1C1C , 0 
0x2020 , 0 
0x3E3E , 718 
0x4D4D , 0 
0x6E6E , 0 
0x1C1C , 723 
0x2020 , 719 
0x3E3E , 717 
0x4D4D , 744 
0x6E6E , 0 
0x1C1C , 726 
0x2020 , 0 
0x3E3E , 717 
0x4D4D , 749 
0x6E6E , 711 
0x1C1C , 724 
0x2020 , 719 
0x3E3E , 717 
0x4D4D , 745 
0x6E6E , 0 
0x1C1C , 723 
0x2020 , 0 
0x3E3E , 716 
0x4D4D , 741 
0x6E6E , 706 
0x1C1C , 722 
0x2020 , 0 
0x3E3E , 717 
0x4D4D , 743 
0x6E6E , 708 
0x1C1C , 724 
0x2020 , 721 
0x3E3E , 717 
0x4D4D , 740 
0x6E6E , 0 
0x1C1C , 723 
0x2020 , 0 
0x3E3E , 718 
0x4D4D , 742 
0x6E6E , 706 
0x1C1C , 724 
0x2020 , 718 
0x3E3E , 718 
0x4D4D , 746 
0x6E6E , 0 
0x1C1C , 724 
0x2020 , 0 
0x3E3E , 719 
0x4D4D , 743 
0x6E6E , 707 
0x1C1C , 724 
0x2020 , 711 
0x3E3E , 714 
0x4D4D , 745 
0x6E6E , 0 
0x1C1C , 723 
0x2020 , 0 
0x3E3E , 716 
0x4D4D , 743 
0x6E6E , 707 
0x1C1C , 728 
0x2020 , 714 
0x3E3E , 718 
0x4D4D , 746 
0x6E6E , 0 
0x1C1C , 722 
0x2020 , 0 
0x3E3E , 713 
0x4D4D , 747 
0x6E6E , 702 
0x1C1C , 722 
0x2020 , 714 
0x3E3E , 714 
0x4D4D , 746 
0x6E6E , 0 
0x1C1C , 721 
0x2020 , 0 
0x3E3E , 719 
0x4D4D , 744 
0x6E6E , 707 
0x1C1C , 726 
0x2020 , 719 
0x3E3E , 715 
0x4D4D , 742 
0x6E6E , 0 
0x1C1C , 724 
0x2020 , 0 
0x3E3E , 717 
0x4D4D , 747 
0x6E6E , 706 
0x1C1C , 722 
0x2020 , 0 
0x3E3E , 714 
0x4D4D , 741 
0x6E6E , 711 
0x1C1C , 727 
0x2020 , 720 
0x3E3E , 716 
0x4D4D , 741 
0x6E6E , 0 
0x1C1C , 728 
0x2020 , 0 
0x3E3E , 719 
0x4D4D , 744 
0x6E6E , 708 
0x1C1C , 725 
0x2020 , 712 
0x3E3E , 715 
0x4D4D , 750 
0x6E6E , 0 
0x1C1C , 727 
0x2020 , 0 
0x3E3E , 713 
0x4D4D , 744 
0x6E6E , 704 
0x1C1C , 725 
0x2020 , 717 
0x3E3E , 718 
0x4D4D , 742 
0x6E6E , 0 
0x1C1C , 724 
0x2020 , 0 
0x3E3E , 714 
0x4D4D , 742 
0x6E6E , 708 
0x1C1C , 725 
0x2020 , 716 
0x3E3E , 716 
0x4D4D , 742 
0x6E6E , 0 
0x1C1C , 726 
0x2020 , 0 
0x3E3E , 717 
0x4D4D , 741 
0x6E6E , 704 
0x1C1C , 728 
0x2020 , 720 
0x3E3E , 713 
0x4D4D , 744 
0x6E6E , 0 
0x1C1C , 725 
0x2020 , 0 
0x3E3E , 717 
0x4D4D , 740 
0x6E6E , 708 
0x1C1C , 721 
0x2020 , 713 
0x3E3E , 717 
0x4D4D , 743 
0x6E6E , 0 
0x1C1C , 722 
0x2020 , 0 
0x3E3E , 718 
0x4D4D , 746 
0x6E6E , 708 
0x1C1C , 726 
0x2020 , 718 
0x3E3E , 719 
0x4D4D , 745 
0x6E6E , 704 
0x1C1C , 726 
0x2020 , 0 
0x3E3E , 719 
0x4D4D , 746 
0x6E6E , 0 
0x1C1C , 724 
0x2020 , 715 
0x3E3E , 714 
0x4D4D , 747 
0x6E6E , 702 
0x1C1C , 721 
0x2020 , 0 
0x3E3E , 718 
0x4D4D , 745 
0x6E6E , 0 
0x1C1C , 725 
0x2020 , 717 
0x3E3E , 714 
0x4D4D , 748 
0x6E6E , 707 
0x1C1C , 725 
0x2020 , 0 
0x3E3E , 718 
0x4D4D , 745 
0x6E6E , 0 
0x1C1C , 726 
0x2020 , 722 
0x3E3E , 719 
0x4D4D , 750 
0x6E6E , 710 
0x1C1C , 723 
0x2020 , 0 
0x3E3E , 715 
0x4D4D , 742 
0x6E6E , 0 
0x1C1C , 728 
0x2020 , 718 
0x3E3E , 719 
0x4D4D , 739 
0x6E6E , 701 
0x1C1C , 726 
0x2020 , 0 
0x3E3E , 715 
0x4D4D , 742 
0x6E6E , 0 
0x1C1C , 724 
0x2020 , 717 
0x3E3E , 717 
0x4D4D , 746 
0x6E6E , 705 
0x1C1C , 725 
0x2020 , 0 
0x3E3E , 719 
0x4D4D , 738 
0x6E6E , 0 
0x1C1C , 727 
0x2020 , 720 
0x3E3E , 719 
0x4D4D , 743 
0x6E6E , 706 
0x1C1C , 722 
0x2020 , 716 
0x3E3E , 717 
0x4D4D , 747 
0x6E6E , 706 
0x1C1C , 724 
0x2020 , 0 
0x3E3E , 716 
0x4D4D , 749 
0x6E6E , 0 
0x1C1C , 724 
0x2020 , 715 
0x3E3E , 720 
0x4D4D , 738 
0x6E6E , 706 
0x1C1C , 724 
0x2020 , 0 
0x3E3E , 713 
0x4D4D , 747 
0x6E6E , 0 
0x1C1C , 724 
0x2020 , 723 
0x3E3E , 713 
0x4D4D , 742 
0x6E6E , 709 
0x1C1C , 727 
0x2020 , 0 
0x3E3E , 720 
0x4D4D , 745 
0x6E6E , 0 
0x1C1C , 724 
0x2020 , 719 
0x3E3E , 718 
0x4D4D , 742 
0x6E6E , 708 
0x1C1C , 726 
0x2020 , 0 
0x3E3E , 718 
0x4D4D , 740 
0x6E6E , 0 
0x1C1C , 722 
0x2020 , 718 
0x3E3E , 718 
0x4D4D , 744 
0x6E6E , 711 
0x1C1C , 721 
0x2020 , 0 
0x3E3E , 716 
0x4D4D , 747 
0x6E6E , 0 
0x1C1C , 720 
0x2020 , 717 
0x3E3E , 715 
0x4D4D , 742 
0x6E6E , 707 
0x1C1C , 724 
0x2020 , 0 
0x3E3E , 714 
0x4D4D , 742 
0x6E6E , 0 
0x1C1C , 720 
0x2020 , 720 
0x3E3E , 717 
0x4D4D , 750 
0x6E6E , 711 
0x1C1C , 727 
0x2020 , 0 
0x3E3E , 716 
0x4D4D , 743 
0x6E6E , 703 
0x1C1C , 723 
0x2020 , 716 
0x3E3E , 716 
0x4D4D , 743 
0x6E6E , 0 
0x1C1C , 719 
0x2020 , 0 
0x3E3E , 724 
0x4D4D , 743 
0x6E6E , 707 
0x1C1C , 725 
0x2020 , 719 
0x3E3E , 724 
0x4D4D , 737 
0x6E6E , 0 
0x1C1C , 731 
0x2020 , 720 
0x3E3E , 714 
0x4D4D , 740 
0x6E6E , 704 
0x1C1C , 724 
0x2020 , 0 
0x3E3E , 718 
0x4D4D , 742 
0x6E6E , 0 
0x1C1C , 727 
0x2020 , 714 
0x3E3E , 714 
0x4D4D , 748 
0x6E6E , 713 
0x1C1C , 723 
0x2020 , 0 
0x3E3E , 716 
0x4D4D , 744 
0x6E6E , 0 
0x1C1C , 725 
0x2020 , 713 
0x3E3E , 715 
0x4D4D , 746 
0x6E6E , 710 
0x1C1C , 721 
0x2020 , 0 
0x3E3E , 715 
0x4D4D , 747 
0x6E6E , 0 
0x1C1C , 724 
0x2020 , 726 
0x3E3E , 712 
0x4D4D , 745 
0x6E6E , 711 
0x1C1C , 726 
0x2020 , 0 
0x3E3E , 713 
0x4D4D , 735 
0x6E6E , 0 
0x1C1C , 722 
0x2020 , 716 
0x3E3E , 716 
0x4D4D , 742 
0x6E6E , 709 
0x1C1C , 720 
0x2020 , 713 
0x3E3E , 713 
0x4D4D , 738 
0x6E6E , 707 
0x1C1C , 722 
0x2020 , 0 
0x3E3E , 715 
0x4D4D , 742 
0x6E6E , 0 
0x1C1C , 727 
0x2020 , 716 
0x3E3E , 716 
0x4D4D , 744 
0x6E6E , 711 
0x1C1C , 0 
0x2020 , 0 
0x3E3E , 0 
0x4D4D , 0 
0x6E6E , 0 
0x1C1C , 722 
0x2020 , 0 
0x3E3E , 718 
0x4D4D , 741 
0x6E6E , 706 
0x1C1C , 722 
0x2020 , 0 
0x3E3E , 713 
0x4D4D , 743 
0x6E6E , 0 
0x1C1C , 719 
0x2020 , 0 
0x3E3E , 717 
0x4D4D , 749 
0x6E6E , 708 
0x1C1C , 726 
0x2020 , 719 
0x3E3E , 714 
0x4D4D , 740 
0x6E6E , 0 
0x1C1C , 719 
0x2020 , 0 
0x3E3E , 716 
0x4D4D , 738 
0x6E6E , 712 
0x1C1C , 725 
0x2020 , 716 
0x3E3E , 715 
0x4D4D , 747 
0x6E6E , 0 
0x1C1C , 723 
0x2020 , 0 
0x3E3E , 713 
0x4D4D , 739 
0x6E6E , 709 
0x1C1C , 725 
0x2020 , 714 
0x3E3E , 712 
0x4D4D , 740 
0x6E6E , 0 
0x1C1C , 724 
0x2020 , 719 
0x3E3E , 715 
0x4D4D , 747 
0x6E6E , 0 
0x1C1C , 725 
0x2020 , 0 
0x3E3E , 715 
0x4D4D , 745 
0x6E6E , 706 
0x1C1C , 722 
0x2020 , 713 
0x3E3E , 716 
0x4D4D , 741 
0x6E6E , 0 
0x1C1C , 725 
0x2020 , 0 
0x3E3E , 716 
0x4D4D , 742 
0x6E6E , 705 
0x1C1C , 728 
0x2020 , 713 
0x3E3E , 717 
0x4D4D , 742 
0x6E6E , 0 
0x1C1C , 726 
0x2020 , 0 
0x3E3E , 714 
0x4D4D , 744 
0x6E6E , 704 
0x1C1C , 727 
0x2020 , 712 
0x3E3E , 715 
0x4D4D , 744 
0x6E6E , 0 
0x1C1C , 724 
0x2020 , 0 
0x3E3E , 719 
0x4D4D , 751 
0x6E6E , 703 
0x1C1C , 723 
0x2020 , 717 
0x3E3E , 712 
0x4D4D , 743 
0x6E6E , 0 
